[2022-08-04 07:47:39,743] {taskinstance.py:1032} INFO - Dependencies all met for <TaskInstance: data_ingestion_gcs_dag.download_dataset_task scheduled__2022-08-01T00:00:00+00:00 [queued]>
[2022-08-04 07:47:39,832] {taskinstance.py:1032} INFO - Dependencies all met for <TaskInstance: data_ingestion_gcs_dag.download_dataset_task scheduled__2022-08-01T00:00:00+00:00 [queued]>
[2022-08-04 07:47:39,832] {taskinstance.py:1238} INFO - 
--------------------------------------------------------------------------------
[2022-08-04 07:47:39,832] {taskinstance.py:1239} INFO - Starting attempt 1 of 2
[2022-08-04 07:47:39,833] {taskinstance.py:1240} INFO - 
--------------------------------------------------------------------------------
[2022-08-04 07:47:39,846] {taskinstance.py:1259} INFO - Executing <Task(BashOperator): download_dataset_task> on 2022-08-01 00:00:00+00:00
[2022-08-04 07:47:39,854] {standard_task_runner.py:52} INFO - Started process 100 to run task
[2022-08-04 07:47:39,931] {standard_task_runner.py:76} INFO - Running: ['***', 'tasks', 'run', 'data_ingestion_gcs_dag', 'download_dataset_task', 'scheduled__2022-08-01T00:00:00+00:00', '--job-id', '50', '--raw', '--subdir', 'DAGS_FOLDER/data_ingestion_gcs_dag.py', '--cfg-path', '/tmp/tmp8eolgv7e', '--error-file', '/tmp/tmps4m6ivx5']
[2022-08-04 07:47:39,932] {standard_task_runner.py:77} INFO - Job 50: Subtask download_dataset_task
[2022-08-04 07:47:40,235] {logging_mixin.py:109} INFO - Running <TaskInstance: data_ingestion_gcs_dag.download_dataset_task scheduled__2022-08-01T00:00:00+00:00 [running]> on host 730e9829e9ac
[2022-08-04 07:47:40,533] {taskinstance.py:1426} INFO - Exporting the following env vars:
AIRFLOW_CTX_DAG_OWNER=***
AIRFLOW_CTX_DAG_ID=data_ingestion_gcs_dag
AIRFLOW_CTX_TASK_ID=download_dataset_task
AIRFLOW_CTX_EXECUTION_DATE=2022-08-01T00:00:00+00:00
AIRFLOW_CTX_DAG_RUN_ID=scheduled__2022-08-01T00:00:00+00:00
[2022-08-04 07:47:40,534] {subprocess.py:62} INFO - Tmp dir root location: 
 /tmp
[2022-08-04 07:47:40,535] {subprocess.py:74} INFO - Running command: ['bash', '-c', 'curl -sSL https://d37ci6vzurychx.cloudfront.net/trip-data/yellow_tripdata_2021-01.paquet > /opt/***/yellow_tripdata_2021-01.paquet']
[2022-08-04 07:47:40,554] {subprocess.py:85} INFO - Output:
[2022-08-04 07:47:41,235] {subprocess.py:93} INFO - Command exited with return code 0
[2022-08-04 07:47:41,536] {taskinstance.py:1277} INFO - Marking task as SUCCESS. dag_id=data_ingestion_gcs_dag, task_id=download_dataset_task, execution_date=20220801T000000, start_date=20220804T074739, end_date=20220804T074741
[2022-08-04 07:47:41,830] {local_task_job.py:154} INFO - Task exited with return code 0
[2022-08-04 07:47:42,134] {local_task_job.py:264} INFO - 1 downstream tasks scheduled from follow-on schedule check
