[2022-08-08 22:11:38,458] {taskinstance.py:1032} INFO - Dependencies all met for <TaskInstance: data_ingestion_gcs_dag.local_to_gcs_task backfill__2019-01-04T00:00:00+00:00 [queued]>
[2022-08-08 22:11:38,465] {taskinstance.py:1032} INFO - Dependencies all met for <TaskInstance: data_ingestion_gcs_dag.local_to_gcs_task backfill__2019-01-04T00:00:00+00:00 [queued]>
[2022-08-08 22:11:38,465] {taskinstance.py:1238} INFO - 
--------------------------------------------------------------------------------
[2022-08-08 22:11:38,465] {taskinstance.py:1239} INFO - Starting attempt 1 of 2
[2022-08-08 22:11:38,465] {taskinstance.py:1240} INFO - 
--------------------------------------------------------------------------------
[2022-08-08 22:11:38,473] {taskinstance.py:1259} INFO - Executing <Task(PythonOperator): local_to_gcs_task> on 2019-01-04 00:00:00+00:00
[2022-08-08 22:11:38,480] {standard_task_runner.py:52} INFO - Started process 484 to run task
[2022-08-08 22:11:38,482] {standard_task_runner.py:76} INFO - Running: ['***', 'tasks', 'run', 'data_ingestion_gcs_dag', 'local_to_gcs_task', 'backfill__2019-01-04T00:00:00+00:00', '--job-id', '14', '--pool', 'default_pool', '--raw', '--subdir', 'DAGS_FOLDER/data_ingestion_dag.py', '--cfg-path', '/tmp/tmpjhqb4rbf', '--error-file', '/tmp/tmpcs79kmlf']
[2022-08-08 22:11:38,482] {standard_task_runner.py:77} INFO - Job 14: Subtask local_to_gcs_task
[2022-08-08 22:11:38,524] {logging_mixin.py:109} INFO - Running <TaskInstance: data_ingestion_gcs_dag.local_to_gcs_task backfill__2019-01-04T00:00:00+00:00 [running]> on host 049be7f17d30
[2022-08-08 22:11:38,577] {taskinstance.py:1426} INFO - Exporting the following env vars:
AIRFLOW_CTX_DAG_OWNER=***
AIRFLOW_CTX_DAG_ID=data_ingestion_gcs_dag
AIRFLOW_CTX_TASK_ID=local_to_gcs_task
AIRFLOW_CTX_EXECUTION_DATE=2019-01-04T00:00:00+00:00
AIRFLOW_CTX_DAG_RUN_ID=backfill__2019-01-04T00:00:00+00:00
[2022-08-08 22:11:39,574] {python.py:175} INFO - Done. Returned value was: None
[2022-08-08 22:11:39,585] {taskinstance.py:1277} INFO - Marking task as SUCCESS. dag_id=data_ingestion_gcs_dag, task_id=local_to_gcs_task, execution_date=20190104T000000, start_date=20220808T221138, end_date=20220808T221139
[2022-08-08 22:11:39,616] {local_task_job.py:154} INFO - Task exited with return code 0
[2022-08-08 22:11:39,641] {local_task_job.py:264} INFO - 0 downstream tasks scheduled from follow-on schedule check
