[2022-08-07 21:52:26,965] {processor.py:163} INFO - Started process (PID=47) to work on /opt/airflow/dags/data_ingestion_dag.py
[2022-08-07 21:52:26,965] {processor.py:642} INFO - Processing file /opt/airflow/dags/data_ingestion_dag.py for tasks to queue
[2022-08-07 21:52:26,966] {logging_mixin.py:109} INFO - [2022-08-07 21:52:26,966] {dagbag.py:500} INFO - Filling up the DagBag from /opt/airflow/dags/data_ingestion_dag.py
[2022-08-07 21:52:27,782] {processor.py:654} INFO - DAG(s) dict_keys(['data_ingestion_gcs_dag']) retrieved from /opt/airflow/dags/data_ingestion_dag.py
[2022-08-07 21:52:28,212] {logging_mixin.py:109} INFO - [2022-08-07 21:52:28,211] {dag.py:2396} INFO - Sync 1 DAGs
[2022-08-07 21:52:28,232] {processor.py:171} INFO - Processing /opt/airflow/dags/data_ingestion_dag.py took 1.269 seconds
[2022-08-07 21:52:58,308] {processor.py:163} INFO - Started process (PID=92) to work on /opt/airflow/dags/data_ingestion_dag.py
[2022-08-07 21:52:58,309] {processor.py:642} INFO - Processing file /opt/airflow/dags/data_ingestion_dag.py for tasks to queue
[2022-08-07 21:52:58,309] {logging_mixin.py:109} INFO - [2022-08-07 21:52:58,309] {dagbag.py:500} INFO - Filling up the DagBag from /opt/airflow/dags/data_ingestion_dag.py
[2022-08-07 21:52:59,040] {processor.py:654} INFO - DAG(s) dict_keys(['data_ingestion_gcs_dag']) retrieved from /opt/airflow/dags/data_ingestion_dag.py
[2022-08-07 21:52:59,046] {logging_mixin.py:109} INFO - [2022-08-07 21:52:59,046] {dag.py:2396} INFO - Sync 1 DAGs
[2022-08-07 21:52:59,059] {logging_mixin.py:109} INFO - [2022-08-07 21:52:59,059] {dag.py:2935} INFO - Setting next_dagrun for data_ingestion_gcs_dag to 2022-08-06 00:00:00+00:00
[2022-08-07 21:52:59,065] {processor.py:171} INFO - Processing /opt/airflow/dags/data_ingestion_dag.py took 0.760 seconds
[2022-08-07 21:53:29,153] {processor.py:163} INFO - Started process (PID=127) to work on /opt/airflow/dags/data_ingestion_dag.py
[2022-08-07 21:53:29,154] {processor.py:642} INFO - Processing file /opt/airflow/dags/data_ingestion_dag.py for tasks to queue
[2022-08-07 21:53:29,154] {logging_mixin.py:109} INFO - [2022-08-07 21:53:29,154] {dagbag.py:500} INFO - Filling up the DagBag from /opt/airflow/dags/data_ingestion_dag.py
[2022-08-07 21:53:29,814] {processor.py:654} INFO - DAG(s) dict_keys(['data_ingestion_gcs_dag']) retrieved from /opt/airflow/dags/data_ingestion_dag.py
[2022-08-07 21:53:29,821] {logging_mixin.py:109} INFO - [2022-08-07 21:53:29,821] {dag.py:2396} INFO - Sync 1 DAGs
[2022-08-07 21:53:29,836] {logging_mixin.py:109} INFO - [2022-08-07 21:53:29,836] {dag.py:2935} INFO - Setting next_dagrun for data_ingestion_gcs_dag to 2022-08-07T00:00:00+00:00
[2022-08-07 21:53:29,842] {processor.py:171} INFO - Processing /opt/airflow/dags/data_ingestion_dag.py took 0.692 seconds
[2022-08-07 21:53:59,924] {processor.py:163} INFO - Started process (PID=171) to work on /opt/airflow/dags/data_ingestion_dag.py
[2022-08-07 21:53:59,925] {processor.py:642} INFO - Processing file /opt/airflow/dags/data_ingestion_dag.py for tasks to queue
[2022-08-07 21:53:59,926] {logging_mixin.py:109} INFO - [2022-08-07 21:53:59,926] {dagbag.py:500} INFO - Filling up the DagBag from /opt/airflow/dags/data_ingestion_dag.py
[2022-08-07 21:54:00,649] {processor.py:654} INFO - DAG(s) dict_keys(['data_ingestion_gcs_dag']) retrieved from /opt/airflow/dags/data_ingestion_dag.py
[2022-08-07 21:54:00,656] {logging_mixin.py:109} INFO - [2022-08-07 21:54:00,655] {dag.py:2396} INFO - Sync 1 DAGs
[2022-08-07 21:54:00,669] {logging_mixin.py:109} INFO - [2022-08-07 21:54:00,669] {dag.py:2935} INFO - Setting next_dagrun for data_ingestion_gcs_dag to 2022-08-07T00:00:00+00:00
[2022-08-07 21:54:00,676] {processor.py:171} INFO - Processing /opt/airflow/dags/data_ingestion_dag.py took 0.754 seconds
[2022-08-07 21:54:30,739] {processor.py:163} INFO - Started process (PID=206) to work on /opt/airflow/dags/data_ingestion_dag.py
[2022-08-07 21:54:30,740] {processor.py:642} INFO - Processing file /opt/airflow/dags/data_ingestion_dag.py for tasks to queue
[2022-08-07 21:54:30,741] {logging_mixin.py:109} INFO - [2022-08-07 21:54:30,741] {dagbag.py:500} INFO - Filling up the DagBag from /opt/airflow/dags/data_ingestion_dag.py
[2022-08-07 21:54:31,426] {processor.py:654} INFO - DAG(s) dict_keys(['data_ingestion_gcs_dag']) retrieved from /opt/airflow/dags/data_ingestion_dag.py
[2022-08-07 21:54:31,433] {logging_mixin.py:109} INFO - [2022-08-07 21:54:31,433] {dag.py:2396} INFO - Sync 1 DAGs
[2022-08-07 21:54:31,448] {logging_mixin.py:109} INFO - [2022-08-07 21:54:31,448] {dag.py:2935} INFO - Setting next_dagrun for data_ingestion_gcs_dag to 2022-08-07T00:00:00+00:00
[2022-08-07 21:54:31,455] {processor.py:171} INFO - Processing /opt/airflow/dags/data_ingestion_dag.py took 0.718 seconds
[2022-08-07 21:55:01,540] {processor.py:163} INFO - Started process (PID=250) to work on /opt/airflow/dags/data_ingestion_dag.py
[2022-08-07 21:55:01,541] {processor.py:642} INFO - Processing file /opt/airflow/dags/data_ingestion_dag.py for tasks to queue
[2022-08-07 21:55:01,542] {logging_mixin.py:109} INFO - [2022-08-07 21:55:01,541] {dagbag.py:500} INFO - Filling up the DagBag from /opt/airflow/dags/data_ingestion_dag.py
[2022-08-07 21:55:02,285] {processor.py:654} INFO - DAG(s) dict_keys(['data_ingestion_gcs_dag']) retrieved from /opt/airflow/dags/data_ingestion_dag.py
[2022-08-07 21:55:02,292] {logging_mixin.py:109} INFO - [2022-08-07 21:55:02,292] {dag.py:2396} INFO - Sync 1 DAGs
[2022-08-07 21:55:02,305] {logging_mixin.py:109} INFO - [2022-08-07 21:55:02,305] {dag.py:2935} INFO - Setting next_dagrun for data_ingestion_gcs_dag to 2022-08-07T00:00:00+00:00
[2022-08-07 21:55:02,311] {processor.py:171} INFO - Processing /opt/airflow/dags/data_ingestion_dag.py took 0.773 seconds
[2022-08-07 21:55:32,373] {processor.py:163} INFO - Started process (PID=285) to work on /opt/airflow/dags/data_ingestion_dag.py
[2022-08-07 21:55:32,374] {processor.py:642} INFO - Processing file /opt/airflow/dags/data_ingestion_dag.py for tasks to queue
[2022-08-07 21:55:32,375] {logging_mixin.py:109} INFO - [2022-08-07 21:55:32,375] {dagbag.py:500} INFO - Filling up the DagBag from /opt/airflow/dags/data_ingestion_dag.py
[2022-08-07 21:55:33,003] {processor.py:654} INFO - DAG(s) dict_keys(['data_ingestion_gcs_dag']) retrieved from /opt/airflow/dags/data_ingestion_dag.py
[2022-08-07 21:55:33,014] {logging_mixin.py:109} INFO - [2022-08-07 21:55:33,014] {dag.py:2396} INFO - Sync 1 DAGs
[2022-08-07 21:55:33,030] {logging_mixin.py:109} INFO - [2022-08-07 21:55:33,030] {dag.py:2935} INFO - Setting next_dagrun for data_ingestion_gcs_dag to 2022-08-07T00:00:00+00:00
[2022-08-07 21:55:33,041] {processor.py:171} INFO - Processing /opt/airflow/dags/data_ingestion_dag.py took 0.671 seconds
[2022-08-07 21:56:03,104] {processor.py:163} INFO - Started process (PID=329) to work on /opt/airflow/dags/data_ingestion_dag.py
[2022-08-07 21:56:03,105] {processor.py:642} INFO - Processing file /opt/airflow/dags/data_ingestion_dag.py for tasks to queue
[2022-08-07 21:56:03,105] {logging_mixin.py:109} INFO - [2022-08-07 21:56:03,105] {dagbag.py:500} INFO - Filling up the DagBag from /opt/airflow/dags/data_ingestion_dag.py
[2022-08-07 21:56:03,712] {processor.py:654} INFO - DAG(s) dict_keys(['data_ingestion_gcs_dag']) retrieved from /opt/airflow/dags/data_ingestion_dag.py
[2022-08-07 21:56:03,719] {logging_mixin.py:109} INFO - [2022-08-07 21:56:03,719] {dag.py:2396} INFO - Sync 1 DAGs
[2022-08-07 21:56:03,730] {logging_mixin.py:109} INFO - [2022-08-07 21:56:03,730] {dag.py:2935} INFO - Setting next_dagrun for data_ingestion_gcs_dag to 2022-08-07T00:00:00+00:00
[2022-08-07 21:56:03,736] {processor.py:171} INFO - Processing /opt/airflow/dags/data_ingestion_dag.py took 0.634 seconds
[2022-08-07 21:56:33,810] {processor.py:163} INFO - Started process (PID=373) to work on /opt/airflow/dags/data_ingestion_dag.py
[2022-08-07 21:56:33,811] {processor.py:642} INFO - Processing file /opt/airflow/dags/data_ingestion_dag.py for tasks to queue
[2022-08-07 21:56:33,811] {logging_mixin.py:109} INFO - [2022-08-07 21:56:33,811] {dagbag.py:500} INFO - Filling up the DagBag from /opt/airflow/dags/data_ingestion_dag.py
[2022-08-07 21:56:34,432] {processor.py:654} INFO - DAG(s) dict_keys(['data_ingestion_gcs_dag']) retrieved from /opt/airflow/dags/data_ingestion_dag.py
[2022-08-07 21:56:34,441] {logging_mixin.py:109} INFO - [2022-08-07 21:56:34,440] {dag.py:2396} INFO - Sync 1 DAGs
[2022-08-07 21:56:34,452] {logging_mixin.py:109} INFO - [2022-08-07 21:56:34,452] {dag.py:2935} INFO - Setting next_dagrun for data_ingestion_gcs_dag to 2022-08-07T00:00:00+00:00
[2022-08-07 21:56:34,458] {processor.py:171} INFO - Processing /opt/airflow/dags/data_ingestion_dag.py took 0.650 seconds
[2022-08-07 21:57:04,520] {processor.py:163} INFO - Started process (PID=408) to work on /opt/airflow/dags/data_ingestion_dag.py
[2022-08-07 21:57:04,520] {processor.py:642} INFO - Processing file /opt/airflow/dags/data_ingestion_dag.py for tasks to queue
[2022-08-07 21:57:04,521] {logging_mixin.py:109} INFO - [2022-08-07 21:57:04,521] {dagbag.py:500} INFO - Filling up the DagBag from /opt/airflow/dags/data_ingestion_dag.py
[2022-08-07 21:57:05,138] {processor.py:654} INFO - DAG(s) dict_keys(['data_ingestion_gcs_dag']) retrieved from /opt/airflow/dags/data_ingestion_dag.py
[2022-08-07 21:57:05,145] {logging_mixin.py:109} INFO - [2022-08-07 21:57:05,144] {dag.py:2396} INFO - Sync 1 DAGs
[2022-08-07 21:57:05,157] {logging_mixin.py:109} INFO - [2022-08-07 21:57:05,157] {dag.py:2935} INFO - Setting next_dagrun for data_ingestion_gcs_dag to 2022-08-07T00:00:00+00:00
[2022-08-07 21:57:05,164] {processor.py:171} INFO - Processing /opt/airflow/dags/data_ingestion_dag.py took 0.646 seconds
[2022-08-07 21:57:35,248] {processor.py:163} INFO - Started process (PID=452) to work on /opt/airflow/dags/data_ingestion_dag.py
[2022-08-07 21:57:35,249] {processor.py:642} INFO - Processing file /opt/airflow/dags/data_ingestion_dag.py for tasks to queue
[2022-08-07 21:57:35,250] {logging_mixin.py:109} INFO - [2022-08-07 21:57:35,249] {dagbag.py:500} INFO - Filling up the DagBag from /opt/airflow/dags/data_ingestion_dag.py
[2022-08-07 21:57:35,917] {processor.py:654} INFO - DAG(s) dict_keys(['data_ingestion_gcs_dag']) retrieved from /opt/airflow/dags/data_ingestion_dag.py
[2022-08-07 21:57:35,923] {logging_mixin.py:109} INFO - [2022-08-07 21:57:35,923] {dag.py:2396} INFO - Sync 1 DAGs
[2022-08-07 21:57:35,934] {logging_mixin.py:109} INFO - [2022-08-07 21:57:35,934] {dag.py:2935} INFO - Setting next_dagrun for data_ingestion_gcs_dag to 2022-08-07T00:00:00+00:00
[2022-08-07 21:57:35,940] {processor.py:171} INFO - Processing /opt/airflow/dags/data_ingestion_dag.py took 0.694 seconds
[2022-08-07 21:58:05,998] {processor.py:163} INFO - Started process (PID=487) to work on /opt/airflow/dags/data_ingestion_dag.py
[2022-08-07 21:58:05,999] {processor.py:642} INFO - Processing file /opt/airflow/dags/data_ingestion_dag.py for tasks to queue
[2022-08-07 21:58:05,999] {logging_mixin.py:109} INFO - [2022-08-07 21:58:05,999] {dagbag.py:500} INFO - Filling up the DagBag from /opt/airflow/dags/data_ingestion_dag.py
[2022-08-07 21:58:06,636] {processor.py:654} INFO - DAG(s) dict_keys(['data_ingestion_gcs_dag']) retrieved from /opt/airflow/dags/data_ingestion_dag.py
[2022-08-07 21:58:06,643] {logging_mixin.py:109} INFO - [2022-08-07 21:58:06,643] {dag.py:2396} INFO - Sync 1 DAGs
[2022-08-07 21:58:06,656] {logging_mixin.py:109} INFO - [2022-08-07 21:58:06,656] {dag.py:2935} INFO - Setting next_dagrun for data_ingestion_gcs_dag to 2022-08-07T00:00:00+00:00
[2022-08-07 21:58:06,664] {processor.py:171} INFO - Processing /opt/airflow/dags/data_ingestion_dag.py took 0.667 seconds
[2022-08-07 21:58:36,738] {processor.py:163} INFO - Started process (PID=531) to work on /opt/airflow/dags/data_ingestion_dag.py
[2022-08-07 21:58:36,739] {processor.py:642} INFO - Processing file /opt/airflow/dags/data_ingestion_dag.py for tasks to queue
[2022-08-07 21:58:36,739] {logging_mixin.py:109} INFO - [2022-08-07 21:58:36,739] {dagbag.py:500} INFO - Filling up the DagBag from /opt/airflow/dags/data_ingestion_dag.py
[2022-08-07 21:58:37,382] {processor.py:654} INFO - DAG(s) dict_keys(['data_ingestion_gcs_dag']) retrieved from /opt/airflow/dags/data_ingestion_dag.py
[2022-08-07 21:58:37,390] {logging_mixin.py:109} INFO - [2022-08-07 21:58:37,389] {dag.py:2396} INFO - Sync 1 DAGs
[2022-08-07 21:58:37,402] {logging_mixin.py:109} INFO - [2022-08-07 21:58:37,401] {dag.py:2935} INFO - Setting next_dagrun for data_ingestion_gcs_dag to 2022-08-07T00:00:00+00:00
[2022-08-07 21:58:37,409] {processor.py:171} INFO - Processing /opt/airflow/dags/data_ingestion_dag.py took 0.672 seconds
[2022-08-07 21:59:07,613] {processor.py:163} INFO - Started process (PID=575) to work on /opt/airflow/dags/data_ingestion_dag.py
[2022-08-07 21:59:07,614] {processor.py:642} INFO - Processing file /opt/airflow/dags/data_ingestion_dag.py for tasks to queue
[2022-08-07 21:59:07,615] {logging_mixin.py:109} INFO - [2022-08-07 21:59:07,615] {dagbag.py:500} INFO - Filling up the DagBag from /opt/airflow/dags/data_ingestion_dag.py
[2022-08-07 21:59:08,362] {processor.py:654} INFO - DAG(s) dict_keys(['data_ingestion_gcs_dag']) retrieved from /opt/airflow/dags/data_ingestion_dag.py
[2022-08-07 21:59:08,370] {logging_mixin.py:109} INFO - [2022-08-07 21:59:08,369] {dag.py:2396} INFO - Sync 1 DAGs
[2022-08-07 21:59:08,383] {logging_mixin.py:109} INFO - [2022-08-07 21:59:08,382] {dag.py:2935} INFO - Setting next_dagrun for data_ingestion_gcs_dag to 2022-08-07T00:00:00+00:00
[2022-08-07 21:59:08,389] {processor.py:171} INFO - Processing /opt/airflow/dags/data_ingestion_dag.py took 0.779 seconds
[2022-08-07 21:59:38,484] {processor.py:163} INFO - Started process (PID=610) to work on /opt/airflow/dags/data_ingestion_dag.py
[2022-08-07 21:59:38,485] {processor.py:642} INFO - Processing file /opt/airflow/dags/data_ingestion_dag.py for tasks to queue
[2022-08-07 21:59:38,485] {logging_mixin.py:109} INFO - [2022-08-07 21:59:38,485] {dagbag.py:500} INFO - Filling up the DagBag from /opt/airflow/dags/data_ingestion_dag.py
[2022-08-07 21:59:39,102] {processor.py:654} INFO - DAG(s) dict_keys(['data_ingestion_gcs_dag']) retrieved from /opt/airflow/dags/data_ingestion_dag.py
[2022-08-07 21:59:39,108] {logging_mixin.py:109} INFO - [2022-08-07 21:59:39,108] {dag.py:2396} INFO - Sync 1 DAGs
[2022-08-07 21:59:39,120] {logging_mixin.py:109} INFO - [2022-08-07 21:59:39,120] {dag.py:2935} INFO - Setting next_dagrun for data_ingestion_gcs_dag to 2022-08-07T00:00:00+00:00
[2022-08-07 21:59:39,126] {processor.py:171} INFO - Processing /opt/airflow/dags/data_ingestion_dag.py took 0.644 seconds
[2022-08-07 22:00:09,186] {processor.py:163} INFO - Started process (PID=654) to work on /opt/airflow/dags/data_ingestion_dag.py
[2022-08-07 22:00:09,187] {processor.py:642} INFO - Processing file /opt/airflow/dags/data_ingestion_dag.py for tasks to queue
[2022-08-07 22:00:09,188] {logging_mixin.py:109} INFO - [2022-08-07 22:00:09,188] {dagbag.py:500} INFO - Filling up the DagBag from /opt/airflow/dags/data_ingestion_dag.py
[2022-08-07 22:00:09,814] {processor.py:654} INFO - DAG(s) dict_keys(['data_ingestion_gcs_dag']) retrieved from /opt/airflow/dags/data_ingestion_dag.py
[2022-08-07 22:00:09,821] {logging_mixin.py:109} INFO - [2022-08-07 22:00:09,821] {dag.py:2396} INFO - Sync 1 DAGs
[2022-08-07 22:00:09,833] {logging_mixin.py:109} INFO - [2022-08-07 22:00:09,833] {dag.py:2935} INFO - Setting next_dagrun for data_ingestion_gcs_dag to 2022-08-07T00:00:00+00:00
[2022-08-07 22:00:09,840] {processor.py:171} INFO - Processing /opt/airflow/dags/data_ingestion_dag.py took 0.656 seconds
[2022-08-07 22:00:39,965] {processor.py:163} INFO - Started process (PID=689) to work on /opt/airflow/dags/data_ingestion_dag.py
[2022-08-07 22:00:39,966] {processor.py:642} INFO - Processing file /opt/airflow/dags/data_ingestion_dag.py for tasks to queue
[2022-08-07 22:00:39,966] {logging_mixin.py:109} INFO - [2022-08-07 22:00:39,966] {dagbag.py:500} INFO - Filling up the DagBag from /opt/airflow/dags/data_ingestion_dag.py
[2022-08-07 22:00:40,594] {processor.py:654} INFO - DAG(s) dict_keys(['data_ingestion_gcs_dag']) retrieved from /opt/airflow/dags/data_ingestion_dag.py
[2022-08-07 22:00:40,601] {logging_mixin.py:109} INFO - [2022-08-07 22:00:40,601] {dag.py:2396} INFO - Sync 1 DAGs
[2022-08-07 22:00:40,613] {logging_mixin.py:109} INFO - [2022-08-07 22:00:40,613] {dag.py:2935} INFO - Setting next_dagrun for data_ingestion_gcs_dag to 2022-08-07T00:00:00+00:00
[2022-08-07 22:00:40,619] {processor.py:171} INFO - Processing /opt/airflow/dags/data_ingestion_dag.py took 0.656 seconds
[2022-08-07 22:01:10,677] {processor.py:163} INFO - Started process (PID=733) to work on /opt/airflow/dags/data_ingestion_dag.py
[2022-08-07 22:01:10,678] {processor.py:642} INFO - Processing file /opt/airflow/dags/data_ingestion_dag.py for tasks to queue
[2022-08-07 22:01:10,678] {logging_mixin.py:109} INFO - [2022-08-07 22:01:10,678] {dagbag.py:500} INFO - Filling up the DagBag from /opt/airflow/dags/data_ingestion_dag.py
[2022-08-07 22:01:11,302] {processor.py:654} INFO - DAG(s) dict_keys(['data_ingestion_gcs_dag']) retrieved from /opt/airflow/dags/data_ingestion_dag.py
[2022-08-07 22:01:11,309] {logging_mixin.py:109} INFO - [2022-08-07 22:01:11,308] {dag.py:2396} INFO - Sync 1 DAGs
[2022-08-07 22:01:11,320] {logging_mixin.py:109} INFO - [2022-08-07 22:01:11,320] {dag.py:2935} INFO - Setting next_dagrun for data_ingestion_gcs_dag to 2022-08-07T00:00:00+00:00
[2022-08-07 22:01:11,326] {processor.py:171} INFO - Processing /opt/airflow/dags/data_ingestion_dag.py took 0.651 seconds
[2022-08-07 22:01:41,416] {processor.py:163} INFO - Started process (PID=777) to work on /opt/airflow/dags/data_ingestion_dag.py
[2022-08-07 22:01:41,416] {processor.py:642} INFO - Processing file /opt/airflow/dags/data_ingestion_dag.py for tasks to queue
[2022-08-07 22:01:41,417] {logging_mixin.py:109} INFO - [2022-08-07 22:01:41,417] {dagbag.py:500} INFO - Filling up the DagBag from /opt/airflow/dags/data_ingestion_dag.py
[2022-08-07 22:01:42,102] {processor.py:654} INFO - DAG(s) dict_keys(['data_ingestion_gcs_dag']) retrieved from /opt/airflow/dags/data_ingestion_dag.py
[2022-08-07 22:01:42,108] {logging_mixin.py:109} INFO - [2022-08-07 22:01:42,108] {dag.py:2396} INFO - Sync 1 DAGs
[2022-08-07 22:01:42,120] {logging_mixin.py:109} INFO - [2022-08-07 22:01:42,120] {dag.py:2935} INFO - Setting next_dagrun for data_ingestion_gcs_dag to 2022-08-07T00:00:00+00:00
[2022-08-07 22:01:42,125] {processor.py:171} INFO - Processing /opt/airflow/dags/data_ingestion_dag.py took 0.711 seconds
[2022-08-07 22:02:12,201] {processor.py:163} INFO - Started process (PID=812) to work on /opt/airflow/dags/data_ingestion_dag.py
[2022-08-07 22:02:12,202] {processor.py:642} INFO - Processing file /opt/airflow/dags/data_ingestion_dag.py for tasks to queue
[2022-08-07 22:02:12,202] {logging_mixin.py:109} INFO - [2022-08-07 22:02:12,202] {dagbag.py:500} INFO - Filling up the DagBag from /opt/airflow/dags/data_ingestion_dag.py
[2022-08-07 22:02:12,824] {processor.py:654} INFO - DAG(s) dict_keys(['data_ingestion_gcs_dag']) retrieved from /opt/airflow/dags/data_ingestion_dag.py
[2022-08-07 22:02:12,831] {logging_mixin.py:109} INFO - [2022-08-07 22:02:12,830] {dag.py:2396} INFO - Sync 1 DAGs
[2022-08-07 22:02:12,842] {logging_mixin.py:109} INFO - [2022-08-07 22:02:12,842] {dag.py:2935} INFO - Setting next_dagrun for data_ingestion_gcs_dag to 2022-08-07T00:00:00+00:00
[2022-08-07 22:02:12,848] {processor.py:171} INFO - Processing /opt/airflow/dags/data_ingestion_dag.py took 0.648 seconds
[2022-08-07 22:02:42,910] {processor.py:163} INFO - Started process (PID=856) to work on /opt/airflow/dags/data_ingestion_dag.py
[2022-08-07 22:02:42,911] {processor.py:642} INFO - Processing file /opt/airflow/dags/data_ingestion_dag.py for tasks to queue
[2022-08-07 22:02:42,911] {logging_mixin.py:109} INFO - [2022-08-07 22:02:42,911] {dagbag.py:500} INFO - Filling up the DagBag from /opt/airflow/dags/data_ingestion_dag.py
[2022-08-07 22:02:43,509] {processor.py:654} INFO - DAG(s) dict_keys(['data_ingestion_gcs_dag']) retrieved from /opt/airflow/dags/data_ingestion_dag.py
[2022-08-07 22:02:43,515] {logging_mixin.py:109} INFO - [2022-08-07 22:02:43,515] {dag.py:2396} INFO - Sync 1 DAGs
[2022-08-07 22:02:43,527] {logging_mixin.py:109} INFO - [2022-08-07 22:02:43,527] {dag.py:2935} INFO - Setting next_dagrun for data_ingestion_gcs_dag to 2022-08-07T00:00:00+00:00
[2022-08-07 22:02:43,533] {processor.py:171} INFO - Processing /opt/airflow/dags/data_ingestion_dag.py took 0.625 seconds
[2022-08-07 22:03:13,631] {processor.py:163} INFO - Started process (PID=891) to work on /opt/airflow/dags/data_ingestion_dag.py
[2022-08-07 22:03:13,632] {processor.py:642} INFO - Processing file /opt/airflow/dags/data_ingestion_dag.py for tasks to queue
[2022-08-07 22:03:13,632] {logging_mixin.py:109} INFO - [2022-08-07 22:03:13,632] {dagbag.py:500} INFO - Filling up the DagBag from /opt/airflow/dags/data_ingestion_dag.py
[2022-08-07 22:03:14,281] {processor.py:654} INFO - DAG(s) dict_keys(['data_ingestion_gcs_dag']) retrieved from /opt/airflow/dags/data_ingestion_dag.py
[2022-08-07 22:03:14,287] {logging_mixin.py:109} INFO - [2022-08-07 22:03:14,287] {dag.py:2396} INFO - Sync 1 DAGs
[2022-08-07 22:03:14,298] {logging_mixin.py:109} INFO - [2022-08-07 22:03:14,298] {dag.py:2935} INFO - Setting next_dagrun for data_ingestion_gcs_dag to 2022-08-07T00:00:00+00:00
[2022-08-07 22:03:14,304] {processor.py:171} INFO - Processing /opt/airflow/dags/data_ingestion_dag.py took 0.674 seconds
[2022-08-07 22:03:44,368] {processor.py:163} INFO - Started process (PID=936) to work on /opt/airflow/dags/data_ingestion_dag.py
[2022-08-07 22:03:44,368] {processor.py:642} INFO - Processing file /opt/airflow/dags/data_ingestion_dag.py for tasks to queue
[2022-08-07 22:03:44,369] {logging_mixin.py:109} INFO - [2022-08-07 22:03:44,369] {dagbag.py:500} INFO - Filling up the DagBag from /opt/airflow/dags/data_ingestion_dag.py
[2022-08-07 22:03:44,996] {processor.py:654} INFO - DAG(s) dict_keys(['data_ingestion_gcs_dag']) retrieved from /opt/airflow/dags/data_ingestion_dag.py
[2022-08-07 22:03:45,003] {logging_mixin.py:109} INFO - [2022-08-07 22:03:45,002] {dag.py:2396} INFO - Sync 1 DAGs
[2022-08-07 22:03:45,015] {logging_mixin.py:109} INFO - [2022-08-07 22:03:45,015] {dag.py:2935} INFO - Setting next_dagrun for data_ingestion_gcs_dag to 2022-08-07T00:00:00+00:00
[2022-08-07 22:03:45,021] {processor.py:171} INFO - Processing /opt/airflow/dags/data_ingestion_dag.py took 0.656 seconds
[2022-08-07 22:04:15,110] {processor.py:163} INFO - Started process (PID=980) to work on /opt/airflow/dags/data_ingestion_dag.py
[2022-08-07 22:04:15,111] {processor.py:642} INFO - Processing file /opt/airflow/dags/data_ingestion_dag.py for tasks to queue
[2022-08-07 22:04:15,111] {logging_mixin.py:109} INFO - [2022-08-07 22:04:15,111] {dagbag.py:500} INFO - Filling up the DagBag from /opt/airflow/dags/data_ingestion_dag.py
[2022-08-07 22:04:15,778] {processor.py:654} INFO - DAG(s) dict_keys(['data_ingestion_gcs_dag']) retrieved from /opt/airflow/dags/data_ingestion_dag.py
[2022-08-07 22:04:15,785] {logging_mixin.py:109} INFO - [2022-08-07 22:04:15,785] {dag.py:2396} INFO - Sync 1 DAGs
[2022-08-07 22:04:15,798] {logging_mixin.py:109} INFO - [2022-08-07 22:04:15,798] {dag.py:2935} INFO - Setting next_dagrun for data_ingestion_gcs_dag to 2022-08-07T00:00:00+00:00
[2022-08-07 22:04:15,804] {processor.py:171} INFO - Processing /opt/airflow/dags/data_ingestion_dag.py took 0.695 seconds
[2022-08-07 22:04:45,886] {processor.py:163} INFO - Started process (PID=1015) to work on /opt/airflow/dags/data_ingestion_dag.py
[2022-08-07 22:04:45,886] {processor.py:642} INFO - Processing file /opt/airflow/dags/data_ingestion_dag.py for tasks to queue
[2022-08-07 22:04:45,887] {logging_mixin.py:109} INFO - [2022-08-07 22:04:45,887] {dagbag.py:500} INFO - Filling up the DagBag from /opt/airflow/dags/data_ingestion_dag.py
[2022-08-07 22:04:46,525] {processor.py:654} INFO - DAG(s) dict_keys(['data_ingestion_gcs_dag']) retrieved from /opt/airflow/dags/data_ingestion_dag.py
[2022-08-07 22:04:46,532] {logging_mixin.py:109} INFO - [2022-08-07 22:04:46,532] {dag.py:2396} INFO - Sync 1 DAGs
[2022-08-07 22:04:46,544] {logging_mixin.py:109} INFO - [2022-08-07 22:04:46,544] {dag.py:2935} INFO - Setting next_dagrun for data_ingestion_gcs_dag to 2022-08-07T00:00:00+00:00
[2022-08-07 22:04:46,550] {processor.py:171} INFO - Processing /opt/airflow/dags/data_ingestion_dag.py took 0.667 seconds
[2022-08-07 22:05:16,614] {processor.py:163} INFO - Started process (PID=1059) to work on /opt/airflow/dags/data_ingestion_dag.py
[2022-08-07 22:05:16,615] {processor.py:642} INFO - Processing file /opt/airflow/dags/data_ingestion_dag.py for tasks to queue
[2022-08-07 22:05:16,615] {logging_mixin.py:109} INFO - [2022-08-07 22:05:16,615] {dagbag.py:500} INFO - Filling up the DagBag from /opt/airflow/dags/data_ingestion_dag.py
[2022-08-07 22:05:17,237] {processor.py:654} INFO - DAG(s) dict_keys(['data_ingestion_gcs_dag']) retrieved from /opt/airflow/dags/data_ingestion_dag.py
[2022-08-07 22:05:17,244] {logging_mixin.py:109} INFO - [2022-08-07 22:05:17,243] {dag.py:2396} INFO - Sync 1 DAGs
[2022-08-07 22:05:17,254] {logging_mixin.py:109} INFO - [2022-08-07 22:05:17,254] {dag.py:2935} INFO - Setting next_dagrun for data_ingestion_gcs_dag to 2022-08-07T00:00:00+00:00
[2022-08-07 22:05:17,260] {processor.py:171} INFO - Processing /opt/airflow/dags/data_ingestion_dag.py took 0.648 seconds
[2022-08-07 22:05:47,329] {processor.py:163} INFO - Started process (PID=1094) to work on /opt/airflow/dags/data_ingestion_dag.py
[2022-08-07 22:05:47,330] {processor.py:642} INFO - Processing file /opt/airflow/dags/data_ingestion_dag.py for tasks to queue
[2022-08-07 22:05:47,330] {logging_mixin.py:109} INFO - [2022-08-07 22:05:47,330] {dagbag.py:500} INFO - Filling up the DagBag from /opt/airflow/dags/data_ingestion_dag.py
[2022-08-07 22:05:47,989] {processor.py:654} INFO - DAG(s) dict_keys(['data_ingestion_gcs_dag']) retrieved from /opt/airflow/dags/data_ingestion_dag.py
[2022-08-07 22:05:47,995] {logging_mixin.py:109} INFO - [2022-08-07 22:05:47,995] {dag.py:2396} INFO - Sync 1 DAGs
[2022-08-07 22:05:48,006] {logging_mixin.py:109} INFO - [2022-08-07 22:05:48,006] {dag.py:2935} INFO - Setting next_dagrun for data_ingestion_gcs_dag to 2022-08-07T00:00:00+00:00
[2022-08-07 22:05:48,012] {processor.py:171} INFO - Processing /opt/airflow/dags/data_ingestion_dag.py took 0.685 seconds
[2022-08-07 22:06:18,089] {processor.py:163} INFO - Started process (PID=1138) to work on /opt/airflow/dags/data_ingestion_dag.py
[2022-08-07 22:06:18,089] {processor.py:642} INFO - Processing file /opt/airflow/dags/data_ingestion_dag.py for tasks to queue
[2022-08-07 22:06:18,089] {logging_mixin.py:109} INFO - [2022-08-07 22:06:18,089] {dagbag.py:500} INFO - Filling up the DagBag from /opt/airflow/dags/data_ingestion_dag.py
[2022-08-07 22:06:18,705] {processor.py:654} INFO - DAG(s) dict_keys(['data_ingestion_gcs_dag']) retrieved from /opt/airflow/dags/data_ingestion_dag.py
[2022-08-07 22:06:18,712] {logging_mixin.py:109} INFO - [2022-08-07 22:06:18,711] {dag.py:2396} INFO - Sync 1 DAGs
[2022-08-07 22:06:18,724] {logging_mixin.py:109} INFO - [2022-08-07 22:06:18,724] {dag.py:2935} INFO - Setting next_dagrun for data_ingestion_gcs_dag to 2022-08-07T00:00:00+00:00
[2022-08-07 22:06:18,729] {processor.py:171} INFO - Processing /opt/airflow/dags/data_ingestion_dag.py took 0.643 seconds
[2022-08-07 22:06:48,790] {processor.py:163} INFO - Started process (PID=1173) to work on /opt/airflow/dags/data_ingestion_dag.py
[2022-08-07 22:06:48,791] {processor.py:642} INFO - Processing file /opt/airflow/dags/data_ingestion_dag.py for tasks to queue
[2022-08-07 22:06:48,791] {logging_mixin.py:109} INFO - [2022-08-07 22:06:48,791] {dagbag.py:500} INFO - Filling up the DagBag from /opt/airflow/dags/data_ingestion_dag.py
[2022-08-07 22:06:49,432] {processor.py:654} INFO - DAG(s) dict_keys(['data_ingestion_gcs_dag']) retrieved from /opt/airflow/dags/data_ingestion_dag.py
[2022-08-07 22:06:49,438] {logging_mixin.py:109} INFO - [2022-08-07 22:06:49,438] {dag.py:2396} INFO - Sync 1 DAGs
[2022-08-07 22:06:49,450] {logging_mixin.py:109} INFO - [2022-08-07 22:06:49,450] {dag.py:2935} INFO - Setting next_dagrun for data_ingestion_gcs_dag to 2022-08-07T00:00:00+00:00
[2022-08-07 22:06:49,456] {processor.py:171} INFO - Processing /opt/airflow/dags/data_ingestion_dag.py took 0.668 seconds
[2022-08-07 22:07:19,544] {processor.py:163} INFO - Started process (PID=1218) to work on /opt/airflow/dags/data_ingestion_dag.py
[2022-08-07 22:07:19,545] {processor.py:642} INFO - Processing file /opt/airflow/dags/data_ingestion_dag.py for tasks to queue
[2022-08-07 22:07:19,546] {logging_mixin.py:109} INFO - [2022-08-07 22:07:19,546] {dagbag.py:500} INFO - Filling up the DagBag from /opt/airflow/dags/data_ingestion_dag.py
[2022-08-07 22:07:20,184] {processor.py:654} INFO - DAG(s) dict_keys(['data_ingestion_gcs_dag']) retrieved from /opt/airflow/dags/data_ingestion_dag.py
[2022-08-07 22:07:20,191] {logging_mixin.py:109} INFO - [2022-08-07 22:07:20,190] {dag.py:2396} INFO - Sync 1 DAGs
[2022-08-07 22:07:20,202] {logging_mixin.py:109} INFO - [2022-08-07 22:07:20,202] {dag.py:2935} INFO - Setting next_dagrun for data_ingestion_gcs_dag to 2022-08-07T00:00:00+00:00
[2022-08-07 22:07:20,207] {processor.py:171} INFO - Processing /opt/airflow/dags/data_ingestion_dag.py took 0.665 seconds
[2022-08-07 22:07:50,282] {processor.py:163} INFO - Started process (PID=1262) to work on /opt/airflow/dags/data_ingestion_dag.py
[2022-08-07 22:07:50,283] {processor.py:642} INFO - Processing file /opt/airflow/dags/data_ingestion_dag.py for tasks to queue
[2022-08-07 22:07:50,284] {logging_mixin.py:109} INFO - [2022-08-07 22:07:50,283] {dagbag.py:500} INFO - Filling up the DagBag from /opt/airflow/dags/data_ingestion_dag.py
[2022-08-07 22:07:50,910] {processor.py:654} INFO - DAG(s) dict_keys(['data_ingestion_gcs_dag']) retrieved from /opt/airflow/dags/data_ingestion_dag.py
[2022-08-07 22:07:50,916] {logging_mixin.py:109} INFO - [2022-08-07 22:07:50,916] {dag.py:2396} INFO - Sync 1 DAGs
[2022-08-07 22:07:50,928] {logging_mixin.py:109} INFO - [2022-08-07 22:07:50,928] {dag.py:2935} INFO - Setting next_dagrun for data_ingestion_gcs_dag to 2022-08-07T00:00:00+00:00
[2022-08-07 22:07:50,933] {processor.py:171} INFO - Processing /opt/airflow/dags/data_ingestion_dag.py took 0.653 seconds
[2022-08-07 22:08:20,998] {processor.py:163} INFO - Started process (PID=1297) to work on /opt/airflow/dags/data_ingestion_dag.py
[2022-08-07 22:08:20,999] {processor.py:642} INFO - Processing file /opt/airflow/dags/data_ingestion_dag.py for tasks to queue
[2022-08-07 22:08:20,999] {logging_mixin.py:109} INFO - [2022-08-07 22:08:20,999] {dagbag.py:500} INFO - Filling up the DagBag from /opt/airflow/dags/data_ingestion_dag.py
[2022-08-07 22:08:21,703] {processor.py:654} INFO - DAG(s) dict_keys(['data_ingestion_gcs_dag']) retrieved from /opt/airflow/dags/data_ingestion_dag.py
[2022-08-07 22:08:21,710] {logging_mixin.py:109} INFO - [2022-08-07 22:08:21,710] {dag.py:2396} INFO - Sync 1 DAGs
[2022-08-07 22:08:21,724] {logging_mixin.py:109} INFO - [2022-08-07 22:08:21,723] {dag.py:2935} INFO - Setting next_dagrun for data_ingestion_gcs_dag to 2022-08-07T00:00:00+00:00
[2022-08-07 22:08:21,730] {processor.py:171} INFO - Processing /opt/airflow/dags/data_ingestion_dag.py took 0.734 seconds
[2022-08-07 22:08:51,789] {processor.py:163} INFO - Started process (PID=1341) to work on /opt/airflow/dags/data_ingestion_dag.py
[2022-08-07 22:08:51,790] {processor.py:642} INFO - Processing file /opt/airflow/dags/data_ingestion_dag.py for tasks to queue
[2022-08-07 22:08:51,790] {logging_mixin.py:109} INFO - [2022-08-07 22:08:51,790] {dagbag.py:500} INFO - Filling up the DagBag from /opt/airflow/dags/data_ingestion_dag.py
[2022-08-07 22:08:52,408] {processor.py:654} INFO - DAG(s) dict_keys(['data_ingestion_gcs_dag']) retrieved from /opt/airflow/dags/data_ingestion_dag.py
[2022-08-07 22:08:52,417] {logging_mixin.py:109} INFO - [2022-08-07 22:08:52,417] {dag.py:2396} INFO - Sync 1 DAGs
[2022-08-07 22:08:52,436] {logging_mixin.py:109} INFO - [2022-08-07 22:08:52,436] {dag.py:2935} INFO - Setting next_dagrun for data_ingestion_gcs_dag to 2022-08-07T00:00:00+00:00
[2022-08-07 22:08:52,444] {processor.py:171} INFO - Processing /opt/airflow/dags/data_ingestion_dag.py took 0.657 seconds
[2022-08-07 22:09:22,520] {processor.py:163} INFO - Started process (PID=1376) to work on /opt/airflow/dags/data_ingestion_dag.py
[2022-08-07 22:09:22,521] {processor.py:642} INFO - Processing file /opt/airflow/dags/data_ingestion_dag.py for tasks to queue
[2022-08-07 22:09:22,521] {logging_mixin.py:109} INFO - [2022-08-07 22:09:22,521] {dagbag.py:500} INFO - Filling up the DagBag from /opt/airflow/dags/data_ingestion_dag.py
[2022-08-07 22:09:23,310] {processor.py:654} INFO - DAG(s) dict_keys(['data_ingestion_gcs_dag']) retrieved from /opt/airflow/dags/data_ingestion_dag.py
[2022-08-07 22:09:23,320] {logging_mixin.py:109} INFO - [2022-08-07 22:09:23,319] {dag.py:2396} INFO - Sync 1 DAGs
[2022-08-07 22:09:23,340] {logging_mixin.py:109} INFO - [2022-08-07 22:09:23,340] {dag.py:2935} INFO - Setting next_dagrun for data_ingestion_gcs_dag to 2022-08-07T00:00:00+00:00
[2022-08-07 22:09:23,349] {processor.py:171} INFO - Processing /opt/airflow/dags/data_ingestion_dag.py took 0.831 seconds
[2022-08-07 22:09:53,411] {processor.py:163} INFO - Started process (PID=1420) to work on /opt/airflow/dags/data_ingestion_dag.py
[2022-08-07 22:09:53,412] {processor.py:642} INFO - Processing file /opt/airflow/dags/data_ingestion_dag.py for tasks to queue
[2022-08-07 22:09:53,412] {logging_mixin.py:109} INFO - [2022-08-07 22:09:53,412] {dagbag.py:500} INFO - Filling up the DagBag from /opt/airflow/dags/data_ingestion_dag.py
[2022-08-07 22:09:53,998] {processor.py:654} INFO - DAG(s) dict_keys(['data_ingestion_gcs_dag']) retrieved from /opt/airflow/dags/data_ingestion_dag.py
[2022-08-07 22:09:54,004] {logging_mixin.py:109} INFO - [2022-08-07 22:09:54,004] {dag.py:2396} INFO - Sync 1 DAGs
[2022-08-07 22:09:54,018] {logging_mixin.py:109} INFO - [2022-08-07 22:09:54,018] {dag.py:2935} INFO - Setting next_dagrun for data_ingestion_gcs_dag to 2022-08-07T00:00:00+00:00
[2022-08-07 22:09:54,023] {processor.py:171} INFO - Processing /opt/airflow/dags/data_ingestion_dag.py took 0.615 seconds
[2022-08-07 22:10:24,080] {processor.py:163} INFO - Started process (PID=1464) to work on /opt/airflow/dags/data_ingestion_dag.py
[2022-08-07 22:10:24,081] {processor.py:642} INFO - Processing file /opt/airflow/dags/data_ingestion_dag.py for tasks to queue
[2022-08-07 22:10:24,082] {logging_mixin.py:109} INFO - [2022-08-07 22:10:24,082] {dagbag.py:500} INFO - Filling up the DagBag from /opt/airflow/dags/data_ingestion_dag.py
[2022-08-07 22:10:24,711] {processor.py:654} INFO - DAG(s) dict_keys(['data_ingestion_gcs_dag']) retrieved from /opt/airflow/dags/data_ingestion_dag.py
[2022-08-07 22:10:24,718] {logging_mixin.py:109} INFO - [2022-08-07 22:10:24,717] {dag.py:2396} INFO - Sync 1 DAGs
[2022-08-07 22:10:24,731] {logging_mixin.py:109} INFO - [2022-08-07 22:10:24,731] {dag.py:2935} INFO - Setting next_dagrun for data_ingestion_gcs_dag to 2022-08-07T00:00:00+00:00
[2022-08-07 22:10:24,737] {processor.py:171} INFO - Processing /opt/airflow/dags/data_ingestion_dag.py took 0.659 seconds
[2022-08-07 22:10:54,815] {processor.py:163} INFO - Started process (PID=1499) to work on /opt/airflow/dags/data_ingestion_dag.py
[2022-08-07 22:10:54,816] {processor.py:642} INFO - Processing file /opt/airflow/dags/data_ingestion_dag.py for tasks to queue
[2022-08-07 22:10:54,817] {logging_mixin.py:109} INFO - [2022-08-07 22:10:54,817] {dagbag.py:500} INFO - Filling up the DagBag from /opt/airflow/dags/data_ingestion_dag.py
[2022-08-07 22:10:55,404] {processor.py:654} INFO - DAG(s) dict_keys(['data_ingestion_gcs_dag']) retrieved from /opt/airflow/dags/data_ingestion_dag.py
[2022-08-07 22:10:55,410] {logging_mixin.py:109} INFO - [2022-08-07 22:10:55,410] {dag.py:2396} INFO - Sync 1 DAGs
[2022-08-07 22:10:55,423] {logging_mixin.py:109} INFO - [2022-08-07 22:10:55,423] {dag.py:2935} INFO - Setting next_dagrun for data_ingestion_gcs_dag to 2022-08-07T00:00:00+00:00
[2022-08-07 22:10:55,429] {processor.py:171} INFO - Processing /opt/airflow/dags/data_ingestion_dag.py took 0.615 seconds
[2022-08-07 22:11:25,486] {processor.py:163} INFO - Started process (PID=1543) to work on /opt/airflow/dags/data_ingestion_dag.py
[2022-08-07 22:11:25,487] {processor.py:642} INFO - Processing file /opt/airflow/dags/data_ingestion_dag.py for tasks to queue
[2022-08-07 22:11:25,488] {logging_mixin.py:109} INFO - [2022-08-07 22:11:25,488] {dagbag.py:500} INFO - Filling up the DagBag from /opt/airflow/dags/data_ingestion_dag.py
[2022-08-07 22:11:26,107] {processor.py:654} INFO - DAG(s) dict_keys(['data_ingestion_gcs_dag']) retrieved from /opt/airflow/dags/data_ingestion_dag.py
[2022-08-07 22:11:26,116] {logging_mixin.py:109} INFO - [2022-08-07 22:11:26,115] {dag.py:2396} INFO - Sync 1 DAGs
[2022-08-07 22:11:26,127] {logging_mixin.py:109} INFO - [2022-08-07 22:11:26,127] {dag.py:2935} INFO - Setting next_dagrun for data_ingestion_gcs_dag to 2022-08-07T00:00:00+00:00
[2022-08-07 22:11:26,133] {processor.py:171} INFO - Processing /opt/airflow/dags/data_ingestion_dag.py took 0.648 seconds
[2022-08-07 22:11:56,225] {processor.py:163} INFO - Started process (PID=1578) to work on /opt/airflow/dags/data_ingestion_dag.py
[2022-08-07 22:11:56,226] {processor.py:642} INFO - Processing file /opt/airflow/dags/data_ingestion_dag.py for tasks to queue
[2022-08-07 22:11:56,226] {logging_mixin.py:109} INFO - [2022-08-07 22:11:56,226] {dagbag.py:500} INFO - Filling up the DagBag from /opt/airflow/dags/data_ingestion_dag.py
[2022-08-07 22:11:56,816] {processor.py:654} INFO - DAG(s) dict_keys(['data_ingestion_gcs_dag']) retrieved from /opt/airflow/dags/data_ingestion_dag.py
[2022-08-07 22:11:56,823] {logging_mixin.py:109} INFO - [2022-08-07 22:11:56,823] {dag.py:2396} INFO - Sync 1 DAGs
[2022-08-07 22:11:56,835] {logging_mixin.py:109} INFO - [2022-08-07 22:11:56,835] {dag.py:2935} INFO - Setting next_dagrun for data_ingestion_gcs_dag to 2022-08-07T00:00:00+00:00
[2022-08-07 22:11:56,841] {processor.py:171} INFO - Processing /opt/airflow/dags/data_ingestion_dag.py took 0.618 seconds
[2022-08-07 22:12:26,909] {processor.py:163} INFO - Started process (PID=1622) to work on /opt/airflow/dags/data_ingestion_dag.py
[2022-08-07 22:12:26,910] {processor.py:642} INFO - Processing file /opt/airflow/dags/data_ingestion_dag.py for tasks to queue
[2022-08-07 22:12:26,910] {logging_mixin.py:109} INFO - [2022-08-07 22:12:26,910] {dagbag.py:500} INFO - Filling up the DagBag from /opt/airflow/dags/data_ingestion_dag.py
[2022-08-07 22:12:27,625] {processor.py:654} INFO - DAG(s) dict_keys(['data_ingestion_gcs_dag']) retrieved from /opt/airflow/dags/data_ingestion_dag.py
[2022-08-07 22:12:27,635] {logging_mixin.py:109} INFO - [2022-08-07 22:12:27,634] {dag.py:2396} INFO - Sync 1 DAGs
[2022-08-07 22:12:27,648] {logging_mixin.py:109} INFO - [2022-08-07 22:12:27,648] {dag.py:2935} INFO - Setting next_dagrun for data_ingestion_gcs_dag to 2022-08-07T00:00:00+00:00
[2022-08-07 22:12:27,654] {processor.py:171} INFO - Processing /opt/airflow/dags/data_ingestion_dag.py took 0.748 seconds
[2022-08-07 22:12:57,717] {processor.py:163} INFO - Started process (PID=1665) to work on /opt/airflow/dags/data_ingestion_dag.py
[2022-08-07 22:12:57,718] {processor.py:642} INFO - Processing file /opt/airflow/dags/data_ingestion_dag.py for tasks to queue
[2022-08-07 22:12:57,718] {logging_mixin.py:109} INFO - [2022-08-07 22:12:57,718] {dagbag.py:500} INFO - Filling up the DagBag from /opt/airflow/dags/data_ingestion_dag.py
[2022-08-07 22:12:58,394] {processor.py:654} INFO - DAG(s) dict_keys(['data_ingestion_gcs_dag']) retrieved from /opt/airflow/dags/data_ingestion_dag.py
[2022-08-07 22:12:58,400] {logging_mixin.py:109} INFO - [2022-08-07 22:12:58,400] {dag.py:2396} INFO - Sync 1 DAGs
[2022-08-07 22:12:58,413] {logging_mixin.py:109} INFO - [2022-08-07 22:12:58,413] {dag.py:2935} INFO - Setting next_dagrun for data_ingestion_gcs_dag to 2022-08-07T00:00:00+00:00
[2022-08-07 22:12:58,419] {processor.py:171} INFO - Processing /opt/airflow/dags/data_ingestion_dag.py took 0.704 seconds
[2022-08-07 22:13:28,503] {processor.py:163} INFO - Started process (PID=1700) to work on /opt/airflow/dags/data_ingestion_dag.py
[2022-08-07 22:13:28,504] {processor.py:642} INFO - Processing file /opt/airflow/dags/data_ingestion_dag.py for tasks to queue
[2022-08-07 22:13:28,505] {logging_mixin.py:109} INFO - [2022-08-07 22:13:28,505] {dagbag.py:500} INFO - Filling up the DagBag from /opt/airflow/dags/data_ingestion_dag.py
[2022-08-07 22:13:29,280] {processor.py:654} INFO - DAG(s) dict_keys(['data_ingestion_gcs_dag']) retrieved from /opt/airflow/dags/data_ingestion_dag.py
[2022-08-07 22:13:29,288] {logging_mixin.py:109} INFO - [2022-08-07 22:13:29,288] {dag.py:2396} INFO - Sync 1 DAGs
[2022-08-07 22:13:29,304] {logging_mixin.py:109} INFO - [2022-08-07 22:13:29,304] {dag.py:2935} INFO - Setting next_dagrun for data_ingestion_gcs_dag to 2022-08-07T00:00:00+00:00
[2022-08-07 22:13:29,312] {processor.py:171} INFO - Processing /opt/airflow/dags/data_ingestion_dag.py took 0.811 seconds
[2022-08-07 22:13:59,377] {processor.py:163} INFO - Started process (PID=1744) to work on /opt/airflow/dags/data_ingestion_dag.py
[2022-08-07 22:13:59,378] {processor.py:642} INFO - Processing file /opt/airflow/dags/data_ingestion_dag.py for tasks to queue
[2022-08-07 22:13:59,379] {logging_mixin.py:109} INFO - [2022-08-07 22:13:59,378] {dagbag.py:500} INFO - Filling up the DagBag from /opt/airflow/dags/data_ingestion_dag.py
[2022-08-07 22:14:00,001] {processor.py:654} INFO - DAG(s) dict_keys(['data_ingestion_gcs_dag']) retrieved from /opt/airflow/dags/data_ingestion_dag.py
[2022-08-07 22:14:00,007] {logging_mixin.py:109} INFO - [2022-08-07 22:14:00,007] {dag.py:2396} INFO - Sync 1 DAGs
[2022-08-07 22:14:00,018] {logging_mixin.py:109} INFO - [2022-08-07 22:14:00,018] {dag.py:2935} INFO - Setting next_dagrun for data_ingestion_gcs_dag to 2022-08-07T00:00:00+00:00
[2022-08-07 22:14:00,023] {processor.py:171} INFO - Processing /opt/airflow/dags/data_ingestion_dag.py took 0.648 seconds
[2022-08-07 22:14:30,079] {processor.py:163} INFO - Started process (PID=1779) to work on /opt/airflow/dags/data_ingestion_dag.py
[2022-08-07 22:14:30,080] {processor.py:642} INFO - Processing file /opt/airflow/dags/data_ingestion_dag.py for tasks to queue
[2022-08-07 22:14:30,081] {logging_mixin.py:109} INFO - [2022-08-07 22:14:30,081] {dagbag.py:500} INFO - Filling up the DagBag from /opt/airflow/dags/data_ingestion_dag.py
[2022-08-07 22:14:30,671] {processor.py:654} INFO - DAG(s) dict_keys(['data_ingestion_gcs_dag']) retrieved from /opt/airflow/dags/data_ingestion_dag.py
[2022-08-07 22:14:30,678] {logging_mixin.py:109} INFO - [2022-08-07 22:14:30,677] {dag.py:2396} INFO - Sync 1 DAGs
[2022-08-07 22:14:30,689] {logging_mixin.py:109} INFO - [2022-08-07 22:14:30,689] {dag.py:2935} INFO - Setting next_dagrun for data_ingestion_gcs_dag to 2022-08-07T00:00:00+00:00
[2022-08-07 22:14:30,694] {processor.py:171} INFO - Processing /opt/airflow/dags/data_ingestion_dag.py took 0.617 seconds
[2022-08-07 22:15:00,773] {processor.py:163} INFO - Started process (PID=1823) to work on /opt/airflow/dags/data_ingestion_dag.py
[2022-08-07 22:15:00,773] {processor.py:642} INFO - Processing file /opt/airflow/dags/data_ingestion_dag.py for tasks to queue
[2022-08-07 22:15:00,774] {logging_mixin.py:109} INFO - [2022-08-07 22:15:00,774] {dagbag.py:500} INFO - Filling up the DagBag from /opt/airflow/dags/data_ingestion_dag.py
[2022-08-07 22:15:01,381] {processor.py:654} INFO - DAG(s) dict_keys(['data_ingestion_gcs_dag']) retrieved from /opt/airflow/dags/data_ingestion_dag.py
[2022-08-07 22:15:01,387] {logging_mixin.py:109} INFO - [2022-08-07 22:15:01,387] {dag.py:2396} INFO - Sync 1 DAGs
[2022-08-07 22:15:01,399] {logging_mixin.py:109} INFO - [2022-08-07 22:15:01,399] {dag.py:2935} INFO - Setting next_dagrun for data_ingestion_gcs_dag to 2022-08-07T00:00:00+00:00
[2022-08-07 22:15:01,405] {processor.py:171} INFO - Processing /opt/airflow/dags/data_ingestion_dag.py took 0.635 seconds
[2022-08-07 22:15:31,462] {processor.py:163} INFO - Started process (PID=1867) to work on /opt/airflow/dags/data_ingestion_dag.py
[2022-08-07 22:15:31,463] {processor.py:642} INFO - Processing file /opt/airflow/dags/data_ingestion_dag.py for tasks to queue
[2022-08-07 22:15:31,463] {logging_mixin.py:109} INFO - [2022-08-07 22:15:31,463] {dagbag.py:500} INFO - Filling up the DagBag from /opt/airflow/dags/data_ingestion_dag.py
[2022-08-07 22:15:32,115] {processor.py:654} INFO - DAG(s) dict_keys(['data_ingestion_gcs_dag']) retrieved from /opt/airflow/dags/data_ingestion_dag.py
[2022-08-07 22:15:32,122] {logging_mixin.py:109} INFO - [2022-08-07 22:15:32,122] {dag.py:2396} INFO - Sync 1 DAGs
[2022-08-07 22:15:32,135] {logging_mixin.py:109} INFO - [2022-08-07 22:15:32,134] {dag.py:2935} INFO - Setting next_dagrun for data_ingestion_gcs_dag to 2022-08-07T00:00:00+00:00
[2022-08-07 22:15:32,141] {processor.py:171} INFO - Processing /opt/airflow/dags/data_ingestion_dag.py took 0.681 seconds
[2022-08-07 22:16:02,222] {processor.py:163} INFO - Started process (PID=1902) to work on /opt/airflow/dags/data_ingestion_dag.py
[2022-08-07 22:16:02,222] {processor.py:642} INFO - Processing file /opt/airflow/dags/data_ingestion_dag.py for tasks to queue
[2022-08-07 22:16:02,223] {logging_mixin.py:109} INFO - [2022-08-07 22:16:02,223] {dagbag.py:500} INFO - Filling up the DagBag from /opt/airflow/dags/data_ingestion_dag.py
[2022-08-07 22:16:02,813] {processor.py:654} INFO - DAG(s) dict_keys(['data_ingestion_gcs_dag']) retrieved from /opt/airflow/dags/data_ingestion_dag.py
[2022-08-07 22:16:02,819] {logging_mixin.py:109} INFO - [2022-08-07 22:16:02,819] {dag.py:2396} INFO - Sync 1 DAGs
[2022-08-07 22:16:02,830] {logging_mixin.py:109} INFO - [2022-08-07 22:16:02,830] {dag.py:2935} INFO - Setting next_dagrun for data_ingestion_gcs_dag to 2022-08-07T00:00:00+00:00
[2022-08-07 22:16:02,836] {processor.py:171} INFO - Processing /opt/airflow/dags/data_ingestion_dag.py took 0.616 seconds
[2022-08-07 22:16:32,897] {processor.py:163} INFO - Started process (PID=1946) to work on /opt/airflow/dags/data_ingestion_dag.py
[2022-08-07 22:16:32,898] {processor.py:642} INFO - Processing file /opt/airflow/dags/data_ingestion_dag.py for tasks to queue
[2022-08-07 22:16:32,898] {logging_mixin.py:109} INFO - [2022-08-07 22:16:32,898] {dagbag.py:500} INFO - Filling up the DagBag from /opt/airflow/dags/data_ingestion_dag.py
[2022-08-07 22:16:33,491] {processor.py:654} INFO - DAG(s) dict_keys(['data_ingestion_gcs_dag']) retrieved from /opt/airflow/dags/data_ingestion_dag.py
[2022-08-07 22:16:33,499] {logging_mixin.py:109} INFO - [2022-08-07 22:16:33,499] {dag.py:2396} INFO - Sync 1 DAGs
[2022-08-07 22:16:33,511] {logging_mixin.py:109} INFO - [2022-08-07 22:16:33,511] {dag.py:2935} INFO - Setting next_dagrun for data_ingestion_gcs_dag to 2022-08-07T00:00:00+00:00
[2022-08-07 22:16:33,517] {processor.py:171} INFO - Processing /opt/airflow/dags/data_ingestion_dag.py took 0.623 seconds
[2022-08-07 22:17:03,593] {processor.py:163} INFO - Started process (PID=1981) to work on /opt/airflow/dags/data_ingestion_dag.py
[2022-08-07 22:17:03,593] {processor.py:642} INFO - Processing file /opt/airflow/dags/data_ingestion_dag.py for tasks to queue
[2022-08-07 22:17:03,594] {logging_mixin.py:109} INFO - [2022-08-07 22:17:03,594] {dagbag.py:500} INFO - Filling up the DagBag from /opt/airflow/dags/data_ingestion_dag.py
[2022-08-07 22:17:04,183] {processor.py:654} INFO - DAG(s) dict_keys(['data_ingestion_gcs_dag']) retrieved from /opt/airflow/dags/data_ingestion_dag.py
[2022-08-07 22:17:04,190] {logging_mixin.py:109} INFO - [2022-08-07 22:17:04,189] {dag.py:2396} INFO - Sync 1 DAGs
[2022-08-07 22:17:04,201] {logging_mixin.py:109} INFO - [2022-08-07 22:17:04,201] {dag.py:2935} INFO - Setting next_dagrun for data_ingestion_gcs_dag to 2022-08-07T00:00:00+00:00
[2022-08-07 22:17:04,206] {processor.py:171} INFO - Processing /opt/airflow/dags/data_ingestion_dag.py took 0.616 seconds
[2022-08-07 22:17:34,267] {processor.py:163} INFO - Started process (PID=2025) to work on /opt/airflow/dags/data_ingestion_dag.py
[2022-08-07 22:17:34,267] {processor.py:642} INFO - Processing file /opt/airflow/dags/data_ingestion_dag.py for tasks to queue
[2022-08-07 22:17:34,268] {logging_mixin.py:109} INFO - [2022-08-07 22:17:34,268] {dagbag.py:500} INFO - Filling up the DagBag from /opt/airflow/dags/data_ingestion_dag.py
[2022-08-07 22:17:34,881] {processor.py:654} INFO - DAG(s) dict_keys(['data_ingestion_gcs_dag']) retrieved from /opt/airflow/dags/data_ingestion_dag.py
[2022-08-07 22:17:34,888] {logging_mixin.py:109} INFO - [2022-08-07 22:17:34,887] {dag.py:2396} INFO - Sync 1 DAGs
[2022-08-07 22:17:34,899] {logging_mixin.py:109} INFO - [2022-08-07 22:17:34,899] {dag.py:2935} INFO - Setting next_dagrun for data_ingestion_gcs_dag to 2022-08-07T00:00:00+00:00
[2022-08-07 22:17:34,905] {processor.py:171} INFO - Processing /opt/airflow/dags/data_ingestion_dag.py took 0.640 seconds
[2022-08-07 22:18:04,983] {processor.py:163} INFO - Started process (PID=2069) to work on /opt/airflow/dags/data_ingestion_dag.py
[2022-08-07 22:18:04,984] {processor.py:642} INFO - Processing file /opt/airflow/dags/data_ingestion_dag.py for tasks to queue
[2022-08-07 22:18:04,984] {logging_mixin.py:109} INFO - [2022-08-07 22:18:04,984] {dagbag.py:500} INFO - Filling up the DagBag from /opt/airflow/dags/data_ingestion_dag.py
[2022-08-07 22:18:05,628] {processor.py:654} INFO - DAG(s) dict_keys(['data_ingestion_gcs_dag']) retrieved from /opt/airflow/dags/data_ingestion_dag.py
[2022-08-07 22:18:05,635] {logging_mixin.py:109} INFO - [2022-08-07 22:18:05,634] {dag.py:2396} INFO - Sync 1 DAGs
[2022-08-07 22:18:05,646] {logging_mixin.py:109} INFO - [2022-08-07 22:18:05,646] {dag.py:2935} INFO - Setting next_dagrun for data_ingestion_gcs_dag to 2022-08-07T00:00:00+00:00
[2022-08-07 22:18:05,652] {processor.py:171} INFO - Processing /opt/airflow/dags/data_ingestion_dag.py took 0.671 seconds
[2022-08-07 22:18:35,708] {processor.py:163} INFO - Started process (PID=2104) to work on /opt/airflow/dags/data_ingestion_dag.py
[2022-08-07 22:18:35,709] {processor.py:642} INFO - Processing file /opt/airflow/dags/data_ingestion_dag.py for tasks to queue
[2022-08-07 22:18:35,709] {logging_mixin.py:109} INFO - [2022-08-07 22:18:35,709] {dagbag.py:500} INFO - Filling up the DagBag from /opt/airflow/dags/data_ingestion_dag.py
[2022-08-07 22:18:36,313] {processor.py:654} INFO - DAG(s) dict_keys(['data_ingestion_gcs_dag']) retrieved from /opt/airflow/dags/data_ingestion_dag.py
[2022-08-07 22:18:36,319] {logging_mixin.py:109} INFO - [2022-08-07 22:18:36,319] {dag.py:2396} INFO - Sync 1 DAGs
[2022-08-07 22:18:36,330] {logging_mixin.py:109} INFO - [2022-08-07 22:18:36,330] {dag.py:2935} INFO - Setting next_dagrun for data_ingestion_gcs_dag to 2022-08-07T00:00:00+00:00
[2022-08-07 22:18:36,336] {processor.py:171} INFO - Processing /opt/airflow/dags/data_ingestion_dag.py took 0.630 seconds
[2022-08-07 22:19:06,414] {processor.py:163} INFO - Started process (PID=2148) to work on /opt/airflow/dags/data_ingestion_dag.py
[2022-08-07 22:19:06,414] {processor.py:642} INFO - Processing file /opt/airflow/dags/data_ingestion_dag.py for tasks to queue
[2022-08-07 22:19:06,415] {logging_mixin.py:109} INFO - [2022-08-07 22:19:06,415] {dagbag.py:500} INFO - Filling up the DagBag from /opt/airflow/dags/data_ingestion_dag.py
[2022-08-07 22:19:06,992] {processor.py:654} INFO - DAG(s) dict_keys(['data_ingestion_gcs_dag']) retrieved from /opt/airflow/dags/data_ingestion_dag.py
[2022-08-07 22:19:06,998] {logging_mixin.py:109} INFO - [2022-08-07 22:19:06,997] {dag.py:2396} INFO - Sync 1 DAGs
[2022-08-07 22:19:07,009] {logging_mixin.py:109} INFO - [2022-08-07 22:19:07,009] {dag.py:2935} INFO - Setting next_dagrun for data_ingestion_gcs_dag to 2022-08-07T00:00:00+00:00
[2022-08-07 22:19:07,014] {processor.py:171} INFO - Processing /opt/airflow/dags/data_ingestion_dag.py took 0.603 seconds
[2022-08-07 22:19:37,070] {processor.py:163} INFO - Started process (PID=2183) to work on /opt/airflow/dags/data_ingestion_dag.py
[2022-08-07 22:19:37,071] {processor.py:642} INFO - Processing file /opt/airflow/dags/data_ingestion_dag.py for tasks to queue
[2022-08-07 22:19:37,072] {logging_mixin.py:109} INFO - [2022-08-07 22:19:37,072] {dagbag.py:500} INFO - Filling up the DagBag from /opt/airflow/dags/data_ingestion_dag.py
[2022-08-07 22:19:37,675] {processor.py:654} INFO - DAG(s) dict_keys(['data_ingestion_gcs_dag']) retrieved from /opt/airflow/dags/data_ingestion_dag.py
[2022-08-07 22:19:37,681] {logging_mixin.py:109} INFO - [2022-08-07 22:19:37,681] {dag.py:2396} INFO - Sync 1 DAGs
[2022-08-07 22:19:37,692] {logging_mixin.py:109} INFO - [2022-08-07 22:19:37,692] {dag.py:2935} INFO - Setting next_dagrun for data_ingestion_gcs_dag to 2022-08-07T00:00:00+00:00
[2022-08-07 22:19:37,698] {processor.py:171} INFO - Processing /opt/airflow/dags/data_ingestion_dag.py took 0.629 seconds
[2022-08-07 22:20:07,773] {processor.py:163} INFO - Started process (PID=2227) to work on /opt/airflow/dags/data_ingestion_dag.py
[2022-08-07 22:20:07,774] {processor.py:642} INFO - Processing file /opt/airflow/dags/data_ingestion_dag.py for tasks to queue
[2022-08-07 22:20:07,774] {logging_mixin.py:109} INFO - [2022-08-07 22:20:07,774] {dagbag.py:500} INFO - Filling up the DagBag from /opt/airflow/dags/data_ingestion_dag.py
[2022-08-07 22:20:08,378] {processor.py:654} INFO - DAG(s) dict_keys(['data_ingestion_gcs_dag']) retrieved from /opt/airflow/dags/data_ingestion_dag.py
[2022-08-07 22:20:08,384] {logging_mixin.py:109} INFO - [2022-08-07 22:20:08,384] {dag.py:2396} INFO - Sync 1 DAGs
[2022-08-07 22:20:08,395] {logging_mixin.py:109} INFO - [2022-08-07 22:20:08,395] {dag.py:2935} INFO - Setting next_dagrun for data_ingestion_gcs_dag to 2022-08-07T00:00:00+00:00
[2022-08-07 22:20:08,401] {processor.py:171} INFO - Processing /opt/airflow/dags/data_ingestion_dag.py took 0.630 seconds
[2022-08-07 22:20:38,459] {processor.py:163} INFO - Started process (PID=2271) to work on /opt/airflow/dags/data_ingestion_dag.py
[2022-08-07 22:20:38,460] {processor.py:642} INFO - Processing file /opt/airflow/dags/data_ingestion_dag.py for tasks to queue
[2022-08-07 22:20:38,460] {logging_mixin.py:109} INFO - [2022-08-07 22:20:38,460] {dagbag.py:500} INFO - Filling up the DagBag from /opt/airflow/dags/data_ingestion_dag.py
[2022-08-07 22:20:39,113] {processor.py:654} INFO - DAG(s) dict_keys(['data_ingestion_gcs_dag']) retrieved from /opt/airflow/dags/data_ingestion_dag.py
[2022-08-07 22:20:39,120] {logging_mixin.py:109} INFO - [2022-08-07 22:20:39,120] {dag.py:2396} INFO - Sync 1 DAGs
[2022-08-07 22:20:39,131] {logging_mixin.py:109} INFO - [2022-08-07 22:20:39,131] {dag.py:2935} INFO - Setting next_dagrun for data_ingestion_gcs_dag to 2022-08-07T00:00:00+00:00
[2022-08-07 22:20:39,137] {processor.py:171} INFO - Processing /opt/airflow/dags/data_ingestion_dag.py took 0.680 seconds
[2022-08-07 22:21:09,213] {processor.py:163} INFO - Started process (PID=2306) to work on /opt/airflow/dags/data_ingestion_dag.py
[2022-08-07 22:21:09,213] {processor.py:642} INFO - Processing file /opt/airflow/dags/data_ingestion_dag.py for tasks to queue
[2022-08-07 22:21:09,214] {logging_mixin.py:109} INFO - [2022-08-07 22:21:09,214] {dagbag.py:500} INFO - Filling up the DagBag from /opt/airflow/dags/data_ingestion_dag.py
[2022-08-07 22:21:09,803] {processor.py:654} INFO - DAG(s) dict_keys(['data_ingestion_gcs_dag']) retrieved from /opt/airflow/dags/data_ingestion_dag.py
[2022-08-07 22:21:09,810] {logging_mixin.py:109} INFO - [2022-08-07 22:21:09,809] {dag.py:2396} INFO - Sync 1 DAGs
[2022-08-07 22:21:09,821] {logging_mixin.py:109} INFO - [2022-08-07 22:21:09,821] {dag.py:2935} INFO - Setting next_dagrun for data_ingestion_gcs_dag to 2022-08-07T00:00:00+00:00
[2022-08-07 22:21:09,827] {processor.py:171} INFO - Processing /opt/airflow/dags/data_ingestion_dag.py took 0.616 seconds
[2022-08-07 22:21:39,890] {processor.py:163} INFO - Started process (PID=2350) to work on /opt/airflow/dags/data_ingestion_dag.py
[2022-08-07 22:21:39,891] {processor.py:642} INFO - Processing file /opt/airflow/dags/data_ingestion_dag.py for tasks to queue
[2022-08-07 22:21:39,891] {logging_mixin.py:109} INFO - [2022-08-07 22:21:39,891] {dagbag.py:500} INFO - Filling up the DagBag from /opt/airflow/dags/data_ingestion_dag.py
[2022-08-07 22:21:40,623] {processor.py:654} INFO - DAG(s) dict_keys(['data_ingestion_gcs_dag']) retrieved from /opt/airflow/dags/data_ingestion_dag.py
[2022-08-07 22:21:40,630] {logging_mixin.py:109} INFO - [2022-08-07 22:21:40,630] {dag.py:2396} INFO - Sync 1 DAGs
[2022-08-07 22:21:40,647] {logging_mixin.py:109} INFO - [2022-08-07 22:21:40,646] {dag.py:2935} INFO - Setting next_dagrun for data_ingestion_gcs_dag to 2022-08-07T00:00:00+00:00
[2022-08-07 22:21:40,655] {processor.py:171} INFO - Processing /opt/airflow/dags/data_ingestion_dag.py took 0.768 seconds
[2022-08-07 22:22:10,690] {processor.py:163} INFO - Started process (PID=2386) to work on /opt/airflow/dags/data_ingestion_dag.py
[2022-08-07 22:22:10,693] {processor.py:642} INFO - Processing file /opt/airflow/dags/data_ingestion_dag.py for tasks to queue
[2022-08-07 22:22:10,694] {logging_mixin.py:109} INFO - [2022-08-07 22:22:10,694] {dagbag.py:500} INFO - Filling up the DagBag from /opt/airflow/dags/data_ingestion_dag.py
[2022-08-07 22:22:11,369] {processor.py:654} INFO - DAG(s) dict_keys(['data_ingestion_gcs_dag']) retrieved from /opt/airflow/dags/data_ingestion_dag.py
[2022-08-07 22:22:11,376] {logging_mixin.py:109} INFO - [2022-08-07 22:22:11,376] {dag.py:2396} INFO - Sync 1 DAGs
[2022-08-07 22:22:11,389] {logging_mixin.py:109} INFO - [2022-08-07 22:22:11,389] {dag.py:2935} INFO - Setting next_dagrun for data_ingestion_gcs_dag to 2022-08-07T00:00:00+00:00
[2022-08-07 22:22:11,395] {processor.py:171} INFO - Processing /opt/airflow/dags/data_ingestion_dag.py took 0.708 seconds
[2022-08-07 22:22:41,485] {processor.py:163} INFO - Started process (PID=2430) to work on /opt/airflow/dags/data_ingestion_dag.py
[2022-08-07 22:22:41,487] {processor.py:642} INFO - Processing file /opt/airflow/dags/data_ingestion_dag.py for tasks to queue
[2022-08-07 22:22:41,488] {logging_mixin.py:109} INFO - [2022-08-07 22:22:41,488] {dagbag.py:500} INFO - Filling up the DagBag from /opt/airflow/dags/data_ingestion_dag.py
[2022-08-07 22:22:42,093] {processor.py:654} INFO - DAG(s) dict_keys(['data_ingestion_gcs_dag']) retrieved from /opt/airflow/dags/data_ingestion_dag.py
[2022-08-07 22:22:42,100] {logging_mixin.py:109} INFO - [2022-08-07 22:22:42,099] {dag.py:2396} INFO - Sync 1 DAGs
[2022-08-07 22:22:42,111] {logging_mixin.py:109} INFO - [2022-08-07 22:22:42,111] {dag.py:2935} INFO - Setting next_dagrun for data_ingestion_gcs_dag to 2022-08-07T00:00:00+00:00
[2022-08-07 22:22:42,116] {processor.py:171} INFO - Processing /opt/airflow/dags/data_ingestion_dag.py took 0.633 seconds
[2022-08-07 22:23:12,174] {processor.py:163} INFO - Started process (PID=2465) to work on /opt/airflow/dags/data_ingestion_dag.py
[2022-08-07 22:23:12,175] {processor.py:642} INFO - Processing file /opt/airflow/dags/data_ingestion_dag.py for tasks to queue
[2022-08-07 22:23:12,176] {logging_mixin.py:109} INFO - [2022-08-07 22:23:12,176] {dagbag.py:500} INFO - Filling up the DagBag from /opt/airflow/dags/data_ingestion_dag.py
[2022-08-07 22:23:12,783] {processor.py:654} INFO - DAG(s) dict_keys(['data_ingestion_gcs_dag']) retrieved from /opt/airflow/dags/data_ingestion_dag.py
[2022-08-07 22:23:12,789] {logging_mixin.py:109} INFO - [2022-08-07 22:23:12,789] {dag.py:2396} INFO - Sync 1 DAGs
[2022-08-07 22:23:12,800] {logging_mixin.py:109} INFO - [2022-08-07 22:23:12,800] {dag.py:2935} INFO - Setting next_dagrun for data_ingestion_gcs_dag to 2022-08-07T00:00:00+00:00
[2022-08-07 22:23:12,805] {processor.py:171} INFO - Processing /opt/airflow/dags/data_ingestion_dag.py took 0.633 seconds
