[2022-07-31 10:25:45,532] {taskinstance.py:1032} INFO - Dependencies all met for <TaskInstance: data_ingestion_gcs_dag.download_dataset_task scheduled__2022-07-30T00:00:00+00:00 [queued]>
[2022-07-31 10:25:45,544] {taskinstance.py:1032} INFO - Dependencies all met for <TaskInstance: data_ingestion_gcs_dag.download_dataset_task scheduled__2022-07-30T00:00:00+00:00 [queued]>
[2022-07-31 10:25:45,545] {taskinstance.py:1238} INFO - 
--------------------------------------------------------------------------------
[2022-07-31 10:25:45,545] {taskinstance.py:1239} INFO - Starting attempt 1 of 2
[2022-07-31 10:25:45,545] {taskinstance.py:1240} INFO - 
--------------------------------------------------------------------------------
[2022-07-31 10:25:45,560] {taskinstance.py:1259} INFO - Executing <Task(BashOperator): download_dataset_task> on 2022-07-30 00:00:00+00:00
[2022-07-31 10:25:45,566] {standard_task_runner.py:52} INFO - Started process 138 to run task
[2022-07-31 10:25:45,569] {standard_task_runner.py:76} INFO - Running: ['***', 'tasks', 'run', 'data_ingestion_gcs_dag', 'download_dataset_task', 'scheduled__2022-07-30T00:00:00+00:00', '--job-id', '3', '--raw', '--subdir', 'DAGS_FOLDER/data_ingestion_gcs_dag.py', '--cfg-path', '/tmp/tmpucwx9f4i', '--error-file', '/tmp/tmpnutjo8cf']
[2022-07-31 10:25:45,570] {standard_task_runner.py:77} INFO - Job 3: Subtask download_dataset_task
[2022-07-31 10:25:45,658] {logging_mixin.py:109} INFO - Running <TaskInstance: data_ingestion_gcs_dag.download_dataset_task scheduled__2022-07-30T00:00:00+00:00 [running]> on host 5639833d9bf1
[2022-07-31 10:25:45,755] {taskinstance.py:1426} INFO - Exporting the following env vars:
AIRFLOW_CTX_DAG_OWNER=***
AIRFLOW_CTX_DAG_ID=data_ingestion_gcs_dag
AIRFLOW_CTX_TASK_ID=download_dataset_task
AIRFLOW_CTX_EXECUTION_DATE=2022-07-30T00:00:00+00:00
AIRFLOW_CTX_DAG_RUN_ID=scheduled__2022-07-30T00:00:00+00:00
[2022-07-31 10:25:45,757] {subprocess.py:62} INFO - Tmp dir root location: 
 /tmp
[2022-07-31 10:25:45,757] {subprocess.py:74} INFO - Running command: ['bash', '-c', 'curl -sSL https://s3.amazonaws.com/nyc-tlc/trip+data/yellow_tripdata_2021-01.csv > /opt/***/yellow_tripdata_2021-01.csv']
[2022-07-31 10:25:45,773] {subprocess.py:85} INFO - Output:
[2022-07-31 10:25:46,141] {subprocess.py:93} INFO - Command exited with return code 0
[2022-07-31 10:25:46,169] {taskinstance.py:1277} INFO - Marking task as SUCCESS. dag_id=data_ingestion_gcs_dag, task_id=download_dataset_task, execution_date=20220730T000000, start_date=20220731T102545, end_date=20220731T102546
[2022-07-31 10:25:46,225] {local_task_job.py:154} INFO - Task exited with return code 0
[2022-07-31 10:25:46,269] {local_task_job.py:264} INFO - 1 downstream tasks scheduled from follow-on schedule check
[2022-07-31 10:46:15,843] {taskinstance.py:1032} INFO - Dependencies all met for <TaskInstance: data_ingestion_gcs_dag.download_dataset_task scheduled__2022-07-30T00:00:00+00:00 [queued]>
[2022-07-31 10:46:15,853] {taskinstance.py:1032} INFO - Dependencies all met for <TaskInstance: data_ingestion_gcs_dag.download_dataset_task scheduled__2022-07-30T00:00:00+00:00 [queued]>
[2022-07-31 10:46:15,853] {taskinstance.py:1238} INFO - 
--------------------------------------------------------------------------------
[2022-07-31 10:46:15,853] {taskinstance.py:1239} INFO - Starting attempt 1 of 2
[2022-07-31 10:46:15,853] {taskinstance.py:1240} INFO - 
--------------------------------------------------------------------------------
[2022-07-31 10:46:15,865] {taskinstance.py:1259} INFO - Executing <Task(BashOperator): download_dataset_task> on 2022-07-30 00:00:00+00:00
[2022-07-31 10:46:15,900] {standard_task_runner.py:52} INFO - Started process 376 to run task
[2022-07-31 10:46:15,903] {standard_task_runner.py:76} INFO - Running: ['***', 'tasks', 'run', 'data_ingestion_gcs_dag', 'download_dataset_task', 'scheduled__2022-07-30T00:00:00+00:00', '--job-id', '3', '--raw', '--subdir', 'DAGS_FOLDER/data_ingestion_gcs_dag.py', '--cfg-path', '/tmp/tmpqqxjkppi', '--error-file', '/tmp/tmpvtcbfe2e']
[2022-07-31 10:46:15,903] {standard_task_runner.py:77} INFO - Job 3: Subtask download_dataset_task
[2022-07-31 10:46:15,946] {logging_mixin.py:109} INFO - Running <TaskInstance: data_ingestion_gcs_dag.download_dataset_task scheduled__2022-07-30T00:00:00+00:00 [running]> on host d78a2d4eceac
[2022-07-31 10:46:15,991] {taskinstance.py:1426} INFO - Exporting the following env vars:
AIRFLOW_CTX_DAG_OWNER=***
AIRFLOW_CTX_DAG_ID=data_ingestion_gcs_dag
AIRFLOW_CTX_TASK_ID=download_dataset_task
AIRFLOW_CTX_EXECUTION_DATE=2022-07-30T00:00:00+00:00
AIRFLOW_CTX_DAG_RUN_ID=scheduled__2022-07-30T00:00:00+00:00
[2022-07-31 10:46:15,992] {subprocess.py:62} INFO - Tmp dir root location: 
 /tmp
[2022-07-31 10:46:15,992] {subprocess.py:74} INFO - Running command: ['bash', '-c', 'curl -sSL https://s3.amazonaws.com/nyc-tlc/trip+data/yellow_tripdata_2021-01.csv > /opt/***/yellow_tripdata_2021-01.csv']
[2022-07-31 10:46:16,006] {subprocess.py:85} INFO - Output:
[2022-07-31 10:46:16,410] {subprocess.py:93} INFO - Command exited with return code 0
[2022-07-31 10:46:16,431] {taskinstance.py:1277} INFO - Marking task as SUCCESS. dag_id=data_ingestion_gcs_dag, task_id=download_dataset_task, execution_date=20220730T000000, start_date=20220731T104615, end_date=20220731T104616
[2022-07-31 10:46:16,476] {local_task_job.py:154} INFO - Task exited with return code 0
[2022-07-31 10:46:16,506] {local_task_job.py:264} INFO - 1 downstream tasks scheduled from follow-on schedule check
