[2022-08-08 20:51:29,977] {taskinstance.py:1032} INFO - Dependencies all met for <TaskInstance: data_ingestion_gcs_dag.download_dataset_task manual__2022-08-08T20:49:53.452524+00:00 [queued]>
[2022-08-08 20:51:29,990] {taskinstance.py:1032} INFO - Dependencies all met for <TaskInstance: data_ingestion_gcs_dag.download_dataset_task manual__2022-08-08T20:49:53.452524+00:00 [queued]>
[2022-08-08 20:51:29,990] {taskinstance.py:1238} INFO - 
--------------------------------------------------------------------------------
[2022-08-08 20:51:29,991] {taskinstance.py:1239} INFO - Starting attempt 1 of 2
[2022-08-08 20:51:29,991] {taskinstance.py:1240} INFO - 
--------------------------------------------------------------------------------
[2022-08-08 20:51:30,005] {taskinstance.py:1259} INFO - Executing <Task(BashOperator): download_dataset_task> on 2022-08-08 20:49:53.452524+00:00
[2022-08-08 20:51:30,016] {standard_task_runner.py:52} INFO - Started process 203 to run task
[2022-08-08 20:51:30,020] {standard_task_runner.py:76} INFO - Running: ['***', 'tasks', 'run', 'data_ingestion_gcs_dag', 'download_dataset_task', 'manual__2022-08-08T20:49:53.452524+00:00', '--job-id', '6', '--raw', '--subdir', 'DAGS_FOLDER/data_ingestion_dag_for_hire.py', '--cfg-path', '/tmp/tmphb53ydfi', '--error-file', '/tmp/tmpt6usd8z_']
[2022-08-08 20:51:30,021] {standard_task_runner.py:77} INFO - Job 6: Subtask download_dataset_task
[2022-08-08 20:51:30,092] {logging_mixin.py:109} INFO - Running <TaskInstance: data_ingestion_gcs_dag.download_dataset_task manual__2022-08-08T20:49:53.452524+00:00 [running]> on host 339bff79e7b1
[2022-08-08 20:51:30,167] {taskinstance.py:1426} INFO - Exporting the following env vars:
AIRFLOW_CTX_DAG_OWNER=***
AIRFLOW_CTX_DAG_ID=data_ingestion_gcs_dag
AIRFLOW_CTX_TASK_ID=download_dataset_task
AIRFLOW_CTX_EXECUTION_DATE=2022-08-08T20:49:53.452524+00:00
AIRFLOW_CTX_DAG_RUN_ID=manual__2022-08-08T20:49:53.452524+00:00
[2022-08-08 20:51:30,169] {subprocess.py:62} INFO - Tmp dir root location: 
 /tmp
[2022-08-08 20:51:30,170] {subprocess.py:74} INFO - Running command: ['bash', '-c', 'curl -sSL https://d37ci6vzurychx.cloudfront.net/trip-data/fhv_tripdata_2019.parquet > /opt/***/fhv_tripdata_2019.parquet']
[2022-08-08 20:51:30,190] {subprocess.py:85} INFO - Output:
[2022-08-08 20:51:30,620] {subprocess.py:93} INFO - Command exited with return code 0
[2022-08-08 20:51:30,656] {taskinstance.py:1277} INFO - Marking task as SUCCESS. dag_id=data_ingestion_gcs_dag, task_id=download_dataset_task, execution_date=20220808T204953, start_date=20220808T205129, end_date=20220808T205130
[2022-08-08 20:51:30,714] {local_task_job.py:154} INFO - Task exited with return code 0
[2022-08-08 20:51:30,777] {local_task_job.py:264} INFO - 1 downstream tasks scheduled from follow-on schedule check
