[2022-08-04 10:51:00,120] {taskinstance.py:1032} INFO - Dependencies all met for <TaskInstance: data_ingestion_gcs_dag.download_dataset_task manual__2022-08-04T10:50:48.281879+00:00 [queued]>
[2022-08-04 10:51:00,129] {taskinstance.py:1032} INFO - Dependencies all met for <TaskInstance: data_ingestion_gcs_dag.download_dataset_task manual__2022-08-04T10:50:48.281879+00:00 [queued]>
[2022-08-04 10:51:00,129] {taskinstance.py:1238} INFO - 
--------------------------------------------------------------------------------
[2022-08-04 10:51:00,129] {taskinstance.py:1239} INFO - Starting attempt 1 of 2
[2022-08-04 10:51:00,129] {taskinstance.py:1240} INFO - 
--------------------------------------------------------------------------------
[2022-08-04 10:51:00,138] {taskinstance.py:1259} INFO - Executing <Task(BashOperator): download_dataset_task> on 2022-08-04 10:50:48.281879+00:00
[2022-08-04 10:51:00,185] {standard_task_runner.py:52} INFO - Started process 179 to run task
[2022-08-04 10:51:00,187] {standard_task_runner.py:76} INFO - Running: ['***', 'tasks', 'run', 'data_ingestion_gcs_dag', 'download_dataset_task', 'manual__2022-08-04T10:50:48.281879+00:00', '--job-id', '8', '--raw', '--subdir', 'DAGS_FOLDER/data_ingestion_dag.py', '--cfg-path', '/tmp/tmpjy5bh_wt', '--error-file', '/tmp/tmpgc0kwuog']
[2022-08-04 10:51:00,188] {standard_task_runner.py:77} INFO - Job 8: Subtask download_dataset_task
[2022-08-04 10:51:00,259] {logging_mixin.py:109} INFO - Running <TaskInstance: data_ingestion_gcs_dag.download_dataset_task manual__2022-08-04T10:50:48.281879+00:00 [running]> on host bc991195846c
[2022-08-04 10:51:00,306] {taskinstance.py:1426} INFO - Exporting the following env vars:
AIRFLOW_CTX_DAG_OWNER=***
AIRFLOW_CTX_DAG_ID=data_ingestion_gcs_dag
AIRFLOW_CTX_TASK_ID=download_dataset_task
AIRFLOW_CTX_EXECUTION_DATE=2022-08-04T10:50:48.281879+00:00
AIRFLOW_CTX_DAG_RUN_ID=manual__2022-08-04T10:50:48.281879+00:00
[2022-08-04 10:51:00,307] {subprocess.py:62} INFO - Tmp dir root location: 
 /tmp
[2022-08-04 10:51:00,308] {subprocess.py:74} INFO - Running command: ['bash', '-c', 'curl -sSL https://d37ci6vzurychx.cloudfront.net/trip-data/yellow_tripdata_2021-01.parquet > /opt/***/yellow_tripdata_2021-01.parquet']
[2022-08-04 10:51:00,323] {subprocess.py:85} INFO - Output:
[2022-08-04 10:51:00,674] {subprocess.py:93} INFO - Command exited with return code 0
[2022-08-04 10:51:00,695] {taskinstance.py:1277} INFO - Marking task as SUCCESS. dag_id=data_ingestion_gcs_dag, task_id=download_dataset_task, execution_date=20220804T105048, start_date=20220804T105100, end_date=20220804T105100
[2022-08-04 10:51:00,720] {local_task_job.py:154} INFO - Task exited with return code 0
[2022-08-04 10:51:00,751] {local_task_job.py:264} INFO - 1 downstream tasks scheduled from follow-on schedule check
