[2022-08-08 20:51:31,857] {taskinstance.py:1032} INFO - Dependencies all met for <TaskInstance: data_ingestion_gcs_dag.local_to_gcs_task manual__2022-08-08T20:49:53.452524+00:00 [queued]>
[2022-08-08 20:51:31,871] {taskinstance.py:1032} INFO - Dependencies all met for <TaskInstance: data_ingestion_gcs_dag.local_to_gcs_task manual__2022-08-08T20:49:53.452524+00:00 [queued]>
[2022-08-08 20:51:31,871] {taskinstance.py:1238} INFO - 
--------------------------------------------------------------------------------
[2022-08-08 20:51:31,871] {taskinstance.py:1239} INFO - Starting attempt 1 of 2
[2022-08-08 20:51:31,871] {taskinstance.py:1240} INFO - 
--------------------------------------------------------------------------------
[2022-08-08 20:51:31,884] {taskinstance.py:1259} INFO - Executing <Task(PythonOperator): local_to_gcs_task> on 2022-08-08 20:49:53.452524+00:00
[2022-08-08 20:51:31,895] {standard_task_runner.py:52} INFO - Started process 209 to run task
[2022-08-08 20:51:31,900] {standard_task_runner.py:76} INFO - Running: ['***', 'tasks', 'run', 'data_ingestion_gcs_dag', 'local_to_gcs_task', 'manual__2022-08-08T20:49:53.452524+00:00', '--job-id', '7', '--raw', '--subdir', 'DAGS_FOLDER/data_ingestion_dag_for_hire.py', '--cfg-path', '/tmp/tmpkcss3ylq', '--error-file', '/tmp/tmpz3gs_vz7']
[2022-08-08 20:51:31,901] {standard_task_runner.py:77} INFO - Job 7: Subtask local_to_gcs_task
[2022-08-08 20:51:31,967] {logging_mixin.py:109} INFO - Running <TaskInstance: data_ingestion_gcs_dag.local_to_gcs_task manual__2022-08-08T20:49:53.452524+00:00 [running]> on host 339bff79e7b1
[2022-08-08 20:51:32,035] {taskinstance.py:1426} INFO - Exporting the following env vars:
AIRFLOW_CTX_DAG_OWNER=***
AIRFLOW_CTX_DAG_ID=data_ingestion_gcs_dag
AIRFLOW_CTX_TASK_ID=local_to_gcs_task
AIRFLOW_CTX_EXECUTION_DATE=2022-08-08T20:49:53.452524+00:00
AIRFLOW_CTX_DAG_RUN_ID=manual__2022-08-08T20:49:53.452524+00:00
[2022-08-08 20:51:32,224] {python.py:175} INFO - Done. Returned value was: None
[2022-08-08 20:51:32,241] {taskinstance.py:1277} INFO - Marking task as SUCCESS. dag_id=data_ingestion_gcs_dag, task_id=local_to_gcs_task, execution_date=20220808T204953, start_date=20220808T205131, end_date=20220808T205132
[2022-08-08 20:51:32,312] {local_task_job.py:154} INFO - Task exited with return code 0
[2022-08-08 20:51:32,365] {local_task_job.py:264} INFO - 1 downstream tasks scheduled from follow-on schedule check
