[2022-08-08 22:32:44,960] {taskinstance.py:1032} INFO - Dependencies all met for <TaskInstance: data_ingestion_gcs_dag_homework.download_dataset_task backfill__2019-05-01T00:00:00+00:00 [queued]>
[2022-08-08 22:32:44,968] {taskinstance.py:1032} INFO - Dependencies all met for <TaskInstance: data_ingestion_gcs_dag_homework.download_dataset_task backfill__2019-05-01T00:00:00+00:00 [queued]>
[2022-08-08 22:32:44,968] {taskinstance.py:1238} INFO - 
--------------------------------------------------------------------------------
[2022-08-08 22:32:44,968] {taskinstance.py:1239} INFO - Starting attempt 1 of 2
[2022-08-08 22:32:44,968] {taskinstance.py:1240} INFO - 
--------------------------------------------------------------------------------
[2022-08-08 22:32:44,975] {taskinstance.py:1259} INFO - Executing <Task(BashOperator): download_dataset_task> on 2019-05-01 00:00:00+00:00
[2022-08-08 22:32:44,982] {standard_task_runner.py:52} INFO - Started process 1767 to run task
[2022-08-08 22:32:44,984] {standard_task_runner.py:76} INFO - Running: ['***', 'tasks', 'run', 'data_ingestion_gcs_dag_homework', 'download_dataset_task', 'backfill__2019-05-01T00:00:00+00:00', '--job-id', '86', '--pool', 'default_pool', '--raw', '--subdir', 'DAGS_FOLDER/data_ingestion_dag_for_hire.py', '--cfg-path', '/tmp/tmp44ith1c1', '--error-file', '/tmp/tmpu4q3tcpq']
[2022-08-08 22:32:44,985] {standard_task_runner.py:77} INFO - Job 86: Subtask download_dataset_task
[2022-08-08 22:32:45,056] {logging_mixin.py:109} INFO - Running <TaskInstance: data_ingestion_gcs_dag_homework.download_dataset_task backfill__2019-05-01T00:00:00+00:00 [running]> on host 049be7f17d30
[2022-08-08 22:32:45,086] {warnings.py:110} WARNING - /home/***/.local/lib/python3.7/site-packages/***/utils/context.py:152: AirflowContextDeprecationWarning: Accessing 'execution_date' from the template is deprecated and will be removed in a future version. Please use 'data_interval_start' or 'logical_date' instead.
  warnings.warn(_create_deprecation_warning(key, self._deprecation_replacements[key]))

[2022-08-08 22:32:45,101] {taskinstance.py:1426} INFO - Exporting the following env vars:
AIRFLOW_CTX_DAG_OWNER=***
AIRFLOW_CTX_DAG_ID=data_ingestion_gcs_dag_homework
AIRFLOW_CTX_TASK_ID=download_dataset_task
AIRFLOW_CTX_EXECUTION_DATE=2019-05-01T00:00:00+00:00
AIRFLOW_CTX_DAG_RUN_ID=backfill__2019-05-01T00:00:00+00:00
[2022-08-08 22:32:45,101] {subprocess.py:62} INFO - Tmp dir root location: 
 /tmp
[2022-08-08 22:32:45,102] {subprocess.py:74} INFO - Running command: ['bash', '-c', 'curl -sSL https://d37ci6vzurychx.cloudfront.net/trip-data/fhv_tripdata_2019-05.parquet > /opt/***/fhv_tripdata_2019-05.parquet']
[2022-08-08 22:32:45,114] {subprocess.py:85} INFO - Output:
[2022-08-08 22:32:49,680] {subprocess.py:93} INFO - Command exited with return code 0
[2022-08-08 22:32:49,701] {taskinstance.py:1277} INFO - Marking task as SUCCESS. dag_id=data_ingestion_gcs_dag_homework, task_id=download_dataset_task, execution_date=20190501T000000, start_date=20220808T223244, end_date=20220808T223249
[2022-08-08 22:32:49,726] {local_task_job.py:154} INFO - Task exited with return code 0
[2022-08-08 22:32:49,759] {local_task_job.py:264} INFO - 0 downstream tasks scheduled from follow-on schedule check
