[2022-07-24 17:21:38,594] {taskinstance.py:1032} INFO - Dependencies all met for <TaskInstance: data_ingestion_gcs_dag.download_dataset_task scheduled__2022-07-23T00:00:00+00:00 [queued]>
[2022-07-24 17:21:38,601] {taskinstance.py:1032} INFO - Dependencies all met for <TaskInstance: data_ingestion_gcs_dag.download_dataset_task scheduled__2022-07-23T00:00:00+00:00 [queued]>
[2022-07-24 17:21:38,601] {taskinstance.py:1238} INFO - 
--------------------------------------------------------------------------------
[2022-07-24 17:21:38,601] {taskinstance.py:1239} INFO - Starting attempt 1 of 2
[2022-07-24 17:21:38,601] {taskinstance.py:1240} INFO - 
--------------------------------------------------------------------------------
[2022-07-24 17:21:38,610] {taskinstance.py:1259} INFO - Executing <Task(BashOperator): download_dataset_task> on 2022-07-23 00:00:00+00:00
[2022-07-24 17:21:38,616] {standard_task_runner.py:52} INFO - Started process 165 to run task
[2022-07-24 17:21:38,618] {standard_task_runner.py:76} INFO - Running: ['***', 'tasks', 'run', 'data_ingestion_gcs_dag', 'download_dataset_task', 'scheduled__2022-07-23T00:00:00+00:00', '--job-id', '11', '--raw', '--subdir', 'DAGS_FOLDER/data_ingestion_gcs_dag.py', '--cfg-path', '/tmp/tmpuiydrp__', '--error-file', '/tmp/tmpkd0v4xit']
[2022-07-24 17:21:38,619] {standard_task_runner.py:77} INFO - Job 11: Subtask download_dataset_task
[2022-07-24 17:21:38,657] {logging_mixin.py:109} INFO - Running <TaskInstance: data_ingestion_gcs_dag.download_dataset_task scheduled__2022-07-23T00:00:00+00:00 [running]> on host 8f01b6b1042a
[2022-07-24 17:21:38,696] {taskinstance.py:1426} INFO - Exporting the following env vars:
AIRFLOW_CTX_DAG_OWNER=***
AIRFLOW_CTX_DAG_ID=data_ingestion_gcs_dag
AIRFLOW_CTX_TASK_ID=download_dataset_task
AIRFLOW_CTX_EXECUTION_DATE=2022-07-23T00:00:00+00:00
AIRFLOW_CTX_DAG_RUN_ID=scheduled__2022-07-23T00:00:00+00:00
[2022-07-24 17:21:38,697] {subprocess.py:62} INFO - Tmp dir root location: 
 /tmp
[2022-07-24 17:21:38,697] {subprocess.py:74} INFO - Running command: ['bash', '-c', 'curl -sSL https://s3.amazonaws.com/nyc-tlc/trip+data/yellow_tripdata_2021-01.csv > /opt/***/yellow_tripdata_2021-01.csv']
[2022-07-24 17:21:38,711] {subprocess.py:85} INFO - Output:
[2022-07-24 17:21:39,075] {subprocess.py:93} INFO - Command exited with return code 0
[2022-07-24 17:21:39,093] {taskinstance.py:1277} INFO - Marking task as SUCCESS. dag_id=data_ingestion_gcs_dag, task_id=download_dataset_task, execution_date=20220723T000000, start_date=20220724T172138, end_date=20220724T172139
[2022-07-24 17:21:39,111] {local_task_job.py:154} INFO - Task exited with return code 0
[2022-07-24 17:21:39,136] {local_task_job.py:264} INFO - 1 downstream tasks scheduled from follow-on schedule check
