[2022-08-07 21:52:30,865] {taskinstance.py:1032} INFO - Dependencies all met for <TaskInstance: data_ingestion_gcs_dag.download_dataset_task scheduled__2022-08-04T00:00:00+00:00 [queued]>
[2022-08-07 21:52:30,940] {taskinstance.py:1032} INFO - Dependencies all met for <TaskInstance: data_ingestion_gcs_dag.download_dataset_task scheduled__2022-08-04T00:00:00+00:00 [queued]>
[2022-08-07 21:52:30,940] {taskinstance.py:1238} INFO - 
--------------------------------------------------------------------------------
[2022-08-07 21:52:30,940] {taskinstance.py:1239} INFO - Starting attempt 1 of 2
[2022-08-07 21:52:30,940] {taskinstance.py:1240} INFO - 
--------------------------------------------------------------------------------
[2022-08-07 21:52:30,954] {taskinstance.py:1259} INFO - Executing <Task(BashOperator): download_dataset_task> on 2022-08-04 00:00:00+00:00
[2022-08-07 21:52:30,962] {standard_task_runner.py:52} INFO - Started process 91 to run task
[2022-08-07 21:52:30,964] {standard_task_runner.py:76} INFO - Running: ['***', 'tasks', 'run', 'data_ingestion_gcs_dag', 'download_dataset_task', 'scheduled__2022-08-04T00:00:00+00:00', '--job-id', '13', '--raw', '--subdir', 'DAGS_FOLDER/data_ingestion_dag.py', '--cfg-path', '/tmp/tmpfyfqjksu', '--error-file', '/tmp/tmphywfrv4n']
[2022-08-07 21:52:30,965] {standard_task_runner.py:77} INFO - Job 13: Subtask download_dataset_task
[2022-08-07 21:52:31,071] {logging_mixin.py:109} INFO - Running <TaskInstance: data_ingestion_gcs_dag.download_dataset_task scheduled__2022-08-04T00:00:00+00:00 [running]> on host bc991195846c
[2022-08-07 21:52:31,242] {taskinstance.py:1426} INFO - Exporting the following env vars:
AIRFLOW_CTX_DAG_OWNER=***
AIRFLOW_CTX_DAG_ID=data_ingestion_gcs_dag
AIRFLOW_CTX_TASK_ID=download_dataset_task
AIRFLOW_CTX_EXECUTION_DATE=2022-08-04T00:00:00+00:00
AIRFLOW_CTX_DAG_RUN_ID=scheduled__2022-08-04T00:00:00+00:00
[2022-08-07 21:52:31,243] {subprocess.py:62} INFO - Tmp dir root location: 
 /tmp
[2022-08-07 21:52:31,243] {subprocess.py:74} INFO - Running command: ['bash', '-c', 'curl -sSL https://d37ci6vzurychx.cloudfront.net/trip-data/yellow_tripdata_2021-01.parquet > /opt/***/yellow_tripdata_2021-01.parquet']
[2022-08-07 21:52:31,259] {subprocess.py:85} INFO - Output:
[2022-08-07 21:52:32,365] {subprocess.py:93} INFO - Command exited with return code 0
[2022-08-07 21:52:32,394] {taskinstance.py:1277} INFO - Marking task as SUCCESS. dag_id=data_ingestion_gcs_dag, task_id=download_dataset_task, execution_date=20220804T000000, start_date=20220807T215230, end_date=20220807T215232
[2022-08-07 21:52:32,475] {local_task_job.py:154} INFO - Task exited with return code 0
[2022-08-07 21:52:32,550] {local_task_job.py:264} INFO - 1 downstream tasks scheduled from follow-on schedule check
