[2022-07-24 09:28:33,610] {processor.py:163} INFO - Started process (PID=68) to work on /home/airflow/.local/lib/python3.7/site-packages/airflow/example_dags/example_time_delta_sensor_async.py
[2022-07-24 09:28:33,611] {processor.py:642} INFO - Processing file /home/airflow/.local/lib/python3.7/site-packages/airflow/example_dags/example_time_delta_sensor_async.py for tasks to queue
[2022-07-24 09:28:33,611] {logging_mixin.py:109} INFO - [2022-07-24 09:28:33,611] {dagbag.py:500} INFO - Filling up the DagBag from /home/airflow/.local/lib/python3.7/site-packages/airflow/example_dags/example_time_delta_sensor_async.py
[2022-07-24 09:28:33,628] {processor.py:654} INFO - DAG(s) dict_keys(['example_time_delta_sensor_async']) retrieved from /home/airflow/.local/lib/python3.7/site-packages/airflow/example_dags/example_time_delta_sensor_async.py
[2022-07-24 09:28:33,634] {logging_mixin.py:109} INFO - [2022-07-24 09:28:33,634] {dag.py:2396} INFO - Sync 1 DAGs
[2022-07-24 09:28:33,646] {logging_mixin.py:109} INFO - [2022-07-24 09:28:33,646] {dag.py:2935} INFO - Setting next_dagrun for example_time_delta_sensor_async to None
[2022-07-24 09:28:33,652] {processor.py:171} INFO - Processing /home/airflow/.local/lib/python3.7/site-packages/airflow/example_dags/example_time_delta_sensor_async.py took 0.043 seconds
[2022-07-24 09:29:04,267] {processor.py:163} INFO - Started process (PID=127) to work on /home/airflow/.local/lib/python3.7/site-packages/airflow/example_dags/example_time_delta_sensor_async.py
[2022-07-24 09:29:04,267] {processor.py:642} INFO - Processing file /home/airflow/.local/lib/python3.7/site-packages/airflow/example_dags/example_time_delta_sensor_async.py for tasks to queue
[2022-07-24 09:29:04,268] {logging_mixin.py:109} INFO - [2022-07-24 09:29:04,268] {dagbag.py:500} INFO - Filling up the DagBag from /home/airflow/.local/lib/python3.7/site-packages/airflow/example_dags/example_time_delta_sensor_async.py
[2022-07-24 09:29:04,285] {processor.py:654} INFO - DAG(s) dict_keys(['example_time_delta_sensor_async']) retrieved from /home/airflow/.local/lib/python3.7/site-packages/airflow/example_dags/example_time_delta_sensor_async.py
[2022-07-24 09:29:04,292] {logging_mixin.py:109} INFO - [2022-07-24 09:29:04,292] {dag.py:2396} INFO - Sync 1 DAGs
[2022-07-24 09:29:04,302] {logging_mixin.py:109} INFO - [2022-07-24 09:29:04,302] {dag.py:2935} INFO - Setting next_dagrun for example_time_delta_sensor_async to None
[2022-07-24 09:29:04,308] {processor.py:171} INFO - Processing /home/airflow/.local/lib/python3.7/site-packages/airflow/example_dags/example_time_delta_sensor_async.py took 0.043 seconds
[2022-07-24 09:29:35,220] {processor.py:163} INFO - Started process (PID=177) to work on /home/airflow/.local/lib/python3.7/site-packages/airflow/example_dags/example_time_delta_sensor_async.py
[2022-07-24 09:29:35,221] {processor.py:642} INFO - Processing file /home/airflow/.local/lib/python3.7/site-packages/airflow/example_dags/example_time_delta_sensor_async.py for tasks to queue
[2022-07-24 09:29:35,221] {logging_mixin.py:109} INFO - [2022-07-24 09:29:35,221] {dagbag.py:500} INFO - Filling up the DagBag from /home/airflow/.local/lib/python3.7/site-packages/airflow/example_dags/example_time_delta_sensor_async.py
[2022-07-24 09:29:35,237] {processor.py:654} INFO - DAG(s) dict_keys(['example_time_delta_sensor_async']) retrieved from /home/airflow/.local/lib/python3.7/site-packages/airflow/example_dags/example_time_delta_sensor_async.py
[2022-07-24 09:29:35,243] {logging_mixin.py:109} INFO - [2022-07-24 09:29:35,243] {dag.py:2396} INFO - Sync 1 DAGs
[2022-07-24 09:29:35,254] {logging_mixin.py:109} INFO - [2022-07-24 09:29:35,254] {dag.py:2935} INFO - Setting next_dagrun for example_time_delta_sensor_async to None
[2022-07-24 09:29:35,260] {processor.py:171} INFO - Processing /home/airflow/.local/lib/python3.7/site-packages/airflow/example_dags/example_time_delta_sensor_async.py took 0.042 seconds
[2022-07-24 09:30:06,159] {processor.py:163} INFO - Started process (PID=236) to work on /home/airflow/.local/lib/python3.7/site-packages/airflow/example_dags/example_time_delta_sensor_async.py
[2022-07-24 09:30:06,160] {processor.py:642} INFO - Processing file /home/airflow/.local/lib/python3.7/site-packages/airflow/example_dags/example_time_delta_sensor_async.py for tasks to queue
[2022-07-24 09:30:06,160] {logging_mixin.py:109} INFO - [2022-07-24 09:30:06,160] {dagbag.py:500} INFO - Filling up the DagBag from /home/airflow/.local/lib/python3.7/site-packages/airflow/example_dags/example_time_delta_sensor_async.py
[2022-07-24 09:30:06,179] {processor.py:654} INFO - DAG(s) dict_keys(['example_time_delta_sensor_async']) retrieved from /home/airflow/.local/lib/python3.7/site-packages/airflow/example_dags/example_time_delta_sensor_async.py
[2022-07-24 09:30:06,186] {logging_mixin.py:109} INFO - [2022-07-24 09:30:06,186] {dag.py:2396} INFO - Sync 1 DAGs
[2022-07-24 09:30:06,200] {logging_mixin.py:109} INFO - [2022-07-24 09:30:06,199] {dag.py:2935} INFO - Setting next_dagrun for example_time_delta_sensor_async to None
[2022-07-24 09:30:06,206] {processor.py:171} INFO - Processing /home/airflow/.local/lib/python3.7/site-packages/airflow/example_dags/example_time_delta_sensor_async.py took 0.049 seconds
[2022-07-24 09:30:36,885] {processor.py:163} INFO - Started process (PID=294) to work on /home/airflow/.local/lib/python3.7/site-packages/airflow/example_dags/example_time_delta_sensor_async.py
[2022-07-24 09:30:36,886] {processor.py:642} INFO - Processing file /home/airflow/.local/lib/python3.7/site-packages/airflow/example_dags/example_time_delta_sensor_async.py for tasks to queue
[2022-07-24 09:30:36,886] {logging_mixin.py:109} INFO - [2022-07-24 09:30:36,886] {dagbag.py:500} INFO - Filling up the DagBag from /home/airflow/.local/lib/python3.7/site-packages/airflow/example_dags/example_time_delta_sensor_async.py
[2022-07-24 09:30:36,904] {processor.py:654} INFO - DAG(s) dict_keys(['example_time_delta_sensor_async']) retrieved from /home/airflow/.local/lib/python3.7/site-packages/airflow/example_dags/example_time_delta_sensor_async.py
[2022-07-24 09:30:36,910] {logging_mixin.py:109} INFO - [2022-07-24 09:30:36,910] {dag.py:2396} INFO - Sync 1 DAGs
[2022-07-24 09:30:36,924] {logging_mixin.py:109} INFO - [2022-07-24 09:30:36,923] {dag.py:2935} INFO - Setting next_dagrun for example_time_delta_sensor_async to None
[2022-07-24 09:30:36,929] {processor.py:171} INFO - Processing /home/airflow/.local/lib/python3.7/site-packages/airflow/example_dags/example_time_delta_sensor_async.py took 0.046 seconds
[2022-07-24 09:31:08,430] {processor.py:163} INFO - Started process (PID=345) to work on /home/airflow/.local/lib/python3.7/site-packages/airflow/example_dags/example_time_delta_sensor_async.py
[2022-07-24 09:31:08,431] {processor.py:642} INFO - Processing file /home/airflow/.local/lib/python3.7/site-packages/airflow/example_dags/example_time_delta_sensor_async.py for tasks to queue
[2022-07-24 09:31:08,432] {logging_mixin.py:109} INFO - [2022-07-24 09:31:08,432] {dagbag.py:500} INFO - Filling up the DagBag from /home/airflow/.local/lib/python3.7/site-packages/airflow/example_dags/example_time_delta_sensor_async.py
[2022-07-24 09:31:08,451] {processor.py:654} INFO - DAG(s) dict_keys(['example_time_delta_sensor_async']) retrieved from /home/airflow/.local/lib/python3.7/site-packages/airflow/example_dags/example_time_delta_sensor_async.py
[2022-07-24 09:31:08,457] {logging_mixin.py:109} INFO - [2022-07-24 09:31:08,457] {dag.py:2396} INFO - Sync 1 DAGs
[2022-07-24 09:31:08,469] {logging_mixin.py:109} INFO - [2022-07-24 09:31:08,469] {dag.py:2935} INFO - Setting next_dagrun for example_time_delta_sensor_async to None
[2022-07-24 09:31:08,475] {processor.py:171} INFO - Processing /home/airflow/.local/lib/python3.7/site-packages/airflow/example_dags/example_time_delta_sensor_async.py took 0.048 seconds
[2022-07-24 09:31:39,448] {processor.py:163} INFO - Started process (PID=403) to work on /home/airflow/.local/lib/python3.7/site-packages/airflow/example_dags/example_time_delta_sensor_async.py
[2022-07-24 09:31:39,448] {processor.py:642} INFO - Processing file /home/airflow/.local/lib/python3.7/site-packages/airflow/example_dags/example_time_delta_sensor_async.py for tasks to queue
[2022-07-24 09:31:39,449] {logging_mixin.py:109} INFO - [2022-07-24 09:31:39,449] {dagbag.py:500} INFO - Filling up the DagBag from /home/airflow/.local/lib/python3.7/site-packages/airflow/example_dags/example_time_delta_sensor_async.py
[2022-07-24 09:31:39,466] {processor.py:654} INFO - DAG(s) dict_keys(['example_time_delta_sensor_async']) retrieved from /home/airflow/.local/lib/python3.7/site-packages/airflow/example_dags/example_time_delta_sensor_async.py
[2022-07-24 09:31:39,528] {logging_mixin.py:109} INFO - [2022-07-24 09:31:39,528] {dag.py:2396} INFO - Sync 1 DAGs
[2022-07-24 09:31:39,539] {logging_mixin.py:109} INFO - [2022-07-24 09:31:39,539] {dag.py:2935} INFO - Setting next_dagrun for example_time_delta_sensor_async to None
[2022-07-24 09:31:39,546] {processor.py:171} INFO - Processing /home/airflow/.local/lib/python3.7/site-packages/airflow/example_dags/example_time_delta_sensor_async.py took 0.100 seconds
[2022-07-24 09:32:10,080] {processor.py:163} INFO - Started process (PID=453) to work on /home/airflow/.local/lib/python3.7/site-packages/airflow/example_dags/example_time_delta_sensor_async.py
[2022-07-24 09:32:10,080] {processor.py:642} INFO - Processing file /home/airflow/.local/lib/python3.7/site-packages/airflow/example_dags/example_time_delta_sensor_async.py for tasks to queue
[2022-07-24 09:32:10,081] {logging_mixin.py:109} INFO - [2022-07-24 09:32:10,081] {dagbag.py:500} INFO - Filling up the DagBag from /home/airflow/.local/lib/python3.7/site-packages/airflow/example_dags/example_time_delta_sensor_async.py
[2022-07-24 09:32:10,138] {processor.py:654} INFO - DAG(s) dict_keys(['example_time_delta_sensor_async']) retrieved from /home/airflow/.local/lib/python3.7/site-packages/airflow/example_dags/example_time_delta_sensor_async.py
[2022-07-24 09:32:10,145] {logging_mixin.py:109} INFO - [2022-07-24 09:32:10,145] {dag.py:2396} INFO - Sync 1 DAGs
[2022-07-24 09:32:10,156] {logging_mixin.py:109} INFO - [2022-07-24 09:32:10,156] {dag.py:2935} INFO - Setting next_dagrun for example_time_delta_sensor_async to None
[2022-07-24 09:32:10,162] {processor.py:171} INFO - Processing /home/airflow/.local/lib/python3.7/site-packages/airflow/example_dags/example_time_delta_sensor_async.py took 0.084 seconds
[2022-07-24 09:32:40,357] {processor.py:163} INFO - Started process (PID=512) to work on /home/airflow/.local/lib/python3.7/site-packages/airflow/example_dags/example_time_delta_sensor_async.py
[2022-07-24 09:32:40,358] {processor.py:642} INFO - Processing file /home/airflow/.local/lib/python3.7/site-packages/airflow/example_dags/example_time_delta_sensor_async.py for tasks to queue
[2022-07-24 09:32:40,359] {logging_mixin.py:109} INFO - [2022-07-24 09:32:40,359] {dagbag.py:500} INFO - Filling up the DagBag from /home/airflow/.local/lib/python3.7/site-packages/airflow/example_dags/example_time_delta_sensor_async.py
[2022-07-24 09:32:40,377] {processor.py:654} INFO - DAG(s) dict_keys(['example_time_delta_sensor_async']) retrieved from /home/airflow/.local/lib/python3.7/site-packages/airflow/example_dags/example_time_delta_sensor_async.py
[2022-07-24 09:32:40,384] {logging_mixin.py:109} INFO - [2022-07-24 09:32:40,383] {dag.py:2396} INFO - Sync 1 DAGs
[2022-07-24 09:32:40,395] {logging_mixin.py:109} INFO - [2022-07-24 09:32:40,394] {dag.py:2935} INFO - Setting next_dagrun for example_time_delta_sensor_async to None
[2022-07-24 09:32:40,400] {processor.py:171} INFO - Processing /home/airflow/.local/lib/python3.7/site-packages/airflow/example_dags/example_time_delta_sensor_async.py took 0.046 seconds
[2022-07-24 09:33:11,624] {processor.py:163} INFO - Started process (PID=562) to work on /home/airflow/.local/lib/python3.7/site-packages/airflow/example_dags/example_time_delta_sensor_async.py
[2022-07-24 09:33:11,625] {processor.py:642} INFO - Processing file /home/airflow/.local/lib/python3.7/site-packages/airflow/example_dags/example_time_delta_sensor_async.py for tasks to queue
[2022-07-24 09:33:11,625] {logging_mixin.py:109} INFO - [2022-07-24 09:33:11,625] {dagbag.py:500} INFO - Filling up the DagBag from /home/airflow/.local/lib/python3.7/site-packages/airflow/example_dags/example_time_delta_sensor_async.py
[2022-07-24 09:33:11,643] {processor.py:654} INFO - DAG(s) dict_keys(['example_time_delta_sensor_async']) retrieved from /home/airflow/.local/lib/python3.7/site-packages/airflow/example_dags/example_time_delta_sensor_async.py
[2022-07-24 09:33:11,650] {logging_mixin.py:109} INFO - [2022-07-24 09:33:11,650] {dag.py:2396} INFO - Sync 1 DAGs
[2022-07-24 09:33:11,661] {logging_mixin.py:109} INFO - [2022-07-24 09:33:11,661] {dag.py:2935} INFO - Setting next_dagrun for example_time_delta_sensor_async to None
[2022-07-24 09:33:11,667] {processor.py:171} INFO - Processing /home/airflow/.local/lib/python3.7/site-packages/airflow/example_dags/example_time_delta_sensor_async.py took 0.045 seconds
[2022-07-24 09:33:42,423] {processor.py:163} INFO - Started process (PID=621) to work on /home/airflow/.local/lib/python3.7/site-packages/airflow/example_dags/example_time_delta_sensor_async.py
[2022-07-24 09:33:42,424] {processor.py:642} INFO - Processing file /home/airflow/.local/lib/python3.7/site-packages/airflow/example_dags/example_time_delta_sensor_async.py for tasks to queue
[2022-07-24 09:33:42,424] {logging_mixin.py:109} INFO - [2022-07-24 09:33:42,424] {dagbag.py:500} INFO - Filling up the DagBag from /home/airflow/.local/lib/python3.7/site-packages/airflow/example_dags/example_time_delta_sensor_async.py
[2022-07-24 09:33:42,445] {processor.py:654} INFO - DAG(s) dict_keys(['example_time_delta_sensor_async']) retrieved from /home/airflow/.local/lib/python3.7/site-packages/airflow/example_dags/example_time_delta_sensor_async.py
[2022-07-24 09:33:42,452] {logging_mixin.py:109} INFO - [2022-07-24 09:33:42,452] {dag.py:2396} INFO - Sync 1 DAGs
[2022-07-24 09:33:42,523] {logging_mixin.py:109} INFO - [2022-07-24 09:33:42,523] {dag.py:2935} INFO - Setting next_dagrun for example_time_delta_sensor_async to None
[2022-07-24 09:33:42,529] {processor.py:171} INFO - Processing /home/airflow/.local/lib/python3.7/site-packages/airflow/example_dags/example_time_delta_sensor_async.py took 0.160 seconds
[2022-07-24 09:34:12,715] {processor.py:163} INFO - Started process (PID=671) to work on /home/airflow/.local/lib/python3.7/site-packages/airflow/example_dags/example_time_delta_sensor_async.py
[2022-07-24 09:34:12,716] {processor.py:642} INFO - Processing file /home/airflow/.local/lib/python3.7/site-packages/airflow/example_dags/example_time_delta_sensor_async.py for tasks to queue
[2022-07-24 09:34:12,717] {logging_mixin.py:109} INFO - [2022-07-24 09:34:12,717] {dagbag.py:500} INFO - Filling up the DagBag from /home/airflow/.local/lib/python3.7/site-packages/airflow/example_dags/example_time_delta_sensor_async.py
[2022-07-24 09:34:12,734] {processor.py:654} INFO - DAG(s) dict_keys(['example_time_delta_sensor_async']) retrieved from /home/airflow/.local/lib/python3.7/site-packages/airflow/example_dags/example_time_delta_sensor_async.py
[2022-07-24 09:34:12,741] {logging_mixin.py:109} INFO - [2022-07-24 09:34:12,741] {dag.py:2396} INFO - Sync 1 DAGs
[2022-07-24 09:34:12,753] {logging_mixin.py:109} INFO - [2022-07-24 09:34:12,753] {dag.py:2935} INFO - Setting next_dagrun for example_time_delta_sensor_async to None
[2022-07-24 09:34:12,759] {processor.py:171} INFO - Processing /home/airflow/.local/lib/python3.7/site-packages/airflow/example_dags/example_time_delta_sensor_async.py took 0.045 seconds
