[2022-07-24 09:28:33,038] {processor.py:163} INFO - Started process (PID=59) to work on /home/airflow/.local/lib/python3.7/site-packages/airflow/example_dags/example_nested_branch_dag.py
[2022-07-24 09:28:33,038] {processor.py:642} INFO - Processing file /home/airflow/.local/lib/python3.7/site-packages/airflow/example_dags/example_nested_branch_dag.py for tasks to queue
[2022-07-24 09:28:33,039] {logging_mixin.py:109} INFO - [2022-07-24 09:28:33,039] {dagbag.py:500} INFO - Filling up the DagBag from /home/airflow/.local/lib/python3.7/site-packages/airflow/example_dags/example_nested_branch_dag.py
[2022-07-24 09:28:33,057] {processor.py:654} INFO - DAG(s) dict_keys(['example_nested_branch_dag']) retrieved from /home/airflow/.local/lib/python3.7/site-packages/airflow/example_dags/example_nested_branch_dag.py
[2022-07-24 09:28:33,065] {logging_mixin.py:109} INFO - [2022-07-24 09:28:33,065] {dag.py:2396} INFO - Sync 1 DAGs
[2022-07-24 09:28:33,078] {logging_mixin.py:109} INFO - [2022-07-24 09:28:33,078] {dag.py:2935} INFO - Setting next_dagrun for example_nested_branch_dag to 2022-07-23 00:00:00+00:00
[2022-07-24 09:28:33,084] {processor.py:171} INFO - Processing /home/airflow/.local/lib/python3.7/site-packages/airflow/example_dags/example_nested_branch_dag.py took 0.048 seconds
[2022-07-24 09:29:03,998] {processor.py:163} INFO - Started process (PID=118) to work on /home/airflow/.local/lib/python3.7/site-packages/airflow/example_dags/example_nested_branch_dag.py
[2022-07-24 09:29:03,998] {processor.py:642} INFO - Processing file /home/airflow/.local/lib/python3.7/site-packages/airflow/example_dags/example_nested_branch_dag.py for tasks to queue
[2022-07-24 09:29:03,999] {logging_mixin.py:109} INFO - [2022-07-24 09:29:03,999] {dagbag.py:500} INFO - Filling up the DagBag from /home/airflow/.local/lib/python3.7/site-packages/airflow/example_dags/example_nested_branch_dag.py
[2022-07-24 09:29:04,017] {processor.py:654} INFO - DAG(s) dict_keys(['example_nested_branch_dag']) retrieved from /home/airflow/.local/lib/python3.7/site-packages/airflow/example_dags/example_nested_branch_dag.py
[2022-07-24 09:29:04,024] {logging_mixin.py:109} INFO - [2022-07-24 09:29:04,024] {dag.py:2396} INFO - Sync 1 DAGs
[2022-07-24 09:29:04,040] {logging_mixin.py:109} INFO - [2022-07-24 09:29:04,039] {dag.py:2935} INFO - Setting next_dagrun for example_nested_branch_dag to 2022-07-23 00:00:00+00:00
[2022-07-24 09:29:04,045] {processor.py:171} INFO - Processing /home/airflow/.local/lib/python3.7/site-packages/airflow/example_dags/example_nested_branch_dag.py took 0.049 seconds
[2022-07-24 09:29:34,846] {processor.py:163} INFO - Started process (PID=168) to work on /home/airflow/.local/lib/python3.7/site-packages/airflow/example_dags/example_nested_branch_dag.py
[2022-07-24 09:29:34,847] {processor.py:642} INFO - Processing file /home/airflow/.local/lib/python3.7/site-packages/airflow/example_dags/example_nested_branch_dag.py for tasks to queue
[2022-07-24 09:29:34,848] {logging_mixin.py:109} INFO - [2022-07-24 09:29:34,848] {dagbag.py:500} INFO - Filling up the DagBag from /home/airflow/.local/lib/python3.7/site-packages/airflow/example_dags/example_nested_branch_dag.py
[2022-07-24 09:29:34,871] {processor.py:654} INFO - DAG(s) dict_keys(['example_nested_branch_dag']) retrieved from /home/airflow/.local/lib/python3.7/site-packages/airflow/example_dags/example_nested_branch_dag.py
[2022-07-24 09:29:34,879] {logging_mixin.py:109} INFO - [2022-07-24 09:29:34,879] {dag.py:2396} INFO - Sync 1 DAGs
[2022-07-24 09:29:34,890] {logging_mixin.py:109} INFO - [2022-07-24 09:29:34,890] {dag.py:2935} INFO - Setting next_dagrun for example_nested_branch_dag to 2022-07-23 00:00:00+00:00
[2022-07-24 09:29:34,897] {processor.py:171} INFO - Processing /home/airflow/.local/lib/python3.7/site-packages/airflow/example_dags/example_nested_branch_dag.py took 0.052 seconds
[2022-07-24 09:30:05,846] {processor.py:163} INFO - Started process (PID=227) to work on /home/airflow/.local/lib/python3.7/site-packages/airflow/example_dags/example_nested_branch_dag.py
[2022-07-24 09:30:05,847] {processor.py:642} INFO - Processing file /home/airflow/.local/lib/python3.7/site-packages/airflow/example_dags/example_nested_branch_dag.py for tasks to queue
[2022-07-24 09:30:05,847] {logging_mixin.py:109} INFO - [2022-07-24 09:30:05,847] {dagbag.py:500} INFO - Filling up the DagBag from /home/airflow/.local/lib/python3.7/site-packages/airflow/example_dags/example_nested_branch_dag.py
[2022-07-24 09:30:05,868] {processor.py:654} INFO - DAG(s) dict_keys(['example_nested_branch_dag']) retrieved from /home/airflow/.local/lib/python3.7/site-packages/airflow/example_dags/example_nested_branch_dag.py
[2022-07-24 09:30:05,876] {logging_mixin.py:109} INFO - [2022-07-24 09:30:05,876] {dag.py:2396} INFO - Sync 1 DAGs
[2022-07-24 09:30:05,891] {logging_mixin.py:109} INFO - [2022-07-24 09:30:05,891] {dag.py:2935} INFO - Setting next_dagrun for example_nested_branch_dag to 2022-07-23 00:00:00+00:00
[2022-07-24 09:30:05,898] {processor.py:171} INFO - Processing /home/airflow/.local/lib/python3.7/site-packages/airflow/example_dags/example_nested_branch_dag.py took 0.054 seconds
[2022-07-24 09:30:36,575] {processor.py:163} INFO - Started process (PID=286) to work on /home/airflow/.local/lib/python3.7/site-packages/airflow/example_dags/example_nested_branch_dag.py
[2022-07-24 09:30:36,576] {processor.py:642} INFO - Processing file /home/airflow/.local/lib/python3.7/site-packages/airflow/example_dags/example_nested_branch_dag.py for tasks to queue
[2022-07-24 09:30:36,576] {logging_mixin.py:109} INFO - [2022-07-24 09:30:36,576] {dagbag.py:500} INFO - Filling up the DagBag from /home/airflow/.local/lib/python3.7/site-packages/airflow/example_dags/example_nested_branch_dag.py
[2022-07-24 09:30:36,596] {processor.py:654} INFO - DAG(s) dict_keys(['example_nested_branch_dag']) retrieved from /home/airflow/.local/lib/python3.7/site-packages/airflow/example_dags/example_nested_branch_dag.py
[2022-07-24 09:30:36,604] {logging_mixin.py:109} INFO - [2022-07-24 09:30:36,604] {dag.py:2396} INFO - Sync 1 DAGs
[2022-07-24 09:30:36,618] {logging_mixin.py:109} INFO - [2022-07-24 09:30:36,618] {dag.py:2935} INFO - Setting next_dagrun for example_nested_branch_dag to 2022-07-23 00:00:00+00:00
[2022-07-24 09:30:36,626] {processor.py:171} INFO - Processing /home/airflow/.local/lib/python3.7/site-packages/airflow/example_dags/example_nested_branch_dag.py took 0.053 seconds
[2022-07-24 09:31:07,858] {processor.py:163} INFO - Started process (PID=336) to work on /home/airflow/.local/lib/python3.7/site-packages/airflow/example_dags/example_nested_branch_dag.py
[2022-07-24 09:31:07,859] {processor.py:642} INFO - Processing file /home/airflow/.local/lib/python3.7/site-packages/airflow/example_dags/example_nested_branch_dag.py for tasks to queue
[2022-07-24 09:31:07,860] {logging_mixin.py:109} INFO - [2022-07-24 09:31:07,859] {dagbag.py:500} INFO - Filling up the DagBag from /home/airflow/.local/lib/python3.7/site-packages/airflow/example_dags/example_nested_branch_dag.py
[2022-07-24 09:31:07,884] {processor.py:654} INFO - DAG(s) dict_keys(['example_nested_branch_dag']) retrieved from /home/airflow/.local/lib/python3.7/site-packages/airflow/example_dags/example_nested_branch_dag.py
[2022-07-24 09:31:07,894] {logging_mixin.py:109} INFO - [2022-07-24 09:31:07,894] {dag.py:2396} INFO - Sync 1 DAGs
[2022-07-24 09:31:07,945] {logging_mixin.py:109} INFO - [2022-07-24 09:31:07,945] {dag.py:2935} INFO - Setting next_dagrun for example_nested_branch_dag to 2022-07-23 00:00:00+00:00
[2022-07-24 09:31:07,955] {processor.py:171} INFO - Processing /home/airflow/.local/lib/python3.7/site-packages/airflow/example_dags/example_nested_branch_dag.py took 0.099 seconds
[2022-07-24 09:31:38,736] {processor.py:163} INFO - Started process (PID=395) to work on /home/airflow/.local/lib/python3.7/site-packages/airflow/example_dags/example_nested_branch_dag.py
[2022-07-24 09:31:38,736] {processor.py:642} INFO - Processing file /home/airflow/.local/lib/python3.7/site-packages/airflow/example_dags/example_nested_branch_dag.py for tasks to queue
[2022-07-24 09:31:38,736] {logging_mixin.py:109} INFO - [2022-07-24 09:31:38,736] {dagbag.py:500} INFO - Filling up the DagBag from /home/airflow/.local/lib/python3.7/site-packages/airflow/example_dags/example_nested_branch_dag.py
[2022-07-24 09:31:38,757] {processor.py:654} INFO - DAG(s) dict_keys(['example_nested_branch_dag']) retrieved from /home/airflow/.local/lib/python3.7/site-packages/airflow/example_dags/example_nested_branch_dag.py
[2022-07-24 09:31:38,766] {logging_mixin.py:109} INFO - [2022-07-24 09:31:38,765] {dag.py:2396} INFO - Sync 1 DAGs
[2022-07-24 09:31:38,831] {logging_mixin.py:109} INFO - [2022-07-24 09:31:38,831] {dag.py:2935} INFO - Setting next_dagrun for example_nested_branch_dag to 2022-07-23 00:00:00+00:00
[2022-07-24 09:31:38,837] {processor.py:171} INFO - Processing /home/airflow/.local/lib/python3.7/site-packages/airflow/example_dags/example_nested_branch_dag.py took 0.104 seconds
[2022-07-24 09:32:09,646] {processor.py:163} INFO - Started process (PID=445) to work on /home/airflow/.local/lib/python3.7/site-packages/airflow/example_dags/example_nested_branch_dag.py
[2022-07-24 09:32:09,647] {processor.py:642} INFO - Processing file /home/airflow/.local/lib/python3.7/site-packages/airflow/example_dags/example_nested_branch_dag.py for tasks to queue
[2022-07-24 09:32:09,647] {logging_mixin.py:109} INFO - [2022-07-24 09:32:09,647] {dagbag.py:500} INFO - Filling up the DagBag from /home/airflow/.local/lib/python3.7/site-packages/airflow/example_dags/example_nested_branch_dag.py
[2022-07-24 09:32:09,666] {processor.py:654} INFO - DAG(s) dict_keys(['example_nested_branch_dag']) retrieved from /home/airflow/.local/lib/python3.7/site-packages/airflow/example_dags/example_nested_branch_dag.py
[2022-07-24 09:32:09,674] {logging_mixin.py:109} INFO - [2022-07-24 09:32:09,674] {dag.py:2396} INFO - Sync 1 DAGs
[2022-07-24 09:32:09,723] {logging_mixin.py:109} INFO - [2022-07-24 09:32:09,723] {dag.py:2935} INFO - Setting next_dagrun for example_nested_branch_dag to 2022-07-23 00:00:00+00:00
[2022-07-24 09:32:09,730] {processor.py:171} INFO - Processing /home/airflow/.local/lib/python3.7/site-packages/airflow/example_dags/example_nested_branch_dag.py took 0.086 seconds
[2022-07-24 09:32:40,049] {processor.py:163} INFO - Started process (PID=504) to work on /home/airflow/.local/lib/python3.7/site-packages/airflow/example_dags/example_nested_branch_dag.py
[2022-07-24 09:32:40,050] {processor.py:642} INFO - Processing file /home/airflow/.local/lib/python3.7/site-packages/airflow/example_dags/example_nested_branch_dag.py for tasks to queue
[2022-07-24 09:32:40,050] {logging_mixin.py:109} INFO - [2022-07-24 09:32:40,050] {dagbag.py:500} INFO - Filling up the DagBag from /home/airflow/.local/lib/python3.7/site-packages/airflow/example_dags/example_nested_branch_dag.py
[2022-07-24 09:32:40,071] {processor.py:654} INFO - DAG(s) dict_keys(['example_nested_branch_dag']) retrieved from /home/airflow/.local/lib/python3.7/site-packages/airflow/example_dags/example_nested_branch_dag.py
[2022-07-24 09:32:40,079] {logging_mixin.py:109} INFO - [2022-07-24 09:32:40,079] {dag.py:2396} INFO - Sync 1 DAGs
[2022-07-24 09:32:40,091] {logging_mixin.py:109} INFO - [2022-07-24 09:32:40,091] {dag.py:2935} INFO - Setting next_dagrun for example_nested_branch_dag to 2022-07-23 00:00:00+00:00
[2022-07-24 09:32:40,098] {processor.py:171} INFO - Processing /home/airflow/.local/lib/python3.7/site-packages/airflow/example_dags/example_nested_branch_dag.py took 0.051 seconds
[2022-07-24 09:33:11,055] {processor.py:163} INFO - Started process (PID=554) to work on /home/airflow/.local/lib/python3.7/site-packages/airflow/example_dags/example_nested_branch_dag.py
[2022-07-24 09:33:11,056] {processor.py:642} INFO - Processing file /home/airflow/.local/lib/python3.7/site-packages/airflow/example_dags/example_nested_branch_dag.py for tasks to queue
[2022-07-24 09:33:11,056] {logging_mixin.py:109} INFO - [2022-07-24 09:33:11,056] {dagbag.py:500} INFO - Filling up the DagBag from /home/airflow/.local/lib/python3.7/site-packages/airflow/example_dags/example_nested_branch_dag.py
[2022-07-24 09:33:11,076] {processor.py:654} INFO - DAG(s) dict_keys(['example_nested_branch_dag']) retrieved from /home/airflow/.local/lib/python3.7/site-packages/airflow/example_dags/example_nested_branch_dag.py
[2022-07-24 09:33:11,083] {logging_mixin.py:109} INFO - [2022-07-24 09:33:11,082] {dag.py:2396} INFO - Sync 1 DAGs
[2022-07-24 09:33:11,130] {logging_mixin.py:109} INFO - [2022-07-24 09:33:11,130] {dag.py:2935} INFO - Setting next_dagrun for example_nested_branch_dag to 2022-07-23 00:00:00+00:00
[2022-07-24 09:33:11,136] {processor.py:171} INFO - Processing /home/airflow/.local/lib/python3.7/site-packages/airflow/example_dags/example_nested_branch_dag.py took 0.083 seconds
[2022-07-24 09:33:41,822] {processor.py:163} INFO - Started process (PID=613) to work on /home/airflow/.local/lib/python3.7/site-packages/airflow/example_dags/example_nested_branch_dag.py
[2022-07-24 09:33:41,823] {processor.py:642} INFO - Processing file /home/airflow/.local/lib/python3.7/site-packages/airflow/example_dags/example_nested_branch_dag.py for tasks to queue
[2022-07-24 09:33:41,823] {logging_mixin.py:109} INFO - [2022-07-24 09:33:41,823] {dagbag.py:500} INFO - Filling up the DagBag from /home/airflow/.local/lib/python3.7/site-packages/airflow/example_dags/example_nested_branch_dag.py
[2022-07-24 09:33:41,842] {processor.py:654} INFO - DAG(s) dict_keys(['example_nested_branch_dag']) retrieved from /home/airflow/.local/lib/python3.7/site-packages/airflow/example_dags/example_nested_branch_dag.py
[2022-07-24 09:33:41,850] {logging_mixin.py:109} INFO - [2022-07-24 09:33:41,849] {dag.py:2396} INFO - Sync 1 DAGs
[2022-07-24 09:33:41,862] {logging_mixin.py:109} INFO - [2022-07-24 09:33:41,862] {dag.py:2935} INFO - Setting next_dagrun for example_nested_branch_dag to 2022-07-23 00:00:00+00:00
[2022-07-24 09:33:41,868] {processor.py:171} INFO - Processing /home/airflow/.local/lib/python3.7/site-packages/airflow/example_dags/example_nested_branch_dag.py took 0.055 seconds
[2022-07-24 09:34:12,128] {processor.py:163} INFO - Started process (PID=662) to work on /home/airflow/.local/lib/python3.7/site-packages/airflow/example_dags/example_nested_branch_dag.py
[2022-07-24 09:34:12,129] {processor.py:642} INFO - Processing file /home/airflow/.local/lib/python3.7/site-packages/airflow/example_dags/example_nested_branch_dag.py for tasks to queue
[2022-07-24 09:34:12,129] {logging_mixin.py:109} INFO - [2022-07-24 09:34:12,129] {dagbag.py:500} INFO - Filling up the DagBag from /home/airflow/.local/lib/python3.7/site-packages/airflow/example_dags/example_nested_branch_dag.py
[2022-07-24 09:34:12,148] {processor.py:654} INFO - DAG(s) dict_keys(['example_nested_branch_dag']) retrieved from /home/airflow/.local/lib/python3.7/site-packages/airflow/example_dags/example_nested_branch_dag.py
[2022-07-24 09:34:12,155] {logging_mixin.py:109} INFO - [2022-07-24 09:34:12,155] {dag.py:2396} INFO - Sync 1 DAGs
[2022-07-24 09:34:12,167] {logging_mixin.py:109} INFO - [2022-07-24 09:34:12,167] {dag.py:2935} INFO - Setting next_dagrun for example_nested_branch_dag to 2022-07-23 00:00:00+00:00
[2022-07-24 09:34:12,172] {processor.py:171} INFO - Processing /home/airflow/.local/lib/python3.7/site-packages/airflow/example_dags/example_nested_branch_dag.py took 0.046 seconds
