[2022-07-24 09:28:33,726] {processor.py:163} INFO - Started process (PID=71) to work on /home/airflow/.local/lib/python3.7/site-packages/airflow/example_dags/example_xcom.py
[2022-07-24 09:28:33,727] {processor.py:642} INFO - Processing file /home/airflow/.local/lib/python3.7/site-packages/airflow/example_dags/example_xcom.py for tasks to queue
[2022-07-24 09:28:33,727] {logging_mixin.py:109} INFO - [2022-07-24 09:28:33,727] {dagbag.py:500} INFO - Filling up the DagBag from /home/airflow/.local/lib/python3.7/site-packages/airflow/example_dags/example_xcom.py
[2022-07-24 09:28:33,750] {processor.py:654} INFO - DAG(s) dict_keys(['example_xcom']) retrieved from /home/airflow/.local/lib/python3.7/site-packages/airflow/example_dags/example_xcom.py
[2022-07-24 09:28:33,995] {logging_mixin.py:109} INFO - [2022-07-24 09:28:33,995] {dag.py:2396} INFO - Sync 1 DAGs
[2022-07-24 09:28:34,005] {logging_mixin.py:109} INFO - [2022-07-24 09:28:34,005] {dag.py:2935} INFO - Setting next_dagrun for example_xcom to 2021-01-01T00:00:00+00:00
[2022-07-24 09:28:34,012] {processor.py:171} INFO - Processing /home/airflow/.local/lib/python3.7/site-packages/airflow/example_dags/example_xcom.py took 0.288 seconds
[2022-07-24 09:29:04,423] {processor.py:163} INFO - Started process (PID=130) to work on /home/airflow/.local/lib/python3.7/site-packages/airflow/example_dags/example_xcom.py
[2022-07-24 09:29:04,424] {processor.py:642} INFO - Processing file /home/airflow/.local/lib/python3.7/site-packages/airflow/example_dags/example_xcom.py for tasks to queue
[2022-07-24 09:29:04,425] {logging_mixin.py:109} INFO - [2022-07-24 09:29:04,425] {dagbag.py:500} INFO - Filling up the DagBag from /home/airflow/.local/lib/python3.7/site-packages/airflow/example_dags/example_xcom.py
[2022-07-24 09:29:04,447] {processor.py:654} INFO - DAG(s) dict_keys(['example_xcom']) retrieved from /home/airflow/.local/lib/python3.7/site-packages/airflow/example_dags/example_xcom.py
[2022-07-24 09:29:04,679] {logging_mixin.py:109} INFO - [2022-07-24 09:29:04,679] {dag.py:2396} INFO - Sync 1 DAGs
[2022-07-24 09:29:04,689] {logging_mixin.py:109} INFO - [2022-07-24 09:29:04,689] {dag.py:2935} INFO - Setting next_dagrun for example_xcom to 2021-01-01T00:00:00+00:00
[2022-07-24 09:29:04,696] {processor.py:171} INFO - Processing /home/airflow/.local/lib/python3.7/site-packages/airflow/example_dags/example_xcom.py took 0.275 seconds
[2022-07-24 09:29:35,389] {processor.py:163} INFO - Started process (PID=180) to work on /home/airflow/.local/lib/python3.7/site-packages/airflow/example_dags/example_xcom.py
[2022-07-24 09:29:35,390] {processor.py:642} INFO - Processing file /home/airflow/.local/lib/python3.7/site-packages/airflow/example_dags/example_xcom.py for tasks to queue
[2022-07-24 09:29:35,390] {logging_mixin.py:109} INFO - [2022-07-24 09:29:35,390] {dagbag.py:500} INFO - Filling up the DagBag from /home/airflow/.local/lib/python3.7/site-packages/airflow/example_dags/example_xcom.py
[2022-07-24 09:29:35,415] {processor.py:654} INFO - DAG(s) dict_keys(['example_xcom']) retrieved from /home/airflow/.local/lib/python3.7/site-packages/airflow/example_dags/example_xcom.py
[2022-07-24 09:29:35,668] {logging_mixin.py:109} INFO - [2022-07-24 09:29:35,667] {dag.py:2396} INFO - Sync 1 DAGs
[2022-07-24 09:29:35,680] {logging_mixin.py:109} INFO - [2022-07-24 09:29:35,680] {dag.py:2935} INFO - Setting next_dagrun for example_xcom to 2021-01-01T00:00:00+00:00
[2022-07-24 09:29:35,688] {processor.py:171} INFO - Processing /home/airflow/.local/lib/python3.7/site-packages/airflow/example_dags/example_xcom.py took 0.301 seconds
[2022-07-24 09:30:06,340] {processor.py:163} INFO - Started process (PID=239) to work on /home/airflow/.local/lib/python3.7/site-packages/airflow/example_dags/example_xcom.py
[2022-07-24 09:30:06,340] {processor.py:642} INFO - Processing file /home/airflow/.local/lib/python3.7/site-packages/airflow/example_dags/example_xcom.py for tasks to queue
[2022-07-24 09:30:06,341] {logging_mixin.py:109} INFO - [2022-07-24 09:30:06,341] {dagbag.py:500} INFO - Filling up the DagBag from /home/airflow/.local/lib/python3.7/site-packages/airflow/example_dags/example_xcom.py
[2022-07-24 09:30:06,361] {processor.py:654} INFO - DAG(s) dict_keys(['example_xcom']) retrieved from /home/airflow/.local/lib/python3.7/site-packages/airflow/example_dags/example_xcom.py
[2022-07-24 09:30:06,618] {logging_mixin.py:109} INFO - [2022-07-24 09:30:06,618] {dag.py:2396} INFO - Sync 1 DAGs
[2022-07-24 09:30:06,629] {logging_mixin.py:109} INFO - [2022-07-24 09:30:06,629] {dag.py:2935} INFO - Setting next_dagrun for example_xcom to 2021-01-01T00:00:00+00:00
[2022-07-24 09:30:06,637] {processor.py:171} INFO - Processing /home/airflow/.local/lib/python3.7/site-packages/airflow/example_dags/example_xcom.py took 0.299 seconds
[2022-07-24 09:30:37,079] {processor.py:163} INFO - Started process (PID=298) to work on /home/airflow/.local/lib/python3.7/site-packages/airflow/example_dags/example_xcom.py
[2022-07-24 09:30:37,080] {processor.py:642} INFO - Processing file /home/airflow/.local/lib/python3.7/site-packages/airflow/example_dags/example_xcom.py for tasks to queue
[2022-07-24 09:30:37,080] {logging_mixin.py:109} INFO - [2022-07-24 09:30:37,080] {dagbag.py:500} INFO - Filling up the DagBag from /home/airflow/.local/lib/python3.7/site-packages/airflow/example_dags/example_xcom.py
[2022-07-24 09:30:37,101] {processor.py:654} INFO - DAG(s) dict_keys(['example_xcom']) retrieved from /home/airflow/.local/lib/python3.7/site-packages/airflow/example_dags/example_xcom.py
[2022-07-24 09:30:37,341] {logging_mixin.py:109} INFO - [2022-07-24 09:30:37,341] {dag.py:2396} INFO - Sync 1 DAGs
[2022-07-24 09:30:37,351] {logging_mixin.py:109} INFO - [2022-07-24 09:30:37,351] {dag.py:2935} INFO - Setting next_dagrun for example_xcom to 2021-01-01T00:00:00+00:00
[2022-07-24 09:30:37,358] {processor.py:171} INFO - Processing /home/airflow/.local/lib/python3.7/site-packages/airflow/example_dags/example_xcom.py took 0.281 seconds
[2022-07-24 09:31:08,745] {processor.py:163} INFO - Started process (PID=348) to work on /home/airflow/.local/lib/python3.7/site-packages/airflow/example_dags/example_xcom.py
[2022-07-24 09:31:08,746] {processor.py:642} INFO - Processing file /home/airflow/.local/lib/python3.7/site-packages/airflow/example_dags/example_xcom.py for tasks to queue
[2022-07-24 09:31:08,746] {logging_mixin.py:109} INFO - [2022-07-24 09:31:08,746] {dagbag.py:500} INFO - Filling up the DagBag from /home/airflow/.local/lib/python3.7/site-packages/airflow/example_dags/example_xcom.py
[2022-07-24 09:31:08,770] {processor.py:654} INFO - DAG(s) dict_keys(['example_xcom']) retrieved from /home/airflow/.local/lib/python3.7/site-packages/airflow/example_dags/example_xcom.py
[2022-07-24 09:31:09,139] {logging_mixin.py:109} INFO - [2022-07-24 09:31:09,139] {dag.py:2396} INFO - Sync 1 DAGs
[2022-07-24 09:31:09,150] {logging_mixin.py:109} INFO - [2022-07-24 09:31:09,150] {dag.py:2935} INFO - Setting next_dagrun for example_xcom to 2021-01-01T00:00:00+00:00
[2022-07-24 09:31:09,158] {processor.py:171} INFO - Processing /home/airflow/.local/lib/python3.7/site-packages/airflow/example_dags/example_xcom.py took 0.415 seconds
[2022-07-24 09:31:39,738] {processor.py:163} INFO - Started process (PID=407) to work on /home/airflow/.local/lib/python3.7/site-packages/airflow/example_dags/example_xcom.py
[2022-07-24 09:31:39,739] {processor.py:642} INFO - Processing file /home/airflow/.local/lib/python3.7/site-packages/airflow/example_dags/example_xcom.py for tasks to queue
[2022-07-24 09:31:39,739] {logging_mixin.py:109} INFO - [2022-07-24 09:31:39,739] {dagbag.py:500} INFO - Filling up the DagBag from /home/airflow/.local/lib/python3.7/site-packages/airflow/example_dags/example_xcom.py
[2022-07-24 09:31:39,762] {processor.py:654} INFO - DAG(s) dict_keys(['example_xcom']) retrieved from /home/airflow/.local/lib/python3.7/site-packages/airflow/example_dags/example_xcom.py
[2022-07-24 09:31:40,222] {logging_mixin.py:109} INFO - [2022-07-24 09:31:40,222] {dag.py:2396} INFO - Sync 1 DAGs
[2022-07-24 09:31:40,233] {logging_mixin.py:109} INFO - [2022-07-24 09:31:40,233] {dag.py:2935} INFO - Setting next_dagrun for example_xcom to 2021-01-01T00:00:00+00:00
[2022-07-24 09:31:40,240] {processor.py:171} INFO - Processing /home/airflow/.local/lib/python3.7/site-packages/airflow/example_dags/example_xcom.py took 0.504 seconds
[2022-07-24 09:32:10,260] {processor.py:163} INFO - Started process (PID=457) to work on /home/airflow/.local/lib/python3.7/site-packages/airflow/example_dags/example_xcom.py
[2022-07-24 09:32:10,261] {processor.py:642} INFO - Processing file /home/airflow/.local/lib/python3.7/site-packages/airflow/example_dags/example_xcom.py for tasks to queue
[2022-07-24 09:32:10,261] {logging_mixin.py:109} INFO - [2022-07-24 09:32:10,261] {dagbag.py:500} INFO - Filling up the DagBag from /home/airflow/.local/lib/python3.7/site-packages/airflow/example_dags/example_xcom.py
[2022-07-24 09:32:10,284] {processor.py:654} INFO - DAG(s) dict_keys(['example_xcom']) retrieved from /home/airflow/.local/lib/python3.7/site-packages/airflow/example_dags/example_xcom.py
[2022-07-24 09:32:10,624] {logging_mixin.py:109} INFO - [2022-07-24 09:32:10,624] {dag.py:2396} INFO - Sync 1 DAGs
[2022-07-24 09:32:10,635] {logging_mixin.py:109} INFO - [2022-07-24 09:32:10,635] {dag.py:2935} INFO - Setting next_dagrun for example_xcom to 2021-01-01T00:00:00+00:00
[2022-07-24 09:32:10,642] {processor.py:171} INFO - Processing /home/airflow/.local/lib/python3.7/site-packages/airflow/example_dags/example_xcom.py took 0.384 seconds
[2022-07-24 09:32:41,421] {processor.py:163} INFO - Started process (PID=516) to work on /home/airflow/.local/lib/python3.7/site-packages/airflow/example_dags/example_xcom.py
[2022-07-24 09:32:41,421] {processor.py:642} INFO - Processing file /home/airflow/.local/lib/python3.7/site-packages/airflow/example_dags/example_xcom.py for tasks to queue
[2022-07-24 09:32:41,422] {logging_mixin.py:109} INFO - [2022-07-24 09:32:41,422] {dagbag.py:500} INFO - Filling up the DagBag from /home/airflow/.local/lib/python3.7/site-packages/airflow/example_dags/example_xcom.py
[2022-07-24 09:32:41,443] {processor.py:654} INFO - DAG(s) dict_keys(['example_xcom']) retrieved from /home/airflow/.local/lib/python3.7/site-packages/airflow/example_dags/example_xcom.py
[2022-07-24 09:32:41,726] {logging_mixin.py:109} INFO - [2022-07-24 09:32:41,726] {dag.py:2396} INFO - Sync 1 DAGs
[2022-07-24 09:32:41,735] {logging_mixin.py:109} INFO - [2022-07-24 09:32:41,735] {dag.py:2935} INFO - Setting next_dagrun for example_xcom to 2021-01-01T00:00:00+00:00
[2022-07-24 09:32:41,742] {processor.py:171} INFO - Processing /home/airflow/.local/lib/python3.7/site-packages/airflow/example_dags/example_xcom.py took 0.323 seconds
[2022-07-24 09:33:11,768] {processor.py:163} INFO - Started process (PID=566) to work on /home/airflow/.local/lib/python3.7/site-packages/airflow/example_dags/example_xcom.py
[2022-07-24 09:33:11,769] {processor.py:642} INFO - Processing file /home/airflow/.local/lib/python3.7/site-packages/airflow/example_dags/example_xcom.py for tasks to queue
[2022-07-24 09:33:11,769] {logging_mixin.py:109} INFO - [2022-07-24 09:33:11,769] {dagbag.py:500} INFO - Filling up the DagBag from /home/airflow/.local/lib/python3.7/site-packages/airflow/example_dags/example_xcom.py
[2022-07-24 09:33:11,789] {processor.py:654} INFO - DAG(s) dict_keys(['example_xcom']) retrieved from /home/airflow/.local/lib/python3.7/site-packages/airflow/example_dags/example_xcom.py
[2022-07-24 09:33:12,151] {logging_mixin.py:109} INFO - [2022-07-24 09:33:12,151] {dag.py:2396} INFO - Sync 1 DAGs
[2022-07-24 09:33:12,162] {logging_mixin.py:109} INFO - [2022-07-24 09:33:12,162] {dag.py:2935} INFO - Setting next_dagrun for example_xcom to 2021-01-01T00:00:00+00:00
[2022-07-24 09:33:12,229] {processor.py:171} INFO - Processing /home/airflow/.local/lib/python3.7/site-packages/airflow/example_dags/example_xcom.py took 0.463 seconds
[2022-07-24 09:33:42,828] {processor.py:163} INFO - Started process (PID=625) to work on /home/airflow/.local/lib/python3.7/site-packages/airflow/example_dags/example_xcom.py
[2022-07-24 09:33:42,829] {processor.py:642} INFO - Processing file /home/airflow/.local/lib/python3.7/site-packages/airflow/example_dags/example_xcom.py for tasks to queue
[2022-07-24 09:33:42,829] {logging_mixin.py:109} INFO - [2022-07-24 09:33:42,829] {dagbag.py:500} INFO - Filling up the DagBag from /home/airflow/.local/lib/python3.7/site-packages/airflow/example_dags/example_xcom.py
[2022-07-24 09:33:42,850] {processor.py:654} INFO - DAG(s) dict_keys(['example_xcom']) retrieved from /home/airflow/.local/lib/python3.7/site-packages/airflow/example_dags/example_xcom.py
[2022-07-24 09:33:43,271] {logging_mixin.py:109} INFO - [2022-07-24 09:33:43,270] {dag.py:2396} INFO - Sync 1 DAGs
[2022-07-24 09:33:43,280] {logging_mixin.py:109} INFO - [2022-07-24 09:33:43,280] {dag.py:2935} INFO - Setting next_dagrun for example_xcom to 2021-01-01T00:00:00+00:00
[2022-07-24 09:33:43,287] {processor.py:171} INFO - Processing /home/airflow/.local/lib/python3.7/site-packages/airflow/example_dags/example_xcom.py took 0.461 seconds
[2022-07-24 09:34:13,836] {processor.py:163} INFO - Started process (PID=681) to work on /home/airflow/.local/lib/python3.7/site-packages/airflow/example_dags/example_xcom.py
[2022-07-24 09:34:13,837] {processor.py:642} INFO - Processing file /home/airflow/.local/lib/python3.7/site-packages/airflow/example_dags/example_xcom.py for tasks to queue
[2022-07-24 09:34:13,838] {logging_mixin.py:109} INFO - [2022-07-24 09:34:13,838] {dagbag.py:500} INFO - Filling up the DagBag from /home/airflow/.local/lib/python3.7/site-packages/airflow/example_dags/example_xcom.py
[2022-07-24 09:34:13,860] {processor.py:654} INFO - DAG(s) dict_keys(['example_xcom']) retrieved from /home/airflow/.local/lib/python3.7/site-packages/airflow/example_dags/example_xcom.py
[2022-07-24 09:34:14,079] {logging_mixin.py:109} INFO - [2022-07-24 09:34:14,079] {dag.py:2396} INFO - Sync 1 DAGs
[2022-07-24 09:34:14,090] {logging_mixin.py:109} INFO - [2022-07-24 09:34:14,090] {dag.py:2935} INFO - Setting next_dagrun for example_xcom to 2021-01-01T00:00:00+00:00
[2022-07-24 09:34:14,097] {processor.py:171} INFO - Processing /home/airflow/.local/lib/python3.7/site-packages/airflow/example_dags/example_xcom.py took 0.263 seconds
