[2022-07-24 09:28:32,936] {processor.py:163} INFO - Started process (PID=57) to work on /home/airflow/.local/lib/python3.7/site-packages/airflow/example_dags/example_latest_only.py
[2022-07-24 09:28:32,937] {processor.py:642} INFO - Processing file /home/airflow/.local/lib/python3.7/site-packages/airflow/example_dags/example_latest_only.py for tasks to queue
[2022-07-24 09:28:32,937] {logging_mixin.py:109} INFO - [2022-07-24 09:28:32,937] {dagbag.py:500} INFO - Filling up the DagBag from /home/airflow/.local/lib/python3.7/site-packages/airflow/example_dags/example_latest_only.py
[2022-07-24 09:28:32,953] {processor.py:654} INFO - DAG(s) dict_keys(['latest_only']) retrieved from /home/airflow/.local/lib/python3.7/site-packages/airflow/example_dags/example_latest_only.py
[2022-07-24 09:28:32,960] {logging_mixin.py:109} INFO - [2022-07-24 09:28:32,959] {dag.py:2396} INFO - Sync 1 DAGs
[2022-07-24 09:28:32,971] {logging_mixin.py:109} INFO - [2022-07-24 09:28:32,971] {dag.py:2935} INFO - Setting next_dagrun for latest_only to 2022-07-24T05:28:32.970919+00:00
[2022-07-24 09:28:32,977] {processor.py:171} INFO - Processing /home/airflow/.local/lib/python3.7/site-packages/airflow/example_dags/example_latest_only.py took 0.042 seconds
[2022-07-24 09:29:03,917] {processor.py:163} INFO - Started process (PID=116) to work on /home/airflow/.local/lib/python3.7/site-packages/airflow/example_dags/example_latest_only.py
[2022-07-24 09:29:03,918] {processor.py:642} INFO - Processing file /home/airflow/.local/lib/python3.7/site-packages/airflow/example_dags/example_latest_only.py for tasks to queue
[2022-07-24 09:29:03,918] {logging_mixin.py:109} INFO - [2022-07-24 09:29:03,918] {dagbag.py:500} INFO - Filling up the DagBag from /home/airflow/.local/lib/python3.7/site-packages/airflow/example_dags/example_latest_only.py
[2022-07-24 09:29:03,934] {processor.py:654} INFO - DAG(s) dict_keys(['latest_only']) retrieved from /home/airflow/.local/lib/python3.7/site-packages/airflow/example_dags/example_latest_only.py
[2022-07-24 09:29:03,941] {logging_mixin.py:109} INFO - [2022-07-24 09:29:03,941] {dag.py:2396} INFO - Sync 1 DAGs
[2022-07-24 09:29:03,953] {logging_mixin.py:109} INFO - [2022-07-24 09:29:03,953] {dag.py:2935} INFO - Setting next_dagrun for latest_only to 2022-07-24T05:29:03.953278+00:00
[2022-07-24 09:29:03,959] {processor.py:171} INFO - Processing /home/airflow/.local/lib/python3.7/site-packages/airflow/example_dags/example_latest_only.py took 0.044 seconds
[2022-07-24 09:29:34,786] {processor.py:163} INFO - Started process (PID=166) to work on /home/airflow/.local/lib/python3.7/site-packages/airflow/example_dags/example_latest_only.py
[2022-07-24 09:29:34,787] {processor.py:642} INFO - Processing file /home/airflow/.local/lib/python3.7/site-packages/airflow/example_dags/example_latest_only.py for tasks to queue
[2022-07-24 09:29:34,787] {logging_mixin.py:109} INFO - [2022-07-24 09:29:34,787] {dagbag.py:500} INFO - Filling up the DagBag from /home/airflow/.local/lib/python3.7/site-packages/airflow/example_dags/example_latest_only.py
[2022-07-24 09:29:34,808] {processor.py:654} INFO - DAG(s) dict_keys(['latest_only']) retrieved from /home/airflow/.local/lib/python3.7/site-packages/airflow/example_dags/example_latest_only.py
[2022-07-24 09:29:34,815] {logging_mixin.py:109} INFO - [2022-07-24 09:29:34,815] {dag.py:2396} INFO - Sync 1 DAGs
[2022-07-24 09:29:34,828] {logging_mixin.py:109} INFO - [2022-07-24 09:29:34,828] {dag.py:2935} INFO - Setting next_dagrun for latest_only to 2022-07-24T05:29:34.828317+00:00
[2022-07-24 09:29:34,835] {processor.py:171} INFO - Processing /home/airflow/.local/lib/python3.7/site-packages/airflow/example_dags/example_latest_only.py took 0.051 seconds
[2022-07-24 09:30:05,721] {processor.py:163} INFO - Started process (PID=225) to work on /home/airflow/.local/lib/python3.7/site-packages/airflow/example_dags/example_latest_only.py
[2022-07-24 09:30:05,722] {processor.py:642} INFO - Processing file /home/airflow/.local/lib/python3.7/site-packages/airflow/example_dags/example_latest_only.py for tasks to queue
[2022-07-24 09:30:05,722] {logging_mixin.py:109} INFO - [2022-07-24 09:30:05,722] {dagbag.py:500} INFO - Filling up the DagBag from /home/airflow/.local/lib/python3.7/site-packages/airflow/example_dags/example_latest_only.py
[2022-07-24 09:30:05,740] {processor.py:654} INFO - DAG(s) dict_keys(['latest_only']) retrieved from /home/airflow/.local/lib/python3.7/site-packages/airflow/example_dags/example_latest_only.py
[2022-07-24 09:30:05,747] {logging_mixin.py:109} INFO - [2022-07-24 09:30:05,747] {dag.py:2396} INFO - Sync 1 DAGs
[2022-07-24 09:30:05,760] {logging_mixin.py:109} INFO - [2022-07-24 09:30:05,760] {dag.py:2935} INFO - Setting next_dagrun for latest_only to 2022-07-24T05:30:05.760325+00:00
[2022-07-24 09:30:05,768] {processor.py:171} INFO - Processing /home/airflow/.local/lib/python3.7/site-packages/airflow/example_dags/example_latest_only.py took 0.049 seconds
[2022-07-24 09:30:36,458] {processor.py:163} INFO - Started process (PID=284) to work on /home/airflow/.local/lib/python3.7/site-packages/airflow/example_dags/example_latest_only.py
[2022-07-24 09:30:36,459] {processor.py:642} INFO - Processing file /home/airflow/.local/lib/python3.7/site-packages/airflow/example_dags/example_latest_only.py for tasks to queue
[2022-07-24 09:30:36,460] {logging_mixin.py:109} INFO - [2022-07-24 09:30:36,460] {dagbag.py:500} INFO - Filling up the DagBag from /home/airflow/.local/lib/python3.7/site-packages/airflow/example_dags/example_latest_only.py
[2022-07-24 09:30:36,478] {processor.py:654} INFO - DAG(s) dict_keys(['latest_only']) retrieved from /home/airflow/.local/lib/python3.7/site-packages/airflow/example_dags/example_latest_only.py
[2022-07-24 09:30:36,485] {logging_mixin.py:109} INFO - [2022-07-24 09:30:36,485] {dag.py:2396} INFO - Sync 1 DAGs
[2022-07-24 09:30:36,496] {logging_mixin.py:109} INFO - [2022-07-24 09:30:36,496] {dag.py:2935} INFO - Setting next_dagrun for latest_only to 2022-07-24T05:30:36.496486+00:00
[2022-07-24 09:30:36,503] {processor.py:171} INFO - Processing /home/airflow/.local/lib/python3.7/site-packages/airflow/example_dags/example_latest_only.py took 0.047 seconds
[2022-07-24 09:31:07,593] {processor.py:163} INFO - Started process (PID=334) to work on /home/airflow/.local/lib/python3.7/site-packages/airflow/example_dags/example_latest_only.py
[2022-07-24 09:31:07,599] {processor.py:642} INFO - Processing file /home/airflow/.local/lib/python3.7/site-packages/airflow/example_dags/example_latest_only.py for tasks to queue
[2022-07-24 09:31:07,600] {logging_mixin.py:109} INFO - [2022-07-24 09:31:07,600] {dagbag.py:500} INFO - Filling up the DagBag from /home/airflow/.local/lib/python3.7/site-packages/airflow/example_dags/example_latest_only.py
[2022-07-24 09:31:07,656] {processor.py:654} INFO - DAG(s) dict_keys(['latest_only']) retrieved from /home/airflow/.local/lib/python3.7/site-packages/airflow/example_dags/example_latest_only.py
[2022-07-24 09:31:07,665] {logging_mixin.py:109} INFO - [2022-07-24 09:31:07,665] {dag.py:2396} INFO - Sync 1 DAGs
[2022-07-24 09:31:07,683] {logging_mixin.py:109} INFO - [2022-07-24 09:31:07,682] {dag.py:2935} INFO - Setting next_dagrun for latest_only to 2022-07-24T05:31:07.682562+00:00
[2022-07-24 09:31:07,692] {processor.py:171} INFO - Processing /home/airflow/.local/lib/python3.7/site-packages/airflow/example_dags/example_latest_only.py took 0.103 seconds
[2022-07-24 09:31:38,456] {processor.py:163} INFO - Started process (PID=393) to work on /home/airflow/.local/lib/python3.7/site-packages/airflow/example_dags/example_latest_only.py
[2022-07-24 09:31:38,456] {processor.py:642} INFO - Processing file /home/airflow/.local/lib/python3.7/site-packages/airflow/example_dags/example_latest_only.py for tasks to queue
[2022-07-24 09:31:38,457] {logging_mixin.py:109} INFO - [2022-07-24 09:31:38,457] {dagbag.py:500} INFO - Filling up the DagBag from /home/airflow/.local/lib/python3.7/site-packages/airflow/example_dags/example_latest_only.py
[2022-07-24 09:31:38,529] {processor.py:654} INFO - DAG(s) dict_keys(['latest_only']) retrieved from /home/airflow/.local/lib/python3.7/site-packages/airflow/example_dags/example_latest_only.py
[2022-07-24 09:31:38,537] {logging_mixin.py:109} INFO - [2022-07-24 09:31:38,537] {dag.py:2396} INFO - Sync 1 DAGs
[2022-07-24 09:31:38,550] {logging_mixin.py:109} INFO - [2022-07-24 09:31:38,550] {dag.py:2935} INFO - Setting next_dagrun for latest_only to 2022-07-24T05:31:38.550317+00:00
[2022-07-24 09:31:38,558] {processor.py:171} INFO - Processing /home/airflow/.local/lib/python3.7/site-packages/airflow/example_dags/example_latest_only.py took 0.104 seconds
[2022-07-24 09:32:09,380] {processor.py:163} INFO - Started process (PID=443) to work on /home/airflow/.local/lib/python3.7/site-packages/airflow/example_dags/example_latest_only.py
[2022-07-24 09:32:09,381] {processor.py:642} INFO - Processing file /home/airflow/.local/lib/python3.7/site-packages/airflow/example_dags/example_latest_only.py for tasks to queue
[2022-07-24 09:32:09,382] {logging_mixin.py:109} INFO - [2022-07-24 09:32:09,381] {dagbag.py:500} INFO - Filling up the DagBag from /home/airflow/.local/lib/python3.7/site-packages/airflow/example_dags/example_latest_only.py
[2022-07-24 09:32:09,458] {processor.py:654} INFO - DAG(s) dict_keys(['latest_only']) retrieved from /home/airflow/.local/lib/python3.7/site-packages/airflow/example_dags/example_latest_only.py
[2022-07-24 09:32:09,465] {logging_mixin.py:109} INFO - [2022-07-24 09:32:09,465] {dag.py:2396} INFO - Sync 1 DAGs
[2022-07-24 09:32:09,477] {logging_mixin.py:109} INFO - [2022-07-24 09:32:09,477] {dag.py:2935} INFO - Setting next_dagrun for latest_only to 2022-07-24T05:32:09.476920+00:00
[2022-07-24 09:32:09,528] {processor.py:171} INFO - Processing /home/airflow/.local/lib/python3.7/site-packages/airflow/example_dags/example_latest_only.py took 0.149 seconds
[2022-07-24 09:32:39,928] {processor.py:163} INFO - Started process (PID=502) to work on /home/airflow/.local/lib/python3.7/site-packages/airflow/example_dags/example_latest_only.py
[2022-07-24 09:32:39,929] {processor.py:642} INFO - Processing file /home/airflow/.local/lib/python3.7/site-packages/airflow/example_dags/example_latest_only.py for tasks to queue
[2022-07-24 09:32:39,929] {logging_mixin.py:109} INFO - [2022-07-24 09:32:39,929] {dagbag.py:500} INFO - Filling up the DagBag from /home/airflow/.local/lib/python3.7/site-packages/airflow/example_dags/example_latest_only.py
[2022-07-24 09:32:39,947] {processor.py:654} INFO - DAG(s) dict_keys(['latest_only']) retrieved from /home/airflow/.local/lib/python3.7/site-packages/airflow/example_dags/example_latest_only.py
[2022-07-24 09:32:39,954] {logging_mixin.py:109} INFO - [2022-07-24 09:32:39,954] {dag.py:2396} INFO - Sync 1 DAGs
[2022-07-24 09:32:39,966] {logging_mixin.py:109} INFO - [2022-07-24 09:32:39,966] {dag.py:2935} INFO - Setting next_dagrun for latest_only to 2022-07-24T05:32:39.966167+00:00
[2022-07-24 09:32:39,972] {processor.py:171} INFO - Processing /home/airflow/.local/lib/python3.7/site-packages/airflow/example_dags/example_latest_only.py took 0.046 seconds
[2022-07-24 09:33:09,994] {processor.py:163} INFO - Started process (PID=551) to work on /home/airflow/.local/lib/python3.7/site-packages/airflow/example_dags/example_latest_only.py
[2022-07-24 09:33:09,995] {processor.py:642} INFO - Processing file /home/airflow/.local/lib/python3.7/site-packages/airflow/example_dags/example_latest_only.py for tasks to queue
[2022-07-24 09:33:09,995] {logging_mixin.py:109} INFO - [2022-07-24 09:33:09,995] {dagbag.py:500} INFO - Filling up the DagBag from /home/airflow/.local/lib/python3.7/site-packages/airflow/example_dags/example_latest_only.py
[2022-07-24 09:33:10,011] {processor.py:654} INFO - DAG(s) dict_keys(['latest_only']) retrieved from /home/airflow/.local/lib/python3.7/site-packages/airflow/example_dags/example_latest_only.py
[2022-07-24 09:33:10,018] {logging_mixin.py:109} INFO - [2022-07-24 09:33:10,018] {dag.py:2396} INFO - Sync 1 DAGs
[2022-07-24 09:33:10,029] {logging_mixin.py:109} INFO - [2022-07-24 09:33:10,029] {dag.py:2935} INFO - Setting next_dagrun for latest_only to 2022-07-24T05:33:10.029153+00:00
[2022-07-24 09:33:10,035] {processor.py:171} INFO - Processing /home/airflow/.local/lib/python3.7/site-packages/airflow/example_dags/example_latest_only.py took 0.043 seconds
[2022-07-24 09:33:40,669] {processor.py:163} INFO - Started process (PID=610) to work on /home/airflow/.local/lib/python3.7/site-packages/airflow/example_dags/example_latest_only.py
[2022-07-24 09:33:40,670] {processor.py:642} INFO - Processing file /home/airflow/.local/lib/python3.7/site-packages/airflow/example_dags/example_latest_only.py for tasks to queue
[2022-07-24 09:33:40,670] {logging_mixin.py:109} INFO - [2022-07-24 09:33:40,670] {dagbag.py:500} INFO - Filling up the DagBag from /home/airflow/.local/lib/python3.7/site-packages/airflow/example_dags/example_latest_only.py
[2022-07-24 09:33:40,690] {processor.py:654} INFO - DAG(s) dict_keys(['latest_only']) retrieved from /home/airflow/.local/lib/python3.7/site-packages/airflow/example_dags/example_latest_only.py
[2022-07-24 09:33:40,729] {logging_mixin.py:109} INFO - [2022-07-24 09:33:40,728] {dag.py:2396} INFO - Sync 1 DAGs
[2022-07-24 09:33:40,740] {logging_mixin.py:109} INFO - [2022-07-24 09:33:40,740] {dag.py:2935} INFO - Setting next_dagrun for latest_only to 2022-07-24T05:33:40.740691+00:00
[2022-07-24 09:33:40,747] {processor.py:171} INFO - Processing /home/airflow/.local/lib/python3.7/site-packages/airflow/example_dags/example_latest_only.py took 0.079 seconds
[2022-07-24 09:34:11,069] {processor.py:163} INFO - Started process (PID=660) to work on /home/airflow/.local/lib/python3.7/site-packages/airflow/example_dags/example_latest_only.py
[2022-07-24 09:34:11,070] {processor.py:642} INFO - Processing file /home/airflow/.local/lib/python3.7/site-packages/airflow/example_dags/example_latest_only.py for tasks to queue
[2022-07-24 09:34:11,071] {logging_mixin.py:109} INFO - [2022-07-24 09:34:11,071] {dagbag.py:500} INFO - Filling up the DagBag from /home/airflow/.local/lib/python3.7/site-packages/airflow/example_dags/example_latest_only.py
[2022-07-24 09:34:11,088] {processor.py:654} INFO - DAG(s) dict_keys(['latest_only']) retrieved from /home/airflow/.local/lib/python3.7/site-packages/airflow/example_dags/example_latest_only.py
[2022-07-24 09:34:11,094] {logging_mixin.py:109} INFO - [2022-07-24 09:34:11,094] {dag.py:2396} INFO - Sync 1 DAGs
[2022-07-24 09:34:11,106] {logging_mixin.py:109} INFO - [2022-07-24 09:34:11,106] {dag.py:2935} INFO - Setting next_dagrun for latest_only to 2022-07-24T05:34:11.106311+00:00
[2022-07-24 09:34:11,113] {processor.py:171} INFO - Processing /home/airflow/.local/lib/python3.7/site-packages/airflow/example_dags/example_latest_only.py took 0.045 seconds
