[2022-07-24 09:28:33,223] {processor.py:163} INFO - Started process (PID=63) to work on /home/airflow/.local/lib/python3.7/site-packages/airflow/example_dags/example_skip_dag.py
[2022-07-24 09:28:33,224] {processor.py:642} INFO - Processing file /home/airflow/.local/lib/python3.7/site-packages/airflow/example_dags/example_skip_dag.py for tasks to queue
[2022-07-24 09:28:33,224] {logging_mixin.py:109} INFO - [2022-07-24 09:28:33,224] {dagbag.py:500} INFO - Filling up the DagBag from /home/airflow/.local/lib/python3.7/site-packages/airflow/example_dags/example_skip_dag.py
[2022-07-24 09:28:33,245] {processor.py:654} INFO - DAG(s) dict_keys(['example_skip_dag']) retrieved from /home/airflow/.local/lib/python3.7/site-packages/airflow/example_dags/example_skip_dag.py
[2022-07-24 09:28:33,253] {logging_mixin.py:109} INFO - [2022-07-24 09:28:33,253] {dag.py:2396} INFO - Sync 1 DAGs
[2022-07-24 09:28:33,265] {logging_mixin.py:109} INFO - [2022-07-24 09:28:33,265] {dag.py:2935} INFO - Setting next_dagrun for example_skip_dag to 2022-07-23T09:28:33.264999+00:00
[2022-07-24 09:28:33,272] {processor.py:171} INFO - Processing /home/airflow/.local/lib/python3.7/site-packages/airflow/example_dags/example_skip_dag.py took 0.103 seconds
[2022-07-24 09:29:04,113] {processor.py:163} INFO - Started process (PID=122) to work on /home/airflow/.local/lib/python3.7/site-packages/airflow/example_dags/example_skip_dag.py
[2022-07-24 09:29:04,114] {processor.py:642} INFO - Processing file /home/airflow/.local/lib/python3.7/site-packages/airflow/example_dags/example_skip_dag.py for tasks to queue
[2022-07-24 09:29:04,114] {logging_mixin.py:109} INFO - [2022-07-24 09:29:04,114] {dagbag.py:500} INFO - Filling up the DagBag from /home/airflow/.local/lib/python3.7/site-packages/airflow/example_dags/example_skip_dag.py
[2022-07-24 09:29:04,133] {processor.py:654} INFO - DAG(s) dict_keys(['example_skip_dag']) retrieved from /home/airflow/.local/lib/python3.7/site-packages/airflow/example_dags/example_skip_dag.py
[2022-07-24 09:29:04,141] {logging_mixin.py:109} INFO - [2022-07-24 09:29:04,141] {dag.py:2396} INFO - Sync 1 DAGs
[2022-07-24 09:29:04,152] {logging_mixin.py:109} INFO - [2022-07-24 09:29:04,152] {dag.py:2935} INFO - Setting next_dagrun for example_skip_dag to 2022-07-23T09:29:04.152525+00:00
[2022-07-24 09:29:04,158] {processor.py:171} INFO - Processing /home/airflow/.local/lib/python3.7/site-packages/airflow/example_dags/example_skip_dag.py took 0.047 seconds
[2022-07-24 09:29:35,031] {processor.py:163} INFO - Started process (PID=172) to work on /home/airflow/.local/lib/python3.7/site-packages/airflow/example_dags/example_skip_dag.py
[2022-07-24 09:29:35,032] {processor.py:642} INFO - Processing file /home/airflow/.local/lib/python3.7/site-packages/airflow/example_dags/example_skip_dag.py for tasks to queue
[2022-07-24 09:29:35,032] {logging_mixin.py:109} INFO - [2022-07-24 09:29:35,032] {dagbag.py:500} INFO - Filling up the DagBag from /home/airflow/.local/lib/python3.7/site-packages/airflow/example_dags/example_skip_dag.py
[2022-07-24 09:29:35,050] {processor.py:654} INFO - DAG(s) dict_keys(['example_skip_dag']) retrieved from /home/airflow/.local/lib/python3.7/site-packages/airflow/example_dags/example_skip_dag.py
[2022-07-24 09:29:35,059] {logging_mixin.py:109} INFO - [2022-07-24 09:29:35,059] {dag.py:2396} INFO - Sync 1 DAGs
[2022-07-24 09:29:35,072] {logging_mixin.py:109} INFO - [2022-07-24 09:29:35,072] {dag.py:2935} INFO - Setting next_dagrun for example_skip_dag to 2022-07-23T09:29:35.072568+00:00
[2022-07-24 09:29:35,080] {processor.py:171} INFO - Processing /home/airflow/.local/lib/python3.7/site-packages/airflow/example_dags/example_skip_dag.py took 0.051 seconds
[2022-07-24 09:30:05,979] {processor.py:163} INFO - Started process (PID=231) to work on /home/airflow/.local/lib/python3.7/site-packages/airflow/example_dags/example_skip_dag.py
[2022-07-24 09:30:05,980] {processor.py:642} INFO - Processing file /home/airflow/.local/lib/python3.7/site-packages/airflow/example_dags/example_skip_dag.py for tasks to queue
[2022-07-24 09:30:05,980] {logging_mixin.py:109} INFO - [2022-07-24 09:30:05,980] {dagbag.py:500} INFO - Filling up the DagBag from /home/airflow/.local/lib/python3.7/site-packages/airflow/example_dags/example_skip_dag.py
[2022-07-24 09:30:06,001] {processor.py:654} INFO - DAG(s) dict_keys(['example_skip_dag']) retrieved from /home/airflow/.local/lib/python3.7/site-packages/airflow/example_dags/example_skip_dag.py
[2022-07-24 09:30:06,009] {logging_mixin.py:109} INFO - [2022-07-24 09:30:06,009] {dag.py:2396} INFO - Sync 1 DAGs
[2022-07-24 09:30:06,022] {logging_mixin.py:109} INFO - [2022-07-24 09:30:06,022] {dag.py:2935} INFO - Setting next_dagrun for example_skip_dag to 2022-07-23T09:30:06.021975+00:00
[2022-07-24 09:30:06,029] {processor.py:171} INFO - Processing /home/airflow/.local/lib/python3.7/site-packages/airflow/example_dags/example_skip_dag.py took 0.052 seconds
[2022-07-24 09:30:36,761] {processor.py:163} INFO - Started process (PID=290) to work on /home/airflow/.local/lib/python3.7/site-packages/airflow/example_dags/example_skip_dag.py
[2022-07-24 09:30:36,762] {processor.py:642} INFO - Processing file /home/airflow/.local/lib/python3.7/site-packages/airflow/example_dags/example_skip_dag.py for tasks to queue
[2022-07-24 09:30:36,762] {logging_mixin.py:109} INFO - [2022-07-24 09:30:36,762] {dagbag.py:500} INFO - Filling up the DagBag from /home/airflow/.local/lib/python3.7/site-packages/airflow/example_dags/example_skip_dag.py
[2022-07-24 09:30:36,780] {processor.py:654} INFO - DAG(s) dict_keys(['example_skip_dag']) retrieved from /home/airflow/.local/lib/python3.7/site-packages/airflow/example_dags/example_skip_dag.py
[2022-07-24 09:30:36,787] {logging_mixin.py:109} INFO - [2022-07-24 09:30:36,787] {dag.py:2396} INFO - Sync 1 DAGs
[2022-07-24 09:30:36,798] {logging_mixin.py:109} INFO - [2022-07-24 09:30:36,798] {dag.py:2935} INFO - Setting next_dagrun for example_skip_dag to 2022-07-23T09:30:36.798491+00:00
[2022-07-24 09:30:36,804] {processor.py:171} INFO - Processing /home/airflow/.local/lib/python3.7/site-packages/airflow/example_dags/example_skip_dag.py took 0.045 seconds
[2022-07-24 09:31:08,168] {processor.py:163} INFO - Started process (PID=340) to work on /home/airflow/.local/lib/python3.7/site-packages/airflow/example_dags/example_skip_dag.py
[2022-07-24 09:31:08,169] {processor.py:642} INFO - Processing file /home/airflow/.local/lib/python3.7/site-packages/airflow/example_dags/example_skip_dag.py for tasks to queue
[2022-07-24 09:31:08,169] {logging_mixin.py:109} INFO - [2022-07-24 09:31:08,169] {dagbag.py:500} INFO - Filling up the DagBag from /home/airflow/.local/lib/python3.7/site-packages/airflow/example_dags/example_skip_dag.py
[2022-07-24 09:31:08,187] {processor.py:654} INFO - DAG(s) dict_keys(['example_skip_dag']) retrieved from /home/airflow/.local/lib/python3.7/site-packages/airflow/example_dags/example_skip_dag.py
[2022-07-24 09:31:08,195] {logging_mixin.py:109} INFO - [2022-07-24 09:31:08,195] {dag.py:2396} INFO - Sync 1 DAGs
[2022-07-24 09:31:08,236] {logging_mixin.py:109} INFO - [2022-07-24 09:31:08,235] {dag.py:2935} INFO - Setting next_dagrun for example_skip_dag to 2022-07-23T09:31:08.235746+00:00
[2022-07-24 09:31:08,243] {processor.py:171} INFO - Processing /home/airflow/.local/lib/python3.7/site-packages/airflow/example_dags/example_skip_dag.py took 0.077 seconds
[2022-07-24 09:31:39,131] {processor.py:163} INFO - Started process (PID=399) to work on /home/airflow/.local/lib/python3.7/site-packages/airflow/example_dags/example_skip_dag.py
[2022-07-24 09:31:39,131] {processor.py:642} INFO - Processing file /home/airflow/.local/lib/python3.7/site-packages/airflow/example_dags/example_skip_dag.py for tasks to queue
[2022-07-24 09:31:39,132] {logging_mixin.py:109} INFO - [2022-07-24 09:31:39,132] {dagbag.py:500} INFO - Filling up the DagBag from /home/airflow/.local/lib/python3.7/site-packages/airflow/example_dags/example_skip_dag.py
[2022-07-24 09:31:39,150] {processor.py:654} INFO - DAG(s) dict_keys(['example_skip_dag']) retrieved from /home/airflow/.local/lib/python3.7/site-packages/airflow/example_dags/example_skip_dag.py
[2022-07-24 09:31:39,157] {logging_mixin.py:109} INFO - [2022-07-24 09:31:39,157] {dag.py:2396} INFO - Sync 1 DAGs
[2022-07-24 09:31:39,224] {logging_mixin.py:109} INFO - [2022-07-24 09:31:39,224] {dag.py:2935} INFO - Setting next_dagrun for example_skip_dag to 2022-07-23T09:31:39.224385+00:00
[2022-07-24 09:31:39,231] {processor.py:171} INFO - Processing /home/airflow/.local/lib/python3.7/site-packages/airflow/example_dags/example_skip_dag.py took 0.103 seconds
[2022-07-24 09:32:09,881] {processor.py:163} INFO - Started process (PID=449) to work on /home/airflow/.local/lib/python3.7/site-packages/airflow/example_dags/example_skip_dag.py
[2022-07-24 09:32:09,881] {processor.py:642} INFO - Processing file /home/airflow/.local/lib/python3.7/site-packages/airflow/example_dags/example_skip_dag.py for tasks to queue
[2022-07-24 09:32:09,882] {logging_mixin.py:109} INFO - [2022-07-24 09:32:09,882] {dagbag.py:500} INFO - Filling up the DagBag from /home/airflow/.local/lib/python3.7/site-packages/airflow/example_dags/example_skip_dag.py
[2022-07-24 09:32:09,934] {processor.py:654} INFO - DAG(s) dict_keys(['example_skip_dag']) retrieved from /home/airflow/.local/lib/python3.7/site-packages/airflow/example_dags/example_skip_dag.py
[2022-07-24 09:32:09,941] {logging_mixin.py:109} INFO - [2022-07-24 09:32:09,941] {dag.py:2396} INFO - Sync 1 DAGs
[2022-07-24 09:32:09,954] {logging_mixin.py:109} INFO - [2022-07-24 09:32:09,954] {dag.py:2935} INFO - Setting next_dagrun for example_skip_dag to 2022-07-23T09:32:09.954103+00:00
[2022-07-24 09:32:09,960] {processor.py:171} INFO - Processing /home/airflow/.local/lib/python3.7/site-packages/airflow/example_dags/example_skip_dag.py took 0.081 seconds
[2022-07-24 09:32:40,214] {processor.py:163} INFO - Started process (PID=508) to work on /home/airflow/.local/lib/python3.7/site-packages/airflow/example_dags/example_skip_dag.py
[2022-07-24 09:32:40,222] {processor.py:642} INFO - Processing file /home/airflow/.local/lib/python3.7/site-packages/airflow/example_dags/example_skip_dag.py for tasks to queue
[2022-07-24 09:32:40,222] {logging_mixin.py:109} INFO - [2022-07-24 09:32:40,222] {dagbag.py:500} INFO - Filling up the DagBag from /home/airflow/.local/lib/python3.7/site-packages/airflow/example_dags/example_skip_dag.py
[2022-07-24 09:32:40,239] {processor.py:654} INFO - DAG(s) dict_keys(['example_skip_dag']) retrieved from /home/airflow/.local/lib/python3.7/site-packages/airflow/example_dags/example_skip_dag.py
[2022-07-24 09:32:40,246] {logging_mixin.py:109} INFO - [2022-07-24 09:32:40,246] {dag.py:2396} INFO - Sync 1 DAGs
[2022-07-24 09:32:40,258] {logging_mixin.py:109} INFO - [2022-07-24 09:32:40,258] {dag.py:2935} INFO - Setting next_dagrun for example_skip_dag to 2022-07-23T09:32:40.258171+00:00
[2022-07-24 09:32:40,265] {processor.py:171} INFO - Processing /home/airflow/.local/lib/python3.7/site-packages/airflow/example_dags/example_skip_dag.py took 0.053 seconds
[2022-07-24 09:33:11,434] {processor.py:163} INFO - Started process (PID=558) to work on /home/airflow/.local/lib/python3.7/site-packages/airflow/example_dags/example_skip_dag.py
[2022-07-24 09:33:11,435] {processor.py:642} INFO - Processing file /home/airflow/.local/lib/python3.7/site-packages/airflow/example_dags/example_skip_dag.py for tasks to queue
[2022-07-24 09:33:11,436] {logging_mixin.py:109} INFO - [2022-07-24 09:33:11,435] {dagbag.py:500} INFO - Filling up the DagBag from /home/airflow/.local/lib/python3.7/site-packages/airflow/example_dags/example_skip_dag.py
[2022-07-24 09:33:11,453] {processor.py:654} INFO - DAG(s) dict_keys(['example_skip_dag']) retrieved from /home/airflow/.local/lib/python3.7/site-packages/airflow/example_dags/example_skip_dag.py
[2022-07-24 09:33:11,461] {logging_mixin.py:109} INFO - [2022-07-24 09:33:11,461] {dag.py:2396} INFO - Sync 1 DAGs
[2022-07-24 09:33:11,472] {logging_mixin.py:109} INFO - [2022-07-24 09:33:11,472] {dag.py:2935} INFO - Setting next_dagrun for example_skip_dag to 2022-07-23T09:33:11.472255+00:00
[2022-07-24 09:33:11,478] {processor.py:171} INFO - Processing /home/airflow/.local/lib/python3.7/site-packages/airflow/example_dags/example_skip_dag.py took 0.046 seconds
[2022-07-24 09:33:42,151] {processor.py:163} INFO - Started process (PID=617) to work on /home/airflow/.local/lib/python3.7/site-packages/airflow/example_dags/example_skip_dag.py
[2022-07-24 09:33:42,152] {processor.py:642} INFO - Processing file /home/airflow/.local/lib/python3.7/site-packages/airflow/example_dags/example_skip_dag.py for tasks to queue
[2022-07-24 09:33:42,152] {logging_mixin.py:109} INFO - [2022-07-24 09:33:42,152] {dagbag.py:500} INFO - Filling up the DagBag from /home/airflow/.local/lib/python3.7/site-packages/airflow/example_dags/example_skip_dag.py
[2022-07-24 09:33:42,170] {processor.py:654} INFO - DAG(s) dict_keys(['example_skip_dag']) retrieved from /home/airflow/.local/lib/python3.7/site-packages/airflow/example_dags/example_skip_dag.py
[2022-07-24 09:33:42,178] {logging_mixin.py:109} INFO - [2022-07-24 09:33:42,177] {dag.py:2396} INFO - Sync 1 DAGs
[2022-07-24 09:33:42,224] {logging_mixin.py:109} INFO - [2022-07-24 09:33:42,224] {dag.py:2935} INFO - Setting next_dagrun for example_skip_dag to 2022-07-23T09:33:42.224112+00:00
[2022-07-24 09:33:42,230] {processor.py:171} INFO - Processing /home/airflow/.local/lib/python3.7/site-packages/airflow/example_dags/example_skip_dag.py took 0.081 seconds
[2022-07-24 09:34:12,559] {processor.py:163} INFO - Started process (PID=667) to work on /home/airflow/.local/lib/python3.7/site-packages/airflow/example_dags/example_skip_dag.py
[2022-07-24 09:34:12,560] {processor.py:642} INFO - Processing file /home/airflow/.local/lib/python3.7/site-packages/airflow/example_dags/example_skip_dag.py for tasks to queue
[2022-07-24 09:34:12,561] {logging_mixin.py:109} INFO - [2022-07-24 09:34:12,561] {dagbag.py:500} INFO - Filling up the DagBag from /home/airflow/.local/lib/python3.7/site-packages/airflow/example_dags/example_skip_dag.py
[2022-07-24 09:34:12,577] {processor.py:654} INFO - DAG(s) dict_keys(['example_skip_dag']) retrieved from /home/airflow/.local/lib/python3.7/site-packages/airflow/example_dags/example_skip_dag.py
[2022-07-24 09:34:12,586] {logging_mixin.py:109} INFO - [2022-07-24 09:34:12,586] {dag.py:2396} INFO - Sync 1 DAGs
[2022-07-24 09:34:12,598] {logging_mixin.py:109} INFO - [2022-07-24 09:34:12,598] {dag.py:2935} INFO - Setting next_dagrun for example_skip_dag to 2022-07-23T09:34:12.598448+00:00
[2022-07-24 09:34:12,606] {processor.py:171} INFO - Processing /home/airflow/.local/lib/python3.7/site-packages/airflow/example_dags/example_skip_dag.py took 0.048 seconds
