[2022-07-24 09:28:32,522] {processor.py:163} INFO - Started process (PID=47) to work on /home/airflow/.local/lib/python3.7/site-packages/airflow/example_dags/example_bash_operator.py
[2022-07-24 09:28:32,523] {processor.py:642} INFO - Processing file /home/airflow/.local/lib/python3.7/site-packages/airflow/example_dags/example_bash_operator.py for tasks to queue
[2022-07-24 09:28:32,523] {logging_mixin.py:109} INFO - [2022-07-24 09:28:32,523] {dagbag.py:500} INFO - Filling up the DagBag from /home/airflow/.local/lib/python3.7/site-packages/airflow/example_dags/example_bash_operator.py
[2022-07-24 09:28:32,546] {processor.py:654} INFO - DAG(s) dict_keys(['example_bash_operator']) retrieved from /home/airflow/.local/lib/python3.7/site-packages/airflow/example_dags/example_bash_operator.py
[2022-07-24 09:28:32,554] {logging_mixin.py:109} INFO - [2022-07-24 09:28:32,554] {dag.py:2396} INFO - Sync 1 DAGs
[2022-07-24 09:28:32,567] {logging_mixin.py:109} INFO - [2022-07-24 09:28:32,566] {dag.py:2935} INFO - Setting next_dagrun for example_bash_operator to 2022-07-23 00:00:00+00:00
[2022-07-24 09:28:32,572] {processor.py:171} INFO - Processing /home/airflow/.local/lib/python3.7/site-packages/airflow/example_dags/example_bash_operator.py took 0.052 seconds
[2022-07-24 09:29:03,492] {processor.py:163} INFO - Started process (PID=106) to work on /home/airflow/.local/lib/python3.7/site-packages/airflow/example_dags/example_bash_operator.py
[2022-07-24 09:29:03,493] {processor.py:642} INFO - Processing file /home/airflow/.local/lib/python3.7/site-packages/airflow/example_dags/example_bash_operator.py for tasks to queue
[2022-07-24 09:29:03,494] {logging_mixin.py:109} INFO - [2022-07-24 09:29:03,494] {dagbag.py:500} INFO - Filling up the DagBag from /home/airflow/.local/lib/python3.7/site-packages/airflow/example_dags/example_bash_operator.py
[2022-07-24 09:29:03,516] {processor.py:654} INFO - DAG(s) dict_keys(['example_bash_operator']) retrieved from /home/airflow/.local/lib/python3.7/site-packages/airflow/example_dags/example_bash_operator.py
[2022-07-24 09:29:03,526] {logging_mixin.py:109} INFO - [2022-07-24 09:29:03,525] {dag.py:2396} INFO - Sync 1 DAGs
[2022-07-24 09:29:03,538] {logging_mixin.py:109} INFO - [2022-07-24 09:29:03,538] {dag.py:2935} INFO - Setting next_dagrun for example_bash_operator to 2022-07-23 00:00:00+00:00
[2022-07-24 09:29:03,543] {processor.py:171} INFO - Processing /home/airflow/.local/lib/python3.7/site-packages/airflow/example_dags/example_bash_operator.py took 0.053 seconds
[2022-07-24 09:29:34,172] {processor.py:163} INFO - Started process (PID=156) to work on /home/airflow/.local/lib/python3.7/site-packages/airflow/example_dags/example_bash_operator.py
[2022-07-24 09:29:34,173] {processor.py:642} INFO - Processing file /home/airflow/.local/lib/python3.7/site-packages/airflow/example_dags/example_bash_operator.py for tasks to queue
[2022-07-24 09:29:34,174] {logging_mixin.py:109} INFO - [2022-07-24 09:29:34,174] {dagbag.py:500} INFO - Filling up the DagBag from /home/airflow/.local/lib/python3.7/site-packages/airflow/example_dags/example_bash_operator.py
[2022-07-24 09:29:34,197] {processor.py:654} INFO - DAG(s) dict_keys(['example_bash_operator']) retrieved from /home/airflow/.local/lib/python3.7/site-packages/airflow/example_dags/example_bash_operator.py
[2022-07-24 09:29:34,204] {logging_mixin.py:109} INFO - [2022-07-24 09:29:34,204] {dag.py:2396} INFO - Sync 1 DAGs
[2022-07-24 09:29:34,220] {logging_mixin.py:109} INFO - [2022-07-24 09:29:34,220] {dag.py:2935} INFO - Setting next_dagrun for example_bash_operator to 2022-07-23 00:00:00+00:00
[2022-07-24 09:29:34,228] {processor.py:171} INFO - Processing /home/airflow/.local/lib/python3.7/site-packages/airflow/example_dags/example_bash_operator.py took 0.057 seconds
[2022-07-24 09:30:04,303] {processor.py:163} INFO - Started process (PID=215) to work on /home/airflow/.local/lib/python3.7/site-packages/airflow/example_dags/example_bash_operator.py
[2022-07-24 09:30:04,305] {processor.py:642} INFO - Processing file /home/airflow/.local/lib/python3.7/site-packages/airflow/example_dags/example_bash_operator.py for tasks to queue
[2022-07-24 09:30:04,305] {logging_mixin.py:109} INFO - [2022-07-24 09:30:04,305] {dagbag.py:500} INFO - Filling up the DagBag from /home/airflow/.local/lib/python3.7/site-packages/airflow/example_dags/example_bash_operator.py
[2022-07-24 09:30:04,329] {processor.py:654} INFO - DAG(s) dict_keys(['example_bash_operator']) retrieved from /home/airflow/.local/lib/python3.7/site-packages/airflow/example_dags/example_bash_operator.py
[2022-07-24 09:30:04,341] {logging_mixin.py:109} INFO - [2022-07-24 09:30:04,341] {dag.py:2396} INFO - Sync 1 DAGs
[2022-07-24 09:30:04,359] {logging_mixin.py:109} INFO - [2022-07-24 09:30:04,359] {dag.py:2935} INFO - Setting next_dagrun for example_bash_operator to 2022-07-23 00:00:00+00:00
[2022-07-24 09:30:04,368] {processor.py:171} INFO - Processing /home/airflow/.local/lib/python3.7/site-packages/airflow/example_dags/example_bash_operator.py took 0.067 seconds
[2022-07-24 09:30:35,115] {processor.py:163} INFO - Started process (PID=265) to work on /home/airflow/.local/lib/python3.7/site-packages/airflow/example_dags/example_bash_operator.py
[2022-07-24 09:30:35,116] {processor.py:642} INFO - Processing file /home/airflow/.local/lib/python3.7/site-packages/airflow/example_dags/example_bash_operator.py for tasks to queue
[2022-07-24 09:30:35,116] {logging_mixin.py:109} INFO - [2022-07-24 09:30:35,116] {dagbag.py:500} INFO - Filling up the DagBag from /home/airflow/.local/lib/python3.7/site-packages/airflow/example_dags/example_bash_operator.py
[2022-07-24 09:30:35,137] {processor.py:654} INFO - DAG(s) dict_keys(['example_bash_operator']) retrieved from /home/airflow/.local/lib/python3.7/site-packages/airflow/example_dags/example_bash_operator.py
[2022-07-24 09:30:35,144] {logging_mixin.py:109} INFO - [2022-07-24 09:30:35,144] {dag.py:2396} INFO - Sync 1 DAGs
[2022-07-24 09:30:35,156] {logging_mixin.py:109} INFO - [2022-07-24 09:30:35,156] {dag.py:2935} INFO - Setting next_dagrun for example_bash_operator to 2022-07-23 00:00:00+00:00
[2022-07-24 09:30:35,161] {processor.py:171} INFO - Processing /home/airflow/.local/lib/python3.7/site-packages/airflow/example_dags/example_bash_operator.py took 0.049 seconds
[2022-07-24 09:31:05,989] {processor.py:163} INFO - Started process (PID=324) to work on /home/airflow/.local/lib/python3.7/site-packages/airflow/example_dags/example_bash_operator.py
[2022-07-24 09:31:05,990] {processor.py:642} INFO - Processing file /home/airflow/.local/lib/python3.7/site-packages/airflow/example_dags/example_bash_operator.py for tasks to queue
[2022-07-24 09:31:05,990] {logging_mixin.py:109} INFO - [2022-07-24 09:31:05,990] {dagbag.py:500} INFO - Filling up the DagBag from /home/airflow/.local/lib/python3.7/site-packages/airflow/example_dags/example_bash_operator.py
[2022-07-24 09:31:06,011] {processor.py:654} INFO - DAG(s) dict_keys(['example_bash_operator']) retrieved from /home/airflow/.local/lib/python3.7/site-packages/airflow/example_dags/example_bash_operator.py
[2022-07-24 09:31:06,020] {logging_mixin.py:109} INFO - [2022-07-24 09:31:06,019] {dag.py:2396} INFO - Sync 1 DAGs
[2022-07-24 09:31:06,043] {logging_mixin.py:109} INFO - [2022-07-24 09:31:06,042] {dag.py:2935} INFO - Setting next_dagrun for example_bash_operator to 2022-07-23 00:00:00+00:00
[2022-07-24 09:31:06,051] {processor.py:171} INFO - Processing /home/airflow/.local/lib/python3.7/site-packages/airflow/example_dags/example_bash_operator.py took 0.065 seconds
[2022-07-24 09:31:36,689] {processor.py:163} INFO - Started process (PID=383) to work on /home/airflow/.local/lib/python3.7/site-packages/airflow/example_dags/example_bash_operator.py
[2022-07-24 09:31:36,689] {processor.py:642} INFO - Processing file /home/airflow/.local/lib/python3.7/site-packages/airflow/example_dags/example_bash_operator.py for tasks to queue
[2022-07-24 09:31:36,690] {logging_mixin.py:109} INFO - [2022-07-24 09:31:36,690] {dagbag.py:500} INFO - Filling up the DagBag from /home/airflow/.local/lib/python3.7/site-packages/airflow/example_dags/example_bash_operator.py
[2022-07-24 09:31:36,710] {processor.py:654} INFO - DAG(s) dict_keys(['example_bash_operator']) retrieved from /home/airflow/.local/lib/python3.7/site-packages/airflow/example_dags/example_bash_operator.py
[2022-07-24 09:31:36,717] {logging_mixin.py:109} INFO - [2022-07-24 09:31:36,717] {dag.py:2396} INFO - Sync 1 DAGs
[2022-07-24 09:31:36,732] {logging_mixin.py:109} INFO - [2022-07-24 09:31:36,732] {dag.py:2935} INFO - Setting next_dagrun for example_bash_operator to 2022-07-23 00:00:00+00:00
[2022-07-24 09:31:36,741] {processor.py:171} INFO - Processing /home/airflow/.local/lib/python3.7/site-packages/airflow/example_dags/example_bash_operator.py took 0.055 seconds
[2022-07-24 09:32:07,084] {processor.py:163} INFO - Started process (PID=433) to work on /home/airflow/.local/lib/python3.7/site-packages/airflow/example_dags/example_bash_operator.py
[2022-07-24 09:32:07,085] {processor.py:642} INFO - Processing file /home/airflow/.local/lib/python3.7/site-packages/airflow/example_dags/example_bash_operator.py for tasks to queue
[2022-07-24 09:32:07,086] {logging_mixin.py:109} INFO - [2022-07-24 09:32:07,086] {dagbag.py:500} INFO - Filling up the DagBag from /home/airflow/.local/lib/python3.7/site-packages/airflow/example_dags/example_bash_operator.py
[2022-07-24 09:32:07,106] {processor.py:654} INFO - DAG(s) dict_keys(['example_bash_operator']) retrieved from /home/airflow/.local/lib/python3.7/site-packages/airflow/example_dags/example_bash_operator.py
[2022-07-24 09:32:07,113] {logging_mixin.py:109} INFO - [2022-07-24 09:32:07,113] {dag.py:2396} INFO - Sync 1 DAGs
[2022-07-24 09:32:07,126] {logging_mixin.py:109} INFO - [2022-07-24 09:32:07,126] {dag.py:2935} INFO - Setting next_dagrun for example_bash_operator to 2022-07-23 00:00:00+00:00
[2022-07-24 09:32:07,134] {processor.py:171} INFO - Processing /home/airflow/.local/lib/python3.7/site-packages/airflow/example_dags/example_bash_operator.py took 0.051 seconds
[2022-07-24 09:32:37,458] {processor.py:163} INFO - Started process (PID=492) to work on /home/airflow/.local/lib/python3.7/site-packages/airflow/example_dags/example_bash_operator.py
[2022-07-24 09:32:37,459] {processor.py:642} INFO - Processing file /home/airflow/.local/lib/python3.7/site-packages/airflow/example_dags/example_bash_operator.py for tasks to queue
[2022-07-24 09:32:37,460] {logging_mixin.py:109} INFO - [2022-07-24 09:32:37,460] {dagbag.py:500} INFO - Filling up the DagBag from /home/airflow/.local/lib/python3.7/site-packages/airflow/example_dags/example_bash_operator.py
[2022-07-24 09:32:37,482] {processor.py:654} INFO - DAG(s) dict_keys(['example_bash_operator']) retrieved from /home/airflow/.local/lib/python3.7/site-packages/airflow/example_dags/example_bash_operator.py
[2022-07-24 09:32:37,492] {logging_mixin.py:109} INFO - [2022-07-24 09:32:37,492] {dag.py:2396} INFO - Sync 1 DAGs
[2022-07-24 09:32:37,533] {logging_mixin.py:109} INFO - [2022-07-24 09:32:37,533] {dag.py:2935} INFO - Setting next_dagrun for example_bash_operator to 2022-07-23 00:00:00+00:00
[2022-07-24 09:32:37,548] {processor.py:171} INFO - Processing /home/airflow/.local/lib/python3.7/site-packages/airflow/example_dags/example_bash_operator.py took 0.091 seconds
[2022-07-24 09:33:07,651] {processor.py:163} INFO - Started process (PID=542) to work on /home/airflow/.local/lib/python3.7/site-packages/airflow/example_dags/example_bash_operator.py
[2022-07-24 09:33:07,652] {processor.py:642} INFO - Processing file /home/airflow/.local/lib/python3.7/site-packages/airflow/example_dags/example_bash_operator.py for tasks to queue
[2022-07-24 09:33:07,653] {logging_mixin.py:109} INFO - [2022-07-24 09:33:07,653] {dagbag.py:500} INFO - Filling up the DagBag from /home/airflow/.local/lib/python3.7/site-packages/airflow/example_dags/example_bash_operator.py
[2022-07-24 09:33:07,672] {processor.py:654} INFO - DAG(s) dict_keys(['example_bash_operator']) retrieved from /home/airflow/.local/lib/python3.7/site-packages/airflow/example_dags/example_bash_operator.py
[2022-07-24 09:33:07,679] {logging_mixin.py:109} INFO - [2022-07-24 09:33:07,679] {dag.py:2396} INFO - Sync 1 DAGs
[2022-07-24 09:33:07,691] {logging_mixin.py:109} INFO - [2022-07-24 09:33:07,691] {dag.py:2935} INFO - Setting next_dagrun for example_bash_operator to 2022-07-23 00:00:00+00:00
[2022-07-24 09:33:07,697] {processor.py:171} INFO - Processing /home/airflow/.local/lib/python3.7/site-packages/airflow/example_dags/example_bash_operator.py took 0.048 seconds
[2022-07-24 09:33:38,043] {processor.py:163} INFO - Started process (PID=601) to work on /home/airflow/.local/lib/python3.7/site-packages/airflow/example_dags/example_bash_operator.py
[2022-07-24 09:33:38,044] {processor.py:642} INFO - Processing file /home/airflow/.local/lib/python3.7/site-packages/airflow/example_dags/example_bash_operator.py for tasks to queue
[2022-07-24 09:33:38,044] {logging_mixin.py:109} INFO - [2022-07-24 09:33:38,044] {dagbag.py:500} INFO - Filling up the DagBag from /home/airflow/.local/lib/python3.7/site-packages/airflow/example_dags/example_bash_operator.py
[2022-07-24 09:33:38,123] {processor.py:654} INFO - DAG(s) dict_keys(['example_bash_operator']) retrieved from /home/airflow/.local/lib/python3.7/site-packages/airflow/example_dags/example_bash_operator.py
[2022-07-24 09:33:38,132] {logging_mixin.py:109} INFO - [2022-07-24 09:33:38,131] {dag.py:2396} INFO - Sync 1 DAGs
[2022-07-24 09:33:38,144] {logging_mixin.py:109} INFO - [2022-07-24 09:33:38,144] {dag.py:2935} INFO - Setting next_dagrun for example_bash_operator to 2022-07-23 00:00:00+00:00
[2022-07-24 09:33:38,150] {processor.py:171} INFO - Processing /home/airflow/.local/lib/python3.7/site-packages/airflow/example_dags/example_bash_operator.py took 0.110 seconds
[2022-07-24 09:34:08,825] {processor.py:163} INFO - Started process (PID=651) to work on /home/airflow/.local/lib/python3.7/site-packages/airflow/example_dags/example_bash_operator.py
[2022-07-24 09:34:08,826] {processor.py:642} INFO - Processing file /home/airflow/.local/lib/python3.7/site-packages/airflow/example_dags/example_bash_operator.py for tasks to queue
[2022-07-24 09:34:08,826] {logging_mixin.py:109} INFO - [2022-07-24 09:34:08,826] {dagbag.py:500} INFO - Filling up the DagBag from /home/airflow/.local/lib/python3.7/site-packages/airflow/example_dags/example_bash_operator.py
[2022-07-24 09:34:08,847] {processor.py:654} INFO - DAG(s) dict_keys(['example_bash_operator']) retrieved from /home/airflow/.local/lib/python3.7/site-packages/airflow/example_dags/example_bash_operator.py
[2022-07-24 09:34:08,857] {logging_mixin.py:109} INFO - [2022-07-24 09:34:08,857] {dag.py:2396} INFO - Sync 1 DAGs
[2022-07-24 09:34:08,872] {logging_mixin.py:109} INFO - [2022-07-24 09:34:08,872] {dag.py:2935} INFO - Setting next_dagrun for example_bash_operator to 2022-07-23 00:00:00+00:00
[2022-07-24 09:34:08,879] {processor.py:171} INFO - Processing /home/airflow/.local/lib/python3.7/site-packages/airflow/example_dags/example_bash_operator.py took 0.056 seconds
