[2022-07-24 09:28:33,429] {processor.py:163} INFO - Started process (PID=67) to work on /home/airflow/.local/lib/python3.7/site-packages/airflow/example_dags/example_task_group_decorator.py
[2022-07-24 09:28:33,429] {processor.py:642} INFO - Processing file /home/airflow/.local/lib/python3.7/site-packages/airflow/example_dags/example_task_group_decorator.py for tasks to queue
[2022-07-24 09:28:33,430] {logging_mixin.py:109} INFO - [2022-07-24 09:28:33,430] {dagbag.py:500} INFO - Filling up the DagBag from /home/airflow/.local/lib/python3.7/site-packages/airflow/example_dags/example_task_group_decorator.py
[2022-07-24 09:28:33,459] {processor.py:654} INFO - DAG(s) dict_keys(['example_task_group_decorator']) retrieved from /home/airflow/.local/lib/python3.7/site-packages/airflow/example_dags/example_task_group_decorator.py
[2022-07-24 09:28:33,694] {logging_mixin.py:109} INFO - [2022-07-24 09:28:33,694] {dag.py:2396} INFO - Sync 1 DAGs
[2022-07-24 09:28:33,705] {logging_mixin.py:109} INFO - [2022-07-24 09:28:33,705] {dag.py:2935} INFO - Setting next_dagrun for example_task_group_decorator to 2022-07-23T09:28:33.705453+00:00
[2022-07-24 09:28:33,714] {processor.py:171} INFO - Processing /home/airflow/.local/lib/python3.7/site-packages/airflow/example_dags/example_task_group_decorator.py took 0.287 seconds
[2022-07-24 09:29:04,220] {processor.py:163} INFO - Started process (PID=126) to work on /home/airflow/.local/lib/python3.7/site-packages/airflow/example_dags/example_task_group_decorator.py
[2022-07-24 09:29:04,221] {processor.py:642} INFO - Processing file /home/airflow/.local/lib/python3.7/site-packages/airflow/example_dags/example_task_group_decorator.py for tasks to queue
[2022-07-24 09:29:04,221] {logging_mixin.py:109} INFO - [2022-07-24 09:29:04,221] {dagbag.py:500} INFO - Filling up the DagBag from /home/airflow/.local/lib/python3.7/site-packages/airflow/example_dags/example_task_group_decorator.py
[2022-07-24 09:29:04,248] {processor.py:654} INFO - DAG(s) dict_keys(['example_task_group_decorator']) retrieved from /home/airflow/.local/lib/python3.7/site-packages/airflow/example_dags/example_task_group_decorator.py
[2022-07-24 09:29:04,469] {logging_mixin.py:109} INFO - [2022-07-24 09:29:04,469] {dag.py:2396} INFO - Sync 1 DAGs
[2022-07-24 09:29:04,479] {logging_mixin.py:109} INFO - [2022-07-24 09:29:04,478] {dag.py:2935} INFO - Setting next_dagrun for example_task_group_decorator to 2022-07-23T09:29:04.478783+00:00
[2022-07-24 09:29:04,487] {processor.py:171} INFO - Processing /home/airflow/.local/lib/python3.7/site-packages/airflow/example_dags/example_task_group_decorator.py took 0.269 seconds
[2022-07-24 09:29:35,165] {processor.py:163} INFO - Started process (PID=176) to work on /home/airflow/.local/lib/python3.7/site-packages/airflow/example_dags/example_task_group_decorator.py
[2022-07-24 09:29:35,166] {processor.py:642} INFO - Processing file /home/airflow/.local/lib/python3.7/site-packages/airflow/example_dags/example_task_group_decorator.py for tasks to queue
[2022-07-24 09:29:35,166] {logging_mixin.py:109} INFO - [2022-07-24 09:29:35,166] {dagbag.py:500} INFO - Filling up the DagBag from /home/airflow/.local/lib/python3.7/site-packages/airflow/example_dags/example_task_group_decorator.py
[2022-07-24 09:29:35,195] {processor.py:654} INFO - DAG(s) dict_keys(['example_task_group_decorator']) retrieved from /home/airflow/.local/lib/python3.7/site-packages/airflow/example_dags/example_task_group_decorator.py
[2022-07-24 09:29:35,460] {logging_mixin.py:109} INFO - [2022-07-24 09:29:35,460] {dag.py:2396} INFO - Sync 1 DAGs
[2022-07-24 09:29:35,472] {logging_mixin.py:109} INFO - [2022-07-24 09:29:35,472] {dag.py:2935} INFO - Setting next_dagrun for example_task_group_decorator to 2022-07-23T09:29:35.472514+00:00
[2022-07-24 09:29:35,481] {processor.py:171} INFO - Processing /home/airflow/.local/lib/python3.7/site-packages/airflow/example_dags/example_task_group_decorator.py took 0.318 seconds
[2022-07-24 09:30:06,123] {processor.py:163} INFO - Started process (PID=235) to work on /home/airflow/.local/lib/python3.7/site-packages/airflow/example_dags/example_task_group_decorator.py
[2022-07-24 09:30:06,124] {processor.py:642} INFO - Processing file /home/airflow/.local/lib/python3.7/site-packages/airflow/example_dags/example_task_group_decorator.py for tasks to queue
[2022-07-24 09:30:06,124] {logging_mixin.py:109} INFO - [2022-07-24 09:30:06,124] {dagbag.py:500} INFO - Filling up the DagBag from /home/airflow/.local/lib/python3.7/site-packages/airflow/example_dags/example_task_group_decorator.py
[2022-07-24 09:30:06,152] {processor.py:654} INFO - DAG(s) dict_keys(['example_task_group_decorator']) retrieved from /home/airflow/.local/lib/python3.7/site-packages/airflow/example_dags/example_task_group_decorator.py
[2022-07-24 09:30:06,378] {logging_mixin.py:109} INFO - [2022-07-24 09:30:06,378] {dag.py:2396} INFO - Sync 1 DAGs
[2022-07-24 09:30:06,388] {logging_mixin.py:109} INFO - [2022-07-24 09:30:06,388] {dag.py:2935} INFO - Setting next_dagrun for example_task_group_decorator to 2022-07-23T09:30:06.388480+00:00
[2022-07-24 09:30:06,396] {processor.py:171} INFO - Processing /home/airflow/.local/lib/python3.7/site-packages/airflow/example_dags/example_task_group_decorator.py took 0.275 seconds
[2022-07-24 09:30:36,990] {processor.py:163} INFO - Started process (PID=296) to work on /home/airflow/.local/lib/python3.7/site-packages/airflow/example_dags/example_task_group_decorator.py
[2022-07-24 09:30:36,991] {processor.py:642} INFO - Processing file /home/airflow/.local/lib/python3.7/site-packages/airflow/example_dags/example_task_group_decorator.py for tasks to queue
[2022-07-24 09:30:36,992] {logging_mixin.py:109} INFO - [2022-07-24 09:30:36,992] {dagbag.py:500} INFO - Filling up the DagBag from /home/airflow/.local/lib/python3.7/site-packages/airflow/example_dags/example_task_group_decorator.py
[2022-07-24 09:30:37,021] {processor.py:654} INFO - DAG(s) dict_keys(['example_task_group_decorator']) retrieved from /home/airflow/.local/lib/python3.7/site-packages/airflow/example_dags/example_task_group_decorator.py
[2022-07-24 09:30:37,248] {logging_mixin.py:109} INFO - [2022-07-24 09:30:37,248] {dag.py:2396} INFO - Sync 1 DAGs
[2022-07-24 09:30:37,258] {logging_mixin.py:109} INFO - [2022-07-24 09:30:37,258] {dag.py:2935} INFO - Setting next_dagrun for example_task_group_decorator to 2022-07-23T09:30:37.258548+00:00
[2022-07-24 09:30:37,267] {processor.py:171} INFO - Processing /home/airflow/.local/lib/python3.7/site-packages/airflow/example_dags/example_task_group_decorator.py took 0.278 seconds
[2022-07-24 09:31:08,344] {processor.py:163} INFO - Started process (PID=344) to work on /home/airflow/.local/lib/python3.7/site-packages/airflow/example_dags/example_task_group_decorator.py
[2022-07-24 09:31:08,344] {processor.py:642} INFO - Processing file /home/airflow/.local/lib/python3.7/site-packages/airflow/example_dags/example_task_group_decorator.py for tasks to queue
[2022-07-24 09:31:08,345] {logging_mixin.py:109} INFO - [2022-07-24 09:31:08,345] {dagbag.py:500} INFO - Filling up the DagBag from /home/airflow/.local/lib/python3.7/site-packages/airflow/example_dags/example_task_group_decorator.py
[2022-07-24 09:31:08,371] {processor.py:654} INFO - DAG(s) dict_keys(['example_task_group_decorator']) retrieved from /home/airflow/.local/lib/python3.7/site-packages/airflow/example_dags/example_task_group_decorator.py
[2022-07-24 09:31:08,788] {logging_mixin.py:109} INFO - [2022-07-24 09:31:08,788] {dag.py:2396} INFO - Sync 1 DAGs
[2022-07-24 09:31:08,836] {logging_mixin.py:109} INFO - [2022-07-24 09:31:08,836] {dag.py:2935} INFO - Setting next_dagrun for example_task_group_decorator to 2022-07-23T09:31:08.836086+00:00
[2022-07-24 09:31:08,845] {processor.py:171} INFO - Processing /home/airflow/.local/lib/python3.7/site-packages/airflow/example_dags/example_task_group_decorator.py took 0.503 seconds
[2022-07-24 09:31:39,564] {processor.py:163} INFO - Started process (PID=406) to work on /home/airflow/.local/lib/python3.7/site-packages/airflow/example_dags/example_task_group_decorator.py
[2022-07-24 09:31:39,564] {processor.py:642} INFO - Processing file /home/airflow/.local/lib/python3.7/site-packages/airflow/example_dags/example_task_group_decorator.py for tasks to queue
[2022-07-24 09:31:39,565] {logging_mixin.py:109} INFO - [2022-07-24 09:31:39,565] {dagbag.py:500} INFO - Filling up the DagBag from /home/airflow/.local/lib/python3.7/site-packages/airflow/example_dags/example_task_group_decorator.py
[2022-07-24 09:31:39,644] {processor.py:654} INFO - DAG(s) dict_keys(['example_task_group_decorator']) retrieved from /home/airflow/.local/lib/python3.7/site-packages/airflow/example_dags/example_task_group_decorator.py
[2022-07-24 09:31:40,064] {logging_mixin.py:109} INFO - [2022-07-24 09:31:40,064] {dag.py:2396} INFO - Sync 1 DAGs
[2022-07-24 09:31:40,074] {logging_mixin.py:109} INFO - [2022-07-24 09:31:40,074] {dag.py:2935} INFO - Setting next_dagrun for example_task_group_decorator to 2022-07-23T09:31:40.073982+00:00
[2022-07-24 09:31:40,081] {processor.py:171} INFO - Processing /home/airflow/.local/lib/python3.7/site-packages/airflow/example_dags/example_task_group_decorator.py took 0.519 seconds
[2022-07-24 09:32:10,258] {processor.py:163} INFO - Started process (PID=456) to work on /home/airflow/.local/lib/python3.7/site-packages/airflow/example_dags/example_task_group_decorator.py
[2022-07-24 09:32:10,259] {processor.py:642} INFO - Processing file /home/airflow/.local/lib/python3.7/site-packages/airflow/example_dags/example_task_group_decorator.py for tasks to queue
[2022-07-24 09:32:10,259] {logging_mixin.py:109} INFO - [2022-07-24 09:32:10,259] {dagbag.py:500} INFO - Filling up the DagBag from /home/airflow/.local/lib/python3.7/site-packages/airflow/example_dags/example_task_group_decorator.py
[2022-07-24 09:32:10,286] {processor.py:654} INFO - DAG(s) dict_keys(['example_task_group_decorator']) retrieved from /home/airflow/.local/lib/python3.7/site-packages/airflow/example_dags/example_task_group_decorator.py
[2022-07-24 09:32:10,632] {logging_mixin.py:109} INFO - [2022-07-24 09:32:10,632] {dag.py:2396} INFO - Sync 1 DAGs
[2022-07-24 09:32:10,641] {logging_mixin.py:109} INFO - [2022-07-24 09:32:10,641] {dag.py:2935} INFO - Setting next_dagrun for example_task_group_decorator to 2022-07-23T09:32:10.641602+00:00
[2022-07-24 09:32:10,649] {processor.py:171} INFO - Processing /home/airflow/.local/lib/python3.7/site-packages/airflow/example_dags/example_task_group_decorator.py took 0.393 seconds
[2022-07-24 09:32:41,418] {processor.py:163} INFO - Started process (PID=515) to work on /home/airflow/.local/lib/python3.7/site-packages/airflow/example_dags/example_task_group_decorator.py
[2022-07-24 09:32:41,419] {processor.py:642} INFO - Processing file /home/airflow/.local/lib/python3.7/site-packages/airflow/example_dags/example_task_group_decorator.py for tasks to queue
[2022-07-24 09:32:41,419] {logging_mixin.py:109} INFO - [2022-07-24 09:32:41,419] {dagbag.py:500} INFO - Filling up the DagBag from /home/airflow/.local/lib/python3.7/site-packages/airflow/example_dags/example_task_group_decorator.py
[2022-07-24 09:32:41,445] {processor.py:654} INFO - DAG(s) dict_keys(['example_task_group_decorator']) retrieved from /home/airflow/.local/lib/python3.7/site-packages/airflow/example_dags/example_task_group_decorator.py
[2022-07-24 09:32:41,723] {logging_mixin.py:109} INFO - [2022-07-24 09:32:41,723] {dag.py:2396} INFO - Sync 1 DAGs
[2022-07-24 09:32:41,733] {logging_mixin.py:109} INFO - [2022-07-24 09:32:41,733] {dag.py:2935} INFO - Setting next_dagrun for example_task_group_decorator to 2022-07-23T09:32:41.733689+00:00
[2022-07-24 09:32:41,741] {processor.py:171} INFO - Processing /home/airflow/.local/lib/python3.7/site-packages/airflow/example_dags/example_task_group_decorator.py took 0.325 seconds
[2022-07-24 09:33:11,766] {processor.py:163} INFO - Started process (PID=565) to work on /home/airflow/.local/lib/python3.7/site-packages/airflow/example_dags/example_task_group_decorator.py
[2022-07-24 09:33:11,767] {processor.py:642} INFO - Processing file /home/airflow/.local/lib/python3.7/site-packages/airflow/example_dags/example_task_group_decorator.py for tasks to queue
[2022-07-24 09:33:11,767] {logging_mixin.py:109} INFO - [2022-07-24 09:33:11,767] {dagbag.py:500} INFO - Filling up the DagBag from /home/airflow/.local/lib/python3.7/site-packages/airflow/example_dags/example_task_group_decorator.py
[2022-07-24 09:33:11,826] {processor.py:654} INFO - DAG(s) dict_keys(['example_task_group_decorator']) retrieved from /home/airflow/.local/lib/python3.7/site-packages/airflow/example_dags/example_task_group_decorator.py
[2022-07-24 09:33:12,226] {logging_mixin.py:109} INFO - [2022-07-24 09:33:12,226] {dag.py:2396} INFO - Sync 1 DAGs
[2022-07-24 09:33:12,239] {logging_mixin.py:109} INFO - [2022-07-24 09:33:12,239] {dag.py:2935} INFO - Setting next_dagrun for example_task_group_decorator to 2022-07-23T09:33:12.238778+00:00
[2022-07-24 09:33:12,247] {processor.py:171} INFO - Processing /home/airflow/.local/lib/python3.7/site-packages/airflow/example_dags/example_task_group_decorator.py took 0.483 seconds
[2022-07-24 09:33:42,540] {processor.py:163} INFO - Started process (PID=623) to work on /home/airflow/.local/lib/python3.7/site-packages/airflow/example_dags/example_task_group_decorator.py
[2022-07-24 09:33:42,541] {processor.py:642} INFO - Processing file /home/airflow/.local/lib/python3.7/site-packages/airflow/example_dags/example_task_group_decorator.py for tasks to queue
[2022-07-24 09:33:42,542] {logging_mixin.py:109} INFO - [2022-07-24 09:33:42,542] {dagbag.py:500} INFO - Filling up the DagBag from /home/airflow/.local/lib/python3.7/site-packages/airflow/example_dags/example_task_group_decorator.py
[2022-07-24 09:33:42,570] {processor.py:654} INFO - DAG(s) dict_keys(['example_task_group_decorator']) retrieved from /home/airflow/.local/lib/python3.7/site-packages/airflow/example_dags/example_task_group_decorator.py
[2022-07-24 09:33:42,794] {logging_mixin.py:109} INFO - [2022-07-24 09:33:42,794] {dag.py:2396} INFO - Sync 1 DAGs
[2022-07-24 09:33:42,804] {logging_mixin.py:109} INFO - [2022-07-24 09:33:42,804] {dag.py:2935} INFO - Setting next_dagrun for example_task_group_decorator to 2022-07-23T09:33:42.804150+00:00
[2022-07-24 09:33:42,811] {processor.py:171} INFO - Processing /home/airflow/.local/lib/python3.7/site-packages/airflow/example_dags/example_task_group_decorator.py took 0.273 seconds
[2022-07-24 09:34:13,775] {processor.py:163} INFO - Started process (PID=673) to work on /home/airflow/.local/lib/python3.7/site-packages/airflow/example_dags/example_task_group_decorator.py
[2022-07-24 09:34:13,776] {processor.py:642} INFO - Processing file /home/airflow/.local/lib/python3.7/site-packages/airflow/example_dags/example_task_group_decorator.py for tasks to queue
[2022-07-24 09:34:13,776] {logging_mixin.py:109} INFO - [2022-07-24 09:34:13,776] {dagbag.py:500} INFO - Filling up the DagBag from /home/airflow/.local/lib/python3.7/site-packages/airflow/example_dags/example_task_group_decorator.py
[2022-07-24 09:34:13,826] {processor.py:654} INFO - DAG(s) dict_keys(['example_task_group_decorator']) retrieved from /home/airflow/.local/lib/python3.7/site-packages/airflow/example_dags/example_task_group_decorator.py
[2022-07-24 09:34:14,059] {logging_mixin.py:109} INFO - [2022-07-24 09:34:14,058] {dag.py:2396} INFO - Sync 1 DAGs
[2022-07-24 09:34:14,074] {logging_mixin.py:109} INFO - [2022-07-24 09:34:14,074] {dag.py:2935} INFO - Setting next_dagrun for example_task_group_decorator to 2022-07-23T09:34:14.074540+00:00
[2022-07-24 09:34:14,085] {processor.py:171} INFO - Processing /home/airflow/.local/lib/python3.7/site-packages/airflow/example_dags/example_task_group_decorator.py took 0.312 seconds
