[2022-07-24 09:28:32,525] {processor.py:163} INFO - Started process (PID=48) to work on /home/airflow/.local/lib/python3.7/site-packages/airflow/example_dags/example_branch_datetime_operator.py
[2022-07-24 09:28:32,526] {processor.py:642} INFO - Processing file /home/airflow/.local/lib/python3.7/site-packages/airflow/example_dags/example_branch_datetime_operator.py for tasks to queue
[2022-07-24 09:28:32,526] {logging_mixin.py:109} INFO - [2022-07-24 09:28:32,526] {dagbag.py:500} INFO - Filling up the DagBag from /home/airflow/.local/lib/python3.7/site-packages/airflow/example_dags/example_branch_datetime_operator.py
[2022-07-24 09:28:32,545] {processor.py:654} INFO - DAG(s) dict_keys(['example_branch_datetime_operator_2']) retrieved from /home/airflow/.local/lib/python3.7/site-packages/airflow/example_dags/example_branch_datetime_operator.py
[2022-07-24 09:28:32,553] {logging_mixin.py:109} INFO - [2022-07-24 09:28:32,553] {dag.py:2396} INFO - Sync 1 DAGs
[2022-07-24 09:28:32,566] {logging_mixin.py:109} INFO - [2022-07-24 09:28:32,566] {dag.py:2935} INFO - Setting next_dagrun for example_branch_datetime_operator_2 to 2022-07-23 00:00:00+00:00
[2022-07-24 09:28:32,573] {processor.py:171} INFO - Processing /home/airflow/.local/lib/python3.7/site-packages/airflow/example_dags/example_branch_datetime_operator.py took 0.049 seconds
[2022-07-24 09:29:03,496] {processor.py:163} INFO - Started process (PID=107) to work on /home/airflow/.local/lib/python3.7/site-packages/airflow/example_dags/example_branch_datetime_operator.py
[2022-07-24 09:29:03,496] {processor.py:642} INFO - Processing file /home/airflow/.local/lib/python3.7/site-packages/airflow/example_dags/example_branch_datetime_operator.py for tasks to queue
[2022-07-24 09:29:03,497] {logging_mixin.py:109} INFO - [2022-07-24 09:29:03,497] {dagbag.py:500} INFO - Filling up the DagBag from /home/airflow/.local/lib/python3.7/site-packages/airflow/example_dags/example_branch_datetime_operator.py
[2022-07-24 09:29:03,517] {processor.py:654} INFO - DAG(s) dict_keys(['example_branch_datetime_operator_2']) retrieved from /home/airflow/.local/lib/python3.7/site-packages/airflow/example_dags/example_branch_datetime_operator.py
[2022-07-24 09:29:03,526] {logging_mixin.py:109} INFO - [2022-07-24 09:29:03,525] {dag.py:2396} INFO - Sync 1 DAGs
[2022-07-24 09:29:03,540] {logging_mixin.py:109} INFO - [2022-07-24 09:29:03,540] {dag.py:2935} INFO - Setting next_dagrun for example_branch_datetime_operator_2 to 2022-07-23 00:00:00+00:00
[2022-07-24 09:29:03,546] {processor.py:171} INFO - Processing /home/airflow/.local/lib/python3.7/site-packages/airflow/example_dags/example_branch_datetime_operator.py took 0.052 seconds
[2022-07-24 09:29:34,174] {processor.py:163} INFO - Started process (PID=157) to work on /home/airflow/.local/lib/python3.7/site-packages/airflow/example_dags/example_branch_datetime_operator.py
[2022-07-24 09:29:34,175] {processor.py:642} INFO - Processing file /home/airflow/.local/lib/python3.7/site-packages/airflow/example_dags/example_branch_datetime_operator.py for tasks to queue
[2022-07-24 09:29:34,175] {logging_mixin.py:109} INFO - [2022-07-24 09:29:34,175] {dagbag.py:500} INFO - Filling up the DagBag from /home/airflow/.local/lib/python3.7/site-packages/airflow/example_dags/example_branch_datetime_operator.py
[2022-07-24 09:29:34,195] {processor.py:654} INFO - DAG(s) dict_keys(['example_branch_datetime_operator_2']) retrieved from /home/airflow/.local/lib/python3.7/site-packages/airflow/example_dags/example_branch_datetime_operator.py
[2022-07-24 09:29:34,202] {logging_mixin.py:109} INFO - [2022-07-24 09:29:34,202] {dag.py:2396} INFO - Sync 1 DAGs
[2022-07-24 09:29:34,214] {logging_mixin.py:109} INFO - [2022-07-24 09:29:34,214] {dag.py:2935} INFO - Setting next_dagrun for example_branch_datetime_operator_2 to 2022-07-23 00:00:00+00:00
[2022-07-24 09:29:34,220] {processor.py:171} INFO - Processing /home/airflow/.local/lib/python3.7/site-packages/airflow/example_dags/example_branch_datetime_operator.py took 0.048 seconds
[2022-07-24 09:30:04,307] {processor.py:163} INFO - Started process (PID=216) to work on /home/airflow/.local/lib/python3.7/site-packages/airflow/example_dags/example_branch_datetime_operator.py
[2022-07-24 09:30:04,308] {processor.py:642} INFO - Processing file /home/airflow/.local/lib/python3.7/site-packages/airflow/example_dags/example_branch_datetime_operator.py for tasks to queue
[2022-07-24 09:30:04,309] {logging_mixin.py:109} INFO - [2022-07-24 09:30:04,309] {dagbag.py:500} INFO - Filling up the DagBag from /home/airflow/.local/lib/python3.7/site-packages/airflow/example_dags/example_branch_datetime_operator.py
[2022-07-24 09:30:04,329] {processor.py:654} INFO - DAG(s) dict_keys(['example_branch_datetime_operator_2']) retrieved from /home/airflow/.local/lib/python3.7/site-packages/airflow/example_dags/example_branch_datetime_operator.py
[2022-07-24 09:30:04,340] {logging_mixin.py:109} INFO - [2022-07-24 09:30:04,340] {dag.py:2396} INFO - Sync 1 DAGs
[2022-07-24 09:30:04,357] {logging_mixin.py:109} INFO - [2022-07-24 09:30:04,357] {dag.py:2935} INFO - Setting next_dagrun for example_branch_datetime_operator_2 to 2022-07-23 00:00:00+00:00
[2022-07-24 09:30:04,368] {processor.py:171} INFO - Processing /home/airflow/.local/lib/python3.7/site-packages/airflow/example_dags/example_branch_datetime_operator.py took 0.063 seconds
[2022-07-24 09:30:35,117] {processor.py:163} INFO - Started process (PID=266) to work on /home/airflow/.local/lib/python3.7/site-packages/airflow/example_dags/example_branch_datetime_operator.py
[2022-07-24 09:30:35,119] {processor.py:642} INFO - Processing file /home/airflow/.local/lib/python3.7/site-packages/airflow/example_dags/example_branch_datetime_operator.py for tasks to queue
[2022-07-24 09:30:35,120] {logging_mixin.py:109} INFO - [2022-07-24 09:30:35,120] {dagbag.py:500} INFO - Filling up the DagBag from /home/airflow/.local/lib/python3.7/site-packages/airflow/example_dags/example_branch_datetime_operator.py
[2022-07-24 09:30:35,137] {processor.py:654} INFO - DAG(s) dict_keys(['example_branch_datetime_operator_2']) retrieved from /home/airflow/.local/lib/python3.7/site-packages/airflow/example_dags/example_branch_datetime_operator.py
[2022-07-24 09:30:35,143] {logging_mixin.py:109} INFO - [2022-07-24 09:30:35,143] {dag.py:2396} INFO - Sync 1 DAGs
[2022-07-24 09:30:35,156] {logging_mixin.py:109} INFO - [2022-07-24 09:30:35,156] {dag.py:2935} INFO - Setting next_dagrun for example_branch_datetime_operator_2 to 2022-07-23 00:00:00+00:00
[2022-07-24 09:30:35,162] {processor.py:171} INFO - Processing /home/airflow/.local/lib/python3.7/site-packages/airflow/example_dags/example_branch_datetime_operator.py took 0.047 seconds
[2022-07-24 09:31:05,989] {processor.py:163} INFO - Started process (PID=325) to work on /home/airflow/.local/lib/python3.7/site-packages/airflow/example_dags/example_branch_datetime_operator.py
[2022-07-24 09:31:05,990] {processor.py:642} INFO - Processing file /home/airflow/.local/lib/python3.7/site-packages/airflow/example_dags/example_branch_datetime_operator.py for tasks to queue
[2022-07-24 09:31:05,991] {logging_mixin.py:109} INFO - [2022-07-24 09:31:05,990] {dagbag.py:500} INFO - Filling up the DagBag from /home/airflow/.local/lib/python3.7/site-packages/airflow/example_dags/example_branch_datetime_operator.py
[2022-07-24 09:31:06,010] {processor.py:654} INFO - DAG(s) dict_keys(['example_branch_datetime_operator_2']) retrieved from /home/airflow/.local/lib/python3.7/site-packages/airflow/example_dags/example_branch_datetime_operator.py
[2022-07-24 09:31:06,017] {logging_mixin.py:109} INFO - [2022-07-24 09:31:06,017] {dag.py:2396} INFO - Sync 1 DAGs
[2022-07-24 09:31:06,041] {logging_mixin.py:109} INFO - [2022-07-24 09:31:06,041] {dag.py:2935} INFO - Setting next_dagrun for example_branch_datetime_operator_2 to 2022-07-23 00:00:00+00:00
[2022-07-24 09:31:06,048] {processor.py:171} INFO - Processing /home/airflow/.local/lib/python3.7/site-packages/airflow/example_dags/example_branch_datetime_operator.py took 0.061 seconds
[2022-07-24 09:31:36,691] {processor.py:163} INFO - Started process (PID=384) to work on /home/airflow/.local/lib/python3.7/site-packages/airflow/example_dags/example_branch_datetime_operator.py
[2022-07-24 09:31:36,691] {processor.py:642} INFO - Processing file /home/airflow/.local/lib/python3.7/site-packages/airflow/example_dags/example_branch_datetime_operator.py for tasks to queue
[2022-07-24 09:31:36,691] {logging_mixin.py:109} INFO - [2022-07-24 09:31:36,691] {dagbag.py:500} INFO - Filling up the DagBag from /home/airflow/.local/lib/python3.7/site-packages/airflow/example_dags/example_branch_datetime_operator.py
[2022-07-24 09:31:36,710] {processor.py:654} INFO - DAG(s) dict_keys(['example_branch_datetime_operator_2']) retrieved from /home/airflow/.local/lib/python3.7/site-packages/airflow/example_dags/example_branch_datetime_operator.py
[2022-07-24 09:31:36,716] {logging_mixin.py:109} INFO - [2022-07-24 09:31:36,716] {dag.py:2396} INFO - Sync 1 DAGs
[2022-07-24 09:31:36,737] {logging_mixin.py:109} INFO - [2022-07-24 09:31:36,737] {dag.py:2935} INFO - Setting next_dagrun for example_branch_datetime_operator_2 to 2022-07-23 00:00:00+00:00
[2022-07-24 09:31:36,747] {processor.py:171} INFO - Processing /home/airflow/.local/lib/python3.7/site-packages/airflow/example_dags/example_branch_datetime_operator.py took 0.058 seconds
[2022-07-24 09:32:07,087] {processor.py:163} INFO - Started process (PID=434) to work on /home/airflow/.local/lib/python3.7/site-packages/airflow/example_dags/example_branch_datetime_operator.py
[2022-07-24 09:32:07,088] {processor.py:642} INFO - Processing file /home/airflow/.local/lib/python3.7/site-packages/airflow/example_dags/example_branch_datetime_operator.py for tasks to queue
[2022-07-24 09:32:07,088] {logging_mixin.py:109} INFO - [2022-07-24 09:32:07,088] {dagbag.py:500} INFO - Filling up the DagBag from /home/airflow/.local/lib/python3.7/site-packages/airflow/example_dags/example_branch_datetime_operator.py
[2022-07-24 09:32:07,106] {processor.py:654} INFO - DAG(s) dict_keys(['example_branch_datetime_operator_2']) retrieved from /home/airflow/.local/lib/python3.7/site-packages/airflow/example_dags/example_branch_datetime_operator.py
[2022-07-24 09:32:07,112] {logging_mixin.py:109} INFO - [2022-07-24 09:32:07,112] {dag.py:2396} INFO - Sync 1 DAGs
[2022-07-24 09:32:07,129] {logging_mixin.py:109} INFO - [2022-07-24 09:32:07,129] {dag.py:2935} INFO - Setting next_dagrun for example_branch_datetime_operator_2 to 2022-07-23 00:00:00+00:00
[2022-07-24 09:32:07,136] {processor.py:171} INFO - Processing /home/airflow/.local/lib/python3.7/site-packages/airflow/example_dags/example_branch_datetime_operator.py took 0.050 seconds
[2022-07-24 09:32:37,461] {processor.py:163} INFO - Started process (PID=493) to work on /home/airflow/.local/lib/python3.7/site-packages/airflow/example_dags/example_branch_datetime_operator.py
[2022-07-24 09:32:37,462] {processor.py:642} INFO - Processing file /home/airflow/.local/lib/python3.7/site-packages/airflow/example_dags/example_branch_datetime_operator.py for tasks to queue
[2022-07-24 09:32:37,463] {logging_mixin.py:109} INFO - [2022-07-24 09:32:37,463] {dagbag.py:500} INFO - Filling up the DagBag from /home/airflow/.local/lib/python3.7/site-packages/airflow/example_dags/example_branch_datetime_operator.py
[2022-07-24 09:32:37,481] {processor.py:654} INFO - DAG(s) dict_keys(['example_branch_datetime_operator_2']) retrieved from /home/airflow/.local/lib/python3.7/site-packages/airflow/example_dags/example_branch_datetime_operator.py
[2022-07-24 09:32:37,488] {logging_mixin.py:109} INFO - [2022-07-24 09:32:37,488] {dag.py:2396} INFO - Sync 1 DAGs
[2022-07-24 09:32:37,501] {logging_mixin.py:109} INFO - [2022-07-24 09:32:37,501] {dag.py:2935} INFO - Setting next_dagrun for example_branch_datetime_operator_2 to 2022-07-23 00:00:00+00:00
[2022-07-24 09:32:37,528] {processor.py:171} INFO - Processing /home/airflow/.local/lib/python3.7/site-packages/airflow/example_dags/example_branch_datetime_operator.py took 0.069 seconds
[2022-07-24 09:33:07,653] {processor.py:163} INFO - Started process (PID=543) to work on /home/airflow/.local/lib/python3.7/site-packages/airflow/example_dags/example_branch_datetime_operator.py
[2022-07-24 09:33:07,654] {processor.py:642} INFO - Processing file /home/airflow/.local/lib/python3.7/site-packages/airflow/example_dags/example_branch_datetime_operator.py for tasks to queue
[2022-07-24 09:33:07,654] {logging_mixin.py:109} INFO - [2022-07-24 09:33:07,654] {dagbag.py:500} INFO - Filling up the DagBag from /home/airflow/.local/lib/python3.7/site-packages/airflow/example_dags/example_branch_datetime_operator.py
[2022-07-24 09:33:07,672] {processor.py:654} INFO - DAG(s) dict_keys(['example_branch_datetime_operator_2']) retrieved from /home/airflow/.local/lib/python3.7/site-packages/airflow/example_dags/example_branch_datetime_operator.py
[2022-07-24 09:33:07,679] {logging_mixin.py:109} INFO - [2022-07-24 09:33:07,678] {dag.py:2396} INFO - Sync 1 DAGs
[2022-07-24 09:33:07,691] {logging_mixin.py:109} INFO - [2022-07-24 09:33:07,691] {dag.py:2935} INFO - Setting next_dagrun for example_branch_datetime_operator_2 to 2022-07-23 00:00:00+00:00
[2022-07-24 09:33:07,697] {processor.py:171} INFO - Processing /home/airflow/.local/lib/python3.7/site-packages/airflow/example_dags/example_branch_datetime_operator.py took 0.046 seconds
[2022-07-24 09:33:38,045] {processor.py:163} INFO - Started process (PID=602) to work on /home/airflow/.local/lib/python3.7/site-packages/airflow/example_dags/example_branch_datetime_operator.py
[2022-07-24 09:33:38,046] {processor.py:642} INFO - Processing file /home/airflow/.local/lib/python3.7/site-packages/airflow/example_dags/example_branch_datetime_operator.py for tasks to queue
[2022-07-24 09:33:38,047] {logging_mixin.py:109} INFO - [2022-07-24 09:33:38,047] {dagbag.py:500} INFO - Filling up the DagBag from /home/airflow/.local/lib/python3.7/site-packages/airflow/example_dags/example_branch_datetime_operator.py
[2022-07-24 09:33:38,126] {processor.py:654} INFO - DAG(s) dict_keys(['example_branch_datetime_operator_2']) retrieved from /home/airflow/.local/lib/python3.7/site-packages/airflow/example_dags/example_branch_datetime_operator.py
[2022-07-24 09:33:38,133] {logging_mixin.py:109} INFO - [2022-07-24 09:33:38,133] {dag.py:2396} INFO - Sync 1 DAGs
[2022-07-24 09:33:38,145] {logging_mixin.py:109} INFO - [2022-07-24 09:33:38,144] {dag.py:2935} INFO - Setting next_dagrun for example_branch_datetime_operator_2 to 2022-07-23 00:00:00+00:00
[2022-07-24 09:33:38,151] {processor.py:171} INFO - Processing /home/airflow/.local/lib/python3.7/site-packages/airflow/example_dags/example_branch_datetime_operator.py took 0.107 seconds
[2022-07-24 09:34:08,827] {processor.py:163} INFO - Started process (PID=652) to work on /home/airflow/.local/lib/python3.7/site-packages/airflow/example_dags/example_branch_datetime_operator.py
[2022-07-24 09:34:08,828] {processor.py:642} INFO - Processing file /home/airflow/.local/lib/python3.7/site-packages/airflow/example_dags/example_branch_datetime_operator.py for tasks to queue
[2022-07-24 09:34:08,829] {logging_mixin.py:109} INFO - [2022-07-24 09:34:08,828] {dagbag.py:500} INFO - Filling up the DagBag from /home/airflow/.local/lib/python3.7/site-packages/airflow/example_dags/example_branch_datetime_operator.py
[2022-07-24 09:34:08,848] {processor.py:654} INFO - DAG(s) dict_keys(['example_branch_datetime_operator_2']) retrieved from /home/airflow/.local/lib/python3.7/site-packages/airflow/example_dags/example_branch_datetime_operator.py
[2022-07-24 09:34:08,856] {logging_mixin.py:109} INFO - [2022-07-24 09:34:08,856] {dag.py:2396} INFO - Sync 1 DAGs
[2022-07-24 09:34:08,872] {logging_mixin.py:109} INFO - [2022-07-24 09:34:08,872] {dag.py:2935} INFO - Setting next_dagrun for example_branch_datetime_operator_2 to 2022-07-23 00:00:00+00:00
[2022-07-24 09:34:08,879] {processor.py:171} INFO - Processing /home/airflow/.local/lib/python3.7/site-packages/airflow/example_dags/example_branch_datetime_operator.py took 0.053 seconds
