[2022-07-24 09:28:33,778] {processor.py:163} INFO - Started process (PID=72) to work on /home/airflow/.local/lib/python3.7/site-packages/airflow/example_dags/example_xcomargs.py
[2022-07-24 09:28:33,778] {processor.py:642} INFO - Processing file /home/airflow/.local/lib/python3.7/site-packages/airflow/example_dags/example_xcomargs.py for tasks to queue
[2022-07-24 09:28:33,779] {logging_mixin.py:109} INFO - [2022-07-24 09:28:33,779] {dagbag.py:500} INFO - Filling up the DagBag from /home/airflow/.local/lib/python3.7/site-packages/airflow/example_dags/example_xcomargs.py
[2022-07-24 09:28:33,803] {processor.py:654} INFO - DAG(s) dict_keys(['example_xcom_args', 'example_xcom_args_with_operators']) retrieved from /home/airflow/.local/lib/python3.7/site-packages/airflow/example_dags/example_xcomargs.py
[2022-07-24 09:28:34,045] {logging_mixin.py:109} INFO - [2022-07-24 09:28:34,045] {dag.py:2396} INFO - Sync 2 DAGs
[2022-07-24 09:28:34,056] {logging_mixin.py:109} INFO - [2022-07-24 09:28:34,056] {dag.py:2935} INFO - Setting next_dagrun for example_xcom_args to None
[2022-07-24 09:28:34,056] {logging_mixin.py:109} INFO - [2022-07-24 09:28:34,056] {dag.py:2935} INFO - Setting next_dagrun for example_xcom_args_with_operators to None
[2022-07-24 09:28:34,063] {processor.py:171} INFO - Processing /home/airflow/.local/lib/python3.7/site-packages/airflow/example_dags/example_xcomargs.py took 0.288 seconds
[2022-07-24 09:29:04,501] {processor.py:163} INFO - Started process (PID=131) to work on /home/airflow/.local/lib/python3.7/site-packages/airflow/example_dags/example_xcomargs.py
[2022-07-24 09:29:04,502] {processor.py:642} INFO - Processing file /home/airflow/.local/lib/python3.7/site-packages/airflow/example_dags/example_xcomargs.py for tasks to queue
[2022-07-24 09:29:04,503] {logging_mixin.py:109} INFO - [2022-07-24 09:29:04,503] {dagbag.py:500} INFO - Filling up the DagBag from /home/airflow/.local/lib/python3.7/site-packages/airflow/example_dags/example_xcomargs.py
[2022-07-24 09:29:04,525] {processor.py:654} INFO - DAG(s) dict_keys(['example_xcom_args', 'example_xcom_args_with_operators']) retrieved from /home/airflow/.local/lib/python3.7/site-packages/airflow/example_dags/example_xcomargs.py
[2022-07-24 09:29:04,743] {logging_mixin.py:109} INFO - [2022-07-24 09:29:04,743] {dag.py:2396} INFO - Sync 2 DAGs
[2022-07-24 09:29:04,753] {logging_mixin.py:109} INFO - [2022-07-24 09:29:04,753] {dag.py:2935} INFO - Setting next_dagrun for example_xcom_args to None
[2022-07-24 09:29:04,754] {logging_mixin.py:109} INFO - [2022-07-24 09:29:04,753] {dag.py:2935} INFO - Setting next_dagrun for example_xcom_args_with_operators to None
[2022-07-24 09:29:04,760] {processor.py:171} INFO - Processing /home/airflow/.local/lib/python3.7/site-packages/airflow/example_dags/example_xcomargs.py took 0.260 seconds
[2022-07-24 09:29:35,497] {processor.py:163} INFO - Started process (PID=181) to work on /home/airflow/.local/lib/python3.7/site-packages/airflow/example_dags/example_xcomargs.py
[2022-07-24 09:29:35,498] {processor.py:642} INFO - Processing file /home/airflow/.local/lib/python3.7/site-packages/airflow/example_dags/example_xcomargs.py for tasks to queue
[2022-07-24 09:29:35,498] {logging_mixin.py:109} INFO - [2022-07-24 09:29:35,498] {dagbag.py:500} INFO - Filling up the DagBag from /home/airflow/.local/lib/python3.7/site-packages/airflow/example_dags/example_xcomargs.py
[2022-07-24 09:29:35,524] {processor.py:654} INFO - DAG(s) dict_keys(['example_xcom_args', 'example_xcom_args_with_operators']) retrieved from /home/airflow/.local/lib/python3.7/site-packages/airflow/example_dags/example_xcomargs.py
[2022-07-24 09:29:35,781] {logging_mixin.py:109} INFO - [2022-07-24 09:29:35,781] {dag.py:2396} INFO - Sync 2 DAGs
[2022-07-24 09:29:35,794] {logging_mixin.py:109} INFO - [2022-07-24 09:29:35,794] {dag.py:2935} INFO - Setting next_dagrun for example_xcom_args to None
[2022-07-24 09:29:35,794] {logging_mixin.py:109} INFO - [2022-07-24 09:29:35,794] {dag.py:2935} INFO - Setting next_dagrun for example_xcom_args_with_operators to None
[2022-07-24 09:29:35,806] {processor.py:171} INFO - Processing /home/airflow/.local/lib/python3.7/site-packages/airflow/example_dags/example_xcomargs.py took 0.311 seconds
[2022-07-24 09:30:06,411] {processor.py:163} INFO - Started process (PID=240) to work on /home/airflow/.local/lib/python3.7/site-packages/airflow/example_dags/example_xcomargs.py
[2022-07-24 09:30:06,412] {processor.py:642} INFO - Processing file /home/airflow/.local/lib/python3.7/site-packages/airflow/example_dags/example_xcomargs.py for tasks to queue
[2022-07-24 09:30:06,412] {logging_mixin.py:109} INFO - [2022-07-24 09:30:06,412] {dagbag.py:500} INFO - Filling up the DagBag from /home/airflow/.local/lib/python3.7/site-packages/airflow/example_dags/example_xcomargs.py
[2022-07-24 09:30:06,435] {processor.py:654} INFO - DAG(s) dict_keys(['example_xcom_args', 'example_xcom_args_with_operators']) retrieved from /home/airflow/.local/lib/python3.7/site-packages/airflow/example_dags/example_xcomargs.py
[2022-07-24 09:30:06,663] {logging_mixin.py:109} INFO - [2022-07-24 09:30:06,663] {dag.py:2396} INFO - Sync 2 DAGs
[2022-07-24 09:30:06,675] {logging_mixin.py:109} INFO - [2022-07-24 09:30:06,675] {dag.py:2935} INFO - Setting next_dagrun for example_xcom_args to None
[2022-07-24 09:30:06,675] {logging_mixin.py:109} INFO - [2022-07-24 09:30:06,675] {dag.py:2935} INFO - Setting next_dagrun for example_xcom_args_with_operators to None
[2022-07-24 09:30:06,684] {processor.py:171} INFO - Processing /home/airflow/.local/lib/python3.7/site-packages/airflow/example_dags/example_xcomargs.py took 0.275 seconds
[2022-07-24 09:30:37,281] {processor.py:163} INFO - Started process (PID=299) to work on /home/airflow/.local/lib/python3.7/site-packages/airflow/example_dags/example_xcomargs.py
[2022-07-24 09:30:37,282] {processor.py:642} INFO - Processing file /home/airflow/.local/lib/python3.7/site-packages/airflow/example_dags/example_xcomargs.py for tasks to queue
[2022-07-24 09:30:37,282] {logging_mixin.py:109} INFO - [2022-07-24 09:30:37,282] {dagbag.py:500} INFO - Filling up the DagBag from /home/airflow/.local/lib/python3.7/site-packages/airflow/example_dags/example_xcomargs.py
[2022-07-24 09:30:37,305] {processor.py:654} INFO - DAG(s) dict_keys(['example_xcom_args', 'example_xcom_args_with_operators']) retrieved from /home/airflow/.local/lib/python3.7/site-packages/airflow/example_dags/example_xcomargs.py
[2022-07-24 09:30:37,526] {logging_mixin.py:109} INFO - [2022-07-24 09:30:37,526] {dag.py:2396} INFO - Sync 2 DAGs
[2022-07-24 09:30:37,542] {logging_mixin.py:109} INFO - [2022-07-24 09:30:37,541] {dag.py:2935} INFO - Setting next_dagrun for example_xcom_args to None
[2022-07-24 09:30:37,542] {logging_mixin.py:109} INFO - [2022-07-24 09:30:37,542] {dag.py:2935} INFO - Setting next_dagrun for example_xcom_args_with_operators to None
[2022-07-24 09:30:37,551] {processor.py:171} INFO - Processing /home/airflow/.local/lib/python3.7/site-packages/airflow/example_dags/example_xcomargs.py took 0.272 seconds
[2022-07-24 09:31:08,860] {processor.py:163} INFO - Started process (PID=349) to work on /home/airflow/.local/lib/python3.7/site-packages/airflow/example_dags/example_xcomargs.py
[2022-07-24 09:31:08,861] {processor.py:642} INFO - Processing file /home/airflow/.local/lib/python3.7/site-packages/airflow/example_dags/example_xcomargs.py for tasks to queue
[2022-07-24 09:31:08,862] {logging_mixin.py:109} INFO - [2022-07-24 09:31:08,862] {dagbag.py:500} INFO - Filling up the DagBag from /home/airflow/.local/lib/python3.7/site-packages/airflow/example_dags/example_xcomargs.py
[2022-07-24 09:31:08,941] {processor.py:654} INFO - DAG(s) dict_keys(['example_xcom_args', 'example_xcom_args_with_operators']) retrieved from /home/airflow/.local/lib/python3.7/site-packages/airflow/example_dags/example_xcomargs.py
[2022-07-24 09:31:09,237] {logging_mixin.py:109} INFO - [2022-07-24 09:31:09,237] {dag.py:2396} INFO - Sync 2 DAGs
[2022-07-24 09:31:09,250] {logging_mixin.py:109} INFO - [2022-07-24 09:31:09,250] {dag.py:2935} INFO - Setting next_dagrun for example_xcom_args to None
[2022-07-24 09:31:09,251] {logging_mixin.py:109} INFO - [2022-07-24 09:31:09,251] {dag.py:2935} INFO - Setting next_dagrun for example_xcom_args_with_operators to None
[2022-07-24 09:31:09,258] {processor.py:171} INFO - Processing /home/airflow/.local/lib/python3.7/site-packages/airflow/example_dags/example_xcomargs.py took 0.400 seconds
[2022-07-24 09:31:40,131] {processor.py:163} INFO - Started process (PID=408) to work on /home/airflow/.local/lib/python3.7/site-packages/airflow/example_dags/example_xcomargs.py
[2022-07-24 09:31:40,132] {processor.py:642} INFO - Processing file /home/airflow/.local/lib/python3.7/site-packages/airflow/example_dags/example_xcomargs.py for tasks to queue
[2022-07-24 09:31:40,132] {logging_mixin.py:109} INFO - [2022-07-24 09:31:40,132] {dagbag.py:500} INFO - Filling up the DagBag from /home/airflow/.local/lib/python3.7/site-packages/airflow/example_dags/example_xcomargs.py
[2022-07-24 09:31:40,154] {processor.py:654} INFO - DAG(s) dict_keys(['example_xcom_args', 'example_xcom_args_with_operators']) retrieved from /home/airflow/.local/lib/python3.7/site-packages/airflow/example_dags/example_xcomargs.py
[2022-07-24 09:31:40,639] {logging_mixin.py:109} INFO - [2022-07-24 09:31:40,638] {dag.py:2396} INFO - Sync 2 DAGs
[2022-07-24 09:31:40,651] {logging_mixin.py:109} INFO - [2022-07-24 09:31:40,650] {dag.py:2935} INFO - Setting next_dagrun for example_xcom_args to None
[2022-07-24 09:31:40,651] {logging_mixin.py:109} INFO - [2022-07-24 09:31:40,651] {dag.py:2935} INFO - Setting next_dagrun for example_xcom_args_with_operators to None
[2022-07-24 09:31:40,661] {processor.py:171} INFO - Processing /home/airflow/.local/lib/python3.7/site-packages/airflow/example_dags/example_xcomargs.py took 0.531 seconds
[2022-07-24 09:32:10,764] {processor.py:163} INFO - Started process (PID=460) to work on /home/airflow/.local/lib/python3.7/site-packages/airflow/example_dags/example_xcomargs.py
[2022-07-24 09:32:10,765] {processor.py:642} INFO - Processing file /home/airflow/.local/lib/python3.7/site-packages/airflow/example_dags/example_xcomargs.py for tasks to queue
[2022-07-24 09:32:10,765] {logging_mixin.py:109} INFO - [2022-07-24 09:32:10,765] {dagbag.py:500} INFO - Filling up the DagBag from /home/airflow/.local/lib/python3.7/site-packages/airflow/example_dags/example_xcomargs.py
[2022-07-24 09:32:10,787] {processor.py:654} INFO - DAG(s) dict_keys(['example_xcom_args', 'example_xcom_args_with_operators']) retrieved from /home/airflow/.local/lib/python3.7/site-packages/airflow/example_dags/example_xcomargs.py
[2022-07-24 09:32:11,036] {logging_mixin.py:109} INFO - [2022-07-24 09:32:11,035] {dag.py:2396} INFO - Sync 2 DAGs
[2022-07-24 09:32:11,048] {logging_mixin.py:109} INFO - [2022-07-24 09:32:11,048] {dag.py:2935} INFO - Setting next_dagrun for example_xcom_args to None
[2022-07-24 09:32:11,048] {logging_mixin.py:109} INFO - [2022-07-24 09:32:11,048] {dag.py:2935} INFO - Setting next_dagrun for example_xcom_args_with_operators to None
[2022-07-24 09:32:11,055] {processor.py:171} INFO - Processing /home/airflow/.local/lib/python3.7/site-packages/airflow/example_dags/example_xcomargs.py took 0.293 seconds
[2022-07-24 09:32:41,755] {processor.py:163} INFO - Started process (PID=517) to work on /home/airflow/.local/lib/python3.7/site-packages/airflow/example_dags/example_xcomargs.py
[2022-07-24 09:32:41,756] {processor.py:642} INFO - Processing file /home/airflow/.local/lib/python3.7/site-packages/airflow/example_dags/example_xcomargs.py for tasks to queue
[2022-07-24 09:32:41,756] {logging_mixin.py:109} INFO - [2022-07-24 09:32:41,756] {dagbag.py:500} INFO - Filling up the DagBag from /home/airflow/.local/lib/python3.7/site-packages/airflow/example_dags/example_xcomargs.py
[2022-07-24 09:32:41,777] {processor.py:654} INFO - DAG(s) dict_keys(['example_xcom_args', 'example_xcom_args_with_operators']) retrieved from /home/airflow/.local/lib/python3.7/site-packages/airflow/example_dags/example_xcomargs.py
[2022-07-24 09:32:41,987] {logging_mixin.py:109} INFO - [2022-07-24 09:32:41,987] {dag.py:2396} INFO - Sync 2 DAGs
[2022-07-24 09:32:41,997] {logging_mixin.py:109} INFO - [2022-07-24 09:32:41,997] {dag.py:2935} INFO - Setting next_dagrun for example_xcom_args to None
[2022-07-24 09:32:41,997] {logging_mixin.py:109} INFO - [2022-07-24 09:32:41,997] {dag.py:2935} INFO - Setting next_dagrun for example_xcom_args_with_operators to None
[2022-07-24 09:32:42,004] {processor.py:171} INFO - Processing /home/airflow/.local/lib/python3.7/site-packages/airflow/example_dags/example_xcomargs.py took 0.251 seconds
[2022-07-24 09:33:12,248] {processor.py:163} INFO - Started process (PID=567) to work on /home/airflow/.local/lib/python3.7/site-packages/airflow/example_dags/example_xcomargs.py
[2022-07-24 09:33:12,249] {processor.py:642} INFO - Processing file /home/airflow/.local/lib/python3.7/site-packages/airflow/example_dags/example_xcomargs.py for tasks to queue
[2022-07-24 09:33:12,249] {logging_mixin.py:109} INFO - [2022-07-24 09:33:12,249] {dagbag.py:500} INFO - Filling up the DagBag from /home/airflow/.local/lib/python3.7/site-packages/airflow/example_dags/example_xcomargs.py
[2022-07-24 09:33:12,331] {processor.py:654} INFO - DAG(s) dict_keys(['example_xcom_args', 'example_xcom_args_with_operators']) retrieved from /home/airflow/.local/lib/python3.7/site-packages/airflow/example_dags/example_xcomargs.py
[2022-07-24 09:33:12,733] {logging_mixin.py:109} INFO - [2022-07-24 09:33:12,733] {dag.py:2396} INFO - Sync 2 DAGs
[2022-07-24 09:33:12,744] {logging_mixin.py:109} INFO - [2022-07-24 09:33:12,743] {dag.py:2935} INFO - Setting next_dagrun for example_xcom_args to None
[2022-07-24 09:33:12,744] {logging_mixin.py:109} INFO - [2022-07-24 09:33:12,744] {dag.py:2935} INFO - Setting next_dagrun for example_xcom_args_with_operators to None
[2022-07-24 09:33:12,751] {processor.py:171} INFO - Processing /home/airflow/.local/lib/python3.7/site-packages/airflow/example_dags/example_xcomargs.py took 0.505 seconds
[2022-07-24 09:33:43,142] {processor.py:163} INFO - Started process (PID=628) to work on /home/airflow/.local/lib/python3.7/site-packages/airflow/example_dags/example_xcomargs.py
[2022-07-24 09:33:43,143] {processor.py:642} INFO - Processing file /home/airflow/.local/lib/python3.7/site-packages/airflow/example_dags/example_xcomargs.py for tasks to queue
[2022-07-24 09:33:43,144] {logging_mixin.py:109} INFO - [2022-07-24 09:33:43,144] {dagbag.py:500} INFO - Filling up the DagBag from /home/airflow/.local/lib/python3.7/site-packages/airflow/example_dags/example_xcomargs.py
[2022-07-24 09:33:43,166] {processor.py:654} INFO - DAG(s) dict_keys(['example_xcom_args', 'example_xcom_args_with_operators']) retrieved from /home/airflow/.local/lib/python3.7/site-packages/airflow/example_dags/example_xcomargs.py
[2022-07-24 09:33:43,546] {logging_mixin.py:109} INFO - [2022-07-24 09:33:43,546] {dag.py:2396} INFO - Sync 2 DAGs
[2022-07-24 09:33:43,556] {logging_mixin.py:109} INFO - [2022-07-24 09:33:43,556] {dag.py:2935} INFO - Setting next_dagrun for example_xcom_args to None
[2022-07-24 09:33:43,557] {logging_mixin.py:109} INFO - [2022-07-24 09:33:43,557] {dag.py:2935} INFO - Setting next_dagrun for example_xcom_args_with_operators to None
[2022-07-24 09:33:43,564] {processor.py:171} INFO - Processing /home/airflow/.local/lib/python3.7/site-packages/airflow/example_dags/example_xcomargs.py took 0.424 seconds
[2022-07-24 09:34:14,103] {processor.py:163} INFO - Started process (PID=685) to work on /home/airflow/.local/lib/python3.7/site-packages/airflow/example_dags/example_xcomargs.py
[2022-07-24 09:34:14,104] {processor.py:642} INFO - Processing file /home/airflow/.local/lib/python3.7/site-packages/airflow/example_dags/example_xcomargs.py for tasks to queue
[2022-07-24 09:34:14,104] {logging_mixin.py:109} INFO - [2022-07-24 09:34:14,104] {dagbag.py:500} INFO - Filling up the DagBag from /home/airflow/.local/lib/python3.7/site-packages/airflow/example_dags/example_xcomargs.py
[2022-07-24 09:34:14,130] {processor.py:654} INFO - DAG(s) dict_keys(['example_xcom_args', 'example_xcom_args_with_operators']) retrieved from /home/airflow/.local/lib/python3.7/site-packages/airflow/example_dags/example_xcomargs.py
[2022-07-24 09:34:14,365] {logging_mixin.py:109} INFO - [2022-07-24 09:34:14,365] {dag.py:2396} INFO - Sync 2 DAGs
[2022-07-24 09:34:14,377] {logging_mixin.py:109} INFO - [2022-07-24 09:34:14,377] {dag.py:2935} INFO - Setting next_dagrun for example_xcom_args to None
[2022-07-24 09:34:14,377] {logging_mixin.py:109} INFO - [2022-07-24 09:34:14,377] {dag.py:2935} INFO - Setting next_dagrun for example_xcom_args_with_operators to None
[2022-07-24 09:34:14,386] {processor.py:171} INFO - Processing /home/airflow/.local/lib/python3.7/site-packages/airflow/example_dags/example_xcomargs.py took 0.286 seconds
