[2022-07-24 09:28:33,096] {processor.py:163} INFO - Started process (PID=61) to work on /home/airflow/.local/lib/python3.7/site-packages/airflow/example_dags/example_python_operator.py
[2022-07-24 09:28:33,097] {processor.py:642} INFO - Processing file /home/airflow/.local/lib/python3.7/site-packages/airflow/example_dags/example_python_operator.py for tasks to queue
[2022-07-24 09:28:33,097] {logging_mixin.py:109} INFO - [2022-07-24 09:28:33,097] {dagbag.py:500} INFO - Filling up the DagBag from /home/airflow/.local/lib/python3.7/site-packages/airflow/example_dags/example_python_operator.py
[2022-07-24 09:28:33,118] {processor.py:654} INFO - DAG(s) dict_keys(['example_python_operator']) retrieved from /home/airflow/.local/lib/python3.7/site-packages/airflow/example_dags/example_python_operator.py
[2022-07-24 09:28:33,126] {logging_mixin.py:109} INFO - [2022-07-24 09:28:33,125] {dag.py:2396} INFO - Sync 1 DAGs
[2022-07-24 09:28:33,138] {logging_mixin.py:109} INFO - [2022-07-24 09:28:33,138] {dag.py:2935} INFO - Setting next_dagrun for example_python_operator to None
[2022-07-24 09:28:33,146] {processor.py:171} INFO - Processing /home/airflow/.local/lib/python3.7/site-packages/airflow/example_dags/example_python_operator.py took 0.051 seconds
[2022-07-24 09:29:04,057] {processor.py:163} INFO - Started process (PID=120) to work on /home/airflow/.local/lib/python3.7/site-packages/airflow/example_dags/example_python_operator.py
[2022-07-24 09:29:04,058] {processor.py:642} INFO - Processing file /home/airflow/.local/lib/python3.7/site-packages/airflow/example_dags/example_python_operator.py for tasks to queue
[2022-07-24 09:29:04,058] {logging_mixin.py:109} INFO - [2022-07-24 09:29:04,058] {dagbag.py:500} INFO - Filling up the DagBag from /home/airflow/.local/lib/python3.7/site-packages/airflow/example_dags/example_python_operator.py
[2022-07-24 09:29:04,078] {processor.py:654} INFO - DAG(s) dict_keys(['example_python_operator']) retrieved from /home/airflow/.local/lib/python3.7/site-packages/airflow/example_dags/example_python_operator.py
[2022-07-24 09:29:04,085] {logging_mixin.py:109} INFO - [2022-07-24 09:29:04,085] {dag.py:2396} INFO - Sync 1 DAGs
[2022-07-24 09:29:04,095] {logging_mixin.py:109} INFO - [2022-07-24 09:29:04,095] {dag.py:2935} INFO - Setting next_dagrun for example_python_operator to None
[2022-07-24 09:29:04,101] {processor.py:171} INFO - Processing /home/airflow/.local/lib/python3.7/site-packages/airflow/example_dags/example_python_operator.py took 0.046 seconds
[2022-07-24 09:29:34,909] {processor.py:163} INFO - Started process (PID=170) to work on /home/airflow/.local/lib/python3.7/site-packages/airflow/example_dags/example_python_operator.py
[2022-07-24 09:29:34,909] {processor.py:642} INFO - Processing file /home/airflow/.local/lib/python3.7/site-packages/airflow/example_dags/example_python_operator.py for tasks to queue
[2022-07-24 09:29:34,910] {logging_mixin.py:109} INFO - [2022-07-24 09:29:34,910] {dagbag.py:500} INFO - Filling up the DagBag from /home/airflow/.local/lib/python3.7/site-packages/airflow/example_dags/example_python_operator.py
[2022-07-24 09:29:34,933] {processor.py:654} INFO - DAG(s) dict_keys(['example_python_operator']) retrieved from /home/airflow/.local/lib/python3.7/site-packages/airflow/example_dags/example_python_operator.py
[2022-07-24 09:29:34,942] {logging_mixin.py:109} INFO - [2022-07-24 09:29:34,942] {dag.py:2396} INFO - Sync 1 DAGs
[2022-07-24 09:29:34,956] {logging_mixin.py:109} INFO - [2022-07-24 09:29:34,956] {dag.py:2935} INFO - Setting next_dagrun for example_python_operator to None
[2022-07-24 09:29:34,964] {processor.py:171} INFO - Processing /home/airflow/.local/lib/python3.7/site-packages/airflow/example_dags/example_python_operator.py took 0.057 seconds
[2022-07-24 09:30:05,912] {processor.py:163} INFO - Started process (PID=229) to work on /home/airflow/.local/lib/python3.7/site-packages/airflow/example_dags/example_python_operator.py
[2022-07-24 09:30:05,913] {processor.py:642} INFO - Processing file /home/airflow/.local/lib/python3.7/site-packages/airflow/example_dags/example_python_operator.py for tasks to queue
[2022-07-24 09:30:05,913] {logging_mixin.py:109} INFO - [2022-07-24 09:30:05,913] {dagbag.py:500} INFO - Filling up the DagBag from /home/airflow/.local/lib/python3.7/site-packages/airflow/example_dags/example_python_operator.py
[2022-07-24 09:30:05,938] {processor.py:654} INFO - DAG(s) dict_keys(['example_python_operator']) retrieved from /home/airflow/.local/lib/python3.7/site-packages/airflow/example_dags/example_python_operator.py
[2022-07-24 09:30:05,948] {logging_mixin.py:109} INFO - [2022-07-24 09:30:05,947] {dag.py:2396} INFO - Sync 1 DAGs
[2022-07-24 09:30:05,960] {logging_mixin.py:109} INFO - [2022-07-24 09:30:05,960] {dag.py:2935} INFO - Setting next_dagrun for example_python_operator to None
[2022-07-24 09:30:05,967] {processor.py:171} INFO - Processing /home/airflow/.local/lib/python3.7/site-packages/airflow/example_dags/example_python_operator.py took 0.057 seconds
[2022-07-24 09:30:36,637] {processor.py:163} INFO - Started process (PID=288) to work on /home/airflow/.local/lib/python3.7/site-packages/airflow/example_dags/example_python_operator.py
[2022-07-24 09:30:36,638] {processor.py:642} INFO - Processing file /home/airflow/.local/lib/python3.7/site-packages/airflow/example_dags/example_python_operator.py for tasks to queue
[2022-07-24 09:30:36,638] {logging_mixin.py:109} INFO - [2022-07-24 09:30:36,638] {dagbag.py:500} INFO - Filling up the DagBag from /home/airflow/.local/lib/python3.7/site-packages/airflow/example_dags/example_python_operator.py
[2022-07-24 09:30:36,658] {processor.py:654} INFO - DAG(s) dict_keys(['example_python_operator']) retrieved from /home/airflow/.local/lib/python3.7/site-packages/airflow/example_dags/example_python_operator.py
[2022-07-24 09:30:36,665] {logging_mixin.py:109} INFO - [2022-07-24 09:30:36,665] {dag.py:2396} INFO - Sync 1 DAGs
[2022-07-24 09:30:36,676] {logging_mixin.py:109} INFO - [2022-07-24 09:30:36,676] {dag.py:2935} INFO - Setting next_dagrun for example_python_operator to None
[2022-07-24 09:30:36,682] {processor.py:171} INFO - Processing /home/airflow/.local/lib/python3.7/site-packages/airflow/example_dags/example_python_operator.py took 0.047 seconds
[2022-07-24 09:31:07,967] {processor.py:163} INFO - Started process (PID=338) to work on /home/airflow/.local/lib/python3.7/site-packages/airflow/example_dags/example_python_operator.py
[2022-07-24 09:31:07,968] {processor.py:642} INFO - Processing file /home/airflow/.local/lib/python3.7/site-packages/airflow/example_dags/example_python_operator.py for tasks to queue
[2022-07-24 09:31:07,969] {logging_mixin.py:109} INFO - [2022-07-24 09:31:07,969] {dagbag.py:500} INFO - Filling up the DagBag from /home/airflow/.local/lib/python3.7/site-packages/airflow/example_dags/example_python_operator.py
[2022-07-24 09:31:08,028] {processor.py:654} INFO - DAG(s) dict_keys(['example_python_operator']) retrieved from /home/airflow/.local/lib/python3.7/site-packages/airflow/example_dags/example_python_operator.py
[2022-07-24 09:31:08,040] {logging_mixin.py:109} INFO - [2022-07-24 09:31:08,040] {dag.py:2396} INFO - Sync 1 DAGs
[2022-07-24 09:31:08,053] {logging_mixin.py:109} INFO - [2022-07-24 09:31:08,053] {dag.py:2935} INFO - Setting next_dagrun for example_python_operator to None
[2022-07-24 09:31:08,060] {processor.py:171} INFO - Processing /home/airflow/.local/lib/python3.7/site-packages/airflow/example_dags/example_python_operator.py took 0.094 seconds
[2022-07-24 09:31:38,926] {processor.py:163} INFO - Started process (PID=397) to work on /home/airflow/.local/lib/python3.7/site-packages/airflow/example_dags/example_python_operator.py
[2022-07-24 09:31:38,927] {processor.py:642} INFO - Processing file /home/airflow/.local/lib/python3.7/site-packages/airflow/example_dags/example_python_operator.py for tasks to queue
[2022-07-24 09:31:38,927] {logging_mixin.py:109} INFO - [2022-07-24 09:31:38,927] {dagbag.py:500} INFO - Filling up the DagBag from /home/airflow/.local/lib/python3.7/site-packages/airflow/example_dags/example_python_operator.py
[2022-07-24 09:31:39,030] {processor.py:654} INFO - DAG(s) dict_keys(['example_python_operator']) retrieved from /home/airflow/.local/lib/python3.7/site-packages/airflow/example_dags/example_python_operator.py
[2022-07-24 09:31:39,038] {logging_mixin.py:109} INFO - [2022-07-24 09:31:39,038] {dag.py:2396} INFO - Sync 1 DAGs
[2022-07-24 09:31:39,051] {logging_mixin.py:109} INFO - [2022-07-24 09:31:39,051] {dag.py:2935} INFO - Setting next_dagrun for example_python_operator to None
[2022-07-24 09:31:39,059] {processor.py:171} INFO - Processing /home/airflow/.local/lib/python3.7/site-packages/airflow/example_dags/example_python_operator.py took 0.135 seconds
[2022-07-24 09:32:09,822] {processor.py:163} INFO - Started process (PID=447) to work on /home/airflow/.local/lib/python3.7/site-packages/airflow/example_dags/example_python_operator.py
[2022-07-24 09:32:09,823] {processor.py:642} INFO - Processing file /home/airflow/.local/lib/python3.7/site-packages/airflow/example_dags/example_python_operator.py for tasks to queue
[2022-07-24 09:32:09,824] {logging_mixin.py:109} INFO - [2022-07-24 09:32:09,824] {dagbag.py:500} INFO - Filling up the DagBag from /home/airflow/.local/lib/python3.7/site-packages/airflow/example_dags/example_python_operator.py
[2022-07-24 09:32:09,846] {processor.py:654} INFO - DAG(s) dict_keys(['example_python_operator']) retrieved from /home/airflow/.local/lib/python3.7/site-packages/airflow/example_dags/example_python_operator.py
[2022-07-24 09:32:09,854] {logging_mixin.py:109} INFO - [2022-07-24 09:32:09,854] {dag.py:2396} INFO - Sync 1 DAGs
[2022-07-24 09:32:09,865] {logging_mixin.py:109} INFO - [2022-07-24 09:32:09,864] {dag.py:2935} INFO - Setting next_dagrun for example_python_operator to None
[2022-07-24 09:32:09,870] {processor.py:171} INFO - Processing /home/airflow/.local/lib/python3.7/site-packages/airflow/example_dags/example_python_operator.py took 0.074 seconds
[2022-07-24 09:32:40,156] {processor.py:163} INFO - Started process (PID=506) to work on /home/airflow/.local/lib/python3.7/site-packages/airflow/example_dags/example_python_operator.py
[2022-07-24 09:32:40,157] {processor.py:642} INFO - Processing file /home/airflow/.local/lib/python3.7/site-packages/airflow/example_dags/example_python_operator.py for tasks to queue
[2022-07-24 09:32:40,157] {logging_mixin.py:109} INFO - [2022-07-24 09:32:40,157] {dagbag.py:500} INFO - Filling up the DagBag from /home/airflow/.local/lib/python3.7/site-packages/airflow/example_dags/example_python_operator.py
[2022-07-24 09:32:40,178] {processor.py:654} INFO - DAG(s) dict_keys(['example_python_operator']) retrieved from /home/airflow/.local/lib/python3.7/site-packages/airflow/example_dags/example_python_operator.py
[2022-07-24 09:32:40,186] {logging_mixin.py:109} INFO - [2022-07-24 09:32:40,186] {dag.py:2396} INFO - Sync 1 DAGs
[2022-07-24 09:32:40,197] {logging_mixin.py:109} INFO - [2022-07-24 09:32:40,197] {dag.py:2935} INFO - Setting next_dagrun for example_python_operator to None
[2022-07-24 09:32:40,203] {processor.py:171} INFO - Processing /home/airflow/.local/lib/python3.7/site-packages/airflow/example_dags/example_python_operator.py took 0.050 seconds
[2022-07-24 09:33:11,253] {processor.py:163} INFO - Started process (PID=556) to work on /home/airflow/.local/lib/python3.7/site-packages/airflow/example_dags/example_python_operator.py
[2022-07-24 09:33:11,254] {processor.py:642} INFO - Processing file /home/airflow/.local/lib/python3.7/site-packages/airflow/example_dags/example_python_operator.py for tasks to queue
[2022-07-24 09:33:11,254] {logging_mixin.py:109} INFO - [2022-07-24 09:33:11,254] {dagbag.py:500} INFO - Filling up the DagBag from /home/airflow/.local/lib/python3.7/site-packages/airflow/example_dags/example_python_operator.py
[2022-07-24 09:33:11,275] {processor.py:654} INFO - DAG(s) dict_keys(['example_python_operator']) retrieved from /home/airflow/.local/lib/python3.7/site-packages/airflow/example_dags/example_python_operator.py
[2022-07-24 09:33:11,282] {logging_mixin.py:109} INFO - [2022-07-24 09:33:11,282] {dag.py:2396} INFO - Sync 1 DAGs
[2022-07-24 09:33:11,325] {logging_mixin.py:109} INFO - [2022-07-24 09:33:11,325] {dag.py:2935} INFO - Setting next_dagrun for example_python_operator to None
[2022-07-24 09:33:11,331] {processor.py:171} INFO - Processing /home/airflow/.local/lib/python3.7/site-packages/airflow/example_dags/example_python_operator.py took 0.081 seconds
[2022-07-24 09:33:41,986] {processor.py:163} INFO - Started process (PID=615) to work on /home/airflow/.local/lib/python3.7/site-packages/airflow/example_dags/example_python_operator.py
[2022-07-24 09:33:42,022] {processor.py:642} INFO - Processing file /home/airflow/.local/lib/python3.7/site-packages/airflow/example_dags/example_python_operator.py for tasks to queue
[2022-07-24 09:33:42,023] {logging_mixin.py:109} INFO - [2022-07-24 09:33:42,022] {dagbag.py:500} INFO - Filling up the DagBag from /home/airflow/.local/lib/python3.7/site-packages/airflow/example_dags/example_python_operator.py
[2022-07-24 09:33:42,048] {processor.py:654} INFO - DAG(s) dict_keys(['example_python_operator']) retrieved from /home/airflow/.local/lib/python3.7/site-packages/airflow/example_dags/example_python_operator.py
[2022-07-24 09:33:42,055] {logging_mixin.py:109} INFO - [2022-07-24 09:33:42,055] {dag.py:2396} INFO - Sync 1 DAGs
[2022-07-24 09:33:42,066] {logging_mixin.py:109} INFO - [2022-07-24 09:33:42,066] {dag.py:2935} INFO - Setting next_dagrun for example_python_operator to None
[2022-07-24 09:33:42,071] {processor.py:171} INFO - Processing /home/airflow/.local/lib/python3.7/site-packages/airflow/example_dags/example_python_operator.py took 0.087 seconds
[2022-07-24 09:34:12,183] {processor.py:163} INFO - Started process (PID=664) to work on /home/airflow/.local/lib/python3.7/site-packages/airflow/example_dags/example_python_operator.py
[2022-07-24 09:34:12,184] {processor.py:642} INFO - Processing file /home/airflow/.local/lib/python3.7/site-packages/airflow/example_dags/example_python_operator.py for tasks to queue
[2022-07-24 09:34:12,185] {logging_mixin.py:109} INFO - [2022-07-24 09:34:12,184] {dagbag.py:500} INFO - Filling up the DagBag from /home/airflow/.local/lib/python3.7/site-packages/airflow/example_dags/example_python_operator.py
[2022-07-24 09:34:12,204] {processor.py:654} INFO - DAG(s) dict_keys(['example_python_operator']) retrieved from /home/airflow/.local/lib/python3.7/site-packages/airflow/example_dags/example_python_operator.py
[2022-07-24 09:34:12,211] {logging_mixin.py:109} INFO - [2022-07-24 09:34:12,210] {dag.py:2396} INFO - Sync 1 DAGs
[2022-07-24 09:34:12,221] {logging_mixin.py:109} INFO - [2022-07-24 09:34:12,221] {dag.py:2935} INFO - Setting next_dagrun for example_python_operator to None
[2022-07-24 09:34:12,226] {processor.py:171} INFO - Processing /home/airflow/.local/lib/python3.7/site-packages/airflow/example_dags/example_python_operator.py took 0.046 seconds
