[2022-07-24 09:28:32,636] {processor.py:163} INFO - Started process (PID=51) to work on /home/airflow/.local/lib/python3.7/site-packages/airflow/example_dags/example_branch_operator.py
[2022-07-24 09:28:32,636] {processor.py:642} INFO - Processing file /home/airflow/.local/lib/python3.7/site-packages/airflow/example_dags/example_branch_operator.py for tasks to queue
[2022-07-24 09:28:32,636] {logging_mixin.py:109} INFO - [2022-07-24 09:28:32,636] {dagbag.py:500} INFO - Filling up the DagBag from /home/airflow/.local/lib/python3.7/site-packages/airflow/example_dags/example_branch_operator.py
[2022-07-24 09:28:32,653] {processor.py:654} INFO - DAG(s) dict_keys(['example_branch_operator']) retrieved from /home/airflow/.local/lib/python3.7/site-packages/airflow/example_dags/example_branch_operator.py
[2022-07-24 09:28:32,662] {logging_mixin.py:109} INFO - [2022-07-24 09:28:32,662] {dag.py:2396} INFO - Sync 1 DAGs
[2022-07-24 09:28:32,675] {logging_mixin.py:109} INFO - [2022-07-24 09:28:32,675] {dag.py:2935} INFO - Setting next_dagrun for example_branch_operator to 2022-07-23 00:00:00+00:00
[2022-07-24 09:28:32,681] {processor.py:171} INFO - Processing /home/airflow/.local/lib/python3.7/site-packages/airflow/example_dags/example_branch_operator.py took 0.047 seconds
[2022-07-24 09:29:03,616] {processor.py:163} INFO - Started process (PID=110) to work on /home/airflow/.local/lib/python3.7/site-packages/airflow/example_dags/example_branch_operator.py
[2022-07-24 09:29:03,617] {processor.py:642} INFO - Processing file /home/airflow/.local/lib/python3.7/site-packages/airflow/example_dags/example_branch_operator.py for tasks to queue
[2022-07-24 09:29:03,617] {logging_mixin.py:109} INFO - [2022-07-24 09:29:03,617] {dagbag.py:500} INFO - Filling up the DagBag from /home/airflow/.local/lib/python3.7/site-packages/airflow/example_dags/example_branch_operator.py
[2022-07-24 09:29:03,636] {processor.py:654} INFO - DAG(s) dict_keys(['example_branch_operator']) retrieved from /home/airflow/.local/lib/python3.7/site-packages/airflow/example_dags/example_branch_operator.py
[2022-07-24 09:29:03,643] {logging_mixin.py:109} INFO - [2022-07-24 09:29:03,643] {dag.py:2396} INFO - Sync 1 DAGs
[2022-07-24 09:29:03,654] {logging_mixin.py:109} INFO - [2022-07-24 09:29:03,654] {dag.py:2935} INFO - Setting next_dagrun for example_branch_operator to 2022-07-23 00:00:00+00:00
[2022-07-24 09:29:03,659] {processor.py:171} INFO - Processing /home/airflow/.local/lib/python3.7/site-packages/airflow/example_dags/example_branch_operator.py took 0.045 seconds
[2022-07-24 09:29:34,293] {processor.py:163} INFO - Started process (PID=160) to work on /home/airflow/.local/lib/python3.7/site-packages/airflow/example_dags/example_branch_operator.py
[2022-07-24 09:29:34,294] {processor.py:642} INFO - Processing file /home/airflow/.local/lib/python3.7/site-packages/airflow/example_dags/example_branch_operator.py for tasks to queue
[2022-07-24 09:29:34,294] {logging_mixin.py:109} INFO - [2022-07-24 09:29:34,294] {dagbag.py:500} INFO - Filling up the DagBag from /home/airflow/.local/lib/python3.7/site-packages/airflow/example_dags/example_branch_operator.py
[2022-07-24 09:29:34,315] {processor.py:654} INFO - DAG(s) dict_keys(['example_branch_operator']) retrieved from /home/airflow/.local/lib/python3.7/site-packages/airflow/example_dags/example_branch_operator.py
[2022-07-24 09:29:34,323] {logging_mixin.py:109} INFO - [2022-07-24 09:29:34,323] {dag.py:2396} INFO - Sync 1 DAGs
[2022-07-24 09:29:34,336] {logging_mixin.py:109} INFO - [2022-07-24 09:29:34,336] {dag.py:2935} INFO - Setting next_dagrun for example_branch_operator to 2022-07-23 00:00:00+00:00
[2022-07-24 09:29:34,342] {processor.py:171} INFO - Processing /home/airflow/.local/lib/python3.7/site-packages/airflow/example_dags/example_branch_operator.py took 0.051 seconds
[2022-07-24 09:30:04,515] {processor.py:163} INFO - Started process (PID=219) to work on /home/airflow/.local/lib/python3.7/site-packages/airflow/example_dags/example_branch_operator.py
[2022-07-24 09:30:04,516] {processor.py:642} INFO - Processing file /home/airflow/.local/lib/python3.7/site-packages/airflow/example_dags/example_branch_operator.py for tasks to queue
[2022-07-24 09:30:04,516] {logging_mixin.py:109} INFO - [2022-07-24 09:30:04,516] {dagbag.py:500} INFO - Filling up the DagBag from /home/airflow/.local/lib/python3.7/site-packages/airflow/example_dags/example_branch_operator.py
[2022-07-24 09:30:04,540] {processor.py:654} INFO - DAG(s) dict_keys(['example_branch_operator']) retrieved from /home/airflow/.local/lib/python3.7/site-packages/airflow/example_dags/example_branch_operator.py
[2022-07-24 09:30:04,549] {logging_mixin.py:109} INFO - [2022-07-24 09:30:04,549] {dag.py:2396} INFO - Sync 1 DAGs
[2022-07-24 09:30:04,563] {logging_mixin.py:109} INFO - [2022-07-24 09:30:04,563] {dag.py:2935} INFO - Setting next_dagrun for example_branch_operator to 2022-07-23 00:00:00+00:00
[2022-07-24 09:30:04,569] {processor.py:171} INFO - Processing /home/airflow/.local/lib/python3.7/site-packages/airflow/example_dags/example_branch_operator.py took 0.056 seconds
[2022-07-24 09:30:35,225] {processor.py:163} INFO - Started process (PID=269) to work on /home/airflow/.local/lib/python3.7/site-packages/airflow/example_dags/example_branch_operator.py
[2022-07-24 09:30:35,225] {processor.py:642} INFO - Processing file /home/airflow/.local/lib/python3.7/site-packages/airflow/example_dags/example_branch_operator.py for tasks to queue
[2022-07-24 09:30:35,226] {logging_mixin.py:109} INFO - [2022-07-24 09:30:35,226] {dagbag.py:500} INFO - Filling up the DagBag from /home/airflow/.local/lib/python3.7/site-packages/airflow/example_dags/example_branch_operator.py
[2022-07-24 09:30:35,244] {processor.py:654} INFO - DAG(s) dict_keys(['example_branch_operator']) retrieved from /home/airflow/.local/lib/python3.7/site-packages/airflow/example_dags/example_branch_operator.py
[2022-07-24 09:30:35,251] {logging_mixin.py:109} INFO - [2022-07-24 09:30:35,251] {dag.py:2396} INFO - Sync 1 DAGs
[2022-07-24 09:30:35,263] {logging_mixin.py:109} INFO - [2022-07-24 09:30:35,263] {dag.py:2935} INFO - Setting next_dagrun for example_branch_operator to 2022-07-23 00:00:00+00:00
[2022-07-24 09:30:35,270] {processor.py:171} INFO - Processing /home/airflow/.local/lib/python3.7/site-packages/airflow/example_dags/example_branch_operator.py took 0.047 seconds
[2022-07-24 09:31:06,142] {processor.py:163} INFO - Started process (PID=328) to work on /home/airflow/.local/lib/python3.7/site-packages/airflow/example_dags/example_branch_operator.py
[2022-07-24 09:31:06,143] {processor.py:642} INFO - Processing file /home/airflow/.local/lib/python3.7/site-packages/airflow/example_dags/example_branch_operator.py for tasks to queue
[2022-07-24 09:31:06,143] {logging_mixin.py:109} INFO - [2022-07-24 09:31:06,143] {dagbag.py:500} INFO - Filling up the DagBag from /home/airflow/.local/lib/python3.7/site-packages/airflow/example_dags/example_branch_operator.py
[2022-07-24 09:31:06,163] {processor.py:654} INFO - DAG(s) dict_keys(['example_branch_operator']) retrieved from /home/airflow/.local/lib/python3.7/site-packages/airflow/example_dags/example_branch_operator.py
[2022-07-24 09:31:06,174] {logging_mixin.py:109} INFO - [2022-07-24 09:31:06,174] {dag.py:2396} INFO - Sync 1 DAGs
[2022-07-24 09:31:06,228] {logging_mixin.py:109} INFO - [2022-07-24 09:31:06,228] {dag.py:2935} INFO - Setting next_dagrun for example_branch_operator to 2022-07-23 00:00:00+00:00
[2022-07-24 09:31:06,238] {processor.py:171} INFO - Processing /home/airflow/.local/lib/python3.7/site-packages/airflow/example_dags/example_branch_operator.py took 0.099 seconds
[2022-07-24 09:31:36,859] {processor.py:163} INFO - Started process (PID=387) to work on /home/airflow/.local/lib/python3.7/site-packages/airflow/example_dags/example_branch_operator.py
[2022-07-24 09:31:36,860] {processor.py:642} INFO - Processing file /home/airflow/.local/lib/python3.7/site-packages/airflow/example_dags/example_branch_operator.py for tasks to queue
[2022-07-24 09:31:36,860] {logging_mixin.py:109} INFO - [2022-07-24 09:31:36,860] {dagbag.py:500} INFO - Filling up the DagBag from /home/airflow/.local/lib/python3.7/site-packages/airflow/example_dags/example_branch_operator.py
[2022-07-24 09:31:36,924] {processor.py:654} INFO - DAG(s) dict_keys(['example_branch_operator']) retrieved from /home/airflow/.local/lib/python3.7/site-packages/airflow/example_dags/example_branch_operator.py
[2022-07-24 09:31:36,936] {logging_mixin.py:109} INFO - [2022-07-24 09:31:36,936] {dag.py:2396} INFO - Sync 1 DAGs
[2022-07-24 09:31:36,954] {logging_mixin.py:109} INFO - [2022-07-24 09:31:36,954] {dag.py:2935} INFO - Setting next_dagrun for example_branch_operator to 2022-07-23 00:00:00+00:00
[2022-07-24 09:31:36,963] {processor.py:171} INFO - Processing /home/airflow/.local/lib/python3.7/site-packages/airflow/example_dags/example_branch_operator.py took 0.106 seconds
[2022-07-24 09:32:07,197] {processor.py:163} INFO - Started process (PID=437) to work on /home/airflow/.local/lib/python3.7/site-packages/airflow/example_dags/example_branch_operator.py
[2022-07-24 09:32:07,198] {processor.py:642} INFO - Processing file /home/airflow/.local/lib/python3.7/site-packages/airflow/example_dags/example_branch_operator.py for tasks to queue
[2022-07-24 09:32:07,198] {logging_mixin.py:109} INFO - [2022-07-24 09:32:07,198] {dagbag.py:500} INFO - Filling up the DagBag from /home/airflow/.local/lib/python3.7/site-packages/airflow/example_dags/example_branch_operator.py
[2022-07-24 09:32:07,216] {processor.py:654} INFO - DAG(s) dict_keys(['example_branch_operator']) retrieved from /home/airflow/.local/lib/python3.7/site-packages/airflow/example_dags/example_branch_operator.py
[2022-07-24 09:32:07,224] {logging_mixin.py:109} INFO - [2022-07-24 09:32:07,224] {dag.py:2396} INFO - Sync 1 DAGs
[2022-07-24 09:32:07,236] {logging_mixin.py:109} INFO - [2022-07-24 09:32:07,236] {dag.py:2935} INFO - Setting next_dagrun for example_branch_operator to 2022-07-23 00:00:00+00:00
[2022-07-24 09:32:07,241] {processor.py:171} INFO - Processing /home/airflow/.local/lib/python3.7/site-packages/airflow/example_dags/example_branch_operator.py took 0.046 seconds
[2022-07-24 09:32:37,647] {processor.py:163} INFO - Started process (PID=496) to work on /home/airflow/.local/lib/python3.7/site-packages/airflow/example_dags/example_branch_operator.py
[2022-07-24 09:32:37,648] {processor.py:642} INFO - Processing file /home/airflow/.local/lib/python3.7/site-packages/airflow/example_dags/example_branch_operator.py for tasks to queue
[2022-07-24 09:32:37,648] {logging_mixin.py:109} INFO - [2022-07-24 09:32:37,648] {dagbag.py:500} INFO - Filling up the DagBag from /home/airflow/.local/lib/python3.7/site-packages/airflow/example_dags/example_branch_operator.py
[2022-07-24 09:32:37,669] {processor.py:654} INFO - DAG(s) dict_keys(['example_branch_operator']) retrieved from /home/airflow/.local/lib/python3.7/site-packages/airflow/example_dags/example_branch_operator.py
[2022-07-24 09:32:37,677] {logging_mixin.py:109} INFO - [2022-07-24 09:32:37,677] {dag.py:2396} INFO - Sync 1 DAGs
[2022-07-24 09:32:37,726] {logging_mixin.py:109} INFO - [2022-07-24 09:32:37,726] {dag.py:2935} INFO - Setting next_dagrun for example_branch_operator to 2022-07-23 00:00:00+00:00
[2022-07-24 09:32:37,732] {processor.py:171} INFO - Processing /home/airflow/.local/lib/python3.7/site-packages/airflow/example_dags/example_branch_operator.py took 0.087 seconds
[2022-07-24 09:33:07,762] {processor.py:163} INFO - Started process (PID=546) to work on /home/airflow/.local/lib/python3.7/site-packages/airflow/example_dags/example_branch_operator.py
[2022-07-24 09:33:07,762] {processor.py:642} INFO - Processing file /home/airflow/.local/lib/python3.7/site-packages/airflow/example_dags/example_branch_operator.py for tasks to queue
[2022-07-24 09:33:07,763] {logging_mixin.py:109} INFO - [2022-07-24 09:33:07,763] {dagbag.py:500} INFO - Filling up the DagBag from /home/airflow/.local/lib/python3.7/site-packages/airflow/example_dags/example_branch_operator.py
[2022-07-24 09:33:07,781] {processor.py:654} INFO - DAG(s) dict_keys(['example_branch_operator']) retrieved from /home/airflow/.local/lib/python3.7/site-packages/airflow/example_dags/example_branch_operator.py
[2022-07-24 09:33:07,789] {logging_mixin.py:109} INFO - [2022-07-24 09:33:07,789] {dag.py:2396} INFO - Sync 1 DAGs
[2022-07-24 09:33:07,801] {logging_mixin.py:109} INFO - [2022-07-24 09:33:07,801] {dag.py:2935} INFO - Setting next_dagrun for example_branch_operator to 2022-07-23 00:00:00+00:00
[2022-07-24 09:33:07,806] {processor.py:171} INFO - Processing /home/airflow/.local/lib/python3.7/site-packages/airflow/example_dags/example_branch_operator.py took 0.046 seconds
[2022-07-24 09:33:38,338] {processor.py:163} INFO - Started process (PID=605) to work on /home/airflow/.local/lib/python3.7/site-packages/airflow/example_dags/example_branch_operator.py
[2022-07-24 09:33:38,339] {processor.py:642} INFO - Processing file /home/airflow/.local/lib/python3.7/site-packages/airflow/example_dags/example_branch_operator.py for tasks to queue
[2022-07-24 09:33:38,340] {logging_mixin.py:109} INFO - [2022-07-24 09:33:38,339] {dagbag.py:500} INFO - Filling up the DagBag from /home/airflow/.local/lib/python3.7/site-packages/airflow/example_dags/example_branch_operator.py
[2022-07-24 09:33:38,359] {processor.py:654} INFO - DAG(s) dict_keys(['example_branch_operator']) retrieved from /home/airflow/.local/lib/python3.7/site-packages/airflow/example_dags/example_branch_operator.py
[2022-07-24 09:33:38,431] {logging_mixin.py:109} INFO - [2022-07-24 09:33:38,431] {dag.py:2396} INFO - Sync 1 DAGs
[2022-07-24 09:33:38,444] {logging_mixin.py:109} INFO - [2022-07-24 09:33:38,444] {dag.py:2935} INFO - Setting next_dagrun for example_branch_operator to 2022-07-23 00:00:00+00:00
[2022-07-24 09:33:38,450] {processor.py:171} INFO - Processing /home/airflow/.local/lib/python3.7/site-packages/airflow/example_dags/example_branch_operator.py took 0.113 seconds
[2022-07-24 09:34:08,944] {processor.py:163} INFO - Started process (PID=655) to work on /home/airflow/.local/lib/python3.7/site-packages/airflow/example_dags/example_branch_operator.py
[2022-07-24 09:34:08,945] {processor.py:642} INFO - Processing file /home/airflow/.local/lib/python3.7/site-packages/airflow/example_dags/example_branch_operator.py for tasks to queue
[2022-07-24 09:34:08,945] {logging_mixin.py:109} INFO - [2022-07-24 09:34:08,945] {dagbag.py:500} INFO - Filling up the DagBag from /home/airflow/.local/lib/python3.7/site-packages/airflow/example_dags/example_branch_operator.py
[2022-07-24 09:34:08,964] {processor.py:654} INFO - DAG(s) dict_keys(['example_branch_operator']) retrieved from /home/airflow/.local/lib/python3.7/site-packages/airflow/example_dags/example_branch_operator.py
[2022-07-24 09:34:08,971] {logging_mixin.py:109} INFO - [2022-07-24 09:34:08,971] {dag.py:2396} INFO - Sync 1 DAGs
[2022-07-24 09:34:08,984] {logging_mixin.py:109} INFO - [2022-07-24 09:34:08,984] {dag.py:2935} INFO - Setting next_dagrun for example_branch_operator to 2022-07-23 00:00:00+00:00
[2022-07-24 09:34:08,990] {processor.py:171} INFO - Processing /home/airflow/.local/lib/python3.7/site-packages/airflow/example_dags/example_branch_operator.py took 0.049 seconds
