[2022-07-24 09:28:32,880] {processor.py:163} INFO - Started process (PID=56) to work on /home/airflow/.local/lib/python3.7/site-packages/airflow/example_dags/example_kubernetes_executor.py
[2022-07-24 09:28:32,881] {processor.py:642} INFO - Processing file /home/airflow/.local/lib/python3.7/site-packages/airflow/example_dags/example_kubernetes_executor.py for tasks to queue
[2022-07-24 09:28:32,881] {logging_mixin.py:109} INFO - [2022-07-24 09:28:32,881] {dagbag.py:500} INFO - Filling up the DagBag from /home/airflow/.local/lib/python3.7/site-packages/airflow/example_dags/example_kubernetes_executor.py
[2022-07-24 09:28:32,902] {processor.py:654} INFO - DAG(s) dict_keys(['example_kubernetes_executor']) retrieved from /home/airflow/.local/lib/python3.7/site-packages/airflow/example_dags/example_kubernetes_executor.py
[2022-07-24 09:28:32,911] {logging_mixin.py:109} INFO - [2022-07-24 09:28:32,910] {dag.py:2396} INFO - Sync 1 DAGs
[2022-07-24 09:28:32,921] {logging_mixin.py:109} INFO - [2022-07-24 09:28:32,921] {dag.py:2935} INFO - Setting next_dagrun for example_kubernetes_executor to None
[2022-07-24 09:28:32,927] {processor.py:171} INFO - Processing /home/airflow/.local/lib/python3.7/site-packages/airflow/example_dags/example_kubernetes_executor.py took 0.049 seconds
[2022-07-24 09:29:03,859] {processor.py:163} INFO - Started process (PID=115) to work on /home/airflow/.local/lib/python3.7/site-packages/airflow/example_dags/example_kubernetes_executor.py
[2022-07-24 09:29:03,860] {processor.py:642} INFO - Processing file /home/airflow/.local/lib/python3.7/site-packages/airflow/example_dags/example_kubernetes_executor.py for tasks to queue
[2022-07-24 09:29:03,860] {logging_mixin.py:109} INFO - [2022-07-24 09:29:03,860] {dagbag.py:500} INFO - Filling up the DagBag from /home/airflow/.local/lib/python3.7/site-packages/airflow/example_dags/example_kubernetes_executor.py
[2022-07-24 09:29:03,882] {processor.py:654} INFO - DAG(s) dict_keys(['example_kubernetes_executor']) retrieved from /home/airflow/.local/lib/python3.7/site-packages/airflow/example_dags/example_kubernetes_executor.py
[2022-07-24 09:29:03,891] {logging_mixin.py:109} INFO - [2022-07-24 09:29:03,891] {dag.py:2396} INFO - Sync 1 DAGs
[2022-07-24 09:29:03,901] {logging_mixin.py:109} INFO - [2022-07-24 09:29:03,901] {dag.py:2935} INFO - Setting next_dagrun for example_kubernetes_executor to None
[2022-07-24 09:29:03,907] {processor.py:171} INFO - Processing /home/airflow/.local/lib/python3.7/site-packages/airflow/example_dags/example_kubernetes_executor.py took 0.050 seconds
[2022-07-24 09:29:34,730] {processor.py:163} INFO - Started process (PID=165) to work on /home/airflow/.local/lib/python3.7/site-packages/airflow/example_dags/example_kubernetes_executor.py
[2022-07-24 09:29:34,731] {processor.py:642} INFO - Processing file /home/airflow/.local/lib/python3.7/site-packages/airflow/example_dags/example_kubernetes_executor.py for tasks to queue
[2022-07-24 09:29:34,731] {logging_mixin.py:109} INFO - [2022-07-24 09:29:34,731] {dagbag.py:500} INFO - Filling up the DagBag from /home/airflow/.local/lib/python3.7/site-packages/airflow/example_dags/example_kubernetes_executor.py
[2022-07-24 09:29:34,753] {processor.py:654} INFO - DAG(s) dict_keys(['example_kubernetes_executor']) retrieved from /home/airflow/.local/lib/python3.7/site-packages/airflow/example_dags/example_kubernetes_executor.py
[2022-07-24 09:29:34,764] {logging_mixin.py:109} INFO - [2022-07-24 09:29:34,764] {dag.py:2396} INFO - Sync 1 DAGs
[2022-07-24 09:29:34,776] {logging_mixin.py:109} INFO - [2022-07-24 09:29:34,776] {dag.py:2935} INFO - Setting next_dagrun for example_kubernetes_executor to None
[2022-07-24 09:29:34,782] {processor.py:171} INFO - Processing /home/airflow/.local/lib/python3.7/site-packages/airflow/example_dags/example_kubernetes_executor.py took 0.055 seconds
[2022-07-24 09:30:05,647] {processor.py:163} INFO - Started process (PID=224) to work on /home/airflow/.local/lib/python3.7/site-packages/airflow/example_dags/example_kubernetes_executor.py
[2022-07-24 09:30:05,648] {processor.py:642} INFO - Processing file /home/airflow/.local/lib/python3.7/site-packages/airflow/example_dags/example_kubernetes_executor.py for tasks to queue
[2022-07-24 09:30:05,648] {logging_mixin.py:109} INFO - [2022-07-24 09:30:05,648] {dagbag.py:500} INFO - Filling up the DagBag from /home/airflow/.local/lib/python3.7/site-packages/airflow/example_dags/example_kubernetes_executor.py
[2022-07-24 09:30:05,672] {processor.py:654} INFO - DAG(s) dict_keys(['example_kubernetes_executor']) retrieved from /home/airflow/.local/lib/python3.7/site-packages/airflow/example_dags/example_kubernetes_executor.py
[2022-07-24 09:30:05,685] {logging_mixin.py:109} INFO - [2022-07-24 09:30:05,685] {dag.py:2396} INFO - Sync 1 DAGs
[2022-07-24 09:30:05,702] {logging_mixin.py:109} INFO - [2022-07-24 09:30:05,702] {dag.py:2935} INFO - Setting next_dagrun for example_kubernetes_executor to None
[2022-07-24 09:30:05,710] {processor.py:171} INFO - Processing /home/airflow/.local/lib/python3.7/site-packages/airflow/example_dags/example_kubernetes_executor.py took 0.065 seconds
[2022-07-24 09:30:36,394] {processor.py:163} INFO - Started process (PID=283) to work on /home/airflow/.local/lib/python3.7/site-packages/airflow/example_dags/example_kubernetes_executor.py
[2022-07-24 09:30:36,395] {processor.py:642} INFO - Processing file /home/airflow/.local/lib/python3.7/site-packages/airflow/example_dags/example_kubernetes_executor.py for tasks to queue
[2022-07-24 09:30:36,395] {logging_mixin.py:109} INFO - [2022-07-24 09:30:36,395] {dagbag.py:500} INFO - Filling up the DagBag from /home/airflow/.local/lib/python3.7/site-packages/airflow/example_dags/example_kubernetes_executor.py
[2022-07-24 09:30:36,421] {processor.py:654} INFO - DAG(s) dict_keys(['example_kubernetes_executor']) retrieved from /home/airflow/.local/lib/python3.7/site-packages/airflow/example_dags/example_kubernetes_executor.py
[2022-07-24 09:30:36,431] {logging_mixin.py:109} INFO - [2022-07-24 09:30:36,430] {dag.py:2396} INFO - Sync 1 DAGs
[2022-07-24 09:30:36,442] {logging_mixin.py:109} INFO - [2022-07-24 09:30:36,442] {dag.py:2935} INFO - Setting next_dagrun for example_kubernetes_executor to None
[2022-07-24 09:30:36,448] {processor.py:171} INFO - Processing /home/airflow/.local/lib/python3.7/site-packages/airflow/example_dags/example_kubernetes_executor.py took 0.055 seconds
[2022-07-24 09:31:07,441] {processor.py:163} INFO - Started process (PID=333) to work on /home/airflow/.local/lib/python3.7/site-packages/airflow/example_dags/example_kubernetes_executor.py
[2022-07-24 09:31:07,442] {processor.py:642} INFO - Processing file /home/airflow/.local/lib/python3.7/site-packages/airflow/example_dags/example_kubernetes_executor.py for tasks to queue
[2022-07-24 09:31:07,442] {logging_mixin.py:109} INFO - [2022-07-24 09:31:07,442] {dagbag.py:500} INFO - Filling up the DagBag from /home/airflow/.local/lib/python3.7/site-packages/airflow/example_dags/example_kubernetes_executor.py
[2022-07-24 09:31:07,466] {processor.py:654} INFO - DAG(s) dict_keys(['example_kubernetes_executor']) retrieved from /home/airflow/.local/lib/python3.7/site-packages/airflow/example_dags/example_kubernetes_executor.py
[2022-07-24 09:31:07,539] {logging_mixin.py:109} INFO - [2022-07-24 09:31:07,539] {dag.py:2396} INFO - Sync 1 DAGs
[2022-07-24 09:31:07,558] {logging_mixin.py:109} INFO - [2022-07-24 09:31:07,558] {dag.py:2935} INFO - Setting next_dagrun for example_kubernetes_executor to None
[2022-07-24 09:31:07,570] {processor.py:171} INFO - Processing /home/airflow/.local/lib/python3.7/site-packages/airflow/example_dags/example_kubernetes_executor.py took 0.131 seconds
[2022-07-24 09:31:38,246] {processor.py:163} INFO - Started process (PID=392) to work on /home/airflow/.local/lib/python3.7/site-packages/airflow/example_dags/example_kubernetes_executor.py
[2022-07-24 09:31:38,249] {processor.py:642} INFO - Processing file /home/airflow/.local/lib/python3.7/site-packages/airflow/example_dags/example_kubernetes_executor.py for tasks to queue
[2022-07-24 09:31:38,251] {logging_mixin.py:109} INFO - [2022-07-24 09:31:38,250] {dagbag.py:500} INFO - Filling up the DagBag from /home/airflow/.local/lib/python3.7/site-packages/airflow/example_dags/example_kubernetes_executor.py
[2022-07-24 09:31:38,346] {processor.py:654} INFO - DAG(s) dict_keys(['example_kubernetes_executor']) retrieved from /home/airflow/.local/lib/python3.7/site-packages/airflow/example_dags/example_kubernetes_executor.py
[2022-07-24 09:31:38,422] {logging_mixin.py:109} INFO - [2022-07-24 09:31:38,422] {dag.py:2396} INFO - Sync 1 DAGs
[2022-07-24 09:31:38,436] {logging_mixin.py:109} INFO - [2022-07-24 09:31:38,436] {dag.py:2935} INFO - Setting next_dagrun for example_kubernetes_executor to None
[2022-07-24 09:31:38,443] {processor.py:171} INFO - Processing /home/airflow/.local/lib/python3.7/site-packages/airflow/example_dags/example_kubernetes_executor.py took 0.200 seconds
[2022-07-24 09:32:09,323] {processor.py:163} INFO - Started process (PID=442) to work on /home/airflow/.local/lib/python3.7/site-packages/airflow/example_dags/example_kubernetes_executor.py
[2022-07-24 09:32:09,323] {processor.py:642} INFO - Processing file /home/airflow/.local/lib/python3.7/site-packages/airflow/example_dags/example_kubernetes_executor.py for tasks to queue
[2022-07-24 09:32:09,324] {logging_mixin.py:109} INFO - [2022-07-24 09:32:09,324] {dagbag.py:500} INFO - Filling up the DagBag from /home/airflow/.local/lib/python3.7/site-packages/airflow/example_dags/example_kubernetes_executor.py
[2022-07-24 09:32:09,345] {processor.py:654} INFO - DAG(s) dict_keys(['example_kubernetes_executor']) retrieved from /home/airflow/.local/lib/python3.7/site-packages/airflow/example_dags/example_kubernetes_executor.py
[2022-07-24 09:32:09,353] {logging_mixin.py:109} INFO - [2022-07-24 09:32:09,353] {dag.py:2396} INFO - Sync 1 DAGs
[2022-07-24 09:32:09,364] {logging_mixin.py:109} INFO - [2022-07-24 09:32:09,364] {dag.py:2935} INFO - Setting next_dagrun for example_kubernetes_executor to None
[2022-07-24 09:32:09,370] {processor.py:171} INFO - Processing /home/airflow/.local/lib/python3.7/site-packages/airflow/example_dags/example_kubernetes_executor.py took 0.049 seconds
[2022-07-24 09:32:39,840] {processor.py:163} INFO - Started process (PID=501) to work on /home/airflow/.local/lib/python3.7/site-packages/airflow/example_dags/example_kubernetes_executor.py
[2022-07-24 09:32:39,841] {processor.py:642} INFO - Processing file /home/airflow/.local/lib/python3.7/site-packages/airflow/example_dags/example_kubernetes_executor.py for tasks to queue
[2022-07-24 09:32:39,841] {logging_mixin.py:109} INFO - [2022-07-24 09:32:39,841] {dagbag.py:500} INFO - Filling up the DagBag from /home/airflow/.local/lib/python3.7/site-packages/airflow/example_dags/example_kubernetes_executor.py
[2022-07-24 09:32:39,864] {processor.py:654} INFO - DAG(s) dict_keys(['example_kubernetes_executor']) retrieved from /home/airflow/.local/lib/python3.7/site-packages/airflow/example_dags/example_kubernetes_executor.py
[2022-07-24 09:32:39,873] {logging_mixin.py:109} INFO - [2022-07-24 09:32:39,873] {dag.py:2396} INFO - Sync 1 DAGs
[2022-07-24 09:32:39,884] {logging_mixin.py:109} INFO - [2022-07-24 09:32:39,884] {dag.py:2935} INFO - Setting next_dagrun for example_kubernetes_executor to None
[2022-07-24 09:32:39,890] {processor.py:171} INFO - Processing /home/airflow/.local/lib/python3.7/site-packages/airflow/example_dags/example_kubernetes_executor.py took 0.051 seconds
[2022-07-24 09:33:09,932] {processor.py:163} INFO - Started process (PID=550) to work on /home/airflow/.local/lib/python3.7/site-packages/airflow/example_dags/example_kubernetes_executor.py
[2022-07-24 09:33:09,933] {processor.py:642} INFO - Processing file /home/airflow/.local/lib/python3.7/site-packages/airflow/example_dags/example_kubernetes_executor.py for tasks to queue
[2022-07-24 09:33:09,934] {logging_mixin.py:109} INFO - [2022-07-24 09:33:09,934] {dagbag.py:500} INFO - Filling up the DagBag from /home/airflow/.local/lib/python3.7/site-packages/airflow/example_dags/example_kubernetes_executor.py
[2022-07-24 09:33:09,956] {processor.py:654} INFO - DAG(s) dict_keys(['example_kubernetes_executor']) retrieved from /home/airflow/.local/lib/python3.7/site-packages/airflow/example_dags/example_kubernetes_executor.py
[2022-07-24 09:33:09,965] {logging_mixin.py:109} INFO - [2022-07-24 09:33:09,965] {dag.py:2396} INFO - Sync 1 DAGs
[2022-07-24 09:33:09,976] {logging_mixin.py:109} INFO - [2022-07-24 09:33:09,976] {dag.py:2935} INFO - Setting next_dagrun for example_kubernetes_executor to None
[2022-07-24 09:33:09,983] {processor.py:171} INFO - Processing /home/airflow/.local/lib/python3.7/site-packages/airflow/example_dags/example_kubernetes_executor.py took 0.053 seconds
[2022-07-24 09:33:40,667] {processor.py:163} INFO - Started process (PID=609) to work on /home/airflow/.local/lib/python3.7/site-packages/airflow/example_dags/example_kubernetes_executor.py
[2022-07-24 09:33:40,668] {processor.py:642} INFO - Processing file /home/airflow/.local/lib/python3.7/site-packages/airflow/example_dags/example_kubernetes_executor.py for tasks to queue
[2022-07-24 09:33:40,668] {logging_mixin.py:109} INFO - [2022-07-24 09:33:40,668] {dagbag.py:500} INFO - Filling up the DagBag from /home/airflow/.local/lib/python3.7/site-packages/airflow/example_dags/example_kubernetes_executor.py
[2022-07-24 09:33:40,724] {processor.py:654} INFO - DAG(s) dict_keys(['example_kubernetes_executor']) retrieved from /home/airflow/.local/lib/python3.7/site-packages/airflow/example_dags/example_kubernetes_executor.py
[2022-07-24 09:33:40,734] {logging_mixin.py:109} INFO - [2022-07-24 09:33:40,734] {dag.py:2396} INFO - Sync 1 DAGs
[2022-07-24 09:33:40,744] {logging_mixin.py:109} INFO - [2022-07-24 09:33:40,744] {dag.py:2935} INFO - Setting next_dagrun for example_kubernetes_executor to None
[2022-07-24 09:33:40,750] {processor.py:171} INFO - Processing /home/airflow/.local/lib/python3.7/site-packages/airflow/example_dags/example_kubernetes_executor.py took 0.085 seconds
[2022-07-24 09:34:11,067] {processor.py:163} INFO - Started process (PID=659) to work on /home/airflow/.local/lib/python3.7/site-packages/airflow/example_dags/example_kubernetes_executor.py
[2022-07-24 09:34:11,068] {processor.py:642} INFO - Processing file /home/airflow/.local/lib/python3.7/site-packages/airflow/example_dags/example_kubernetes_executor.py for tasks to queue
[2022-07-24 09:34:11,068] {logging_mixin.py:109} INFO - [2022-07-24 09:34:11,068] {dagbag.py:500} INFO - Filling up the DagBag from /home/airflow/.local/lib/python3.7/site-packages/airflow/example_dags/example_kubernetes_executor.py
[2022-07-24 09:34:11,089] {processor.py:654} INFO - DAG(s) dict_keys(['example_kubernetes_executor']) retrieved from /home/airflow/.local/lib/python3.7/site-packages/airflow/example_dags/example_kubernetes_executor.py
[2022-07-24 09:34:11,098] {logging_mixin.py:109} INFO - [2022-07-24 09:34:11,097] {dag.py:2396} INFO - Sync 1 DAGs
[2022-07-24 09:34:11,109] {logging_mixin.py:109} INFO - [2022-07-24 09:34:11,108] {dag.py:2935} INFO - Setting next_dagrun for example_kubernetes_executor to None
[2022-07-24 09:34:11,114] {processor.py:171} INFO - Processing /home/airflow/.local/lib/python3.7/site-packages/airflow/example_dags/example_kubernetes_executor.py took 0.049 seconds
