[2022-07-24 09:28:33,275] {processor.py:163} INFO - Started process (PID=64) to work on /home/airflow/.local/lib/python3.7/site-packages/airflow/example_dags/example_sla_dag.py
[2022-07-24 09:28:33,275] {processor.py:642} INFO - Processing file /home/airflow/.local/lib/python3.7/site-packages/airflow/example_dags/example_sla_dag.py for tasks to queue
[2022-07-24 09:28:33,276] {logging_mixin.py:109} INFO - [2022-07-24 09:28:33,276] {dagbag.py:500} INFO - Filling up the DagBag from /home/airflow/.local/lib/python3.7/site-packages/airflow/example_dags/example_sla_dag.py
[2022-07-24 09:28:33,333] {processor.py:654} INFO - DAG(s) dict_keys(['example_sla_dag']) retrieved from /home/airflow/.local/lib/python3.7/site-packages/airflow/example_dags/example_sla_dag.py
[2022-07-24 09:28:33,340] {logging_mixin.py:109} INFO - [2022-07-24 09:28:33,340] {dag.py:2396} INFO - Sync 1 DAGs
[2022-07-24 09:28:33,353] {logging_mixin.py:109} INFO - [2022-07-24 09:28:33,353] {dag.py:2935} INFO - Setting next_dagrun for example_sla_dag to 2022-07-24T09:26:00+00:00
[2022-07-24 09:28:33,359] {processor.py:171} INFO - Processing /home/airflow/.local/lib/python3.7/site-packages/airflow/example_dags/example_sla_dag.py took 0.087 seconds
[2022-07-24 09:29:04,145] {processor.py:163} INFO - Started process (PID=123) to work on /home/airflow/.local/lib/python3.7/site-packages/airflow/example_dags/example_sla_dag.py
[2022-07-24 09:29:04,146] {processor.py:642} INFO - Processing file /home/airflow/.local/lib/python3.7/site-packages/airflow/example_dags/example_sla_dag.py for tasks to queue
[2022-07-24 09:29:04,146] {logging_mixin.py:109} INFO - [2022-07-24 09:29:04,146] {dagbag.py:500} INFO - Filling up the DagBag from /home/airflow/.local/lib/python3.7/site-packages/airflow/example_dags/example_sla_dag.py
[2022-07-24 09:29:04,165] {processor.py:654} INFO - DAG(s) dict_keys(['example_sla_dag']) retrieved from /home/airflow/.local/lib/python3.7/site-packages/airflow/example_dags/example_sla_dag.py
[2022-07-24 09:29:04,172] {logging_mixin.py:109} INFO - [2022-07-24 09:29:04,172] {dag.py:2396} INFO - Sync 1 DAGs
[2022-07-24 09:29:04,185] {logging_mixin.py:109} INFO - [2022-07-24 09:29:04,185] {dag.py:2935} INFO - Setting next_dagrun for example_sla_dag to 2022-07-24T09:26:00+00:00
[2022-07-24 09:29:04,190] {processor.py:171} INFO - Processing /home/airflow/.local/lib/python3.7/site-packages/airflow/example_dags/example_sla_dag.py took 0.047 seconds
[2022-07-24 09:29:35,092] {processor.py:163} INFO - Started process (PID=173) to work on /home/airflow/.local/lib/python3.7/site-packages/airflow/example_dags/example_sla_dag.py
[2022-07-24 09:29:35,093] {processor.py:642} INFO - Processing file /home/airflow/.local/lib/python3.7/site-packages/airflow/example_dags/example_sla_dag.py for tasks to queue
[2022-07-24 09:29:35,093] {logging_mixin.py:109} INFO - [2022-07-24 09:29:35,093] {dagbag.py:500} INFO - Filling up the DagBag from /home/airflow/.local/lib/python3.7/site-packages/airflow/example_dags/example_sla_dag.py
[2022-07-24 09:29:35,118] {processor.py:654} INFO - DAG(s) dict_keys(['example_sla_dag']) retrieved from /home/airflow/.local/lib/python3.7/site-packages/airflow/example_dags/example_sla_dag.py
[2022-07-24 09:29:35,127] {logging_mixin.py:109} INFO - [2022-07-24 09:29:35,127] {dag.py:2396} INFO - Sync 1 DAGs
[2022-07-24 09:29:35,144] {logging_mixin.py:109} INFO - [2022-07-24 09:29:35,144] {dag.py:2935} INFO - Setting next_dagrun for example_sla_dag to 2022-07-24T09:26:00+00:00
[2022-07-24 09:29:35,151] {processor.py:171} INFO - Processing /home/airflow/.local/lib/python3.7/site-packages/airflow/example_dags/example_sla_dag.py took 0.061 seconds
[2022-07-24 09:30:06,031] {processor.py:163} INFO - Started process (PID=232) to work on /home/airflow/.local/lib/python3.7/site-packages/airflow/example_dags/example_sla_dag.py
[2022-07-24 09:30:06,032] {processor.py:642} INFO - Processing file /home/airflow/.local/lib/python3.7/site-packages/airflow/example_dags/example_sla_dag.py for tasks to queue
[2022-07-24 09:30:06,033] {logging_mixin.py:109} INFO - [2022-07-24 09:30:06,033] {dagbag.py:500} INFO - Filling up the DagBag from /home/airflow/.local/lib/python3.7/site-packages/airflow/example_dags/example_sla_dag.py
[2022-07-24 09:30:06,056] {processor.py:654} INFO - DAG(s) dict_keys(['example_sla_dag']) retrieved from /home/airflow/.local/lib/python3.7/site-packages/airflow/example_dags/example_sla_dag.py
[2022-07-24 09:30:06,064] {logging_mixin.py:109} INFO - [2022-07-24 09:30:06,064] {dag.py:2396} INFO - Sync 1 DAGs
[2022-07-24 09:30:06,081] {logging_mixin.py:109} INFO - [2022-07-24 09:30:06,080] {dag.py:2935} INFO - Setting next_dagrun for example_sla_dag to 2022-07-24T09:28:00+00:00
[2022-07-24 09:30:06,087] {processor.py:171} INFO - Processing /home/airflow/.local/lib/python3.7/site-packages/airflow/example_dags/example_sla_dag.py took 0.058 seconds
[2022-07-24 09:30:36,763] {processor.py:163} INFO - Started process (PID=291) to work on /home/airflow/.local/lib/python3.7/site-packages/airflow/example_dags/example_sla_dag.py
[2022-07-24 09:30:36,764] {processor.py:642} INFO - Processing file /home/airflow/.local/lib/python3.7/site-packages/airflow/example_dags/example_sla_dag.py for tasks to queue
[2022-07-24 09:30:36,764] {logging_mixin.py:109} INFO - [2022-07-24 09:30:36,764] {dagbag.py:500} INFO - Filling up the DagBag from /home/airflow/.local/lib/python3.7/site-packages/airflow/example_dags/example_sla_dag.py
[2022-07-24 09:30:36,783] {processor.py:654} INFO - DAG(s) dict_keys(['example_sla_dag']) retrieved from /home/airflow/.local/lib/python3.7/site-packages/airflow/example_dags/example_sla_dag.py
[2022-07-24 09:30:36,789] {logging_mixin.py:109} INFO - [2022-07-24 09:30:36,789] {dag.py:2396} INFO - Sync 1 DAGs
[2022-07-24 09:30:36,802] {logging_mixin.py:109} INFO - [2022-07-24 09:30:36,802] {dag.py:2935} INFO - Setting next_dagrun for example_sla_dag to 2022-07-24T09:28:00+00:00
[2022-07-24 09:30:36,808] {processor.py:171} INFO - Processing /home/airflow/.local/lib/python3.7/site-packages/airflow/example_dags/example_sla_dag.py took 0.047 seconds
[2022-07-24 09:31:08,170] {processor.py:163} INFO - Started process (PID=341) to work on /home/airflow/.local/lib/python3.7/site-packages/airflow/example_dags/example_sla_dag.py
[2022-07-24 09:31:08,171] {processor.py:642} INFO - Processing file /home/airflow/.local/lib/python3.7/site-packages/airflow/example_dags/example_sla_dag.py for tasks to queue
[2022-07-24 09:31:08,171] {logging_mixin.py:109} INFO - [2022-07-24 09:31:08,171] {dagbag.py:500} INFO - Filling up the DagBag from /home/airflow/.local/lib/python3.7/site-packages/airflow/example_dags/example_sla_dag.py
[2022-07-24 09:31:08,192] {processor.py:654} INFO - DAG(s) dict_keys(['example_sla_dag']) retrieved from /home/airflow/.local/lib/python3.7/site-packages/airflow/example_dags/example_sla_dag.py
[2022-07-24 09:31:08,198] {logging_mixin.py:109} INFO - [2022-07-24 09:31:08,198] {dag.py:2396} INFO - Sync 1 DAGs
[2022-07-24 09:31:08,236] {logging_mixin.py:109} INFO - [2022-07-24 09:31:08,236] {dag.py:2935} INFO - Setting next_dagrun for example_sla_dag to 2022-07-24T09:28:00+00:00
[2022-07-24 09:31:08,243] {processor.py:171} INFO - Processing /home/airflow/.local/lib/python3.7/site-packages/airflow/example_dags/example_sla_dag.py took 0.074 seconds
[2022-07-24 09:31:39,166] {processor.py:163} INFO - Started process (PID=400) to work on /home/airflow/.local/lib/python3.7/site-packages/airflow/example_dags/example_sla_dag.py
[2022-07-24 09:31:39,167] {processor.py:642} INFO - Processing file /home/airflow/.local/lib/python3.7/site-packages/airflow/example_dags/example_sla_dag.py for tasks to queue
[2022-07-24 09:31:39,167] {logging_mixin.py:109} INFO - [2022-07-24 09:31:39,167] {dagbag.py:500} INFO - Filling up the DagBag from /home/airflow/.local/lib/python3.7/site-packages/airflow/example_dags/example_sla_dag.py
[2022-07-24 09:31:39,240] {processor.py:654} INFO - DAG(s) dict_keys(['example_sla_dag']) retrieved from /home/airflow/.local/lib/python3.7/site-packages/airflow/example_dags/example_sla_dag.py
[2022-07-24 09:31:39,246] {logging_mixin.py:109} INFO - [2022-07-24 09:31:39,246] {dag.py:2396} INFO - Sync 1 DAGs
[2022-07-24 09:31:39,323] {logging_mixin.py:109} INFO - [2022-07-24 09:31:39,323] {dag.py:2935} INFO - Setting next_dagrun for example_sla_dag to 2022-07-24T09:28:00+00:00
[2022-07-24 09:31:39,330] {processor.py:171} INFO - Processing /home/airflow/.local/lib/python3.7/site-packages/airflow/example_dags/example_sla_dag.py took 0.166 seconds
[2022-07-24 09:32:09,936] {processor.py:163} INFO - Started process (PID=450) to work on /home/airflow/.local/lib/python3.7/site-packages/airflow/example_dags/example_sla_dag.py
[2022-07-24 09:32:09,937] {processor.py:642} INFO - Processing file /home/airflow/.local/lib/python3.7/site-packages/airflow/example_dags/example_sla_dag.py for tasks to queue
[2022-07-24 09:32:09,937] {logging_mixin.py:109} INFO - [2022-07-24 09:32:09,937] {dagbag.py:500} INFO - Filling up the DagBag from /home/airflow/.local/lib/python3.7/site-packages/airflow/example_dags/example_sla_dag.py
[2022-07-24 09:32:09,959] {processor.py:654} INFO - DAG(s) dict_keys(['example_sla_dag']) retrieved from /home/airflow/.local/lib/python3.7/site-packages/airflow/example_dags/example_sla_dag.py
[2022-07-24 09:32:09,965] {logging_mixin.py:109} INFO - [2022-07-24 09:32:09,965] {dag.py:2396} INFO - Sync 1 DAGs
[2022-07-24 09:32:09,978] {logging_mixin.py:109} INFO - [2022-07-24 09:32:09,978] {dag.py:2935} INFO - Setting next_dagrun for example_sla_dag to 2022-07-24T09:30:00+00:00
[2022-07-24 09:32:09,984] {processor.py:171} INFO - Processing /home/airflow/.local/lib/python3.7/site-packages/airflow/example_dags/example_sla_dag.py took 0.050 seconds
[2022-07-24 09:32:40,240] {processor.py:163} INFO - Started process (PID=509) to work on /home/airflow/.local/lib/python3.7/site-packages/airflow/example_dags/example_sla_dag.py
[2022-07-24 09:32:40,240] {processor.py:642} INFO - Processing file /home/airflow/.local/lib/python3.7/site-packages/airflow/example_dags/example_sla_dag.py for tasks to queue
[2022-07-24 09:32:40,241] {logging_mixin.py:109} INFO - [2022-07-24 09:32:40,241] {dagbag.py:500} INFO - Filling up the DagBag from /home/airflow/.local/lib/python3.7/site-packages/airflow/example_dags/example_sla_dag.py
[2022-07-24 09:32:40,262] {processor.py:654} INFO - DAG(s) dict_keys(['example_sla_dag']) retrieved from /home/airflow/.local/lib/python3.7/site-packages/airflow/example_dags/example_sla_dag.py
[2022-07-24 09:32:40,268] {logging_mixin.py:109} INFO - [2022-07-24 09:32:40,268] {dag.py:2396} INFO - Sync 1 DAGs
[2022-07-24 09:32:40,282] {logging_mixin.py:109} INFO - [2022-07-24 09:32:40,282] {dag.py:2935} INFO - Setting next_dagrun for example_sla_dag to 2022-07-24T09:30:00+00:00
[2022-07-24 09:32:40,288] {processor.py:171} INFO - Processing /home/airflow/.local/lib/python3.7/site-packages/airflow/example_dags/example_sla_dag.py took 0.050 seconds
[2022-07-24 09:33:11,488] {processor.py:163} INFO - Started process (PID=559) to work on /home/airflow/.local/lib/python3.7/site-packages/airflow/example_dags/example_sla_dag.py
[2022-07-24 09:33:11,489] {processor.py:642} INFO - Processing file /home/airflow/.local/lib/python3.7/site-packages/airflow/example_dags/example_sla_dag.py for tasks to queue
[2022-07-24 09:33:11,489] {logging_mixin.py:109} INFO - [2022-07-24 09:33:11,489] {dagbag.py:500} INFO - Filling up the DagBag from /home/airflow/.local/lib/python3.7/site-packages/airflow/example_dags/example_sla_dag.py
[2022-07-24 09:33:11,532] {processor.py:654} INFO - DAG(s) dict_keys(['example_sla_dag']) retrieved from /home/airflow/.local/lib/python3.7/site-packages/airflow/example_dags/example_sla_dag.py
[2022-07-24 09:33:11,539] {logging_mixin.py:109} INFO - [2022-07-24 09:33:11,539] {dag.py:2396} INFO - Sync 1 DAGs
[2022-07-24 09:33:11,552] {logging_mixin.py:109} INFO - [2022-07-24 09:33:11,552] {dag.py:2935} INFO - Setting next_dagrun for example_sla_dag to 2022-07-24T09:30:00+00:00
[2022-07-24 09:33:11,558] {processor.py:171} INFO - Processing /home/airflow/.local/lib/python3.7/site-packages/airflow/example_dags/example_sla_dag.py took 0.072 seconds
[2022-07-24 09:33:42,181] {processor.py:163} INFO - Started process (PID=618) to work on /home/airflow/.local/lib/python3.7/site-packages/airflow/example_dags/example_sla_dag.py
[2022-07-24 09:33:42,182] {processor.py:642} INFO - Processing file /home/airflow/.local/lib/python3.7/site-packages/airflow/example_dags/example_sla_dag.py for tasks to queue
[2022-07-24 09:33:42,222] {logging_mixin.py:109} INFO - [2022-07-24 09:33:42,222] {dagbag.py:500} INFO - Filling up the DagBag from /home/airflow/.local/lib/python3.7/site-packages/airflow/example_dags/example_sla_dag.py
[2022-07-24 09:33:42,242] {processor.py:654} INFO - DAG(s) dict_keys(['example_sla_dag']) retrieved from /home/airflow/.local/lib/python3.7/site-packages/airflow/example_dags/example_sla_dag.py
[2022-07-24 09:33:42,249] {logging_mixin.py:109} INFO - [2022-07-24 09:33:42,249] {dag.py:2396} INFO - Sync 1 DAGs
[2022-07-24 09:33:42,262] {logging_mixin.py:109} INFO - [2022-07-24 09:33:42,262] {dag.py:2935} INFO - Setting next_dagrun for example_sla_dag to 2022-07-24T09:30:00+00:00
[2022-07-24 09:33:42,268] {processor.py:171} INFO - Processing /home/airflow/.local/lib/python3.7/site-packages/airflow/example_dags/example_sla_dag.py took 0.088 seconds
[2022-07-24 09:34:12,561] {processor.py:163} INFO - Started process (PID=668) to work on /home/airflow/.local/lib/python3.7/site-packages/airflow/example_dags/example_sla_dag.py
[2022-07-24 09:34:12,562] {processor.py:642} INFO - Processing file /home/airflow/.local/lib/python3.7/site-packages/airflow/example_dags/example_sla_dag.py for tasks to queue
[2022-07-24 09:34:12,562] {logging_mixin.py:109} INFO - [2022-07-24 09:34:12,562] {dagbag.py:500} INFO - Filling up the DagBag from /home/airflow/.local/lib/python3.7/site-packages/airflow/example_dags/example_sla_dag.py
[2022-07-24 09:34:12,581] {processor.py:654} INFO - DAG(s) dict_keys(['example_sla_dag']) retrieved from /home/airflow/.local/lib/python3.7/site-packages/airflow/example_dags/example_sla_dag.py
[2022-07-24 09:34:12,588] {logging_mixin.py:109} INFO - [2022-07-24 09:34:12,588] {dag.py:2396} INFO - Sync 1 DAGs
[2022-07-24 09:34:12,602] {logging_mixin.py:109} INFO - [2022-07-24 09:34:12,602] {dag.py:2935} INFO - Setting next_dagrun for example_sla_dag to 2022-07-24T09:32:00+00:00
[2022-07-24 09:34:12,608] {processor.py:171} INFO - Processing /home/airflow/.local/lib/python3.7/site-packages/airflow/example_dags/example_sla_dag.py took 0.048 seconds
