[2022-07-24 09:28:32,760] {processor.py:163} INFO - Started process (PID=54) to work on /home/airflow/.local/lib/python3.7/site-packages/airflow/example_dags/example_dag_decorator.py
[2022-07-24 09:28:32,761] {processor.py:642} INFO - Processing file /home/airflow/.local/lib/python3.7/site-packages/airflow/example_dags/example_dag_decorator.py for tasks to queue
[2022-07-24 09:28:32,761] {logging_mixin.py:109} INFO - [2022-07-24 09:28:32,761] {dagbag.py:500} INFO - Filling up the DagBag from /home/airflow/.local/lib/python3.7/site-packages/airflow/example_dags/example_dag_decorator.py
[2022-07-24 09:28:32,787] {processor.py:654} INFO - DAG(s) dict_keys(['example_dag_decorator']) retrieved from /home/airflow/.local/lib/python3.7/site-packages/airflow/example_dags/example_dag_decorator.py
[2022-07-24 09:28:33,012] {logging_mixin.py:109} INFO - [2022-07-24 09:28:33,012] {dag.py:2396} INFO - Sync 1 DAGs
[2022-07-24 09:28:33,021] {logging_mixin.py:109} INFO - [2022-07-24 09:28:33,021] {dag.py:2935} INFO - Setting next_dagrun for example_dag_decorator to None
[2022-07-24 09:28:33,028] {processor.py:171} INFO - Processing /home/airflow/.local/lib/python3.7/site-packages/airflow/example_dags/example_dag_decorator.py took 0.270 seconds
[2022-07-24 09:29:03,728] {processor.py:163} INFO - Started process (PID=113) to work on /home/airflow/.local/lib/python3.7/site-packages/airflow/example_dags/example_dag_decorator.py
[2022-07-24 09:29:03,729] {processor.py:642} INFO - Processing file /home/airflow/.local/lib/python3.7/site-packages/airflow/example_dags/example_dag_decorator.py for tasks to queue
[2022-07-24 09:29:03,729] {logging_mixin.py:109} INFO - [2022-07-24 09:29:03,729] {dagbag.py:500} INFO - Filling up the DagBag from /home/airflow/.local/lib/python3.7/site-packages/airflow/example_dags/example_dag_decorator.py
[2022-07-24 09:29:03,752] {processor.py:654} INFO - DAG(s) dict_keys(['example_dag_decorator']) retrieved from /home/airflow/.local/lib/python3.7/site-packages/airflow/example_dags/example_dag_decorator.py
[2022-07-24 09:29:03,969] {logging_mixin.py:109} INFO - [2022-07-24 09:29:03,969] {dag.py:2396} INFO - Sync 1 DAGs
[2022-07-24 09:29:03,978] {logging_mixin.py:109} INFO - [2022-07-24 09:29:03,978] {dag.py:2935} INFO - Setting next_dagrun for example_dag_decorator to None
[2022-07-24 09:29:03,985] {processor.py:171} INFO - Processing /home/airflow/.local/lib/python3.7/site-packages/airflow/example_dags/example_dag_decorator.py took 0.260 seconds
[2022-07-24 09:29:34,420] {processor.py:163} INFO - Started process (PID=163) to work on /home/airflow/.local/lib/python3.7/site-packages/airflow/example_dags/example_dag_decorator.py
[2022-07-24 09:29:34,421] {processor.py:642} INFO - Processing file /home/airflow/.local/lib/python3.7/site-packages/airflow/example_dags/example_dag_decorator.py for tasks to queue
[2022-07-24 09:29:34,421] {logging_mixin.py:109} INFO - [2022-07-24 09:29:34,421] {dagbag.py:500} INFO - Filling up the DagBag from /home/airflow/.local/lib/python3.7/site-packages/airflow/example_dags/example_dag_decorator.py
[2022-07-24 09:29:34,447] {processor.py:654} INFO - DAG(s) dict_keys(['example_dag_decorator']) retrieved from /home/airflow/.local/lib/python3.7/site-packages/airflow/example_dags/example_dag_decorator.py
[2022-07-24 09:29:34,694] {logging_mixin.py:109} INFO - [2022-07-24 09:29:34,694] {dag.py:2396} INFO - Sync 1 DAGs
[2022-07-24 09:29:34,705] {logging_mixin.py:109} INFO - [2022-07-24 09:29:34,705] {dag.py:2935} INFO - Setting next_dagrun for example_dag_decorator to None
[2022-07-24 09:29:34,713] {processor.py:171} INFO - Processing /home/airflow/.local/lib/python3.7/site-packages/airflow/example_dags/example_dag_decorator.py took 0.295 seconds
[2022-07-24 09:30:05,586] {processor.py:163} INFO - Started process (PID=222) to work on /home/airflow/.local/lib/python3.7/site-packages/airflow/example_dags/example_dag_decorator.py
[2022-07-24 09:30:05,587] {processor.py:642} INFO - Processing file /home/airflow/.local/lib/python3.7/site-packages/airflow/example_dags/example_dag_decorator.py for tasks to queue
[2022-07-24 09:30:05,587] {logging_mixin.py:109} INFO - [2022-07-24 09:30:05,587] {dagbag.py:500} INFO - Filling up the DagBag from /home/airflow/.local/lib/python3.7/site-packages/airflow/example_dags/example_dag_decorator.py
[2022-07-24 09:30:05,613] {processor.py:654} INFO - DAG(s) dict_keys(['example_dag_decorator']) retrieved from /home/airflow/.local/lib/python3.7/site-packages/airflow/example_dags/example_dag_decorator.py
[2022-07-24 09:30:05,854] {logging_mixin.py:109} INFO - [2022-07-24 09:30:05,854] {dag.py:2396} INFO - Sync 1 DAGs
[2022-07-24 09:30:05,865] {logging_mixin.py:109} INFO - [2022-07-24 09:30:05,865] {dag.py:2935} INFO - Setting next_dagrun for example_dag_decorator to None
[2022-07-24 09:30:05,873] {processor.py:171} INFO - Processing /home/airflow/.local/lib/python3.7/site-packages/airflow/example_dags/example_dag_decorator.py took 0.289 seconds
[2022-07-24 09:30:36,336] {processor.py:163} INFO - Started process (PID=279) to work on /home/airflow/.local/lib/python3.7/site-packages/airflow/example_dags/example_dag_decorator.py
[2022-07-24 09:30:36,337] {processor.py:642} INFO - Processing file /home/airflow/.local/lib/python3.7/site-packages/airflow/example_dags/example_dag_decorator.py for tasks to queue
[2022-07-24 09:30:36,337] {logging_mixin.py:109} INFO - [2022-07-24 09:30:36,337] {dagbag.py:500} INFO - Filling up the DagBag from /home/airflow/.local/lib/python3.7/site-packages/airflow/example_dags/example_dag_decorator.py
[2022-07-24 09:30:36,360] {processor.py:654} INFO - DAG(s) dict_keys(['example_dag_decorator']) retrieved from /home/airflow/.local/lib/python3.7/site-packages/airflow/example_dags/example_dag_decorator.py
[2022-07-24 09:30:36,591] {logging_mixin.py:109} INFO - [2022-07-24 09:30:36,591] {dag.py:2396} INFO - Sync 1 DAGs
[2022-07-24 09:30:36,601] {logging_mixin.py:109} INFO - [2022-07-24 09:30:36,601] {dag.py:2935} INFO - Setting next_dagrun for example_dag_decorator to None
[2022-07-24 09:30:36,613] {processor.py:171} INFO - Processing /home/airflow/.local/lib/python3.7/site-packages/airflow/example_dags/example_dag_decorator.py took 0.279 seconds
[2022-07-24 09:31:07,348] {processor.py:163} INFO - Started process (PID=331) to work on /home/airflow/.local/lib/python3.7/site-packages/airflow/example_dags/example_dag_decorator.py
[2022-07-24 09:31:07,350] {processor.py:642} INFO - Processing file /home/airflow/.local/lib/python3.7/site-packages/airflow/example_dags/example_dag_decorator.py for tasks to queue
[2022-07-24 09:31:07,350] {logging_mixin.py:109} INFO - [2022-07-24 09:31:07,350] {dagbag.py:500} INFO - Filling up the DagBag from /home/airflow/.local/lib/python3.7/site-packages/airflow/example_dags/example_dag_decorator.py
[2022-07-24 09:31:07,374] {processor.py:654} INFO - DAG(s) dict_keys(['example_dag_decorator']) retrieved from /home/airflow/.local/lib/python3.7/site-packages/airflow/example_dags/example_dag_decorator.py
[2022-07-24 09:31:07,778] {logging_mixin.py:109} INFO - [2022-07-24 09:31:07,778] {dag.py:2396} INFO - Sync 1 DAGs
[2022-07-24 09:31:07,829] {logging_mixin.py:109} INFO - [2022-07-24 09:31:07,829] {dag.py:2935} INFO - Setting next_dagrun for example_dag_decorator to None
[2022-07-24 09:31:07,842] {processor.py:171} INFO - Processing /home/airflow/.local/lib/python3.7/site-packages/airflow/example_dags/example_dag_decorator.py took 0.495 seconds
[2022-07-24 09:31:38,050] {processor.py:163} INFO - Started process (PID=390) to work on /home/airflow/.local/lib/python3.7/site-packages/airflow/example_dags/example_dag_decorator.py
[2022-07-24 09:31:38,050] {processor.py:642} INFO - Processing file /home/airflow/.local/lib/python3.7/site-packages/airflow/example_dags/example_dag_decorator.py for tasks to queue
[2022-07-24 09:31:38,051] {logging_mixin.py:109} INFO - [2022-07-24 09:31:38,051] {dagbag.py:500} INFO - Filling up the DagBag from /home/airflow/.local/lib/python3.7/site-packages/airflow/example_dags/example_dag_decorator.py
[2022-07-24 09:31:38,135] {processor.py:654} INFO - DAG(s) dict_keys(['example_dag_decorator']) retrieved from /home/airflow/.local/lib/python3.7/site-packages/airflow/example_dags/example_dag_decorator.py
[2022-07-24 09:31:38,832] {logging_mixin.py:109} INFO - [2022-07-24 09:31:38,832] {dag.py:2396} INFO - Sync 1 DAGs
[2022-07-24 09:31:38,844] {logging_mixin.py:109} INFO - [2022-07-24 09:31:38,844] {dag.py:2935} INFO - Setting next_dagrun for example_dag_decorator to None
[2022-07-24 09:31:38,856] {processor.py:171} INFO - Processing /home/airflow/.local/lib/python3.7/site-packages/airflow/example_dags/example_dag_decorator.py took 0.809 seconds
[2022-07-24 09:32:09,320] {processor.py:163} INFO - Started process (PID=441) to work on /home/airflow/.local/lib/python3.7/site-packages/airflow/example_dags/example_dag_decorator.py
[2022-07-24 09:32:09,321] {processor.py:642} INFO - Processing file /home/airflow/.local/lib/python3.7/site-packages/airflow/example_dags/example_dag_decorator.py for tasks to queue
[2022-07-24 09:32:09,321] {logging_mixin.py:109} INFO - [2022-07-24 09:32:09,321] {dagbag.py:500} INFO - Filling up the DagBag from /home/airflow/.local/lib/python3.7/site-packages/airflow/example_dags/example_dag_decorator.py
[2022-07-24 09:32:09,345] {processor.py:654} INFO - DAG(s) dict_keys(['example_dag_decorator']) retrieved from /home/airflow/.local/lib/python3.7/site-packages/airflow/example_dags/example_dag_decorator.py
[2022-07-24 09:32:09,745] {logging_mixin.py:109} INFO - [2022-07-24 09:32:09,745] {dag.py:2396} INFO - Sync 1 DAGs
[2022-07-24 09:32:09,755] {logging_mixin.py:109} INFO - [2022-07-24 09:32:09,755] {dag.py:2935} INFO - Setting next_dagrun for example_dag_decorator to None
[2022-07-24 09:32:09,763] {processor.py:171} INFO - Processing /home/airflow/.local/lib/python3.7/site-packages/airflow/example_dags/example_dag_decorator.py took 0.445 seconds
[2022-07-24 09:32:39,838] {processor.py:163} INFO - Started process (PID=500) to work on /home/airflow/.local/lib/python3.7/site-packages/airflow/example_dags/example_dag_decorator.py
[2022-07-24 09:32:39,839] {processor.py:642} INFO - Processing file /home/airflow/.local/lib/python3.7/site-packages/airflow/example_dags/example_dag_decorator.py for tasks to queue
[2022-07-24 09:32:39,839] {logging_mixin.py:109} INFO - [2022-07-24 09:32:39,839] {dagbag.py:500} INFO - Filling up the DagBag from /home/airflow/.local/lib/python3.7/site-packages/airflow/example_dags/example_dag_decorator.py
[2022-07-24 09:32:39,864] {processor.py:654} INFO - DAG(s) dict_keys(['example_dag_decorator']) retrieved from /home/airflow/.local/lib/python3.7/site-packages/airflow/example_dags/example_dag_decorator.py
[2022-07-24 09:32:40,124] {logging_mixin.py:109} INFO - [2022-07-24 09:32:40,124] {dag.py:2396} INFO - Sync 1 DAGs
[2022-07-24 09:32:40,134] {logging_mixin.py:109} INFO - [2022-07-24 09:32:40,134] {dag.py:2935} INFO - Setting next_dagrun for example_dag_decorator to None
[2022-07-24 09:32:40,140] {processor.py:171} INFO - Processing /home/airflow/.local/lib/python3.7/site-packages/airflow/example_dags/example_dag_decorator.py took 0.305 seconds
[2022-07-24 09:33:11,000] {processor.py:163} INFO - Started process (PID=552) to work on /home/airflow/.local/lib/python3.7/site-packages/airflow/example_dags/example_dag_decorator.py
[2022-07-24 09:33:11,001] {processor.py:642} INFO - Processing file /home/airflow/.local/lib/python3.7/site-packages/airflow/example_dags/example_dag_decorator.py for tasks to queue
[2022-07-24 09:33:11,002] {logging_mixin.py:109} INFO - [2022-07-24 09:33:11,001] {dagbag.py:500} INFO - Filling up the DagBag from /home/airflow/.local/lib/python3.7/site-packages/airflow/example_dags/example_dag_decorator.py
[2022-07-24 09:33:11,025] {processor.py:654} INFO - DAG(s) dict_keys(['example_dag_decorator']) retrieved from /home/airflow/.local/lib/python3.7/site-packages/airflow/example_dags/example_dag_decorator.py
[2022-07-24 09:33:11,364] {logging_mixin.py:109} INFO - [2022-07-24 09:33:11,364] {dag.py:2396} INFO - Sync 1 DAGs
[2022-07-24 09:33:11,374] {logging_mixin.py:109} INFO - [2022-07-24 09:33:11,374] {dag.py:2935} INFO - Setting next_dagrun for example_dag_decorator to None
[2022-07-24 09:33:11,381] {processor.py:171} INFO - Processing /home/airflow/.local/lib/python3.7/site-packages/airflow/example_dags/example_dag_decorator.py took 0.382 seconds
[2022-07-24 09:33:41,760] {processor.py:163} INFO - Started process (PID=611) to work on /home/airflow/.local/lib/python3.7/site-packages/airflow/example_dags/example_dag_decorator.py
[2022-07-24 09:33:41,761] {processor.py:642} INFO - Processing file /home/airflow/.local/lib/python3.7/site-packages/airflow/example_dags/example_dag_decorator.py for tasks to queue
[2022-07-24 09:33:41,762] {logging_mixin.py:109} INFO - [2022-07-24 09:33:41,762] {dagbag.py:500} INFO - Filling up the DagBag from /home/airflow/.local/lib/python3.7/site-packages/airflow/example_dags/example_dag_decorator.py
[2022-07-24 09:33:41,784] {processor.py:654} INFO - DAG(s) dict_keys(['example_dag_decorator']) retrieved from /home/airflow/.local/lib/python3.7/site-packages/airflow/example_dags/example_dag_decorator.py
[2022-07-24 09:33:42,080] {logging_mixin.py:109} INFO - [2022-07-24 09:33:42,080] {dag.py:2396} INFO - Sync 1 DAGs
[2022-07-24 09:33:42,128] {logging_mixin.py:109} INFO - [2022-07-24 09:33:42,128] {dag.py:2935} INFO - Setting next_dagrun for example_dag_decorator to None
[2022-07-24 09:33:42,136] {processor.py:171} INFO - Processing /home/airflow/.local/lib/python3.7/site-packages/airflow/example_dags/example_dag_decorator.py took 0.378 seconds
[2022-07-24 09:34:12,237] {processor.py:163} INFO - Started process (PID=665) to work on /home/airflow/.local/lib/python3.7/site-packages/airflow/example_dags/example_dag_decorator.py
[2022-07-24 09:34:12,237] {processor.py:642} INFO - Processing file /home/airflow/.local/lib/python3.7/site-packages/airflow/example_dags/example_dag_decorator.py for tasks to queue
[2022-07-24 09:34:12,238] {logging_mixin.py:109} INFO - [2022-07-24 09:34:12,238] {dagbag.py:500} INFO - Filling up the DagBag from /home/airflow/.local/lib/python3.7/site-packages/airflow/example_dags/example_dag_decorator.py
[2022-07-24 09:34:12,260] {processor.py:654} INFO - DAG(s) dict_keys(['example_dag_decorator']) retrieved from /home/airflow/.local/lib/python3.7/site-packages/airflow/example_dags/example_dag_decorator.py
[2022-07-24 09:34:12,475] {logging_mixin.py:109} INFO - [2022-07-24 09:34:12,475] {dag.py:2396} INFO - Sync 1 DAGs
[2022-07-24 09:34:12,485] {logging_mixin.py:109} INFO - [2022-07-24 09:34:12,485] {dag.py:2935} INFO - Setting next_dagrun for example_dag_decorator to None
[2022-07-24 09:34:12,493] {processor.py:171} INFO - Processing /home/airflow/.local/lib/python3.7/site-packages/airflow/example_dags/example_dag_decorator.py took 0.258 seconds
