[2022-07-24 09:28:34,025] {processor.py:163} INFO - Started process (PID=73) to work on /home/airflow/.local/lib/python3.7/site-packages/airflow/example_dags/tutorial.py
[2022-07-24 09:28:34,026] {processor.py:642} INFO - Processing file /home/airflow/.local/lib/python3.7/site-packages/airflow/example_dags/tutorial.py for tasks to queue
[2022-07-24 09:28:34,026] {logging_mixin.py:109} INFO - [2022-07-24 09:28:34,026] {dagbag.py:500} INFO - Filling up the DagBag from /home/airflow/.local/lib/python3.7/site-packages/airflow/example_dags/tutorial.py
[2022-07-24 09:28:34,045] {processor.py:654} INFO - DAG(s) dict_keys(['tutorial']) retrieved from /home/airflow/.local/lib/python3.7/site-packages/airflow/example_dags/tutorial.py
[2022-07-24 09:28:34,052] {logging_mixin.py:109} INFO - [2022-07-24 09:28:34,052] {dag.py:2396} INFO - Sync 1 DAGs
[2022-07-24 09:28:34,066] {logging_mixin.py:109} INFO - [2022-07-24 09:28:34,066] {dag.py:2935} INFO - Setting next_dagrun for tutorial to 2022-07-23T09:28:34.065843+00:00
[2022-07-24 09:28:34,073] {processor.py:171} INFO - Processing /home/airflow/.local/lib/python3.7/site-packages/airflow/example_dags/tutorial.py took 0.050 seconds
[2022-07-24 09:29:04,712] {processor.py:163} INFO - Started process (PID=132) to work on /home/airflow/.local/lib/python3.7/site-packages/airflow/example_dags/tutorial.py
[2022-07-24 09:29:04,713] {processor.py:642} INFO - Processing file /home/airflow/.local/lib/python3.7/site-packages/airflow/example_dags/tutorial.py for tasks to queue
[2022-07-24 09:29:04,713] {logging_mixin.py:109} INFO - [2022-07-24 09:29:04,713] {dagbag.py:500} INFO - Filling up the DagBag from /home/airflow/.local/lib/python3.7/site-packages/airflow/example_dags/tutorial.py
[2022-07-24 09:29:04,732] {processor.py:654} INFO - DAG(s) dict_keys(['tutorial']) retrieved from /home/airflow/.local/lib/python3.7/site-packages/airflow/example_dags/tutorial.py
[2022-07-24 09:29:04,738] {logging_mixin.py:109} INFO - [2022-07-24 09:29:04,738] {dag.py:2396} INFO - Sync 1 DAGs
[2022-07-24 09:29:04,749] {logging_mixin.py:109} INFO - [2022-07-24 09:29:04,749] {dag.py:2935} INFO - Setting next_dagrun for tutorial to 2022-07-23T09:29:04.749013+00:00
[2022-07-24 09:29:04,755] {processor.py:171} INFO - Processing /home/airflow/.local/lib/python3.7/site-packages/airflow/example_dags/tutorial.py took 0.044 seconds
[2022-07-24 09:29:35,705] {processor.py:163} INFO - Started process (PID=182) to work on /home/airflow/.local/lib/python3.7/site-packages/airflow/example_dags/tutorial.py
[2022-07-24 09:29:35,706] {processor.py:642} INFO - Processing file /home/airflow/.local/lib/python3.7/site-packages/airflow/example_dags/tutorial.py for tasks to queue
[2022-07-24 09:29:35,706] {logging_mixin.py:109} INFO - [2022-07-24 09:29:35,706] {dagbag.py:500} INFO - Filling up the DagBag from /home/airflow/.local/lib/python3.7/site-packages/airflow/example_dags/tutorial.py
[2022-07-24 09:29:35,729] {processor.py:654} INFO - DAG(s) dict_keys(['tutorial']) retrieved from /home/airflow/.local/lib/python3.7/site-packages/airflow/example_dags/tutorial.py
[2022-07-24 09:29:35,737] {logging_mixin.py:109} INFO - [2022-07-24 09:29:35,737] {dag.py:2396} INFO - Sync 1 DAGs
[2022-07-24 09:29:35,752] {logging_mixin.py:109} INFO - [2022-07-24 09:29:35,751] {dag.py:2935} INFO - Setting next_dagrun for tutorial to 2022-07-23T09:29:35.751703+00:00
[2022-07-24 09:29:35,759] {processor.py:171} INFO - Processing /home/airflow/.local/lib/python3.7/site-packages/airflow/example_dags/tutorial.py took 0.057 seconds
[2022-07-24 09:30:06,653] {processor.py:163} INFO - Started process (PID=241) to work on /home/airflow/.local/lib/python3.7/site-packages/airflow/example_dags/tutorial.py
[2022-07-24 09:30:06,654] {processor.py:642} INFO - Processing file /home/airflow/.local/lib/python3.7/site-packages/airflow/example_dags/tutorial.py for tasks to queue
[2022-07-24 09:30:06,654] {logging_mixin.py:109} INFO - [2022-07-24 09:30:06,654] {dagbag.py:500} INFO - Filling up the DagBag from /home/airflow/.local/lib/python3.7/site-packages/airflow/example_dags/tutorial.py
[2022-07-24 09:30:06,675] {processor.py:654} INFO - DAG(s) dict_keys(['tutorial']) retrieved from /home/airflow/.local/lib/python3.7/site-packages/airflow/example_dags/tutorial.py
[2022-07-24 09:30:06,683] {logging_mixin.py:109} INFO - [2022-07-24 09:30:06,683] {dag.py:2396} INFO - Sync 1 DAGs
[2022-07-24 09:30:06,698] {logging_mixin.py:109} INFO - [2022-07-24 09:30:06,698] {dag.py:2935} INFO - Setting next_dagrun for tutorial to 2022-07-23T09:30:06.698258+00:00
[2022-07-24 09:30:06,706] {processor.py:171} INFO - Processing /home/airflow/.local/lib/python3.7/site-packages/airflow/example_dags/tutorial.py took 0.055 seconds
[2022-07-24 09:30:37,373] {processor.py:163} INFO - Started process (PID=300) to work on /home/airflow/.local/lib/python3.7/site-packages/airflow/example_dags/tutorial.py
[2022-07-24 09:30:37,374] {processor.py:642} INFO - Processing file /home/airflow/.local/lib/python3.7/site-packages/airflow/example_dags/tutorial.py for tasks to queue
[2022-07-24 09:30:37,374] {logging_mixin.py:109} INFO - [2022-07-24 09:30:37,374] {dagbag.py:500} INFO - Filling up the DagBag from /home/airflow/.local/lib/python3.7/site-packages/airflow/example_dags/tutorial.py
[2022-07-24 09:30:37,394] {processor.py:654} INFO - DAG(s) dict_keys(['tutorial']) retrieved from /home/airflow/.local/lib/python3.7/site-packages/airflow/example_dags/tutorial.py
[2022-07-24 09:30:37,404] {logging_mixin.py:109} INFO - [2022-07-24 09:30:37,404] {dag.py:2396} INFO - Sync 1 DAGs
[2022-07-24 09:30:37,419] {logging_mixin.py:109} INFO - [2022-07-24 09:30:37,419] {dag.py:2935} INFO - Setting next_dagrun for tutorial to 2022-07-23T09:30:37.419619+00:00
[2022-07-24 09:30:37,426] {processor.py:171} INFO - Processing /home/airflow/.local/lib/python3.7/site-packages/airflow/example_dags/tutorial.py took 0.055 seconds
[2022-07-24 09:31:09,172] {processor.py:163} INFO - Started process (PID=350) to work on /home/airflow/.local/lib/python3.7/site-packages/airflow/example_dags/tutorial.py
[2022-07-24 09:31:09,173] {processor.py:642} INFO - Processing file /home/airflow/.local/lib/python3.7/site-packages/airflow/example_dags/tutorial.py for tasks to queue
[2022-07-24 09:31:09,173] {logging_mixin.py:109} INFO - [2022-07-24 09:31:09,173] {dagbag.py:500} INFO - Filling up the DagBag from /home/airflow/.local/lib/python3.7/site-packages/airflow/example_dags/tutorial.py
[2022-07-24 09:31:09,193] {processor.py:654} INFO - DAG(s) dict_keys(['tutorial']) retrieved from /home/airflow/.local/lib/python3.7/site-packages/airflow/example_dags/tutorial.py
[2022-07-24 09:31:09,200] {logging_mixin.py:109} INFO - [2022-07-24 09:31:09,200] {dag.py:2396} INFO - Sync 1 DAGs
[2022-07-24 09:31:09,211] {logging_mixin.py:109} INFO - [2022-07-24 09:31:09,211] {dag.py:2935} INFO - Setting next_dagrun for tutorial to 2022-07-23T09:31:09.211505+00:00
[2022-07-24 09:31:09,217] {processor.py:171} INFO - Processing /home/airflow/.local/lib/python3.7/site-packages/airflow/example_dags/tutorial.py took 0.047 seconds
[2022-07-24 09:31:40,256] {processor.py:163} INFO - Started process (PID=409) to work on /home/airflow/.local/lib/python3.7/site-packages/airflow/example_dags/tutorial.py
[2022-07-24 09:31:40,257] {processor.py:642} INFO - Processing file /home/airflow/.local/lib/python3.7/site-packages/airflow/example_dags/tutorial.py for tasks to queue
[2022-07-24 09:31:40,257] {logging_mixin.py:109} INFO - [2022-07-24 09:31:40,257] {dagbag.py:500} INFO - Filling up the DagBag from /home/airflow/.local/lib/python3.7/site-packages/airflow/example_dags/tutorial.py
[2022-07-24 09:31:40,276] {processor.py:654} INFO - DAG(s) dict_keys(['tutorial']) retrieved from /home/airflow/.local/lib/python3.7/site-packages/airflow/example_dags/tutorial.py
[2022-07-24 09:31:40,324] {logging_mixin.py:109} INFO - [2022-07-24 09:31:40,324] {dag.py:2396} INFO - Sync 1 DAGs
[2022-07-24 09:31:40,337] {logging_mixin.py:109} INFO - [2022-07-24 09:31:40,337] {dag.py:2935} INFO - Setting next_dagrun for tutorial to 2022-07-23T09:31:40.336797+00:00
[2022-07-24 09:31:40,343] {processor.py:171} INFO - Processing /home/airflow/.local/lib/python3.7/site-packages/airflow/example_dags/tutorial.py took 0.089 seconds
[2022-07-24 09:32:10,658] {processor.py:163} INFO - Started process (PID=458) to work on /home/airflow/.local/lib/python3.7/site-packages/airflow/example_dags/tutorial.py
[2022-07-24 09:32:10,658] {processor.py:642} INFO - Processing file /home/airflow/.local/lib/python3.7/site-packages/airflow/example_dags/tutorial.py for tasks to queue
[2022-07-24 09:32:10,659] {logging_mixin.py:109} INFO - [2022-07-24 09:32:10,659] {dagbag.py:500} INFO - Filling up the DagBag from /home/airflow/.local/lib/python3.7/site-packages/airflow/example_dags/tutorial.py
[2022-07-24 09:32:10,722] {processor.py:654} INFO - DAG(s) dict_keys(['tutorial']) retrieved from /home/airflow/.local/lib/python3.7/site-packages/airflow/example_dags/tutorial.py
[2022-07-24 09:32:10,731] {logging_mixin.py:109} INFO - [2022-07-24 09:32:10,731] {dag.py:2396} INFO - Sync 1 DAGs
[2022-07-24 09:32:10,746] {logging_mixin.py:109} INFO - [2022-07-24 09:32:10,746] {dag.py:2935} INFO - Setting next_dagrun for tutorial to 2022-07-23T09:32:10.745858+00:00
[2022-07-24 09:32:10,754] {processor.py:171} INFO - Processing /home/airflow/.local/lib/python3.7/site-packages/airflow/example_dags/tutorial.py took 0.098 seconds
[2022-07-24 09:32:42,018] {processor.py:163} INFO - Started process (PID=518) to work on /home/airflow/.local/lib/python3.7/site-packages/airflow/example_dags/tutorial.py
[2022-07-24 09:32:42,018] {processor.py:642} INFO - Processing file /home/airflow/.local/lib/python3.7/site-packages/airflow/example_dags/tutorial.py for tasks to queue
[2022-07-24 09:32:42,019] {logging_mixin.py:109} INFO - [2022-07-24 09:32:42,019] {dagbag.py:500} INFO - Filling up the DagBag from /home/airflow/.local/lib/python3.7/site-packages/airflow/example_dags/tutorial.py
[2022-07-24 09:32:42,037] {processor.py:654} INFO - DAG(s) dict_keys(['tutorial']) retrieved from /home/airflow/.local/lib/python3.7/site-packages/airflow/example_dags/tutorial.py
[2022-07-24 09:32:42,044] {logging_mixin.py:109} INFO - [2022-07-24 09:32:42,044] {dag.py:2396} INFO - Sync 1 DAGs
[2022-07-24 09:32:42,054] {logging_mixin.py:109} INFO - [2022-07-24 09:32:42,054] {dag.py:2935} INFO - Setting next_dagrun for tutorial to 2022-07-23T09:32:42.054593+00:00
[2022-07-24 09:32:42,062] {processor.py:171} INFO - Processing /home/airflow/.local/lib/python3.7/site-packages/airflow/example_dags/tutorial.py took 0.046 seconds
[2022-07-24 09:33:12,326] {processor.py:163} INFO - Started process (PID=568) to work on /home/airflow/.local/lib/python3.7/site-packages/airflow/example_dags/tutorial.py
[2022-07-24 09:33:12,326] {processor.py:642} INFO - Processing file /home/airflow/.local/lib/python3.7/site-packages/airflow/example_dags/tutorial.py for tasks to queue
[2022-07-24 09:33:12,327] {logging_mixin.py:109} INFO - [2022-07-24 09:33:12,327] {dagbag.py:500} INFO - Filling up the DagBag from /home/airflow/.local/lib/python3.7/site-packages/airflow/example_dags/tutorial.py
[2022-07-24 09:33:12,349] {processor.py:654} INFO - DAG(s) dict_keys(['tutorial']) retrieved from /home/airflow/.local/lib/python3.7/site-packages/airflow/example_dags/tutorial.py
[2022-07-24 09:33:12,358] {logging_mixin.py:109} INFO - [2022-07-24 09:33:12,358] {dag.py:2396} INFO - Sync 1 DAGs
[2022-07-24 09:33:12,373] {logging_mixin.py:109} INFO - [2022-07-24 09:33:12,373] {dag.py:2935} INFO - Setting next_dagrun for tutorial to 2022-07-23T09:33:12.373318+00:00
[2022-07-24 09:33:12,423] {processor.py:171} INFO - Processing /home/airflow/.local/lib/python3.7/site-packages/airflow/example_dags/tutorial.py took 0.100 seconds
[2022-07-24 09:33:42,884] {processor.py:163} INFO - Started process (PID=626) to work on /home/airflow/.local/lib/python3.7/site-packages/airflow/example_dags/tutorial.py
[2022-07-24 09:33:42,922] {processor.py:642} INFO - Processing file /home/airflow/.local/lib/python3.7/site-packages/airflow/example_dags/tutorial.py for tasks to queue
[2022-07-24 09:33:42,923] {logging_mixin.py:109} INFO - [2022-07-24 09:33:42,922] {dagbag.py:500} INFO - Filling up the DagBag from /home/airflow/.local/lib/python3.7/site-packages/airflow/example_dags/tutorial.py
[2022-07-24 09:33:42,943] {processor.py:654} INFO - DAG(s) dict_keys(['tutorial']) retrieved from /home/airflow/.local/lib/python3.7/site-packages/airflow/example_dags/tutorial.py
[2022-07-24 09:33:42,950] {logging_mixin.py:109} INFO - [2022-07-24 09:33:42,950] {dag.py:2396} INFO - Sync 1 DAGs
[2022-07-24 09:33:42,961] {logging_mixin.py:109} INFO - [2022-07-24 09:33:42,960] {dag.py:2935} INFO - Setting next_dagrun for tutorial to 2022-07-23T09:33:42.960740+00:00
[2022-07-24 09:33:42,967] {processor.py:171} INFO - Processing /home/airflow/.local/lib/python3.7/site-packages/airflow/example_dags/tutorial.py took 0.085 seconds
[2022-07-24 09:34:14,111] {processor.py:163} INFO - Started process (PID=686) to work on /home/airflow/.local/lib/python3.7/site-packages/airflow/example_dags/tutorial.py
[2022-07-24 09:34:14,112] {processor.py:642} INFO - Processing file /home/airflow/.local/lib/python3.7/site-packages/airflow/example_dags/tutorial.py for tasks to queue
[2022-07-24 09:34:14,113] {logging_mixin.py:109} INFO - [2022-07-24 09:34:14,113] {dagbag.py:500} INFO - Filling up the DagBag from /home/airflow/.local/lib/python3.7/site-packages/airflow/example_dags/tutorial.py
[2022-07-24 09:34:14,134] {processor.py:654} INFO - DAG(s) dict_keys(['tutorial']) retrieved from /home/airflow/.local/lib/python3.7/site-packages/airflow/example_dags/tutorial.py
[2022-07-24 09:34:14,143] {logging_mixin.py:109} INFO - [2022-07-24 09:34:14,143] {dag.py:2396} INFO - Sync 1 DAGs
[2022-07-24 09:34:14,159] {logging_mixin.py:109} INFO - [2022-07-24 09:34:14,159] {dag.py:2935} INFO - Setting next_dagrun for tutorial to 2022-07-23T09:34:14.158947+00:00
[2022-07-24 09:34:14,167] {processor.py:171} INFO - Processing /home/airflow/.local/lib/python3.7/site-packages/airflow/example_dags/tutorial.py took 0.058 seconds
