[2022-07-24 09:28:34,079] {processor.py:163} INFO - Started process (PID=74) to work on /home/airflow/.local/lib/python3.7/site-packages/airflow/example_dags/tutorial_etl_dag.py
[2022-07-24 09:28:34,079] {processor.py:642} INFO - Processing file /home/airflow/.local/lib/python3.7/site-packages/airflow/example_dags/tutorial_etl_dag.py for tasks to queue
[2022-07-24 09:28:34,080] {logging_mixin.py:109} INFO - [2022-07-24 09:28:34,079] {dagbag.py:500} INFO - Filling up the DagBag from /home/airflow/.local/lib/python3.7/site-packages/airflow/example_dags/tutorial_etl_dag.py
[2022-07-24 09:28:34,097] {processor.py:654} INFO - DAG(s) dict_keys(['tutorial_etl_dag']) retrieved from /home/airflow/.local/lib/python3.7/site-packages/airflow/example_dags/tutorial_etl_dag.py
[2022-07-24 09:28:34,103] {logging_mixin.py:109} INFO - [2022-07-24 09:28:34,103] {dag.py:2396} INFO - Sync 1 DAGs
[2022-07-24 09:28:34,115] {logging_mixin.py:109} INFO - [2022-07-24 09:28:34,115] {dag.py:2935} INFO - Setting next_dagrun for tutorial_etl_dag to None
[2022-07-24 09:28:34,121] {processor.py:171} INFO - Processing /home/airflow/.local/lib/python3.7/site-packages/airflow/example_dags/tutorial_etl_dag.py took 0.044 seconds
[2022-07-24 09:29:04,764] {processor.py:163} INFO - Started process (PID=133) to work on /home/airflow/.local/lib/python3.7/site-packages/airflow/example_dags/tutorial_etl_dag.py
[2022-07-24 09:29:04,765] {processor.py:642} INFO - Processing file /home/airflow/.local/lib/python3.7/site-packages/airflow/example_dags/tutorial_etl_dag.py for tasks to queue
[2022-07-24 09:29:04,766] {logging_mixin.py:109} INFO - [2022-07-24 09:29:04,766] {dagbag.py:500} INFO - Filling up the DagBag from /home/airflow/.local/lib/python3.7/site-packages/airflow/example_dags/tutorial_etl_dag.py
[2022-07-24 09:29:04,783] {processor.py:654} INFO - DAG(s) dict_keys(['tutorial_etl_dag']) retrieved from /home/airflow/.local/lib/python3.7/site-packages/airflow/example_dags/tutorial_etl_dag.py
[2022-07-24 09:29:04,789] {logging_mixin.py:109} INFO - [2022-07-24 09:29:04,789] {dag.py:2396} INFO - Sync 1 DAGs
[2022-07-24 09:29:04,800] {logging_mixin.py:109} INFO - [2022-07-24 09:29:04,800] {dag.py:2935} INFO - Setting next_dagrun for tutorial_etl_dag to None
[2022-07-24 09:29:04,806] {processor.py:171} INFO - Processing /home/airflow/.local/lib/python3.7/site-packages/airflow/example_dags/tutorial_etl_dag.py took 0.043 seconds
[2022-07-24 09:29:35,773] {processor.py:163} INFO - Started process (PID=183) to work on /home/airflow/.local/lib/python3.7/site-packages/airflow/example_dags/tutorial_etl_dag.py
[2022-07-24 09:29:35,774] {processor.py:642} INFO - Processing file /home/airflow/.local/lib/python3.7/site-packages/airflow/example_dags/tutorial_etl_dag.py for tasks to queue
[2022-07-24 09:29:35,774] {logging_mixin.py:109} INFO - [2022-07-24 09:29:35,774] {dagbag.py:500} INFO - Filling up the DagBag from /home/airflow/.local/lib/python3.7/site-packages/airflow/example_dags/tutorial_etl_dag.py
[2022-07-24 09:29:35,797] {processor.py:654} INFO - DAG(s) dict_keys(['tutorial_etl_dag']) retrieved from /home/airflow/.local/lib/python3.7/site-packages/airflow/example_dags/tutorial_etl_dag.py
[2022-07-24 09:29:35,806] {logging_mixin.py:109} INFO - [2022-07-24 09:29:35,806] {dag.py:2396} INFO - Sync 1 DAGs
[2022-07-24 09:29:35,820] {logging_mixin.py:109} INFO - [2022-07-24 09:29:35,820] {dag.py:2935} INFO - Setting next_dagrun for tutorial_etl_dag to None
[2022-07-24 09:29:35,828] {processor.py:171} INFO - Processing /home/airflow/.local/lib/python3.7/site-packages/airflow/example_dags/tutorial_etl_dag.py took 0.057 seconds
[2022-07-24 09:30:06,701] {processor.py:163} INFO - Started process (PID=242) to work on /home/airflow/.local/lib/python3.7/site-packages/airflow/example_dags/tutorial_etl_dag.py
[2022-07-24 09:30:06,702] {processor.py:642} INFO - Processing file /home/airflow/.local/lib/python3.7/site-packages/airflow/example_dags/tutorial_etl_dag.py for tasks to queue
[2022-07-24 09:30:06,702] {logging_mixin.py:109} INFO - [2022-07-24 09:30:06,702] {dagbag.py:500} INFO - Filling up the DagBag from /home/airflow/.local/lib/python3.7/site-packages/airflow/example_dags/tutorial_etl_dag.py
[2022-07-24 09:30:06,722] {processor.py:654} INFO - DAG(s) dict_keys(['tutorial_etl_dag']) retrieved from /home/airflow/.local/lib/python3.7/site-packages/airflow/example_dags/tutorial_etl_dag.py
[2022-07-24 09:30:06,731] {logging_mixin.py:109} INFO - [2022-07-24 09:30:06,731] {dag.py:2396} INFO - Sync 1 DAGs
[2022-07-24 09:30:06,746] {logging_mixin.py:109} INFO - [2022-07-24 09:30:06,746] {dag.py:2935} INFO - Setting next_dagrun for tutorial_etl_dag to None
[2022-07-24 09:30:06,752] {processor.py:171} INFO - Processing /home/airflow/.local/lib/python3.7/site-packages/airflow/example_dags/tutorial_etl_dag.py took 0.054 seconds
[2022-07-24 09:30:37,436] {processor.py:163} INFO - Started process (PID=301) to work on /home/airflow/.local/lib/python3.7/site-packages/airflow/example_dags/tutorial_etl_dag.py
[2022-07-24 09:30:37,437] {processor.py:642} INFO - Processing file /home/airflow/.local/lib/python3.7/site-packages/airflow/example_dags/tutorial_etl_dag.py for tasks to queue
[2022-07-24 09:30:37,437] {logging_mixin.py:109} INFO - [2022-07-24 09:30:37,437] {dagbag.py:500} INFO - Filling up the DagBag from /home/airflow/.local/lib/python3.7/site-packages/airflow/example_dags/tutorial_etl_dag.py
[2022-07-24 09:30:37,454] {processor.py:654} INFO - DAG(s) dict_keys(['tutorial_etl_dag']) retrieved from /home/airflow/.local/lib/python3.7/site-packages/airflow/example_dags/tutorial_etl_dag.py
[2022-07-24 09:30:37,461] {logging_mixin.py:109} INFO - [2022-07-24 09:30:37,461] {dag.py:2396} INFO - Sync 1 DAGs
[2022-07-24 09:30:37,472] {logging_mixin.py:109} INFO - [2022-07-24 09:30:37,472] {dag.py:2935} INFO - Setting next_dagrun for tutorial_etl_dag to None
[2022-07-24 09:30:37,477] {processor.py:171} INFO - Processing /home/airflow/.local/lib/python3.7/site-packages/airflow/example_dags/tutorial_etl_dag.py took 0.044 seconds
[2022-07-24 09:31:09,238] {processor.py:163} INFO - Started process (PID=351) to work on /home/airflow/.local/lib/python3.7/site-packages/airflow/example_dags/tutorial_etl_dag.py
[2022-07-24 09:31:09,239] {processor.py:642} INFO - Processing file /home/airflow/.local/lib/python3.7/site-packages/airflow/example_dags/tutorial_etl_dag.py for tasks to queue
[2022-07-24 09:31:09,240] {logging_mixin.py:109} INFO - [2022-07-24 09:31:09,240] {dagbag.py:500} INFO - Filling up the DagBag from /home/airflow/.local/lib/python3.7/site-packages/airflow/example_dags/tutorial_etl_dag.py
[2022-07-24 09:31:09,260] {processor.py:654} INFO - DAG(s) dict_keys(['tutorial_etl_dag']) retrieved from /home/airflow/.local/lib/python3.7/site-packages/airflow/example_dags/tutorial_etl_dag.py
[2022-07-24 09:31:09,267] {logging_mixin.py:109} INFO - [2022-07-24 09:31:09,267] {dag.py:2396} INFO - Sync 1 DAGs
[2022-07-24 09:31:09,278] {logging_mixin.py:109} INFO - [2022-07-24 09:31:09,278] {dag.py:2935} INFO - Setting next_dagrun for tutorial_etl_dag to None
[2022-07-24 09:31:09,284] {processor.py:171} INFO - Processing /home/airflow/.local/lib/python3.7/site-packages/airflow/example_dags/tutorial_etl_dag.py took 0.048 seconds
[2022-07-24 09:31:40,355] {processor.py:163} INFO - Started process (PID=410) to work on /home/airflow/.local/lib/python3.7/site-packages/airflow/example_dags/tutorial_etl_dag.py
[2022-07-24 09:31:40,356] {processor.py:642} INFO - Processing file /home/airflow/.local/lib/python3.7/site-packages/airflow/example_dags/tutorial_etl_dag.py for tasks to queue
[2022-07-24 09:31:40,356] {logging_mixin.py:109} INFO - [2022-07-24 09:31:40,356] {dagbag.py:500} INFO - Filling up the DagBag from /home/airflow/.local/lib/python3.7/site-packages/airflow/example_dags/tutorial_etl_dag.py
[2022-07-24 09:31:40,426] {processor.py:654} INFO - DAG(s) dict_keys(['tutorial_etl_dag']) retrieved from /home/airflow/.local/lib/python3.7/site-packages/airflow/example_dags/tutorial_etl_dag.py
[2022-07-24 09:31:40,434] {logging_mixin.py:109} INFO - [2022-07-24 09:31:40,434] {dag.py:2396} INFO - Sync 1 DAGs
[2022-07-24 09:31:40,446] {logging_mixin.py:109} INFO - [2022-07-24 09:31:40,446] {dag.py:2935} INFO - Setting next_dagrun for tutorial_etl_dag to None
[2022-07-24 09:31:40,452] {processor.py:171} INFO - Processing /home/airflow/.local/lib/python3.7/site-packages/airflow/example_dags/tutorial_etl_dag.py took 0.099 seconds
[2022-07-24 09:32:10,662] {processor.py:163} INFO - Started process (PID=459) to work on /home/airflow/.local/lib/python3.7/site-packages/airflow/example_dags/tutorial_etl_dag.py
[2022-07-24 09:32:10,663] {processor.py:642} INFO - Processing file /home/airflow/.local/lib/python3.7/site-packages/airflow/example_dags/tutorial_etl_dag.py for tasks to queue
[2022-07-24 09:32:10,663] {logging_mixin.py:109} INFO - [2022-07-24 09:32:10,663] {dagbag.py:500} INFO - Filling up the DagBag from /home/airflow/.local/lib/python3.7/site-packages/airflow/example_dags/tutorial_etl_dag.py
[2022-07-24 09:32:10,725] {processor.py:654} INFO - DAG(s) dict_keys(['tutorial_etl_dag']) retrieved from /home/airflow/.local/lib/python3.7/site-packages/airflow/example_dags/tutorial_etl_dag.py
[2022-07-24 09:32:10,733] {logging_mixin.py:109} INFO - [2022-07-24 09:32:10,733] {dag.py:2396} INFO - Sync 1 DAGs
[2022-07-24 09:32:10,748] {logging_mixin.py:109} INFO - [2022-07-24 09:32:10,747] {dag.py:2935} INFO - Setting next_dagrun for tutorial_etl_dag to None
[2022-07-24 09:32:10,755] {processor.py:171} INFO - Processing /home/airflow/.local/lib/python3.7/site-packages/airflow/example_dags/tutorial_etl_dag.py took 0.094 seconds
[2022-07-24 09:32:42,019] {processor.py:163} INFO - Started process (PID=519) to work on /home/airflow/.local/lib/python3.7/site-packages/airflow/example_dags/tutorial_etl_dag.py
[2022-07-24 09:32:42,020] {processor.py:642} INFO - Processing file /home/airflow/.local/lib/python3.7/site-packages/airflow/example_dags/tutorial_etl_dag.py for tasks to queue
[2022-07-24 09:32:42,020] {logging_mixin.py:109} INFO - [2022-07-24 09:32:42,020] {dagbag.py:500} INFO - Filling up the DagBag from /home/airflow/.local/lib/python3.7/site-packages/airflow/example_dags/tutorial_etl_dag.py
[2022-07-24 09:32:42,037] {processor.py:654} INFO - DAG(s) dict_keys(['tutorial_etl_dag']) retrieved from /home/airflow/.local/lib/python3.7/site-packages/airflow/example_dags/tutorial_etl_dag.py
[2022-07-24 09:32:42,044] {logging_mixin.py:109} INFO - [2022-07-24 09:32:42,044] {dag.py:2396} INFO - Sync 1 DAGs
[2022-07-24 09:32:42,055] {logging_mixin.py:109} INFO - [2022-07-24 09:32:42,055] {dag.py:2935} INFO - Setting next_dagrun for tutorial_etl_dag to None
[2022-07-24 09:32:42,062] {processor.py:171} INFO - Processing /home/airflow/.local/lib/python3.7/site-packages/airflow/example_dags/tutorial_etl_dag.py took 0.044 seconds
[2022-07-24 09:33:12,437] {processor.py:163} INFO - Started process (PID=569) to work on /home/airflow/.local/lib/python3.7/site-packages/airflow/example_dags/tutorial_etl_dag.py
[2022-07-24 09:33:12,438] {processor.py:642} INFO - Processing file /home/airflow/.local/lib/python3.7/site-packages/airflow/example_dags/tutorial_etl_dag.py for tasks to queue
[2022-07-24 09:33:12,438] {logging_mixin.py:109} INFO - [2022-07-24 09:33:12,438] {dagbag.py:500} INFO - Filling up the DagBag from /home/airflow/.local/lib/python3.7/site-packages/airflow/example_dags/tutorial_etl_dag.py
[2022-07-24 09:33:12,456] {processor.py:654} INFO - DAG(s) dict_keys(['tutorial_etl_dag']) retrieved from /home/airflow/.local/lib/python3.7/site-packages/airflow/example_dags/tutorial_etl_dag.py
[2022-07-24 09:33:12,462] {logging_mixin.py:109} INFO - [2022-07-24 09:33:12,462] {dag.py:2396} INFO - Sync 1 DAGs
[2022-07-24 09:33:12,473] {logging_mixin.py:109} INFO - [2022-07-24 09:33:12,473] {dag.py:2935} INFO - Setting next_dagrun for tutorial_etl_dag to None
[2022-07-24 09:33:12,522] {processor.py:171} INFO - Processing /home/airflow/.local/lib/python3.7/site-packages/airflow/example_dags/tutorial_etl_dag.py took 0.087 seconds
[2022-07-24 09:33:43,024] {processor.py:163} INFO - Started process (PID=627) to work on /home/airflow/.local/lib/python3.7/site-packages/airflow/example_dags/tutorial_etl_dag.py
[2022-07-24 09:33:43,025] {processor.py:642} INFO - Processing file /home/airflow/.local/lib/python3.7/site-packages/airflow/example_dags/tutorial_etl_dag.py for tasks to queue
[2022-07-24 09:33:43,026] {logging_mixin.py:109} INFO - [2022-07-24 09:33:43,025] {dagbag.py:500} INFO - Filling up the DagBag from /home/airflow/.local/lib/python3.7/site-packages/airflow/example_dags/tutorial_etl_dag.py
[2022-07-24 09:33:43,045] {processor.py:654} INFO - DAG(s) dict_keys(['tutorial_etl_dag']) retrieved from /home/airflow/.local/lib/python3.7/site-packages/airflow/example_dags/tutorial_etl_dag.py
[2022-07-24 09:33:43,052] {logging_mixin.py:109} INFO - [2022-07-24 09:33:43,052] {dag.py:2396} INFO - Sync 1 DAGs
[2022-07-24 09:33:43,123] {logging_mixin.py:109} INFO - [2022-07-24 09:33:43,123] {dag.py:2935} INFO - Setting next_dagrun for tutorial_etl_dag to None
[2022-07-24 09:33:43,131] {processor.py:171} INFO - Processing /home/airflow/.local/lib/python3.7/site-packages/airflow/example_dags/tutorial_etl_dag.py took 0.109 seconds
[2022-07-24 09:34:14,179] {processor.py:163} INFO - Started process (PID=687) to work on /home/airflow/.local/lib/python3.7/site-packages/airflow/example_dags/tutorial_etl_dag.py
[2022-07-24 09:34:14,180] {processor.py:642} INFO - Processing file /home/airflow/.local/lib/python3.7/site-packages/airflow/example_dags/tutorial_etl_dag.py for tasks to queue
[2022-07-24 09:34:14,181] {logging_mixin.py:109} INFO - [2022-07-24 09:34:14,181] {dagbag.py:500} INFO - Filling up the DagBag from /home/airflow/.local/lib/python3.7/site-packages/airflow/example_dags/tutorial_etl_dag.py
[2022-07-24 09:34:14,200] {processor.py:654} INFO - DAG(s) dict_keys(['tutorial_etl_dag']) retrieved from /home/airflow/.local/lib/python3.7/site-packages/airflow/example_dags/tutorial_etl_dag.py
[2022-07-24 09:34:14,207] {logging_mixin.py:109} INFO - [2022-07-24 09:34:14,207] {dag.py:2396} INFO - Sync 1 DAGs
[2022-07-24 09:34:14,219] {logging_mixin.py:109} INFO - [2022-07-24 09:34:14,219] {dag.py:2935} INFO - Setting next_dagrun for tutorial_etl_dag to None
[2022-07-24 09:34:14,225] {processor.py:171} INFO - Processing /home/airflow/.local/lib/python3.7/site-packages/airflow/example_dags/tutorial_etl_dag.py took 0.048 seconds
