[2022-07-30 15:56:03,893] {taskinstance.py:1032} INFO - Dependencies all met for <TaskInstance: data_ingestion_gcs_dag.format_to_parquet_task manual__2022-07-30T15:54:57.800078+00:00 [queued]>
[2022-07-30 15:56:03,901] {taskinstance.py:1032} INFO - Dependencies all met for <TaskInstance: data_ingestion_gcs_dag.format_to_parquet_task manual__2022-07-30T15:54:57.800078+00:00 [queued]>
[2022-07-30 15:56:03,901] {taskinstance.py:1238} INFO - 
--------------------------------------------------------------------------------
[2022-07-30 15:56:03,901] {taskinstance.py:1239} INFO - Starting attempt 1 of 2
[2022-07-30 15:56:03,901] {taskinstance.py:1240} INFO - 
--------------------------------------------------------------------------------
[2022-07-30 15:56:03,908] {taskinstance.py:1259} INFO - Executing <Task(PythonOperator): format_to_parquet_task> on 2022-07-30 15:54:57.800078+00:00
[2022-07-30 15:56:03,915] {standard_task_runner.py:52} INFO - Started process 164 to run task
[2022-07-30 15:56:03,918] {standard_task_runner.py:76} INFO - Running: ['***', 'tasks', 'run', 'data_ingestion_gcs_dag', 'format_to_parquet_task', 'manual__2022-07-30T15:54:57.800078+00:00', '--job-id', '14', '--raw', '--subdir', 'DAGS_FOLDER/data_ingestion_gcs_dag.py', '--cfg-path', '/tmp/tmpxuqz2w6y', '--error-file', '/tmp/tmp9_f9m65f']
[2022-07-30 15:56:03,919] {standard_task_runner.py:77} INFO - Job 14: Subtask format_to_parquet_task
[2022-07-30 15:56:03,952] {logging_mixin.py:109} INFO - Running <TaskInstance: data_ingestion_gcs_dag.format_to_parquet_task manual__2022-07-30T15:54:57.800078+00:00 [running]> on host 9dbffb9c12d9
[2022-07-30 15:56:03,985] {taskinstance.py:1426} INFO - Exporting the following env vars:
AIRFLOW_CTX_DAG_OWNER=***
AIRFLOW_CTX_DAG_ID=data_ingestion_gcs_dag
AIRFLOW_CTX_TASK_ID=format_to_parquet_task
AIRFLOW_CTX_EXECUTION_DATE=2022-07-30T15:54:57.800078+00:00
AIRFLOW_CTX_DAG_RUN_ID=manual__2022-07-30T15:54:57.800078+00:00
[2022-07-30 15:56:04,026] {python.py:175} INFO - Done. Returned value was: None
[2022-07-30 15:56:04,035] {taskinstance.py:1277} INFO - Marking task as SUCCESS. dag_id=data_ingestion_gcs_dag, task_id=format_to_parquet_task, execution_date=20220730T155457, start_date=20220730T155603, end_date=20220730T155604
[2022-07-30 15:56:04,050] {local_task_job.py:154} INFO - Task exited with return code 0
[2022-07-30 15:56:04,077] {local_task_job.py:264} INFO - 1 downstream tasks scheduled from follow-on schedule check
