[2022-07-24 17:19:48,661] {processor.py:163} INFO - Started process (PID=58) to work on /opt/airflow/dags/data_ingestion_gcs_dag.py
[2022-07-24 17:19:48,662] {processor.py:642} INFO - Processing file /opt/airflow/dags/data_ingestion_gcs_dag.py for tasks to queue
[2022-07-24 17:19:48,662] {logging_mixin.py:109} INFO - [2022-07-24 17:19:48,662] {dagbag.py:500} INFO - Filling up the DagBag from /opt/airflow/dags/data_ingestion_gcs_dag.py
[2022-07-24 17:19:52,175] {processor.py:654} INFO - DAG(s) dict_keys(['data_ingestion_gcs_dag']) retrieved from /opt/airflow/dags/data_ingestion_gcs_dag.py
[2022-07-24 17:19:55,248] {logging_mixin.py:109} INFO - [2022-07-24 17:19:55,248] {manager.py:496} INFO - Created Permission View: can read on DAG:data_ingestion_gcs_dag
[2022-07-24 17:19:55,253] {logging_mixin.py:109} INFO - [2022-07-24 17:19:55,253] {manager.py:496} INFO - Created Permission View: can edit on DAG:data_ingestion_gcs_dag
[2022-07-24 17:19:55,254] {logging_mixin.py:109} INFO - [2022-07-24 17:19:55,254] {dag.py:2396} INFO - Sync 1 DAGs
[2022-07-24 17:19:55,259] {logging_mixin.py:109} INFO - [2022-07-24 17:19:55,259] {dag.py:2415} INFO - Creating ORM DAG for data_ingestion_gcs_dag
[2022-07-24 17:19:55,265] {logging_mixin.py:109} INFO - [2022-07-24 17:19:55,265] {dag.py:2935} INFO - Setting next_dagrun for data_ingestion_gcs_dag to 2022-07-23 00:00:00+00:00
[2022-07-24 17:19:55,325] {processor.py:171} INFO - Processing /opt/airflow/dags/data_ingestion_gcs_dag.py took 6.666 seconds
[2022-07-24 17:20:25,473] {processor.py:163} INFO - Started process (PID=102) to work on /opt/airflow/dags/data_ingestion_gcs_dag.py
[2022-07-24 17:20:25,474] {processor.py:642} INFO - Processing file /opt/airflow/dags/data_ingestion_gcs_dag.py for tasks to queue
[2022-07-24 17:20:25,474] {logging_mixin.py:109} INFO - [2022-07-24 17:20:25,474] {dagbag.py:500} INFO - Filling up the DagBag from /opt/airflow/dags/data_ingestion_gcs_dag.py
[2022-07-24 17:20:26,123] {processor.py:654} INFO - DAG(s) dict_keys(['data_ingestion_gcs_dag']) retrieved from /opt/airflow/dags/data_ingestion_gcs_dag.py
[2022-07-24 17:20:26,130] {logging_mixin.py:109} INFO - [2022-07-24 17:20:26,129] {dag.py:2396} INFO - Sync 1 DAGs
[2022-07-24 17:20:26,141] {logging_mixin.py:109} INFO - [2022-07-24 17:20:26,141] {dag.py:2935} INFO - Setting next_dagrun for data_ingestion_gcs_dag to 2022-07-23 00:00:00+00:00
[2022-07-24 17:20:26,148] {processor.py:171} INFO - Processing /opt/airflow/dags/data_ingestion_gcs_dag.py took 0.677 seconds
[2022-07-24 17:20:56,202] {processor.py:163} INFO - Started process (PID=137) to work on /opt/airflow/dags/data_ingestion_gcs_dag.py
[2022-07-24 17:20:56,203] {processor.py:642} INFO - Processing file /opt/airflow/dags/data_ingestion_gcs_dag.py for tasks to queue
[2022-07-24 17:20:56,203] {logging_mixin.py:109} INFO - [2022-07-24 17:20:56,203] {dagbag.py:500} INFO - Filling up the DagBag from /opt/airflow/dags/data_ingestion_gcs_dag.py
[2022-07-24 17:20:56,873] {processor.py:654} INFO - DAG(s) dict_keys(['data_ingestion_gcs_dag']) retrieved from /opt/airflow/dags/data_ingestion_gcs_dag.py
[2022-07-24 17:20:56,879] {logging_mixin.py:109} INFO - [2022-07-24 17:20:56,879] {dag.py:2396} INFO - Sync 1 DAGs
[2022-07-24 17:20:56,891] {logging_mixin.py:109} INFO - [2022-07-24 17:20:56,891] {dag.py:2935} INFO - Setting next_dagrun for data_ingestion_gcs_dag to 2022-07-23 00:00:00+00:00
[2022-07-24 17:20:56,896] {processor.py:171} INFO - Processing /opt/airflow/dags/data_ingestion_gcs_dag.py took 0.697 seconds
[2022-07-24 17:21:26,984] {processor.py:163} INFO - Started process (PID=180) to work on /opt/airflow/dags/data_ingestion_gcs_dag.py
[2022-07-24 17:21:26,985] {processor.py:642} INFO - Processing file /opt/airflow/dags/data_ingestion_gcs_dag.py for tasks to queue
[2022-07-24 17:21:26,985] {logging_mixin.py:109} INFO - [2022-07-24 17:21:26,985] {dagbag.py:500} INFO - Filling up the DagBag from /opt/airflow/dags/data_ingestion_gcs_dag.py
[2022-07-24 17:21:27,657] {processor.py:654} INFO - DAG(s) dict_keys(['data_ingestion_gcs_dag']) retrieved from /opt/airflow/dags/data_ingestion_gcs_dag.py
[2022-07-24 17:21:27,664] {logging_mixin.py:109} INFO - [2022-07-24 17:21:27,664] {dag.py:2396} INFO - Sync 1 DAGs
[2022-07-24 17:21:27,676] {logging_mixin.py:109} INFO - [2022-07-24 17:21:27,676] {dag.py:2935} INFO - Setting next_dagrun for data_ingestion_gcs_dag to 2022-07-23 00:00:00+00:00
[2022-07-24 17:21:27,682] {processor.py:171} INFO - Processing /opt/airflow/dags/data_ingestion_gcs_dag.py took 0.700 seconds
[2022-07-24 17:21:57,762] {processor.py:163} INFO - Started process (PID=224) to work on /opt/airflow/dags/data_ingestion_gcs_dag.py
[2022-07-24 17:21:57,763] {processor.py:642} INFO - Processing file /opt/airflow/dags/data_ingestion_gcs_dag.py for tasks to queue
[2022-07-24 17:21:57,763] {logging_mixin.py:109} INFO - [2022-07-24 17:21:57,763] {dagbag.py:500} INFO - Filling up the DagBag from /opt/airflow/dags/data_ingestion_gcs_dag.py
[2022-07-24 17:21:58,838] {processor.py:654} INFO - DAG(s) dict_keys(['data_ingestion_gcs_dag']) retrieved from /opt/airflow/dags/data_ingestion_gcs_dag.py
[2022-07-24 17:21:58,849] {logging_mixin.py:109} INFO - [2022-07-24 17:21:58,849] {dag.py:2396} INFO - Sync 1 DAGs
[2022-07-24 17:21:58,872] {processor.py:171} INFO - Processing /opt/airflow/dags/data_ingestion_gcs_dag.py took 1.112 seconds
[2022-07-24 17:22:28,969] {processor.py:163} INFO - Started process (PID=259) to work on /opt/airflow/dags/data_ingestion_gcs_dag.py
[2022-07-24 17:22:28,970] {processor.py:642} INFO - Processing file /opt/airflow/dags/data_ingestion_gcs_dag.py for tasks to queue
[2022-07-24 17:22:28,970] {logging_mixin.py:109} INFO - [2022-07-24 17:22:28,970] {dagbag.py:500} INFO - Filling up the DagBag from /opt/airflow/dags/data_ingestion_gcs_dag.py
[2022-07-24 17:22:29,599] {processor.py:654} INFO - DAG(s) dict_keys(['data_ingestion_gcs_dag']) retrieved from /opt/airflow/dags/data_ingestion_gcs_dag.py
[2022-07-24 17:22:29,607] {logging_mixin.py:109} INFO - [2022-07-24 17:22:29,606] {dag.py:2396} INFO - Sync 1 DAGs
[2022-07-24 17:22:29,621] {processor.py:171} INFO - Processing /opt/airflow/dags/data_ingestion_gcs_dag.py took 0.655 seconds
[2022-07-24 17:22:59,697] {processor.py:163} INFO - Started process (PID=303) to work on /opt/airflow/dags/data_ingestion_gcs_dag.py
[2022-07-24 17:22:59,698] {processor.py:642} INFO - Processing file /opt/airflow/dags/data_ingestion_gcs_dag.py for tasks to queue
[2022-07-24 17:22:59,698] {logging_mixin.py:109} INFO - [2022-07-24 17:22:59,698] {dagbag.py:500} INFO - Filling up the DagBag from /opt/airflow/dags/data_ingestion_gcs_dag.py
[2022-07-24 17:23:00,393] {processor.py:654} INFO - DAG(s) dict_keys(['data_ingestion_gcs_dag']) retrieved from /opt/airflow/dags/data_ingestion_gcs_dag.py
[2022-07-24 17:23:00,401] {logging_mixin.py:109} INFO - [2022-07-24 17:23:00,400] {dag.py:2396} INFO - Sync 1 DAGs
[2022-07-24 17:23:00,416] {processor.py:171} INFO - Processing /opt/airflow/dags/data_ingestion_gcs_dag.py took 0.721 seconds
[2022-07-24 17:23:30,477] {processor.py:163} INFO - Started process (PID=338) to work on /opt/airflow/dags/data_ingestion_gcs_dag.py
[2022-07-24 17:23:30,478] {processor.py:642} INFO - Processing file /opt/airflow/dags/data_ingestion_gcs_dag.py for tasks to queue
[2022-07-24 17:23:30,479] {logging_mixin.py:109} INFO - [2022-07-24 17:23:30,478] {dagbag.py:500} INFO - Filling up the DagBag from /opt/airflow/dags/data_ingestion_gcs_dag.py
[2022-07-24 17:23:31,084] {processor.py:654} INFO - DAG(s) dict_keys(['data_ingestion_gcs_dag']) retrieved from /opt/airflow/dags/data_ingestion_gcs_dag.py
[2022-07-24 17:23:31,091] {logging_mixin.py:109} INFO - [2022-07-24 17:23:31,091] {dag.py:2396} INFO - Sync 1 DAGs
[2022-07-24 17:23:31,109] {processor.py:171} INFO - Processing /opt/airflow/dags/data_ingestion_gcs_dag.py took 0.633 seconds
[2022-07-24 17:24:01,186] {processor.py:163} INFO - Started process (PID=382) to work on /opt/airflow/dags/data_ingestion_gcs_dag.py
[2022-07-24 17:24:01,187] {processor.py:642} INFO - Processing file /opt/airflow/dags/data_ingestion_gcs_dag.py for tasks to queue
[2022-07-24 17:24:01,187] {logging_mixin.py:109} INFO - [2022-07-24 17:24:01,187] {dagbag.py:500} INFO - Filling up the DagBag from /opt/airflow/dags/data_ingestion_gcs_dag.py
[2022-07-24 17:24:01,883] {processor.py:654} INFO - DAG(s) dict_keys(['data_ingestion_gcs_dag']) retrieved from /opt/airflow/dags/data_ingestion_gcs_dag.py
[2022-07-24 17:24:01,893] {logging_mixin.py:109} INFO - [2022-07-24 17:24:01,892] {dag.py:2396} INFO - Sync 1 DAGs
[2022-07-24 17:24:01,914] {processor.py:171} INFO - Processing /opt/airflow/dags/data_ingestion_gcs_dag.py took 0.730 seconds
[2022-07-24 17:24:31,994] {processor.py:163} INFO - Started process (PID=417) to work on /opt/airflow/dags/data_ingestion_gcs_dag.py
[2022-07-24 17:24:31,995] {processor.py:642} INFO - Processing file /opt/airflow/dags/data_ingestion_gcs_dag.py for tasks to queue
[2022-07-24 17:24:31,995] {logging_mixin.py:109} INFO - [2022-07-24 17:24:31,995] {dagbag.py:500} INFO - Filling up the DagBag from /opt/airflow/dags/data_ingestion_gcs_dag.py
[2022-07-24 17:24:32,777] {processor.py:654} INFO - DAG(s) dict_keys(['data_ingestion_gcs_dag']) retrieved from /opt/airflow/dags/data_ingestion_gcs_dag.py
[2022-07-24 17:24:32,784] {logging_mixin.py:109} INFO - [2022-07-24 17:24:32,784] {dag.py:2396} INFO - Sync 1 DAGs
[2022-07-24 17:24:32,829] {processor.py:171} INFO - Processing /opt/airflow/dags/data_ingestion_gcs_dag.py took 0.837 seconds
[2022-07-24 17:25:02,915] {processor.py:163} INFO - Started process (PID=461) to work on /opt/airflow/dags/data_ingestion_gcs_dag.py
[2022-07-24 17:25:02,916] {processor.py:642} INFO - Processing file /opt/airflow/dags/data_ingestion_gcs_dag.py for tasks to queue
[2022-07-24 17:25:02,916] {logging_mixin.py:109} INFO - [2022-07-24 17:25:02,916] {dagbag.py:500} INFO - Filling up the DagBag from /opt/airflow/dags/data_ingestion_gcs_dag.py
[2022-07-24 17:25:03,676] {processor.py:654} INFO - DAG(s) dict_keys(['data_ingestion_gcs_dag']) retrieved from /opt/airflow/dags/data_ingestion_gcs_dag.py
[2022-07-24 17:25:03,685] {logging_mixin.py:109} INFO - [2022-07-24 17:25:03,684] {dag.py:2396} INFO - Sync 1 DAGs
[2022-07-24 17:25:03,705] {processor.py:171} INFO - Processing /opt/airflow/dags/data_ingestion_gcs_dag.py took 0.793 seconds
[2022-07-24 17:25:33,776] {processor.py:163} INFO - Started process (PID=496) to work on /opt/airflow/dags/data_ingestion_gcs_dag.py
[2022-07-24 17:25:33,777] {processor.py:642} INFO - Processing file /opt/airflow/dags/data_ingestion_gcs_dag.py for tasks to queue
[2022-07-24 17:25:33,778] {logging_mixin.py:109} INFO - [2022-07-24 17:25:33,778] {dagbag.py:500} INFO - Filling up the DagBag from /opt/airflow/dags/data_ingestion_gcs_dag.py
[2022-07-24 17:25:34,572] {processor.py:654} INFO - DAG(s) dict_keys(['data_ingestion_gcs_dag']) retrieved from /opt/airflow/dags/data_ingestion_gcs_dag.py
[2022-07-24 17:25:34,579] {logging_mixin.py:109} INFO - [2022-07-24 17:25:34,579] {dag.py:2396} INFO - Sync 1 DAGs
[2022-07-24 17:25:34,595] {processor.py:171} INFO - Processing /opt/airflow/dags/data_ingestion_gcs_dag.py took 0.821 seconds
[2022-07-24 17:26:04,656] {processor.py:163} INFO - Started process (PID=540) to work on /opt/airflow/dags/data_ingestion_gcs_dag.py
[2022-07-24 17:26:04,658] {processor.py:642} INFO - Processing file /opt/airflow/dags/data_ingestion_gcs_dag.py for tasks to queue
[2022-07-24 17:26:04,658] {logging_mixin.py:109} INFO - [2022-07-24 17:26:04,658] {dagbag.py:500} INFO - Filling up the DagBag from /opt/airflow/dags/data_ingestion_gcs_dag.py
[2022-07-24 17:26:05,501] {processor.py:654} INFO - DAG(s) dict_keys(['data_ingestion_gcs_dag']) retrieved from /opt/airflow/dags/data_ingestion_gcs_dag.py
[2022-07-24 17:26:05,532] {logging_mixin.py:109} INFO - [2022-07-24 17:26:05,532] {dag.py:2396} INFO - Sync 1 DAGs
[2022-07-24 17:26:05,553] {processor.py:171} INFO - Processing /opt/airflow/dags/data_ingestion_gcs_dag.py took 0.899 seconds
[2022-07-24 17:26:35,613] {processor.py:163} INFO - Started process (PID=575) to work on /opt/airflow/dags/data_ingestion_gcs_dag.py
[2022-07-24 17:26:35,614] {processor.py:642} INFO - Processing file /opt/airflow/dags/data_ingestion_gcs_dag.py for tasks to queue
[2022-07-24 17:26:35,614] {logging_mixin.py:109} INFO - [2022-07-24 17:26:35,614] {dagbag.py:500} INFO - Filling up the DagBag from /opt/airflow/dags/data_ingestion_gcs_dag.py
[2022-07-24 17:26:36,304] {processor.py:654} INFO - DAG(s) dict_keys(['data_ingestion_gcs_dag']) retrieved from /opt/airflow/dags/data_ingestion_gcs_dag.py
[2022-07-24 17:26:36,311] {logging_mixin.py:109} INFO - [2022-07-24 17:26:36,311] {dag.py:2396} INFO - Sync 1 DAGs
[2022-07-24 17:26:36,326] {processor.py:171} INFO - Processing /opt/airflow/dags/data_ingestion_gcs_dag.py took 0.715 seconds
[2022-07-24 17:27:06,405] {processor.py:163} INFO - Started process (PID=619) to work on /opt/airflow/dags/data_ingestion_gcs_dag.py
[2022-07-24 17:27:06,406] {processor.py:642} INFO - Processing file /opt/airflow/dags/data_ingestion_gcs_dag.py for tasks to queue
[2022-07-24 17:27:06,406] {logging_mixin.py:109} INFO - [2022-07-24 17:27:06,406] {dagbag.py:500} INFO - Filling up the DagBag from /opt/airflow/dags/data_ingestion_gcs_dag.py
[2022-07-24 17:27:07,118] {processor.py:654} INFO - DAG(s) dict_keys(['data_ingestion_gcs_dag']) retrieved from /opt/airflow/dags/data_ingestion_gcs_dag.py
[2022-07-24 17:27:07,124] {logging_mixin.py:109} INFO - [2022-07-24 17:27:07,124] {dag.py:2396} INFO - Sync 1 DAGs
[2022-07-24 17:27:07,141] {processor.py:171} INFO - Processing /opt/airflow/dags/data_ingestion_gcs_dag.py took 0.738 seconds
[2022-07-24 17:27:37,203] {processor.py:163} INFO - Started process (PID=663) to work on /opt/airflow/dags/data_ingestion_gcs_dag.py
[2022-07-24 17:27:37,204] {processor.py:642} INFO - Processing file /opt/airflow/dags/data_ingestion_gcs_dag.py for tasks to queue
[2022-07-24 17:27:37,205] {logging_mixin.py:109} INFO - [2022-07-24 17:27:37,205] {dagbag.py:500} INFO - Filling up the DagBag from /opt/airflow/dags/data_ingestion_gcs_dag.py
[2022-07-24 17:27:37,895] {processor.py:654} INFO - DAG(s) dict_keys(['data_ingestion_gcs_dag']) retrieved from /opt/airflow/dags/data_ingestion_gcs_dag.py
[2022-07-24 17:27:37,902] {logging_mixin.py:109} INFO - [2022-07-24 17:27:37,902] {dag.py:2396} INFO - Sync 1 DAGs
[2022-07-24 17:27:37,920] {processor.py:171} INFO - Processing /opt/airflow/dags/data_ingestion_gcs_dag.py took 0.719 seconds
[2022-07-24 17:28:07,974] {processor.py:163} INFO - Started process (PID=698) to work on /opt/airflow/dags/data_ingestion_gcs_dag.py
[2022-07-24 17:28:07,975] {processor.py:642} INFO - Processing file /opt/airflow/dags/data_ingestion_gcs_dag.py for tasks to queue
[2022-07-24 17:28:07,975] {logging_mixin.py:109} INFO - [2022-07-24 17:28:07,975] {dagbag.py:500} INFO - Filling up the DagBag from /opt/airflow/dags/data_ingestion_gcs_dag.py
[2022-07-24 17:28:08,611] {processor.py:654} INFO - DAG(s) dict_keys(['data_ingestion_gcs_dag']) retrieved from /opt/airflow/dags/data_ingestion_gcs_dag.py
[2022-07-24 17:28:08,618] {logging_mixin.py:109} INFO - [2022-07-24 17:28:08,617] {dag.py:2396} INFO - Sync 1 DAGs
[2022-07-24 17:28:08,633] {processor.py:171} INFO - Processing /opt/airflow/dags/data_ingestion_gcs_dag.py took 0.661 seconds
[2022-07-24 17:28:38,710] {processor.py:163} INFO - Started process (PID=742) to work on /opt/airflow/dags/data_ingestion_gcs_dag.py
[2022-07-24 17:28:38,710] {processor.py:642} INFO - Processing file /opt/airflow/dags/data_ingestion_gcs_dag.py for tasks to queue
[2022-07-24 17:28:38,711] {logging_mixin.py:109} INFO - [2022-07-24 17:28:38,711] {dagbag.py:500} INFO - Filling up the DagBag from /opt/airflow/dags/data_ingestion_gcs_dag.py
[2022-07-24 17:28:39,307] {processor.py:654} INFO - DAG(s) dict_keys(['data_ingestion_gcs_dag']) retrieved from /opt/airflow/dags/data_ingestion_gcs_dag.py
[2022-07-24 17:28:39,314] {logging_mixin.py:109} INFO - [2022-07-24 17:28:39,313] {dag.py:2396} INFO - Sync 1 DAGs
[2022-07-24 17:28:39,329] {processor.py:171} INFO - Processing /opt/airflow/dags/data_ingestion_gcs_dag.py took 0.621 seconds
[2022-07-24 17:29:09,405] {processor.py:163} INFO - Started process (PID=777) to work on /opt/airflow/dags/data_ingestion_gcs_dag.py
[2022-07-24 17:29:09,406] {processor.py:642} INFO - Processing file /opt/airflow/dags/data_ingestion_gcs_dag.py for tasks to queue
[2022-07-24 17:29:09,407] {logging_mixin.py:109} INFO - [2022-07-24 17:29:09,407] {dagbag.py:500} INFO - Filling up the DagBag from /opt/airflow/dags/data_ingestion_gcs_dag.py
[2022-07-24 17:29:10,369] {processor.py:654} INFO - DAG(s) dict_keys(['data_ingestion_gcs_dag']) retrieved from /opt/airflow/dags/data_ingestion_gcs_dag.py
[2022-07-24 17:29:10,379] {logging_mixin.py:109} INFO - [2022-07-24 17:29:10,378] {dag.py:2396} INFO - Sync 1 DAGs
[2022-07-24 17:29:10,400] {processor.py:171} INFO - Processing /opt/airflow/dags/data_ingestion_gcs_dag.py took 1.000 seconds
[2022-07-24 17:29:40,483] {processor.py:163} INFO - Started process (PID=821) to work on /opt/airflow/dags/data_ingestion_gcs_dag.py
[2022-07-24 17:29:40,484] {processor.py:642} INFO - Processing file /opt/airflow/dags/data_ingestion_gcs_dag.py for tasks to queue
[2022-07-24 17:29:40,485] {logging_mixin.py:109} INFO - [2022-07-24 17:29:40,485] {dagbag.py:500} INFO - Filling up the DagBag from /opt/airflow/dags/data_ingestion_gcs_dag.py
[2022-07-24 17:29:41,226] {processor.py:654} INFO - DAG(s) dict_keys(['data_ingestion_gcs_dag']) retrieved from /opt/airflow/dags/data_ingestion_gcs_dag.py
[2022-07-24 17:29:41,232] {logging_mixin.py:109} INFO - [2022-07-24 17:29:41,232] {dag.py:2396} INFO - Sync 1 DAGs
[2022-07-24 17:29:41,248] {processor.py:171} INFO - Processing /opt/airflow/dags/data_ingestion_gcs_dag.py took 0.767 seconds
[2022-07-24 17:30:11,353] {processor.py:163} INFO - Started process (PID=856) to work on /opt/airflow/dags/data_ingestion_gcs_dag.py
[2022-07-24 17:30:11,354] {processor.py:642} INFO - Processing file /opt/airflow/dags/data_ingestion_gcs_dag.py for tasks to queue
[2022-07-24 17:30:11,354] {logging_mixin.py:109} INFO - [2022-07-24 17:30:11,354] {dagbag.py:500} INFO - Filling up the DagBag from /opt/airflow/dags/data_ingestion_gcs_dag.py
[2022-07-24 17:30:12,002] {processor.py:654} INFO - DAG(s) dict_keys(['data_ingestion_gcs_dag']) retrieved from /opt/airflow/dags/data_ingestion_gcs_dag.py
[2022-07-24 17:30:12,009] {logging_mixin.py:109} INFO - [2022-07-24 17:30:12,009] {dag.py:2396} INFO - Sync 1 DAGs
[2022-07-24 17:30:12,025] {processor.py:171} INFO - Processing /opt/airflow/dags/data_ingestion_gcs_dag.py took 0.674 seconds
[2022-07-24 17:30:42,085] {processor.py:163} INFO - Started process (PID=900) to work on /opt/airflow/dags/data_ingestion_gcs_dag.py
[2022-07-24 17:30:42,086] {processor.py:642} INFO - Processing file /opt/airflow/dags/data_ingestion_gcs_dag.py for tasks to queue
[2022-07-24 17:30:42,087] {logging_mixin.py:109} INFO - [2022-07-24 17:30:42,087] {dagbag.py:500} INFO - Filling up the DagBag from /opt/airflow/dags/data_ingestion_gcs_dag.py
[2022-07-24 17:30:42,719] {processor.py:654} INFO - DAG(s) dict_keys(['data_ingestion_gcs_dag']) retrieved from /opt/airflow/dags/data_ingestion_gcs_dag.py
[2022-07-24 17:30:42,725] {logging_mixin.py:109} INFO - [2022-07-24 17:30:42,725] {dag.py:2396} INFO - Sync 1 DAGs
[2022-07-24 17:30:42,743] {processor.py:171} INFO - Processing /opt/airflow/dags/data_ingestion_gcs_dag.py took 0.660 seconds
[2022-07-24 17:31:12,828] {processor.py:163} INFO - Started process (PID=944) to work on /opt/airflow/dags/data_ingestion_gcs_dag.py
[2022-07-24 17:31:12,829] {processor.py:642} INFO - Processing file /opt/airflow/dags/data_ingestion_gcs_dag.py for tasks to queue
[2022-07-24 17:31:12,830] {logging_mixin.py:109} INFO - [2022-07-24 17:31:12,829] {dagbag.py:500} INFO - Filling up the DagBag from /opt/airflow/dags/data_ingestion_gcs_dag.py
[2022-07-24 17:31:14,564] {processor.py:654} INFO - DAG(s) dict_keys(['data_ingestion_gcs_dag']) retrieved from /opt/airflow/dags/data_ingestion_gcs_dag.py
[2022-07-24 17:31:14,627] {logging_mixin.py:109} INFO - [2022-07-24 17:31:14,627] {dag.py:2396} INFO - Sync 1 DAGs
[2022-07-24 17:31:14,645] {processor.py:171} INFO - Processing /opt/airflow/dags/data_ingestion_gcs_dag.py took 1.819 seconds
[2022-07-24 17:31:44,740] {processor.py:163} INFO - Started process (PID=979) to work on /opt/airflow/dags/data_ingestion_gcs_dag.py
[2022-07-24 17:31:44,741] {processor.py:642} INFO - Processing file /opt/airflow/dags/data_ingestion_gcs_dag.py for tasks to queue
[2022-07-24 17:31:44,741] {logging_mixin.py:109} INFO - [2022-07-24 17:31:44,741] {dagbag.py:500} INFO - Filling up the DagBag from /opt/airflow/dags/data_ingestion_gcs_dag.py
[2022-07-24 17:31:45,413] {processor.py:654} INFO - DAG(s) dict_keys(['data_ingestion_gcs_dag']) retrieved from /opt/airflow/dags/data_ingestion_gcs_dag.py
[2022-07-24 17:31:45,419] {logging_mixin.py:109} INFO - [2022-07-24 17:31:45,419] {dag.py:2396} INFO - Sync 1 DAGs
[2022-07-24 17:31:45,435] {processor.py:171} INFO - Processing /opt/airflow/dags/data_ingestion_gcs_dag.py took 0.697 seconds
[2022-07-24 17:32:15,499] {processor.py:163} INFO - Started process (PID=1023) to work on /opt/airflow/dags/data_ingestion_gcs_dag.py
[2022-07-24 17:32:15,500] {processor.py:642} INFO - Processing file /opt/airflow/dags/data_ingestion_gcs_dag.py for tasks to queue
[2022-07-24 17:32:15,500] {logging_mixin.py:109} INFO - [2022-07-24 17:32:15,500] {dagbag.py:500} INFO - Filling up the DagBag from /opt/airflow/dags/data_ingestion_gcs_dag.py
[2022-07-24 17:32:16,663] {processor.py:654} INFO - DAG(s) dict_keys(['data_ingestion_gcs_dag']) retrieved from /opt/airflow/dags/data_ingestion_gcs_dag.py
[2022-07-24 17:32:16,670] {logging_mixin.py:109} INFO - [2022-07-24 17:32:16,670] {dag.py:2396} INFO - Sync 1 DAGs
[2022-07-24 17:32:16,682] {logging_mixin.py:109} INFO - [2022-07-24 17:32:16,682] {dag.py:2935} INFO - Setting next_dagrun for data_ingestion_gcs_dag to 2022-07-24T00:00:00+00:00
[2022-07-24 17:32:16,727] {processor.py:171} INFO - Processing /opt/airflow/dags/data_ingestion_gcs_dag.py took 1.230 seconds
[2022-07-24 17:32:46,792] {processor.py:163} INFO - Started process (PID=1058) to work on /opt/airflow/dags/data_ingestion_gcs_dag.py
[2022-07-24 17:32:46,793] {processor.py:642} INFO - Processing file /opt/airflow/dags/data_ingestion_gcs_dag.py for tasks to queue
[2022-07-24 17:32:46,793] {logging_mixin.py:109} INFO - [2022-07-24 17:32:46,793] {dagbag.py:500} INFO - Filling up the DagBag from /opt/airflow/dags/data_ingestion_gcs_dag.py
[2022-07-24 17:32:47,494] {processor.py:654} INFO - DAG(s) dict_keys(['data_ingestion_gcs_dag']) retrieved from /opt/airflow/dags/data_ingestion_gcs_dag.py
[2022-07-24 17:32:47,502] {logging_mixin.py:109} INFO - [2022-07-24 17:32:47,501] {dag.py:2396} INFO - Sync 1 DAGs
[2022-07-24 17:32:47,514] {logging_mixin.py:109} INFO - [2022-07-24 17:32:47,514] {dag.py:2935} INFO - Setting next_dagrun for data_ingestion_gcs_dag to 2022-07-24T00:00:00+00:00
[2022-07-24 17:32:47,520] {processor.py:171} INFO - Processing /opt/airflow/dags/data_ingestion_gcs_dag.py took 0.730 seconds
[2022-07-24 17:33:17,623] {processor.py:163} INFO - Started process (PID=1102) to work on /opt/airflow/dags/data_ingestion_gcs_dag.py
[2022-07-24 17:33:17,624] {processor.py:642} INFO - Processing file /opt/airflow/dags/data_ingestion_gcs_dag.py for tasks to queue
[2022-07-24 17:33:17,625] {logging_mixin.py:109} INFO - [2022-07-24 17:33:17,625] {dagbag.py:500} INFO - Filling up the DagBag from /opt/airflow/dags/data_ingestion_gcs_dag.py
[2022-07-24 17:33:18,361] {processor.py:654} INFO - DAG(s) dict_keys(['data_ingestion_gcs_dag']) retrieved from /opt/airflow/dags/data_ingestion_gcs_dag.py
[2022-07-24 17:33:18,369] {logging_mixin.py:109} INFO - [2022-07-24 17:33:18,369] {dag.py:2396} INFO - Sync 1 DAGs
[2022-07-24 17:33:18,381] {logging_mixin.py:109} INFO - [2022-07-24 17:33:18,381] {dag.py:2935} INFO - Setting next_dagrun for data_ingestion_gcs_dag to 2022-07-24T00:00:00+00:00
[2022-07-24 17:33:18,387] {processor.py:171} INFO - Processing /opt/airflow/dags/data_ingestion_gcs_dag.py took 0.766 seconds
[2022-07-24 17:33:48,459] {processor.py:163} INFO - Started process (PID=1137) to work on /opt/airflow/dags/data_ingestion_gcs_dag.py
[2022-07-24 17:33:48,461] {processor.py:642} INFO - Processing file /opt/airflow/dags/data_ingestion_gcs_dag.py for tasks to queue
[2022-07-24 17:33:48,461] {logging_mixin.py:109} INFO - [2022-07-24 17:33:48,461] {dagbag.py:500} INFO - Filling up the DagBag from /opt/airflow/dags/data_ingestion_gcs_dag.py
[2022-07-24 17:33:49,138] {processor.py:654} INFO - DAG(s) dict_keys(['data_ingestion_gcs_dag']) retrieved from /opt/airflow/dags/data_ingestion_gcs_dag.py
[2022-07-24 17:33:49,145] {logging_mixin.py:109} INFO - [2022-07-24 17:33:49,145] {dag.py:2396} INFO - Sync 1 DAGs
[2022-07-24 17:33:49,159] {logging_mixin.py:109} INFO - [2022-07-24 17:33:49,158] {dag.py:2935} INFO - Setting next_dagrun for data_ingestion_gcs_dag to 2022-07-24T00:00:00+00:00
[2022-07-24 17:33:49,165] {processor.py:171} INFO - Processing /opt/airflow/dags/data_ingestion_gcs_dag.py took 0.708 seconds
[2022-07-24 17:34:19,247] {processor.py:163} INFO - Started process (PID=1182) to work on /opt/airflow/dags/data_ingestion_gcs_dag.py
[2022-07-24 17:34:19,248] {processor.py:642} INFO - Processing file /opt/airflow/dags/data_ingestion_gcs_dag.py for tasks to queue
[2022-07-24 17:34:19,248] {logging_mixin.py:109} INFO - [2022-07-24 17:34:19,248] {dagbag.py:500} INFO - Filling up the DagBag from /opt/airflow/dags/data_ingestion_gcs_dag.py
[2022-07-24 17:34:20,042] {processor.py:654} INFO - DAG(s) dict_keys(['data_ingestion_gcs_dag']) retrieved from /opt/airflow/dags/data_ingestion_gcs_dag.py
[2022-07-24 17:34:20,049] {logging_mixin.py:109} INFO - [2022-07-24 17:34:20,049] {dag.py:2396} INFO - Sync 1 DAGs
[2022-07-24 17:34:20,062] {logging_mixin.py:109} INFO - [2022-07-24 17:34:20,062] {dag.py:2935} INFO - Setting next_dagrun for data_ingestion_gcs_dag to 2022-07-24T00:00:00+00:00
[2022-07-24 17:34:20,068] {processor.py:171} INFO - Processing /opt/airflow/dags/data_ingestion_gcs_dag.py took 0.824 seconds
[2022-07-24 17:34:50,103] {processor.py:163} INFO - Started process (PID=1226) to work on /opt/airflow/dags/data_ingestion_gcs_dag.py
[2022-07-24 17:34:50,104] {processor.py:642} INFO - Processing file /opt/airflow/dags/data_ingestion_gcs_dag.py for tasks to queue
[2022-07-24 17:34:50,105] {logging_mixin.py:109} INFO - [2022-07-24 17:34:50,104] {dagbag.py:500} INFO - Filling up the DagBag from /opt/airflow/dags/data_ingestion_gcs_dag.py
[2022-07-24 17:34:50,819] {processor.py:654} INFO - DAG(s) dict_keys(['data_ingestion_gcs_dag']) retrieved from /opt/airflow/dags/data_ingestion_gcs_dag.py
[2022-07-24 17:34:50,826] {logging_mixin.py:109} INFO - [2022-07-24 17:34:50,826] {dag.py:2396} INFO - Sync 1 DAGs
[2022-07-24 17:34:50,839] {logging_mixin.py:109} INFO - [2022-07-24 17:34:50,839] {dag.py:2935} INFO - Setting next_dagrun for data_ingestion_gcs_dag to 2022-07-24T00:00:00+00:00
[2022-07-24 17:34:50,845] {processor.py:171} INFO - Processing /opt/airflow/dags/data_ingestion_gcs_dag.py took 0.745 seconds
[2022-07-24 17:35:20,924] {processor.py:163} INFO - Started process (PID=1261) to work on /opt/airflow/dags/data_ingestion_gcs_dag.py
[2022-07-24 17:35:20,925] {processor.py:642} INFO - Processing file /opt/airflow/dags/data_ingestion_gcs_dag.py for tasks to queue
[2022-07-24 17:35:20,925] {logging_mixin.py:109} INFO - [2022-07-24 17:35:20,925] {dagbag.py:500} INFO - Filling up the DagBag from /opt/airflow/dags/data_ingestion_gcs_dag.py
[2022-07-24 17:35:21,639] {processor.py:654} INFO - DAG(s) dict_keys(['data_ingestion_gcs_dag']) retrieved from /opt/airflow/dags/data_ingestion_gcs_dag.py
[2022-07-24 17:35:21,646] {logging_mixin.py:109} INFO - [2022-07-24 17:35:21,645] {dag.py:2396} INFO - Sync 1 DAGs
[2022-07-24 17:35:21,658] {logging_mixin.py:109} INFO - [2022-07-24 17:35:21,658] {dag.py:2935} INFO - Setting next_dagrun for data_ingestion_gcs_dag to 2022-07-24T00:00:00+00:00
[2022-07-24 17:35:21,664] {processor.py:171} INFO - Processing /opt/airflow/dags/data_ingestion_gcs_dag.py took 0.742 seconds
[2022-07-24 17:35:51,724] {processor.py:163} INFO - Started process (PID=1305) to work on /opt/airflow/dags/data_ingestion_gcs_dag.py
[2022-07-24 17:35:51,725] {processor.py:642} INFO - Processing file /opt/airflow/dags/data_ingestion_gcs_dag.py for tasks to queue
[2022-07-24 17:35:51,725] {logging_mixin.py:109} INFO - [2022-07-24 17:35:51,725] {dagbag.py:500} INFO - Filling up the DagBag from /opt/airflow/dags/data_ingestion_gcs_dag.py
[2022-07-24 17:35:52,447] {processor.py:654} INFO - DAG(s) dict_keys(['data_ingestion_gcs_dag']) retrieved from /opt/airflow/dags/data_ingestion_gcs_dag.py
[2022-07-24 17:35:52,455] {logging_mixin.py:109} INFO - [2022-07-24 17:35:52,454] {dag.py:2396} INFO - Sync 1 DAGs
[2022-07-24 17:35:52,469] {logging_mixin.py:109} INFO - [2022-07-24 17:35:52,469] {dag.py:2935} INFO - Setting next_dagrun for data_ingestion_gcs_dag to 2022-07-24T00:00:00+00:00
[2022-07-24 17:35:52,475] {processor.py:171} INFO - Processing /opt/airflow/dags/data_ingestion_gcs_dag.py took 0.753 seconds
[2022-07-24 17:36:47,673] {processor.py:163} INFO - Started process (PID=48) to work on /opt/airflow/dags/data_ingestion_gcs_dag.py
[2022-07-24 17:36:47,674] {processor.py:642} INFO - Processing file /opt/airflow/dags/data_ingestion_gcs_dag.py for tasks to queue
[2022-07-24 17:36:47,674] {logging_mixin.py:109} INFO - [2022-07-24 17:36:47,674] {dagbag.py:500} INFO - Filling up the DagBag from /opt/airflow/dags/data_ingestion_gcs_dag.py
[2022-07-24 17:36:49,611] {processor.py:654} INFO - DAG(s) dict_keys(['data_ingestion_gcs_dag']) retrieved from /opt/airflow/dags/data_ingestion_gcs_dag.py
[2022-07-24 17:36:49,626] {logging_mixin.py:109} INFO - [2022-07-24 17:36:49,625] {dag.py:2396} INFO - Sync 1 DAGs
[2022-07-24 17:36:49,640] {logging_mixin.py:109} INFO - [2022-07-24 17:36:49,640] {dag.py:2935} INFO - Setting next_dagrun for data_ingestion_gcs_dag to 2022-07-24T00:00:00+00:00
[2022-07-24 17:36:49,647] {processor.py:171} INFO - Processing /opt/airflow/dags/data_ingestion_gcs_dag.py took 1.975 seconds
[2022-07-24 17:37:19,798] {processor.py:163} INFO - Started process (PID=92) to work on /opt/airflow/dags/data_ingestion_gcs_dag.py
[2022-07-24 17:37:19,799] {processor.py:642} INFO - Processing file /opt/airflow/dags/data_ingestion_gcs_dag.py for tasks to queue
[2022-07-24 17:37:19,799] {logging_mixin.py:109} INFO - [2022-07-24 17:37:19,799] {dagbag.py:500} INFO - Filling up the DagBag from /opt/airflow/dags/data_ingestion_gcs_dag.py
[2022-07-24 17:37:20,506] {processor.py:654} INFO - DAG(s) dict_keys(['data_ingestion_gcs_dag']) retrieved from /opt/airflow/dags/data_ingestion_gcs_dag.py
[2022-07-24 17:37:20,515] {logging_mixin.py:109} INFO - [2022-07-24 17:37:20,514] {dag.py:2396} INFO - Sync 1 DAGs
[2022-07-24 17:37:20,527] {logging_mixin.py:109} INFO - [2022-07-24 17:37:20,527] {dag.py:2935} INFO - Setting next_dagrun for data_ingestion_gcs_dag to 2022-07-24T00:00:00+00:00
[2022-07-24 17:37:20,533] {processor.py:171} INFO - Processing /opt/airflow/dags/data_ingestion_gcs_dag.py took 0.737 seconds
[2022-07-24 17:37:50,612] {processor.py:163} INFO - Started process (PID=128) to work on /opt/airflow/dags/data_ingestion_gcs_dag.py
[2022-07-24 17:37:50,613] {processor.py:642} INFO - Processing file /opt/airflow/dags/data_ingestion_gcs_dag.py for tasks to queue
[2022-07-24 17:37:50,613] {logging_mixin.py:109} INFO - [2022-07-24 17:37:50,613] {dagbag.py:500} INFO - Filling up the DagBag from /opt/airflow/dags/data_ingestion_gcs_dag.py
[2022-07-24 17:37:51,301] {processor.py:654} INFO - DAG(s) dict_keys(['data_ingestion_gcs_dag']) retrieved from /opt/airflow/dags/data_ingestion_gcs_dag.py
[2022-07-24 17:37:51,308] {logging_mixin.py:109} INFO - [2022-07-24 17:37:51,308] {dag.py:2396} INFO - Sync 1 DAGs
[2022-07-24 17:37:51,323] {processor.py:171} INFO - Processing /opt/airflow/dags/data_ingestion_gcs_dag.py took 0.713 seconds
[2022-07-24 17:38:21,382] {processor.py:163} INFO - Started process (PID=172) to work on /opt/airflow/dags/data_ingestion_gcs_dag.py
[2022-07-24 17:38:21,383] {processor.py:642} INFO - Processing file /opt/airflow/dags/data_ingestion_gcs_dag.py for tasks to queue
[2022-07-24 17:38:21,383] {logging_mixin.py:109} INFO - [2022-07-24 17:38:21,383] {dagbag.py:500} INFO - Filling up the DagBag from /opt/airflow/dags/data_ingestion_gcs_dag.py
[2022-07-24 17:38:21,993] {processor.py:654} INFO - DAG(s) dict_keys(['data_ingestion_gcs_dag']) retrieved from /opt/airflow/dags/data_ingestion_gcs_dag.py
[2022-07-24 17:38:22,001] {logging_mixin.py:109} INFO - [2022-07-24 17:38:22,000] {dag.py:2396} INFO - Sync 1 DAGs
[2022-07-24 17:38:22,017] {processor.py:171} INFO - Processing /opt/airflow/dags/data_ingestion_gcs_dag.py took 0.637 seconds
[2022-07-24 17:38:52,085] {processor.py:163} INFO - Started process (PID=216) to work on /opt/airflow/dags/data_ingestion_gcs_dag.py
[2022-07-24 17:38:52,086] {processor.py:642} INFO - Processing file /opt/airflow/dags/data_ingestion_gcs_dag.py for tasks to queue
[2022-07-24 17:38:52,087] {logging_mixin.py:109} INFO - [2022-07-24 17:38:52,087] {dagbag.py:500} INFO - Filling up the DagBag from /opt/airflow/dags/data_ingestion_gcs_dag.py
[2022-07-24 17:38:53,232] {processor.py:654} INFO - DAG(s) dict_keys(['data_ingestion_gcs_dag']) retrieved from /opt/airflow/dags/data_ingestion_gcs_dag.py
[2022-07-24 17:38:53,240] {logging_mixin.py:109} INFO - [2022-07-24 17:38:53,240] {dag.py:2396} INFO - Sync 1 DAGs
[2022-07-24 17:38:53,257] {processor.py:171} INFO - Processing /opt/airflow/dags/data_ingestion_gcs_dag.py took 1.173 seconds
[2022-07-24 17:39:23,315] {processor.py:163} INFO - Started process (PID=250) to work on /opt/airflow/dags/data_ingestion_gcs_dag.py
[2022-07-24 17:39:23,316] {processor.py:642} INFO - Processing file /opt/airflow/dags/data_ingestion_gcs_dag.py for tasks to queue
[2022-07-24 17:39:23,317] {logging_mixin.py:109} INFO - [2022-07-24 17:39:23,316] {dagbag.py:500} INFO - Filling up the DagBag from /opt/airflow/dags/data_ingestion_gcs_dag.py
[2022-07-24 17:39:24,004] {processor.py:654} INFO - DAG(s) dict_keys(['data_ingestion_gcs_dag']) retrieved from /opt/airflow/dags/data_ingestion_gcs_dag.py
[2022-07-24 17:39:24,012] {logging_mixin.py:109} INFO - [2022-07-24 17:39:24,012] {dag.py:2396} INFO - Sync 1 DAGs
[2022-07-24 17:39:24,029] {processor.py:171} INFO - Processing /opt/airflow/dags/data_ingestion_gcs_dag.py took 0.715 seconds
[2022-07-24 17:39:54,104] {processor.py:163} INFO - Started process (PID=294) to work on /opt/airflow/dags/data_ingestion_gcs_dag.py
[2022-07-24 17:39:54,105] {processor.py:642} INFO - Processing file /opt/airflow/dags/data_ingestion_gcs_dag.py for tasks to queue
[2022-07-24 17:39:54,105] {logging_mixin.py:109} INFO - [2022-07-24 17:39:54,105] {dagbag.py:500} INFO - Filling up the DagBag from /opt/airflow/dags/data_ingestion_gcs_dag.py
[2022-07-24 17:39:54,706] {processor.py:654} INFO - DAG(s) dict_keys(['data_ingestion_gcs_dag']) retrieved from /opt/airflow/dags/data_ingestion_gcs_dag.py
[2022-07-24 17:39:54,713] {logging_mixin.py:109} INFO - [2022-07-24 17:39:54,712] {dag.py:2396} INFO - Sync 1 DAGs
[2022-07-24 17:39:54,728] {processor.py:171} INFO - Processing /opt/airflow/dags/data_ingestion_gcs_dag.py took 0.626 seconds
[2022-07-24 17:40:24,787] {processor.py:163} INFO - Started process (PID=329) to work on /opt/airflow/dags/data_ingestion_gcs_dag.py
[2022-07-24 17:40:24,788] {processor.py:642} INFO - Processing file /opt/airflow/dags/data_ingestion_gcs_dag.py for tasks to queue
[2022-07-24 17:40:24,789] {logging_mixin.py:109} INFO - [2022-07-24 17:40:24,788] {dagbag.py:500} INFO - Filling up the DagBag from /opt/airflow/dags/data_ingestion_gcs_dag.py
[2022-07-24 17:40:25,528] {processor.py:654} INFO - DAG(s) dict_keys(['data_ingestion_gcs_dag']) retrieved from /opt/airflow/dags/data_ingestion_gcs_dag.py
[2022-07-24 17:40:25,535] {logging_mixin.py:109} INFO - [2022-07-24 17:40:25,535] {dag.py:2396} INFO - Sync 1 DAGs
[2022-07-24 17:40:25,550] {processor.py:171} INFO - Processing /opt/airflow/dags/data_ingestion_gcs_dag.py took 0.765 seconds
[2022-07-24 17:40:55,607] {processor.py:163} INFO - Started process (PID=373) to work on /opt/airflow/dags/data_ingestion_gcs_dag.py
[2022-07-24 17:40:55,608] {processor.py:642} INFO - Processing file /opt/airflow/dags/data_ingestion_gcs_dag.py for tasks to queue
[2022-07-24 17:40:55,608] {logging_mixin.py:109} INFO - [2022-07-24 17:40:55,608] {dagbag.py:500} INFO - Filling up the DagBag from /opt/airflow/dags/data_ingestion_gcs_dag.py
[2022-07-24 17:40:56,376] {processor.py:654} INFO - DAG(s) dict_keys(['data_ingestion_gcs_dag']) retrieved from /opt/airflow/dags/data_ingestion_gcs_dag.py
[2022-07-24 17:40:56,383] {logging_mixin.py:109} INFO - [2022-07-24 17:40:56,383] {dag.py:2396} INFO - Sync 1 DAGs
[2022-07-24 17:40:56,402] {processor.py:171} INFO - Processing /opt/airflow/dags/data_ingestion_gcs_dag.py took 0.797 seconds
[2022-07-24 17:41:26,486] {processor.py:163} INFO - Started process (PID=408) to work on /opt/airflow/dags/data_ingestion_gcs_dag.py
[2022-07-24 17:41:26,487] {processor.py:642} INFO - Processing file /opt/airflow/dags/data_ingestion_gcs_dag.py for tasks to queue
[2022-07-24 17:41:26,487] {logging_mixin.py:109} INFO - [2022-07-24 17:41:26,487] {dagbag.py:500} INFO - Filling up the DagBag from /opt/airflow/dags/data_ingestion_gcs_dag.py
[2022-07-24 17:41:27,237] {processor.py:654} INFO - DAG(s) dict_keys(['data_ingestion_gcs_dag']) retrieved from /opt/airflow/dags/data_ingestion_gcs_dag.py
[2022-07-24 17:41:27,243] {logging_mixin.py:109} INFO - [2022-07-24 17:41:27,243] {dag.py:2396} INFO - Sync 1 DAGs
[2022-07-24 17:41:27,260] {processor.py:171} INFO - Processing /opt/airflow/dags/data_ingestion_gcs_dag.py took 0.777 seconds
[2022-07-24 17:41:57,322] {processor.py:163} INFO - Started process (PID=452) to work on /opt/airflow/dags/data_ingestion_gcs_dag.py
[2022-07-24 17:41:57,323] {processor.py:642} INFO - Processing file /opt/airflow/dags/data_ingestion_gcs_dag.py for tasks to queue
[2022-07-24 17:41:57,323] {logging_mixin.py:109} INFO - [2022-07-24 17:41:57,323] {dagbag.py:500} INFO - Filling up the DagBag from /opt/airflow/dags/data_ingestion_gcs_dag.py
[2022-07-24 17:41:57,989] {processor.py:654} INFO - DAG(s) dict_keys(['data_ingestion_gcs_dag']) retrieved from /opt/airflow/dags/data_ingestion_gcs_dag.py
[2022-07-24 17:41:57,996] {logging_mixin.py:109} INFO - [2022-07-24 17:41:57,996] {dag.py:2396} INFO - Sync 1 DAGs
[2022-07-24 17:41:58,011] {processor.py:171} INFO - Processing /opt/airflow/dags/data_ingestion_gcs_dag.py took 0.692 seconds
[2022-07-24 17:42:28,073] {processor.py:163} INFO - Started process (PID=487) to work on /opt/airflow/dags/data_ingestion_gcs_dag.py
[2022-07-24 17:42:28,074] {processor.py:642} INFO - Processing file /opt/airflow/dags/data_ingestion_gcs_dag.py for tasks to queue
[2022-07-24 17:42:28,075] {logging_mixin.py:109} INFO - [2022-07-24 17:42:28,075] {dagbag.py:500} INFO - Filling up the DagBag from /opt/airflow/dags/data_ingestion_gcs_dag.py
[2022-07-24 17:42:28,940] {processor.py:654} INFO - DAG(s) dict_keys(['data_ingestion_gcs_dag']) retrieved from /opt/airflow/dags/data_ingestion_gcs_dag.py
[2022-07-24 17:42:28,947] {logging_mixin.py:109} INFO - [2022-07-24 17:42:28,947] {dag.py:2396} INFO - Sync 1 DAGs
[2022-07-24 17:42:28,963] {processor.py:171} INFO - Processing /opt/airflow/dags/data_ingestion_gcs_dag.py took 0.892 seconds
[2022-07-24 17:42:59,014] {processor.py:163} INFO - Started process (PID=531) to work on /opt/airflow/dags/data_ingestion_gcs_dag.py
[2022-07-24 17:42:59,015] {processor.py:642} INFO - Processing file /opt/airflow/dags/data_ingestion_gcs_dag.py for tasks to queue
[2022-07-24 17:42:59,016] {logging_mixin.py:109} INFO - [2022-07-24 17:42:59,016] {dagbag.py:500} INFO - Filling up the DagBag from /opt/airflow/dags/data_ingestion_gcs_dag.py
[2022-07-24 17:42:59,694] {processor.py:654} INFO - DAG(s) dict_keys(['data_ingestion_gcs_dag']) retrieved from /opt/airflow/dags/data_ingestion_gcs_dag.py
[2022-07-24 17:42:59,702] {logging_mixin.py:109} INFO - [2022-07-24 17:42:59,701] {dag.py:2396} INFO - Sync 1 DAGs
[2022-07-24 17:42:59,713] {logging_mixin.py:109} INFO - [2022-07-24 17:42:59,713] {dag.py:2935} INFO - Setting next_dagrun for data_ingestion_gcs_dag to 2022-07-24T00:00:00+00:00
[2022-07-24 17:42:59,719] {processor.py:171} INFO - Processing /opt/airflow/dags/data_ingestion_gcs_dag.py took 0.706 seconds
[2022-07-24 17:43:29,800] {processor.py:163} INFO - Started process (PID=575) to work on /opt/airflow/dags/data_ingestion_gcs_dag.py
[2022-07-24 17:43:29,801] {processor.py:642} INFO - Processing file /opt/airflow/dags/data_ingestion_gcs_dag.py for tasks to queue
[2022-07-24 17:43:29,802] {logging_mixin.py:109} INFO - [2022-07-24 17:43:29,802] {dagbag.py:500} INFO - Filling up the DagBag from /opt/airflow/dags/data_ingestion_gcs_dag.py
[2022-07-24 17:43:30,480] {processor.py:654} INFO - DAG(s) dict_keys(['data_ingestion_gcs_dag']) retrieved from /opt/airflow/dags/data_ingestion_gcs_dag.py
[2022-07-24 17:43:30,486] {logging_mixin.py:109} INFO - [2022-07-24 17:43:30,486] {dag.py:2396} INFO - Sync 1 DAGs
[2022-07-24 17:43:30,497] {logging_mixin.py:109} INFO - [2022-07-24 17:43:30,497] {dag.py:2935} INFO - Setting next_dagrun for data_ingestion_gcs_dag to 2022-07-24T00:00:00+00:00
[2022-07-24 17:43:30,502] {processor.py:171} INFO - Processing /opt/airflow/dags/data_ingestion_gcs_dag.py took 0.704 seconds
[2022-07-24 17:44:00,562] {processor.py:163} INFO - Started process (PID=610) to work on /opt/airflow/dags/data_ingestion_gcs_dag.py
[2022-07-24 17:44:00,563] {processor.py:642} INFO - Processing file /opt/airflow/dags/data_ingestion_gcs_dag.py for tasks to queue
[2022-07-24 17:44:00,564] {logging_mixin.py:109} INFO - [2022-07-24 17:44:00,563] {dagbag.py:500} INFO - Filling up the DagBag from /opt/airflow/dags/data_ingestion_gcs_dag.py
[2022-07-24 17:44:01,181] {processor.py:654} INFO - DAG(s) dict_keys(['data_ingestion_gcs_dag']) retrieved from /opt/airflow/dags/data_ingestion_gcs_dag.py
[2022-07-24 17:44:01,188] {logging_mixin.py:109} INFO - [2022-07-24 17:44:01,188] {dag.py:2396} INFO - Sync 1 DAGs
[2022-07-24 17:44:01,200] {logging_mixin.py:109} INFO - [2022-07-24 17:44:01,200] {dag.py:2935} INFO - Setting next_dagrun for data_ingestion_gcs_dag to 2022-07-24T00:00:00+00:00
[2022-07-24 17:44:01,206] {processor.py:171} INFO - Processing /opt/airflow/dags/data_ingestion_gcs_dag.py took 0.646 seconds
[2022-07-24 17:44:31,274] {processor.py:163} INFO - Started process (PID=654) to work on /opt/airflow/dags/data_ingestion_gcs_dag.py
[2022-07-24 17:44:31,275] {processor.py:642} INFO - Processing file /opt/airflow/dags/data_ingestion_gcs_dag.py for tasks to queue
[2022-07-24 17:44:31,276] {logging_mixin.py:109} INFO - [2022-07-24 17:44:31,276] {dagbag.py:500} INFO - Filling up the DagBag from /opt/airflow/dags/data_ingestion_gcs_dag.py
[2022-07-24 17:44:31,892] {processor.py:654} INFO - DAG(s) dict_keys(['data_ingestion_gcs_dag']) retrieved from /opt/airflow/dags/data_ingestion_gcs_dag.py
[2022-07-24 17:44:31,898] {logging_mixin.py:109} INFO - [2022-07-24 17:44:31,898] {dag.py:2396} INFO - Sync 1 DAGs
[2022-07-24 17:44:31,909] {logging_mixin.py:109} INFO - [2022-07-24 17:44:31,909] {dag.py:2935} INFO - Setting next_dagrun for data_ingestion_gcs_dag to 2022-07-24T00:00:00+00:00
[2022-07-24 17:44:31,914] {processor.py:171} INFO - Processing /opt/airflow/dags/data_ingestion_gcs_dag.py took 0.642 seconds
[2022-07-24 17:45:45,610] {processor.py:163} INFO - Started process (PID=48) to work on /opt/airflow/dags/data_ingestion_gcs_dag.py
[2022-07-24 17:45:45,611] {processor.py:642} INFO - Processing file /opt/airflow/dags/data_ingestion_gcs_dag.py for tasks to queue
[2022-07-24 17:45:45,611] {logging_mixin.py:109} INFO - [2022-07-24 17:45:45,611] {dagbag.py:500} INFO - Filling up the DagBag from /opt/airflow/dags/data_ingestion_gcs_dag.py
[2022-07-24 17:45:47,468] {processor.py:654} INFO - DAG(s) dict_keys(['data_ingestion_gcs_dag']) retrieved from /opt/airflow/dags/data_ingestion_gcs_dag.py
[2022-07-24 17:45:47,475] {logging_mixin.py:109} INFO - [2022-07-24 17:45:47,475] {dag.py:2396} INFO - Sync 1 DAGs
[2022-07-24 17:45:47,489] {logging_mixin.py:109} INFO - [2022-07-24 17:45:47,489] {dag.py:2935} INFO - Setting next_dagrun for data_ingestion_gcs_dag to 2022-07-24T00:00:00+00:00
[2022-07-24 17:45:47,495] {processor.py:171} INFO - Processing /opt/airflow/dags/data_ingestion_gcs_dag.py took 1.887 seconds
[2022-07-24 17:46:17,590] {processor.py:163} INFO - Started process (PID=92) to work on /opt/airflow/dags/data_ingestion_gcs_dag.py
[2022-07-24 17:46:17,591] {processor.py:642} INFO - Processing file /opt/airflow/dags/data_ingestion_gcs_dag.py for tasks to queue
[2022-07-24 17:46:17,591] {logging_mixin.py:109} INFO - [2022-07-24 17:46:17,591] {dagbag.py:500} INFO - Filling up the DagBag from /opt/airflow/dags/data_ingestion_gcs_dag.py
[2022-07-24 17:46:18,230] {processor.py:654} INFO - DAG(s) dict_keys(['data_ingestion_gcs_dag']) retrieved from /opt/airflow/dags/data_ingestion_gcs_dag.py
[2022-07-24 17:46:18,236] {logging_mixin.py:109} INFO - [2022-07-24 17:46:18,236] {dag.py:2396} INFO - Sync 1 DAGs
[2022-07-24 17:46:18,250] {logging_mixin.py:109} INFO - [2022-07-24 17:46:18,250] {dag.py:2935} INFO - Setting next_dagrun for data_ingestion_gcs_dag to 2022-07-24T00:00:00+00:00
[2022-07-24 17:46:18,256] {processor.py:171} INFO - Processing /opt/airflow/dags/data_ingestion_gcs_dag.py took 0.668 seconds
[2022-07-24 17:46:48,329] {processor.py:163} INFO - Started process (PID=136) to work on /opt/airflow/dags/data_ingestion_gcs_dag.py
[2022-07-24 17:46:48,330] {processor.py:642} INFO - Processing file /opt/airflow/dags/data_ingestion_gcs_dag.py for tasks to queue
[2022-07-24 17:46:48,331] {logging_mixin.py:109} INFO - [2022-07-24 17:46:48,331] {dagbag.py:500} INFO - Filling up the DagBag from /opt/airflow/dags/data_ingestion_gcs_dag.py
[2022-07-24 17:46:48,993] {processor.py:654} INFO - DAG(s) dict_keys(['data_ingestion_gcs_dag']) retrieved from /opt/airflow/dags/data_ingestion_gcs_dag.py
[2022-07-24 17:46:49,000] {logging_mixin.py:109} INFO - [2022-07-24 17:46:48,999] {dag.py:2396} INFO - Sync 1 DAGs
[2022-07-24 17:46:49,016] {processor.py:171} INFO - Processing /opt/airflow/dags/data_ingestion_gcs_dag.py took 0.688 seconds
[2022-07-24 17:47:19,073] {processor.py:163} INFO - Started process (PID=172) to work on /opt/airflow/dags/data_ingestion_gcs_dag.py
[2022-07-24 17:47:19,074] {processor.py:642} INFO - Processing file /opt/airflow/dags/data_ingestion_gcs_dag.py for tasks to queue
[2022-07-24 17:47:19,075] {logging_mixin.py:109} INFO - [2022-07-24 17:47:19,075] {dagbag.py:500} INFO - Filling up the DagBag from /opt/airflow/dags/data_ingestion_gcs_dag.py
[2022-07-24 17:47:19,659] {processor.py:654} INFO - DAG(s) dict_keys(['data_ingestion_gcs_dag']) retrieved from /opt/airflow/dags/data_ingestion_gcs_dag.py
[2022-07-24 17:47:19,665] {logging_mixin.py:109} INFO - [2022-07-24 17:47:19,665] {dag.py:2396} INFO - Sync 1 DAGs
[2022-07-24 17:47:19,682] {processor.py:171} INFO - Processing /opt/airflow/dags/data_ingestion_gcs_dag.py took 0.612 seconds
[2022-07-24 17:47:49,759] {processor.py:163} INFO - Started process (PID=216) to work on /opt/airflow/dags/data_ingestion_gcs_dag.py
[2022-07-24 17:47:49,760] {processor.py:642} INFO - Processing file /opt/airflow/dags/data_ingestion_gcs_dag.py for tasks to queue
[2022-07-24 17:47:49,760] {logging_mixin.py:109} INFO - [2022-07-24 17:47:49,760] {dagbag.py:500} INFO - Filling up the DagBag from /opt/airflow/dags/data_ingestion_gcs_dag.py
[2022-07-24 17:47:50,393] {processor.py:654} INFO - DAG(s) dict_keys(['data_ingestion_gcs_dag']) retrieved from /opt/airflow/dags/data_ingestion_gcs_dag.py
[2022-07-24 17:47:50,401] {logging_mixin.py:109} INFO - [2022-07-24 17:47:50,401] {dag.py:2396} INFO - Sync 1 DAGs
[2022-07-24 17:47:50,416] {processor.py:171} INFO - Processing /opt/airflow/dags/data_ingestion_gcs_dag.py took 0.659 seconds
[2022-07-24 17:48:20,476] {processor.py:163} INFO - Started process (PID=251) to work on /opt/airflow/dags/data_ingestion_gcs_dag.py
[2022-07-24 17:48:20,477] {processor.py:642} INFO - Processing file /opt/airflow/dags/data_ingestion_gcs_dag.py for tasks to queue
[2022-07-24 17:48:20,477] {logging_mixin.py:109} INFO - [2022-07-24 17:48:20,477] {dagbag.py:500} INFO - Filling up the DagBag from /opt/airflow/dags/data_ingestion_gcs_dag.py
[2022-07-24 17:48:21,110] {processor.py:654} INFO - DAG(s) dict_keys(['data_ingestion_gcs_dag']) retrieved from /opt/airflow/dags/data_ingestion_gcs_dag.py
[2022-07-24 17:48:21,118] {logging_mixin.py:109} INFO - [2022-07-24 17:48:21,117] {dag.py:2396} INFO - Sync 1 DAGs
[2022-07-24 17:48:21,133] {processor.py:171} INFO - Processing /opt/airflow/dags/data_ingestion_gcs_dag.py took 0.660 seconds
[2022-07-24 17:48:51,215] {processor.py:163} INFO - Started process (PID=295) to work on /opt/airflow/dags/data_ingestion_gcs_dag.py
[2022-07-24 17:48:51,216] {processor.py:642} INFO - Processing file /opt/airflow/dags/data_ingestion_gcs_dag.py for tasks to queue
[2022-07-24 17:48:51,216] {logging_mixin.py:109} INFO - [2022-07-24 17:48:51,216] {dagbag.py:500} INFO - Filling up the DagBag from /opt/airflow/dags/data_ingestion_gcs_dag.py
[2022-07-24 17:48:51,976] {processor.py:654} INFO - DAG(s) dict_keys(['data_ingestion_gcs_dag']) retrieved from /opt/airflow/dags/data_ingestion_gcs_dag.py
[2022-07-24 17:48:51,982] {logging_mixin.py:109} INFO - [2022-07-24 17:48:51,982] {dag.py:2396} INFO - Sync 1 DAGs
[2022-07-24 17:48:51,998] {processor.py:171} INFO - Processing /opt/airflow/dags/data_ingestion_gcs_dag.py took 0.785 seconds
[2022-07-24 17:49:22,075] {processor.py:163} INFO - Started process (PID=339) to work on /opt/airflow/dags/data_ingestion_gcs_dag.py
[2022-07-24 17:49:22,076] {processor.py:642} INFO - Processing file /opt/airflow/dags/data_ingestion_gcs_dag.py for tasks to queue
[2022-07-24 17:49:22,077] {logging_mixin.py:109} INFO - [2022-07-24 17:49:22,077] {dagbag.py:500} INFO - Filling up the DagBag from /opt/airflow/dags/data_ingestion_gcs_dag.py
[2022-07-24 17:49:22,910] {processor.py:654} INFO - DAG(s) dict_keys(['data_ingestion_gcs_dag']) retrieved from /opt/airflow/dags/data_ingestion_gcs_dag.py
[2022-07-24 17:49:22,918] {logging_mixin.py:109} INFO - [2022-07-24 17:49:22,918] {dag.py:2396} INFO - Sync 1 DAGs
[2022-07-24 17:49:22,933] {processor.py:171} INFO - Processing /opt/airflow/dags/data_ingestion_gcs_dag.py took 0.860 seconds
[2022-07-24 17:49:52,994] {processor.py:163} INFO - Started process (PID=374) to work on /opt/airflow/dags/data_ingestion_gcs_dag.py
[2022-07-24 17:49:52,995] {processor.py:642} INFO - Processing file /opt/airflow/dags/data_ingestion_gcs_dag.py for tasks to queue
[2022-07-24 17:49:52,995] {logging_mixin.py:109} INFO - [2022-07-24 17:49:52,995] {dagbag.py:500} INFO - Filling up the DagBag from /opt/airflow/dags/data_ingestion_gcs_dag.py
[2022-07-24 17:49:53,636] {processor.py:654} INFO - DAG(s) dict_keys(['data_ingestion_gcs_dag']) retrieved from /opt/airflow/dags/data_ingestion_gcs_dag.py
[2022-07-24 17:49:53,644] {logging_mixin.py:109} INFO - [2022-07-24 17:49:53,644] {dag.py:2396} INFO - Sync 1 DAGs
[2022-07-24 17:49:53,663] {processor.py:171} INFO - Processing /opt/airflow/dags/data_ingestion_gcs_dag.py took 0.671 seconds
[2022-07-24 17:50:23,752] {processor.py:163} INFO - Started process (PID=418) to work on /opt/airflow/dags/data_ingestion_gcs_dag.py
[2022-07-24 17:50:23,753] {processor.py:642} INFO - Processing file /opt/airflow/dags/data_ingestion_gcs_dag.py for tasks to queue
[2022-07-24 17:50:23,753] {logging_mixin.py:109} INFO - [2022-07-24 17:50:23,753] {dagbag.py:500} INFO - Filling up the DagBag from /opt/airflow/dags/data_ingestion_gcs_dag.py
[2022-07-24 17:50:24,353] {processor.py:654} INFO - DAG(s) dict_keys(['data_ingestion_gcs_dag']) retrieved from /opt/airflow/dags/data_ingestion_gcs_dag.py
[2022-07-24 17:50:24,359] {logging_mixin.py:109} INFO - [2022-07-24 17:50:24,359] {dag.py:2396} INFO - Sync 1 DAGs
[2022-07-24 17:50:24,374] {processor.py:171} INFO - Processing /opt/airflow/dags/data_ingestion_gcs_dag.py took 0.624 seconds
[2022-07-24 17:50:54,449] {processor.py:163} INFO - Started process (PID=453) to work on /opt/airflow/dags/data_ingestion_gcs_dag.py
[2022-07-24 17:50:54,450] {processor.py:642} INFO - Processing file /opt/airflow/dags/data_ingestion_gcs_dag.py for tasks to queue
[2022-07-24 17:50:54,451] {logging_mixin.py:109} INFO - [2022-07-24 17:50:54,451] {dagbag.py:500} INFO - Filling up the DagBag from /opt/airflow/dags/data_ingestion_gcs_dag.py
[2022-07-24 17:50:55,099] {processor.py:654} INFO - DAG(s) dict_keys(['data_ingestion_gcs_dag']) retrieved from /opt/airflow/dags/data_ingestion_gcs_dag.py
[2022-07-24 17:50:55,106] {logging_mixin.py:109} INFO - [2022-07-24 17:50:55,106] {dag.py:2396} INFO - Sync 1 DAGs
[2022-07-24 17:50:55,122] {processor.py:171} INFO - Processing /opt/airflow/dags/data_ingestion_gcs_dag.py took 0.674 seconds
[2022-07-24 17:51:25,181] {processor.py:163} INFO - Started process (PID=497) to work on /opt/airflow/dags/data_ingestion_gcs_dag.py
[2022-07-24 17:51:25,182] {processor.py:642} INFO - Processing file /opt/airflow/dags/data_ingestion_gcs_dag.py for tasks to queue
[2022-07-24 17:51:25,183] {logging_mixin.py:109} INFO - [2022-07-24 17:51:25,183] {dagbag.py:500} INFO - Filling up the DagBag from /opt/airflow/dags/data_ingestion_gcs_dag.py
[2022-07-24 17:51:25,788] {processor.py:654} INFO - DAG(s) dict_keys(['data_ingestion_gcs_dag']) retrieved from /opt/airflow/dags/data_ingestion_gcs_dag.py
[2022-07-24 17:51:25,796] {logging_mixin.py:109} INFO - [2022-07-24 17:51:25,796] {dag.py:2396} INFO - Sync 1 DAGs
[2022-07-24 17:51:25,812] {processor.py:171} INFO - Processing /opt/airflow/dags/data_ingestion_gcs_dag.py took 0.632 seconds
[2022-07-24 17:51:55,888] {processor.py:163} INFO - Started process (PID=542) to work on /opt/airflow/dags/data_ingestion_gcs_dag.py
[2022-07-24 17:51:55,889] {processor.py:642} INFO - Processing file /opt/airflow/dags/data_ingestion_gcs_dag.py for tasks to queue
[2022-07-24 17:51:55,889] {logging_mixin.py:109} INFO - [2022-07-24 17:51:55,889] {dagbag.py:500} INFO - Filling up the DagBag from /opt/airflow/dags/data_ingestion_gcs_dag.py
[2022-07-24 17:51:56,548] {processor.py:654} INFO - DAG(s) dict_keys(['data_ingestion_gcs_dag']) retrieved from /opt/airflow/dags/data_ingestion_gcs_dag.py
[2022-07-24 17:51:56,555] {logging_mixin.py:109} INFO - [2022-07-24 17:51:56,555] {dag.py:2396} INFO - Sync 1 DAGs
[2022-07-24 17:51:56,567] {logging_mixin.py:109} INFO - [2022-07-24 17:51:56,567] {dag.py:2935} INFO - Setting next_dagrun for data_ingestion_gcs_dag to 2022-07-24T00:00:00+00:00
[2022-07-24 17:51:56,573] {processor.py:171} INFO - Processing /opt/airflow/dags/data_ingestion_gcs_dag.py took 0.687 seconds
[2022-07-24 17:52:26,636] {processor.py:163} INFO - Started process (PID=577) to work on /opt/airflow/dags/data_ingestion_gcs_dag.py
[2022-07-24 17:52:26,637] {processor.py:642} INFO - Processing file /opt/airflow/dags/data_ingestion_gcs_dag.py for tasks to queue
[2022-07-24 17:52:26,637] {logging_mixin.py:109} INFO - [2022-07-24 17:52:26,637] {dagbag.py:500} INFO - Filling up the DagBag from /opt/airflow/dags/data_ingestion_gcs_dag.py
[2022-07-24 17:52:27,261] {processor.py:654} INFO - DAG(s) dict_keys(['data_ingestion_gcs_dag']) retrieved from /opt/airflow/dags/data_ingestion_gcs_dag.py
[2022-07-24 17:52:27,267] {logging_mixin.py:109} INFO - [2022-07-24 17:52:27,267] {dag.py:2396} INFO - Sync 1 DAGs
[2022-07-24 17:52:27,278] {logging_mixin.py:109} INFO - [2022-07-24 17:52:27,278] {dag.py:2935} INFO - Setting next_dagrun for data_ingestion_gcs_dag to 2022-07-24T00:00:00+00:00
[2022-07-24 17:52:27,284] {processor.py:171} INFO - Processing /opt/airflow/dags/data_ingestion_gcs_dag.py took 0.650 seconds
[2022-07-24 17:52:57,364] {processor.py:163} INFO - Started process (PID=621) to work on /opt/airflow/dags/data_ingestion_gcs_dag.py
[2022-07-24 17:52:57,365] {processor.py:642} INFO - Processing file /opt/airflow/dags/data_ingestion_gcs_dag.py for tasks to queue
[2022-07-24 17:52:57,365] {logging_mixin.py:109} INFO - [2022-07-24 17:52:57,365] {dagbag.py:500} INFO - Filling up the DagBag from /opt/airflow/dags/data_ingestion_gcs_dag.py
[2022-07-24 17:52:57,977] {processor.py:654} INFO - DAG(s) dict_keys(['data_ingestion_gcs_dag']) retrieved from /opt/airflow/dags/data_ingestion_gcs_dag.py
[2022-07-24 17:52:57,983] {logging_mixin.py:109} INFO - [2022-07-24 17:52:57,983] {dag.py:2396} INFO - Sync 1 DAGs
[2022-07-24 17:52:57,994] {logging_mixin.py:109} INFO - [2022-07-24 17:52:57,994] {dag.py:2935} INFO - Setting next_dagrun for data_ingestion_gcs_dag to 2022-07-24T00:00:00+00:00
[2022-07-24 17:52:58,000] {processor.py:171} INFO - Processing /opt/airflow/dags/data_ingestion_gcs_dag.py took 0.638 seconds
[2022-07-24 17:53:28,058] {processor.py:163} INFO - Started process (PID=656) to work on /opt/airflow/dags/data_ingestion_gcs_dag.py
[2022-07-24 17:53:28,059] {processor.py:642} INFO - Processing file /opt/airflow/dags/data_ingestion_gcs_dag.py for tasks to queue
[2022-07-24 17:53:28,059] {logging_mixin.py:109} INFO - [2022-07-24 17:53:28,059] {dagbag.py:500} INFO - Filling up the DagBag from /opt/airflow/dags/data_ingestion_gcs_dag.py
[2022-07-24 17:53:28,663] {processor.py:654} INFO - DAG(s) dict_keys(['data_ingestion_gcs_dag']) retrieved from /opt/airflow/dags/data_ingestion_gcs_dag.py
[2022-07-24 17:53:28,670] {logging_mixin.py:109} INFO - [2022-07-24 17:53:28,670] {dag.py:2396} INFO - Sync 1 DAGs
[2022-07-24 17:53:28,681] {logging_mixin.py:109} INFO - [2022-07-24 17:53:28,681] {dag.py:2935} INFO - Setting next_dagrun for data_ingestion_gcs_dag to 2022-07-24T00:00:00+00:00
[2022-07-24 17:53:28,687] {processor.py:171} INFO - Processing /opt/airflow/dags/data_ingestion_gcs_dag.py took 0.631 seconds
[2022-07-24 17:53:58,764] {processor.py:163} INFO - Started process (PID=700) to work on /opt/airflow/dags/data_ingestion_gcs_dag.py
[2022-07-24 17:53:58,765] {processor.py:642} INFO - Processing file /opt/airflow/dags/data_ingestion_gcs_dag.py for tasks to queue
[2022-07-24 17:53:58,765] {logging_mixin.py:109} INFO - [2022-07-24 17:53:58,765] {dagbag.py:500} INFO - Filling up the DagBag from /opt/airflow/dags/data_ingestion_gcs_dag.py
[2022-07-24 17:53:59,421] {processor.py:654} INFO - DAG(s) dict_keys(['data_ingestion_gcs_dag']) retrieved from /opt/airflow/dags/data_ingestion_gcs_dag.py
[2022-07-24 17:53:59,431] {logging_mixin.py:109} INFO - [2022-07-24 17:53:59,431] {dag.py:2396} INFO - Sync 1 DAGs
[2022-07-24 17:53:59,448] {logging_mixin.py:109} INFO - [2022-07-24 17:53:59,448] {dag.py:2935} INFO - Setting next_dagrun for data_ingestion_gcs_dag to 2022-07-24T00:00:00+00:00
[2022-07-24 17:53:59,456] {processor.py:171} INFO - Processing /opt/airflow/dags/data_ingestion_gcs_dag.py took 0.694 seconds
[2022-07-24 17:54:29,526] {processor.py:163} INFO - Started process (PID=745) to work on /opt/airflow/dags/data_ingestion_gcs_dag.py
[2022-07-24 17:54:29,527] {processor.py:642} INFO - Processing file /opt/airflow/dags/data_ingestion_gcs_dag.py for tasks to queue
[2022-07-24 17:54:29,527] {logging_mixin.py:109} INFO - [2022-07-24 17:54:29,527] {dagbag.py:500} INFO - Filling up the DagBag from /opt/airflow/dags/data_ingestion_gcs_dag.py
[2022-07-24 17:54:30,577] {processor.py:654} INFO - DAG(s) dict_keys(['data_ingestion_gcs_dag']) retrieved from /opt/airflow/dags/data_ingestion_gcs_dag.py
[2022-07-24 17:54:30,583] {logging_mixin.py:109} INFO - [2022-07-24 17:54:30,583] {dag.py:2396} INFO - Sync 1 DAGs
[2022-07-24 17:54:30,629] {logging_mixin.py:109} INFO - [2022-07-24 17:54:30,629] {dag.py:2935} INFO - Setting next_dagrun for data_ingestion_gcs_dag to 2022-07-24T00:00:00+00:00
[2022-07-24 17:54:30,636] {processor.py:171} INFO - Processing /opt/airflow/dags/data_ingestion_gcs_dag.py took 1.119 seconds
[2022-07-24 17:55:00,689] {processor.py:163} INFO - Started process (PID=780) to work on /opt/airflow/dags/data_ingestion_gcs_dag.py
[2022-07-24 17:55:00,690] {processor.py:642} INFO - Processing file /opt/airflow/dags/data_ingestion_gcs_dag.py for tasks to queue
[2022-07-24 17:55:00,690] {logging_mixin.py:109} INFO - [2022-07-24 17:55:00,690] {dagbag.py:500} INFO - Filling up the DagBag from /opt/airflow/dags/data_ingestion_gcs_dag.py
[2022-07-24 17:55:01,329] {processor.py:654} INFO - DAG(s) dict_keys(['data_ingestion_gcs_dag']) retrieved from /opt/airflow/dags/data_ingestion_gcs_dag.py
[2022-07-24 17:55:01,336] {logging_mixin.py:109} INFO - [2022-07-24 17:55:01,336] {dag.py:2396} INFO - Sync 1 DAGs
[2022-07-24 17:55:01,349] {logging_mixin.py:109} INFO - [2022-07-24 17:55:01,349] {dag.py:2935} INFO - Setting next_dagrun for data_ingestion_gcs_dag to 2022-07-24T00:00:00+00:00
[2022-07-24 17:55:01,356] {processor.py:171} INFO - Processing /opt/airflow/dags/data_ingestion_gcs_dag.py took 0.668 seconds
[2022-07-24 17:55:31,458] {processor.py:163} INFO - Started process (PID=824) to work on /opt/airflow/dags/data_ingestion_gcs_dag.py
[2022-07-24 17:55:31,459] {processor.py:642} INFO - Processing file /opt/airflow/dags/data_ingestion_gcs_dag.py for tasks to queue
[2022-07-24 17:55:31,460] {logging_mixin.py:109} INFO - [2022-07-24 17:55:31,460] {dagbag.py:500} INFO - Filling up the DagBag from /opt/airflow/dags/data_ingestion_gcs_dag.py
[2022-07-24 17:55:32,068] {processor.py:654} INFO - DAG(s) dict_keys(['data_ingestion_gcs_dag']) retrieved from /opt/airflow/dags/data_ingestion_gcs_dag.py
[2022-07-24 17:55:32,075] {logging_mixin.py:109} INFO - [2022-07-24 17:55:32,075] {dag.py:2396} INFO - Sync 1 DAGs
[2022-07-24 17:55:32,090] {processor.py:171} INFO - Processing /opt/airflow/dags/data_ingestion_gcs_dag.py took 0.634 seconds
[2022-07-24 17:56:02,151] {processor.py:163} INFO - Started process (PID=859) to work on /opt/airflow/dags/data_ingestion_gcs_dag.py
[2022-07-24 17:56:02,152] {processor.py:642} INFO - Processing file /opt/airflow/dags/data_ingestion_gcs_dag.py for tasks to queue
[2022-07-24 17:56:02,152] {logging_mixin.py:109} INFO - [2022-07-24 17:56:02,152] {dagbag.py:500} INFO - Filling up the DagBag from /opt/airflow/dags/data_ingestion_gcs_dag.py
[2022-07-24 17:56:02,807] {processor.py:654} INFO - DAG(s) dict_keys(['data_ingestion_gcs_dag']) retrieved from /opt/airflow/dags/data_ingestion_gcs_dag.py
[2022-07-24 17:56:02,813] {logging_mixin.py:109} INFO - [2022-07-24 17:56:02,813] {dag.py:2396} INFO - Sync 1 DAGs
[2022-07-24 17:56:02,829] {processor.py:171} INFO - Processing /opt/airflow/dags/data_ingestion_gcs_dag.py took 0.680 seconds
[2022-07-24 17:56:32,907] {processor.py:163} INFO - Started process (PID=903) to work on /opt/airflow/dags/data_ingestion_gcs_dag.py
[2022-07-24 17:56:32,908] {processor.py:642} INFO - Processing file /opt/airflow/dags/data_ingestion_gcs_dag.py for tasks to queue
[2022-07-24 17:56:32,909] {logging_mixin.py:109} INFO - [2022-07-24 17:56:32,909] {dagbag.py:500} INFO - Filling up the DagBag from /opt/airflow/dags/data_ingestion_gcs_dag.py
[2022-07-24 17:56:33,587] {processor.py:654} INFO - DAG(s) dict_keys(['data_ingestion_gcs_dag']) retrieved from /opt/airflow/dags/data_ingestion_gcs_dag.py
[2022-07-24 17:56:33,594] {logging_mixin.py:109} INFO - [2022-07-24 17:56:33,593] {dag.py:2396} INFO - Sync 1 DAGs
[2022-07-24 17:56:33,608] {processor.py:171} INFO - Processing /opt/airflow/dags/data_ingestion_gcs_dag.py took 0.703 seconds
[2022-07-24 17:57:03,667] {processor.py:163} INFO - Started process (PID=945) to work on /opt/airflow/dags/data_ingestion_gcs_dag.py
[2022-07-24 17:57:03,667] {processor.py:642} INFO - Processing file /opt/airflow/dags/data_ingestion_gcs_dag.py for tasks to queue
[2022-07-24 17:57:03,668] {logging_mixin.py:109} INFO - [2022-07-24 17:57:03,668] {dagbag.py:500} INFO - Filling up the DagBag from /opt/airflow/dags/data_ingestion_gcs_dag.py
[2022-07-24 17:57:04,736] {processor.py:654} INFO - DAG(s) dict_keys(['data_ingestion_gcs_dag']) retrieved from /opt/airflow/dags/data_ingestion_gcs_dag.py
[2022-07-24 17:57:04,743] {logging_mixin.py:109} INFO - [2022-07-24 17:57:04,743] {dag.py:2396} INFO - Sync 1 DAGs
[2022-07-24 17:57:04,758] {processor.py:171} INFO - Processing /opt/airflow/dags/data_ingestion_gcs_dag.py took 1.094 seconds
[2022-07-24 17:57:34,817] {processor.py:163} INFO - Started process (PID=982) to work on /opt/airflow/dags/data_ingestion_gcs_dag.py
[2022-07-24 17:57:34,818] {processor.py:642} INFO - Processing file /opt/airflow/dags/data_ingestion_gcs_dag.py for tasks to queue
[2022-07-24 17:57:34,819] {logging_mixin.py:109} INFO - [2022-07-24 17:57:34,819] {dagbag.py:500} INFO - Filling up the DagBag from /opt/airflow/dags/data_ingestion_gcs_dag.py
[2022-07-24 17:57:35,466] {processor.py:654} INFO - DAG(s) dict_keys(['data_ingestion_gcs_dag']) retrieved from /opt/airflow/dags/data_ingestion_gcs_dag.py
[2022-07-24 17:57:35,473] {logging_mixin.py:109} INFO - [2022-07-24 17:57:35,472] {dag.py:2396} INFO - Sync 1 DAGs
[2022-07-24 17:57:35,487] {processor.py:171} INFO - Processing /opt/airflow/dags/data_ingestion_gcs_dag.py took 0.672 seconds
[2022-07-24 17:58:05,560] {processor.py:163} INFO - Started process (PID=1026) to work on /opt/airflow/dags/data_ingestion_gcs_dag.py
[2022-07-24 17:58:05,561] {processor.py:642} INFO - Processing file /opt/airflow/dags/data_ingestion_gcs_dag.py for tasks to queue
[2022-07-24 17:58:05,561] {logging_mixin.py:109} INFO - [2022-07-24 17:58:05,561] {dagbag.py:500} INFO - Filling up the DagBag from /opt/airflow/dags/data_ingestion_gcs_dag.py
[2022-07-24 17:58:06,234] {processor.py:654} INFO - DAG(s) dict_keys(['data_ingestion_gcs_dag']) retrieved from /opt/airflow/dags/data_ingestion_gcs_dag.py
[2022-07-24 17:58:06,241] {logging_mixin.py:109} INFO - [2022-07-24 17:58:06,241] {dag.py:2396} INFO - Sync 1 DAGs
[2022-07-24 17:58:06,256] {processor.py:171} INFO - Processing /opt/airflow/dags/data_ingestion_gcs_dag.py took 0.698 seconds
[2022-07-24 17:58:36,320] {processor.py:163} INFO - Started process (PID=1061) to work on /opt/airflow/dags/data_ingestion_gcs_dag.py
[2022-07-24 17:58:36,320] {processor.py:642} INFO - Processing file /opt/airflow/dags/data_ingestion_gcs_dag.py for tasks to queue
[2022-07-24 17:58:36,321] {logging_mixin.py:109} INFO - [2022-07-24 17:58:36,321] {dagbag.py:500} INFO - Filling up the DagBag from /opt/airflow/dags/data_ingestion_gcs_dag.py
[2022-07-24 17:58:36,997] {processor.py:654} INFO - DAG(s) dict_keys(['data_ingestion_gcs_dag']) retrieved from /opt/airflow/dags/data_ingestion_gcs_dag.py
[2022-07-24 17:58:37,004] {logging_mixin.py:109} INFO - [2022-07-24 17:58:37,004] {dag.py:2396} INFO - Sync 1 DAGs
[2022-07-24 17:58:37,019] {processor.py:171} INFO - Processing /opt/airflow/dags/data_ingestion_gcs_dag.py took 0.701 seconds
[2022-07-24 17:59:07,074] {processor.py:163} INFO - Started process (PID=1105) to work on /opt/airflow/dags/data_ingestion_gcs_dag.py
[2022-07-24 17:59:07,075] {processor.py:642} INFO - Processing file /opt/airflow/dags/data_ingestion_gcs_dag.py for tasks to queue
[2022-07-24 17:59:07,075] {logging_mixin.py:109} INFO - [2022-07-24 17:59:07,075] {dagbag.py:500} INFO - Filling up the DagBag from /opt/airflow/dags/data_ingestion_gcs_dag.py
[2022-07-24 17:59:07,709] {processor.py:654} INFO - DAG(s) dict_keys(['data_ingestion_gcs_dag']) retrieved from /opt/airflow/dags/data_ingestion_gcs_dag.py
[2022-07-24 17:59:07,715] {logging_mixin.py:109} INFO - [2022-07-24 17:59:07,715] {dag.py:2396} INFO - Sync 1 DAGs
[2022-07-24 17:59:07,731] {processor.py:171} INFO - Processing /opt/airflow/dags/data_ingestion_gcs_dag.py took 0.659 seconds
[2022-07-24 17:59:37,823] {processor.py:163} INFO - Started process (PID=1140) to work on /opt/airflow/dags/data_ingestion_gcs_dag.py
[2022-07-24 17:59:37,824] {processor.py:642} INFO - Processing file /opt/airflow/dags/data_ingestion_gcs_dag.py for tasks to queue
[2022-07-24 17:59:37,825] {logging_mixin.py:109} INFO - [2022-07-24 17:59:37,825] {dagbag.py:500} INFO - Filling up the DagBag from /opt/airflow/dags/data_ingestion_gcs_dag.py
[2022-07-24 17:59:38,569] {processor.py:654} INFO - DAG(s) dict_keys(['data_ingestion_gcs_dag']) retrieved from /opt/airflow/dags/data_ingestion_gcs_dag.py
[2022-07-24 17:59:38,577] {logging_mixin.py:109} INFO - [2022-07-24 17:59:38,577] {dag.py:2396} INFO - Sync 1 DAGs
[2022-07-24 17:59:38,598] {processor.py:171} INFO - Processing /opt/airflow/dags/data_ingestion_gcs_dag.py took 0.778 seconds
[2022-07-24 18:00:08,663] {processor.py:163} INFO - Started process (PID=1184) to work on /opt/airflow/dags/data_ingestion_gcs_dag.py
[2022-07-24 18:00:08,664] {processor.py:642} INFO - Processing file /opt/airflow/dags/data_ingestion_gcs_dag.py for tasks to queue
[2022-07-24 18:00:08,664] {logging_mixin.py:109} INFO - [2022-07-24 18:00:08,664] {dagbag.py:500} INFO - Filling up the DagBag from /opt/airflow/dags/data_ingestion_gcs_dag.py
[2022-07-24 18:00:09,299] {processor.py:654} INFO - DAG(s) dict_keys(['data_ingestion_gcs_dag']) retrieved from /opt/airflow/dags/data_ingestion_gcs_dag.py
[2022-07-24 18:00:09,305] {logging_mixin.py:109} INFO - [2022-07-24 18:00:09,305] {dag.py:2396} INFO - Sync 1 DAGs
[2022-07-24 18:00:09,322] {processor.py:171} INFO - Processing /opt/airflow/dags/data_ingestion_gcs_dag.py took 0.661 seconds
[2022-07-24 18:00:39,382] {processor.py:163} INFO - Started process (PID=1219) to work on /opt/airflow/dags/data_ingestion_gcs_dag.py
[2022-07-24 18:00:39,383] {processor.py:642} INFO - Processing file /opt/airflow/dags/data_ingestion_gcs_dag.py for tasks to queue
[2022-07-24 18:00:39,384] {logging_mixin.py:109} INFO - [2022-07-24 18:00:39,384] {dagbag.py:500} INFO - Filling up the DagBag from /opt/airflow/dags/data_ingestion_gcs_dag.py
[2022-07-24 18:00:40,005] {processor.py:654} INFO - DAG(s) dict_keys(['data_ingestion_gcs_dag']) retrieved from /opt/airflow/dags/data_ingestion_gcs_dag.py
[2022-07-24 18:00:40,011] {logging_mixin.py:109} INFO - [2022-07-24 18:00:40,011] {dag.py:2396} INFO - Sync 1 DAGs
[2022-07-24 18:00:40,024] {logging_mixin.py:109} INFO - [2022-07-24 18:00:40,024] {dag.py:2935} INFO - Setting next_dagrun for data_ingestion_gcs_dag to 2022-07-24T00:00:00+00:00
[2022-07-24 18:00:40,030] {processor.py:171} INFO - Processing /opt/airflow/dags/data_ingestion_gcs_dag.py took 0.649 seconds
[2022-07-24 18:01:10,122] {processor.py:163} INFO - Started process (PID=1263) to work on /opt/airflow/dags/data_ingestion_gcs_dag.py
[2022-07-24 18:01:10,123] {processor.py:642} INFO - Processing file /opt/airflow/dags/data_ingestion_gcs_dag.py for tasks to queue
[2022-07-24 18:01:10,124] {logging_mixin.py:109} INFO - [2022-07-24 18:01:10,123] {dagbag.py:500} INFO - Filling up the DagBag from /opt/airflow/dags/data_ingestion_gcs_dag.py
[2022-07-24 18:01:10,874] {processor.py:654} INFO - DAG(s) dict_keys(['data_ingestion_gcs_dag']) retrieved from /opt/airflow/dags/data_ingestion_gcs_dag.py
[2022-07-24 18:01:10,881] {logging_mixin.py:109} INFO - [2022-07-24 18:01:10,881] {dag.py:2396} INFO - Sync 1 DAGs
[2022-07-24 18:01:10,895] {logging_mixin.py:109} INFO - [2022-07-24 18:01:10,895] {dag.py:2935} INFO - Setting next_dagrun for data_ingestion_gcs_dag to 2022-07-24T00:00:00+00:00
[2022-07-24 18:01:10,902] {processor.py:171} INFO - Processing /opt/airflow/dags/data_ingestion_gcs_dag.py took 0.782 seconds
[2022-07-24 18:01:40,968] {processor.py:163} INFO - Started process (PID=1307) to work on /opt/airflow/dags/data_ingestion_gcs_dag.py
[2022-07-24 18:01:40,969] {processor.py:642} INFO - Processing file /opt/airflow/dags/data_ingestion_gcs_dag.py for tasks to queue
[2022-07-24 18:01:40,969] {logging_mixin.py:109} INFO - [2022-07-24 18:01:40,969] {dagbag.py:500} INFO - Filling up the DagBag from /opt/airflow/dags/data_ingestion_gcs_dag.py
[2022-07-24 18:01:41,628] {processor.py:654} INFO - DAG(s) dict_keys(['data_ingestion_gcs_dag']) retrieved from /opt/airflow/dags/data_ingestion_gcs_dag.py
[2022-07-24 18:01:41,635] {logging_mixin.py:109} INFO - [2022-07-24 18:01:41,635] {dag.py:2396} INFO - Sync 1 DAGs
[2022-07-24 18:01:41,649] {logging_mixin.py:109} INFO - [2022-07-24 18:01:41,649] {dag.py:2935} INFO - Setting next_dagrun for data_ingestion_gcs_dag to 2022-07-24T00:00:00+00:00
[2022-07-24 18:01:41,655] {processor.py:171} INFO - Processing /opt/airflow/dags/data_ingestion_gcs_dag.py took 0.690 seconds
[2022-07-24 18:02:11,712] {processor.py:163} INFO - Started process (PID=1342) to work on /opt/airflow/dags/data_ingestion_gcs_dag.py
[2022-07-24 18:02:11,713] {processor.py:642} INFO - Processing file /opt/airflow/dags/data_ingestion_gcs_dag.py for tasks to queue
[2022-07-24 18:02:11,713] {logging_mixin.py:109} INFO - [2022-07-24 18:02:11,713] {dagbag.py:500} INFO - Filling up the DagBag from /opt/airflow/dags/data_ingestion_gcs_dag.py
[2022-07-24 18:02:12,305] {processor.py:654} INFO - DAG(s) dict_keys(['data_ingestion_gcs_dag']) retrieved from /opt/airflow/dags/data_ingestion_gcs_dag.py
[2022-07-24 18:02:12,312] {logging_mixin.py:109} INFO - [2022-07-24 18:02:12,312] {dag.py:2396} INFO - Sync 1 DAGs
[2022-07-24 18:02:12,325] {logging_mixin.py:109} INFO - [2022-07-24 18:02:12,325] {dag.py:2935} INFO - Setting next_dagrun for data_ingestion_gcs_dag to 2022-07-24T00:00:00+00:00
[2022-07-24 18:02:12,330] {processor.py:171} INFO - Processing /opt/airflow/dags/data_ingestion_gcs_dag.py took 0.620 seconds
[2022-07-24 18:02:42,401] {processor.py:163} INFO - Started process (PID=1386) to work on /opt/airflow/dags/data_ingestion_gcs_dag.py
[2022-07-24 18:02:42,402] {processor.py:642} INFO - Processing file /opt/airflow/dags/data_ingestion_gcs_dag.py for tasks to queue
[2022-07-24 18:02:42,403] {logging_mixin.py:109} INFO - [2022-07-24 18:02:42,403] {dagbag.py:500} INFO - Filling up the DagBag from /opt/airflow/dags/data_ingestion_gcs_dag.py
[2022-07-24 18:02:43,036] {processor.py:654} INFO - DAG(s) dict_keys(['data_ingestion_gcs_dag']) retrieved from /opt/airflow/dags/data_ingestion_gcs_dag.py
[2022-07-24 18:02:43,044] {logging_mixin.py:109} INFO - [2022-07-24 18:02:43,044] {dag.py:2396} INFO - Sync 1 DAGs
[2022-07-24 18:02:43,058] {logging_mixin.py:109} INFO - [2022-07-24 18:02:43,058] {dag.py:2935} INFO - Setting next_dagrun for data_ingestion_gcs_dag to 2022-07-24T00:00:00+00:00
[2022-07-24 18:02:43,065] {processor.py:171} INFO - Processing /opt/airflow/dags/data_ingestion_gcs_dag.py took 0.666 seconds
[2022-07-24 18:03:13,124] {processor.py:163} INFO - Started process (PID=1421) to work on /opt/airflow/dags/data_ingestion_gcs_dag.py
[2022-07-24 18:03:13,125] {processor.py:642} INFO - Processing file /opt/airflow/dags/data_ingestion_gcs_dag.py for tasks to queue
[2022-07-24 18:03:13,126] {logging_mixin.py:109} INFO - [2022-07-24 18:03:13,126] {dagbag.py:500} INFO - Filling up the DagBag from /opt/airflow/dags/data_ingestion_gcs_dag.py
[2022-07-24 18:03:13,859] {processor.py:654} INFO - DAG(s) dict_keys(['data_ingestion_gcs_dag']) retrieved from /opt/airflow/dags/data_ingestion_gcs_dag.py
[2022-07-24 18:03:13,869] {logging_mixin.py:109} INFO - [2022-07-24 18:03:13,869] {dag.py:2396} INFO - Sync 1 DAGs
[2022-07-24 18:03:13,886] {logging_mixin.py:109} INFO - [2022-07-24 18:03:13,886] {dag.py:2935} INFO - Setting next_dagrun for data_ingestion_gcs_dag to 2022-07-24T00:00:00+00:00
[2022-07-24 18:03:13,894] {processor.py:171} INFO - Processing /opt/airflow/dags/data_ingestion_gcs_dag.py took 0.771 seconds
[2022-07-24 18:03:43,946] {processor.py:163} INFO - Started process (PID=1466) to work on /opt/airflow/dags/data_ingestion_gcs_dag.py
[2022-07-24 18:03:43,947] {processor.py:642} INFO - Processing file /opt/airflow/dags/data_ingestion_gcs_dag.py for tasks to queue
[2022-07-24 18:03:43,947] {logging_mixin.py:109} INFO - [2022-07-24 18:03:43,947] {dagbag.py:500} INFO - Filling up the DagBag from /opt/airflow/dags/data_ingestion_gcs_dag.py
[2022-07-24 18:03:44,606] {processor.py:654} INFO - DAG(s) dict_keys(['data_ingestion_gcs_dag']) retrieved from /opt/airflow/dags/data_ingestion_gcs_dag.py
[2022-07-24 18:03:44,613] {logging_mixin.py:109} INFO - [2022-07-24 18:03:44,612] {dag.py:2396} INFO - Sync 1 DAGs
[2022-07-24 18:03:44,623] {logging_mixin.py:109} INFO - [2022-07-24 18:03:44,623] {dag.py:2935} INFO - Setting next_dagrun for data_ingestion_gcs_dag to 2022-07-24T00:00:00+00:00
[2022-07-24 18:03:44,629] {processor.py:171} INFO - Processing /opt/airflow/dags/data_ingestion_gcs_dag.py took 0.685 seconds
[2022-07-24 18:04:14,704] {processor.py:163} INFO - Started process (PID=1501) to work on /opt/airflow/dags/data_ingestion_gcs_dag.py
[2022-07-24 18:04:14,705] {processor.py:642} INFO - Processing file /opt/airflow/dags/data_ingestion_gcs_dag.py for tasks to queue
[2022-07-24 18:04:14,705] {logging_mixin.py:109} INFO - [2022-07-24 18:04:14,705] {dagbag.py:500} INFO - Filling up the DagBag from /opt/airflow/dags/data_ingestion_gcs_dag.py
[2022-07-24 18:04:15,323] {processor.py:654} INFO - DAG(s) dict_keys(['data_ingestion_gcs_dag']) retrieved from /opt/airflow/dags/data_ingestion_gcs_dag.py
[2022-07-24 18:04:15,333] {logging_mixin.py:109} INFO - [2022-07-24 18:04:15,333] {dag.py:2396} INFO - Sync 1 DAGs
[2022-07-24 18:04:15,348] {logging_mixin.py:109} INFO - [2022-07-24 18:04:15,348] {dag.py:2935} INFO - Setting next_dagrun for data_ingestion_gcs_dag to 2022-07-24T00:00:00+00:00
[2022-07-24 18:04:15,354] {processor.py:171} INFO - Processing /opt/airflow/dags/data_ingestion_gcs_dag.py took 0.652 seconds
[2022-07-24 18:04:45,414] {processor.py:163} INFO - Started process (PID=1545) to work on /opt/airflow/dags/data_ingestion_gcs_dag.py
[2022-07-24 18:04:45,415] {processor.py:642} INFO - Processing file /opt/airflow/dags/data_ingestion_gcs_dag.py for tasks to queue
[2022-07-24 18:04:45,415] {logging_mixin.py:109} INFO - [2022-07-24 18:04:45,415] {dagbag.py:500} INFO - Filling up the DagBag from /opt/airflow/dags/data_ingestion_gcs_dag.py
[2022-07-24 18:04:46,044] {processor.py:654} INFO - DAG(s) dict_keys(['data_ingestion_gcs_dag']) retrieved from /opt/airflow/dags/data_ingestion_gcs_dag.py
[2022-07-24 18:04:46,051] {logging_mixin.py:109} INFO - [2022-07-24 18:04:46,051] {dag.py:2396} INFO - Sync 1 DAGs
[2022-07-24 18:04:46,063] {logging_mixin.py:109} INFO - [2022-07-24 18:04:46,063] {dag.py:2935} INFO - Setting next_dagrun for data_ingestion_gcs_dag to 2022-07-24T00:00:00+00:00
[2022-07-24 18:04:46,069] {processor.py:171} INFO - Processing /opt/airflow/dags/data_ingestion_gcs_dag.py took 0.657 seconds
[2022-07-24 18:05:16,168] {processor.py:163} INFO - Started process (PID=1589) to work on /opt/airflow/dags/data_ingestion_gcs_dag.py
[2022-07-24 18:05:16,169] {processor.py:642} INFO - Processing file /opt/airflow/dags/data_ingestion_gcs_dag.py for tasks to queue
[2022-07-24 18:05:16,169] {logging_mixin.py:109} INFO - [2022-07-24 18:05:16,169] {dagbag.py:500} INFO - Filling up the DagBag from /opt/airflow/dags/data_ingestion_gcs_dag.py
[2022-07-24 18:05:16,896] {processor.py:654} INFO - DAG(s) dict_keys(['data_ingestion_gcs_dag']) retrieved from /opt/airflow/dags/data_ingestion_gcs_dag.py
[2022-07-24 18:05:16,904] {logging_mixin.py:109} INFO - [2022-07-24 18:05:16,903] {dag.py:2396} INFO - Sync 1 DAGs
[2022-07-24 18:05:16,916] {logging_mixin.py:109} INFO - [2022-07-24 18:05:16,916] {dag.py:2935} INFO - Setting next_dagrun for data_ingestion_gcs_dag to 2022-07-24T00:00:00+00:00
[2022-07-24 18:05:16,922] {processor.py:171} INFO - Processing /opt/airflow/dags/data_ingestion_gcs_dag.py took 0.756 seconds
[2022-07-24 18:05:46,994] {processor.py:163} INFO - Started process (PID=1624) to work on /opt/airflow/dags/data_ingestion_gcs_dag.py
[2022-07-24 18:05:46,995] {processor.py:642} INFO - Processing file /opt/airflow/dags/data_ingestion_gcs_dag.py for tasks to queue
[2022-07-24 18:05:46,996] {logging_mixin.py:109} INFO - [2022-07-24 18:05:46,996] {dagbag.py:500} INFO - Filling up the DagBag from /opt/airflow/dags/data_ingestion_gcs_dag.py
[2022-07-24 18:05:47,629] {processor.py:654} INFO - DAG(s) dict_keys(['data_ingestion_gcs_dag']) retrieved from /opt/airflow/dags/data_ingestion_gcs_dag.py
[2022-07-24 18:05:47,639] {logging_mixin.py:109} INFO - [2022-07-24 18:05:47,638] {dag.py:2396} INFO - Sync 1 DAGs
[2022-07-24 18:05:47,652] {logging_mixin.py:109} INFO - [2022-07-24 18:05:47,652] {dag.py:2935} INFO - Setting next_dagrun for data_ingestion_gcs_dag to 2022-07-24T00:00:00+00:00
[2022-07-24 18:05:47,658] {processor.py:171} INFO - Processing /opt/airflow/dags/data_ingestion_gcs_dag.py took 0.666 seconds
[2022-07-24 18:06:17,719] {processor.py:163} INFO - Started process (PID=1668) to work on /opt/airflow/dags/data_ingestion_gcs_dag.py
[2022-07-24 18:06:17,720] {processor.py:642} INFO - Processing file /opt/airflow/dags/data_ingestion_gcs_dag.py for tasks to queue
[2022-07-24 18:06:17,721] {logging_mixin.py:109} INFO - [2022-07-24 18:06:17,721] {dagbag.py:500} INFO - Filling up the DagBag from /opt/airflow/dags/data_ingestion_gcs_dag.py
[2022-07-24 18:06:18,568] {processor.py:654} INFO - DAG(s) dict_keys(['data_ingestion_gcs_dag']) retrieved from /opt/airflow/dags/data_ingestion_gcs_dag.py
[2022-07-24 18:06:18,578] {logging_mixin.py:109} INFO - [2022-07-24 18:06:18,578] {dag.py:2396} INFO - Sync 1 DAGs
[2022-07-24 18:06:18,596] {logging_mixin.py:109} INFO - [2022-07-24 18:06:18,596] {dag.py:2935} INFO - Setting next_dagrun for data_ingestion_gcs_dag to 2022-07-24T00:00:00+00:00
[2022-07-24 18:06:18,607] {processor.py:171} INFO - Processing /opt/airflow/dags/data_ingestion_gcs_dag.py took 0.890 seconds
[2022-07-24 18:06:48,716] {processor.py:163} INFO - Started process (PID=1703) to work on /opt/airflow/dags/data_ingestion_gcs_dag.py
[2022-07-24 18:06:48,717] {processor.py:642} INFO - Processing file /opt/airflow/dags/data_ingestion_gcs_dag.py for tasks to queue
[2022-07-24 18:06:48,717] {logging_mixin.py:109} INFO - [2022-07-24 18:06:48,717] {dagbag.py:500} INFO - Filling up the DagBag from /opt/airflow/dags/data_ingestion_gcs_dag.py
[2022-07-24 18:06:49,388] {processor.py:654} INFO - DAG(s) dict_keys(['data_ingestion_gcs_dag']) retrieved from /opt/airflow/dags/data_ingestion_gcs_dag.py
[2022-07-24 18:06:49,395] {logging_mixin.py:109} INFO - [2022-07-24 18:06:49,395] {dag.py:2396} INFO - Sync 1 DAGs
[2022-07-24 18:06:49,407] {logging_mixin.py:109} INFO - [2022-07-24 18:06:49,407] {dag.py:2935} INFO - Setting next_dagrun for data_ingestion_gcs_dag to 2022-07-24T00:00:00+00:00
[2022-07-24 18:06:49,413] {processor.py:171} INFO - Processing /opt/airflow/dags/data_ingestion_gcs_dag.py took 0.699 seconds
[2022-07-24 18:07:19,489] {processor.py:163} INFO - Started process (PID=1747) to work on /opt/airflow/dags/data_ingestion_gcs_dag.py
[2022-07-24 18:07:19,490] {processor.py:642} INFO - Processing file /opt/airflow/dags/data_ingestion_gcs_dag.py for tasks to queue
[2022-07-24 18:07:19,490] {logging_mixin.py:109} INFO - [2022-07-24 18:07:19,490] {dagbag.py:500} INFO - Filling up the DagBag from /opt/airflow/dags/data_ingestion_gcs_dag.py
[2022-07-24 18:07:20,172] {processor.py:654} INFO - DAG(s) dict_keys(['data_ingestion_gcs_dag']) retrieved from /opt/airflow/dags/data_ingestion_gcs_dag.py
[2022-07-24 18:07:20,178] {logging_mixin.py:109} INFO - [2022-07-24 18:07:20,178] {dag.py:2396} INFO - Sync 1 DAGs
[2022-07-24 18:07:20,189] {logging_mixin.py:109} INFO - [2022-07-24 18:07:20,189] {dag.py:2935} INFO - Setting next_dagrun for data_ingestion_gcs_dag to 2022-07-24T00:00:00+00:00
[2022-07-24 18:07:20,194] {processor.py:171} INFO - Processing /opt/airflow/dags/data_ingestion_gcs_dag.py took 0.707 seconds
[2022-07-24 18:07:50,251] {processor.py:163} INFO - Started process (PID=1782) to work on /opt/airflow/dags/data_ingestion_gcs_dag.py
[2022-07-24 18:07:50,252] {processor.py:642} INFO - Processing file /opt/airflow/dags/data_ingestion_gcs_dag.py for tasks to queue
[2022-07-24 18:07:50,252] {logging_mixin.py:109} INFO - [2022-07-24 18:07:50,252] {dagbag.py:500} INFO - Filling up the DagBag from /opt/airflow/dags/data_ingestion_gcs_dag.py
[2022-07-24 18:07:50,882] {processor.py:654} INFO - DAG(s) dict_keys(['data_ingestion_gcs_dag']) retrieved from /opt/airflow/dags/data_ingestion_gcs_dag.py
[2022-07-24 18:07:50,890] {logging_mixin.py:109} INFO - [2022-07-24 18:07:50,889] {dag.py:2396} INFO - Sync 1 DAGs
[2022-07-24 18:07:50,901] {logging_mixin.py:109} INFO - [2022-07-24 18:07:50,901] {dag.py:2935} INFO - Setting next_dagrun for data_ingestion_gcs_dag to 2022-07-24T00:00:00+00:00
[2022-07-24 18:07:50,906] {processor.py:171} INFO - Processing /opt/airflow/dags/data_ingestion_gcs_dag.py took 0.657 seconds
[2022-07-24 18:08:20,973] {processor.py:163} INFO - Started process (PID=1826) to work on /opt/airflow/dags/data_ingestion_gcs_dag.py
[2022-07-24 18:08:20,974] {processor.py:642} INFO - Processing file /opt/airflow/dags/data_ingestion_gcs_dag.py for tasks to queue
[2022-07-24 18:08:20,974] {logging_mixin.py:109} INFO - [2022-07-24 18:08:20,974] {dagbag.py:500} INFO - Filling up the DagBag from /opt/airflow/dags/data_ingestion_gcs_dag.py
[2022-07-24 18:08:21,580] {processor.py:654} INFO - DAG(s) dict_keys(['data_ingestion_gcs_dag']) retrieved from /opt/airflow/dags/data_ingestion_gcs_dag.py
[2022-07-24 18:08:21,586] {logging_mixin.py:109} INFO - [2022-07-24 18:08:21,586] {dag.py:2396} INFO - Sync 1 DAGs
[2022-07-24 18:08:21,597] {logging_mixin.py:109} INFO - [2022-07-24 18:08:21,597] {dag.py:2935} INFO - Setting next_dagrun for data_ingestion_gcs_dag to 2022-07-24T00:00:00+00:00
[2022-07-24 18:08:21,603] {processor.py:171} INFO - Processing /opt/airflow/dags/data_ingestion_gcs_dag.py took 0.631 seconds
