[2022-08-01 08:47:09,226] {processor.py:163} INFO - Started process (PID=56) to work on /opt/airflow/dags/data_ingestion_gcs_dag.py
[2022-08-01 08:47:09,227] {processor.py:642} INFO - Processing file /opt/airflow/dags/data_ingestion_gcs_dag.py for tasks to queue
[2022-08-01 08:47:09,227] {logging_mixin.py:109} INFO - [2022-08-01 08:47:09,227] {dagbag.py:500} INFO - Filling up the DagBag from /opt/airflow/dags/data_ingestion_gcs_dag.py
[2022-08-01 08:47:12,004] {processor.py:654} INFO - DAG(s) dict_keys(['data_ingestion_gcs_dag']) retrieved from /opt/airflow/dags/data_ingestion_gcs_dag.py
[2022-08-01 08:47:12,422] {logging_mixin.py:109} INFO - [2022-08-01 08:47:12,422] {dag.py:2396} INFO - Sync 1 DAGs
[2022-08-01 08:47:12,454] {processor.py:171} INFO - Processing /opt/airflow/dags/data_ingestion_gcs_dag.py took 3.231 seconds
[2022-08-01 08:47:42,561] {processor.py:163} INFO - Started process (PID=91) to work on /opt/airflow/dags/data_ingestion_gcs_dag.py
[2022-08-01 08:47:42,562] {processor.py:642} INFO - Processing file /opt/airflow/dags/data_ingestion_gcs_dag.py for tasks to queue
[2022-08-01 08:47:42,563] {logging_mixin.py:109} INFO - [2022-08-01 08:47:42,563] {dagbag.py:500} INFO - Filling up the DagBag from /opt/airflow/dags/data_ingestion_gcs_dag.py
[2022-08-01 08:47:43,502] {processor.py:654} INFO - DAG(s) dict_keys(['data_ingestion_gcs_dag']) retrieved from /opt/airflow/dags/data_ingestion_gcs_dag.py
[2022-08-01 08:47:43,513] {logging_mixin.py:109} INFO - [2022-08-01 08:47:43,512] {dag.py:2396} INFO - Sync 1 DAGs
[2022-08-01 08:47:43,543] {processor.py:171} INFO - Processing /opt/airflow/dags/data_ingestion_gcs_dag.py took 0.984 seconds
[2022-08-01 08:48:13,714] {processor.py:163} INFO - Started process (PID=136) to work on /opt/airflow/dags/data_ingestion_gcs_dag.py
[2022-08-01 08:48:13,715] {processor.py:642} INFO - Processing file /opt/airflow/dags/data_ingestion_gcs_dag.py for tasks to queue
[2022-08-01 08:48:13,716] {logging_mixin.py:109} INFO - [2022-08-01 08:48:13,716] {dagbag.py:500} INFO - Filling up the DagBag from /opt/airflow/dags/data_ingestion_gcs_dag.py
[2022-08-01 08:48:15,740] {processor.py:654} INFO - DAG(s) dict_keys(['data_ingestion_gcs_dag']) retrieved from /opt/airflow/dags/data_ingestion_gcs_dag.py
[2022-08-01 08:48:15,752] {logging_mixin.py:109} INFO - [2022-08-01 08:48:15,752] {dag.py:2396} INFO - Sync 1 DAGs
[2022-08-01 08:48:15,822] {processor.py:171} INFO - Processing /opt/airflow/dags/data_ingestion_gcs_dag.py took 2.110 seconds
[2022-08-01 08:48:45,948] {processor.py:163} INFO - Started process (PID=170) to work on /opt/airflow/dags/data_ingestion_gcs_dag.py
[2022-08-01 08:48:45,950] {processor.py:642} INFO - Processing file /opt/airflow/dags/data_ingestion_gcs_dag.py for tasks to queue
[2022-08-01 08:48:45,950] {logging_mixin.py:109} INFO - [2022-08-01 08:48:45,950] {dagbag.py:500} INFO - Filling up the DagBag from /opt/airflow/dags/data_ingestion_gcs_dag.py
[2022-08-01 08:48:46,868] {processor.py:654} INFO - DAG(s) dict_keys(['data_ingestion_gcs_dag']) retrieved from /opt/airflow/dags/data_ingestion_gcs_dag.py
[2022-08-01 08:48:46,877] {logging_mixin.py:109} INFO - [2022-08-01 08:48:46,877] {dag.py:2396} INFO - Sync 1 DAGs
[2022-08-01 08:48:46,899] {processor.py:171} INFO - Processing /opt/airflow/dags/data_ingestion_gcs_dag.py took 0.953 seconds
[2022-08-01 08:49:16,960] {processor.py:163} INFO - Started process (PID=214) to work on /opt/airflow/dags/data_ingestion_gcs_dag.py
[2022-08-01 08:49:16,961] {processor.py:642} INFO - Processing file /opt/airflow/dags/data_ingestion_gcs_dag.py for tasks to queue
[2022-08-01 08:49:16,962] {logging_mixin.py:109} INFO - [2022-08-01 08:49:16,962] {dagbag.py:500} INFO - Filling up the DagBag from /opt/airflow/dags/data_ingestion_gcs_dag.py
[2022-08-01 08:49:18,508] {processor.py:654} INFO - DAG(s) dict_keys(['data_ingestion_gcs_dag']) retrieved from /opt/airflow/dags/data_ingestion_gcs_dag.py
[2022-08-01 08:49:18,529] {logging_mixin.py:109} INFO - [2022-08-01 08:49:18,529] {dag.py:2396} INFO - Sync 1 DAGs
[2022-08-01 08:49:18,573] {processor.py:171} INFO - Processing /opt/airflow/dags/data_ingestion_gcs_dag.py took 1.616 seconds
[2022-08-01 08:49:48,651] {processor.py:163} INFO - Started process (PID=249) to work on /opt/airflow/dags/data_ingestion_gcs_dag.py
[2022-08-01 08:49:48,652] {processor.py:642} INFO - Processing file /opt/airflow/dags/data_ingestion_gcs_dag.py for tasks to queue
[2022-08-01 08:49:48,652] {logging_mixin.py:109} INFO - [2022-08-01 08:49:48,652] {dagbag.py:500} INFO - Filling up the DagBag from /opt/airflow/dags/data_ingestion_gcs_dag.py
[2022-08-01 08:49:49,434] {processor.py:654} INFO - DAG(s) dict_keys(['data_ingestion_gcs_dag']) retrieved from /opt/airflow/dags/data_ingestion_gcs_dag.py
[2022-08-01 08:49:49,442] {logging_mixin.py:109} INFO - [2022-08-01 08:49:49,441] {dag.py:2396} INFO - Sync 1 DAGs
[2022-08-01 08:49:49,459] {processor.py:171} INFO - Processing /opt/airflow/dags/data_ingestion_gcs_dag.py took 0.810 seconds
[2022-08-01 08:50:19,523] {processor.py:163} INFO - Started process (PID=293) to work on /opt/airflow/dags/data_ingestion_gcs_dag.py
[2022-08-01 08:50:19,524] {processor.py:642} INFO - Processing file /opt/airflow/dags/data_ingestion_gcs_dag.py for tasks to queue
[2022-08-01 08:50:19,524] {logging_mixin.py:109} INFO - [2022-08-01 08:50:19,524] {dagbag.py:500} INFO - Filling up the DagBag from /opt/airflow/dags/data_ingestion_gcs_dag.py
[2022-08-01 08:50:20,831] {processor.py:654} INFO - DAG(s) dict_keys(['data_ingestion_gcs_dag']) retrieved from /opt/airflow/dags/data_ingestion_gcs_dag.py
[2022-08-01 08:50:20,842] {logging_mixin.py:109} INFO - [2022-08-01 08:50:20,842] {dag.py:2396} INFO - Sync 1 DAGs
[2022-08-01 08:50:20,863] {processor.py:171} INFO - Processing /opt/airflow/dags/data_ingestion_gcs_dag.py took 1.343 seconds
[2022-08-01 08:50:50,966] {processor.py:163} INFO - Started process (PID=328) to work on /opt/airflow/dags/data_ingestion_gcs_dag.py
[2022-08-01 08:50:50,967] {processor.py:642} INFO - Processing file /opt/airflow/dags/data_ingestion_gcs_dag.py for tasks to queue
[2022-08-01 08:50:50,967] {logging_mixin.py:109} INFO - [2022-08-01 08:50:50,967] {dagbag.py:500} INFO - Filling up the DagBag from /opt/airflow/dags/data_ingestion_gcs_dag.py
[2022-08-01 08:50:51,914] {processor.py:654} INFO - DAG(s) dict_keys(['data_ingestion_gcs_dag']) retrieved from /opt/airflow/dags/data_ingestion_gcs_dag.py
[2022-08-01 08:50:51,926] {logging_mixin.py:109} INFO - [2022-08-01 08:50:51,925] {dag.py:2396} INFO - Sync 1 DAGs
[2022-08-01 08:50:51,948] {processor.py:171} INFO - Processing /opt/airflow/dags/data_ingestion_gcs_dag.py took 0.985 seconds
[2022-08-01 08:51:22,058] {processor.py:163} INFO - Started process (PID=372) to work on /opt/airflow/dags/data_ingestion_gcs_dag.py
[2022-08-01 08:51:22,059] {processor.py:642} INFO - Processing file /opt/airflow/dags/data_ingestion_gcs_dag.py for tasks to queue
[2022-08-01 08:51:22,060] {logging_mixin.py:109} INFO - [2022-08-01 08:51:22,060] {dagbag.py:500} INFO - Filling up the DagBag from /opt/airflow/dags/data_ingestion_gcs_dag.py
[2022-08-01 08:51:23,334] {processor.py:654} INFO - DAG(s) dict_keys(['data_ingestion_gcs_dag']) retrieved from /opt/airflow/dags/data_ingestion_gcs_dag.py
[2022-08-01 08:51:23,342] {logging_mixin.py:109} INFO - [2022-08-01 08:51:23,342] {dag.py:2396} INFO - Sync 1 DAGs
[2022-08-01 08:51:23,362] {processor.py:171} INFO - Processing /opt/airflow/dags/data_ingestion_gcs_dag.py took 1.307 seconds
[2022-08-01 08:51:53,468] {processor.py:163} INFO - Started process (PID=407) to work on /opt/airflow/dags/data_ingestion_gcs_dag.py
[2022-08-01 08:51:53,469] {processor.py:642} INFO - Processing file /opt/airflow/dags/data_ingestion_gcs_dag.py for tasks to queue
[2022-08-01 08:51:53,470] {logging_mixin.py:109} INFO - [2022-08-01 08:51:53,470] {dagbag.py:500} INFO - Filling up the DagBag from /opt/airflow/dags/data_ingestion_gcs_dag.py
[2022-08-01 08:51:54,250] {processor.py:654} INFO - DAG(s) dict_keys(['data_ingestion_gcs_dag']) retrieved from /opt/airflow/dags/data_ingestion_gcs_dag.py
[2022-08-01 08:51:54,258] {logging_mixin.py:109} INFO - [2022-08-01 08:51:54,257] {dag.py:2396} INFO - Sync 1 DAGs
[2022-08-01 08:51:54,276] {processor.py:171} INFO - Processing /opt/airflow/dags/data_ingestion_gcs_dag.py took 0.810 seconds
[2022-08-01 08:52:24,366] {processor.py:163} INFO - Started process (PID=451) to work on /opt/airflow/dags/data_ingestion_gcs_dag.py
[2022-08-01 08:52:24,367] {processor.py:642} INFO - Processing file /opt/airflow/dags/data_ingestion_gcs_dag.py for tasks to queue
[2022-08-01 08:52:24,368] {logging_mixin.py:109} INFO - [2022-08-01 08:52:24,368] {dagbag.py:500} INFO - Filling up the DagBag from /opt/airflow/dags/data_ingestion_gcs_dag.py
[2022-08-01 08:52:25,031] {processor.py:654} INFO - DAG(s) dict_keys(['data_ingestion_gcs_dag']) retrieved from /opt/airflow/dags/data_ingestion_gcs_dag.py
[2022-08-01 08:52:25,041] {logging_mixin.py:109} INFO - [2022-08-01 08:52:25,040] {dag.py:2396} INFO - Sync 1 DAGs
[2022-08-01 08:52:25,062] {processor.py:171} INFO - Processing /opt/airflow/dags/data_ingestion_gcs_dag.py took 0.698 seconds
[2022-08-01 08:52:55,141] {processor.py:163} INFO - Started process (PID=486) to work on /opt/airflow/dags/data_ingestion_gcs_dag.py
[2022-08-01 08:52:55,142] {processor.py:642} INFO - Processing file /opt/airflow/dags/data_ingestion_gcs_dag.py for tasks to queue
[2022-08-01 08:52:55,143] {logging_mixin.py:109} INFO - [2022-08-01 08:52:55,143] {dagbag.py:500} INFO - Filling up the DagBag from /opt/airflow/dags/data_ingestion_gcs_dag.py
[2022-08-01 08:52:55,936] {processor.py:654} INFO - DAG(s) dict_keys(['data_ingestion_gcs_dag']) retrieved from /opt/airflow/dags/data_ingestion_gcs_dag.py
[2022-08-01 08:52:55,943] {logging_mixin.py:109} INFO - [2022-08-01 08:52:55,942] {dag.py:2396} INFO - Sync 1 DAGs
[2022-08-01 08:52:55,961] {processor.py:171} INFO - Processing /opt/airflow/dags/data_ingestion_gcs_dag.py took 0.822 seconds
[2022-08-01 08:53:26,027] {processor.py:163} INFO - Started process (PID=530) to work on /opt/airflow/dags/data_ingestion_gcs_dag.py
[2022-08-01 08:53:26,028] {processor.py:642} INFO - Processing file /opt/airflow/dags/data_ingestion_gcs_dag.py for tasks to queue
[2022-08-01 08:53:26,029] {logging_mixin.py:109} INFO - [2022-08-01 08:53:26,028] {dagbag.py:500} INFO - Filling up the DagBag from /opt/airflow/dags/data_ingestion_gcs_dag.py
[2022-08-01 08:53:26,709] {processor.py:654} INFO - DAG(s) dict_keys(['data_ingestion_gcs_dag']) retrieved from /opt/airflow/dags/data_ingestion_gcs_dag.py
[2022-08-01 08:53:26,716] {logging_mixin.py:109} INFO - [2022-08-01 08:53:26,715] {dag.py:2396} INFO - Sync 1 DAGs
[2022-08-01 08:53:26,732] {processor.py:171} INFO - Processing /opt/airflow/dags/data_ingestion_gcs_dag.py took 0.707 seconds
[2022-08-01 08:53:56,793] {processor.py:163} INFO - Started process (PID=565) to work on /opt/airflow/dags/data_ingestion_gcs_dag.py
[2022-08-01 08:53:56,794] {processor.py:642} INFO - Processing file /opt/airflow/dags/data_ingestion_gcs_dag.py for tasks to queue
[2022-08-01 08:53:56,794] {logging_mixin.py:109} INFO - [2022-08-01 08:53:56,794] {dagbag.py:500} INFO - Filling up the DagBag from /opt/airflow/dags/data_ingestion_gcs_dag.py
[2022-08-01 08:53:57,588] {processor.py:654} INFO - DAG(s) dict_keys(['data_ingestion_gcs_dag']) retrieved from /opt/airflow/dags/data_ingestion_gcs_dag.py
[2022-08-01 08:53:57,595] {logging_mixin.py:109} INFO - [2022-08-01 08:53:57,595] {dag.py:2396} INFO - Sync 1 DAGs
[2022-08-01 08:53:57,613] {processor.py:171} INFO - Processing /opt/airflow/dags/data_ingestion_gcs_dag.py took 0.822 seconds
[2022-08-01 08:54:27,711] {processor.py:163} INFO - Started process (PID=609) to work on /opt/airflow/dags/data_ingestion_gcs_dag.py
[2022-08-01 08:54:27,712] {processor.py:642} INFO - Processing file /opt/airflow/dags/data_ingestion_gcs_dag.py for tasks to queue
[2022-08-01 08:54:27,712] {logging_mixin.py:109} INFO - [2022-08-01 08:54:27,712] {dagbag.py:500} INFO - Filling up the DagBag from /opt/airflow/dags/data_ingestion_gcs_dag.py
[2022-08-01 08:54:28,435] {processor.py:654} INFO - DAG(s) dict_keys(['data_ingestion_gcs_dag']) retrieved from /opt/airflow/dags/data_ingestion_gcs_dag.py
[2022-08-01 08:54:28,442] {logging_mixin.py:109} INFO - [2022-08-01 08:54:28,442] {dag.py:2396} INFO - Sync 1 DAGs
[2022-08-01 08:54:28,459] {processor.py:171} INFO - Processing /opt/airflow/dags/data_ingestion_gcs_dag.py took 0.751 seconds
[2022-08-01 08:54:58,538] {processor.py:163} INFO - Started process (PID=644) to work on /opt/airflow/dags/data_ingestion_gcs_dag.py
[2022-08-01 08:54:58,539] {processor.py:642} INFO - Processing file /opt/airflow/dags/data_ingestion_gcs_dag.py for tasks to queue
[2022-08-01 08:54:58,539] {logging_mixin.py:109} INFO - [2022-08-01 08:54:58,539] {dagbag.py:500} INFO - Filling up the DagBag from /opt/airflow/dags/data_ingestion_gcs_dag.py
[2022-08-01 08:54:59,413] {processor.py:654} INFO - DAG(s) dict_keys(['data_ingestion_gcs_dag']) retrieved from /opt/airflow/dags/data_ingestion_gcs_dag.py
[2022-08-01 08:54:59,422] {logging_mixin.py:109} INFO - [2022-08-01 08:54:59,422] {dag.py:2396} INFO - Sync 1 DAGs
[2022-08-01 08:54:59,440] {processor.py:171} INFO - Processing /opt/airflow/dags/data_ingestion_gcs_dag.py took 0.904 seconds
[2022-08-01 08:55:29,518] {processor.py:163} INFO - Started process (PID=689) to work on /opt/airflow/dags/data_ingestion_gcs_dag.py
[2022-08-01 08:55:29,519] {processor.py:642} INFO - Processing file /opt/airflow/dags/data_ingestion_gcs_dag.py for tasks to queue
[2022-08-01 08:55:29,519] {logging_mixin.py:109} INFO - [2022-08-01 08:55:29,519] {dagbag.py:500} INFO - Filling up the DagBag from /opt/airflow/dags/data_ingestion_gcs_dag.py
[2022-08-01 08:55:30,216] {processor.py:654} INFO - DAG(s) dict_keys(['data_ingestion_gcs_dag']) retrieved from /opt/airflow/dags/data_ingestion_gcs_dag.py
[2022-08-01 08:55:30,223] {logging_mixin.py:109} INFO - [2022-08-01 08:55:30,222] {dag.py:2396} INFO - Sync 1 DAGs
[2022-08-01 08:55:30,241] {processor.py:171} INFO - Processing /opt/airflow/dags/data_ingestion_gcs_dag.py took 0.725 seconds
[2022-08-01 08:56:00,304] {processor.py:163} INFO - Started process (PID=724) to work on /opt/airflow/dags/data_ingestion_gcs_dag.py
[2022-08-01 08:56:00,305] {processor.py:642} INFO - Processing file /opt/airflow/dags/data_ingestion_gcs_dag.py for tasks to queue
[2022-08-01 08:56:00,305] {logging_mixin.py:109} INFO - [2022-08-01 08:56:00,305] {dagbag.py:500} INFO - Filling up the DagBag from /opt/airflow/dags/data_ingestion_gcs_dag.py
[2022-08-01 08:56:01,319] {processor.py:654} INFO - DAG(s) dict_keys(['data_ingestion_gcs_dag']) retrieved from /opt/airflow/dags/data_ingestion_gcs_dag.py
[2022-08-01 08:56:01,328] {logging_mixin.py:109} INFO - [2022-08-01 08:56:01,328] {dag.py:2396} INFO - Sync 1 DAGs
[2022-08-01 08:56:01,405] {processor.py:171} INFO - Processing /opt/airflow/dags/data_ingestion_gcs_dag.py took 1.103 seconds
[2022-08-01 08:56:31,465] {processor.py:163} INFO - Started process (PID=768) to work on /opt/airflow/dags/data_ingestion_gcs_dag.py
[2022-08-01 08:56:31,466] {processor.py:642} INFO - Processing file /opt/airflow/dags/data_ingestion_gcs_dag.py for tasks to queue
[2022-08-01 08:56:31,467] {logging_mixin.py:109} INFO - [2022-08-01 08:56:31,467] {dagbag.py:500} INFO - Filling up the DagBag from /opt/airflow/dags/data_ingestion_gcs_dag.py
[2022-08-01 08:56:32,244] {processor.py:654} INFO - DAG(s) dict_keys(['data_ingestion_gcs_dag']) retrieved from /opt/airflow/dags/data_ingestion_gcs_dag.py
[2022-08-01 08:56:32,251] {logging_mixin.py:109} INFO - [2022-08-01 08:56:32,251] {dag.py:2396} INFO - Sync 1 DAGs
[2022-08-01 08:56:32,268] {processor.py:171} INFO - Processing /opt/airflow/dags/data_ingestion_gcs_dag.py took 0.805 seconds
[2022-08-01 08:57:02,346] {processor.py:163} INFO - Started process (PID=812) to work on /opt/airflow/dags/data_ingestion_gcs_dag.py
[2022-08-01 08:57:02,348] {processor.py:642} INFO - Processing file /opt/airflow/dags/data_ingestion_gcs_dag.py for tasks to queue
[2022-08-01 08:57:02,348] {logging_mixin.py:109} INFO - [2022-08-01 08:57:02,348] {dagbag.py:500} INFO - Filling up the DagBag from /opt/airflow/dags/data_ingestion_gcs_dag.py
[2022-08-01 08:57:03,164] {processor.py:654} INFO - DAG(s) dict_keys(['data_ingestion_gcs_dag']) retrieved from /opt/airflow/dags/data_ingestion_gcs_dag.py
[2022-08-01 08:57:03,171] {logging_mixin.py:109} INFO - [2022-08-01 08:57:03,171] {dag.py:2396} INFO - Sync 1 DAGs
[2022-08-01 08:57:03,191] {processor.py:171} INFO - Processing /opt/airflow/dags/data_ingestion_gcs_dag.py took 0.847 seconds
[2022-08-01 08:57:33,273] {processor.py:163} INFO - Started process (PID=847) to work on /opt/airflow/dags/data_ingestion_gcs_dag.py
[2022-08-01 08:57:33,274] {processor.py:642} INFO - Processing file /opt/airflow/dags/data_ingestion_gcs_dag.py for tasks to queue
[2022-08-01 08:57:33,274] {logging_mixin.py:109} INFO - [2022-08-01 08:57:33,274] {dagbag.py:500} INFO - Filling up the DagBag from /opt/airflow/dags/data_ingestion_gcs_dag.py
[2022-08-01 08:57:34,004] {processor.py:654} INFO - DAG(s) dict_keys(['data_ingestion_gcs_dag']) retrieved from /opt/airflow/dags/data_ingestion_gcs_dag.py
[2022-08-01 08:57:34,011] {logging_mixin.py:109} INFO - [2022-08-01 08:57:34,011] {dag.py:2396} INFO - Sync 1 DAGs
[2022-08-01 08:57:34,027] {processor.py:171} INFO - Processing /opt/airflow/dags/data_ingestion_gcs_dag.py took 0.756 seconds
[2022-08-01 08:58:04,089] {processor.py:163} INFO - Started process (PID=891) to work on /opt/airflow/dags/data_ingestion_gcs_dag.py
[2022-08-01 08:58:04,090] {processor.py:642} INFO - Processing file /opt/airflow/dags/data_ingestion_gcs_dag.py for tasks to queue
[2022-08-01 08:58:04,090] {logging_mixin.py:109} INFO - [2022-08-01 08:58:04,090] {dagbag.py:500} INFO - Filling up the DagBag from /opt/airflow/dags/data_ingestion_gcs_dag.py
[2022-08-01 08:58:04,780] {processor.py:654} INFO - DAG(s) dict_keys(['data_ingestion_gcs_dag']) retrieved from /opt/airflow/dags/data_ingestion_gcs_dag.py
[2022-08-01 08:58:04,787] {logging_mixin.py:109} INFO - [2022-08-01 08:58:04,787] {dag.py:2396} INFO - Sync 1 DAGs
[2022-08-01 08:58:04,804] {processor.py:171} INFO - Processing /opt/airflow/dags/data_ingestion_gcs_dag.py took 0.717 seconds
[2022-08-01 08:58:34,835] {processor.py:163} INFO - Started process (PID=926) to work on /opt/airflow/dags/data_ingestion_gcs_dag.py
[2022-08-01 08:58:34,836] {processor.py:642} INFO - Processing file /opt/airflow/dags/data_ingestion_gcs_dag.py for tasks to queue
[2022-08-01 08:58:34,837] {logging_mixin.py:109} INFO - [2022-08-01 08:58:34,837] {dagbag.py:500} INFO - Filling up the DagBag from /opt/airflow/dags/data_ingestion_gcs_dag.py
[2022-08-01 08:58:35,659] {processor.py:654} INFO - DAG(s) dict_keys(['data_ingestion_gcs_dag']) retrieved from /opt/airflow/dags/data_ingestion_gcs_dag.py
[2022-08-01 08:58:35,665] {logging_mixin.py:109} INFO - [2022-08-01 08:58:35,665] {dag.py:2396} INFO - Sync 1 DAGs
[2022-08-01 08:58:35,681] {processor.py:171} INFO - Processing /opt/airflow/dags/data_ingestion_gcs_dag.py took 0.848 seconds
[2022-08-01 08:59:05,763] {processor.py:163} INFO - Started process (PID=971) to work on /opt/airflow/dags/data_ingestion_gcs_dag.py
[2022-08-01 08:59:05,764] {processor.py:642} INFO - Processing file /opt/airflow/dags/data_ingestion_gcs_dag.py for tasks to queue
[2022-08-01 08:59:05,764] {logging_mixin.py:109} INFO - [2022-08-01 08:59:05,764] {dagbag.py:500} INFO - Filling up the DagBag from /opt/airflow/dags/data_ingestion_gcs_dag.py
[2022-08-01 08:59:06,415] {processor.py:654} INFO - DAG(s) dict_keys(['data_ingestion_gcs_dag']) retrieved from /opt/airflow/dags/data_ingestion_gcs_dag.py
[2022-08-01 08:59:06,422] {logging_mixin.py:109} INFO - [2022-08-01 08:59:06,422] {dag.py:2396} INFO - Sync 1 DAGs
[2022-08-01 08:59:06,438] {processor.py:171} INFO - Processing /opt/airflow/dags/data_ingestion_gcs_dag.py took 0.678 seconds
[2022-08-01 08:59:36,502] {processor.py:163} INFO - Started process (PID=1015) to work on /opt/airflow/dags/data_ingestion_gcs_dag.py
[2022-08-01 08:59:36,503] {processor.py:642} INFO - Processing file /opt/airflow/dags/data_ingestion_gcs_dag.py for tasks to queue
[2022-08-01 08:59:36,503] {logging_mixin.py:109} INFO - [2022-08-01 08:59:36,503] {dagbag.py:500} INFO - Filling up the DagBag from /opt/airflow/dags/data_ingestion_gcs_dag.py
[2022-08-01 08:59:37,281] {processor.py:654} INFO - DAG(s) dict_keys(['data_ingestion_gcs_dag']) retrieved from /opt/airflow/dags/data_ingestion_gcs_dag.py
[2022-08-01 08:59:37,289] {logging_mixin.py:109} INFO - [2022-08-01 08:59:37,289] {dag.py:2396} INFO - Sync 1 DAGs
[2022-08-01 08:59:37,310] {processor.py:171} INFO - Processing /opt/airflow/dags/data_ingestion_gcs_dag.py took 0.811 seconds
[2022-08-01 09:00:07,373] {processor.py:163} INFO - Started process (PID=1050) to work on /opt/airflow/dags/data_ingestion_gcs_dag.py
[2022-08-01 09:00:07,374] {processor.py:642} INFO - Processing file /opt/airflow/dags/data_ingestion_gcs_dag.py for tasks to queue
[2022-08-01 09:00:07,374] {logging_mixin.py:109} INFO - [2022-08-01 09:00:07,374] {dagbag.py:500} INFO - Filling up the DagBag from /opt/airflow/dags/data_ingestion_gcs_dag.py
[2022-08-01 09:00:08,166] {processor.py:654} INFO - DAG(s) dict_keys(['data_ingestion_gcs_dag']) retrieved from /opt/airflow/dags/data_ingestion_gcs_dag.py
[2022-08-01 09:00:08,175] {logging_mixin.py:109} INFO - [2022-08-01 09:00:08,175] {dag.py:2396} INFO - Sync 1 DAGs
[2022-08-01 09:00:08,195] {processor.py:171} INFO - Processing /opt/airflow/dags/data_ingestion_gcs_dag.py took 0.825 seconds
[2022-08-01 09:00:38,255] {processor.py:163} INFO - Started process (PID=1094) to work on /opt/airflow/dags/data_ingestion_gcs_dag.py
[2022-08-01 09:00:38,257] {processor.py:642} INFO - Processing file /opt/airflow/dags/data_ingestion_gcs_dag.py for tasks to queue
[2022-08-01 09:00:38,257] {logging_mixin.py:109} INFO - [2022-08-01 09:00:38,257] {dagbag.py:500} INFO - Filling up the DagBag from /opt/airflow/dags/data_ingestion_gcs_dag.py
[2022-08-01 09:00:39,020] {processor.py:654} INFO - DAG(s) dict_keys(['data_ingestion_gcs_dag']) retrieved from /opt/airflow/dags/data_ingestion_gcs_dag.py
[2022-08-01 09:00:39,028] {logging_mixin.py:109} INFO - [2022-08-01 09:00:39,028] {dag.py:2396} INFO - Sync 1 DAGs
[2022-08-01 09:00:39,046] {processor.py:171} INFO - Processing /opt/airflow/dags/data_ingestion_gcs_dag.py took 0.793 seconds
[2022-08-01 09:01:09,127] {processor.py:163} INFO - Started process (PID=1129) to work on /opt/airflow/dags/data_ingestion_gcs_dag.py
[2022-08-01 09:01:09,128] {processor.py:642} INFO - Processing file /opt/airflow/dags/data_ingestion_gcs_dag.py for tasks to queue
[2022-08-01 09:01:09,129] {logging_mixin.py:109} INFO - [2022-08-01 09:01:09,129] {dagbag.py:500} INFO - Filling up the DagBag from /opt/airflow/dags/data_ingestion_gcs_dag.py
[2022-08-01 09:01:09,789] {processor.py:654} INFO - DAG(s) dict_keys(['data_ingestion_gcs_dag']) retrieved from /opt/airflow/dags/data_ingestion_gcs_dag.py
[2022-08-01 09:01:09,795] {logging_mixin.py:109} INFO - [2022-08-01 09:01:09,795] {dag.py:2396} INFO - Sync 1 DAGs
[2022-08-01 09:01:09,811] {processor.py:171} INFO - Processing /opt/airflow/dags/data_ingestion_gcs_dag.py took 0.686 seconds
[2022-08-01 09:01:39,878] {processor.py:163} INFO - Started process (PID=1173) to work on /opt/airflow/dags/data_ingestion_gcs_dag.py
[2022-08-01 09:01:39,879] {processor.py:642} INFO - Processing file /opt/airflow/dags/data_ingestion_gcs_dag.py for tasks to queue
[2022-08-01 09:01:39,880] {logging_mixin.py:109} INFO - [2022-08-01 09:01:39,879] {dagbag.py:500} INFO - Filling up the DagBag from /opt/airflow/dags/data_ingestion_gcs_dag.py
[2022-08-01 09:01:40,646] {processor.py:654} INFO - DAG(s) dict_keys(['data_ingestion_gcs_dag']) retrieved from /opt/airflow/dags/data_ingestion_gcs_dag.py
[2022-08-01 09:01:40,653] {logging_mixin.py:109} INFO - [2022-08-01 09:01:40,653] {dag.py:2396} INFO - Sync 1 DAGs
[2022-08-01 09:01:40,669] {processor.py:171} INFO - Processing /opt/airflow/dags/data_ingestion_gcs_dag.py took 0.793 seconds
[2022-08-01 09:02:10,728] {processor.py:163} INFO - Started process (PID=1208) to work on /opt/airflow/dags/data_ingestion_gcs_dag.py
[2022-08-01 09:02:10,730] {processor.py:642} INFO - Processing file /opt/airflow/dags/data_ingestion_gcs_dag.py for tasks to queue
[2022-08-01 09:02:10,731] {logging_mixin.py:109} INFO - [2022-08-01 09:02:10,730] {dagbag.py:500} INFO - Filling up the DagBag from /opt/airflow/dags/data_ingestion_gcs_dag.py
[2022-08-01 09:02:11,524] {processor.py:654} INFO - DAG(s) dict_keys(['data_ingestion_gcs_dag']) retrieved from /opt/airflow/dags/data_ingestion_gcs_dag.py
[2022-08-01 09:02:11,532] {logging_mixin.py:109} INFO - [2022-08-01 09:02:11,532] {dag.py:2396} INFO - Sync 1 DAGs
[2022-08-01 09:02:11,551] {processor.py:171} INFO - Processing /opt/airflow/dags/data_ingestion_gcs_dag.py took 0.825 seconds
[2022-08-01 09:02:41,637] {processor.py:163} INFO - Started process (PID=1252) to work on /opt/airflow/dags/data_ingestion_gcs_dag.py
[2022-08-01 09:02:41,637] {processor.py:642} INFO - Processing file /opt/airflow/dags/data_ingestion_gcs_dag.py for tasks to queue
[2022-08-01 09:02:41,638] {logging_mixin.py:109} INFO - [2022-08-01 09:02:41,638] {dagbag.py:500} INFO - Filling up the DagBag from /opt/airflow/dags/data_ingestion_gcs_dag.py
[2022-08-01 09:02:42,312] {processor.py:654} INFO - DAG(s) dict_keys(['data_ingestion_gcs_dag']) retrieved from /opt/airflow/dags/data_ingestion_gcs_dag.py
[2022-08-01 09:02:42,319] {logging_mixin.py:109} INFO - [2022-08-01 09:02:42,319] {dag.py:2396} INFO - Sync 1 DAGs
[2022-08-01 09:02:42,333] {logging_mixin.py:109} INFO - [2022-08-01 09:02:42,333] {dag.py:2935} INFO - Setting next_dagrun for data_ingestion_gcs_dag to 2022-08-01T00:00:00+00:00
[2022-08-01 09:02:42,339] {processor.py:171} INFO - Processing /opt/airflow/dags/data_ingestion_gcs_dag.py took 0.705 seconds
[2022-08-01 09:03:12,421] {processor.py:163} INFO - Started process (PID=1287) to work on /opt/airflow/dags/data_ingestion_gcs_dag.py
[2022-08-01 09:03:12,422] {processor.py:642} INFO - Processing file /opt/airflow/dags/data_ingestion_gcs_dag.py for tasks to queue
[2022-08-01 09:03:12,423] {logging_mixin.py:109} INFO - [2022-08-01 09:03:12,422] {dagbag.py:500} INFO - Filling up the DagBag from /opt/airflow/dags/data_ingestion_gcs_dag.py
[2022-08-01 09:03:13,168] {processor.py:654} INFO - DAG(s) dict_keys(['data_ingestion_gcs_dag']) retrieved from /opt/airflow/dags/data_ingestion_gcs_dag.py
[2022-08-01 09:03:13,176] {logging_mixin.py:109} INFO - [2022-08-01 09:03:13,176] {dag.py:2396} INFO - Sync 1 DAGs
[2022-08-01 09:03:13,191] {logging_mixin.py:109} INFO - [2022-08-01 09:03:13,191] {dag.py:2935} INFO - Setting next_dagrun for data_ingestion_gcs_dag to 2022-08-01T00:00:00+00:00
[2022-08-01 09:03:13,204] {processor.py:171} INFO - Processing /opt/airflow/dags/data_ingestion_gcs_dag.py took 0.786 seconds
[2022-08-01 09:03:43,265] {processor.py:163} INFO - Started process (PID=1331) to work on /opt/airflow/dags/data_ingestion_gcs_dag.py
[2022-08-01 09:03:43,266] {processor.py:642} INFO - Processing file /opt/airflow/dags/data_ingestion_gcs_dag.py for tasks to queue
[2022-08-01 09:03:43,266] {logging_mixin.py:109} INFO - [2022-08-01 09:03:43,266] {dagbag.py:500} INFO - Filling up the DagBag from /opt/airflow/dags/data_ingestion_gcs_dag.py
[2022-08-01 09:03:43,977] {processor.py:654} INFO - DAG(s) dict_keys(['data_ingestion_gcs_dag']) retrieved from /opt/airflow/dags/data_ingestion_gcs_dag.py
[2022-08-01 09:03:43,985] {logging_mixin.py:109} INFO - [2022-08-01 09:03:43,984] {dag.py:2396} INFO - Sync 1 DAGs
[2022-08-01 09:03:44,012] {logging_mixin.py:109} INFO - [2022-08-01 09:03:44,012] {dag.py:2935} INFO - Setting next_dagrun for data_ingestion_gcs_dag to 2022-08-01T00:00:00+00:00
[2022-08-01 09:03:44,020] {processor.py:171} INFO - Processing /opt/airflow/dags/data_ingestion_gcs_dag.py took 0.757 seconds
[2022-08-01 09:04:14,080] {processor.py:163} INFO - Started process (PID=1375) to work on /opt/airflow/dags/data_ingestion_gcs_dag.py
[2022-08-01 09:04:14,081] {processor.py:642} INFO - Processing file /opt/airflow/dags/data_ingestion_gcs_dag.py for tasks to queue
[2022-08-01 09:04:14,082] {logging_mixin.py:109} INFO - [2022-08-01 09:04:14,082] {dagbag.py:500} INFO - Filling up the DagBag from /opt/airflow/dags/data_ingestion_gcs_dag.py
[2022-08-01 09:04:14,707] {processor.py:654} INFO - DAG(s) dict_keys(['data_ingestion_gcs_dag']) retrieved from /opt/airflow/dags/data_ingestion_gcs_dag.py
[2022-08-01 09:04:14,713] {logging_mixin.py:109} INFO - [2022-08-01 09:04:14,713] {dag.py:2396} INFO - Sync 1 DAGs
[2022-08-01 09:04:14,726] {logging_mixin.py:109} INFO - [2022-08-01 09:04:14,726] {dag.py:2935} INFO - Setting next_dagrun for data_ingestion_gcs_dag to 2022-08-01T00:00:00+00:00
[2022-08-01 09:04:14,732] {processor.py:171} INFO - Processing /opt/airflow/dags/data_ingestion_gcs_dag.py took 0.653 seconds
[2022-08-01 09:04:44,805] {processor.py:163} INFO - Started process (PID=1410) to work on /opt/airflow/dags/data_ingestion_gcs_dag.py
[2022-08-01 09:04:44,807] {processor.py:642} INFO - Processing file /opt/airflow/dags/data_ingestion_gcs_dag.py for tasks to queue
[2022-08-01 09:04:44,807] {logging_mixin.py:109} INFO - [2022-08-01 09:04:44,807] {dagbag.py:500} INFO - Filling up the DagBag from /opt/airflow/dags/data_ingestion_gcs_dag.py
[2022-08-01 09:04:45,831] {processor.py:654} INFO - DAG(s) dict_keys(['data_ingestion_gcs_dag']) retrieved from /opt/airflow/dags/data_ingestion_gcs_dag.py
[2022-08-01 09:04:45,843] {logging_mixin.py:109} INFO - [2022-08-01 09:04:45,843] {dag.py:2396} INFO - Sync 1 DAGs
[2022-08-01 09:04:45,864] {logging_mixin.py:109} INFO - [2022-08-01 09:04:45,864] {dag.py:2935} INFO - Setting next_dagrun for data_ingestion_gcs_dag to 2022-08-01T00:00:00+00:00
[2022-08-01 09:04:45,908] {processor.py:171} INFO - Processing /opt/airflow/dags/data_ingestion_gcs_dag.py took 1.105 seconds
[2022-08-01 09:05:15,966] {processor.py:163} INFO - Started process (PID=1454) to work on /opt/airflow/dags/data_ingestion_gcs_dag.py
[2022-08-01 09:05:15,967] {processor.py:642} INFO - Processing file /opt/airflow/dags/data_ingestion_gcs_dag.py for tasks to queue
[2022-08-01 09:05:15,968] {logging_mixin.py:109} INFO - [2022-08-01 09:05:15,968] {dagbag.py:500} INFO - Filling up the DagBag from /opt/airflow/dags/data_ingestion_gcs_dag.py
[2022-08-01 09:05:16,719] {processor.py:654} INFO - DAG(s) dict_keys(['data_ingestion_gcs_dag']) retrieved from /opt/airflow/dags/data_ingestion_gcs_dag.py
[2022-08-01 09:05:16,726] {logging_mixin.py:109} INFO - [2022-08-01 09:05:16,726] {dag.py:2396} INFO - Sync 1 DAGs
[2022-08-01 09:05:16,741] {logging_mixin.py:109} INFO - [2022-08-01 09:05:16,741] {dag.py:2935} INFO - Setting next_dagrun for data_ingestion_gcs_dag to 2022-08-01T00:00:00+00:00
[2022-08-01 09:05:16,747] {processor.py:171} INFO - Processing /opt/airflow/dags/data_ingestion_gcs_dag.py took 0.783 seconds
[2022-08-01 09:05:46,838] {processor.py:163} INFO - Started process (PID=1489) to work on /opt/airflow/dags/data_ingestion_gcs_dag.py
[2022-08-01 09:05:46,839] {processor.py:642} INFO - Processing file /opt/airflow/dags/data_ingestion_gcs_dag.py for tasks to queue
[2022-08-01 09:05:46,839] {logging_mixin.py:109} INFO - [2022-08-01 09:05:46,839] {dagbag.py:500} INFO - Filling up the DagBag from /opt/airflow/dags/data_ingestion_gcs_dag.py
[2022-08-01 09:05:48,110] {processor.py:654} INFO - DAG(s) dict_keys(['data_ingestion_gcs_dag']) retrieved from /opt/airflow/dags/data_ingestion_gcs_dag.py
[2022-08-01 09:05:48,117] {logging_mixin.py:109} INFO - [2022-08-01 09:05:48,117] {dag.py:2396} INFO - Sync 1 DAGs
[2022-08-01 09:05:48,133] {logging_mixin.py:109} INFO - [2022-08-01 09:05:48,133] {dag.py:2935} INFO - Setting next_dagrun for data_ingestion_gcs_dag to 2022-08-01T00:00:00+00:00
[2022-08-01 09:05:48,140] {processor.py:171} INFO - Processing /opt/airflow/dags/data_ingestion_gcs_dag.py took 1.305 seconds
[2022-08-01 09:06:18,267] {processor.py:163} INFO - Started process (PID=1534) to work on /opt/airflow/dags/data_ingestion_gcs_dag.py
[2022-08-01 09:06:18,268] {processor.py:642} INFO - Processing file /opt/airflow/dags/data_ingestion_gcs_dag.py for tasks to queue
[2022-08-01 09:06:18,269] {logging_mixin.py:109} INFO - [2022-08-01 09:06:18,269] {dagbag.py:500} INFO - Filling up the DagBag from /opt/airflow/dags/data_ingestion_gcs_dag.py
[2022-08-01 09:06:19,346] {processor.py:654} INFO - DAG(s) dict_keys(['data_ingestion_gcs_dag']) retrieved from /opt/airflow/dags/data_ingestion_gcs_dag.py
[2022-08-01 09:06:19,355] {logging_mixin.py:109} INFO - [2022-08-01 09:06:19,355] {dag.py:2396} INFO - Sync 1 DAGs
[2022-08-01 09:06:19,369] {logging_mixin.py:109} INFO - [2022-08-01 09:06:19,369] {dag.py:2935} INFO - Setting next_dagrun for data_ingestion_gcs_dag to 2022-08-01T00:00:00+00:00
[2022-08-01 09:06:19,376] {processor.py:171} INFO - Processing /opt/airflow/dags/data_ingestion_gcs_dag.py took 1.111 seconds
[2022-08-01 09:06:49,457] {processor.py:163} INFO - Started process (PID=1572) to work on /opt/airflow/dags/data_ingestion_gcs_dag.py
[2022-08-01 09:06:49,458] {processor.py:642} INFO - Processing file /opt/airflow/dags/data_ingestion_gcs_dag.py for tasks to queue
[2022-08-01 09:06:49,459] {logging_mixin.py:109} INFO - [2022-08-01 09:06:49,459] {dagbag.py:500} INFO - Filling up the DagBag from /opt/airflow/dags/data_ingestion_gcs_dag.py
[2022-08-01 09:06:50,671] {processor.py:654} INFO - DAG(s) dict_keys(['data_ingestion_gcs_dag']) retrieved from /opt/airflow/dags/data_ingestion_gcs_dag.py
[2022-08-01 09:06:50,681] {logging_mixin.py:109} INFO - [2022-08-01 09:06:50,681] {dag.py:2396} INFO - Sync 1 DAGs
[2022-08-01 09:06:50,696] {logging_mixin.py:109} INFO - [2022-08-01 09:06:50,696] {dag.py:2935} INFO - Setting next_dagrun for data_ingestion_gcs_dag to 2022-08-01T00:00:00+00:00
[2022-08-01 09:06:50,713] {processor.py:171} INFO - Processing /opt/airflow/dags/data_ingestion_gcs_dag.py took 1.257 seconds
[2022-08-01 09:07:20,785] {processor.py:163} INFO - Started process (PID=1614) to work on /opt/airflow/dags/data_ingestion_gcs_dag.py
[2022-08-01 09:07:20,786] {processor.py:642} INFO - Processing file /opt/airflow/dags/data_ingestion_gcs_dag.py for tasks to queue
[2022-08-01 09:07:20,786] {logging_mixin.py:109} INFO - [2022-08-01 09:07:20,786] {dagbag.py:500} INFO - Filling up the DagBag from /opt/airflow/dags/data_ingestion_gcs_dag.py
[2022-08-01 09:07:21,536] {processor.py:654} INFO - DAG(s) dict_keys(['data_ingestion_gcs_dag']) retrieved from /opt/airflow/dags/data_ingestion_gcs_dag.py
[2022-08-01 09:07:21,545] {logging_mixin.py:109} INFO - [2022-08-01 09:07:21,545] {dag.py:2396} INFO - Sync 1 DAGs
[2022-08-01 09:07:21,558] {logging_mixin.py:109} INFO - [2022-08-01 09:07:21,557] {dag.py:2935} INFO - Setting next_dagrun for data_ingestion_gcs_dag to 2022-08-01T00:00:00+00:00
[2022-08-01 09:07:21,564] {processor.py:171} INFO - Processing /opt/airflow/dags/data_ingestion_gcs_dag.py took 0.781 seconds
[2022-08-01 09:07:51,643] {processor.py:163} INFO - Started process (PID=1659) to work on /opt/airflow/dags/data_ingestion_gcs_dag.py
[2022-08-01 09:07:51,644] {processor.py:642} INFO - Processing file /opt/airflow/dags/data_ingestion_gcs_dag.py for tasks to queue
[2022-08-01 09:07:51,644] {logging_mixin.py:109} INFO - [2022-08-01 09:07:51,644] {dagbag.py:500} INFO - Filling up the DagBag from /opt/airflow/dags/data_ingestion_gcs_dag.py
[2022-08-01 09:07:52,284] {processor.py:654} INFO - DAG(s) dict_keys(['data_ingestion_gcs_dag']) retrieved from /opt/airflow/dags/data_ingestion_gcs_dag.py
[2022-08-01 09:07:52,290] {logging_mixin.py:109} INFO - [2022-08-01 09:07:52,290] {dag.py:2396} INFO - Sync 1 DAGs
[2022-08-01 09:07:52,303] {logging_mixin.py:109} INFO - [2022-08-01 09:07:52,303] {dag.py:2935} INFO - Setting next_dagrun for data_ingestion_gcs_dag to 2022-08-01T00:00:00+00:00
[2022-08-01 09:07:52,309] {processor.py:171} INFO - Processing /opt/airflow/dags/data_ingestion_gcs_dag.py took 0.669 seconds
[2022-08-01 09:08:22,393] {processor.py:163} INFO - Started process (PID=1694) to work on /opt/airflow/dags/data_ingestion_gcs_dag.py
[2022-08-01 09:08:22,394] {processor.py:642} INFO - Processing file /opt/airflow/dags/data_ingestion_gcs_dag.py for tasks to queue
[2022-08-01 09:08:22,395] {logging_mixin.py:109} INFO - [2022-08-01 09:08:22,395] {dagbag.py:500} INFO - Filling up the DagBag from /opt/airflow/dags/data_ingestion_gcs_dag.py
[2022-08-01 09:08:23,114] {processor.py:654} INFO - DAG(s) dict_keys(['data_ingestion_gcs_dag']) retrieved from /opt/airflow/dags/data_ingestion_gcs_dag.py
[2022-08-01 09:08:23,121] {logging_mixin.py:109} INFO - [2022-08-01 09:08:23,120] {dag.py:2396} INFO - Sync 1 DAGs
[2022-08-01 09:08:23,132] {logging_mixin.py:109} INFO - [2022-08-01 09:08:23,132] {dag.py:2935} INFO - Setting next_dagrun for data_ingestion_gcs_dag to 2022-08-01T00:00:00+00:00
[2022-08-01 09:08:23,138] {processor.py:171} INFO - Processing /opt/airflow/dags/data_ingestion_gcs_dag.py took 0.747 seconds
[2022-08-01 09:08:53,198] {processor.py:163} INFO - Started process (PID=1738) to work on /opt/airflow/dags/data_ingestion_gcs_dag.py
[2022-08-01 09:08:53,199] {processor.py:642} INFO - Processing file /opt/airflow/dags/data_ingestion_gcs_dag.py for tasks to queue
[2022-08-01 09:08:53,199] {logging_mixin.py:109} INFO - [2022-08-01 09:08:53,199] {dagbag.py:500} INFO - Filling up the DagBag from /opt/airflow/dags/data_ingestion_gcs_dag.py
[2022-08-01 09:08:53,903] {processor.py:654} INFO - DAG(s) dict_keys(['data_ingestion_gcs_dag']) retrieved from /opt/airflow/dags/data_ingestion_gcs_dag.py
[2022-08-01 09:08:53,910] {logging_mixin.py:109} INFO - [2022-08-01 09:08:53,910] {dag.py:2396} INFO - Sync 1 DAGs
[2022-08-01 09:08:53,921] {logging_mixin.py:109} INFO - [2022-08-01 09:08:53,921] {dag.py:2935} INFO - Setting next_dagrun for data_ingestion_gcs_dag to 2022-08-01T00:00:00+00:00
[2022-08-01 09:08:53,927] {processor.py:171} INFO - Processing /opt/airflow/dags/data_ingestion_gcs_dag.py took 0.732 seconds
[2022-08-01 09:09:23,985] {processor.py:163} INFO - Started process (PID=1773) to work on /opt/airflow/dags/data_ingestion_gcs_dag.py
[2022-08-01 09:09:23,986] {processor.py:642} INFO - Processing file /opt/airflow/dags/data_ingestion_gcs_dag.py for tasks to queue
[2022-08-01 09:09:23,987] {logging_mixin.py:109} INFO - [2022-08-01 09:09:23,987] {dagbag.py:500} INFO - Filling up the DagBag from /opt/airflow/dags/data_ingestion_gcs_dag.py
[2022-08-01 09:09:24,773] {processor.py:654} INFO - DAG(s) dict_keys(['data_ingestion_gcs_dag']) retrieved from /opt/airflow/dags/data_ingestion_gcs_dag.py
[2022-08-01 09:09:24,780] {logging_mixin.py:109} INFO - [2022-08-01 09:09:24,780] {dag.py:2396} INFO - Sync 1 DAGs
[2022-08-01 09:09:24,793] {logging_mixin.py:109} INFO - [2022-08-01 09:09:24,793] {dag.py:2935} INFO - Setting next_dagrun for data_ingestion_gcs_dag to 2022-08-01T00:00:00+00:00
[2022-08-01 09:09:24,799] {processor.py:171} INFO - Processing /opt/airflow/dags/data_ingestion_gcs_dag.py took 0.816 seconds
[2022-08-01 09:09:54,881] {processor.py:163} INFO - Started process (PID=1817) to work on /opt/airflow/dags/data_ingestion_gcs_dag.py
[2022-08-01 09:09:54,882] {processor.py:642} INFO - Processing file /opt/airflow/dags/data_ingestion_gcs_dag.py for tasks to queue
[2022-08-01 09:09:54,883] {logging_mixin.py:109} INFO - [2022-08-01 09:09:54,883] {dagbag.py:500} INFO - Filling up the DagBag from /opt/airflow/dags/data_ingestion_gcs_dag.py
[2022-08-01 09:09:55,616] {processor.py:654} INFO - DAG(s) dict_keys(['data_ingestion_gcs_dag']) retrieved from /opt/airflow/dags/data_ingestion_gcs_dag.py
[2022-08-01 09:09:55,623] {logging_mixin.py:109} INFO - [2022-08-01 09:09:55,623] {dag.py:2396} INFO - Sync 1 DAGs
[2022-08-01 09:09:55,635] {logging_mixin.py:109} INFO - [2022-08-01 09:09:55,635] {dag.py:2935} INFO - Setting next_dagrun for data_ingestion_gcs_dag to 2022-08-01T00:00:00+00:00
[2022-08-01 09:09:55,641] {processor.py:171} INFO - Processing /opt/airflow/dags/data_ingestion_gcs_dag.py took 0.762 seconds
[2022-08-01 09:10:25,713] {processor.py:163} INFO - Started process (PID=1861) to work on /opt/airflow/dags/data_ingestion_gcs_dag.py
[2022-08-01 09:10:25,714] {processor.py:642} INFO - Processing file /opt/airflow/dags/data_ingestion_gcs_dag.py for tasks to queue
[2022-08-01 09:10:25,715] {logging_mixin.py:109} INFO - [2022-08-01 09:10:25,715] {dagbag.py:500} INFO - Filling up the DagBag from /opt/airflow/dags/data_ingestion_gcs_dag.py
[2022-08-01 09:10:27,091] {processor.py:654} INFO - DAG(s) dict_keys(['data_ingestion_gcs_dag']) retrieved from /opt/airflow/dags/data_ingestion_gcs_dag.py
[2022-08-01 09:10:27,098] {logging_mixin.py:109} INFO - [2022-08-01 09:10:27,098] {dag.py:2396} INFO - Sync 1 DAGs
[2022-08-01 09:10:27,120] {logging_mixin.py:109} INFO - [2022-08-01 09:10:27,120] {dag.py:2935} INFO - Setting next_dagrun for data_ingestion_gcs_dag to 2022-08-01T00:00:00+00:00
[2022-08-01 09:10:27,127] {processor.py:171} INFO - Processing /opt/airflow/dags/data_ingestion_gcs_dag.py took 1.416 seconds
[2022-08-01 09:10:57,190] {processor.py:163} INFO - Started process (PID=1896) to work on /opt/airflow/dags/data_ingestion_gcs_dag.py
[2022-08-01 09:10:57,191] {processor.py:642} INFO - Processing file /opt/airflow/dags/data_ingestion_gcs_dag.py for tasks to queue
[2022-08-01 09:10:57,192] {logging_mixin.py:109} INFO - [2022-08-01 09:10:57,192] {dagbag.py:500} INFO - Filling up the DagBag from /opt/airflow/dags/data_ingestion_gcs_dag.py
[2022-08-01 09:10:57,875] {processor.py:654} INFO - DAG(s) dict_keys(['data_ingestion_gcs_dag']) retrieved from /opt/airflow/dags/data_ingestion_gcs_dag.py
[2022-08-01 09:10:57,882] {logging_mixin.py:109} INFO - [2022-08-01 09:10:57,882] {dag.py:2396} INFO - Sync 1 DAGs
[2022-08-01 09:10:57,893] {logging_mixin.py:109} INFO - [2022-08-01 09:10:57,893] {dag.py:2935} INFO - Setting next_dagrun for data_ingestion_gcs_dag to 2022-08-01T00:00:00+00:00
[2022-08-01 09:10:57,898] {processor.py:171} INFO - Processing /opt/airflow/dags/data_ingestion_gcs_dag.py took 0.710 seconds
[2022-08-01 09:11:27,953] {processor.py:163} INFO - Started process (PID=1940) to work on /opt/airflow/dags/data_ingestion_gcs_dag.py
[2022-08-01 09:11:27,954] {processor.py:642} INFO - Processing file /opt/airflow/dags/data_ingestion_gcs_dag.py for tasks to queue
[2022-08-01 09:11:27,954] {logging_mixin.py:109} INFO - [2022-08-01 09:11:27,954] {dagbag.py:500} INFO - Filling up the DagBag from /opt/airflow/dags/data_ingestion_gcs_dag.py
[2022-08-01 09:11:28,604] {processor.py:654} INFO - DAG(s) dict_keys(['data_ingestion_gcs_dag']) retrieved from /opt/airflow/dags/data_ingestion_gcs_dag.py
[2022-08-01 09:11:28,611] {logging_mixin.py:109} INFO - [2022-08-01 09:11:28,611] {dag.py:2396} INFO - Sync 1 DAGs
[2022-08-01 09:11:28,623] {logging_mixin.py:109} INFO - [2022-08-01 09:11:28,623] {dag.py:2935} INFO - Setting next_dagrun for data_ingestion_gcs_dag to 2022-08-01T00:00:00+00:00
[2022-08-01 09:11:28,629] {processor.py:171} INFO - Processing /opt/airflow/dags/data_ingestion_gcs_dag.py took 0.679 seconds
[2022-08-01 09:11:58,707] {processor.py:163} INFO - Started process (PID=1975) to work on /opt/airflow/dags/data_ingestion_gcs_dag.py
[2022-08-01 09:11:58,708] {processor.py:642} INFO - Processing file /opt/airflow/dags/data_ingestion_gcs_dag.py for tasks to queue
[2022-08-01 09:11:58,708] {logging_mixin.py:109} INFO - [2022-08-01 09:11:58,708] {dagbag.py:500} INFO - Filling up the DagBag from /opt/airflow/dags/data_ingestion_gcs_dag.py
[2022-08-01 09:11:59,422] {processor.py:654} INFO - DAG(s) dict_keys(['data_ingestion_gcs_dag']) retrieved from /opt/airflow/dags/data_ingestion_gcs_dag.py
[2022-08-01 09:11:59,429] {logging_mixin.py:109} INFO - [2022-08-01 09:11:59,429] {dag.py:2396} INFO - Sync 1 DAGs
[2022-08-01 09:11:59,440] {logging_mixin.py:109} INFO - [2022-08-01 09:11:59,440] {dag.py:2935} INFO - Setting next_dagrun for data_ingestion_gcs_dag to 2022-08-01T00:00:00+00:00
[2022-08-01 09:11:59,446] {processor.py:171} INFO - Processing /opt/airflow/dags/data_ingestion_gcs_dag.py took 0.741 seconds
[2022-08-01 09:12:29,506] {processor.py:163} INFO - Started process (PID=2019) to work on /opt/airflow/dags/data_ingestion_gcs_dag.py
[2022-08-01 09:12:29,507] {processor.py:642} INFO - Processing file /opt/airflow/dags/data_ingestion_gcs_dag.py for tasks to queue
[2022-08-01 09:12:29,508] {logging_mixin.py:109} INFO - [2022-08-01 09:12:29,507] {dagbag.py:500} INFO - Filling up the DagBag from /opt/airflow/dags/data_ingestion_gcs_dag.py
[2022-08-01 09:12:30,213] {processor.py:654} INFO - DAG(s) dict_keys(['data_ingestion_gcs_dag']) retrieved from /opt/airflow/dags/data_ingestion_gcs_dag.py
[2022-08-01 09:12:30,220] {logging_mixin.py:109} INFO - [2022-08-01 09:12:30,220] {dag.py:2396} INFO - Sync 1 DAGs
[2022-08-01 09:12:30,232] {logging_mixin.py:109} INFO - [2022-08-01 09:12:30,232] {dag.py:2935} INFO - Setting next_dagrun for data_ingestion_gcs_dag to 2022-08-01T00:00:00+00:00
[2022-08-01 09:12:30,238] {processor.py:171} INFO - Processing /opt/airflow/dags/data_ingestion_gcs_dag.py took 0.734 seconds
[2022-08-01 09:13:00,298] {processor.py:163} INFO - Started process (PID=2054) to work on /opt/airflow/dags/data_ingestion_gcs_dag.py
[2022-08-01 09:13:00,299] {processor.py:642} INFO - Processing file /opt/airflow/dags/data_ingestion_gcs_dag.py for tasks to queue
[2022-08-01 09:13:00,300] {logging_mixin.py:109} INFO - [2022-08-01 09:13:00,300] {dagbag.py:500} INFO - Filling up the DagBag from /opt/airflow/dags/data_ingestion_gcs_dag.py
[2022-08-01 09:13:00,989] {processor.py:654} INFO - DAG(s) dict_keys(['data_ingestion_gcs_dag']) retrieved from /opt/airflow/dags/data_ingestion_gcs_dag.py
[2022-08-01 09:13:00,996] {logging_mixin.py:109} INFO - [2022-08-01 09:13:00,995] {dag.py:2396} INFO - Sync 1 DAGs
[2022-08-01 09:13:01,007] {logging_mixin.py:109} INFO - [2022-08-01 09:13:01,007] {dag.py:2935} INFO - Setting next_dagrun for data_ingestion_gcs_dag to 2022-08-01T00:00:00+00:00
[2022-08-01 09:13:01,013] {processor.py:171} INFO - Processing /opt/airflow/dags/data_ingestion_gcs_dag.py took 0.717 seconds
[2022-08-01 09:13:31,091] {processor.py:163} INFO - Started process (PID=2098) to work on /opt/airflow/dags/data_ingestion_gcs_dag.py
[2022-08-01 09:13:31,092] {processor.py:642} INFO - Processing file /opt/airflow/dags/data_ingestion_gcs_dag.py for tasks to queue
[2022-08-01 09:13:31,092] {logging_mixin.py:109} INFO - [2022-08-01 09:13:31,092] {dagbag.py:500} INFO - Filling up the DagBag from /opt/airflow/dags/data_ingestion_gcs_dag.py
[2022-08-01 09:13:31,900] {processor.py:654} INFO - DAG(s) dict_keys(['data_ingestion_gcs_dag']) retrieved from /opt/airflow/dags/data_ingestion_gcs_dag.py
[2022-08-01 09:13:31,913] {logging_mixin.py:109} INFO - [2022-08-01 09:13:31,912] {dag.py:2396} INFO - Sync 1 DAGs
[2022-08-01 09:13:31,932] {logging_mixin.py:109} INFO - [2022-08-01 09:13:31,932] {dag.py:2935} INFO - Setting next_dagrun for data_ingestion_gcs_dag to 2022-08-01T00:00:00+00:00
[2022-08-01 09:13:31,942] {processor.py:171} INFO - Processing /opt/airflow/dags/data_ingestion_gcs_dag.py took 0.853 seconds
[2022-08-01 09:14:02,025] {processor.py:163} INFO - Started process (PID=2142) to work on /opt/airflow/dags/data_ingestion_gcs_dag.py
[2022-08-01 09:14:02,026] {processor.py:642} INFO - Processing file /opt/airflow/dags/data_ingestion_gcs_dag.py for tasks to queue
[2022-08-01 09:14:02,027] {logging_mixin.py:109} INFO - [2022-08-01 09:14:02,027] {dagbag.py:500} INFO - Filling up the DagBag from /opt/airflow/dags/data_ingestion_gcs_dag.py
[2022-08-01 09:14:02,670] {processor.py:654} INFO - DAG(s) dict_keys(['data_ingestion_gcs_dag']) retrieved from /opt/airflow/dags/data_ingestion_gcs_dag.py
[2022-08-01 09:14:02,676] {logging_mixin.py:109} INFO - [2022-08-01 09:14:02,676] {dag.py:2396} INFO - Sync 1 DAGs
[2022-08-01 09:14:02,688] {logging_mixin.py:109} INFO - [2022-08-01 09:14:02,688] {dag.py:2935} INFO - Setting next_dagrun for data_ingestion_gcs_dag to 2022-08-01T00:00:00+00:00
[2022-08-01 09:14:02,694] {processor.py:171} INFO - Processing /opt/airflow/dags/data_ingestion_gcs_dag.py took 0.671 seconds
[2022-08-01 09:14:32,756] {processor.py:163} INFO - Started process (PID=2177) to work on /opt/airflow/dags/data_ingestion_gcs_dag.py
[2022-08-01 09:14:32,757] {processor.py:642} INFO - Processing file /opt/airflow/dags/data_ingestion_gcs_dag.py for tasks to queue
[2022-08-01 09:14:32,758] {logging_mixin.py:109} INFO - [2022-08-01 09:14:32,758] {dagbag.py:500} INFO - Filling up the DagBag from /opt/airflow/dags/data_ingestion_gcs_dag.py
[2022-08-01 09:14:33,418] {processor.py:654} INFO - DAG(s) dict_keys(['data_ingestion_gcs_dag']) retrieved from /opt/airflow/dags/data_ingestion_gcs_dag.py
[2022-08-01 09:14:33,426] {logging_mixin.py:109} INFO - [2022-08-01 09:14:33,426] {dag.py:2396} INFO - Sync 1 DAGs
[2022-08-01 09:14:33,442] {logging_mixin.py:109} INFO - [2022-08-01 09:14:33,442] {dag.py:2935} INFO - Setting next_dagrun for data_ingestion_gcs_dag to 2022-08-01T00:00:00+00:00
[2022-08-01 09:14:33,449] {processor.py:171} INFO - Processing /opt/airflow/dags/data_ingestion_gcs_dag.py took 0.695 seconds
[2022-08-01 09:15:03,593] {processor.py:163} INFO - Started process (PID=2221) to work on /opt/airflow/dags/data_ingestion_gcs_dag.py
[2022-08-01 09:15:03,594] {processor.py:642} INFO - Processing file /opt/airflow/dags/data_ingestion_gcs_dag.py for tasks to queue
[2022-08-01 09:15:03,594] {logging_mixin.py:109} INFO - [2022-08-01 09:15:03,594] {dagbag.py:500} INFO - Filling up the DagBag from /opt/airflow/dags/data_ingestion_gcs_dag.py
[2022-08-01 09:15:04,260] {processor.py:654} INFO - DAG(s) dict_keys(['data_ingestion_gcs_dag']) retrieved from /opt/airflow/dags/data_ingestion_gcs_dag.py
[2022-08-01 09:15:04,267] {logging_mixin.py:109} INFO - [2022-08-01 09:15:04,266] {dag.py:2396} INFO - Sync 1 DAGs
[2022-08-01 09:15:04,278] {logging_mixin.py:109} INFO - [2022-08-01 09:15:04,278] {dag.py:2935} INFO - Setting next_dagrun for data_ingestion_gcs_dag to 2022-08-01T00:00:00+00:00
[2022-08-01 09:15:04,283] {processor.py:171} INFO - Processing /opt/airflow/dags/data_ingestion_gcs_dag.py took 0.692 seconds
[2022-08-01 09:15:34,359] {processor.py:163} INFO - Started process (PID=2256) to work on /opt/airflow/dags/data_ingestion_gcs_dag.py
[2022-08-01 09:15:34,360] {processor.py:642} INFO - Processing file /opt/airflow/dags/data_ingestion_gcs_dag.py for tasks to queue
[2022-08-01 09:15:34,360] {logging_mixin.py:109} INFO - [2022-08-01 09:15:34,360] {dagbag.py:500} INFO - Filling up the DagBag from /opt/airflow/dags/data_ingestion_gcs_dag.py
[2022-08-01 09:15:35,150] {processor.py:654} INFO - DAG(s) dict_keys(['data_ingestion_gcs_dag']) retrieved from /opt/airflow/dags/data_ingestion_gcs_dag.py
[2022-08-01 09:15:35,158] {logging_mixin.py:109} INFO - [2022-08-01 09:15:35,158] {dag.py:2396} INFO - Sync 1 DAGs
[2022-08-01 09:15:35,171] {logging_mixin.py:109} INFO - [2022-08-01 09:15:35,171] {dag.py:2935} INFO - Setting next_dagrun for data_ingestion_gcs_dag to 2022-08-01T00:00:00+00:00
[2022-08-01 09:15:35,178] {processor.py:171} INFO - Processing /opt/airflow/dags/data_ingestion_gcs_dag.py took 0.821 seconds
[2022-08-01 09:16:05,241] {processor.py:163} INFO - Started process (PID=2300) to work on /opt/airflow/dags/data_ingestion_gcs_dag.py
[2022-08-01 09:16:05,242] {processor.py:642} INFO - Processing file /opt/airflow/dags/data_ingestion_gcs_dag.py for tasks to queue
[2022-08-01 09:16:05,242] {logging_mixin.py:109} INFO - [2022-08-01 09:16:05,242] {dagbag.py:500} INFO - Filling up the DagBag from /opt/airflow/dags/data_ingestion_gcs_dag.py
[2022-08-01 09:16:05,929] {processor.py:654} INFO - DAG(s) dict_keys(['data_ingestion_gcs_dag']) retrieved from /opt/airflow/dags/data_ingestion_gcs_dag.py
[2022-08-01 09:16:05,936] {logging_mixin.py:109} INFO - [2022-08-01 09:16:05,936] {dag.py:2396} INFO - Sync 1 DAGs
[2022-08-01 09:16:05,950] {logging_mixin.py:109} INFO - [2022-08-01 09:16:05,950] {dag.py:2935} INFO - Setting next_dagrun for data_ingestion_gcs_dag to 2022-08-01T00:00:00+00:00
[2022-08-01 09:16:05,957] {processor.py:171} INFO - Processing /opt/airflow/dags/data_ingestion_gcs_dag.py took 0.718 seconds
[2022-08-01 09:16:36,018] {processor.py:163} INFO - Started process (PID=2344) to work on /opt/airflow/dags/data_ingestion_gcs_dag.py
[2022-08-01 09:16:36,020] {processor.py:642} INFO - Processing file /opt/airflow/dags/data_ingestion_gcs_dag.py for tasks to queue
[2022-08-01 09:16:36,020] {logging_mixin.py:109} INFO - [2022-08-01 09:16:36,020] {dagbag.py:500} INFO - Filling up the DagBag from /opt/airflow/dags/data_ingestion_gcs_dag.py
[2022-08-01 09:16:37,037] {processor.py:654} INFO - DAG(s) dict_keys(['data_ingestion_gcs_dag']) retrieved from /opt/airflow/dags/data_ingestion_gcs_dag.py
[2022-08-01 09:16:37,047] {logging_mixin.py:109} INFO - [2022-08-01 09:16:37,047] {dag.py:2396} INFO - Sync 1 DAGs
[2022-08-01 09:16:37,065] {logging_mixin.py:109} INFO - [2022-08-01 09:16:37,065] {dag.py:2935} INFO - Setting next_dagrun for data_ingestion_gcs_dag to 2022-08-01T00:00:00+00:00
[2022-08-01 09:16:37,107] {processor.py:171} INFO - Processing /opt/airflow/dags/data_ingestion_gcs_dag.py took 1.091 seconds
[2022-08-01 09:17:07,169] {processor.py:163} INFO - Started process (PID=2379) to work on /opt/airflow/dags/data_ingestion_gcs_dag.py
[2022-08-01 09:17:07,170] {processor.py:642} INFO - Processing file /opt/airflow/dags/data_ingestion_gcs_dag.py for tasks to queue
[2022-08-01 09:17:07,171] {logging_mixin.py:109} INFO - [2022-08-01 09:17:07,171] {dagbag.py:500} INFO - Filling up the DagBag from /opt/airflow/dags/data_ingestion_gcs_dag.py
[2022-08-01 09:17:07,908] {processor.py:654} INFO - DAG(s) dict_keys(['data_ingestion_gcs_dag']) retrieved from /opt/airflow/dags/data_ingestion_gcs_dag.py
[2022-08-01 09:17:07,915] {logging_mixin.py:109} INFO - [2022-08-01 09:17:07,915] {dag.py:2396} INFO - Sync 1 DAGs
[2022-08-01 09:17:07,928] {logging_mixin.py:109} INFO - [2022-08-01 09:17:07,928] {dag.py:2935} INFO - Setting next_dagrun for data_ingestion_gcs_dag to 2022-08-01T00:00:00+00:00
[2022-08-01 09:17:07,934] {processor.py:171} INFO - Processing /opt/airflow/dags/data_ingestion_gcs_dag.py took 0.767 seconds
[2022-08-01 09:17:38,014] {processor.py:163} INFO - Started process (PID=2423) to work on /opt/airflow/dags/data_ingestion_gcs_dag.py
[2022-08-01 09:17:38,015] {processor.py:642} INFO - Processing file /opt/airflow/dags/data_ingestion_gcs_dag.py for tasks to queue
[2022-08-01 09:17:38,015] {logging_mixin.py:109} INFO - [2022-08-01 09:17:38,015] {dagbag.py:500} INFO - Filling up the DagBag from /opt/airflow/dags/data_ingestion_gcs_dag.py
[2022-08-01 09:17:38,833] {processor.py:654} INFO - DAG(s) dict_keys(['data_ingestion_gcs_dag']) retrieved from /opt/airflow/dags/data_ingestion_gcs_dag.py
[2022-08-01 09:17:38,843] {logging_mixin.py:109} INFO - [2022-08-01 09:17:38,842] {dag.py:2396} INFO - Sync 1 DAGs
[2022-08-01 09:17:38,858] {logging_mixin.py:109} INFO - [2022-08-01 09:17:38,858] {dag.py:2935} INFO - Setting next_dagrun for data_ingestion_gcs_dag to 2022-08-01T00:00:00+00:00
[2022-08-01 09:17:38,864] {processor.py:171} INFO - Processing /opt/airflow/dags/data_ingestion_gcs_dag.py took 0.853 seconds
[2022-08-01 09:18:08,938] {processor.py:163} INFO - Started process (PID=2458) to work on /opt/airflow/dags/data_ingestion_gcs_dag.py
[2022-08-01 09:18:08,939] {processor.py:642} INFO - Processing file /opt/airflow/dags/data_ingestion_gcs_dag.py for tasks to queue
[2022-08-01 09:18:08,939] {logging_mixin.py:109} INFO - [2022-08-01 09:18:08,939] {dagbag.py:500} INFO - Filling up the DagBag from /opt/airflow/dags/data_ingestion_gcs_dag.py
[2022-08-01 09:18:09,749] {processor.py:654} INFO - DAG(s) dict_keys(['data_ingestion_gcs_dag']) retrieved from /opt/airflow/dags/data_ingestion_gcs_dag.py
[2022-08-01 09:18:09,756] {logging_mixin.py:109} INFO - [2022-08-01 09:18:09,756] {dag.py:2396} INFO - Sync 1 DAGs
[2022-08-01 09:18:09,769] {logging_mixin.py:109} INFO - [2022-08-01 09:18:09,769] {dag.py:2935} INFO - Setting next_dagrun for data_ingestion_gcs_dag to 2022-08-01T00:00:00+00:00
[2022-08-01 09:18:09,775] {processor.py:171} INFO - Processing /opt/airflow/dags/data_ingestion_gcs_dag.py took 0.839 seconds
[2022-08-01 09:18:39,837] {processor.py:163} INFO - Started process (PID=2503) to work on /opt/airflow/dags/data_ingestion_gcs_dag.py
[2022-08-01 09:18:39,838] {processor.py:642} INFO - Processing file /opt/airflow/dags/data_ingestion_gcs_dag.py for tasks to queue
[2022-08-01 09:18:39,838] {logging_mixin.py:109} INFO - [2022-08-01 09:18:39,838] {dagbag.py:500} INFO - Filling up the DagBag from /opt/airflow/dags/data_ingestion_gcs_dag.py
[2022-08-01 09:18:40,517] {processor.py:654} INFO - DAG(s) dict_keys(['data_ingestion_gcs_dag']) retrieved from /opt/airflow/dags/data_ingestion_gcs_dag.py
[2022-08-01 09:18:40,525] {logging_mixin.py:109} INFO - [2022-08-01 09:18:40,525] {dag.py:2396} INFO - Sync 1 DAGs
[2022-08-01 09:18:40,541] {logging_mixin.py:109} INFO - [2022-08-01 09:18:40,541] {dag.py:2935} INFO - Setting next_dagrun for data_ingestion_gcs_dag to 2022-08-01T00:00:00+00:00
[2022-08-01 09:18:40,547] {processor.py:171} INFO - Processing /opt/airflow/dags/data_ingestion_gcs_dag.py took 0.713 seconds
[2022-08-01 09:19:10,576] {processor.py:163} INFO - Started process (PID=2538) to work on /opt/airflow/dags/data_ingestion_gcs_dag.py
[2022-08-01 09:19:10,577] {processor.py:642} INFO - Processing file /opt/airflow/dags/data_ingestion_gcs_dag.py for tasks to queue
[2022-08-01 09:19:10,578] {logging_mixin.py:109} INFO - [2022-08-01 09:19:10,577] {dagbag.py:500} INFO - Filling up the DagBag from /opt/airflow/dags/data_ingestion_gcs_dag.py
[2022-08-01 09:19:11,312] {processor.py:654} INFO - DAG(s) dict_keys(['data_ingestion_gcs_dag']) retrieved from /opt/airflow/dags/data_ingestion_gcs_dag.py
[2022-08-01 09:19:11,319] {logging_mixin.py:109} INFO - [2022-08-01 09:19:11,319] {dag.py:2396} INFO - Sync 1 DAGs
[2022-08-01 09:19:11,332] {logging_mixin.py:109} INFO - [2022-08-01 09:19:11,332] {dag.py:2935} INFO - Setting next_dagrun for data_ingestion_gcs_dag to 2022-08-01T00:00:00+00:00
[2022-08-01 09:19:11,338] {processor.py:171} INFO - Processing /opt/airflow/dags/data_ingestion_gcs_dag.py took 0.764 seconds
[2022-08-01 09:19:41,415] {processor.py:163} INFO - Started process (PID=2582) to work on /opt/airflow/dags/data_ingestion_gcs_dag.py
[2022-08-01 09:19:41,416] {processor.py:642} INFO - Processing file /opt/airflow/dags/data_ingestion_gcs_dag.py for tasks to queue
[2022-08-01 09:19:41,416] {logging_mixin.py:109} INFO - [2022-08-01 09:19:41,416] {dagbag.py:500} INFO - Filling up the DagBag from /opt/airflow/dags/data_ingestion_gcs_dag.py
[2022-08-01 09:19:42,008] {processor.py:654} INFO - DAG(s) dict_keys(['data_ingestion_gcs_dag']) retrieved from /opt/airflow/dags/data_ingestion_gcs_dag.py
[2022-08-01 09:19:42,014] {logging_mixin.py:109} INFO - [2022-08-01 09:19:42,014] {dag.py:2396} INFO - Sync 1 DAGs
[2022-08-01 09:19:42,026] {logging_mixin.py:109} INFO - [2022-08-01 09:19:42,026] {dag.py:2935} INFO - Setting next_dagrun for data_ingestion_gcs_dag to 2022-08-01T00:00:00+00:00
[2022-08-01 09:19:42,033] {processor.py:171} INFO - Processing /opt/airflow/dags/data_ingestion_gcs_dag.py took 0.620 seconds
[2022-08-01 09:20:12,092] {processor.py:163} INFO - Started process (PID=2626) to work on /opt/airflow/dags/data_ingestion_gcs_dag.py
[2022-08-01 09:20:12,093] {processor.py:642} INFO - Processing file /opt/airflow/dags/data_ingestion_gcs_dag.py for tasks to queue
[2022-08-01 09:20:12,094] {logging_mixin.py:109} INFO - [2022-08-01 09:20:12,094] {dagbag.py:500} INFO - Filling up the DagBag from /opt/airflow/dags/data_ingestion_gcs_dag.py
[2022-08-01 09:20:12,856] {processor.py:654} INFO - DAG(s) dict_keys(['data_ingestion_gcs_dag']) retrieved from /opt/airflow/dags/data_ingestion_gcs_dag.py
[2022-08-01 09:20:12,862] {logging_mixin.py:109} INFO - [2022-08-01 09:20:12,862] {dag.py:2396} INFO - Sync 1 DAGs
[2022-08-01 09:20:12,875] {logging_mixin.py:109} INFO - [2022-08-01 09:20:12,875] {dag.py:2935} INFO - Setting next_dagrun for data_ingestion_gcs_dag to 2022-08-01T00:00:00+00:00
[2022-08-01 09:20:12,881] {processor.py:171} INFO - Processing /opt/airflow/dags/data_ingestion_gcs_dag.py took 0.791 seconds
[2022-08-01 09:20:42,904] {processor.py:163} INFO - Started process (PID=2661) to work on /opt/airflow/dags/data_ingestion_gcs_dag.py
[2022-08-01 09:20:42,905] {processor.py:642} INFO - Processing file /opt/airflow/dags/data_ingestion_gcs_dag.py for tasks to queue
[2022-08-01 09:20:42,906] {logging_mixin.py:109} INFO - [2022-08-01 09:20:42,906] {dagbag.py:500} INFO - Filling up the DagBag from /opt/airflow/dags/data_ingestion_gcs_dag.py
[2022-08-01 09:20:43,512] {processor.py:654} INFO - DAG(s) dict_keys(['data_ingestion_gcs_dag']) retrieved from /opt/airflow/dags/data_ingestion_gcs_dag.py
[2022-08-01 09:20:43,519] {logging_mixin.py:109} INFO - [2022-08-01 09:20:43,519] {dag.py:2396} INFO - Sync 1 DAGs
[2022-08-01 09:20:43,532] {logging_mixin.py:109} INFO - [2022-08-01 09:20:43,532] {dag.py:2935} INFO - Setting next_dagrun for data_ingestion_gcs_dag to 2022-08-01T00:00:00+00:00
[2022-08-01 09:20:43,538] {processor.py:171} INFO - Processing /opt/airflow/dags/data_ingestion_gcs_dag.py took 0.635 seconds
[2022-08-01 09:21:13,615] {processor.py:163} INFO - Started process (PID=2705) to work on /opt/airflow/dags/data_ingestion_gcs_dag.py
[2022-08-01 09:21:13,616] {processor.py:642} INFO - Processing file /opt/airflow/dags/data_ingestion_gcs_dag.py for tasks to queue
[2022-08-01 09:21:13,616] {logging_mixin.py:109} INFO - [2022-08-01 09:21:13,616] {dagbag.py:500} INFO - Filling up the DagBag from /opt/airflow/dags/data_ingestion_gcs_dag.py
[2022-08-01 09:21:14,158] {processor.py:654} INFO - DAG(s) dict_keys(['data_ingestion_gcs_dag']) retrieved from /opt/airflow/dags/data_ingestion_gcs_dag.py
[2022-08-01 09:21:14,167] {logging_mixin.py:109} INFO - [2022-08-01 09:21:14,166] {dag.py:2396} INFO - Sync 1 DAGs
[2022-08-01 09:21:14,179] {logging_mixin.py:109} INFO - [2022-08-01 09:21:14,179] {dag.py:2935} INFO - Setting next_dagrun for data_ingestion_gcs_dag to 2022-08-01T00:00:00+00:00
[2022-08-01 09:21:14,186] {processor.py:171} INFO - Processing /opt/airflow/dags/data_ingestion_gcs_dag.py took 0.573 seconds
[2022-08-01 09:21:44,245] {processor.py:163} INFO - Started process (PID=2740) to work on /opt/airflow/dags/data_ingestion_gcs_dag.py
[2022-08-01 09:21:44,246] {processor.py:642} INFO - Processing file /opt/airflow/dags/data_ingestion_gcs_dag.py for tasks to queue
[2022-08-01 09:21:44,247] {logging_mixin.py:109} INFO - [2022-08-01 09:21:44,247] {dagbag.py:500} INFO - Filling up the DagBag from /opt/airflow/dags/data_ingestion_gcs_dag.py
[2022-08-01 09:21:44,928] {processor.py:654} INFO - DAG(s) dict_keys(['data_ingestion_gcs_dag']) retrieved from /opt/airflow/dags/data_ingestion_gcs_dag.py
[2022-08-01 09:21:44,935] {logging_mixin.py:109} INFO - [2022-08-01 09:21:44,935] {dag.py:2396} INFO - Sync 1 DAGs
[2022-08-01 09:21:44,946] {logging_mixin.py:109} INFO - [2022-08-01 09:21:44,946] {dag.py:2935} INFO - Setting next_dagrun for data_ingestion_gcs_dag to 2022-08-01T00:00:00+00:00
[2022-08-01 09:21:44,952] {processor.py:171} INFO - Processing /opt/airflow/dags/data_ingestion_gcs_dag.py took 0.709 seconds
[2022-08-01 09:22:15,034] {processor.py:163} INFO - Started process (PID=2784) to work on /opt/airflow/dags/data_ingestion_gcs_dag.py
[2022-08-01 09:22:15,035] {processor.py:642} INFO - Processing file /opt/airflow/dags/data_ingestion_gcs_dag.py for tasks to queue
[2022-08-01 09:22:15,035] {logging_mixin.py:109} INFO - [2022-08-01 09:22:15,035] {dagbag.py:500} INFO - Filling up the DagBag from /opt/airflow/dags/data_ingestion_gcs_dag.py
[2022-08-01 09:22:15,706] {processor.py:654} INFO - DAG(s) dict_keys(['data_ingestion_gcs_dag']) retrieved from /opt/airflow/dags/data_ingestion_gcs_dag.py
[2022-08-01 09:22:15,715] {logging_mixin.py:109} INFO - [2022-08-01 09:22:15,715] {dag.py:2396} INFO - Sync 1 DAGs
[2022-08-01 09:22:15,728] {logging_mixin.py:109} INFO - [2022-08-01 09:22:15,728] {dag.py:2935} INFO - Setting next_dagrun for data_ingestion_gcs_dag to 2022-08-01T00:00:00+00:00
[2022-08-01 09:22:15,734] {processor.py:171} INFO - Processing /opt/airflow/dags/data_ingestion_gcs_dag.py took 0.702 seconds
