[2022-08-08 22:35:40,136] {taskinstance.py:1032} INFO - Dependencies all met for <TaskInstance: data_ingestion_gcs_dag_homework.bigquery_external_table_task backfill__2019-10-01T00:00:00+00:00 [queued]>
[2022-08-08 22:35:40,143] {taskinstance.py:1032} INFO - Dependencies all met for <TaskInstance: data_ingestion_gcs_dag_homework.bigquery_external_table_task backfill__2019-10-01T00:00:00+00:00 [queued]>
[2022-08-08 22:35:40,143] {taskinstance.py:1238} INFO - 
--------------------------------------------------------------------------------
[2022-08-08 22:35:40,143] {taskinstance.py:1239} INFO - Starting attempt 1 of 2
[2022-08-08 22:35:40,143] {taskinstance.py:1240} INFO - 
--------------------------------------------------------------------------------
[2022-08-08 22:35:40,151] {taskinstance.py:1259} INFO - Executing <Task(BigQueryCreateExternalTableOperator): bigquery_external_table_task> on 2019-10-01 00:00:00+00:00
[2022-08-08 22:35:40,158] {standard_task_runner.py:52} INFO - Started process 1964 to run task
[2022-08-08 22:35:40,160] {standard_task_runner.py:76} INFO - Running: ['***', 'tasks', 'run', 'data_ingestion_gcs_dag_homework', 'bigquery_external_table_task', 'backfill__2019-10-01T00:00:00+00:00', '--job-id', '103', '--pool', 'default_pool', '--raw', '--subdir', 'DAGS_FOLDER/data_ingestion_dag_for_hire.py', '--cfg-path', '/tmp/tmpjs0v5lnt', '--error-file', '/tmp/tmp1f8jvhtj']
[2022-08-08 22:35:40,160] {standard_task_runner.py:77} INFO - Job 103: Subtask bigquery_external_table_task
[2022-08-08 22:35:40,202] {logging_mixin.py:109} INFO - Running <TaskInstance: data_ingestion_gcs_dag_homework.bigquery_external_table_task backfill__2019-10-01T00:00:00+00:00 [running]> on host 049be7f17d30
[2022-08-08 22:35:40,230] {warnings.py:110} WARNING - /home/***/.local/lib/python3.7/site-packages/***/utils/context.py:152: AirflowContextDeprecationWarning: Accessing 'execution_date' from the template is deprecated and will be removed in a future version. Please use 'data_interval_start' or 'logical_date' instead.
  warnings.warn(_create_deprecation_warning(key, self._deprecation_replacements[key]))

[2022-08-08 22:35:40,244] {taskinstance.py:1426} INFO - Exporting the following env vars:
AIRFLOW_CTX_DAG_OWNER=***
AIRFLOW_CTX_DAG_ID=data_ingestion_gcs_dag_homework
AIRFLOW_CTX_TASK_ID=bigquery_external_table_task
AIRFLOW_CTX_EXECUTION_DATE=2019-10-01T00:00:00+00:00
AIRFLOW_CTX_DAG_RUN_ID=backfill__2019-10-01T00:00:00+00:00
[2022-08-08 22:35:40,245] {crypto.py:82} WARNING - empty cryptography key - values will not be stored encrypted.
[2022-08-08 22:35:40,633] {taskinstance.py:1277} INFO - Marking task as SUCCESS. dag_id=data_ingestion_gcs_dag_homework, task_id=bigquery_external_table_task, execution_date=20191001T000000, start_date=20220808T223540, end_date=20220808T223540
[2022-08-08 22:35:40,652] {local_task_job.py:154} INFO - Task exited with return code 0
[2022-08-08 22:35:40,678] {local_task_job.py:264} INFO - 0 downstream tasks scheduled from follow-on schedule check
[2022-08-08 22:35:40,694] {dagrun.py:545} INFO - Marking run <DagRun data_ingestion_gcs_dag_homework @ 2019-10-01 00:00:00+00:00: backfill__2019-10-01T00:00:00+00:00, externally triggered: False> successful
[2022-08-08 22:35:40,695] {dagrun.py:605} INFO - DagRun Finished: dag_id=data_ingestion_gcs_dag_homework, execution_date=2019-10-01 00:00:00+00:00, run_id=backfill__2019-10-01T00:00:00+00:00, run_start_date=2022-08-08 22:35:15.623170+00:00, run_end_date=2022-08-08 22:35:40.695038+00:00, run_duration=25.071868, state=success, external_trigger=False, run_type=backfill, data_interval_start=2019-10-01 00:00:00+00:00, data_interval_end=2019-11-01 00:00:00+00:00, dag_hash=None
