[2022-08-08 22:21:47,082] {taskinstance.py:1032} INFO - Dependencies all met for <TaskInstance: data_ingestion_gcs_dag.local_to_gcs_task backfill__2019-01-09T00:00:00+00:00 [queued]>
[2022-08-08 22:21:47,089] {taskinstance.py:1032} INFO - Dependencies all met for <TaskInstance: data_ingestion_gcs_dag.local_to_gcs_task backfill__2019-01-09T00:00:00+00:00 [queued]>
[2022-08-08 22:21:47,089] {taskinstance.py:1238} INFO - 
--------------------------------------------------------------------------------
[2022-08-08 22:21:47,089] {taskinstance.py:1239} INFO - Starting attempt 1 of 2
[2022-08-08 22:21:47,089] {taskinstance.py:1240} INFO - 
--------------------------------------------------------------------------------
[2022-08-08 22:21:47,096] {taskinstance.py:1259} INFO - Executing <Task(PythonOperator): local_to_gcs_task> on 2019-01-09 00:00:00+00:00
[2022-08-08 22:21:47,103] {standard_task_runner.py:52} INFO - Started process 1022 to run task
[2022-08-08 22:21:47,105] {standard_task_runner.py:76} INFO - Running: ['***', 'tasks', 'run', 'data_ingestion_gcs_dag', 'local_to_gcs_task', 'backfill__2019-01-09T00:00:00+00:00', '--job-id', '27', '--pool', 'default_pool', '--raw', '--subdir', 'DAGS_FOLDER/data_ingestion_dag.py', '--cfg-path', '/tmp/tmpr644gv86', '--error-file', '/tmp/tmpcwtd57_2']
[2022-08-08 22:21:47,105] {standard_task_runner.py:77} INFO - Job 27: Subtask local_to_gcs_task
[2022-08-08 22:21:47,148] {logging_mixin.py:109} INFO - Running <TaskInstance: data_ingestion_gcs_dag.local_to_gcs_task backfill__2019-01-09T00:00:00+00:00 [running]> on host 049be7f17d30
[2022-08-08 22:21:47,195] {taskinstance.py:1426} INFO - Exporting the following env vars:
AIRFLOW_CTX_DAG_OWNER=***
AIRFLOW_CTX_DAG_ID=data_ingestion_gcs_dag
AIRFLOW_CTX_TASK_ID=local_to_gcs_task
AIRFLOW_CTX_EXECUTION_DATE=2019-01-09T00:00:00+00:00
AIRFLOW_CTX_DAG_RUN_ID=backfill__2019-01-09T00:00:00+00:00
[2022-08-08 22:21:48,587] {python.py:175} INFO - Done. Returned value was: None
[2022-08-08 22:21:48,598] {taskinstance.py:1277} INFO - Marking task as SUCCESS. dag_id=data_ingestion_gcs_dag, task_id=local_to_gcs_task, execution_date=20190109T000000, start_date=20220808T222147, end_date=20220808T222148
[2022-08-08 22:21:48,640] {local_task_job.py:154} INFO - Task exited with return code 0
[2022-08-08 22:21:48,667] {local_task_job.py:264} INFO - 0 downstream tasks scheduled from follow-on schedule check
