[2022-07-30 15:45:49,768] {taskinstance.py:1032} INFO - Dependencies all met for <TaskInstance: data_ingestion_gcs_dag.download_dataset_task scheduled__2022-07-29T00:00:00+00:00 [queued]>
[2022-07-30 15:45:49,775] {taskinstance.py:1032} INFO - Dependencies all met for <TaskInstance: data_ingestion_gcs_dag.download_dataset_task scheduled__2022-07-29T00:00:00+00:00 [queued]>
[2022-07-30 15:45:49,775] {taskinstance.py:1238} INFO - 
--------------------------------------------------------------------------------
[2022-07-30 15:45:49,775] {taskinstance.py:1239} INFO - Starting attempt 1 of 2
[2022-07-30 15:45:49,775] {taskinstance.py:1240} INFO - 
--------------------------------------------------------------------------------
[2022-07-30 15:45:49,784] {taskinstance.py:1259} INFO - Executing <Task(BashOperator): download_dataset_task> on 2022-07-29 00:00:00+00:00
[2022-07-30 15:45:49,790] {standard_task_runner.py:52} INFO - Started process 119 to run task
[2022-07-30 15:45:49,792] {standard_task_runner.py:76} INFO - Running: ['***', 'tasks', 'run', 'data_ingestion_gcs_dag', 'download_dataset_task', 'scheduled__2022-07-29T00:00:00+00:00', '--job-id', '3', '--raw', '--subdir', 'DAGS_FOLDER/data_ingestion_gcs_dag.py', '--cfg-path', '/tmp/tmpt_ssubjq', '--error-file', '/tmp/tmp0b2xcclh']
[2022-07-30 15:45:49,793] {standard_task_runner.py:77} INFO - Job 3: Subtask download_dataset_task
[2022-07-30 15:45:49,828] {logging_mixin.py:109} INFO - Running <TaskInstance: data_ingestion_gcs_dag.download_dataset_task scheduled__2022-07-29T00:00:00+00:00 [running]> on host f758b99dedc2
[2022-07-30 15:45:49,862] {taskinstance.py:1426} INFO - Exporting the following env vars:
AIRFLOW_CTX_DAG_OWNER=***
AIRFLOW_CTX_DAG_ID=data_ingestion_gcs_dag
AIRFLOW_CTX_TASK_ID=download_dataset_task
AIRFLOW_CTX_EXECUTION_DATE=2022-07-29T00:00:00+00:00
AIRFLOW_CTX_DAG_RUN_ID=scheduled__2022-07-29T00:00:00+00:00
[2022-07-30 15:45:49,863] {subprocess.py:62} INFO - Tmp dir root location: 
 /tmp
[2022-07-30 15:45:49,863] {subprocess.py:74} INFO - Running command: ['bash', '-c', 'curl -sSL https://s3.amazonaws.com/nyc-tlc/trip+data/yellow_tripdata_2021-01.csv > /opt/***/yellow_tripdata_2021-01.csv']
[2022-07-30 15:45:49,874] {subprocess.py:85} INFO - Output:
[2022-07-30 15:45:50,235] {subprocess.py:93} INFO - Command exited with return code 0
[2022-07-30 15:45:50,256] {taskinstance.py:1277} INFO - Marking task as SUCCESS. dag_id=data_ingestion_gcs_dag, task_id=download_dataset_task, execution_date=20220729T000000, start_date=20220730T154549, end_date=20220730T154550
[2022-07-30 15:45:50,285] {local_task_job.py:154} INFO - Task exited with return code 0
[2022-07-30 15:45:50,315] {local_task_job.py:264} INFO - 1 downstream tasks scheduled from follow-on schedule check
[2022-07-30 16:12:55,272] {taskinstance.py:1032} INFO - Dependencies all met for <TaskInstance: data_ingestion_gcs_dag.download_dataset_task scheduled__2022-07-29T00:00:00+00:00 [queued]>
[2022-07-30 16:12:55,280] {taskinstance.py:1032} INFO - Dependencies all met for <TaskInstance: data_ingestion_gcs_dag.download_dataset_task scheduled__2022-07-29T00:00:00+00:00 [queued]>
[2022-07-30 16:12:55,280] {taskinstance.py:1238} INFO - 
--------------------------------------------------------------------------------
[2022-07-30 16:12:55,280] {taskinstance.py:1239} INFO - Starting attempt 1 of 2
[2022-07-30 16:12:55,280] {taskinstance.py:1240} INFO - 
--------------------------------------------------------------------------------
[2022-07-30 16:12:55,289] {taskinstance.py:1259} INFO - Executing <Task(BashOperator): download_dataset_task> on 2022-07-29 00:00:00+00:00
[2022-07-30 16:12:55,297] {standard_task_runner.py:52} INFO - Started process 145 to run task
[2022-07-30 16:12:55,299] {standard_task_runner.py:76} INFO - Running: ['***', 'tasks', 'run', 'data_ingestion_gcs_dag', 'download_dataset_task', 'scheduled__2022-07-29T00:00:00+00:00', '--job-id', '3', '--raw', '--subdir', 'DAGS_FOLDER/data_ingestion_gcs_dag.py', '--cfg-path', '/tmp/tmp6q0fr35f', '--error-file', '/tmp/tmpo434bfho']
[2022-07-30 16:12:55,299] {standard_task_runner.py:77} INFO - Job 3: Subtask download_dataset_task
[2022-07-30 16:12:55,335] {logging_mixin.py:109} INFO - Running <TaskInstance: data_ingestion_gcs_dag.download_dataset_task scheduled__2022-07-29T00:00:00+00:00 [running]> on host d21378671bd5
[2022-07-30 16:12:55,369] {taskinstance.py:1426} INFO - Exporting the following env vars:
AIRFLOW_CTX_DAG_OWNER=***
AIRFLOW_CTX_DAG_ID=data_ingestion_gcs_dag
AIRFLOW_CTX_TASK_ID=download_dataset_task
AIRFLOW_CTX_EXECUTION_DATE=2022-07-29T00:00:00+00:00
AIRFLOW_CTX_DAG_RUN_ID=scheduled__2022-07-29T00:00:00+00:00
[2022-07-30 16:12:55,370] {subprocess.py:62} INFO - Tmp dir root location: 
 /tmp
[2022-07-30 16:12:55,370] {subprocess.py:74} INFO - Running command: ['bash', '-c', 'curl -sSL https://s3.amazonaws.com/nyc-tlc/trip+data/yellow_tripdata_2021-01.csv > /opt/***/yellow_tripdata_2021-01.csv']
[2022-07-30 16:12:55,384] {subprocess.py:85} INFO - Output:
[2022-07-30 16:12:55,750] {subprocess.py:93} INFO - Command exited with return code 0
[2022-07-30 16:12:55,770] {taskinstance.py:1277} INFO - Marking task as SUCCESS. dag_id=data_ingestion_gcs_dag, task_id=download_dataset_task, execution_date=20220729T000000, start_date=20220730T161255, end_date=20220730T161255
[2022-07-30 16:12:55,791] {local_task_job.py:154} INFO - Task exited with return code 0
[2022-07-30 16:12:55,820] {local_task_job.py:264} INFO - 1 downstream tasks scheduled from follow-on schedule check
[2022-07-30 16:27:37,166] {taskinstance.py:1032} INFO - Dependencies all met for <TaskInstance: data_ingestion_gcs_dag.download_dataset_task scheduled__2022-07-29T00:00:00+00:00 [queued]>
[2022-07-30 16:27:37,174] {taskinstance.py:1032} INFO - Dependencies all met for <TaskInstance: data_ingestion_gcs_dag.download_dataset_task scheduled__2022-07-29T00:00:00+00:00 [queued]>
[2022-07-30 16:27:37,174] {taskinstance.py:1238} INFO - 
--------------------------------------------------------------------------------
[2022-07-30 16:27:37,174] {taskinstance.py:1239} INFO - Starting attempt 1 of 2
[2022-07-30 16:27:37,174] {taskinstance.py:1240} INFO - 
--------------------------------------------------------------------------------
[2022-07-30 16:27:37,183] {taskinstance.py:1259} INFO - Executing <Task(BashOperator): download_dataset_task> on 2022-07-29 00:00:00+00:00
[2022-07-30 16:27:37,189] {standard_task_runner.py:52} INFO - Started process 119 to run task
[2022-07-30 16:27:37,192] {standard_task_runner.py:76} INFO - Running: ['***', 'tasks', 'run', 'data_ingestion_gcs_dag', 'download_dataset_task', 'scheduled__2022-07-29T00:00:00+00:00', '--job-id', '3', '--raw', '--subdir', 'DAGS_FOLDER/data_ingestion_gcs_dag.py', '--cfg-path', '/tmp/tmp1h3kwzh7', '--error-file', '/tmp/tmprcnv2v01']
[2022-07-30 16:27:37,192] {standard_task_runner.py:77} INFO - Job 3: Subtask download_dataset_task
[2022-07-30 16:27:37,226] {logging_mixin.py:109} INFO - Running <TaskInstance: data_ingestion_gcs_dag.download_dataset_task scheduled__2022-07-29T00:00:00+00:00 [running]> on host cabe1fce590a
[2022-07-30 16:27:37,295] {taskinstance.py:1426} INFO - Exporting the following env vars:
AIRFLOW_CTX_DAG_OWNER=***
AIRFLOW_CTX_DAG_ID=data_ingestion_gcs_dag
AIRFLOW_CTX_TASK_ID=download_dataset_task
AIRFLOW_CTX_EXECUTION_DATE=2022-07-29T00:00:00+00:00
AIRFLOW_CTX_DAG_RUN_ID=scheduled__2022-07-29T00:00:00+00:00
[2022-07-30 16:27:37,295] {subprocess.py:62} INFO - Tmp dir root location: 
 /tmp
[2022-07-30 16:27:37,296] {subprocess.py:74} INFO - Running command: ['bash', '-c', 'curl -sSL https://s3.amazonaws.com/nyc-tlc/trip+data/yellow_tripdata_2021-01.csv > /opt/***/yellow_tripdata_2021-01.csv']
[2022-07-30 16:27:37,309] {subprocess.py:85} INFO - Output:
[2022-07-30 16:27:37,675] {subprocess.py:93} INFO - Command exited with return code 0
[2022-07-30 16:27:37,695] {taskinstance.py:1277} INFO - Marking task as SUCCESS. dag_id=data_ingestion_gcs_dag, task_id=download_dataset_task, execution_date=20220729T000000, start_date=20220730T162737, end_date=20220730T162737
[2022-07-30 16:27:37,724] {local_task_job.py:154} INFO - Task exited with return code 0
[2022-07-30 16:27:37,780] {local_task_job.py:264} INFO - 1 downstream tasks scheduled from follow-on schedule check
