[2022-08-08 22:35:00,165] {taskinstance.py:1032} INFO - Dependencies all met for <TaskInstance: data_ingestion_gcs_dag_homework.local_to_gcs_task backfill__2019-09-01T00:00:00+00:00 [queued]>
[2022-08-08 22:35:00,173] {taskinstance.py:1032} INFO - Dependencies all met for <TaskInstance: data_ingestion_gcs_dag_homework.local_to_gcs_task backfill__2019-09-01T00:00:00+00:00 [queued]>
[2022-08-08 22:35:00,173] {taskinstance.py:1238} INFO - 
--------------------------------------------------------------------------------
[2022-08-08 22:35:00,173] {taskinstance.py:1239} INFO - Starting attempt 1 of 2
[2022-08-08 22:35:00,173] {taskinstance.py:1240} INFO - 
--------------------------------------------------------------------------------
[2022-08-08 22:35:00,181] {taskinstance.py:1259} INFO - Executing <Task(PythonOperator): local_to_gcs_task> on 2019-09-01 00:00:00+00:00
[2022-08-08 22:35:00,187] {standard_task_runner.py:52} INFO - Started process 1922 to run task
[2022-08-08 22:35:00,189] {standard_task_runner.py:76} INFO - Running: ['***', 'tasks', 'run', 'data_ingestion_gcs_dag_homework', 'local_to_gcs_task', 'backfill__2019-09-01T00:00:00+00:00', '--job-id', '99', '--pool', 'default_pool', '--raw', '--subdir', 'DAGS_FOLDER/data_ingestion_dag_for_hire.py', '--cfg-path', '/tmp/tmpko36ddrh', '--error-file', '/tmp/tmp8bl3w3qi']
[2022-08-08 22:35:00,190] {standard_task_runner.py:77} INFO - Job 99: Subtask local_to_gcs_task
[2022-08-08 22:35:00,235] {logging_mixin.py:109} INFO - Running <TaskInstance: data_ingestion_gcs_dag_homework.local_to_gcs_task backfill__2019-09-01T00:00:00+00:00 [running]> on host 049be7f17d30
[2022-08-08 22:35:00,268] {warnings.py:110} WARNING - /home/***/.local/lib/python3.7/site-packages/***/utils/context.py:152: AirflowContextDeprecationWarning: Accessing 'execution_date' from the template is deprecated and will be removed in a future version. Please use 'data_interval_start' or 'logical_date' instead.
  warnings.warn(_create_deprecation_warning(key, self._deprecation_replacements[key]))

[2022-08-08 22:35:00,287] {taskinstance.py:1426} INFO - Exporting the following env vars:
AIRFLOW_CTX_DAG_OWNER=***
AIRFLOW_CTX_DAG_ID=data_ingestion_gcs_dag_homework
AIRFLOW_CTX_TASK_ID=local_to_gcs_task
AIRFLOW_CTX_EXECUTION_DATE=2019-09-01T00:00:00+00:00
AIRFLOW_CTX_DAG_RUN_ID=backfill__2019-09-01T00:00:00+00:00
[2022-08-08 22:35:01,168] {python.py:175} INFO - Done. Returned value was: None
[2022-08-08 22:35:01,178] {taskinstance.py:1277} INFO - Marking task as SUCCESS. dag_id=data_ingestion_gcs_dag_homework, task_id=local_to_gcs_task, execution_date=20190901T000000, start_date=20220808T223500, end_date=20220808T223501
[2022-08-08 22:35:01,203] {local_task_job.py:154} INFO - Task exited with return code 0
[2022-08-08 22:35:01,227] {local_task_job.py:264} INFO - 0 downstream tasks scheduled from follow-on schedule check
