[2022-08-08 22:12:48,565] {taskinstance.py:1032} INFO - Dependencies all met for <TaskInstance: data_ingestion_gcs_dag.bigquery_external_table_task backfill__2019-01-06T00:00:00+00:00 [queued]>
[2022-08-08 22:12:48,573] {taskinstance.py:1032} INFO - Dependencies all met for <TaskInstance: data_ingestion_gcs_dag.bigquery_external_table_task backfill__2019-01-06T00:00:00+00:00 [queued]>
[2022-08-08 22:12:48,573] {taskinstance.py:1238} INFO - 
--------------------------------------------------------------------------------
[2022-08-08 22:12:48,573] {taskinstance.py:1239} INFO - Starting attempt 1 of 2
[2022-08-08 22:12:48,573] {taskinstance.py:1240} INFO - 
--------------------------------------------------------------------------------
[2022-08-08 22:12:48,582] {taskinstance.py:1259} INFO - Executing <Task(BigQueryCreateExternalTableOperator): bigquery_external_table_task> on 2019-01-06 00:00:00+00:00
[2022-08-08 22:12:48,589] {standard_task_runner.py:52} INFO - Started process 565 to run task
[2022-08-08 22:12:48,592] {standard_task_runner.py:76} INFO - Running: ['***', 'tasks', 'run', 'data_ingestion_gcs_dag', 'bigquery_external_table_task', 'backfill__2019-01-06T00:00:00+00:00', '--job-id', '21', '--pool', 'default_pool', '--raw', '--subdir', 'DAGS_FOLDER/data_ingestion_dag.py', '--cfg-path', '/tmp/tmpivcu04k3', '--error-file', '/tmp/tmp4eg87sft']
[2022-08-08 22:12:48,592] {standard_task_runner.py:77} INFO - Job 21: Subtask bigquery_external_table_task
[2022-08-08 22:12:48,642] {logging_mixin.py:109} INFO - Running <TaskInstance: data_ingestion_gcs_dag.bigquery_external_table_task backfill__2019-01-06T00:00:00+00:00 [running]> on host 049be7f17d30
[2022-08-08 22:12:48,687] {taskinstance.py:1426} INFO - Exporting the following env vars:
AIRFLOW_CTX_DAG_OWNER=***
AIRFLOW_CTX_DAG_ID=data_ingestion_gcs_dag
AIRFLOW_CTX_TASK_ID=bigquery_external_table_task
AIRFLOW_CTX_EXECUTION_DATE=2019-01-06T00:00:00+00:00
AIRFLOW_CTX_DAG_RUN_ID=backfill__2019-01-06T00:00:00+00:00
[2022-08-08 22:12:48,688] {crypto.py:82} WARNING - empty cryptography key - values will not be stored encrypted.
[2022-08-08 22:12:49,153] {taskinstance.py:1277} INFO - Marking task as SUCCESS. dag_id=data_ingestion_gcs_dag, task_id=bigquery_external_table_task, execution_date=20190106T000000, start_date=20220808T221248, end_date=20220808T221249
[2022-08-08 22:12:49,205] {local_task_job.py:154} INFO - Task exited with return code 0
[2022-08-08 22:12:49,229] {local_task_job.py:264} INFO - 0 downstream tasks scheduled from follow-on schedule check
[2022-08-08 22:12:49,244] {dagrun.py:545} INFO - Marking run <DagRun data_ingestion_gcs_dag @ 2019-01-06 00:00:00+00:00: backfill__2019-01-06T00:00:00+00:00, externally triggered: False> successful
[2022-08-08 22:12:49,244] {dagrun.py:605} INFO - DagRun Finished: dag_id=data_ingestion_gcs_dag, execution_date=2019-01-06 00:00:00+00:00, run_id=backfill__2019-01-06T00:00:00+00:00, run_start_date=2022-08-08 22:12:24.010042+00:00, run_end_date=2022-08-08 22:12:49.244954+00:00, run_duration=25.234912, state=success, external_trigger=False, run_type=backfill, data_interval_start=2019-01-06 00:00:00+00:00, data_interval_end=2019-01-07 00:00:00+00:00, dag_hash=None
