[2022-08-04 07:47:47,233] {taskinstance.py:1032} INFO - Dependencies all met for <TaskInstance: data_ingestion_gcs_dag.format_to_parquet_task scheduled__2022-08-01T00:00:00+00:00 [queued]>
[2022-08-04 07:47:47,246] {taskinstance.py:1032} INFO - Dependencies all met for <TaskInstance: data_ingestion_gcs_dag.format_to_parquet_task scheduled__2022-08-01T00:00:00+00:00 [queued]>
[2022-08-04 07:47:47,246] {taskinstance.py:1238} INFO - 
--------------------------------------------------------------------------------
[2022-08-04 07:47:47,246] {taskinstance.py:1239} INFO - Starting attempt 1 of 2
[2022-08-04 07:47:47,247] {taskinstance.py:1240} INFO - 
--------------------------------------------------------------------------------
[2022-08-04 07:47:47,336] {taskinstance.py:1259} INFO - Executing <Task(PythonOperator): format_to_parquet_task> on 2022-08-01 00:00:00+00:00
[2022-08-04 07:47:47,345] {standard_task_runner.py:52} INFO - Started process 106 to run task
[2022-08-04 07:47:47,348] {standard_task_runner.py:76} INFO - Running: ['***', 'tasks', 'run', 'data_ingestion_gcs_dag', 'format_to_parquet_task', 'scheduled__2022-08-01T00:00:00+00:00', '--job-id', '51', '--raw', '--subdir', 'DAGS_FOLDER/data_ingestion_gcs_dag1.py', '--cfg-path', '/tmp/tmphbg2gqoh', '--error-file', '/tmp/tmpnfresp5s']
[2022-08-04 07:47:47,349] {standard_task_runner.py:77} INFO - Job 51: Subtask format_to_parquet_task
[2022-08-04 07:47:47,643] {logging_mixin.py:109} INFO - Running <TaskInstance: data_ingestion_gcs_dag.format_to_parquet_task scheduled__2022-08-01T00:00:00+00:00 [running]> on host 730e9829e9ac
[2022-08-04 07:47:47,937] {taskinstance.py:1426} INFO - Exporting the following env vars:
AIRFLOW_CTX_DAG_OWNER=***
AIRFLOW_CTX_DAG_ID=data_ingestion_gcs_dag
AIRFLOW_CTX_TASK_ID=format_to_parquet_task
AIRFLOW_CTX_EXECUTION_DATE=2022-08-01T00:00:00+00:00
AIRFLOW_CTX_DAG_RUN_ID=scheduled__2022-08-01T00:00:00+00:00
[2022-08-04 07:47:48,435] {python.py:175} INFO - Done. Returned value was: None
[2022-08-04 07:47:48,450] {taskinstance.py:1277} INFO - Marking task as SUCCESS. dag_id=data_ingestion_gcs_dag, task_id=format_to_parquet_task, execution_date=20220801T000000, start_date=20220804T074747, end_date=20220804T074748
[2022-08-04 07:47:48,570] {local_task_job.py:154} INFO - Task exited with return code 0
[2022-08-04 07:47:48,745] {local_task_job.py:264} INFO - 1 downstream tasks scheduled from follow-on schedule check
