[2022-07-25 05:10:15,708] {processor.py:163} INFO - Started process (PID=47) to work on /opt/airflow/dags/data_ingestion_gcs_dag.py
[2022-07-25 05:10:15,708] {processor.py:642} INFO - Processing file /opt/airflow/dags/data_ingestion_gcs_dag.py for tasks to queue
[2022-07-25 05:10:15,709] {logging_mixin.py:109} INFO - [2022-07-25 05:10:15,708] {dagbag.py:500} INFO - Filling up the DagBag from /opt/airflow/dags/data_ingestion_gcs_dag.py
[2022-07-25 05:10:16,381] {processor.py:654} INFO - DAG(s) dict_keys(['data_ingestion_gcs_dag']) retrieved from /opt/airflow/dags/data_ingestion_gcs_dag.py
[2022-07-25 05:10:16,839] {logging_mixin.py:109} INFO - [2022-07-25 05:10:16,839] {dag.py:2396} INFO - Sync 1 DAGs
[2022-07-25 05:10:16,855] {processor.py:171} INFO - Processing /opt/airflow/dags/data_ingestion_gcs_dag.py took 1.149 seconds
[2022-07-25 05:10:46,905] {processor.py:163} INFO - Started process (PID=91) to work on /opt/airflow/dags/data_ingestion_gcs_dag.py
[2022-07-25 05:10:46,906] {processor.py:642} INFO - Processing file /opt/airflow/dags/data_ingestion_gcs_dag.py for tasks to queue
[2022-07-25 05:10:46,906] {logging_mixin.py:109} INFO - [2022-07-25 05:10:46,906] {dagbag.py:500} INFO - Filling up the DagBag from /opt/airflow/dags/data_ingestion_gcs_dag.py
[2022-07-25 05:10:47,500] {processor.py:654} INFO - DAG(s) dict_keys(['data_ingestion_gcs_dag']) retrieved from /opt/airflow/dags/data_ingestion_gcs_dag.py
[2022-07-25 05:10:47,506] {logging_mixin.py:109} INFO - [2022-07-25 05:10:47,506] {dag.py:2396} INFO - Sync 1 DAGs
[2022-07-25 05:10:47,521] {processor.py:171} INFO - Processing /opt/airflow/dags/data_ingestion_gcs_dag.py took 0.618 seconds
[2022-07-25 05:11:17,598] {processor.py:163} INFO - Started process (PID=126) to work on /opt/airflow/dags/data_ingestion_gcs_dag.py
[2022-07-25 05:11:17,599] {processor.py:642} INFO - Processing file /opt/airflow/dags/data_ingestion_gcs_dag.py for tasks to queue
[2022-07-25 05:11:17,599] {logging_mixin.py:109} INFO - [2022-07-25 05:11:17,599] {dagbag.py:500} INFO - Filling up the DagBag from /opt/airflow/dags/data_ingestion_gcs_dag.py
[2022-07-25 05:11:18,165] {processor.py:654} INFO - DAG(s) dict_keys(['data_ingestion_gcs_dag']) retrieved from /opt/airflow/dags/data_ingestion_gcs_dag.py
[2022-07-25 05:11:18,172] {logging_mixin.py:109} INFO - [2022-07-25 05:11:18,171] {dag.py:2396} INFO - Sync 1 DAGs
[2022-07-25 05:11:18,187] {processor.py:171} INFO - Processing /opt/airflow/dags/data_ingestion_gcs_dag.py took 0.591 seconds
[2022-07-25 05:11:48,235] {processor.py:163} INFO - Started process (PID=170) to work on /opt/airflow/dags/data_ingestion_gcs_dag.py
[2022-07-25 05:11:48,236] {processor.py:642} INFO - Processing file /opt/airflow/dags/data_ingestion_gcs_dag.py for tasks to queue
[2022-07-25 05:11:48,236] {logging_mixin.py:109} INFO - [2022-07-25 05:11:48,236] {dagbag.py:500} INFO - Filling up the DagBag from /opt/airflow/dags/data_ingestion_gcs_dag.py
[2022-07-25 05:11:48,838] {processor.py:654} INFO - DAG(s) dict_keys(['data_ingestion_gcs_dag']) retrieved from /opt/airflow/dags/data_ingestion_gcs_dag.py
[2022-07-25 05:11:48,844] {logging_mixin.py:109} INFO - [2022-07-25 05:11:48,844] {dag.py:2396} INFO - Sync 1 DAGs
[2022-07-25 05:11:48,860] {processor.py:171} INFO - Processing /opt/airflow/dags/data_ingestion_gcs_dag.py took 0.626 seconds
[2022-07-25 05:12:18,934] {processor.py:163} INFO - Started process (PID=214) to work on /opt/airflow/dags/data_ingestion_gcs_dag.py
[2022-07-25 05:12:18,935] {processor.py:642} INFO - Processing file /opt/airflow/dags/data_ingestion_gcs_dag.py for tasks to queue
[2022-07-25 05:12:18,935] {logging_mixin.py:109} INFO - [2022-07-25 05:12:18,935] {dagbag.py:500} INFO - Filling up the DagBag from /opt/airflow/dags/data_ingestion_gcs_dag.py
[2022-07-25 05:12:19,576] {processor.py:654} INFO - DAG(s) dict_keys(['data_ingestion_gcs_dag']) retrieved from /opt/airflow/dags/data_ingestion_gcs_dag.py
[2022-07-25 05:12:19,582] {logging_mixin.py:109} INFO - [2022-07-25 05:12:19,582] {dag.py:2396} INFO - Sync 1 DAGs
[2022-07-25 05:12:19,597] {processor.py:171} INFO - Processing /opt/airflow/dags/data_ingestion_gcs_dag.py took 0.665 seconds
[2022-07-25 05:12:49,649] {processor.py:163} INFO - Started process (PID=249) to work on /opt/airflow/dags/data_ingestion_gcs_dag.py
[2022-07-25 05:12:49,650] {processor.py:642} INFO - Processing file /opt/airflow/dags/data_ingestion_gcs_dag.py for tasks to queue
[2022-07-25 05:12:49,650] {logging_mixin.py:109} INFO - [2022-07-25 05:12:49,650] {dagbag.py:500} INFO - Filling up the DagBag from /opt/airflow/dags/data_ingestion_gcs_dag.py
[2022-07-25 05:12:50,246] {processor.py:654} INFO - DAG(s) dict_keys(['data_ingestion_gcs_dag']) retrieved from /opt/airflow/dags/data_ingestion_gcs_dag.py
[2022-07-25 05:12:50,252] {logging_mixin.py:109} INFO - [2022-07-25 05:12:50,252] {dag.py:2396} INFO - Sync 1 DAGs
[2022-07-25 05:12:50,267] {processor.py:171} INFO - Processing /opt/airflow/dags/data_ingestion_gcs_dag.py took 0.620 seconds
[2022-07-25 05:13:20,339] {processor.py:163} INFO - Started process (PID=293) to work on /opt/airflow/dags/data_ingestion_gcs_dag.py
[2022-07-25 05:13:20,340] {processor.py:642} INFO - Processing file /opt/airflow/dags/data_ingestion_gcs_dag.py for tasks to queue
[2022-07-25 05:13:20,340] {logging_mixin.py:109} INFO - [2022-07-25 05:13:20,340] {dagbag.py:500} INFO - Filling up the DagBag from /opt/airflow/dags/data_ingestion_gcs_dag.py
[2022-07-25 05:13:20,935] {processor.py:654} INFO - DAG(s) dict_keys(['data_ingestion_gcs_dag']) retrieved from /opt/airflow/dags/data_ingestion_gcs_dag.py
[2022-07-25 05:13:20,942] {logging_mixin.py:109} INFO - [2022-07-25 05:13:20,942] {dag.py:2396} INFO - Sync 1 DAGs
[2022-07-25 05:13:20,957] {processor.py:171} INFO - Processing /opt/airflow/dags/data_ingestion_gcs_dag.py took 0.620 seconds
[2022-07-25 05:13:51,006] {processor.py:163} INFO - Started process (PID=328) to work on /opt/airflow/dags/data_ingestion_gcs_dag.py
[2022-07-25 05:13:51,007] {processor.py:642} INFO - Processing file /opt/airflow/dags/data_ingestion_gcs_dag.py for tasks to queue
[2022-07-25 05:13:51,007] {logging_mixin.py:109} INFO - [2022-07-25 05:13:51,007] {dagbag.py:500} INFO - Filling up the DagBag from /opt/airflow/dags/data_ingestion_gcs_dag.py
[2022-07-25 05:13:51,576] {processor.py:654} INFO - DAG(s) dict_keys(['data_ingestion_gcs_dag']) retrieved from /opt/airflow/dags/data_ingestion_gcs_dag.py
[2022-07-25 05:13:51,583] {logging_mixin.py:109} INFO - [2022-07-25 05:13:51,583] {dag.py:2396} INFO - Sync 1 DAGs
[2022-07-25 05:13:51,597] {processor.py:171} INFO - Processing /opt/airflow/dags/data_ingestion_gcs_dag.py took 0.593 seconds
[2022-07-25 05:14:21,673] {processor.py:163} INFO - Started process (PID=372) to work on /opt/airflow/dags/data_ingestion_gcs_dag.py
[2022-07-25 05:14:21,674] {processor.py:642} INFO - Processing file /opt/airflow/dags/data_ingestion_gcs_dag.py for tasks to queue
[2022-07-25 05:14:21,674] {logging_mixin.py:109} INFO - [2022-07-25 05:14:21,674] {dagbag.py:500} INFO - Filling up the DagBag from /opt/airflow/dags/data_ingestion_gcs_dag.py
[2022-07-25 05:14:22,247] {processor.py:654} INFO - DAG(s) dict_keys(['data_ingestion_gcs_dag']) retrieved from /opt/airflow/dags/data_ingestion_gcs_dag.py
[2022-07-25 05:14:22,254] {logging_mixin.py:109} INFO - [2022-07-25 05:14:22,254] {dag.py:2396} INFO - Sync 1 DAGs
[2022-07-25 05:14:22,269] {processor.py:171} INFO - Processing /opt/airflow/dags/data_ingestion_gcs_dag.py took 0.597 seconds
[2022-07-25 05:14:52,317] {processor.py:163} INFO - Started process (PID=416) to work on /opt/airflow/dags/data_ingestion_gcs_dag.py
[2022-07-25 05:14:52,318] {processor.py:642} INFO - Processing file /opt/airflow/dags/data_ingestion_gcs_dag.py for tasks to queue
[2022-07-25 05:14:52,318] {logging_mixin.py:109} INFO - [2022-07-25 05:14:52,318] {dagbag.py:500} INFO - Filling up the DagBag from /opt/airflow/dags/data_ingestion_gcs_dag.py
[2022-07-25 05:14:52,891] {processor.py:654} INFO - DAG(s) dict_keys(['data_ingestion_gcs_dag']) retrieved from /opt/airflow/dags/data_ingestion_gcs_dag.py
[2022-07-25 05:14:52,897] {logging_mixin.py:109} INFO - [2022-07-25 05:14:52,897] {dag.py:2396} INFO - Sync 1 DAGs
[2022-07-25 05:14:52,912] {processor.py:171} INFO - Processing /opt/airflow/dags/data_ingestion_gcs_dag.py took 0.597 seconds
[2022-07-25 05:15:22,994] {processor.py:163} INFO - Started process (PID=451) to work on /opt/airflow/dags/data_ingestion_gcs_dag.py
[2022-07-25 05:15:22,995] {processor.py:642} INFO - Processing file /opt/airflow/dags/data_ingestion_gcs_dag.py for tasks to queue
[2022-07-25 05:15:22,995] {logging_mixin.py:109} INFO - [2022-07-25 05:15:22,995] {dagbag.py:500} INFO - Filling up the DagBag from /opt/airflow/dags/data_ingestion_gcs_dag.py
[2022-07-25 05:15:23,610] {processor.py:654} INFO - DAG(s) dict_keys(['data_ingestion_gcs_dag']) retrieved from /opt/airflow/dags/data_ingestion_gcs_dag.py
[2022-07-25 05:15:23,617] {logging_mixin.py:109} INFO - [2022-07-25 05:15:23,616] {dag.py:2396} INFO - Sync 1 DAGs
[2022-07-25 05:15:23,631] {processor.py:171} INFO - Processing /opt/airflow/dags/data_ingestion_gcs_dag.py took 0.639 seconds
[2022-07-25 05:15:53,686] {processor.py:163} INFO - Started process (PID=495) to work on /opt/airflow/dags/data_ingestion_gcs_dag.py
[2022-07-25 05:15:53,686] {processor.py:642} INFO - Processing file /opt/airflow/dags/data_ingestion_gcs_dag.py for tasks to queue
[2022-07-25 05:15:53,687] {logging_mixin.py:109} INFO - [2022-07-25 05:15:53,687] {dagbag.py:500} INFO - Filling up the DagBag from /opt/airflow/dags/data_ingestion_gcs_dag.py
[2022-07-25 05:15:54,268] {processor.py:654} INFO - DAG(s) dict_keys(['data_ingestion_gcs_dag']) retrieved from /opt/airflow/dags/data_ingestion_gcs_dag.py
[2022-07-25 05:15:54,275] {logging_mixin.py:109} INFO - [2022-07-25 05:15:54,274] {dag.py:2396} INFO - Sync 1 DAGs
[2022-07-25 05:15:54,285] {logging_mixin.py:109} INFO - [2022-07-25 05:15:54,285] {dag.py:2935} INFO - Setting next_dagrun for data_ingestion_gcs_dag to 2022-07-25T00:00:00+00:00
[2022-07-25 05:15:54,291] {processor.py:171} INFO - Processing /opt/airflow/dags/data_ingestion_gcs_dag.py took 0.607 seconds
[2022-07-25 05:16:24,371] {processor.py:163} INFO - Started process (PID=539) to work on /opt/airflow/dags/data_ingestion_gcs_dag.py
[2022-07-25 05:16:24,372] {processor.py:642} INFO - Processing file /opt/airflow/dags/data_ingestion_gcs_dag.py for tasks to queue
[2022-07-25 05:16:24,372] {logging_mixin.py:109} INFO - [2022-07-25 05:16:24,372] {dagbag.py:500} INFO - Filling up the DagBag from /opt/airflow/dags/data_ingestion_gcs_dag.py
[2022-07-25 05:16:24,964] {processor.py:654} INFO - DAG(s) dict_keys(['data_ingestion_gcs_dag']) retrieved from /opt/airflow/dags/data_ingestion_gcs_dag.py
[2022-07-25 05:16:24,971] {logging_mixin.py:109} INFO - [2022-07-25 05:16:24,971] {dag.py:2396} INFO - Sync 1 DAGs
[2022-07-25 05:16:24,981] {logging_mixin.py:109} INFO - [2022-07-25 05:16:24,981] {dag.py:2935} INFO - Setting next_dagrun for data_ingestion_gcs_dag to 2022-07-25T00:00:00+00:00
[2022-07-25 05:16:24,987] {processor.py:171} INFO - Processing /opt/airflow/dags/data_ingestion_gcs_dag.py took 0.618 seconds
[2022-07-25 05:16:55,039] {processor.py:163} INFO - Started process (PID=574) to work on /opt/airflow/dags/data_ingestion_gcs_dag.py
[2022-07-25 05:16:55,040] {processor.py:642} INFO - Processing file /opt/airflow/dags/data_ingestion_gcs_dag.py for tasks to queue
[2022-07-25 05:16:55,040] {logging_mixin.py:109} INFO - [2022-07-25 05:16:55,040] {dagbag.py:500} INFO - Filling up the DagBag from /opt/airflow/dags/data_ingestion_gcs_dag.py
[2022-07-25 05:16:55,648] {processor.py:654} INFO - DAG(s) dict_keys(['data_ingestion_gcs_dag']) retrieved from /opt/airflow/dags/data_ingestion_gcs_dag.py
[2022-07-25 05:16:55,654] {logging_mixin.py:109} INFO - [2022-07-25 05:16:55,654] {dag.py:2396} INFO - Sync 1 DAGs
[2022-07-25 05:16:55,665] {logging_mixin.py:109} INFO - [2022-07-25 05:16:55,665] {dag.py:2935} INFO - Setting next_dagrun for data_ingestion_gcs_dag to 2022-07-25T00:00:00+00:00
[2022-07-25 05:16:55,670] {processor.py:171} INFO - Processing /opt/airflow/dags/data_ingestion_gcs_dag.py took 0.633 seconds
[2022-07-25 05:17:25,786] {processor.py:163} INFO - Started process (PID=619) to work on /opt/airflow/dags/data_ingestion_gcs_dag.py
[2022-07-25 05:17:25,787] {processor.py:642} INFO - Processing file /opt/airflow/dags/data_ingestion_gcs_dag.py for tasks to queue
[2022-07-25 05:17:25,787] {logging_mixin.py:109} INFO - [2022-07-25 05:17:25,787] {dagbag.py:500} INFO - Filling up the DagBag from /opt/airflow/dags/data_ingestion_gcs_dag.py
[2022-07-25 05:17:26,367] {processor.py:654} INFO - DAG(s) dict_keys(['data_ingestion_gcs_dag']) retrieved from /opt/airflow/dags/data_ingestion_gcs_dag.py
[2022-07-25 05:17:26,373] {logging_mixin.py:109} INFO - [2022-07-25 05:17:26,373] {dag.py:2396} INFO - Sync 1 DAGs
[2022-07-25 05:17:26,384] {logging_mixin.py:109} INFO - [2022-07-25 05:17:26,384] {dag.py:2935} INFO - Setting next_dagrun for data_ingestion_gcs_dag to 2022-07-25T00:00:00+00:00
[2022-07-25 05:17:26,389] {processor.py:171} INFO - Processing /opt/airflow/dags/data_ingestion_gcs_dag.py took 0.605 seconds
[2022-07-25 05:17:56,440] {processor.py:163} INFO - Started process (PID=654) to work on /opt/airflow/dags/data_ingestion_gcs_dag.py
[2022-07-25 05:17:56,441] {processor.py:642} INFO - Processing file /opt/airflow/dags/data_ingestion_gcs_dag.py for tasks to queue
[2022-07-25 05:17:56,441] {logging_mixin.py:109} INFO - [2022-07-25 05:17:56,441] {dagbag.py:500} INFO - Filling up the DagBag from /opt/airflow/dags/data_ingestion_gcs_dag.py
[2022-07-25 05:17:57,044] {processor.py:654} INFO - DAG(s) dict_keys(['data_ingestion_gcs_dag']) retrieved from /opt/airflow/dags/data_ingestion_gcs_dag.py
[2022-07-25 05:17:57,050] {logging_mixin.py:109} INFO - [2022-07-25 05:17:57,050] {dag.py:2396} INFO - Sync 1 DAGs
[2022-07-25 05:17:57,061] {logging_mixin.py:109} INFO - [2022-07-25 05:17:57,061] {dag.py:2935} INFO - Setting next_dagrun for data_ingestion_gcs_dag to 2022-07-25T00:00:00+00:00
[2022-07-25 05:17:57,067] {processor.py:171} INFO - Processing /opt/airflow/dags/data_ingestion_gcs_dag.py took 0.629 seconds
[2022-07-25 05:18:27,142] {processor.py:163} INFO - Started process (PID=698) to work on /opt/airflow/dags/data_ingestion_gcs_dag.py
[2022-07-25 05:18:27,143] {processor.py:642} INFO - Processing file /opt/airflow/dags/data_ingestion_gcs_dag.py for tasks to queue
[2022-07-25 05:18:27,144] {logging_mixin.py:109} INFO - [2022-07-25 05:18:27,144] {dagbag.py:500} INFO - Filling up the DagBag from /opt/airflow/dags/data_ingestion_gcs_dag.py
[2022-07-25 05:18:27,751] {processor.py:654} INFO - DAG(s) dict_keys(['data_ingestion_gcs_dag']) retrieved from /opt/airflow/dags/data_ingestion_gcs_dag.py
[2022-07-25 05:18:27,757] {logging_mixin.py:109} INFO - [2022-07-25 05:18:27,756] {dag.py:2396} INFO - Sync 1 DAGs
[2022-07-25 05:18:27,767] {logging_mixin.py:109} INFO - [2022-07-25 05:18:27,767] {dag.py:2935} INFO - Setting next_dagrun for data_ingestion_gcs_dag to 2022-07-25T00:00:00+00:00
[2022-07-25 05:18:27,772] {processor.py:171} INFO - Processing /opt/airflow/dags/data_ingestion_gcs_dag.py took 0.632 seconds
[2022-07-25 05:18:57,826] {processor.py:163} INFO - Started process (PID=742) to work on /opt/airflow/dags/data_ingestion_gcs_dag.py
[2022-07-25 05:18:57,827] {processor.py:642} INFO - Processing file /opt/airflow/dags/data_ingestion_gcs_dag.py for tasks to queue
[2022-07-25 05:18:57,827] {logging_mixin.py:109} INFO - [2022-07-25 05:18:57,827] {dagbag.py:500} INFO - Filling up the DagBag from /opt/airflow/dags/data_ingestion_gcs_dag.py
[2022-07-25 05:18:58,434] {processor.py:654} INFO - DAG(s) dict_keys(['data_ingestion_gcs_dag']) retrieved from /opt/airflow/dags/data_ingestion_gcs_dag.py
[2022-07-25 05:18:58,441] {logging_mixin.py:109} INFO - [2022-07-25 05:18:58,440] {dag.py:2396} INFO - Sync 1 DAGs
[2022-07-25 05:18:58,451] {logging_mixin.py:109} INFO - [2022-07-25 05:18:58,451] {dag.py:2935} INFO - Setting next_dagrun for data_ingestion_gcs_dag to 2022-07-25T00:00:00+00:00
[2022-07-25 05:18:58,457] {processor.py:171} INFO - Processing /opt/airflow/dags/data_ingestion_gcs_dag.py took 0.632 seconds
[2022-07-25 05:19:28,534] {processor.py:163} INFO - Started process (PID=777) to work on /opt/airflow/dags/data_ingestion_gcs_dag.py
[2022-07-25 05:19:28,535] {processor.py:642} INFO - Processing file /opt/airflow/dags/data_ingestion_gcs_dag.py for tasks to queue
[2022-07-25 05:19:28,536] {logging_mixin.py:109} INFO - [2022-07-25 05:19:28,536] {dagbag.py:500} INFO - Filling up the DagBag from /opt/airflow/dags/data_ingestion_gcs_dag.py
[2022-07-25 05:19:29,146] {processor.py:654} INFO - DAG(s) dict_keys(['data_ingestion_gcs_dag']) retrieved from /opt/airflow/dags/data_ingestion_gcs_dag.py
[2022-07-25 05:19:29,152] {logging_mixin.py:109} INFO - [2022-07-25 05:19:29,151] {dag.py:2396} INFO - Sync 1 DAGs
[2022-07-25 05:19:29,162] {logging_mixin.py:109} INFO - [2022-07-25 05:19:29,162] {dag.py:2935} INFO - Setting next_dagrun for data_ingestion_gcs_dag to 2022-07-25T00:00:00+00:00
[2022-07-25 05:19:29,168] {processor.py:171} INFO - Processing /opt/airflow/dags/data_ingestion_gcs_dag.py took 0.636 seconds
[2022-07-25 05:19:59,219] {processor.py:163} INFO - Started process (PID=821) to work on /opt/airflow/dags/data_ingestion_gcs_dag.py
[2022-07-25 05:19:59,219] {processor.py:642} INFO - Processing file /opt/airflow/dags/data_ingestion_gcs_dag.py for tasks to queue
[2022-07-25 05:19:59,220] {logging_mixin.py:109} INFO - [2022-07-25 05:19:59,220] {dagbag.py:500} INFO - Filling up the DagBag from /opt/airflow/dags/data_ingestion_gcs_dag.py
[2022-07-25 05:19:59,784] {processor.py:654} INFO - DAG(s) dict_keys(['data_ingestion_gcs_dag']) retrieved from /opt/airflow/dags/data_ingestion_gcs_dag.py
[2022-07-25 05:19:59,791] {logging_mixin.py:109} INFO - [2022-07-25 05:19:59,790] {dag.py:2396} INFO - Sync 1 DAGs
[2022-07-25 05:19:59,801] {logging_mixin.py:109} INFO - [2022-07-25 05:19:59,801] {dag.py:2935} INFO - Setting next_dagrun for data_ingestion_gcs_dag to 2022-07-25T00:00:00+00:00
[2022-07-25 05:19:59,807] {processor.py:171} INFO - Processing /opt/airflow/dags/data_ingestion_gcs_dag.py took 0.590 seconds
[2022-07-25 05:20:29,880] {processor.py:163} INFO - Started process (PID=863) to work on /opt/airflow/dags/data_ingestion_gcs_dag.py
[2022-07-25 05:20:29,881] {processor.py:642} INFO - Processing file /opt/airflow/dags/data_ingestion_gcs_dag.py for tasks to queue
[2022-07-25 05:20:29,881] {logging_mixin.py:109} INFO - [2022-07-25 05:20:29,881] {dagbag.py:500} INFO - Filling up the DagBag from /opt/airflow/dags/data_ingestion_gcs_dag.py
[2022-07-25 05:20:30,483] {processor.py:654} INFO - DAG(s) dict_keys(['data_ingestion_gcs_dag']) retrieved from /opt/airflow/dags/data_ingestion_gcs_dag.py
[2022-07-25 05:20:30,489] {logging_mixin.py:109} INFO - [2022-07-25 05:20:30,489] {dag.py:2396} INFO - Sync 1 DAGs
[2022-07-25 05:20:30,500] {logging_mixin.py:109} INFO - [2022-07-25 05:20:30,500] {dag.py:2935} INFO - Setting next_dagrun for data_ingestion_gcs_dag to 2022-07-25T00:00:00+00:00
[2022-07-25 05:20:30,505] {processor.py:171} INFO - Processing /opt/airflow/dags/data_ingestion_gcs_dag.py took 0.627 seconds
[2022-07-25 05:21:00,556] {processor.py:163} INFO - Started process (PID=900) to work on /opt/airflow/dags/data_ingestion_gcs_dag.py
[2022-07-25 05:21:00,557] {processor.py:642} INFO - Processing file /opt/airflow/dags/data_ingestion_gcs_dag.py for tasks to queue
[2022-07-25 05:21:00,557] {logging_mixin.py:109} INFO - [2022-07-25 05:21:00,557] {dagbag.py:500} INFO - Filling up the DagBag from /opt/airflow/dags/data_ingestion_gcs_dag.py
[2022-07-25 05:21:01,160] {processor.py:654} INFO - DAG(s) dict_keys(['data_ingestion_gcs_dag']) retrieved from /opt/airflow/dags/data_ingestion_gcs_dag.py
[2022-07-25 05:21:01,166] {logging_mixin.py:109} INFO - [2022-07-25 05:21:01,166] {dag.py:2396} INFO - Sync 1 DAGs
[2022-07-25 05:21:01,177] {logging_mixin.py:109} INFO - [2022-07-25 05:21:01,177] {dag.py:2935} INFO - Setting next_dagrun for data_ingestion_gcs_dag to 2022-07-25T00:00:00+00:00
[2022-07-25 05:21:01,183] {processor.py:171} INFO - Processing /opt/airflow/dags/data_ingestion_gcs_dag.py took 0.628 seconds
[2022-07-25 05:21:31,260] {processor.py:163} INFO - Started process (PID=944) to work on /opt/airflow/dags/data_ingestion_gcs_dag.py
[2022-07-25 05:21:31,261] {processor.py:642} INFO - Processing file /opt/airflow/dags/data_ingestion_gcs_dag.py for tasks to queue
[2022-07-25 05:21:31,261] {logging_mixin.py:109} INFO - [2022-07-25 05:21:31,261] {dagbag.py:500} INFO - Filling up the DagBag from /opt/airflow/dags/data_ingestion_gcs_dag.py
[2022-07-25 05:21:31,850] {processor.py:654} INFO - DAG(s) dict_keys(['data_ingestion_gcs_dag']) retrieved from /opt/airflow/dags/data_ingestion_gcs_dag.py
[2022-07-25 05:21:31,856] {logging_mixin.py:109} INFO - [2022-07-25 05:21:31,856] {dag.py:2396} INFO - Sync 1 DAGs
[2022-07-25 05:21:31,867] {logging_mixin.py:109} INFO - [2022-07-25 05:21:31,867] {dag.py:2935} INFO - Setting next_dagrun for data_ingestion_gcs_dag to 2022-07-25T00:00:00+00:00
[2022-07-25 05:21:31,872] {processor.py:171} INFO - Processing /opt/airflow/dags/data_ingestion_gcs_dag.py took 0.615 seconds
[2022-07-25 05:22:01,924] {processor.py:163} INFO - Started process (PID=979) to work on /opt/airflow/dags/data_ingestion_gcs_dag.py
[2022-07-25 05:22:01,925] {processor.py:642} INFO - Processing file /opt/airflow/dags/data_ingestion_gcs_dag.py for tasks to queue
[2022-07-25 05:22:01,925] {logging_mixin.py:109} INFO - [2022-07-25 05:22:01,925] {dagbag.py:500} INFO - Filling up the DagBag from /opt/airflow/dags/data_ingestion_gcs_dag.py
[2022-07-25 05:22:02,489] {processor.py:654} INFO - DAG(s) dict_keys(['data_ingestion_gcs_dag']) retrieved from /opt/airflow/dags/data_ingestion_gcs_dag.py
[2022-07-25 05:22:02,495] {logging_mixin.py:109} INFO - [2022-07-25 05:22:02,494] {dag.py:2396} INFO - Sync 1 DAGs
[2022-07-25 05:22:02,506] {logging_mixin.py:109} INFO - [2022-07-25 05:22:02,505] {dag.py:2935} INFO - Setting next_dagrun for data_ingestion_gcs_dag to 2022-07-25T00:00:00+00:00
[2022-07-25 05:22:02,511] {processor.py:171} INFO - Processing /opt/airflow/dags/data_ingestion_gcs_dag.py took 0.589 seconds
[2022-07-25 05:22:32,589] {processor.py:163} INFO - Started process (PID=1023) to work on /opt/airflow/dags/data_ingestion_gcs_dag.py
[2022-07-25 05:22:32,590] {processor.py:642} INFO - Processing file /opt/airflow/dags/data_ingestion_gcs_dag.py for tasks to queue
[2022-07-25 05:22:32,591] {logging_mixin.py:109} INFO - [2022-07-25 05:22:32,590] {dagbag.py:500} INFO - Filling up the DagBag from /opt/airflow/dags/data_ingestion_gcs_dag.py
[2022-07-25 05:22:33,165] {processor.py:654} INFO - DAG(s) dict_keys(['data_ingestion_gcs_dag']) retrieved from /opt/airflow/dags/data_ingestion_gcs_dag.py
[2022-07-25 05:22:33,172] {logging_mixin.py:109} INFO - [2022-07-25 05:22:33,172] {dag.py:2396} INFO - Sync 1 DAGs
[2022-07-25 05:22:33,182] {logging_mixin.py:109} INFO - [2022-07-25 05:22:33,182] {dag.py:2935} INFO - Setting next_dagrun for data_ingestion_gcs_dag to 2022-07-25T00:00:00+00:00
[2022-07-25 05:22:33,187] {processor.py:171} INFO - Processing /opt/airflow/dags/data_ingestion_gcs_dag.py took 0.600 seconds
[2022-07-25 05:23:03,240] {processor.py:163} INFO - Started process (PID=1066) to work on /opt/airflow/dags/data_ingestion_gcs_dag.py
[2022-07-25 05:23:03,241] {processor.py:642} INFO - Processing file /opt/airflow/dags/data_ingestion_gcs_dag.py for tasks to queue
[2022-07-25 05:23:03,241] {logging_mixin.py:109} INFO - [2022-07-25 05:23:03,241] {dagbag.py:500} INFO - Filling up the DagBag from /opt/airflow/dags/data_ingestion_gcs_dag.py
[2022-07-25 05:23:03,890] {processor.py:654} INFO - DAG(s) dict_keys(['data_ingestion_gcs_dag']) retrieved from /opt/airflow/dags/data_ingestion_gcs_dag.py
[2022-07-25 05:23:03,896] {logging_mixin.py:109} INFO - [2022-07-25 05:23:03,896] {dag.py:2396} INFO - Sync 1 DAGs
[2022-07-25 05:23:03,907] {logging_mixin.py:109} INFO - [2022-07-25 05:23:03,907] {dag.py:2935} INFO - Setting next_dagrun for data_ingestion_gcs_dag to 2022-07-25T00:00:00+00:00
[2022-07-25 05:23:03,912] {processor.py:171} INFO - Processing /opt/airflow/dags/data_ingestion_gcs_dag.py took 0.674 seconds
[2022-07-25 05:23:34,018] {processor.py:163} INFO - Started process (PID=1101) to work on /opt/airflow/dags/data_ingestion_gcs_dag.py
[2022-07-25 05:23:34,019] {processor.py:642} INFO - Processing file /opt/airflow/dags/data_ingestion_gcs_dag.py for tasks to queue
[2022-07-25 05:23:34,019] {logging_mixin.py:109} INFO - [2022-07-25 05:23:34,019] {dagbag.py:500} INFO - Filling up the DagBag from /opt/airflow/dags/data_ingestion_gcs_dag.py
[2022-07-25 05:23:34,575] {processor.py:654} INFO - DAG(s) dict_keys(['data_ingestion_gcs_dag']) retrieved from /opt/airflow/dags/data_ingestion_gcs_dag.py
[2022-07-25 05:23:34,582] {logging_mixin.py:109} INFO - [2022-07-25 05:23:34,581] {dag.py:2396} INFO - Sync 1 DAGs
[2022-07-25 05:23:34,593] {logging_mixin.py:109} INFO - [2022-07-25 05:23:34,593] {dag.py:2935} INFO - Setting next_dagrun for data_ingestion_gcs_dag to 2022-07-25T00:00:00+00:00
[2022-07-25 05:23:34,598] {processor.py:171} INFO - Processing /opt/airflow/dags/data_ingestion_gcs_dag.py took 0.582 seconds
[2022-07-25 05:24:04,649] {processor.py:163} INFO - Started process (PID=1145) to work on /opt/airflow/dags/data_ingestion_gcs_dag.py
[2022-07-25 05:24:04,650] {processor.py:642} INFO - Processing file /opt/airflow/dags/data_ingestion_gcs_dag.py for tasks to queue
[2022-07-25 05:24:04,650] {logging_mixin.py:109} INFO - [2022-07-25 05:24:04,650] {dagbag.py:500} INFO - Filling up the DagBag from /opt/airflow/dags/data_ingestion_gcs_dag.py
[2022-07-25 05:24:05,246] {processor.py:654} INFO - DAG(s) dict_keys(['data_ingestion_gcs_dag']) retrieved from /opt/airflow/dags/data_ingestion_gcs_dag.py
[2022-07-25 05:24:05,252] {logging_mixin.py:109} INFO - [2022-07-25 05:24:05,252] {dag.py:2396} INFO - Sync 1 DAGs
[2022-07-25 05:24:05,264] {logging_mixin.py:109} INFO - [2022-07-25 05:24:05,264] {dag.py:2935} INFO - Setting next_dagrun for data_ingestion_gcs_dag to 2022-07-25T00:00:00+00:00
[2022-07-25 05:24:05,269] {processor.py:171} INFO - Processing /opt/airflow/dags/data_ingestion_gcs_dag.py took 0.621 seconds
[2022-07-25 05:24:35,341] {processor.py:163} INFO - Started process (PID=1180) to work on /opt/airflow/dags/data_ingestion_gcs_dag.py
[2022-07-25 05:24:35,342] {processor.py:642} INFO - Processing file /opt/airflow/dags/data_ingestion_gcs_dag.py for tasks to queue
[2022-07-25 05:24:35,342] {logging_mixin.py:109} INFO - [2022-07-25 05:24:35,342] {dagbag.py:500} INFO - Filling up the DagBag from /opt/airflow/dags/data_ingestion_gcs_dag.py
[2022-07-25 05:24:35,965] {processor.py:654} INFO - DAG(s) dict_keys(['data_ingestion_gcs_dag']) retrieved from /opt/airflow/dags/data_ingestion_gcs_dag.py
[2022-07-25 05:24:35,971] {logging_mixin.py:109} INFO - [2022-07-25 05:24:35,971] {dag.py:2396} INFO - Sync 1 DAGs
[2022-07-25 05:24:35,982] {logging_mixin.py:109} INFO - [2022-07-25 05:24:35,982] {dag.py:2935} INFO - Setting next_dagrun for data_ingestion_gcs_dag to 2022-07-25T00:00:00+00:00
[2022-07-25 05:24:35,987] {processor.py:171} INFO - Processing /opt/airflow/dags/data_ingestion_gcs_dag.py took 0.648 seconds
[2022-07-25 05:25:06,043] {processor.py:163} INFO - Started process (PID=1224) to work on /opt/airflow/dags/data_ingestion_gcs_dag.py
[2022-07-25 05:25:06,043] {processor.py:642} INFO - Processing file /opt/airflow/dags/data_ingestion_gcs_dag.py for tasks to queue
[2022-07-25 05:25:06,044] {logging_mixin.py:109} INFO - [2022-07-25 05:25:06,044] {dagbag.py:500} INFO - Filling up the DagBag from /opt/airflow/dags/data_ingestion_gcs_dag.py
[2022-07-25 05:25:06,667] {processor.py:654} INFO - DAG(s) dict_keys(['data_ingestion_gcs_dag']) retrieved from /opt/airflow/dags/data_ingestion_gcs_dag.py
[2022-07-25 05:25:06,673] {logging_mixin.py:109} INFO - [2022-07-25 05:25:06,673] {dag.py:2396} INFO - Sync 1 DAGs
[2022-07-25 05:25:06,685] {logging_mixin.py:109} INFO - [2022-07-25 05:25:06,684] {dag.py:2935} INFO - Setting next_dagrun for data_ingestion_gcs_dag to 2022-07-25T00:00:00+00:00
[2022-07-25 05:25:06,691] {processor.py:171} INFO - Processing /opt/airflow/dags/data_ingestion_gcs_dag.py took 0.650 seconds
[2022-07-25 05:25:36,777] {processor.py:163} INFO - Started process (PID=1268) to work on /opt/airflow/dags/data_ingestion_gcs_dag.py
[2022-07-25 05:25:36,778] {processor.py:642} INFO - Processing file /opt/airflow/dags/data_ingestion_gcs_dag.py for tasks to queue
[2022-07-25 05:25:36,779] {logging_mixin.py:109} INFO - [2022-07-25 05:25:36,779] {dagbag.py:500} INFO - Filling up the DagBag from /opt/airflow/dags/data_ingestion_gcs_dag.py
[2022-07-25 05:25:37,342] {processor.py:654} INFO - DAG(s) dict_keys(['data_ingestion_gcs_dag']) retrieved from /opt/airflow/dags/data_ingestion_gcs_dag.py
[2022-07-25 05:25:37,348] {logging_mixin.py:109} INFO - [2022-07-25 05:25:37,348] {dag.py:2396} INFO - Sync 1 DAGs
[2022-07-25 05:25:37,360] {logging_mixin.py:109} INFO - [2022-07-25 05:25:37,360] {dag.py:2935} INFO - Setting next_dagrun for data_ingestion_gcs_dag to 2022-07-25T00:00:00+00:00
[2022-07-25 05:25:37,365] {processor.py:171} INFO - Processing /opt/airflow/dags/data_ingestion_gcs_dag.py took 0.590 seconds
[2022-07-25 05:26:07,438] {processor.py:163} INFO - Started process (PID=1303) to work on /opt/airflow/dags/data_ingestion_gcs_dag.py
[2022-07-25 05:26:07,439] {processor.py:642} INFO - Processing file /opt/airflow/dags/data_ingestion_gcs_dag.py for tasks to queue
[2022-07-25 05:26:07,439] {logging_mixin.py:109} INFO - [2022-07-25 05:26:07,439] {dagbag.py:500} INFO - Filling up the DagBag from /opt/airflow/dags/data_ingestion_gcs_dag.py
[2022-07-25 05:26:08,042] {processor.py:654} INFO - DAG(s) dict_keys(['data_ingestion_gcs_dag']) retrieved from /opt/airflow/dags/data_ingestion_gcs_dag.py
[2022-07-25 05:26:08,048] {logging_mixin.py:109} INFO - [2022-07-25 05:26:08,048] {dag.py:2396} INFO - Sync 1 DAGs
[2022-07-25 05:26:08,060] {logging_mixin.py:109} INFO - [2022-07-25 05:26:08,059] {dag.py:2935} INFO - Setting next_dagrun for data_ingestion_gcs_dag to 2022-07-25T00:00:00+00:00
[2022-07-25 05:26:08,065] {processor.py:171} INFO - Processing /opt/airflow/dags/data_ingestion_gcs_dag.py took 0.629 seconds
[2022-07-25 05:26:38,136] {processor.py:163} INFO - Started process (PID=1347) to work on /opt/airflow/dags/data_ingestion_gcs_dag.py
[2022-07-25 05:26:38,137] {processor.py:642} INFO - Processing file /opt/airflow/dags/data_ingestion_gcs_dag.py for tasks to queue
[2022-07-25 05:26:38,137] {logging_mixin.py:109} INFO - [2022-07-25 05:26:38,137] {dagbag.py:500} INFO - Filling up the DagBag from /opt/airflow/dags/data_ingestion_gcs_dag.py
[2022-07-25 05:26:38,738] {processor.py:654} INFO - DAG(s) dict_keys(['data_ingestion_gcs_dag']) retrieved from /opt/airflow/dags/data_ingestion_gcs_dag.py
[2022-07-25 05:26:38,744] {logging_mixin.py:109} INFO - [2022-07-25 05:26:38,744] {dag.py:2396} INFO - Sync 1 DAGs
[2022-07-25 05:26:38,755] {logging_mixin.py:109} INFO - [2022-07-25 05:26:38,755] {dag.py:2935} INFO - Setting next_dagrun for data_ingestion_gcs_dag to 2022-07-25T00:00:00+00:00
[2022-07-25 05:26:38,760] {processor.py:171} INFO - Processing /opt/airflow/dags/data_ingestion_gcs_dag.py took 0.626 seconds
[2022-07-25 05:27:08,811] {processor.py:163} INFO - Started process (PID=1389) to work on /opt/airflow/dags/data_ingestion_gcs_dag.py
[2022-07-25 05:27:08,811] {processor.py:642} INFO - Processing file /opt/airflow/dags/data_ingestion_gcs_dag.py for tasks to queue
[2022-07-25 05:27:08,812] {logging_mixin.py:109} INFO - [2022-07-25 05:27:08,812] {dagbag.py:500} INFO - Filling up the DagBag from /opt/airflow/dags/data_ingestion_gcs_dag.py
[2022-07-25 05:27:09,433] {processor.py:654} INFO - DAG(s) dict_keys(['data_ingestion_gcs_dag']) retrieved from /opt/airflow/dags/data_ingestion_gcs_dag.py
[2022-07-25 05:27:09,440] {logging_mixin.py:109} INFO - [2022-07-25 05:27:09,439] {dag.py:2396} INFO - Sync 1 DAGs
[2022-07-25 05:27:09,451] {logging_mixin.py:109} INFO - [2022-07-25 05:27:09,451] {dag.py:2935} INFO - Setting next_dagrun for data_ingestion_gcs_dag to 2022-07-25T00:00:00+00:00
[2022-07-25 05:27:09,457] {processor.py:171} INFO - Processing /opt/airflow/dags/data_ingestion_gcs_dag.py took 0.648 seconds
[2022-07-25 05:27:39,534] {processor.py:163} INFO - Started process (PID=1426) to work on /opt/airflow/dags/data_ingestion_gcs_dag.py
[2022-07-25 05:27:39,535] {processor.py:642} INFO - Processing file /opt/airflow/dags/data_ingestion_gcs_dag.py for tasks to queue
[2022-07-25 05:27:39,535] {logging_mixin.py:109} INFO - [2022-07-25 05:27:39,535] {dagbag.py:500} INFO - Filling up the DagBag from /opt/airflow/dags/data_ingestion_gcs_dag.py
[2022-07-25 05:27:40,138] {processor.py:654} INFO - DAG(s) dict_keys(['data_ingestion_gcs_dag']) retrieved from /opt/airflow/dags/data_ingestion_gcs_dag.py
[2022-07-25 05:27:40,144] {logging_mixin.py:109} INFO - [2022-07-25 05:27:40,144] {dag.py:2396} INFO - Sync 1 DAGs
[2022-07-25 05:27:40,155] {logging_mixin.py:109} INFO - [2022-07-25 05:27:40,155] {dag.py:2935} INFO - Setting next_dagrun for data_ingestion_gcs_dag to 2022-07-25T00:00:00+00:00
[2022-07-25 05:27:40,160] {processor.py:171} INFO - Processing /opt/airflow/dags/data_ingestion_gcs_dag.py took 0.628 seconds
[2022-07-25 05:28:10,215] {processor.py:163} INFO - Started process (PID=1470) to work on /opt/airflow/dags/data_ingestion_gcs_dag.py
[2022-07-25 05:28:10,216] {processor.py:642} INFO - Processing file /opt/airflow/dags/data_ingestion_gcs_dag.py for tasks to queue
[2022-07-25 05:28:10,216] {logging_mixin.py:109} INFO - [2022-07-25 05:28:10,216] {dagbag.py:500} INFO - Filling up the DagBag from /opt/airflow/dags/data_ingestion_gcs_dag.py
[2022-07-25 05:28:10,809] {processor.py:654} INFO - DAG(s) dict_keys(['data_ingestion_gcs_dag']) retrieved from /opt/airflow/dags/data_ingestion_gcs_dag.py
[2022-07-25 05:28:10,817] {logging_mixin.py:109} INFO - [2022-07-25 05:28:10,816] {dag.py:2396} INFO - Sync 1 DAGs
[2022-07-25 05:28:10,829] {logging_mixin.py:109} INFO - [2022-07-25 05:28:10,829] {dag.py:2935} INFO - Setting next_dagrun for data_ingestion_gcs_dag to 2022-07-25T00:00:00+00:00
[2022-07-25 05:28:10,834] {processor.py:171} INFO - Processing /opt/airflow/dags/data_ingestion_gcs_dag.py took 0.621 seconds
[2022-07-25 05:28:40,909] {processor.py:163} INFO - Started process (PID=1505) to work on /opt/airflow/dags/data_ingestion_gcs_dag.py
[2022-07-25 05:28:40,909] {processor.py:642} INFO - Processing file /opt/airflow/dags/data_ingestion_gcs_dag.py for tasks to queue
[2022-07-25 05:28:40,910] {logging_mixin.py:109} INFO - [2022-07-25 05:28:40,910] {dagbag.py:500} INFO - Filling up the DagBag from /opt/airflow/dags/data_ingestion_gcs_dag.py
[2022-07-25 05:28:41,480] {processor.py:654} INFO - DAG(s) dict_keys(['data_ingestion_gcs_dag']) retrieved from /opt/airflow/dags/data_ingestion_gcs_dag.py
[2022-07-25 05:28:41,486] {logging_mixin.py:109} INFO - [2022-07-25 05:28:41,485] {dag.py:2396} INFO - Sync 1 DAGs
[2022-07-25 05:28:41,497] {logging_mixin.py:109} INFO - [2022-07-25 05:28:41,497] {dag.py:2935} INFO - Setting next_dagrun for data_ingestion_gcs_dag to 2022-07-25T00:00:00+00:00
[2022-07-25 05:28:41,502] {processor.py:171} INFO - Processing /opt/airflow/dags/data_ingestion_gcs_dag.py took 0.596 seconds
[2022-07-25 05:29:11,555] {processor.py:163} INFO - Started process (PID=1549) to work on /opt/airflow/dags/data_ingestion_gcs_dag.py
[2022-07-25 05:29:11,556] {processor.py:642} INFO - Processing file /opt/airflow/dags/data_ingestion_gcs_dag.py for tasks to queue
[2022-07-25 05:29:11,556] {logging_mixin.py:109} INFO - [2022-07-25 05:29:11,556] {dagbag.py:500} INFO - Filling up the DagBag from /opt/airflow/dags/data_ingestion_gcs_dag.py
[2022-07-25 05:29:12,149] {processor.py:654} INFO - DAG(s) dict_keys(['data_ingestion_gcs_dag']) retrieved from /opt/airflow/dags/data_ingestion_gcs_dag.py
[2022-07-25 05:29:12,155] {logging_mixin.py:109} INFO - [2022-07-25 05:29:12,155] {dag.py:2396} INFO - Sync 1 DAGs
[2022-07-25 05:29:12,168] {logging_mixin.py:109} INFO - [2022-07-25 05:29:12,168] {dag.py:2935} INFO - Setting next_dagrun for data_ingestion_gcs_dag to 2022-07-25T00:00:00+00:00
[2022-07-25 05:29:12,174] {processor.py:171} INFO - Processing /opt/airflow/dags/data_ingestion_gcs_dag.py took 0.621 seconds
[2022-07-25 05:29:42,248] {processor.py:163} INFO - Started process (PID=1593) to work on /opt/airflow/dags/data_ingestion_gcs_dag.py
[2022-07-25 05:29:42,249] {processor.py:642} INFO - Processing file /opt/airflow/dags/data_ingestion_gcs_dag.py for tasks to queue
[2022-07-25 05:29:42,249] {logging_mixin.py:109} INFO - [2022-07-25 05:29:42,249] {dagbag.py:500} INFO - Filling up the DagBag from /opt/airflow/dags/data_ingestion_gcs_dag.py
[2022-07-25 05:29:42,860] {processor.py:654} INFO - DAG(s) dict_keys(['data_ingestion_gcs_dag']) retrieved from /opt/airflow/dags/data_ingestion_gcs_dag.py
[2022-07-25 05:29:42,868] {logging_mixin.py:109} INFO - [2022-07-25 05:29:42,868] {dag.py:2396} INFO - Sync 1 DAGs
[2022-07-25 05:29:42,879] {logging_mixin.py:109} INFO - [2022-07-25 05:29:42,879] {dag.py:2935} INFO - Setting next_dagrun for data_ingestion_gcs_dag to 2022-07-25T00:00:00+00:00
[2022-07-25 05:29:42,884] {processor.py:171} INFO - Processing /opt/airflow/dags/data_ingestion_gcs_dag.py took 0.638 seconds
[2022-07-25 05:30:12,936] {processor.py:163} INFO - Started process (PID=1628) to work on /opt/airflow/dags/data_ingestion_gcs_dag.py
[2022-07-25 05:30:12,936] {processor.py:642} INFO - Processing file /opt/airflow/dags/data_ingestion_gcs_dag.py for tasks to queue
[2022-07-25 05:30:12,937] {logging_mixin.py:109} INFO - [2022-07-25 05:30:12,937] {dagbag.py:500} INFO - Filling up the DagBag from /opt/airflow/dags/data_ingestion_gcs_dag.py
[2022-07-25 05:30:13,542] {processor.py:654} INFO - DAG(s) dict_keys(['data_ingestion_gcs_dag']) retrieved from /opt/airflow/dags/data_ingestion_gcs_dag.py
[2022-07-25 05:30:13,549] {logging_mixin.py:109} INFO - [2022-07-25 05:30:13,548] {dag.py:2396} INFO - Sync 1 DAGs
[2022-07-25 05:30:13,560] {logging_mixin.py:109} INFO - [2022-07-25 05:30:13,560] {dag.py:2935} INFO - Setting next_dagrun for data_ingestion_gcs_dag to 2022-07-25T00:00:00+00:00
[2022-07-25 05:30:13,565] {processor.py:171} INFO - Processing /opt/airflow/dags/data_ingestion_gcs_dag.py took 0.631 seconds
[2022-07-25 05:30:43,639] {processor.py:163} INFO - Started process (PID=1672) to work on /opt/airflow/dags/data_ingestion_gcs_dag.py
[2022-07-25 05:30:43,640] {processor.py:642} INFO - Processing file /opt/airflow/dags/data_ingestion_gcs_dag.py for tasks to queue
[2022-07-25 05:30:43,640] {logging_mixin.py:109} INFO - [2022-07-25 05:30:43,640] {dagbag.py:500} INFO - Filling up the DagBag from /opt/airflow/dags/data_ingestion_gcs_dag.py
[2022-07-25 05:30:44,280] {processor.py:654} INFO - DAG(s) dict_keys(['data_ingestion_gcs_dag']) retrieved from /opt/airflow/dags/data_ingestion_gcs_dag.py
[2022-07-25 05:30:44,287] {logging_mixin.py:109} INFO - [2022-07-25 05:30:44,287] {dag.py:2396} INFO - Sync 1 DAGs
[2022-07-25 05:30:44,298] {logging_mixin.py:109} INFO - [2022-07-25 05:30:44,298] {dag.py:2935} INFO - Setting next_dagrun for data_ingestion_gcs_dag to 2022-07-25T00:00:00+00:00
[2022-07-25 05:30:44,303] {processor.py:171} INFO - Processing /opt/airflow/dags/data_ingestion_gcs_dag.py took 0.666 seconds
[2022-07-25 05:31:14,354] {processor.py:163} INFO - Started process (PID=1707) to work on /opt/airflow/dags/data_ingestion_gcs_dag.py
[2022-07-25 05:31:14,355] {processor.py:642} INFO - Processing file /opt/airflow/dags/data_ingestion_gcs_dag.py for tasks to queue
[2022-07-25 05:31:14,355] {logging_mixin.py:109} INFO - [2022-07-25 05:31:14,355] {dagbag.py:500} INFO - Filling up the DagBag from /opt/airflow/dags/data_ingestion_gcs_dag.py
[2022-07-25 05:31:14,946] {processor.py:654} INFO - DAG(s) dict_keys(['data_ingestion_gcs_dag']) retrieved from /opt/airflow/dags/data_ingestion_gcs_dag.py
[2022-07-25 05:31:14,955] {logging_mixin.py:109} INFO - [2022-07-25 05:31:14,955] {dag.py:2396} INFO - Sync 1 DAGs
[2022-07-25 05:31:14,969] {logging_mixin.py:109} INFO - [2022-07-25 05:31:14,969] {dag.py:2935} INFO - Setting next_dagrun for data_ingestion_gcs_dag to 2022-07-25T00:00:00+00:00
[2022-07-25 05:31:14,974] {processor.py:171} INFO - Processing /opt/airflow/dags/data_ingestion_gcs_dag.py took 0.622 seconds
[2022-07-25 05:31:45,050] {processor.py:163} INFO - Started process (PID=1751) to work on /opt/airflow/dags/data_ingestion_gcs_dag.py
[2022-07-25 05:31:45,051] {processor.py:642} INFO - Processing file /opt/airflow/dags/data_ingestion_gcs_dag.py for tasks to queue
[2022-07-25 05:31:45,051] {logging_mixin.py:109} INFO - [2022-07-25 05:31:45,051] {dagbag.py:500} INFO - Filling up the DagBag from /opt/airflow/dags/data_ingestion_gcs_dag.py
[2022-07-25 05:31:45,656] {processor.py:654} INFO - DAG(s) dict_keys(['data_ingestion_gcs_dag']) retrieved from /opt/airflow/dags/data_ingestion_gcs_dag.py
[2022-07-25 05:31:45,663] {logging_mixin.py:109} INFO - [2022-07-25 05:31:45,662] {dag.py:2396} INFO - Sync 1 DAGs
[2022-07-25 05:31:45,674] {logging_mixin.py:109} INFO - [2022-07-25 05:31:45,674] {dag.py:2935} INFO - Setting next_dagrun for data_ingestion_gcs_dag to 2022-07-25T00:00:00+00:00
[2022-07-25 05:31:45,679] {processor.py:171} INFO - Processing /opt/airflow/dags/data_ingestion_gcs_dag.py took 0.631 seconds
[2022-07-25 05:32:15,733] {processor.py:163} INFO - Started process (PID=1795) to work on /opt/airflow/dags/data_ingestion_gcs_dag.py
[2022-07-25 05:32:15,733] {processor.py:642} INFO - Processing file /opt/airflow/dags/data_ingestion_gcs_dag.py for tasks to queue
[2022-07-25 05:32:15,734] {logging_mixin.py:109} INFO - [2022-07-25 05:32:15,734] {dagbag.py:500} INFO - Filling up the DagBag from /opt/airflow/dags/data_ingestion_gcs_dag.py
[2022-07-25 05:32:16,364] {processor.py:654} INFO - DAG(s) dict_keys(['data_ingestion_gcs_dag']) retrieved from /opt/airflow/dags/data_ingestion_gcs_dag.py
[2022-07-25 05:32:16,370] {logging_mixin.py:109} INFO - [2022-07-25 05:32:16,369] {dag.py:2396} INFO - Sync 1 DAGs
[2022-07-25 05:32:16,380] {logging_mixin.py:109} INFO - [2022-07-25 05:32:16,380] {dag.py:2935} INFO - Setting next_dagrun for data_ingestion_gcs_dag to 2022-07-25T00:00:00+00:00
[2022-07-25 05:32:16,385] {processor.py:171} INFO - Processing /opt/airflow/dags/data_ingestion_gcs_dag.py took 0.655 seconds
[2022-07-25 05:32:46,460] {processor.py:163} INFO - Started process (PID=1830) to work on /opt/airflow/dags/data_ingestion_gcs_dag.py
[2022-07-25 05:32:46,461] {processor.py:642} INFO - Processing file /opt/airflow/dags/data_ingestion_gcs_dag.py for tasks to queue
[2022-07-25 05:32:46,462] {logging_mixin.py:109} INFO - [2022-07-25 05:32:46,461] {dagbag.py:500} INFO - Filling up the DagBag from /opt/airflow/dags/data_ingestion_gcs_dag.py
[2022-07-25 05:32:47,061] {processor.py:654} INFO - DAG(s) dict_keys(['data_ingestion_gcs_dag']) retrieved from /opt/airflow/dags/data_ingestion_gcs_dag.py
[2022-07-25 05:32:47,067] {logging_mixin.py:109} INFO - [2022-07-25 05:32:47,067] {dag.py:2396} INFO - Sync 1 DAGs
[2022-07-25 05:32:47,078] {logging_mixin.py:109} INFO - [2022-07-25 05:32:47,078] {dag.py:2935} INFO - Setting next_dagrun for data_ingestion_gcs_dag to 2022-07-25T00:00:00+00:00
[2022-07-25 05:32:47,083] {processor.py:171} INFO - Processing /opt/airflow/dags/data_ingestion_gcs_dag.py took 0.625 seconds
[2022-07-25 05:33:17,133] {processor.py:163} INFO - Started process (PID=1874) to work on /opt/airflow/dags/data_ingestion_gcs_dag.py
[2022-07-25 05:33:17,134] {processor.py:642} INFO - Processing file /opt/airflow/dags/data_ingestion_gcs_dag.py for tasks to queue
[2022-07-25 05:33:17,134] {logging_mixin.py:109} INFO - [2022-07-25 05:33:17,134] {dagbag.py:500} INFO - Filling up the DagBag from /opt/airflow/dags/data_ingestion_gcs_dag.py
[2022-07-25 05:33:17,741] {processor.py:654} INFO - DAG(s) dict_keys(['data_ingestion_gcs_dag']) retrieved from /opt/airflow/dags/data_ingestion_gcs_dag.py
[2022-07-25 05:33:17,747] {logging_mixin.py:109} INFO - [2022-07-25 05:33:17,747] {dag.py:2396} INFO - Sync 1 DAGs
[2022-07-25 05:33:17,758] {logging_mixin.py:109} INFO - [2022-07-25 05:33:17,758] {dag.py:2935} INFO - Setting next_dagrun for data_ingestion_gcs_dag to 2022-07-25T00:00:00+00:00
[2022-07-25 05:33:17,764] {processor.py:171} INFO - Processing /opt/airflow/dags/data_ingestion_gcs_dag.py took 0.632 seconds
[2022-07-25 05:33:47,838] {processor.py:163} INFO - Started process (PID=1909) to work on /opt/airflow/dags/data_ingestion_gcs_dag.py
[2022-07-25 05:33:47,839] {processor.py:642} INFO - Processing file /opt/airflow/dags/data_ingestion_gcs_dag.py for tasks to queue
[2022-07-25 05:33:47,839] {logging_mixin.py:109} INFO - [2022-07-25 05:33:47,839] {dagbag.py:500} INFO - Filling up the DagBag from /opt/airflow/dags/data_ingestion_gcs_dag.py
[2022-07-25 05:33:48,443] {processor.py:654} INFO - DAG(s) dict_keys(['data_ingestion_gcs_dag']) retrieved from /opt/airflow/dags/data_ingestion_gcs_dag.py
[2022-07-25 05:33:48,452] {logging_mixin.py:109} INFO - [2022-07-25 05:33:48,452] {dag.py:2396} INFO - Sync 1 DAGs
[2022-07-25 05:33:48,466] {logging_mixin.py:109} INFO - [2022-07-25 05:33:48,466] {dag.py:2935} INFO - Setting next_dagrun for data_ingestion_gcs_dag to 2022-07-25T00:00:00+00:00
[2022-07-25 05:33:48,472] {processor.py:171} INFO - Processing /opt/airflow/dags/data_ingestion_gcs_dag.py took 0.635 seconds
[2022-07-25 05:34:18,521] {processor.py:163} INFO - Started process (PID=1953) to work on /opt/airflow/dags/data_ingestion_gcs_dag.py
[2022-07-25 05:34:18,522] {processor.py:642} INFO - Processing file /opt/airflow/dags/data_ingestion_gcs_dag.py for tasks to queue
[2022-07-25 05:34:18,522] {logging_mixin.py:109} INFO - [2022-07-25 05:34:18,522] {dagbag.py:500} INFO - Filling up the DagBag from /opt/airflow/dags/data_ingestion_gcs_dag.py
[2022-07-25 05:34:19,081] {processor.py:654} INFO - DAG(s) dict_keys(['data_ingestion_gcs_dag']) retrieved from /opt/airflow/dags/data_ingestion_gcs_dag.py
[2022-07-25 05:34:19,087] {logging_mixin.py:109} INFO - [2022-07-25 05:34:19,087] {dag.py:2396} INFO - Sync 1 DAGs
[2022-07-25 05:34:19,097] {logging_mixin.py:109} INFO - [2022-07-25 05:34:19,097] {dag.py:2935} INFO - Setting next_dagrun for data_ingestion_gcs_dag to 2022-07-25T00:00:00+00:00
[2022-07-25 05:34:19,102] {processor.py:171} INFO - Processing /opt/airflow/dags/data_ingestion_gcs_dag.py took 0.583 seconds
[2022-07-25 05:34:49,176] {processor.py:163} INFO - Started process (PID=1997) to work on /opt/airflow/dags/data_ingestion_gcs_dag.py
[2022-07-25 05:34:49,177] {processor.py:642} INFO - Processing file /opt/airflow/dags/data_ingestion_gcs_dag.py for tasks to queue
[2022-07-25 05:34:49,177] {logging_mixin.py:109} INFO - [2022-07-25 05:34:49,177] {dagbag.py:500} INFO - Filling up the DagBag from /opt/airflow/dags/data_ingestion_gcs_dag.py
[2022-07-25 05:34:49,752] {processor.py:654} INFO - DAG(s) dict_keys(['data_ingestion_gcs_dag']) retrieved from /opt/airflow/dags/data_ingestion_gcs_dag.py
[2022-07-25 05:34:49,758] {logging_mixin.py:109} INFO - [2022-07-25 05:34:49,758] {dag.py:2396} INFO - Sync 1 DAGs
[2022-07-25 05:34:49,769] {logging_mixin.py:109} INFO - [2022-07-25 05:34:49,769] {dag.py:2935} INFO - Setting next_dagrun for data_ingestion_gcs_dag to 2022-07-25T00:00:00+00:00
[2022-07-25 05:34:49,774] {processor.py:171} INFO - Processing /opt/airflow/dags/data_ingestion_gcs_dag.py took 0.600 seconds
[2022-07-25 05:35:19,825] {processor.py:163} INFO - Started process (PID=2032) to work on /opt/airflow/dags/data_ingestion_gcs_dag.py
[2022-07-25 05:35:19,825] {processor.py:642} INFO - Processing file /opt/airflow/dags/data_ingestion_gcs_dag.py for tasks to queue
[2022-07-25 05:35:19,826] {logging_mixin.py:109} INFO - [2022-07-25 05:35:19,826] {dagbag.py:500} INFO - Filling up the DagBag from /opt/airflow/dags/data_ingestion_gcs_dag.py
[2022-07-25 05:35:20,374] {processor.py:654} INFO - DAG(s) dict_keys(['data_ingestion_gcs_dag']) retrieved from /opt/airflow/dags/data_ingestion_gcs_dag.py
[2022-07-25 05:35:20,380] {logging_mixin.py:109} INFO - [2022-07-25 05:35:20,380] {dag.py:2396} INFO - Sync 1 DAGs
[2022-07-25 05:35:20,390] {logging_mixin.py:109} INFO - [2022-07-25 05:35:20,390] {dag.py:2935} INFO - Setting next_dagrun for data_ingestion_gcs_dag to 2022-07-25T00:00:00+00:00
[2022-07-25 05:35:20,396] {processor.py:171} INFO - Processing /opt/airflow/dags/data_ingestion_gcs_dag.py took 0.573 seconds
[2022-07-25 05:35:50,468] {processor.py:163} INFO - Started process (PID=2076) to work on /opt/airflow/dags/data_ingestion_gcs_dag.py
[2022-07-25 05:35:50,469] {processor.py:642} INFO - Processing file /opt/airflow/dags/data_ingestion_gcs_dag.py for tasks to queue
[2022-07-25 05:35:50,470] {logging_mixin.py:109} INFO - [2022-07-25 05:35:50,470] {dagbag.py:500} INFO - Filling up the DagBag from /opt/airflow/dags/data_ingestion_gcs_dag.py
[2022-07-25 05:35:51,036] {processor.py:654} INFO - DAG(s) dict_keys(['data_ingestion_gcs_dag']) retrieved from /opt/airflow/dags/data_ingestion_gcs_dag.py
[2022-07-25 05:35:51,042] {logging_mixin.py:109} INFO - [2022-07-25 05:35:51,042] {dag.py:2396} INFO - Sync 1 DAGs
[2022-07-25 05:35:51,054] {logging_mixin.py:109} INFO - [2022-07-25 05:35:51,053] {dag.py:2935} INFO - Setting next_dagrun for data_ingestion_gcs_dag to 2022-07-25T00:00:00+00:00
[2022-07-25 05:35:51,059] {processor.py:171} INFO - Processing /opt/airflow/dags/data_ingestion_gcs_dag.py took 0.592 seconds
[2022-07-25 05:36:21,110] {processor.py:163} INFO - Started process (PID=2120) to work on /opt/airflow/dags/data_ingestion_gcs_dag.py
[2022-07-25 05:36:21,110] {processor.py:642} INFO - Processing file /opt/airflow/dags/data_ingestion_gcs_dag.py for tasks to queue
[2022-07-25 05:36:21,111] {logging_mixin.py:109} INFO - [2022-07-25 05:36:21,111] {dagbag.py:500} INFO - Filling up the DagBag from /opt/airflow/dags/data_ingestion_gcs_dag.py
[2022-07-25 05:36:21,725] {processor.py:654} INFO - DAG(s) dict_keys(['data_ingestion_gcs_dag']) retrieved from /opt/airflow/dags/data_ingestion_gcs_dag.py
[2022-07-25 05:36:21,731] {logging_mixin.py:109} INFO - [2022-07-25 05:36:21,731] {dag.py:2396} INFO - Sync 1 DAGs
[2022-07-25 05:36:21,742] {logging_mixin.py:109} INFO - [2022-07-25 05:36:21,742] {dag.py:2935} INFO - Setting next_dagrun for data_ingestion_gcs_dag to 2022-07-25T00:00:00+00:00
[2022-07-25 05:36:21,747] {processor.py:171} INFO - Processing /opt/airflow/dags/data_ingestion_gcs_dag.py took 0.640 seconds
[2022-07-25 05:36:51,824] {processor.py:163} INFO - Started process (PID=2155) to work on /opt/airflow/dags/data_ingestion_gcs_dag.py
[2022-07-25 05:36:51,825] {processor.py:642} INFO - Processing file /opt/airflow/dags/data_ingestion_gcs_dag.py for tasks to queue
[2022-07-25 05:36:51,825] {logging_mixin.py:109} INFO - [2022-07-25 05:36:51,825] {dagbag.py:500} INFO - Filling up the DagBag from /opt/airflow/dags/data_ingestion_gcs_dag.py
[2022-07-25 05:36:52,370] {processor.py:654} INFO - DAG(s) dict_keys(['data_ingestion_gcs_dag']) retrieved from /opt/airflow/dags/data_ingestion_gcs_dag.py
[2022-07-25 05:36:52,376] {logging_mixin.py:109} INFO - [2022-07-25 05:36:52,376] {dag.py:2396} INFO - Sync 1 DAGs
[2022-07-25 05:36:52,387] {logging_mixin.py:109} INFO - [2022-07-25 05:36:52,386] {dag.py:2935} INFO - Setting next_dagrun for data_ingestion_gcs_dag to 2022-07-25T00:00:00+00:00
[2022-07-25 05:36:52,391] {processor.py:171} INFO - Processing /opt/airflow/dags/data_ingestion_gcs_dag.py took 0.569 seconds
[2022-07-25 05:37:22,442] {processor.py:163} INFO - Started process (PID=2199) to work on /opt/airflow/dags/data_ingestion_gcs_dag.py
[2022-07-25 05:37:22,442] {processor.py:642} INFO - Processing file /opt/airflow/dags/data_ingestion_gcs_dag.py for tasks to queue
[2022-07-25 05:37:22,443] {logging_mixin.py:109} INFO - [2022-07-25 05:37:22,443] {dagbag.py:500} INFO - Filling up the DagBag from /opt/airflow/dags/data_ingestion_gcs_dag.py
[2022-07-25 05:37:23,050] {processor.py:654} INFO - DAG(s) dict_keys(['data_ingestion_gcs_dag']) retrieved from /opt/airflow/dags/data_ingestion_gcs_dag.py
[2022-07-25 05:37:23,056] {logging_mixin.py:109} INFO - [2022-07-25 05:37:23,056] {dag.py:2396} INFO - Sync 1 DAGs
[2022-07-25 05:37:23,068] {logging_mixin.py:109} INFO - [2022-07-25 05:37:23,068] {dag.py:2935} INFO - Setting next_dagrun for data_ingestion_gcs_dag to 2022-07-25T00:00:00+00:00
[2022-07-25 05:37:23,073] {processor.py:171} INFO - Processing /opt/airflow/dags/data_ingestion_gcs_dag.py took 0.633 seconds
[2022-07-25 05:37:53,146] {processor.py:163} INFO - Started process (PID=2234) to work on /opt/airflow/dags/data_ingestion_gcs_dag.py
[2022-07-25 05:37:53,147] {processor.py:642} INFO - Processing file /opt/airflow/dags/data_ingestion_gcs_dag.py for tasks to queue
[2022-07-25 05:37:53,147] {logging_mixin.py:109} INFO - [2022-07-25 05:37:53,147] {dagbag.py:500} INFO - Filling up the DagBag from /opt/airflow/dags/data_ingestion_gcs_dag.py
[2022-07-25 05:37:53,738] {processor.py:654} INFO - DAG(s) dict_keys(['data_ingestion_gcs_dag']) retrieved from /opt/airflow/dags/data_ingestion_gcs_dag.py
[2022-07-25 05:37:53,744] {logging_mixin.py:109} INFO - [2022-07-25 05:37:53,744] {dag.py:2396} INFO - Sync 1 DAGs
[2022-07-25 05:37:53,754] {logging_mixin.py:109} INFO - [2022-07-25 05:37:53,754] {dag.py:2935} INFO - Setting next_dagrun for data_ingestion_gcs_dag to 2022-07-25T00:00:00+00:00
[2022-07-25 05:37:53,759] {processor.py:171} INFO - Processing /opt/airflow/dags/data_ingestion_gcs_dag.py took 0.615 seconds
[2022-07-25 05:38:23,808] {processor.py:163} INFO - Started process (PID=2278) to work on /opt/airflow/dags/data_ingestion_gcs_dag.py
[2022-07-25 05:38:23,809] {processor.py:642} INFO - Processing file /opt/airflow/dags/data_ingestion_gcs_dag.py for tasks to queue
[2022-07-25 05:38:23,809] {logging_mixin.py:109} INFO - [2022-07-25 05:38:23,809] {dagbag.py:500} INFO - Filling up the DagBag from /opt/airflow/dags/data_ingestion_gcs_dag.py
[2022-07-25 05:38:24,391] {processor.py:654} INFO - DAG(s) dict_keys(['data_ingestion_gcs_dag']) retrieved from /opt/airflow/dags/data_ingestion_gcs_dag.py
[2022-07-25 05:38:24,398] {logging_mixin.py:109} INFO - [2022-07-25 05:38:24,398] {dag.py:2396} INFO - Sync 1 DAGs
[2022-07-25 05:38:24,409] {logging_mixin.py:109} INFO - [2022-07-25 05:38:24,409] {dag.py:2935} INFO - Setting next_dagrun for data_ingestion_gcs_dag to 2022-07-25T00:00:00+00:00
[2022-07-25 05:38:24,415] {processor.py:171} INFO - Processing /opt/airflow/dags/data_ingestion_gcs_dag.py took 0.609 seconds
[2022-07-25 05:38:54,491] {processor.py:163} INFO - Started process (PID=2322) to work on /opt/airflow/dags/data_ingestion_gcs_dag.py
[2022-07-25 05:38:54,492] {processor.py:642} INFO - Processing file /opt/airflow/dags/data_ingestion_gcs_dag.py for tasks to queue
[2022-07-25 05:38:54,492] {logging_mixin.py:109} INFO - [2022-07-25 05:38:54,492] {dagbag.py:500} INFO - Filling up the DagBag from /opt/airflow/dags/data_ingestion_gcs_dag.py
[2022-07-25 05:38:55,101] {processor.py:654} INFO - DAG(s) dict_keys(['data_ingestion_gcs_dag']) retrieved from /opt/airflow/dags/data_ingestion_gcs_dag.py
[2022-07-25 05:38:55,108] {logging_mixin.py:109} INFO - [2022-07-25 05:38:55,108] {dag.py:2396} INFO - Sync 1 DAGs
[2022-07-25 05:38:55,120] {logging_mixin.py:109} INFO - [2022-07-25 05:38:55,120] {dag.py:2935} INFO - Setting next_dagrun for data_ingestion_gcs_dag to 2022-07-25T00:00:00+00:00
[2022-07-25 05:38:55,128] {processor.py:171} INFO - Processing /opt/airflow/dags/data_ingestion_gcs_dag.py took 0.638 seconds
[2022-07-25 05:39:25,177] {processor.py:163} INFO - Started process (PID=2357) to work on /opt/airflow/dags/data_ingestion_gcs_dag.py
[2022-07-25 05:39:25,178] {processor.py:642} INFO - Processing file /opt/airflow/dags/data_ingestion_gcs_dag.py for tasks to queue
[2022-07-25 05:39:25,178] {logging_mixin.py:109} INFO - [2022-07-25 05:39:25,178] {dagbag.py:500} INFO - Filling up the DagBag from /opt/airflow/dags/data_ingestion_gcs_dag.py
[2022-07-25 05:39:25,803] {processor.py:654} INFO - DAG(s) dict_keys(['data_ingestion_gcs_dag']) retrieved from /opt/airflow/dags/data_ingestion_gcs_dag.py
[2022-07-25 05:39:25,809] {logging_mixin.py:109} INFO - [2022-07-25 05:39:25,809] {dag.py:2396} INFO - Sync 1 DAGs
[2022-07-25 05:39:25,820] {logging_mixin.py:109} INFO - [2022-07-25 05:39:25,820] {dag.py:2935} INFO - Setting next_dagrun for data_ingestion_gcs_dag to 2022-07-25T00:00:00+00:00
[2022-07-25 05:39:25,825] {processor.py:171} INFO - Processing /opt/airflow/dags/data_ingestion_gcs_dag.py took 0.650 seconds
[2022-07-25 05:39:55,899] {processor.py:163} INFO - Started process (PID=2401) to work on /opt/airflow/dags/data_ingestion_gcs_dag.py
[2022-07-25 05:39:55,899] {processor.py:642} INFO - Processing file /opt/airflow/dags/data_ingestion_gcs_dag.py for tasks to queue
[2022-07-25 05:39:55,900] {logging_mixin.py:109} INFO - [2022-07-25 05:39:55,900] {dagbag.py:500} INFO - Filling up the DagBag from /opt/airflow/dags/data_ingestion_gcs_dag.py
[2022-07-25 05:39:56,467] {processor.py:654} INFO - DAG(s) dict_keys(['data_ingestion_gcs_dag']) retrieved from /opt/airflow/dags/data_ingestion_gcs_dag.py
[2022-07-25 05:39:56,473] {logging_mixin.py:109} INFO - [2022-07-25 05:39:56,473] {dag.py:2396} INFO - Sync 1 DAGs
[2022-07-25 05:39:56,484] {logging_mixin.py:109} INFO - [2022-07-25 05:39:56,484] {dag.py:2935} INFO - Setting next_dagrun for data_ingestion_gcs_dag to 2022-07-25T00:00:00+00:00
[2022-07-25 05:39:56,489] {processor.py:171} INFO - Processing /opt/airflow/dags/data_ingestion_gcs_dag.py took 0.592 seconds
[2022-07-25 05:40:26,546] {processor.py:163} INFO - Started process (PID=2436) to work on /opt/airflow/dags/data_ingestion_gcs_dag.py
[2022-07-25 05:40:26,547] {processor.py:642} INFO - Processing file /opt/airflow/dags/data_ingestion_gcs_dag.py for tasks to queue
[2022-07-25 05:40:26,547] {logging_mixin.py:109} INFO - [2022-07-25 05:40:26,547] {dagbag.py:500} INFO - Filling up the DagBag from /opt/airflow/dags/data_ingestion_gcs_dag.py
[2022-07-25 05:40:27,159] {processor.py:654} INFO - DAG(s) dict_keys(['data_ingestion_gcs_dag']) retrieved from /opt/airflow/dags/data_ingestion_gcs_dag.py
[2022-07-25 05:40:27,167] {logging_mixin.py:109} INFO - [2022-07-25 05:40:27,167] {dag.py:2396} INFO - Sync 1 DAGs
[2022-07-25 05:40:27,184] {logging_mixin.py:109} INFO - [2022-07-25 05:40:27,184] {dag.py:2935} INFO - Setting next_dagrun for data_ingestion_gcs_dag to 2022-07-25T00:00:00+00:00
[2022-07-25 05:40:27,191] {processor.py:171} INFO - Processing /opt/airflow/dags/data_ingestion_gcs_dag.py took 0.647 seconds
[2022-07-25 05:40:57,270] {processor.py:163} INFO - Started process (PID=2480) to work on /opt/airflow/dags/data_ingestion_gcs_dag.py
[2022-07-25 05:40:57,271] {processor.py:642} INFO - Processing file /opt/airflow/dags/data_ingestion_gcs_dag.py for tasks to queue
[2022-07-25 05:40:57,271] {logging_mixin.py:109} INFO - [2022-07-25 05:40:57,271] {dagbag.py:500} INFO - Filling up the DagBag from /opt/airflow/dags/data_ingestion_gcs_dag.py
[2022-07-25 05:40:57,871] {processor.py:654} INFO - DAG(s) dict_keys(['data_ingestion_gcs_dag']) retrieved from /opt/airflow/dags/data_ingestion_gcs_dag.py
[2022-07-25 05:40:57,877] {logging_mixin.py:109} INFO - [2022-07-25 05:40:57,877] {dag.py:2396} INFO - Sync 1 DAGs
[2022-07-25 05:40:57,889] {logging_mixin.py:109} INFO - [2022-07-25 05:40:57,889] {dag.py:2935} INFO - Setting next_dagrun for data_ingestion_gcs_dag to 2022-07-25T00:00:00+00:00
[2022-07-25 05:40:57,894] {processor.py:171} INFO - Processing /opt/airflow/dags/data_ingestion_gcs_dag.py took 0.626 seconds
