[2022-08-08 20:49:56,739] {taskinstance.py:1032} INFO - Dependencies all met for <TaskInstance: data_ingestion_gcs_dag.download_dataset_task scheduled__2022-07-01T00:00:00+00:00 [queued]>
[2022-08-08 20:49:56,752] {taskinstance.py:1032} INFO - Dependencies all met for <TaskInstance: data_ingestion_gcs_dag.download_dataset_task scheduled__2022-07-01T00:00:00+00:00 [queued]>
[2022-08-08 20:49:56,752] {taskinstance.py:1238} INFO - 
--------------------------------------------------------------------------------
[2022-08-08 20:49:56,752] {taskinstance.py:1239} INFO - Starting attempt 1 of 2
[2022-08-08 20:49:56,752] {taskinstance.py:1240} INFO - 
--------------------------------------------------------------------------------
[2022-08-08 20:49:56,773] {taskinstance.py:1259} INFO - Executing <Task(BashOperator): download_dataset_task> on 2022-07-01 00:00:00+00:00
[2022-08-08 20:49:56,788] {standard_task_runner.py:52} INFO - Started process 127 to run task
[2022-08-08 20:49:56,791] {standard_task_runner.py:76} INFO - Running: ['***', 'tasks', 'run', 'data_ingestion_gcs_dag', 'download_dataset_task', 'scheduled__2022-07-01T00:00:00+00:00', '--job-id', '3', '--raw', '--subdir', 'DAGS_FOLDER/data_ingestion_dag_for_hire.py', '--cfg-path', '/tmp/tmpg3ljiccg', '--error-file', '/tmp/tmpzkjeczia']
[2022-08-08 20:49:56,795] {standard_task_runner.py:77} INFO - Job 3: Subtask download_dataset_task
[2022-08-08 20:49:56,884] {logging_mixin.py:109} INFO - Running <TaskInstance: data_ingestion_gcs_dag.download_dataset_task scheduled__2022-07-01T00:00:00+00:00 [running]> on host 339bff79e7b1
[2022-08-08 20:49:56,963] {taskinstance.py:1426} INFO - Exporting the following env vars:
AIRFLOW_CTX_DAG_OWNER=***
AIRFLOW_CTX_DAG_ID=data_ingestion_gcs_dag
AIRFLOW_CTX_TASK_ID=download_dataset_task
AIRFLOW_CTX_EXECUTION_DATE=2022-07-01T00:00:00+00:00
AIRFLOW_CTX_DAG_RUN_ID=scheduled__2022-07-01T00:00:00+00:00
[2022-08-08 20:49:56,964] {subprocess.py:62} INFO - Tmp dir root location: 
 /tmp
[2022-08-08 20:49:56,965] {subprocess.py:74} INFO - Running command: ['bash', '-c', 'curl -sSL https://d37ci6vzurychx.cloudfront.net/trip-data/fhv_tripdata_2019.parquet > /opt/***/fhv_tripdata_2019.parquet']
[2022-08-08 20:49:56,988] {subprocess.py:85} INFO - Output:
[2022-08-08 20:49:57,492] {subprocess.py:93} INFO - Command exited with return code 0
[2022-08-08 20:49:57,559] {taskinstance.py:1277} INFO - Marking task as SUCCESS. dag_id=data_ingestion_gcs_dag, task_id=download_dataset_task, execution_date=20220701T000000, start_date=20220808T204956, end_date=20220808T204957
[2022-08-08 20:49:57,613] {local_task_job.py:154} INFO - Task exited with return code 0
[2022-08-08 20:49:57,665] {local_task_job.py:264} INFO - 1 downstream tasks scheduled from follow-on schedule check
