[2022-08-08 22:27:27,449] {taskinstance.py:1032} INFO - Dependencies all met for <TaskInstance: data_ingestion_gcs_dag.bigquery_external_table_task backfill__2019-01-19T00:00:00+00:00 [queued]>
[2022-08-08 22:27:27,456] {taskinstance.py:1032} INFO - Dependencies all met for <TaskInstance: data_ingestion_gcs_dag.bigquery_external_table_task backfill__2019-01-19T00:00:00+00:00 [queued]>
[2022-08-08 22:27:27,456] {taskinstance.py:1238} INFO - 
--------------------------------------------------------------------------------
[2022-08-08 22:27:27,457] {taskinstance.py:1239} INFO - Starting attempt 1 of 2
[2022-08-08 22:27:27,457] {taskinstance.py:1240} INFO - 
--------------------------------------------------------------------------------
[2022-08-08 22:27:27,464] {taskinstance.py:1259} INFO - Executing <Task(BigQueryCreateExternalTableOperator): bigquery_external_table_task> on 2019-01-19 00:00:00+00:00
[2022-08-08 22:27:27,471] {standard_task_runner.py:52} INFO - Started process 1411 to run task
[2022-08-08 22:27:27,473] {standard_task_runner.py:76} INFO - Running: ['***', 'tasks', 'run', 'data_ingestion_gcs_dag', 'bigquery_external_table_task', 'backfill__2019-01-19T00:00:00+00:00', '--job-id', '61', '--pool', 'default_pool', '--raw', '--subdir', 'DAGS_FOLDER/data_ingestion_dag.py', '--cfg-path', '/tmp/tmpywlu7rti', '--error-file', '/tmp/tmpxsqyxvuy']
[2022-08-08 22:27:27,473] {standard_task_runner.py:77} INFO - Job 61: Subtask bigquery_external_table_task
[2022-08-08 22:27:27,517] {logging_mixin.py:109} INFO - Running <TaskInstance: data_ingestion_gcs_dag.bigquery_external_table_task backfill__2019-01-19T00:00:00+00:00 [running]> on host 049be7f17d30
[2022-08-08 22:27:27,558] {taskinstance.py:1426} INFO - Exporting the following env vars:
AIRFLOW_CTX_DAG_OWNER=***
AIRFLOW_CTX_DAG_ID=data_ingestion_gcs_dag
AIRFLOW_CTX_TASK_ID=bigquery_external_table_task
AIRFLOW_CTX_EXECUTION_DATE=2019-01-19T00:00:00+00:00
AIRFLOW_CTX_DAG_RUN_ID=backfill__2019-01-19T00:00:00+00:00
[2022-08-08 22:27:27,559] {crypto.py:82} WARNING - empty cryptography key - values will not be stored encrypted.
[2022-08-08 22:27:28,018] {taskinstance.py:1277} INFO - Marking task as SUCCESS. dag_id=data_ingestion_gcs_dag, task_id=bigquery_external_table_task, execution_date=20190119T000000, start_date=20220808T222727, end_date=20220808T222728
[2022-08-08 22:27:28,045] {local_task_job.py:154} INFO - Task exited with return code 0
[2022-08-08 22:27:28,068] {local_task_job.py:264} INFO - 0 downstream tasks scheduled from follow-on schedule check
[2022-08-08 22:27:28,083] {dagrun.py:545} INFO - Marking run <DagRun data_ingestion_gcs_dag @ 2019-01-19 00:00:00+00:00: backfill__2019-01-19T00:00:00+00:00, externally triggered: False> successful
[2022-08-08 22:27:28,083] {dagrun.py:605} INFO - DagRun Finished: dag_id=data_ingestion_gcs_dag, execution_date=2019-01-19 00:00:00+00:00, run_id=backfill__2019-01-19T00:00:00+00:00, run_start_date=2022-08-08 22:27:02.931097+00:00, run_end_date=2022-08-08 22:27:28.083714+00:00, run_duration=25.152617, state=success, external_trigger=False, run_type=backfill, data_interval_start=2019-01-19 00:00:00+00:00, data_interval_end=2019-01-20 00:00:00+00:00, dag_hash=None
