[2022-08-07 21:53:04,041] {taskinstance.py:1032} INFO - Dependencies all met for <TaskInstance: data_ingestion_gcs_dag.bigquery_external_table_task scheduled__2022-08-06T00:00:00+00:00 [queued]>
[2022-08-07 21:53:04,050] {taskinstance.py:1032} INFO - Dependencies all met for <TaskInstance: data_ingestion_gcs_dag.bigquery_external_table_task scheduled__2022-08-06T00:00:00+00:00 [queued]>
[2022-08-07 21:53:04,050] {taskinstance.py:1238} INFO - 
--------------------------------------------------------------------------------
[2022-08-07 21:53:04,050] {taskinstance.py:1239} INFO - Starting attempt 1 of 2
[2022-08-07 21:53:04,050] {taskinstance.py:1240} INFO - 
--------------------------------------------------------------------------------
[2022-08-07 21:53:04,060] {taskinstance.py:1259} INFO - Executing <Task(BigQueryCreateExternalTableOperator): bigquery_external_table_task> on 2022-08-06 00:00:00+00:00
[2022-08-07 21:53:04,067] {standard_task_runner.py:52} INFO - Started process 130 to run task
[2022-08-07 21:53:04,070] {standard_task_runner.py:76} INFO - Running: ['***', 'tasks', 'run', 'data_ingestion_gcs_dag', 'bigquery_external_table_task', 'scheduled__2022-08-06T00:00:00+00:00', '--job-id', '18', '--raw', '--subdir', 'DAGS_FOLDER/data_ingestion_dag.py', '--cfg-path', '/tmp/tmphqz53jwk', '--error-file', '/tmp/tmprmojzevw']
[2022-08-07 21:53:04,070] {standard_task_runner.py:77} INFO - Job 18: Subtask bigquery_external_table_task
[2022-08-07 21:53:04,114] {logging_mixin.py:109} INFO - Running <TaskInstance: data_ingestion_gcs_dag.bigquery_external_table_task scheduled__2022-08-06T00:00:00+00:00 [running]> on host bc991195846c
[2022-08-07 21:53:04,160] {taskinstance.py:1426} INFO - Exporting the following env vars:
AIRFLOW_CTX_DAG_OWNER=***
AIRFLOW_CTX_DAG_ID=data_ingestion_gcs_dag
AIRFLOW_CTX_TASK_ID=bigquery_external_table_task
AIRFLOW_CTX_EXECUTION_DATE=2022-08-06T00:00:00+00:00
AIRFLOW_CTX_DAG_RUN_ID=scheduled__2022-08-06T00:00:00+00:00
[2022-08-07 21:53:04,161] {crypto.py:82} WARNING - empty cryptography key - values will not be stored encrypted.
[2022-08-07 21:53:04,735] {taskinstance.py:1277} INFO - Marking task as SUCCESS. dag_id=data_ingestion_gcs_dag, task_id=bigquery_external_table_task, execution_date=20220806T000000, start_date=20220807T215304, end_date=20220807T215304
[2022-08-07 21:53:04,763] {local_task_job.py:154} INFO - Task exited with return code 0
[2022-08-07 21:53:04,786] {local_task_job.py:264} INFO - 0 downstream tasks scheduled from follow-on schedule check
