[2022-08-01 08:47:15,666] {taskinstance.py:1032} INFO - Dependencies all met for <TaskInstance: data_ingestion_gcs_dag.download_dataset_task scheduled__2022-07-31T00:00:00+00:00 [queued]>
[2022-08-01 08:47:15,687] {taskinstance.py:1032} INFO - Dependencies all met for <TaskInstance: data_ingestion_gcs_dag.download_dataset_task scheduled__2022-07-31T00:00:00+00:00 [queued]>
[2022-08-01 08:47:15,688] {taskinstance.py:1238} INFO - 
--------------------------------------------------------------------------------
[2022-08-01 08:47:15,688] {taskinstance.py:1239} INFO - Starting attempt 1 of 2
[2022-08-01 08:47:15,688] {taskinstance.py:1240} INFO - 
--------------------------------------------------------------------------------
[2022-08-01 08:47:15,701] {taskinstance.py:1259} INFO - Executing <Task(BashOperator): download_dataset_task> on 2022-07-31 00:00:00+00:00
[2022-08-01 08:47:15,709] {standard_task_runner.py:52} INFO - Started process 91 to run task
[2022-08-01 08:47:15,715] {standard_task_runner.py:76} INFO - Running: ['***', 'tasks', 'run', 'data_ingestion_gcs_dag', 'download_dataset_task', 'scheduled__2022-07-31T00:00:00+00:00', '--job-id', '39', '--raw', '--subdir', 'DAGS_FOLDER/data_ingestion_gcs_dag.py', '--cfg-path', '/tmp/tmp2l_68o55', '--error-file', '/tmp/tmp1xlgr5e1']
[2022-08-01 08:47:15,716] {standard_task_runner.py:77} INFO - Job 39: Subtask download_dataset_task
[2022-08-01 08:47:15,819] {logging_mixin.py:109} INFO - Running <TaskInstance: data_ingestion_gcs_dag.download_dataset_task scheduled__2022-07-31T00:00:00+00:00 [running]> on host 730e9829e9ac
[2022-08-01 08:47:15,890] {taskinstance.py:1426} INFO - Exporting the following env vars:
AIRFLOW_CTX_DAG_OWNER=***
AIRFLOW_CTX_DAG_ID=data_ingestion_gcs_dag
AIRFLOW_CTX_TASK_ID=download_dataset_task
AIRFLOW_CTX_EXECUTION_DATE=2022-07-31T00:00:00+00:00
AIRFLOW_CTX_DAG_RUN_ID=scheduled__2022-07-31T00:00:00+00:00
[2022-08-01 08:47:15,891] {subprocess.py:62} INFO - Tmp dir root location: 
 /tmp
[2022-08-01 08:47:15,891] {subprocess.py:74} INFO - Running command: ['bash', '-c', 'curl -sSL https://d37ci6vzurychx.cloudfront.net/trip-data/yellow_tripdata_2021-01.paquet > /opt/***/yellow_tripdata_2021-01.paquet']
[2022-08-01 08:47:15,910] {subprocess.py:85} INFO - Output:
[2022-08-01 08:47:16,477] {subprocess.py:93} INFO - Command exited with return code 0
[2022-08-01 08:47:16,528] {taskinstance.py:1277} INFO - Marking task as SUCCESS. dag_id=data_ingestion_gcs_dag, task_id=download_dataset_task, execution_date=20220731T000000, start_date=20220801T084715, end_date=20220801T084716
[2022-08-01 08:47:16,574] {local_task_job.py:154} INFO - Task exited with return code 0
[2022-08-01 08:47:16,653] {local_task_job.py:264} INFO - 1 downstream tasks scheduled from follow-on schedule check
