[2022-08-07 21:52:37,348] {taskinstance.py:1032} INFO - Dependencies all met for <TaskInstance: data_ingestion_gcs_dag.bigquery_external_table_task scheduled__2022-08-04T00:00:00+00:00 [queued]>
[2022-08-07 21:52:37,356] {taskinstance.py:1032} INFO - Dependencies all met for <TaskInstance: data_ingestion_gcs_dag.bigquery_external_table_task scheduled__2022-08-04T00:00:00+00:00 [queued]>
[2022-08-07 21:52:37,356] {taskinstance.py:1238} INFO - 
--------------------------------------------------------------------------------
[2022-08-07 21:52:37,356] {taskinstance.py:1239} INFO - Starting attempt 1 of 2
[2022-08-07 21:52:37,356] {taskinstance.py:1240} INFO - 
--------------------------------------------------------------------------------
[2022-08-07 21:52:37,365] {taskinstance.py:1259} INFO - Executing <Task(BigQueryCreateExternalTableOperator): bigquery_external_table_task> on 2022-08-04 00:00:00+00:00
[2022-08-07 21:52:37,371] {standard_task_runner.py:52} INFO - Started process 100 to run task
[2022-08-07 21:52:37,373] {standard_task_runner.py:76} INFO - Running: ['***', 'tasks', 'run', 'data_ingestion_gcs_dag', 'bigquery_external_table_task', 'scheduled__2022-08-04T00:00:00+00:00', '--job-id', '15', '--raw', '--subdir', 'DAGS_FOLDER/data_ingestion_dag.py', '--cfg-path', '/tmp/tmp6okf5avw', '--error-file', '/tmp/tmpnq_2wpl7']
[2022-08-07 21:52:37,374] {standard_task_runner.py:77} INFO - Job 15: Subtask bigquery_external_table_task
[2022-08-07 21:52:37,428] {logging_mixin.py:109} INFO - Running <TaskInstance: data_ingestion_gcs_dag.bigquery_external_table_task scheduled__2022-08-04T00:00:00+00:00 [running]> on host bc991195846c
[2022-08-07 21:52:37,490] {taskinstance.py:1426} INFO - Exporting the following env vars:
AIRFLOW_CTX_DAG_OWNER=***
AIRFLOW_CTX_DAG_ID=data_ingestion_gcs_dag
AIRFLOW_CTX_TASK_ID=bigquery_external_table_task
AIRFLOW_CTX_EXECUTION_DATE=2022-08-04T00:00:00+00:00
AIRFLOW_CTX_DAG_RUN_ID=scheduled__2022-08-04T00:00:00+00:00
[2022-08-07 21:52:37,491] {crypto.py:82} WARNING - empty cryptography key - values will not be stored encrypted.
[2022-08-07 21:52:38,113] {taskinstance.py:1277} INFO - Marking task as SUCCESS. dag_id=data_ingestion_gcs_dag, task_id=bigquery_external_table_task, execution_date=20220804T000000, start_date=20220807T215237, end_date=20220807T215238
[2022-08-07 21:52:38,147] {local_task_job.py:154} INFO - Task exited with return code 0
[2022-08-07 21:52:38,178] {local_task_job.py:264} INFO - 0 downstream tasks scheduled from follow-on schedule check
