[2022-07-31 18:12:55,803] {taskinstance.py:1032} INFO - Dependencies all met for <TaskInstance: data_ingestion_gcs_dag.download_dataset_task manual__2022-07-31T18:12:53.867792+00:00 [queued]>
[2022-07-31 18:12:55,815] {taskinstance.py:1032} INFO - Dependencies all met for <TaskInstance: data_ingestion_gcs_dag.download_dataset_task manual__2022-07-31T18:12:53.867792+00:00 [queued]>
[2022-07-31 18:12:55,815] {taskinstance.py:1238} INFO - 
--------------------------------------------------------------------------------
[2022-07-31 18:12:55,815] {taskinstance.py:1239} INFO - Starting attempt 1 of 2
[2022-07-31 18:12:55,815] {taskinstance.py:1240} INFO - 
--------------------------------------------------------------------------------
[2022-07-31 18:12:55,829] {taskinstance.py:1259} INFO - Executing <Task(BashOperator): download_dataset_task> on 2022-07-31 18:12:53.867792+00:00
[2022-07-31 18:12:55,844] {standard_task_runner.py:52} INFO - Started process 197 to run task
[2022-07-31 18:12:55,847] {standard_task_runner.py:76} INFO - Running: ['***', 'tasks', 'run', 'data_ingestion_gcs_dag', 'download_dataset_task', 'manual__2022-07-31T18:12:53.867792+00:00', '--job-id', '34', '--raw', '--subdir', 'DAGS_FOLDER/data_ingestion_gcs_dag.py', '--cfg-path', '/tmp/tmpdxwm684s', '--error-file', '/tmp/tmp450mqnyi']
[2022-07-31 18:12:55,848] {standard_task_runner.py:77} INFO - Job 34: Subtask download_dataset_task
[2022-07-31 18:12:55,898] {logging_mixin.py:109} INFO - Running <TaskInstance: data_ingestion_gcs_dag.download_dataset_task manual__2022-07-31T18:12:53.867792+00:00 [running]> on host 730e9829e9ac
[2022-07-31 18:12:55,991] {taskinstance.py:1426} INFO - Exporting the following env vars:
AIRFLOW_CTX_DAG_OWNER=***
AIRFLOW_CTX_DAG_ID=data_ingestion_gcs_dag
AIRFLOW_CTX_TASK_ID=download_dataset_task
AIRFLOW_CTX_EXECUTION_DATE=2022-07-31T18:12:53.867792+00:00
AIRFLOW_CTX_DAG_RUN_ID=manual__2022-07-31T18:12:53.867792+00:00
[2022-07-31 18:12:55,992] {subprocess.py:62} INFO - Tmp dir root location: 
 /tmp
[2022-07-31 18:12:55,993] {subprocess.py:74} INFO - Running command: ['bash', '-c', 'curl -sSL https://d37ci6vzurychx.cloudfront.net/trip-data/yellow_tripdata_2021-01.paquet > /opt/***/yellow_tripdata_2021-01.paquet']
[2022-07-31 18:12:56,008] {subprocess.py:85} INFO - Output:
[2022-07-31 18:12:56,490] {subprocess.py:93} INFO - Command exited with return code 0
[2022-07-31 18:12:56,516] {taskinstance.py:1277} INFO - Marking task as SUCCESS. dag_id=data_ingestion_gcs_dag, task_id=download_dataset_task, execution_date=20220731T181253, start_date=20220731T181255, end_date=20220731T181256
[2022-07-31 18:12:56,550] {local_task_job.py:154} INFO - Task exited with return code 0
[2022-07-31 18:12:56,592] {local_task_job.py:264} INFO - 1 downstream tasks scheduled from follow-on schedule check
