[2022-08-07 21:52:34,567] {taskinstance.py:1032} INFO - Dependencies all met for <TaskInstance: data_ingestion_gcs_dag.local_to_gcs_task scheduled__2022-08-04T00:00:00+00:00 [queued]>
[2022-08-07 21:52:34,580] {taskinstance.py:1032} INFO - Dependencies all met for <TaskInstance: data_ingestion_gcs_dag.local_to_gcs_task scheduled__2022-08-04T00:00:00+00:00 [queued]>
[2022-08-07 21:52:34,581] {taskinstance.py:1238} INFO - 
--------------------------------------------------------------------------------
[2022-08-07 21:52:34,581] {taskinstance.py:1239} INFO - Starting attempt 1 of 2
[2022-08-07 21:52:34,581] {taskinstance.py:1240} INFO - 
--------------------------------------------------------------------------------
[2022-08-07 21:52:34,641] {taskinstance.py:1259} INFO - Executing <Task(PythonOperator): local_to_gcs_task> on 2022-08-04 00:00:00+00:00
[2022-08-07 21:52:34,648] {standard_task_runner.py:52} INFO - Started process 97 to run task
[2022-08-07 21:52:34,651] {standard_task_runner.py:76} INFO - Running: ['***', 'tasks', 'run', 'data_ingestion_gcs_dag', 'local_to_gcs_task', 'scheduled__2022-08-04T00:00:00+00:00', '--job-id', '14', '--raw', '--subdir', 'DAGS_FOLDER/data_ingestion_dag.py', '--cfg-path', '/tmp/tmp7jb2elal', '--error-file', '/tmp/tmp4kmqwlwd']
[2022-08-07 21:52:34,652] {standard_task_runner.py:77} INFO - Job 14: Subtask local_to_gcs_task
[2022-08-07 21:52:34,761] {logging_mixin.py:109} INFO - Running <TaskInstance: data_ingestion_gcs_dag.local_to_gcs_task scheduled__2022-08-04T00:00:00+00:00 [running]> on host bc991195846c
[2022-08-07 21:52:34,859] {taskinstance.py:1426} INFO - Exporting the following env vars:
AIRFLOW_CTX_DAG_OWNER=***
AIRFLOW_CTX_DAG_ID=data_ingestion_gcs_dag
AIRFLOW_CTX_TASK_ID=local_to_gcs_task
AIRFLOW_CTX_EXECUTION_DATE=2022-08-04T00:00:00+00:00
AIRFLOW_CTX_DAG_RUN_ID=scheduled__2022-08-04T00:00:00+00:00
[2022-08-07 21:52:35,916] {python.py:175} INFO - Done. Returned value was: None
[2022-08-07 21:52:35,929] {taskinstance.py:1277} INFO - Marking task as SUCCESS. dag_id=data_ingestion_gcs_dag, task_id=local_to_gcs_task, execution_date=20220804T000000, start_date=20220807T215234, end_date=20220807T215235
[2022-08-07 21:52:35,986] {local_task_job.py:154} INFO - Task exited with return code 0
[2022-08-07 21:52:36,014] {local_task_job.py:264} INFO - 1 downstream tasks scheduled from follow-on schedule check
