[2022-08-08 20:49:58,939] {taskinstance.py:1032} INFO - Dependencies all met for <TaskInstance: data_ingestion_gcs_dag.local_to_gcs_task scheduled__2022-07-01T00:00:00+00:00 [queued]>
[2022-08-08 20:49:58,953] {taskinstance.py:1032} INFO - Dependencies all met for <TaskInstance: data_ingestion_gcs_dag.local_to_gcs_task scheduled__2022-07-01T00:00:00+00:00 [queued]>
[2022-08-08 20:49:58,953] {taskinstance.py:1238} INFO - 
--------------------------------------------------------------------------------
[2022-08-08 20:49:58,953] {taskinstance.py:1239} INFO - Starting attempt 1 of 2
[2022-08-08 20:49:58,953] {taskinstance.py:1240} INFO - 
--------------------------------------------------------------------------------
[2022-08-08 20:49:58,968] {taskinstance.py:1259} INFO - Executing <Task(PythonOperator): local_to_gcs_task> on 2022-07-01 00:00:00+00:00
[2022-08-08 20:49:58,983] {standard_task_runner.py:52} INFO - Started process 133 to run task
[2022-08-08 20:49:58,986] {standard_task_runner.py:76} INFO - Running: ['***', 'tasks', 'run', 'data_ingestion_gcs_dag', 'local_to_gcs_task', 'scheduled__2022-07-01T00:00:00+00:00', '--job-id', '4', '--raw', '--subdir', 'DAGS_FOLDER/data_ingestion_dag_for_hire.py', '--cfg-path', '/tmp/tmp14jcdol6', '--error-file', '/tmp/tmp40sjhfzw']
[2022-08-08 20:49:58,987] {standard_task_runner.py:77} INFO - Job 4: Subtask local_to_gcs_task
[2022-08-08 20:49:59,068] {logging_mixin.py:109} INFO - Running <TaskInstance: data_ingestion_gcs_dag.local_to_gcs_task scheduled__2022-07-01T00:00:00+00:00 [running]> on host 339bff79e7b1
[2022-08-08 20:49:59,176] {taskinstance.py:1426} INFO - Exporting the following env vars:
AIRFLOW_CTX_DAG_OWNER=***
AIRFLOW_CTX_DAG_ID=data_ingestion_gcs_dag
AIRFLOW_CTX_TASK_ID=local_to_gcs_task
AIRFLOW_CTX_EXECUTION_DATE=2022-07-01T00:00:00+00:00
AIRFLOW_CTX_DAG_RUN_ID=scheduled__2022-07-01T00:00:00+00:00
[2022-08-08 20:49:59,381] {python.py:175} INFO - Done. Returned value was: None
[2022-08-08 20:49:59,402] {taskinstance.py:1277} INFO - Marking task as SUCCESS. dag_id=data_ingestion_gcs_dag, task_id=local_to_gcs_task, execution_date=20220701T000000, start_date=20220808T204958, end_date=20220808T204959
[2022-08-08 20:49:59,481] {local_task_job.py:154} INFO - Task exited with return code 0
[2022-08-08 20:49:59,527] {local_task_job.py:264} INFO - 1 downstream tasks scheduled from follow-on schedule check
