[2022-07-30 15:56:02,766] {taskinstance.py:1032} INFO - Dependencies all met for <TaskInstance: data_ingestion_gcs_dag.download_dataset_task manual__2022-07-30T15:54:57.800078+00:00 [queued]>
[2022-07-30 15:56:02,774] {taskinstance.py:1032} INFO - Dependencies all met for <TaskInstance: data_ingestion_gcs_dag.download_dataset_task manual__2022-07-30T15:54:57.800078+00:00 [queued]>
[2022-07-30 15:56:02,774] {taskinstance.py:1238} INFO - 
--------------------------------------------------------------------------------
[2022-07-30 15:56:02,774] {taskinstance.py:1239} INFO - Starting attempt 1 of 2
[2022-07-30 15:56:02,775] {taskinstance.py:1240} INFO - 
--------------------------------------------------------------------------------
[2022-07-30 15:56:02,783] {taskinstance.py:1259} INFO - Executing <Task(BashOperator): download_dataset_task> on 2022-07-30 15:54:57.800078+00:00
[2022-07-30 15:56:02,815] {standard_task_runner.py:52} INFO - Started process 158 to run task
[2022-07-30 15:56:02,817] {standard_task_runner.py:76} INFO - Running: ['***', 'tasks', 'run', 'data_ingestion_gcs_dag', 'download_dataset_task', 'manual__2022-07-30T15:54:57.800078+00:00', '--job-id', '13', '--raw', '--subdir', 'DAGS_FOLDER/data_ingestion_gcs_dag.py', '--cfg-path', '/tmp/tmprk7_k2wt', '--error-file', '/tmp/tmpgzava0e_']
[2022-07-30 15:56:02,818] {standard_task_runner.py:77} INFO - Job 13: Subtask download_dataset_task
[2022-07-30 15:56:02,855] {logging_mixin.py:109} INFO - Running <TaskInstance: data_ingestion_gcs_dag.download_dataset_task manual__2022-07-30T15:54:57.800078+00:00 [running]> on host 9dbffb9c12d9
[2022-07-30 15:56:02,887] {taskinstance.py:1426} INFO - Exporting the following env vars:
AIRFLOW_CTX_DAG_OWNER=***
AIRFLOW_CTX_DAG_ID=data_ingestion_gcs_dag
AIRFLOW_CTX_TASK_ID=download_dataset_task
AIRFLOW_CTX_EXECUTION_DATE=2022-07-30T15:54:57.800078+00:00
AIRFLOW_CTX_DAG_RUN_ID=manual__2022-07-30T15:54:57.800078+00:00
[2022-07-30 15:56:02,888] {subprocess.py:62} INFO - Tmp dir root location: 
 /tmp
[2022-07-30 15:56:02,889] {subprocess.py:74} INFO - Running command: ['bash', '-c', 'curl -sSL https://s3.amazonaws.com/nyc-tlc/trip+data/yellow_tripdata_2021-01.csv > /opt/***/yellow_tripdata_2021-01.csv']
[2022-07-30 15:56:02,901] {subprocess.py:85} INFO - Output:
[2022-07-30 15:56:03,268] {subprocess.py:93} INFO - Command exited with return code 0
[2022-07-30 15:56:03,286] {taskinstance.py:1277} INFO - Marking task as SUCCESS. dag_id=data_ingestion_gcs_dag, task_id=download_dataset_task, execution_date=20220730T155457, start_date=20220730T155602, end_date=20220730T155603
[2022-07-30 15:56:03,309] {local_task_job.py:154} INFO - Task exited with return code 0
[2022-07-30 15:56:03,337] {local_task_job.py:264} INFO - 1 downstream tasks scheduled from follow-on schedule check
