[2022-07-31 10:30:55,045] {taskinstance.py:1032} INFO - Dependencies all met for <TaskInstance: data_ingestion_gcs_dag.format_to_parquet_task manual__2022-07-31T10:25:42.170627+00:00 [queued]>
[2022-07-31 10:30:55,052] {taskinstance.py:1032} INFO - Dependencies all met for <TaskInstance: data_ingestion_gcs_dag.format_to_parquet_task manual__2022-07-31T10:25:42.170627+00:00 [queued]>
[2022-07-31 10:30:55,052] {taskinstance.py:1238} INFO - 
--------------------------------------------------------------------------------
[2022-07-31 10:30:55,052] {taskinstance.py:1239} INFO - Starting attempt 1 of 2
[2022-07-31 10:30:55,052] {taskinstance.py:1240} INFO - 
--------------------------------------------------------------------------------
[2022-07-31 10:30:55,060] {taskinstance.py:1259} INFO - Executing <Task(PythonOperator): format_to_parquet_task> on 2022-07-31 10:25:42.170627+00:00
[2022-07-31 10:30:55,066] {standard_task_runner.py:52} INFO - Started process 387 to run task
[2022-07-31 10:30:55,069] {standard_task_runner.py:76} INFO - Running: ['***', 'tasks', 'run', 'data_ingestion_gcs_dag', 'format_to_parquet_task', 'manual__2022-07-31T10:25:42.170627+00:00', '--job-id', '8', '--raw', '--subdir', 'DAGS_FOLDER/data_ingestion_gcs_dag.py', '--cfg-path', '/tmp/tmpebn3_jyt', '--error-file', '/tmp/tmpvtcra629']
[2022-07-31 10:30:55,069] {standard_task_runner.py:77} INFO - Job 8: Subtask format_to_parquet_task
[2022-07-31 10:30:55,109] {logging_mixin.py:109} INFO - Running <TaskInstance: data_ingestion_gcs_dag.format_to_parquet_task manual__2022-07-31T10:25:42.170627+00:00 [running]> on host 5639833d9bf1
[2022-07-31 10:30:55,149] {taskinstance.py:1426} INFO - Exporting the following env vars:
AIRFLOW_CTX_DAG_OWNER=***
AIRFLOW_CTX_DAG_ID=data_ingestion_gcs_dag
AIRFLOW_CTX_TASK_ID=format_to_parquet_task
AIRFLOW_CTX_EXECUTION_DATE=2022-07-31T10:25:42.170627+00:00
AIRFLOW_CTX_DAG_RUN_ID=manual__2022-07-31T10:25:42.170627+00:00
[2022-07-31 10:30:55,251] {python.py:175} INFO - Done. Returned value was: None
[2022-07-31 10:30:55,261] {taskinstance.py:1277} INFO - Marking task as SUCCESS. dag_id=data_ingestion_gcs_dag, task_id=format_to_parquet_task, execution_date=20220731T102542, start_date=20220731T103055, end_date=20220731T103055
[2022-07-31 10:30:55,280] {local_task_job.py:154} INFO - Task exited with return code 0
[2022-07-31 10:30:55,313] {local_task_job.py:264} INFO - 1 downstream tasks scheduled from follow-on schedule check
