[2022-08-08 22:26:17,490] {taskinstance.py:1032} INFO - Dependencies all met for <TaskInstance: data_ingestion_gcs_dag.local_to_gcs_task backfill__2019-01-17T00:00:00+00:00 [queued]>
[2022-08-08 22:26:17,497] {taskinstance.py:1032} INFO - Dependencies all met for <TaskInstance: data_ingestion_gcs_dag.local_to_gcs_task backfill__2019-01-17T00:00:00+00:00 [queued]>
[2022-08-08 22:26:17,497] {taskinstance.py:1238} INFO - 
--------------------------------------------------------------------------------
[2022-08-08 22:26:17,497] {taskinstance.py:1239} INFO - Starting attempt 1 of 2
[2022-08-08 22:26:17,497] {taskinstance.py:1240} INFO - 
--------------------------------------------------------------------------------
[2022-08-08 22:26:17,505] {taskinstance.py:1259} INFO - Executing <Task(PythonOperator): local_to_gcs_task> on 2019-01-17 00:00:00+00:00
[2022-08-08 22:26:17,512] {standard_task_runner.py:52} INFO - Started process 1339 to run task
[2022-08-08 22:26:17,514] {standard_task_runner.py:76} INFO - Running: ['***', 'tasks', 'run', 'data_ingestion_gcs_dag', 'local_to_gcs_task', 'backfill__2019-01-17T00:00:00+00:00', '--job-id', '54', '--pool', 'default_pool', '--raw', '--subdir', 'DAGS_FOLDER/data_ingestion_dag.py', '--cfg-path', '/tmp/tmpvkkhgawz', '--error-file', '/tmp/tmp95ryr0gq']
[2022-08-08 22:26:17,515] {standard_task_runner.py:77} INFO - Job 54: Subtask local_to_gcs_task
[2022-08-08 22:26:17,559] {logging_mixin.py:109} INFO - Running <TaskInstance: data_ingestion_gcs_dag.local_to_gcs_task backfill__2019-01-17T00:00:00+00:00 [running]> on host 049be7f17d30
[2022-08-08 22:26:17,601] {taskinstance.py:1426} INFO - Exporting the following env vars:
AIRFLOW_CTX_DAG_OWNER=***
AIRFLOW_CTX_DAG_ID=data_ingestion_gcs_dag
AIRFLOW_CTX_TASK_ID=local_to_gcs_task
AIRFLOW_CTX_EXECUTION_DATE=2019-01-17T00:00:00+00:00
AIRFLOW_CTX_DAG_RUN_ID=backfill__2019-01-17T00:00:00+00:00
[2022-08-08 22:26:18,741] {python.py:175} INFO - Done. Returned value was: None
[2022-08-08 22:26:18,755] {taskinstance.py:1277} INFO - Marking task as SUCCESS. dag_id=data_ingestion_gcs_dag, task_id=local_to_gcs_task, execution_date=20190117T000000, start_date=20220808T222617, end_date=20220808T222618
[2022-08-08 22:26:18,809] {local_task_job.py:154} INFO - Task exited with return code 0
[2022-08-08 22:26:18,833] {local_task_job.py:264} INFO - 0 downstream tasks scheduled from follow-on schedule check
