[2022-07-30 15:45:09,704] {processor.py:163} INFO - Started process (PID=48) to work on /opt/airflow/dags/data_ingestion_gcs_dag.py
[2022-07-30 15:45:09,705] {processor.py:642} INFO - Processing file /opt/airflow/dags/data_ingestion_gcs_dag.py for tasks to queue
[2022-07-30 15:45:09,705] {logging_mixin.py:109} INFO - [2022-07-30 15:45:09,705] {dagbag.py:500} INFO - Filling up the DagBag from /opt/airflow/dags/data_ingestion_gcs_dag.py
[2022-07-30 15:45:11,975] {processor.py:654} INFO - DAG(s) dict_keys(['data_ingestion_gcs_dag']) retrieved from /opt/airflow/dags/data_ingestion_gcs_dag.py
[2022-07-30 15:45:14,596] {logging_mixin.py:109} INFO - [2022-07-30 15:45:14,596] {manager.py:496} INFO - Created Permission View: can read on DAG:data_ingestion_gcs_dag
[2022-07-30 15:45:14,602] {logging_mixin.py:109} INFO - [2022-07-30 15:45:14,602] {manager.py:496} INFO - Created Permission View: can edit on DAG:data_ingestion_gcs_dag
[2022-07-30 15:45:14,602] {logging_mixin.py:109} INFO - [2022-07-30 15:45:14,602] {dag.py:2396} INFO - Sync 1 DAGs
[2022-07-30 15:45:14,607] {logging_mixin.py:109} INFO - [2022-07-30 15:45:14,607] {dag.py:2415} INFO - Creating ORM DAG for data_ingestion_gcs_dag
[2022-07-30 15:45:14,614] {logging_mixin.py:109} INFO - [2022-07-30 15:45:14,614] {dag.py:2935} INFO - Setting next_dagrun for data_ingestion_gcs_dag to 2022-07-29 00:00:00+00:00
[2022-07-30 15:45:14,625] {processor.py:171} INFO - Processing /opt/airflow/dags/data_ingestion_gcs_dag.py took 4.923 seconds
[2022-07-30 15:45:44,710] {processor.py:163} INFO - Started process (PID=92) to work on /opt/airflow/dags/data_ingestion_gcs_dag.py
[2022-07-30 15:45:44,711] {processor.py:642} INFO - Processing file /opt/airflow/dags/data_ingestion_gcs_dag.py for tasks to queue
[2022-07-30 15:45:44,711] {logging_mixin.py:109} INFO - [2022-07-30 15:45:44,711] {dagbag.py:500} INFO - Filling up the DagBag from /opt/airflow/dags/data_ingestion_gcs_dag.py
[2022-07-30 15:45:45,291] {processor.py:654} INFO - DAG(s) dict_keys(['data_ingestion_gcs_dag']) retrieved from /opt/airflow/dags/data_ingestion_gcs_dag.py
[2022-07-30 15:45:45,297] {logging_mixin.py:109} INFO - [2022-07-30 15:45:45,297] {dag.py:2396} INFO - Sync 1 DAGs
[2022-07-30 15:45:45,309] {logging_mixin.py:109} INFO - [2022-07-30 15:45:45,309] {dag.py:2935} INFO - Setting next_dagrun for data_ingestion_gcs_dag to 2022-07-29 00:00:00+00:00
[2022-07-30 15:45:45,315] {processor.py:171} INFO - Processing /opt/airflow/dags/data_ingestion_gcs_dag.py took 0.607 seconds
[2022-07-30 15:46:15,377] {processor.py:163} INFO - Started process (PID=136) to work on /opt/airflow/dags/data_ingestion_gcs_dag.py
[2022-07-30 15:46:15,378] {processor.py:642} INFO - Processing file /opt/airflow/dags/data_ingestion_gcs_dag.py for tasks to queue
[2022-07-30 15:46:15,379] {logging_mixin.py:109} INFO - [2022-07-30 15:46:15,379] {dagbag.py:500} INFO - Filling up the DagBag from /opt/airflow/dags/data_ingestion_gcs_dag.py
[2022-07-30 15:46:15,991] {processor.py:654} INFO - DAG(s) dict_keys(['data_ingestion_gcs_dag']) retrieved from /opt/airflow/dags/data_ingestion_gcs_dag.py
[2022-07-30 15:46:15,997] {logging_mixin.py:109} INFO - [2022-07-30 15:46:15,997] {dag.py:2396} INFO - Sync 1 DAGs
[2022-07-30 15:46:16,013] {processor.py:171} INFO - Processing /opt/airflow/dags/data_ingestion_gcs_dag.py took 0.638 seconds
[2022-07-30 15:46:46,070] {processor.py:163} INFO - Started process (PID=171) to work on /opt/airflow/dags/data_ingestion_gcs_dag.py
[2022-07-30 15:46:46,071] {processor.py:642} INFO - Processing file /opt/airflow/dags/data_ingestion_gcs_dag.py for tasks to queue
[2022-07-30 15:46:46,071] {logging_mixin.py:109} INFO - [2022-07-30 15:46:46,071] {dagbag.py:500} INFO - Filling up the DagBag from /opt/airflow/dags/data_ingestion_gcs_dag.py
[2022-07-30 15:46:46,765] {processor.py:654} INFO - DAG(s) dict_keys(['data_ingestion_gcs_dag']) retrieved from /opt/airflow/dags/data_ingestion_gcs_dag.py
[2022-07-30 15:46:46,772] {logging_mixin.py:109} INFO - [2022-07-30 15:46:46,772] {dag.py:2396} INFO - Sync 1 DAGs
[2022-07-30 15:46:46,792] {processor.py:171} INFO - Processing /opt/airflow/dags/data_ingestion_gcs_dag.py took 0.725 seconds
[2022-07-30 15:47:16,871] {processor.py:163} INFO - Started process (PID=215) to work on /opt/airflow/dags/data_ingestion_gcs_dag.py
[2022-07-30 15:47:16,872] {processor.py:642} INFO - Processing file /opt/airflow/dags/data_ingestion_gcs_dag.py for tasks to queue
[2022-07-30 15:47:16,873] {logging_mixin.py:109} INFO - [2022-07-30 15:47:16,872] {dagbag.py:500} INFO - Filling up the DagBag from /opt/airflow/dags/data_ingestion_gcs_dag.py
[2022-07-30 15:47:17,493] {processor.py:654} INFO - DAG(s) dict_keys(['data_ingestion_gcs_dag']) retrieved from /opt/airflow/dags/data_ingestion_gcs_dag.py
[2022-07-30 15:47:17,500] {logging_mixin.py:109} INFO - [2022-07-30 15:47:17,500] {dag.py:2396} INFO - Sync 1 DAGs
[2022-07-30 15:47:17,517] {processor.py:171} INFO - Processing /opt/airflow/dags/data_ingestion_gcs_dag.py took 0.647 seconds
[2022-07-30 15:47:47,574] {processor.py:163} INFO - Started process (PID=259) to work on /opt/airflow/dags/data_ingestion_gcs_dag.py
[2022-07-30 15:47:47,575] {processor.py:642} INFO - Processing file /opt/airflow/dags/data_ingestion_gcs_dag.py for tasks to queue
[2022-07-30 15:47:47,575] {logging_mixin.py:109} INFO - [2022-07-30 15:47:47,575] {dagbag.py:500} INFO - Filling up the DagBag from /opt/airflow/dags/data_ingestion_gcs_dag.py
[2022-07-30 15:47:48,233] {processor.py:654} INFO - DAG(s) dict_keys(['data_ingestion_gcs_dag']) retrieved from /opt/airflow/dags/data_ingestion_gcs_dag.py
[2022-07-30 15:47:48,240] {logging_mixin.py:109} INFO - [2022-07-30 15:47:48,239] {dag.py:2396} INFO - Sync 1 DAGs
[2022-07-30 15:47:48,257] {processor.py:171} INFO - Processing /opt/airflow/dags/data_ingestion_gcs_dag.py took 0.685 seconds
[2022-07-30 15:48:18,288] {processor.py:163} INFO - Started process (PID=294) to work on /opt/airflow/dags/data_ingestion_gcs_dag.py
[2022-07-30 15:48:18,289] {processor.py:642} INFO - Processing file /opt/airflow/dags/data_ingestion_gcs_dag.py for tasks to queue
[2022-07-30 15:48:18,290] {logging_mixin.py:109} INFO - [2022-07-30 15:48:18,290] {dagbag.py:500} INFO - Filling up the DagBag from /opt/airflow/dags/data_ingestion_gcs_dag.py
[2022-07-30 15:48:18,993] {processor.py:654} INFO - DAG(s) dict_keys(['data_ingestion_gcs_dag']) retrieved from /opt/airflow/dags/data_ingestion_gcs_dag.py
[2022-07-30 15:48:19,001] {logging_mixin.py:109} INFO - [2022-07-30 15:48:19,001] {dag.py:2396} INFO - Sync 1 DAGs
[2022-07-30 15:48:19,020] {processor.py:171} INFO - Processing /opt/airflow/dags/data_ingestion_gcs_dag.py took 0.734 seconds
[2022-07-30 15:48:49,093] {processor.py:163} INFO - Started process (PID=338) to work on /opt/airflow/dags/data_ingestion_gcs_dag.py
[2022-07-30 15:48:49,094] {processor.py:642} INFO - Processing file /opt/airflow/dags/data_ingestion_gcs_dag.py for tasks to queue
[2022-07-30 15:48:49,094] {logging_mixin.py:109} INFO - [2022-07-30 15:48:49,094] {dagbag.py:500} INFO - Filling up the DagBag from /opt/airflow/dags/data_ingestion_gcs_dag.py
[2022-07-30 15:48:49,758] {processor.py:654} INFO - DAG(s) dict_keys(['data_ingestion_gcs_dag']) retrieved from /opt/airflow/dags/data_ingestion_gcs_dag.py
[2022-07-30 15:48:49,766] {logging_mixin.py:109} INFO - [2022-07-30 15:48:49,765] {dag.py:2396} INFO - Sync 1 DAGs
[2022-07-30 15:48:49,781] {processor.py:171} INFO - Processing /opt/airflow/dags/data_ingestion_gcs_dag.py took 0.690 seconds
[2022-07-30 15:49:19,843] {processor.py:163} INFO - Started process (PID=373) to work on /opt/airflow/dags/data_ingestion_gcs_dag.py
[2022-07-30 15:49:19,845] {processor.py:642} INFO - Processing file /opt/airflow/dags/data_ingestion_gcs_dag.py for tasks to queue
[2022-07-30 15:49:19,845] {logging_mixin.py:109} INFO - [2022-07-30 15:49:19,845] {dagbag.py:500} INFO - Filling up the DagBag from /opt/airflow/dags/data_ingestion_gcs_dag.py
[2022-07-30 15:49:20,660] {processor.py:654} INFO - DAG(s) dict_keys(['data_ingestion_gcs_dag']) retrieved from /opt/airflow/dags/data_ingestion_gcs_dag.py
[2022-07-30 15:49:20,670] {logging_mixin.py:109} INFO - [2022-07-30 15:49:20,670] {dag.py:2396} INFO - Sync 1 DAGs
[2022-07-30 15:49:20,692] {processor.py:171} INFO - Processing /opt/airflow/dags/data_ingestion_gcs_dag.py took 0.851 seconds
[2022-07-30 15:49:50,763] {processor.py:163} INFO - Started process (PID=419) to work on /opt/airflow/dags/data_ingestion_gcs_dag.py
[2022-07-30 15:49:50,764] {processor.py:642} INFO - Processing file /opt/airflow/dags/data_ingestion_gcs_dag.py for tasks to queue
[2022-07-30 15:49:50,765] {logging_mixin.py:109} INFO - [2022-07-30 15:49:50,764] {dagbag.py:500} INFO - Filling up the DagBag from /opt/airflow/dags/data_ingestion_gcs_dag.py
[2022-07-30 15:49:51,580] {processor.py:654} INFO - DAG(s) dict_keys(['data_ingestion_gcs_dag']) retrieved from /opt/airflow/dags/data_ingestion_gcs_dag.py
[2022-07-30 15:49:51,590] {logging_mixin.py:109} INFO - [2022-07-30 15:49:51,590] {dag.py:2396} INFO - Sync 1 DAGs
[2022-07-30 15:49:51,620] {processor.py:171} INFO - Processing /opt/airflow/dags/data_ingestion_gcs_dag.py took 0.860 seconds
[2022-07-30 15:50:21,649] {processor.py:163} INFO - Started process (PID=454) to work on /opt/airflow/dags/data_ingestion_gcs_dag.py
[2022-07-30 15:50:21,650] {processor.py:642} INFO - Processing file /opt/airflow/dags/data_ingestion_gcs_dag.py for tasks to queue
[2022-07-30 15:50:21,651] {logging_mixin.py:109} INFO - [2022-07-30 15:50:21,651] {dagbag.py:500} INFO - Filling up the DagBag from /opt/airflow/dags/data_ingestion_gcs_dag.py
[2022-07-30 15:50:22,272] {processor.py:654} INFO - DAG(s) dict_keys(['data_ingestion_gcs_dag']) retrieved from /opt/airflow/dags/data_ingestion_gcs_dag.py
[2022-07-30 15:50:22,279] {logging_mixin.py:109} INFO - [2022-07-30 15:50:22,278] {dag.py:2396} INFO - Sync 1 DAGs
[2022-07-30 15:50:22,295] {processor.py:171} INFO - Processing /opt/airflow/dags/data_ingestion_gcs_dag.py took 0.647 seconds
[2022-07-30 15:50:52,371] {processor.py:163} INFO - Started process (PID=498) to work on /opt/airflow/dags/data_ingestion_gcs_dag.py
[2022-07-30 15:50:52,372] {processor.py:642} INFO - Processing file /opt/airflow/dags/data_ingestion_gcs_dag.py for tasks to queue
[2022-07-30 15:50:52,372] {logging_mixin.py:109} INFO - [2022-07-30 15:50:52,372] {dagbag.py:500} INFO - Filling up the DagBag from /opt/airflow/dags/data_ingestion_gcs_dag.py
[2022-07-30 15:50:53,015] {processor.py:654} INFO - DAG(s) dict_keys(['data_ingestion_gcs_dag']) retrieved from /opt/airflow/dags/data_ingestion_gcs_dag.py
[2022-07-30 15:50:53,021] {logging_mixin.py:109} INFO - [2022-07-30 15:50:53,021] {dag.py:2396} INFO - Sync 1 DAGs
[2022-07-30 15:50:53,037] {processor.py:171} INFO - Processing /opt/airflow/dags/data_ingestion_gcs_dag.py took 0.668 seconds
[2022-07-30 15:51:23,098] {processor.py:163} INFO - Started process (PID=533) to work on /opt/airflow/dags/data_ingestion_gcs_dag.py
[2022-07-30 15:51:23,099] {processor.py:642} INFO - Processing file /opt/airflow/dags/data_ingestion_gcs_dag.py for tasks to queue
[2022-07-30 15:51:23,100] {logging_mixin.py:109} INFO - [2022-07-30 15:51:23,100] {dagbag.py:500} INFO - Filling up the DagBag from /opt/airflow/dags/data_ingestion_gcs_dag.py
[2022-07-30 15:51:23,721] {processor.py:654} INFO - DAG(s) dict_keys(['data_ingestion_gcs_dag']) retrieved from /opt/airflow/dags/data_ingestion_gcs_dag.py
[2022-07-30 15:51:23,729] {logging_mixin.py:109} INFO - [2022-07-30 15:51:23,729] {dag.py:2396} INFO - Sync 1 DAGs
[2022-07-30 15:51:23,746] {processor.py:171} INFO - Processing /opt/airflow/dags/data_ingestion_gcs_dag.py took 0.650 seconds
[2022-07-30 15:51:53,855] {processor.py:163} INFO - Started process (PID=577) to work on /opt/airflow/dags/data_ingestion_gcs_dag.py
[2022-07-30 15:51:53,856] {processor.py:642} INFO - Processing file /opt/airflow/dags/data_ingestion_gcs_dag.py for tasks to queue
[2022-07-30 15:51:53,857] {logging_mixin.py:109} INFO - [2022-07-30 15:51:53,857] {dagbag.py:500} INFO - Filling up the DagBag from /opt/airflow/dags/data_ingestion_gcs_dag.py
[2022-07-30 15:51:54,495] {processor.py:654} INFO - DAG(s) dict_keys(['data_ingestion_gcs_dag']) retrieved from /opt/airflow/dags/data_ingestion_gcs_dag.py
[2022-07-30 15:51:54,501] {logging_mixin.py:109} INFO - [2022-07-30 15:51:54,501] {dag.py:2396} INFO - Sync 1 DAGs
[2022-07-30 15:51:54,516] {processor.py:171} INFO - Processing /opt/airflow/dags/data_ingestion_gcs_dag.py took 0.663 seconds
[2022-07-30 15:52:24,576] {processor.py:163} INFO - Started process (PID=621) to work on /opt/airflow/dags/data_ingestion_gcs_dag.py
[2022-07-30 15:52:24,577] {processor.py:642} INFO - Processing file /opt/airflow/dags/data_ingestion_gcs_dag.py for tasks to queue
[2022-07-30 15:52:24,577] {logging_mixin.py:109} INFO - [2022-07-30 15:52:24,577] {dagbag.py:500} INFO - Filling up the DagBag from /opt/airflow/dags/data_ingestion_gcs_dag.py
[2022-07-30 15:52:25,207] {processor.py:654} INFO - DAG(s) dict_keys(['data_ingestion_gcs_dag']) retrieved from /opt/airflow/dags/data_ingestion_gcs_dag.py
[2022-07-30 15:52:25,214] {logging_mixin.py:109} INFO - [2022-07-30 15:52:25,214] {dag.py:2396} INFO - Sync 1 DAGs
[2022-07-30 15:52:25,232] {processor.py:171} INFO - Processing /opt/airflow/dags/data_ingestion_gcs_dag.py took 0.658 seconds
[2022-07-30 15:52:55,316] {processor.py:163} INFO - Started process (PID=656) to work on /opt/airflow/dags/data_ingestion_gcs_dag.py
[2022-07-30 15:52:55,317] {processor.py:642} INFO - Processing file /opt/airflow/dags/data_ingestion_gcs_dag.py for tasks to queue
[2022-07-30 15:52:55,318] {logging_mixin.py:109} INFO - [2022-07-30 15:52:55,318] {dagbag.py:500} INFO - Filling up the DagBag from /opt/airflow/dags/data_ingestion_gcs_dag.py
[2022-07-30 15:52:56,027] {processor.py:654} INFO - DAG(s) dict_keys(['data_ingestion_gcs_dag']) retrieved from /opt/airflow/dags/data_ingestion_gcs_dag.py
[2022-07-30 15:52:56,034] {logging_mixin.py:109} INFO - [2022-07-30 15:52:56,033] {dag.py:2396} INFO - Sync 1 DAGs
[2022-07-30 15:52:56,052] {processor.py:171} INFO - Processing /opt/airflow/dags/data_ingestion_gcs_dag.py took 0.738 seconds
[2022-07-30 15:53:26,141] {processor.py:163} INFO - Started process (PID=700) to work on /opt/airflow/dags/data_ingestion_gcs_dag.py
[2022-07-30 15:53:26,142] {processor.py:642} INFO - Processing file /opt/airflow/dags/data_ingestion_gcs_dag.py for tasks to queue
[2022-07-30 15:53:26,143] {logging_mixin.py:109} INFO - [2022-07-30 15:53:26,143] {dagbag.py:500} INFO - Filling up the DagBag from /opt/airflow/dags/data_ingestion_gcs_dag.py
[2022-07-30 15:53:26,915] {processor.py:654} INFO - DAG(s) dict_keys(['data_ingestion_gcs_dag']) retrieved from /opt/airflow/dags/data_ingestion_gcs_dag.py
[2022-07-30 15:53:26,922] {logging_mixin.py:109} INFO - [2022-07-30 15:53:26,922] {dag.py:2396} INFO - Sync 1 DAGs
[2022-07-30 15:53:26,938] {processor.py:171} INFO - Processing /opt/airflow/dags/data_ingestion_gcs_dag.py took 0.800 seconds
[2022-07-30 15:54:31,245] {processor.py:163} INFO - Started process (PID=48) to work on /opt/airflow/dags/data_ingestion_gcs_dag.py
[2022-07-30 15:54:31,245] {processor.py:642} INFO - Processing file /opt/airflow/dags/data_ingestion_gcs_dag.py for tasks to queue
[2022-07-30 15:54:31,246] {logging_mixin.py:109} INFO - [2022-07-30 15:54:31,246] {dagbag.py:500} INFO - Filling up the DagBag from /opt/airflow/dags/data_ingestion_gcs_dag.py
[2022-07-30 15:54:33,473] {processor.py:654} INFO - DAG(s) dict_keys(['data_ingestion_gcs_dag']) retrieved from /opt/airflow/dags/data_ingestion_gcs_dag.py
[2022-07-30 15:54:33,483] {logging_mixin.py:109} INFO - [2022-07-30 15:54:33,482] {dag.py:2396} INFO - Sync 1 DAGs
[2022-07-30 15:54:33,527] {processor.py:171} INFO - Processing /opt/airflow/dags/data_ingestion_gcs_dag.py took 2.284 seconds
[2022-07-30 15:55:03,584] {processor.py:163} INFO - Started process (PID=92) to work on /opt/airflow/dags/data_ingestion_gcs_dag.py
[2022-07-30 15:55:03,585] {processor.py:642} INFO - Processing file /opt/airflow/dags/data_ingestion_gcs_dag.py for tasks to queue
[2022-07-30 15:55:03,585] {logging_mixin.py:109} INFO - [2022-07-30 15:55:03,585] {dagbag.py:500} INFO - Filling up the DagBag from /opt/airflow/dags/data_ingestion_gcs_dag.py
[2022-07-30 15:55:04,197] {processor.py:654} INFO - DAG(s) dict_keys(['data_ingestion_gcs_dag']) retrieved from /opt/airflow/dags/data_ingestion_gcs_dag.py
[2022-07-30 15:55:04,204] {logging_mixin.py:109} INFO - [2022-07-30 15:55:04,203] {dag.py:2396} INFO - Sync 1 DAGs
[2022-07-30 15:55:04,220] {processor.py:171} INFO - Processing /opt/airflow/dags/data_ingestion_gcs_dag.py took 0.638 seconds
[2022-07-30 15:55:34,298] {processor.py:163} INFO - Started process (PID=136) to work on /opt/airflow/dags/data_ingestion_gcs_dag.py
[2022-07-30 15:55:34,299] {processor.py:642} INFO - Processing file /opt/airflow/dags/data_ingestion_gcs_dag.py for tasks to queue
[2022-07-30 15:55:34,300] {logging_mixin.py:109} INFO - [2022-07-30 15:55:34,300] {dagbag.py:500} INFO - Filling up the DagBag from /opt/airflow/dags/data_ingestion_gcs_dag.py
[2022-07-30 15:55:34,899] {processor.py:654} INFO - DAG(s) dict_keys(['data_ingestion_gcs_dag']) retrieved from /opt/airflow/dags/data_ingestion_gcs_dag.py
[2022-07-30 15:55:34,905] {logging_mixin.py:109} INFO - [2022-07-30 15:55:34,905] {dag.py:2396} INFO - Sync 1 DAGs
[2022-07-30 15:55:34,923] {processor.py:171} INFO - Processing /opt/airflow/dags/data_ingestion_gcs_dag.py took 0.627 seconds
[2022-07-30 15:56:04,981] {processor.py:163} INFO - Started process (PID=172) to work on /opt/airflow/dags/data_ingestion_gcs_dag.py
[2022-07-30 15:56:04,982] {processor.py:642} INFO - Processing file /opt/airflow/dags/data_ingestion_gcs_dag.py for tasks to queue
[2022-07-30 15:56:04,982] {logging_mixin.py:109} INFO - [2022-07-30 15:56:04,982] {dagbag.py:500} INFO - Filling up the DagBag from /opt/airflow/dags/data_ingestion_gcs_dag.py
[2022-07-30 15:56:05,593] {processor.py:654} INFO - DAG(s) dict_keys(['data_ingestion_gcs_dag']) retrieved from /opt/airflow/dags/data_ingestion_gcs_dag.py
[2022-07-30 15:56:05,600] {logging_mixin.py:109} INFO - [2022-07-30 15:56:05,600] {dag.py:2396} INFO - Sync 1 DAGs
[2022-07-30 15:56:05,617] {processor.py:171} INFO - Processing /opt/airflow/dags/data_ingestion_gcs_dag.py took 0.638 seconds
[2022-07-30 15:56:35,696] {processor.py:163} INFO - Started process (PID=216) to work on /opt/airflow/dags/data_ingestion_gcs_dag.py
[2022-07-30 15:56:35,697] {processor.py:642} INFO - Processing file /opt/airflow/dags/data_ingestion_gcs_dag.py for tasks to queue
[2022-07-30 15:56:35,697] {logging_mixin.py:109} INFO - [2022-07-30 15:56:35,697] {dagbag.py:500} INFO - Filling up the DagBag from /opt/airflow/dags/data_ingestion_gcs_dag.py
[2022-07-30 15:56:36,312] {processor.py:654} INFO - DAG(s) dict_keys(['data_ingestion_gcs_dag']) retrieved from /opt/airflow/dags/data_ingestion_gcs_dag.py
[2022-07-30 15:56:36,320] {logging_mixin.py:109} INFO - [2022-07-30 15:56:36,320] {dag.py:2396} INFO - Sync 1 DAGs
[2022-07-30 15:56:36,339] {processor.py:171} INFO - Processing /opt/airflow/dags/data_ingestion_gcs_dag.py took 0.645 seconds
[2022-07-30 15:57:06,398] {processor.py:163} INFO - Started process (PID=261) to work on /opt/airflow/dags/data_ingestion_gcs_dag.py
[2022-07-30 15:57:06,399] {processor.py:642} INFO - Processing file /opt/airflow/dags/data_ingestion_gcs_dag.py for tasks to queue
[2022-07-30 15:57:06,399] {logging_mixin.py:109} INFO - [2022-07-30 15:57:06,399] {dagbag.py:500} INFO - Filling up the DagBag from /opt/airflow/dags/data_ingestion_gcs_dag.py
[2022-07-30 15:57:07,015] {processor.py:654} INFO - DAG(s) dict_keys(['data_ingestion_gcs_dag']) retrieved from /opt/airflow/dags/data_ingestion_gcs_dag.py
[2022-07-30 15:57:07,023] {logging_mixin.py:109} INFO - [2022-07-30 15:57:07,022] {dag.py:2396} INFO - Sync 1 DAGs
[2022-07-30 15:57:07,041] {processor.py:171} INFO - Processing /opt/airflow/dags/data_ingestion_gcs_dag.py took 0.645 seconds
[2022-07-30 15:57:37,123] {processor.py:163} INFO - Started process (PID=296) to work on /opt/airflow/dags/data_ingestion_gcs_dag.py
[2022-07-30 15:57:37,124] {processor.py:642} INFO - Processing file /opt/airflow/dags/data_ingestion_gcs_dag.py for tasks to queue
[2022-07-30 15:57:37,124] {logging_mixin.py:109} INFO - [2022-07-30 15:57:37,124] {dagbag.py:500} INFO - Filling up the DagBag from /opt/airflow/dags/data_ingestion_gcs_dag.py
[2022-07-30 15:57:37,795] {processor.py:654} INFO - DAG(s) dict_keys(['data_ingestion_gcs_dag']) retrieved from /opt/airflow/dags/data_ingestion_gcs_dag.py
[2022-07-30 15:57:37,805] {logging_mixin.py:109} INFO - [2022-07-30 15:57:37,805] {dag.py:2396} INFO - Sync 1 DAGs
[2022-07-30 15:57:37,820] {processor.py:171} INFO - Processing /opt/airflow/dags/data_ingestion_gcs_dag.py took 0.700 seconds
[2022-07-30 15:58:07,879] {processor.py:163} INFO - Started process (PID=340) to work on /opt/airflow/dags/data_ingestion_gcs_dag.py
[2022-07-30 15:58:07,880] {processor.py:642} INFO - Processing file /opt/airflow/dags/data_ingestion_gcs_dag.py for tasks to queue
[2022-07-30 15:58:07,880] {logging_mixin.py:109} INFO - [2022-07-30 15:58:07,880] {dagbag.py:500} INFO - Filling up the DagBag from /opt/airflow/dags/data_ingestion_gcs_dag.py
[2022-07-30 15:58:08,478] {processor.py:654} INFO - DAG(s) dict_keys(['data_ingestion_gcs_dag']) retrieved from /opt/airflow/dags/data_ingestion_gcs_dag.py
[2022-07-30 15:58:08,485] {logging_mixin.py:109} INFO - [2022-07-30 15:58:08,485] {dag.py:2396} INFO - Sync 1 DAGs
[2022-07-30 15:58:08,500] {processor.py:171} INFO - Processing /opt/airflow/dags/data_ingestion_gcs_dag.py took 0.623 seconds
[2022-07-30 15:58:38,572] {processor.py:163} INFO - Started process (PID=375) to work on /opt/airflow/dags/data_ingestion_gcs_dag.py
[2022-07-30 15:58:38,573] {processor.py:642} INFO - Processing file /opt/airflow/dags/data_ingestion_gcs_dag.py for tasks to queue
[2022-07-30 15:58:38,573] {logging_mixin.py:109} INFO - [2022-07-30 15:58:38,573] {dagbag.py:500} INFO - Filling up the DagBag from /opt/airflow/dags/data_ingestion_gcs_dag.py
[2022-07-30 15:58:39,195] {processor.py:654} INFO - DAG(s) dict_keys(['data_ingestion_gcs_dag']) retrieved from /opt/airflow/dags/data_ingestion_gcs_dag.py
[2022-07-30 15:58:39,202] {logging_mixin.py:109} INFO - [2022-07-30 15:58:39,202] {dag.py:2396} INFO - Sync 1 DAGs
[2022-07-30 15:58:39,218] {processor.py:171} INFO - Processing /opt/airflow/dags/data_ingestion_gcs_dag.py took 0.648 seconds
[2022-07-30 15:59:09,279] {processor.py:163} INFO - Started process (PID=419) to work on /opt/airflow/dags/data_ingestion_gcs_dag.py
[2022-07-30 15:59:09,280] {processor.py:642} INFO - Processing file /opt/airflow/dags/data_ingestion_gcs_dag.py for tasks to queue
[2022-07-30 15:59:09,280] {logging_mixin.py:109} INFO - [2022-07-30 15:59:09,280] {dagbag.py:500} INFO - Filling up the DagBag from /opt/airflow/dags/data_ingestion_gcs_dag.py
[2022-07-30 15:59:09,884] {processor.py:654} INFO - DAG(s) dict_keys(['data_ingestion_gcs_dag']) retrieved from /opt/airflow/dags/data_ingestion_gcs_dag.py
[2022-07-30 15:59:09,890] {logging_mixin.py:109} INFO - [2022-07-30 15:59:09,890] {dag.py:2396} INFO - Sync 1 DAGs
[2022-07-30 15:59:09,906] {processor.py:171} INFO - Processing /opt/airflow/dags/data_ingestion_gcs_dag.py took 0.629 seconds
[2022-07-30 15:59:39,978] {processor.py:163} INFO - Started process (PID=463) to work on /opt/airflow/dags/data_ingestion_gcs_dag.py
[2022-07-30 15:59:39,979] {processor.py:642} INFO - Processing file /opt/airflow/dags/data_ingestion_gcs_dag.py for tasks to queue
[2022-07-30 15:59:39,980] {logging_mixin.py:109} INFO - [2022-07-30 15:59:39,979] {dagbag.py:500} INFO - Filling up the DagBag from /opt/airflow/dags/data_ingestion_gcs_dag.py
[2022-07-30 15:59:40,634] {processor.py:654} INFO - DAG(s) dict_keys(['data_ingestion_gcs_dag']) retrieved from /opt/airflow/dags/data_ingestion_gcs_dag.py
[2022-07-30 15:59:40,641] {logging_mixin.py:109} INFO - [2022-07-30 15:59:40,641] {dag.py:2396} INFO - Sync 1 DAGs
[2022-07-30 15:59:40,659] {processor.py:171} INFO - Processing /opt/airflow/dags/data_ingestion_gcs_dag.py took 0.683 seconds
[2022-07-30 16:00:10,723] {processor.py:163} INFO - Started process (PID=498) to work on /opt/airflow/dags/data_ingestion_gcs_dag.py
[2022-07-30 16:00:10,724] {processor.py:642} INFO - Processing file /opt/airflow/dags/data_ingestion_gcs_dag.py for tasks to queue
[2022-07-30 16:00:10,725] {logging_mixin.py:109} INFO - [2022-07-30 16:00:10,725] {dagbag.py:500} INFO - Filling up the DagBag from /opt/airflow/dags/data_ingestion_gcs_dag.py
[2022-07-30 16:00:11,401] {processor.py:654} INFO - DAG(s) dict_keys(['data_ingestion_gcs_dag']) retrieved from /opt/airflow/dags/data_ingestion_gcs_dag.py
[2022-07-30 16:00:11,408] {logging_mixin.py:109} INFO - [2022-07-30 16:00:11,408] {dag.py:2396} INFO - Sync 1 DAGs
[2022-07-30 16:00:11,424] {processor.py:171} INFO - Processing /opt/airflow/dags/data_ingestion_gcs_dag.py took 0.704 seconds
[2022-07-30 16:00:41,514] {processor.py:163} INFO - Started process (PID=542) to work on /opt/airflow/dags/data_ingestion_gcs_dag.py
[2022-07-30 16:00:41,515] {processor.py:642} INFO - Processing file /opt/airflow/dags/data_ingestion_gcs_dag.py for tasks to queue
[2022-07-30 16:00:41,515] {logging_mixin.py:109} INFO - [2022-07-30 16:00:41,515] {dagbag.py:500} INFO - Filling up the DagBag from /opt/airflow/dags/data_ingestion_gcs_dag.py
[2022-07-30 16:00:42,221] {processor.py:654} INFO - DAG(s) dict_keys(['data_ingestion_gcs_dag']) retrieved from /opt/airflow/dags/data_ingestion_gcs_dag.py
[2022-07-30 16:00:42,228] {logging_mixin.py:109} INFO - [2022-07-30 16:00:42,228] {dag.py:2396} INFO - Sync 1 DAGs
[2022-07-30 16:00:42,247] {processor.py:171} INFO - Processing /opt/airflow/dags/data_ingestion_gcs_dag.py took 0.735 seconds
[2022-07-30 16:01:12,329] {processor.py:163} INFO - Started process (PID=577) to work on /opt/airflow/dags/data_ingestion_gcs_dag.py
[2022-07-30 16:01:12,330] {processor.py:642} INFO - Processing file /opt/airflow/dags/data_ingestion_gcs_dag.py for tasks to queue
[2022-07-30 16:01:12,330] {logging_mixin.py:109} INFO - [2022-07-30 16:01:12,330] {dagbag.py:500} INFO - Filling up the DagBag from /opt/airflow/dags/data_ingestion_gcs_dag.py
[2022-07-30 16:01:12,963] {processor.py:654} INFO - DAG(s) dict_keys(['data_ingestion_gcs_dag']) retrieved from /opt/airflow/dags/data_ingestion_gcs_dag.py
[2022-07-30 16:01:12,969] {logging_mixin.py:109} INFO - [2022-07-30 16:01:12,969] {dag.py:2396} INFO - Sync 1 DAGs
[2022-07-30 16:01:12,980] {logging_mixin.py:109} INFO - [2022-07-30 16:01:12,980] {dag.py:2935} INFO - Setting next_dagrun for data_ingestion_gcs_dag to 2022-07-30T00:00:00+00:00
[2022-07-30 16:01:12,986] {processor.py:171} INFO - Processing /opt/airflow/dags/data_ingestion_gcs_dag.py took 0.659 seconds
[2022-07-30 16:01:43,043] {processor.py:163} INFO - Started process (PID=621) to work on /opt/airflow/dags/data_ingestion_gcs_dag.py
[2022-07-30 16:01:43,044] {processor.py:642} INFO - Processing file /opt/airflow/dags/data_ingestion_gcs_dag.py for tasks to queue
[2022-07-30 16:01:43,044] {logging_mixin.py:109} INFO - [2022-07-30 16:01:43,044] {dagbag.py:500} INFO - Filling up the DagBag from /opt/airflow/dags/data_ingestion_gcs_dag.py
[2022-07-30 16:01:43,716] {processor.py:654} INFO - DAG(s) dict_keys(['data_ingestion_gcs_dag']) retrieved from /opt/airflow/dags/data_ingestion_gcs_dag.py
[2022-07-30 16:01:43,726] {logging_mixin.py:109} INFO - [2022-07-30 16:01:43,726] {dag.py:2396} INFO - Sync 1 DAGs
[2022-07-30 16:01:43,739] {logging_mixin.py:109} INFO - [2022-07-30 16:01:43,739] {dag.py:2935} INFO - Setting next_dagrun for data_ingestion_gcs_dag to 2022-07-30T00:00:00+00:00
[2022-07-30 16:01:43,747] {processor.py:171} INFO - Processing /opt/airflow/dags/data_ingestion_gcs_dag.py took 0.706 seconds
[2022-07-30 16:02:13,805] {processor.py:163} INFO - Started process (PID=656) to work on /opt/airflow/dags/data_ingestion_gcs_dag.py
[2022-07-30 16:02:13,806] {processor.py:642} INFO - Processing file /opt/airflow/dags/data_ingestion_gcs_dag.py for tasks to queue
[2022-07-30 16:02:13,806] {logging_mixin.py:109} INFO - [2022-07-30 16:02:13,806] {dagbag.py:500} INFO - Filling up the DagBag from /opt/airflow/dags/data_ingestion_gcs_dag.py
[2022-07-30 16:02:14,518] {processor.py:654} INFO - DAG(s) dict_keys(['data_ingestion_gcs_dag']) retrieved from /opt/airflow/dags/data_ingestion_gcs_dag.py
[2022-07-30 16:02:14,526] {logging_mixin.py:109} INFO - [2022-07-30 16:02:14,526] {dag.py:2396} INFO - Sync 1 DAGs
[2022-07-30 16:02:14,540] {logging_mixin.py:109} INFO - [2022-07-30 16:02:14,540] {dag.py:2935} INFO - Setting next_dagrun for data_ingestion_gcs_dag to 2022-07-30T00:00:00+00:00
[2022-07-30 16:02:14,546] {processor.py:171} INFO - Processing /opt/airflow/dags/data_ingestion_gcs_dag.py took 0.742 seconds
[2022-07-30 16:02:44,625] {processor.py:163} INFO - Started process (PID=700) to work on /opt/airflow/dags/data_ingestion_gcs_dag.py
[2022-07-30 16:02:44,626] {processor.py:642} INFO - Processing file /opt/airflow/dags/data_ingestion_gcs_dag.py for tasks to queue
[2022-07-30 16:02:44,626] {logging_mixin.py:109} INFO - [2022-07-30 16:02:44,626] {dagbag.py:500} INFO - Filling up the DagBag from /opt/airflow/dags/data_ingestion_gcs_dag.py
[2022-07-30 16:02:45,295] {processor.py:654} INFO - DAG(s) dict_keys(['data_ingestion_gcs_dag']) retrieved from /opt/airflow/dags/data_ingestion_gcs_dag.py
[2022-07-30 16:02:45,302] {logging_mixin.py:109} INFO - [2022-07-30 16:02:45,301] {dag.py:2396} INFO - Sync 1 DAGs
[2022-07-30 16:02:45,313] {logging_mixin.py:109} INFO - [2022-07-30 16:02:45,313] {dag.py:2935} INFO - Setting next_dagrun for data_ingestion_gcs_dag to 2022-07-30T00:00:00+00:00
[2022-07-30 16:02:45,319] {processor.py:171} INFO - Processing /opt/airflow/dags/data_ingestion_gcs_dag.py took 0.696 seconds
[2022-07-30 16:03:15,386] {processor.py:163} INFO - Started process (PID=744) to work on /opt/airflow/dags/data_ingestion_gcs_dag.py
[2022-07-30 16:03:15,387] {processor.py:642} INFO - Processing file /opt/airflow/dags/data_ingestion_gcs_dag.py for tasks to queue
[2022-07-30 16:03:15,387] {logging_mixin.py:109} INFO - [2022-07-30 16:03:15,387] {dagbag.py:500} INFO - Filling up the DagBag from /opt/airflow/dags/data_ingestion_gcs_dag.py
[2022-07-30 16:03:16,034] {processor.py:654} INFO - DAG(s) dict_keys(['data_ingestion_gcs_dag']) retrieved from /opt/airflow/dags/data_ingestion_gcs_dag.py
[2022-07-30 16:03:16,043] {logging_mixin.py:109} INFO - [2022-07-30 16:03:16,042] {dag.py:2396} INFO - Sync 1 DAGs
[2022-07-30 16:03:16,055] {logging_mixin.py:109} INFO - [2022-07-30 16:03:16,055] {dag.py:2935} INFO - Setting next_dagrun for data_ingestion_gcs_dag to 2022-07-30T00:00:00+00:00
[2022-07-30 16:03:16,062] {processor.py:171} INFO - Processing /opt/airflow/dags/data_ingestion_gcs_dag.py took 0.679 seconds
[2022-07-30 16:03:46,127] {processor.py:163} INFO - Started process (PID=779) to work on /opt/airflow/dags/data_ingestion_gcs_dag.py
[2022-07-30 16:03:46,128] {processor.py:642} INFO - Processing file /opt/airflow/dags/data_ingestion_gcs_dag.py for tasks to queue
[2022-07-30 16:03:46,128] {logging_mixin.py:109} INFO - [2022-07-30 16:03:46,128] {dagbag.py:500} INFO - Filling up the DagBag from /opt/airflow/dags/data_ingestion_gcs_dag.py
[2022-07-30 16:03:46,808] {processor.py:654} INFO - DAG(s) dict_keys(['data_ingestion_gcs_dag']) retrieved from /opt/airflow/dags/data_ingestion_gcs_dag.py
[2022-07-30 16:03:46,815] {logging_mixin.py:109} INFO - [2022-07-30 16:03:46,815] {dag.py:2396} INFO - Sync 1 DAGs
[2022-07-30 16:03:46,829] {logging_mixin.py:109} INFO - [2022-07-30 16:03:46,829] {dag.py:2935} INFO - Setting next_dagrun for data_ingestion_gcs_dag to 2022-07-30T00:00:00+00:00
[2022-07-30 16:03:46,836] {processor.py:171} INFO - Processing /opt/airflow/dags/data_ingestion_gcs_dag.py took 0.711 seconds
[2022-07-30 16:04:16,919] {processor.py:163} INFO - Started process (PID=823) to work on /opt/airflow/dags/data_ingestion_gcs_dag.py
[2022-07-30 16:04:16,920] {processor.py:642} INFO - Processing file /opt/airflow/dags/data_ingestion_gcs_dag.py for tasks to queue
[2022-07-30 16:04:16,921] {logging_mixin.py:109} INFO - [2022-07-30 16:04:16,921] {dagbag.py:500} INFO - Filling up the DagBag from /opt/airflow/dags/data_ingestion_gcs_dag.py
[2022-07-30 16:04:17,598] {processor.py:654} INFO - DAG(s) dict_keys(['data_ingestion_gcs_dag']) retrieved from /opt/airflow/dags/data_ingestion_gcs_dag.py
[2022-07-30 16:04:17,605] {logging_mixin.py:109} INFO - [2022-07-30 16:04:17,605] {dag.py:2396} INFO - Sync 1 DAGs
[2022-07-30 16:04:17,618] {logging_mixin.py:109} INFO - [2022-07-30 16:04:17,617] {dag.py:2935} INFO - Setting next_dagrun for data_ingestion_gcs_dag to 2022-07-30T00:00:00+00:00
[2022-07-30 16:04:17,624] {processor.py:171} INFO - Processing /opt/airflow/dags/data_ingestion_gcs_dag.py took 0.707 seconds
[2022-07-30 16:04:47,697] {processor.py:163} INFO - Started process (PID=858) to work on /opt/airflow/dags/data_ingestion_gcs_dag.py
[2022-07-30 16:04:47,698] {processor.py:642} INFO - Processing file /opt/airflow/dags/data_ingestion_gcs_dag.py for tasks to queue
[2022-07-30 16:04:47,698] {logging_mixin.py:109} INFO - [2022-07-30 16:04:47,698] {dagbag.py:500} INFO - Filling up the DagBag from /opt/airflow/dags/data_ingestion_gcs_dag.py
[2022-07-30 16:04:48,328] {processor.py:654} INFO - DAG(s) dict_keys(['data_ingestion_gcs_dag']) retrieved from /opt/airflow/dags/data_ingestion_gcs_dag.py
[2022-07-30 16:04:48,335] {logging_mixin.py:109} INFO - [2022-07-30 16:04:48,334] {dag.py:2396} INFO - Sync 1 DAGs
[2022-07-30 16:04:48,347] {logging_mixin.py:109} INFO - [2022-07-30 16:04:48,347] {dag.py:2935} INFO - Setting next_dagrun for data_ingestion_gcs_dag to 2022-07-30T00:00:00+00:00
[2022-07-30 16:04:48,353] {processor.py:171} INFO - Processing /opt/airflow/dags/data_ingestion_gcs_dag.py took 0.658 seconds
[2022-07-30 16:05:18,387] {processor.py:163} INFO - Started process (PID=902) to work on /opt/airflow/dags/data_ingestion_gcs_dag.py
[2022-07-30 16:05:18,388] {processor.py:642} INFO - Processing file /opt/airflow/dags/data_ingestion_gcs_dag.py for tasks to queue
[2022-07-30 16:05:18,388] {logging_mixin.py:109} INFO - [2022-07-30 16:05:18,388] {dagbag.py:500} INFO - Filling up the DagBag from /opt/airflow/dags/data_ingestion_gcs_dag.py
[2022-07-30 16:05:18,984] {processor.py:654} INFO - DAG(s) dict_keys(['data_ingestion_gcs_dag']) retrieved from /opt/airflow/dags/data_ingestion_gcs_dag.py
[2022-07-30 16:05:18,990] {logging_mixin.py:109} INFO - [2022-07-30 16:05:18,990] {dag.py:2396} INFO - Sync 1 DAGs
[2022-07-30 16:05:19,001] {logging_mixin.py:109} INFO - [2022-07-30 16:05:19,001] {dag.py:2935} INFO - Setting next_dagrun for data_ingestion_gcs_dag to 2022-07-30T00:00:00+00:00
[2022-07-30 16:05:19,007] {processor.py:171} INFO - Processing /opt/airflow/dags/data_ingestion_gcs_dag.py took 0.622 seconds
[2022-07-30 16:05:49,078] {processor.py:163} INFO - Started process (PID=937) to work on /opt/airflow/dags/data_ingestion_gcs_dag.py
[2022-07-30 16:05:49,078] {processor.py:642} INFO - Processing file /opt/airflow/dags/data_ingestion_gcs_dag.py for tasks to queue
[2022-07-30 16:05:49,079] {logging_mixin.py:109} INFO - [2022-07-30 16:05:49,079] {dagbag.py:500} INFO - Filling up the DagBag from /opt/airflow/dags/data_ingestion_gcs_dag.py
[2022-07-30 16:05:49,678] {processor.py:654} INFO - DAG(s) dict_keys(['data_ingestion_gcs_dag']) retrieved from /opt/airflow/dags/data_ingestion_gcs_dag.py
[2022-07-30 16:05:49,685] {logging_mixin.py:109} INFO - [2022-07-30 16:05:49,685] {dag.py:2396} INFO - Sync 1 DAGs
[2022-07-30 16:05:49,696] {logging_mixin.py:109} INFO - [2022-07-30 16:05:49,696] {dag.py:2935} INFO - Setting next_dagrun for data_ingestion_gcs_dag to 2022-07-30T00:00:00+00:00
[2022-07-30 16:05:49,702] {processor.py:171} INFO - Processing /opt/airflow/dags/data_ingestion_gcs_dag.py took 0.626 seconds
[2022-07-30 16:06:19,760] {processor.py:163} INFO - Started process (PID=981) to work on /opt/airflow/dags/data_ingestion_gcs_dag.py
[2022-07-30 16:06:19,761] {processor.py:642} INFO - Processing file /opt/airflow/dags/data_ingestion_gcs_dag.py for tasks to queue
[2022-07-30 16:06:19,761] {logging_mixin.py:109} INFO - [2022-07-30 16:06:19,761] {dagbag.py:500} INFO - Filling up the DagBag from /opt/airflow/dags/data_ingestion_gcs_dag.py
[2022-07-30 16:06:20,367] {processor.py:654} INFO - DAG(s) dict_keys(['data_ingestion_gcs_dag']) retrieved from /opt/airflow/dags/data_ingestion_gcs_dag.py
[2022-07-30 16:06:20,374] {logging_mixin.py:109} INFO - [2022-07-30 16:06:20,374] {dag.py:2396} INFO - Sync 1 DAGs
[2022-07-30 16:06:20,387] {logging_mixin.py:109} INFO - [2022-07-30 16:06:20,387] {dag.py:2935} INFO - Setting next_dagrun for data_ingestion_gcs_dag to 2022-07-30T00:00:00+00:00
[2022-07-30 16:06:20,393] {processor.py:171} INFO - Processing /opt/airflow/dags/data_ingestion_gcs_dag.py took 0.634 seconds
[2022-07-30 16:06:50,468] {processor.py:163} INFO - Started process (PID=1025) to work on /opt/airflow/dags/data_ingestion_gcs_dag.py
[2022-07-30 16:06:50,469] {processor.py:642} INFO - Processing file /opt/airflow/dags/data_ingestion_gcs_dag.py for tasks to queue
[2022-07-30 16:06:50,469] {logging_mixin.py:109} INFO - [2022-07-30 16:06:50,469] {dagbag.py:500} INFO - Filling up the DagBag from /opt/airflow/dags/data_ingestion_gcs_dag.py
[2022-07-30 16:06:51,131] {processor.py:654} INFO - DAG(s) dict_keys(['data_ingestion_gcs_dag']) retrieved from /opt/airflow/dags/data_ingestion_gcs_dag.py
[2022-07-30 16:06:51,138] {logging_mixin.py:109} INFO - [2022-07-30 16:06:51,137] {dag.py:2396} INFO - Sync 1 DAGs
[2022-07-30 16:06:51,150] {logging_mixin.py:109} INFO - [2022-07-30 16:06:51,150] {dag.py:2935} INFO - Setting next_dagrun for data_ingestion_gcs_dag to 2022-07-30T00:00:00+00:00
[2022-07-30 16:06:51,156] {processor.py:171} INFO - Processing /opt/airflow/dags/data_ingestion_gcs_dag.py took 0.690 seconds
[2022-07-30 16:07:21,216] {processor.py:163} INFO - Started process (PID=1060) to work on /opt/airflow/dags/data_ingestion_gcs_dag.py
[2022-07-30 16:07:21,217] {processor.py:642} INFO - Processing file /opt/airflow/dags/data_ingestion_gcs_dag.py for tasks to queue
[2022-07-30 16:07:21,217] {logging_mixin.py:109} INFO - [2022-07-30 16:07:21,217] {dagbag.py:500} INFO - Filling up the DagBag from /opt/airflow/dags/data_ingestion_gcs_dag.py
[2022-07-30 16:07:21,879] {processor.py:654} INFO - DAG(s) dict_keys(['data_ingestion_gcs_dag']) retrieved from /opt/airflow/dags/data_ingestion_gcs_dag.py
[2022-07-30 16:07:21,886] {logging_mixin.py:109} INFO - [2022-07-30 16:07:21,886] {dag.py:2396} INFO - Sync 1 DAGs
[2022-07-30 16:07:21,898] {logging_mixin.py:109} INFO - [2022-07-30 16:07:21,898] {dag.py:2935} INFO - Setting next_dagrun for data_ingestion_gcs_dag to 2022-07-30T00:00:00+00:00
[2022-07-30 16:07:21,904] {processor.py:171} INFO - Processing /opt/airflow/dags/data_ingestion_gcs_dag.py took 0.690 seconds
[2022-07-30 16:07:51,974] {processor.py:163} INFO - Started process (PID=1104) to work on /opt/airflow/dags/data_ingestion_gcs_dag.py
[2022-07-30 16:07:51,975] {processor.py:642} INFO - Processing file /opt/airflow/dags/data_ingestion_gcs_dag.py for tasks to queue
[2022-07-30 16:07:51,975] {logging_mixin.py:109} INFO - [2022-07-30 16:07:51,975] {dagbag.py:500} INFO - Filling up the DagBag from /opt/airflow/dags/data_ingestion_gcs_dag.py
[2022-07-30 16:07:52,627] {processor.py:654} INFO - DAG(s) dict_keys(['data_ingestion_gcs_dag']) retrieved from /opt/airflow/dags/data_ingestion_gcs_dag.py
[2022-07-30 16:07:52,636] {logging_mixin.py:109} INFO - [2022-07-30 16:07:52,636] {dag.py:2396} INFO - Sync 1 DAGs
[2022-07-30 16:07:52,653] {logging_mixin.py:109} INFO - [2022-07-30 16:07:52,653] {dag.py:2935} INFO - Setting next_dagrun for data_ingestion_gcs_dag to 2022-07-30T00:00:00+00:00
[2022-07-30 16:07:52,660] {processor.py:171} INFO - Processing /opt/airflow/dags/data_ingestion_gcs_dag.py took 0.688 seconds
[2022-07-30 16:08:22,751] {processor.py:163} INFO - Started process (PID=1139) to work on /opt/airflow/dags/data_ingestion_gcs_dag.py
[2022-07-30 16:08:22,752] {processor.py:642} INFO - Processing file /opt/airflow/dags/data_ingestion_gcs_dag.py for tasks to queue
[2022-07-30 16:08:22,752] {logging_mixin.py:109} INFO - [2022-07-30 16:08:22,752] {dagbag.py:500} INFO - Filling up the DagBag from /opt/airflow/dags/data_ingestion_gcs_dag.py
[2022-07-30 16:08:23,381] {processor.py:654} INFO - DAG(s) dict_keys(['data_ingestion_gcs_dag']) retrieved from /opt/airflow/dags/data_ingestion_gcs_dag.py
[2022-07-30 16:08:23,388] {logging_mixin.py:109} INFO - [2022-07-30 16:08:23,387] {dag.py:2396} INFO - Sync 1 DAGs
[2022-07-30 16:08:23,400] {logging_mixin.py:109} INFO - [2022-07-30 16:08:23,400] {dag.py:2935} INFO - Setting next_dagrun for data_ingestion_gcs_dag to 2022-07-30T00:00:00+00:00
[2022-07-30 16:08:23,405] {processor.py:171} INFO - Processing /opt/airflow/dags/data_ingestion_gcs_dag.py took 0.656 seconds
[2022-07-30 16:08:53,487] {processor.py:163} INFO - Started process (PID=1183) to work on /opt/airflow/dags/data_ingestion_gcs_dag.py
[2022-07-30 16:08:53,488] {processor.py:642} INFO - Processing file /opt/airflow/dags/data_ingestion_gcs_dag.py for tasks to queue
[2022-07-30 16:08:53,488] {logging_mixin.py:109} INFO - [2022-07-30 16:08:53,488] {dagbag.py:500} INFO - Filling up the DagBag from /opt/airflow/dags/data_ingestion_gcs_dag.py
[2022-07-30 16:08:54,124] {processor.py:654} INFO - DAG(s) dict_keys(['data_ingestion_gcs_dag']) retrieved from /opt/airflow/dags/data_ingestion_gcs_dag.py
[2022-07-30 16:08:54,130] {logging_mixin.py:109} INFO - [2022-07-30 16:08:54,130] {dag.py:2396} INFO - Sync 1 DAGs
[2022-07-30 16:08:54,142] {logging_mixin.py:109} INFO - [2022-07-30 16:08:54,142] {dag.py:2935} INFO - Setting next_dagrun for data_ingestion_gcs_dag to 2022-07-30T00:00:00+00:00
[2022-07-30 16:08:54,149] {processor.py:171} INFO - Processing /opt/airflow/dags/data_ingestion_gcs_dag.py took 0.664 seconds
[2022-07-30 16:09:24,193] {processor.py:163} INFO - Started process (PID=1227) to work on /opt/airflow/dags/data_ingestion_gcs_dag.py
[2022-07-30 16:09:24,194] {processor.py:642} INFO - Processing file /opt/airflow/dags/data_ingestion_gcs_dag.py for tasks to queue
[2022-07-30 16:09:24,195] {logging_mixin.py:109} INFO - [2022-07-30 16:09:24,194] {dagbag.py:500} INFO - Filling up the DagBag from /opt/airflow/dags/data_ingestion_gcs_dag.py
[2022-07-30 16:09:24,972] {processor.py:654} INFO - DAG(s) dict_keys(['data_ingestion_gcs_dag']) retrieved from /opt/airflow/dags/data_ingestion_gcs_dag.py
[2022-07-30 16:09:24,980] {logging_mixin.py:109} INFO - [2022-07-30 16:09:24,979] {dag.py:2396} INFO - Sync 1 DAGs
[2022-07-30 16:09:24,995] {logging_mixin.py:109} INFO - [2022-07-30 16:09:24,995] {dag.py:2935} INFO - Setting next_dagrun for data_ingestion_gcs_dag to 2022-07-30T00:00:00+00:00
[2022-07-30 16:09:25,003] {processor.py:171} INFO - Processing /opt/airflow/dags/data_ingestion_gcs_dag.py took 0.811 seconds
[2022-07-30 16:11:41,058] {processor.py:163} INFO - Started process (PID=49) to work on /opt/airflow/dags/data_ingestion_gcs_dag.py
[2022-07-30 16:11:41,059] {processor.py:642} INFO - Processing file /opt/airflow/dags/data_ingestion_gcs_dag.py for tasks to queue
[2022-07-30 16:11:41,059] {logging_mixin.py:109} INFO - [2022-07-30 16:11:41,059] {dagbag.py:500} INFO - Filling up the DagBag from /opt/airflow/dags/data_ingestion_gcs_dag.py
[2022-07-30 16:11:43,304] {processor.py:654} INFO - DAG(s) dict_keys(['data_ingestion_gcs_dag']) retrieved from /opt/airflow/dags/data_ingestion_gcs_dag.py
[2022-07-30 16:11:45,803] {logging_mixin.py:109} INFO - [2022-07-30 16:11:45,803] {manager.py:496} INFO - Created Permission View: can edit on DAG:data_ingestion_gcs_dag
[2022-07-30 16:11:45,808] {logging_mixin.py:109} INFO - [2022-07-30 16:11:45,808] {manager.py:496} INFO - Created Permission View: can read on DAG:data_ingestion_gcs_dag
[2022-07-30 16:11:45,808] {logging_mixin.py:109} INFO - [2022-07-30 16:11:45,808] {dag.py:2396} INFO - Sync 1 DAGs
[2022-07-30 16:11:45,813] {logging_mixin.py:109} INFO - [2022-07-30 16:11:45,813] {dag.py:2415} INFO - Creating ORM DAG for data_ingestion_gcs_dag
[2022-07-30 16:11:45,820] {logging_mixin.py:109} INFO - [2022-07-30 16:11:45,819] {dag.py:2935} INFO - Setting next_dagrun for data_ingestion_gcs_dag to 2022-07-29 00:00:00+00:00
[2022-07-30 16:11:45,828] {processor.py:171} INFO - Processing /opt/airflow/dags/data_ingestion_gcs_dag.py took 4.772 seconds
[2022-07-30 16:12:15,912] {processor.py:163} INFO - Started process (PID=93) to work on /opt/airflow/dags/data_ingestion_gcs_dag.py
[2022-07-30 16:12:15,913] {processor.py:642} INFO - Processing file /opt/airflow/dags/data_ingestion_gcs_dag.py for tasks to queue
[2022-07-30 16:12:15,913] {logging_mixin.py:109} INFO - [2022-07-30 16:12:15,913] {dagbag.py:500} INFO - Filling up the DagBag from /opt/airflow/dags/data_ingestion_gcs_dag.py
[2022-07-30 16:12:16,564] {processor.py:654} INFO - DAG(s) dict_keys(['data_ingestion_gcs_dag']) retrieved from /opt/airflow/dags/data_ingestion_gcs_dag.py
[2022-07-30 16:12:16,571] {logging_mixin.py:109} INFO - [2022-07-30 16:12:16,571] {dag.py:2396} INFO - Sync 1 DAGs
[2022-07-30 16:12:16,583] {logging_mixin.py:109} INFO - [2022-07-30 16:12:16,583] {dag.py:2935} INFO - Setting next_dagrun for data_ingestion_gcs_dag to 2022-07-29 00:00:00+00:00
[2022-07-30 16:12:16,589] {processor.py:171} INFO - Processing /opt/airflow/dags/data_ingestion_gcs_dag.py took 0.679 seconds
[2022-07-30 16:12:46,651] {processor.py:163} INFO - Started process (PID=137) to work on /opt/airflow/dags/data_ingestion_gcs_dag.py
[2022-07-30 16:12:46,652] {processor.py:642} INFO - Processing file /opt/airflow/dags/data_ingestion_gcs_dag.py for tasks to queue
[2022-07-30 16:12:46,653] {logging_mixin.py:109} INFO - [2022-07-30 16:12:46,653] {dagbag.py:500} INFO - Filling up the DagBag from /opt/airflow/dags/data_ingestion_gcs_dag.py
[2022-07-30 16:12:47,328] {processor.py:654} INFO - DAG(s) dict_keys(['data_ingestion_gcs_dag']) retrieved from /opt/airflow/dags/data_ingestion_gcs_dag.py
[2022-07-30 16:12:47,335] {logging_mixin.py:109} INFO - [2022-07-30 16:12:47,335] {dag.py:2396} INFO - Sync 1 DAGs
[2022-07-30 16:12:47,348] {logging_mixin.py:109} INFO - [2022-07-30 16:12:47,348] {dag.py:2935} INFO - Setting next_dagrun for data_ingestion_gcs_dag to 2022-07-29 00:00:00+00:00
[2022-07-30 16:12:47,354] {processor.py:171} INFO - Processing /opt/airflow/dags/data_ingestion_gcs_dag.py took 0.705 seconds
[2022-07-30 16:13:17,411] {processor.py:163} INFO - Started process (PID=172) to work on /opt/airflow/dags/data_ingestion_gcs_dag.py
[2022-07-30 16:13:17,412] {processor.py:642} INFO - Processing file /opt/airflow/dags/data_ingestion_gcs_dag.py for tasks to queue
[2022-07-30 16:13:17,413] {logging_mixin.py:109} INFO - [2022-07-30 16:13:17,413] {dagbag.py:500} INFO - Filling up the DagBag from /opt/airflow/dags/data_ingestion_gcs_dag.py
[2022-07-30 16:13:18,018] {processor.py:654} INFO - DAG(s) dict_keys(['data_ingestion_gcs_dag']) retrieved from /opt/airflow/dags/data_ingestion_gcs_dag.py
[2022-07-30 16:13:18,026] {logging_mixin.py:109} INFO - [2022-07-30 16:13:18,025] {dag.py:2396} INFO - Sync 1 DAGs
[2022-07-30 16:13:18,046] {processor.py:171} INFO - Processing /opt/airflow/dags/data_ingestion_gcs_dag.py took 0.636 seconds
[2022-07-30 16:13:48,124] {processor.py:163} INFO - Started process (PID=216) to work on /opt/airflow/dags/data_ingestion_gcs_dag.py
[2022-07-30 16:13:48,124] {processor.py:642} INFO - Processing file /opt/airflow/dags/data_ingestion_gcs_dag.py for tasks to queue
[2022-07-30 16:13:48,125] {logging_mixin.py:109} INFO - [2022-07-30 16:13:48,125] {dagbag.py:500} INFO - Filling up the DagBag from /opt/airflow/dags/data_ingestion_gcs_dag.py
[2022-07-30 16:13:48,809] {processor.py:654} INFO - DAG(s) dict_keys(['data_ingestion_gcs_dag']) retrieved from /opt/airflow/dags/data_ingestion_gcs_dag.py
[2022-07-30 16:13:48,816] {logging_mixin.py:109} INFO - [2022-07-30 16:13:48,816] {dag.py:2396} INFO - Sync 1 DAGs
[2022-07-30 16:13:48,832] {processor.py:171} INFO - Processing /opt/airflow/dags/data_ingestion_gcs_dag.py took 0.710 seconds
[2022-07-30 16:14:18,889] {processor.py:163} INFO - Started process (PID=260) to work on /opt/airflow/dags/data_ingestion_gcs_dag.py
[2022-07-30 16:14:18,890] {processor.py:642} INFO - Processing file /opt/airflow/dags/data_ingestion_gcs_dag.py for tasks to queue
[2022-07-30 16:14:18,890] {logging_mixin.py:109} INFO - [2022-07-30 16:14:18,890] {dagbag.py:500} INFO - Filling up the DagBag from /opt/airflow/dags/data_ingestion_gcs_dag.py
[2022-07-30 16:14:19,506] {processor.py:654} INFO - DAG(s) dict_keys(['data_ingestion_gcs_dag']) retrieved from /opt/airflow/dags/data_ingestion_gcs_dag.py
[2022-07-30 16:14:19,513] {logging_mixin.py:109} INFO - [2022-07-30 16:14:19,512] {dag.py:2396} INFO - Sync 1 DAGs
[2022-07-30 16:14:19,529] {processor.py:171} INFO - Processing /opt/airflow/dags/data_ingestion_gcs_dag.py took 0.642 seconds
[2022-07-30 16:14:49,630] {processor.py:163} INFO - Started process (PID=295) to work on /opt/airflow/dags/data_ingestion_gcs_dag.py
[2022-07-30 16:14:49,631] {processor.py:642} INFO - Processing file /opt/airflow/dags/data_ingestion_gcs_dag.py for tasks to queue
[2022-07-30 16:14:49,632] {logging_mixin.py:109} INFO - [2022-07-30 16:14:49,632] {dagbag.py:500} INFO - Filling up the DagBag from /opt/airflow/dags/data_ingestion_gcs_dag.py
[2022-07-30 16:14:50,277] {processor.py:654} INFO - DAG(s) dict_keys(['data_ingestion_gcs_dag']) retrieved from /opt/airflow/dags/data_ingestion_gcs_dag.py
[2022-07-30 16:14:50,285] {logging_mixin.py:109} INFO - [2022-07-30 16:14:50,284] {dag.py:2396} INFO - Sync 1 DAGs
[2022-07-30 16:14:50,302] {processor.py:171} INFO - Processing /opt/airflow/dags/data_ingestion_gcs_dag.py took 0.673 seconds
[2022-07-30 16:15:20,364] {processor.py:163} INFO - Started process (PID=339) to work on /opt/airflow/dags/data_ingestion_gcs_dag.py
[2022-07-30 16:15:20,365] {processor.py:642} INFO - Processing file /opt/airflow/dags/data_ingestion_gcs_dag.py for tasks to queue
[2022-07-30 16:15:20,365] {logging_mixin.py:109} INFO - [2022-07-30 16:15:20,365] {dagbag.py:500} INFO - Filling up the DagBag from /opt/airflow/dags/data_ingestion_gcs_dag.py
[2022-07-30 16:15:20,990] {processor.py:654} INFO - DAG(s) dict_keys(['data_ingestion_gcs_dag']) retrieved from /opt/airflow/dags/data_ingestion_gcs_dag.py
[2022-07-30 16:15:20,997] {logging_mixin.py:109} INFO - [2022-07-30 16:15:20,997] {dag.py:2396} INFO - Sync 1 DAGs
[2022-07-30 16:15:21,012] {processor.py:171} INFO - Processing /opt/airflow/dags/data_ingestion_gcs_dag.py took 0.651 seconds
[2022-07-30 16:15:51,081] {processor.py:163} INFO - Started process (PID=374) to work on /opt/airflow/dags/data_ingestion_gcs_dag.py
[2022-07-30 16:15:51,082] {processor.py:642} INFO - Processing file /opt/airflow/dags/data_ingestion_gcs_dag.py for tasks to queue
[2022-07-30 16:15:51,082] {logging_mixin.py:109} INFO - [2022-07-30 16:15:51,082] {dagbag.py:500} INFO - Filling up the DagBag from /opt/airflow/dags/data_ingestion_gcs_dag.py
[2022-07-30 16:15:51,695] {processor.py:654} INFO - DAG(s) dict_keys(['data_ingestion_gcs_dag']) retrieved from /opt/airflow/dags/data_ingestion_gcs_dag.py
[2022-07-30 16:15:51,703] {logging_mixin.py:109} INFO - [2022-07-30 16:15:51,703] {dag.py:2396} INFO - Sync 1 DAGs
[2022-07-30 16:15:51,721] {processor.py:171} INFO - Processing /opt/airflow/dags/data_ingestion_gcs_dag.py took 0.642 seconds
[2022-07-30 16:16:21,797] {processor.py:163} INFO - Started process (PID=418) to work on /opt/airflow/dags/data_ingestion_gcs_dag.py
[2022-07-30 16:16:21,798] {processor.py:642} INFO - Processing file /opt/airflow/dags/data_ingestion_gcs_dag.py for tasks to queue
[2022-07-30 16:16:21,798] {logging_mixin.py:109} INFO - [2022-07-30 16:16:21,798] {dagbag.py:500} INFO - Filling up the DagBag from /opt/airflow/dags/data_ingestion_gcs_dag.py
[2022-07-30 16:16:22,433] {processor.py:654} INFO - DAG(s) dict_keys(['data_ingestion_gcs_dag']) retrieved from /opt/airflow/dags/data_ingestion_gcs_dag.py
[2022-07-30 16:16:22,439] {logging_mixin.py:109} INFO - [2022-07-30 16:16:22,439] {dag.py:2396} INFO - Sync 1 DAGs
[2022-07-30 16:16:22,456] {processor.py:171} INFO - Processing /opt/airflow/dags/data_ingestion_gcs_dag.py took 0.661 seconds
[2022-07-30 16:16:52,515] {processor.py:163} INFO - Started process (PID=462) to work on /opt/airflow/dags/data_ingestion_gcs_dag.py
[2022-07-30 16:16:52,516] {processor.py:642} INFO - Processing file /opt/airflow/dags/data_ingestion_gcs_dag.py for tasks to queue
[2022-07-30 16:16:52,516] {logging_mixin.py:109} INFO - [2022-07-30 16:16:52,516] {dagbag.py:500} INFO - Filling up the DagBag from /opt/airflow/dags/data_ingestion_gcs_dag.py
[2022-07-30 16:16:53,206] {processor.py:654} INFO - DAG(s) dict_keys(['data_ingestion_gcs_dag']) retrieved from /opt/airflow/dags/data_ingestion_gcs_dag.py
[2022-07-30 16:16:53,213] {logging_mixin.py:109} INFO - [2022-07-30 16:16:53,212] {dag.py:2396} INFO - Sync 1 DAGs
[2022-07-30 16:16:53,228] {processor.py:171} INFO - Processing /opt/airflow/dags/data_ingestion_gcs_dag.py took 0.715 seconds
[2022-07-30 16:17:23,317] {processor.py:163} INFO - Started process (PID=497) to work on /opt/airflow/dags/data_ingestion_gcs_dag.py
[2022-07-30 16:17:23,317] {processor.py:642} INFO - Processing file /opt/airflow/dags/data_ingestion_gcs_dag.py for tasks to queue
[2022-07-30 16:17:23,318] {logging_mixin.py:109} INFO - [2022-07-30 16:17:23,318] {dagbag.py:500} INFO - Filling up the DagBag from /opt/airflow/dags/data_ingestion_gcs_dag.py
[2022-07-30 16:17:23,983] {processor.py:654} INFO - DAG(s) dict_keys(['data_ingestion_gcs_dag']) retrieved from /opt/airflow/dags/data_ingestion_gcs_dag.py
[2022-07-30 16:17:23,990] {logging_mixin.py:109} INFO - [2022-07-30 16:17:23,989] {dag.py:2396} INFO - Sync 1 DAGs
[2022-07-30 16:17:24,006] {processor.py:171} INFO - Processing /opt/airflow/dags/data_ingestion_gcs_dag.py took 0.691 seconds
[2022-07-30 16:17:54,084] {processor.py:163} INFO - Started process (PID=541) to work on /opt/airflow/dags/data_ingestion_gcs_dag.py
[2022-07-30 16:17:54,085] {processor.py:642} INFO - Processing file /opt/airflow/dags/data_ingestion_gcs_dag.py for tasks to queue
[2022-07-30 16:17:54,085] {logging_mixin.py:109} INFO - [2022-07-30 16:17:54,085] {dagbag.py:500} INFO - Filling up the DagBag from /opt/airflow/dags/data_ingestion_gcs_dag.py
[2022-07-30 16:17:54,687] {processor.py:654} INFO - DAG(s) dict_keys(['data_ingestion_gcs_dag']) retrieved from /opt/airflow/dags/data_ingestion_gcs_dag.py
[2022-07-30 16:17:54,694] {logging_mixin.py:109} INFO - [2022-07-30 16:17:54,694] {dag.py:2396} INFO - Sync 1 DAGs
[2022-07-30 16:17:54,711] {processor.py:171} INFO - Processing /opt/airflow/dags/data_ingestion_gcs_dag.py took 0.628 seconds
[2022-07-30 16:18:24,769] {processor.py:163} INFO - Started process (PID=576) to work on /opt/airflow/dags/data_ingestion_gcs_dag.py
[2022-07-30 16:18:24,770] {processor.py:642} INFO - Processing file /opt/airflow/dags/data_ingestion_gcs_dag.py for tasks to queue
[2022-07-30 16:18:24,770] {logging_mixin.py:109} INFO - [2022-07-30 16:18:24,770] {dagbag.py:500} INFO - Filling up the DagBag from /opt/airflow/dags/data_ingestion_gcs_dag.py
[2022-07-30 16:18:25,411] {processor.py:654} INFO - DAG(s) dict_keys(['data_ingestion_gcs_dag']) retrieved from /opt/airflow/dags/data_ingestion_gcs_dag.py
[2022-07-30 16:18:25,417] {logging_mixin.py:109} INFO - [2022-07-30 16:18:25,417] {dag.py:2396} INFO - Sync 1 DAGs
[2022-07-30 16:18:25,433] {processor.py:171} INFO - Processing /opt/airflow/dags/data_ingestion_gcs_dag.py took 0.667 seconds
[2022-07-30 16:18:55,537] {processor.py:163} INFO - Started process (PID=621) to work on /opt/airflow/dags/data_ingestion_gcs_dag.py
[2022-07-30 16:18:55,538] {processor.py:642} INFO - Processing file /opt/airflow/dags/data_ingestion_gcs_dag.py for tasks to queue
[2022-07-30 16:18:55,538] {logging_mixin.py:109} INFO - [2022-07-30 16:18:55,538] {dagbag.py:500} INFO - Filling up the DagBag from /opt/airflow/dags/data_ingestion_gcs_dag.py
[2022-07-30 16:18:56,183] {processor.py:654} INFO - DAG(s) dict_keys(['data_ingestion_gcs_dag']) retrieved from /opt/airflow/dags/data_ingestion_gcs_dag.py
[2022-07-30 16:18:56,190] {logging_mixin.py:109} INFO - [2022-07-30 16:18:56,190] {dag.py:2396} INFO - Sync 1 DAGs
[2022-07-30 16:18:56,207] {processor.py:171} INFO - Processing /opt/airflow/dags/data_ingestion_gcs_dag.py took 0.672 seconds
[2022-07-30 16:19:26,270] {processor.py:163} INFO - Started process (PID=665) to work on /opt/airflow/dags/data_ingestion_gcs_dag.py
[2022-07-30 16:19:26,271] {processor.py:642} INFO - Processing file /opt/airflow/dags/data_ingestion_gcs_dag.py for tasks to queue
[2022-07-30 16:19:26,271] {logging_mixin.py:109} INFO - [2022-07-30 16:19:26,271] {dagbag.py:500} INFO - Filling up the DagBag from /opt/airflow/dags/data_ingestion_gcs_dag.py
[2022-07-30 16:19:26,908] {processor.py:654} INFO - DAG(s) dict_keys(['data_ingestion_gcs_dag']) retrieved from /opt/airflow/dags/data_ingestion_gcs_dag.py
[2022-07-30 16:19:26,915] {logging_mixin.py:109} INFO - [2022-07-30 16:19:26,914] {dag.py:2396} INFO - Sync 1 DAGs
[2022-07-30 16:19:26,930] {processor.py:171} INFO - Processing /opt/airflow/dags/data_ingestion_gcs_dag.py took 0.662 seconds
[2022-07-30 16:19:56,987] {processor.py:163} INFO - Started process (PID=700) to work on /opt/airflow/dags/data_ingestion_gcs_dag.py
[2022-07-30 16:19:56,988] {processor.py:642} INFO - Processing file /opt/airflow/dags/data_ingestion_gcs_dag.py for tasks to queue
[2022-07-30 16:19:56,989] {logging_mixin.py:109} INFO - [2022-07-30 16:19:56,989] {dagbag.py:500} INFO - Filling up the DagBag from /opt/airflow/dags/data_ingestion_gcs_dag.py
[2022-07-30 16:19:57,594] {processor.py:654} INFO - DAG(s) dict_keys(['data_ingestion_gcs_dag']) retrieved from /opt/airflow/dags/data_ingestion_gcs_dag.py
[2022-07-30 16:19:57,601] {logging_mixin.py:109} INFO - [2022-07-30 16:19:57,600] {dag.py:2396} INFO - Sync 1 DAGs
[2022-07-30 16:19:57,616] {processor.py:171} INFO - Processing /opt/airflow/dags/data_ingestion_gcs_dag.py took 0.631 seconds
[2022-07-30 16:20:27,693] {processor.py:163} INFO - Started process (PID=744) to work on /opt/airflow/dags/data_ingestion_gcs_dag.py
[2022-07-30 16:20:27,694] {processor.py:642} INFO - Processing file /opt/airflow/dags/data_ingestion_gcs_dag.py for tasks to queue
[2022-07-30 16:20:27,694] {logging_mixin.py:109} INFO - [2022-07-30 16:20:27,694] {dagbag.py:500} INFO - Filling up the DagBag from /opt/airflow/dags/data_ingestion_gcs_dag.py
[2022-07-30 16:20:28,297] {processor.py:654} INFO - DAG(s) dict_keys(['data_ingestion_gcs_dag']) retrieved from /opt/airflow/dags/data_ingestion_gcs_dag.py
[2022-07-30 16:20:28,303] {logging_mixin.py:109} INFO - [2022-07-30 16:20:28,303] {dag.py:2396} INFO - Sync 1 DAGs
[2022-07-30 16:20:28,322] {processor.py:171} INFO - Processing /opt/airflow/dags/data_ingestion_gcs_dag.py took 0.631 seconds
[2022-07-30 16:20:58,383] {processor.py:163} INFO - Started process (PID=780) to work on /opt/airflow/dags/data_ingestion_gcs_dag.py
[2022-07-30 16:20:58,384] {processor.py:642} INFO - Processing file /opt/airflow/dags/data_ingestion_gcs_dag.py for tasks to queue
[2022-07-30 16:20:58,385] {logging_mixin.py:109} INFO - [2022-07-30 16:20:58,385] {dagbag.py:500} INFO - Filling up the DagBag from /opt/airflow/dags/data_ingestion_gcs_dag.py
[2022-07-30 16:20:58,983] {processor.py:654} INFO - DAG(s) dict_keys(['data_ingestion_gcs_dag']) retrieved from /opt/airflow/dags/data_ingestion_gcs_dag.py
[2022-07-30 16:20:58,990] {logging_mixin.py:109} INFO - [2022-07-30 16:20:58,989] {dag.py:2396} INFO - Sync 1 DAGs
[2022-07-30 16:20:59,007] {processor.py:171} INFO - Processing /opt/airflow/dags/data_ingestion_gcs_dag.py took 0.626 seconds
[2022-07-30 16:21:29,111] {processor.py:163} INFO - Started process (PID=824) to work on /opt/airflow/dags/data_ingestion_gcs_dag.py
[2022-07-30 16:21:29,112] {processor.py:642} INFO - Processing file /opt/airflow/dags/data_ingestion_gcs_dag.py for tasks to queue
[2022-07-30 16:21:29,112] {logging_mixin.py:109} INFO - [2022-07-30 16:21:29,112] {dagbag.py:500} INFO - Filling up the DagBag from /opt/airflow/dags/data_ingestion_gcs_dag.py
[2022-07-30 16:21:29,699] {processor.py:654} INFO - DAG(s) dict_keys(['data_ingestion_gcs_dag']) retrieved from /opt/airflow/dags/data_ingestion_gcs_dag.py
[2022-07-30 16:21:29,705] {logging_mixin.py:109} INFO - [2022-07-30 16:21:29,705] {dag.py:2396} INFO - Sync 1 DAGs
[2022-07-30 16:21:29,720] {processor.py:171} INFO - Processing /opt/airflow/dags/data_ingestion_gcs_dag.py took 0.611 seconds
[2022-07-30 16:21:59,783] {processor.py:163} INFO - Started process (PID=868) to work on /opt/airflow/dags/data_ingestion_gcs_dag.py
[2022-07-30 16:21:59,784] {processor.py:642} INFO - Processing file /opt/airflow/dags/data_ingestion_gcs_dag.py for tasks to queue
[2022-07-30 16:21:59,785] {logging_mixin.py:109} INFO - [2022-07-30 16:21:59,785] {dagbag.py:500} INFO - Filling up the DagBag from /opt/airflow/dags/data_ingestion_gcs_dag.py
[2022-07-30 16:22:00,465] {processor.py:654} INFO - DAG(s) dict_keys(['data_ingestion_gcs_dag']) retrieved from /opt/airflow/dags/data_ingestion_gcs_dag.py
[2022-07-30 16:22:00,472] {logging_mixin.py:109} INFO - [2022-07-30 16:22:00,472] {dag.py:2396} INFO - Sync 1 DAGs
[2022-07-30 16:22:00,489] {processor.py:171} INFO - Processing /opt/airflow/dags/data_ingestion_gcs_dag.py took 0.708 seconds
[2022-07-30 16:22:30,568] {processor.py:163} INFO - Started process (PID=903) to work on /opt/airflow/dags/data_ingestion_gcs_dag.py
[2022-07-30 16:22:30,568] {processor.py:642} INFO - Processing file /opt/airflow/dags/data_ingestion_gcs_dag.py for tasks to queue
[2022-07-30 16:22:30,569] {logging_mixin.py:109} INFO - [2022-07-30 16:22:30,569] {dagbag.py:500} INFO - Filling up the DagBag from /opt/airflow/dags/data_ingestion_gcs_dag.py
[2022-07-30 16:22:31,203] {processor.py:654} INFO - DAG(s) dict_keys(['data_ingestion_gcs_dag']) retrieved from /opt/airflow/dags/data_ingestion_gcs_dag.py
[2022-07-30 16:22:31,210] {logging_mixin.py:109} INFO - [2022-07-30 16:22:31,209] {dag.py:2396} INFO - Sync 1 DAGs
[2022-07-30 16:22:31,225] {processor.py:171} INFO - Processing /opt/airflow/dags/data_ingestion_gcs_dag.py took 0.659 seconds
[2022-07-30 16:23:01,285] {processor.py:163} INFO - Started process (PID=947) to work on /opt/airflow/dags/data_ingestion_gcs_dag.py
[2022-07-30 16:23:01,286] {processor.py:642} INFO - Processing file /opt/airflow/dags/data_ingestion_gcs_dag.py for tasks to queue
[2022-07-30 16:23:01,287] {logging_mixin.py:109} INFO - [2022-07-30 16:23:01,287] {dagbag.py:500} INFO - Filling up the DagBag from /opt/airflow/dags/data_ingestion_gcs_dag.py
[2022-07-30 16:23:01,887] {processor.py:654} INFO - DAG(s) dict_keys(['data_ingestion_gcs_dag']) retrieved from /opt/airflow/dags/data_ingestion_gcs_dag.py
[2022-07-30 16:23:01,893] {logging_mixin.py:109} INFO - [2022-07-30 16:23:01,893] {dag.py:2396} INFO - Sync 1 DAGs
[2022-07-30 16:23:01,908] {processor.py:171} INFO - Processing /opt/airflow/dags/data_ingestion_gcs_dag.py took 0.625 seconds
[2022-07-30 16:23:31,996] {processor.py:163} INFO - Started process (PID=982) to work on /opt/airflow/dags/data_ingestion_gcs_dag.py
[2022-07-30 16:23:31,997] {processor.py:642} INFO - Processing file /opt/airflow/dags/data_ingestion_gcs_dag.py for tasks to queue
[2022-07-30 16:23:31,997] {logging_mixin.py:109} INFO - [2022-07-30 16:23:31,997] {dagbag.py:500} INFO - Filling up the DagBag from /opt/airflow/dags/data_ingestion_gcs_dag.py
[2022-07-30 16:23:32,588] {processor.py:654} INFO - DAG(s) dict_keys(['data_ingestion_gcs_dag']) retrieved from /opt/airflow/dags/data_ingestion_gcs_dag.py
[2022-07-30 16:23:32,594] {logging_mixin.py:109} INFO - [2022-07-30 16:23:32,594] {dag.py:2396} INFO - Sync 1 DAGs
[2022-07-30 16:23:32,607] {logging_mixin.py:109} INFO - [2022-07-30 16:23:32,607] {dag.py:2935} INFO - Setting next_dagrun for data_ingestion_gcs_dag to 2022-07-30T00:00:00+00:00
[2022-07-30 16:23:32,614] {processor.py:171} INFO - Processing /opt/airflow/dags/data_ingestion_gcs_dag.py took 0.619 seconds
[2022-07-30 16:24:02,688] {processor.py:163} INFO - Started process (PID=1026) to work on /opt/airflow/dags/data_ingestion_gcs_dag.py
[2022-07-30 16:24:02,689] {processor.py:642} INFO - Processing file /opt/airflow/dags/data_ingestion_gcs_dag.py for tasks to queue
[2022-07-30 16:24:02,690] {logging_mixin.py:109} INFO - [2022-07-30 16:24:02,690] {dagbag.py:500} INFO - Filling up the DagBag from /opt/airflow/dags/data_ingestion_gcs_dag.py
[2022-07-30 16:24:03,300] {processor.py:654} INFO - DAG(s) dict_keys(['data_ingestion_gcs_dag']) retrieved from /opt/airflow/dags/data_ingestion_gcs_dag.py
[2022-07-30 16:24:03,306] {logging_mixin.py:109} INFO - [2022-07-30 16:24:03,306] {dag.py:2396} INFO - Sync 1 DAGs
[2022-07-30 16:24:03,317] {logging_mixin.py:109} INFO - [2022-07-30 16:24:03,317] {dag.py:2935} INFO - Setting next_dagrun for data_ingestion_gcs_dag to 2022-07-30T00:00:00+00:00
[2022-07-30 16:24:03,322] {processor.py:171} INFO - Processing /opt/airflow/dags/data_ingestion_gcs_dag.py took 0.636 seconds
[2022-07-30 16:24:33,382] {processor.py:163} INFO - Started process (PID=1067) to work on /opt/airflow/dags/data_ingestion_gcs_dag.py
[2022-07-30 16:24:33,383] {processor.py:642} INFO - Processing file /opt/airflow/dags/data_ingestion_gcs_dag.py for tasks to queue
[2022-07-30 16:24:33,384] {logging_mixin.py:109} INFO - [2022-07-30 16:24:33,384] {dagbag.py:500} INFO - Filling up the DagBag from /opt/airflow/dags/data_ingestion_gcs_dag.py
[2022-07-30 16:24:34,050] {processor.py:654} INFO - DAG(s) dict_keys(['data_ingestion_gcs_dag']) retrieved from /opt/airflow/dags/data_ingestion_gcs_dag.py
[2022-07-30 16:24:34,057] {logging_mixin.py:109} INFO - [2022-07-30 16:24:34,057] {dag.py:2396} INFO - Sync 1 DAGs
[2022-07-30 16:24:34,068] {logging_mixin.py:109} INFO - [2022-07-30 16:24:34,068] {dag.py:2935} INFO - Setting next_dagrun for data_ingestion_gcs_dag to 2022-07-30T00:00:00+00:00
[2022-07-30 16:24:34,074] {processor.py:171} INFO - Processing /opt/airflow/dags/data_ingestion_gcs_dag.py took 0.694 seconds
[2022-07-30 16:26:55,253] {processor.py:163} INFO - Started process (PID=48) to work on /opt/airflow/dags/data_ingestion_gcs_dag.py
[2022-07-30 16:26:55,253] {processor.py:642} INFO - Processing file /opt/airflow/dags/data_ingestion_gcs_dag.py for tasks to queue
[2022-07-30 16:26:55,254] {logging_mixin.py:109} INFO - [2022-07-30 16:26:55,254] {dagbag.py:500} INFO - Filling up the DagBag from /opt/airflow/dags/data_ingestion_gcs_dag.py
[2022-07-30 16:26:57,264] {processor.py:654} INFO - DAG(s) dict_keys(['data_ingestion_gcs_dag']) retrieved from /opt/airflow/dags/data_ingestion_gcs_dag.py
[2022-07-30 16:26:59,831] {logging_mixin.py:109} INFO - [2022-07-30 16:26:59,831] {manager.py:496} INFO - Created Permission View: can edit on DAG:data_ingestion_gcs_dag
[2022-07-30 16:26:59,836] {logging_mixin.py:109} INFO - [2022-07-30 16:26:59,836] {manager.py:496} INFO - Created Permission View: can read on DAG:data_ingestion_gcs_dag
[2022-07-30 16:26:59,837] {logging_mixin.py:109} INFO - [2022-07-30 16:26:59,836] {dag.py:2396} INFO - Sync 1 DAGs
[2022-07-30 16:26:59,841] {logging_mixin.py:109} INFO - [2022-07-30 16:26:59,841] {dag.py:2415} INFO - Creating ORM DAG for data_ingestion_gcs_dag
[2022-07-30 16:26:59,848] {logging_mixin.py:109} INFO - [2022-07-30 16:26:59,848] {dag.py:2935} INFO - Setting next_dagrun for data_ingestion_gcs_dag to 2022-07-29 00:00:00+00:00
[2022-07-30 16:26:59,858] {processor.py:171} INFO - Processing /opt/airflow/dags/data_ingestion_gcs_dag.py took 4.607 seconds
[2022-07-30 16:27:29,987] {processor.py:163} INFO - Started process (PID=92) to work on /opt/airflow/dags/data_ingestion_gcs_dag.py
[2022-07-30 16:27:29,988] {processor.py:642} INFO - Processing file /opt/airflow/dags/data_ingestion_gcs_dag.py for tasks to queue
[2022-07-30 16:27:29,989] {logging_mixin.py:109} INFO - [2022-07-30 16:27:29,989] {dagbag.py:500} INFO - Filling up the DagBag from /opt/airflow/dags/data_ingestion_gcs_dag.py
[2022-07-30 16:27:30,588] {processor.py:654} INFO - DAG(s) dict_keys(['data_ingestion_gcs_dag']) retrieved from /opt/airflow/dags/data_ingestion_gcs_dag.py
[2022-07-30 16:27:30,594] {logging_mixin.py:109} INFO - [2022-07-30 16:27:30,594] {dag.py:2396} INFO - Sync 1 DAGs
[2022-07-30 16:27:30,607] {logging_mixin.py:109} INFO - [2022-07-30 16:27:30,607] {dag.py:2935} INFO - Setting next_dagrun for data_ingestion_gcs_dag to 2022-07-29 00:00:00+00:00
[2022-07-30 16:27:30,613] {processor.py:171} INFO - Processing /opt/airflow/dags/data_ingestion_gcs_dag.py took 0.628 seconds
[2022-07-30 16:28:00,670] {processor.py:163} INFO - Started process (PID=136) to work on /opt/airflow/dags/data_ingestion_gcs_dag.py
[2022-07-30 16:28:00,671] {processor.py:642} INFO - Processing file /opt/airflow/dags/data_ingestion_gcs_dag.py for tasks to queue
[2022-07-30 16:28:00,671] {logging_mixin.py:109} INFO - [2022-07-30 16:28:00,671] {dagbag.py:500} INFO - Filling up the DagBag from /opt/airflow/dags/data_ingestion_gcs_dag.py
[2022-07-30 16:28:01,292] {processor.py:654} INFO - DAG(s) dict_keys(['data_ingestion_gcs_dag']) retrieved from /opt/airflow/dags/data_ingestion_gcs_dag.py
[2022-07-30 16:28:01,299] {logging_mixin.py:109} INFO - [2022-07-30 16:28:01,298] {dag.py:2396} INFO - Sync 1 DAGs
[2022-07-30 16:28:01,316] {processor.py:171} INFO - Processing /opt/airflow/dags/data_ingestion_gcs_dag.py took 0.648 seconds
[2022-07-30 16:28:31,396] {processor.py:163} INFO - Started process (PID=171) to work on /opt/airflow/dags/data_ingestion_gcs_dag.py
[2022-07-30 16:28:31,396] {processor.py:642} INFO - Processing file /opt/airflow/dags/data_ingestion_gcs_dag.py for tasks to queue
[2022-07-30 16:28:31,397] {logging_mixin.py:109} INFO - [2022-07-30 16:28:31,397] {dagbag.py:500} INFO - Filling up the DagBag from /opt/airflow/dags/data_ingestion_gcs_dag.py
[2022-07-30 16:28:32,007] {processor.py:654} INFO - DAG(s) dict_keys(['data_ingestion_gcs_dag']) retrieved from /opt/airflow/dags/data_ingestion_gcs_dag.py
[2022-07-30 16:28:32,013] {logging_mixin.py:109} INFO - [2022-07-30 16:28:32,013] {dag.py:2396} INFO - Sync 1 DAGs
[2022-07-30 16:28:32,030] {processor.py:171} INFO - Processing /opt/airflow/dags/data_ingestion_gcs_dag.py took 0.636 seconds
[2022-07-30 16:29:02,088] {processor.py:163} INFO - Started process (PID=215) to work on /opt/airflow/dags/data_ingestion_gcs_dag.py
[2022-07-30 16:29:02,089] {processor.py:642} INFO - Processing file /opt/airflow/dags/data_ingestion_gcs_dag.py for tasks to queue
[2022-07-30 16:29:02,089] {logging_mixin.py:109} INFO - [2022-07-30 16:29:02,089] {dagbag.py:500} INFO - Filling up the DagBag from /opt/airflow/dags/data_ingestion_gcs_dag.py
[2022-07-30 16:29:02,691] {processor.py:654} INFO - DAG(s) dict_keys(['data_ingestion_gcs_dag']) retrieved from /opt/airflow/dags/data_ingestion_gcs_dag.py
[2022-07-30 16:29:02,697] {logging_mixin.py:109} INFO - [2022-07-30 16:29:02,697] {dag.py:2396} INFO - Sync 1 DAGs
[2022-07-30 16:29:02,714] {processor.py:171} INFO - Processing /opt/airflow/dags/data_ingestion_gcs_dag.py took 0.628 seconds
[2022-07-30 16:29:32,790] {processor.py:163} INFO - Started process (PID=259) to work on /opt/airflow/dags/data_ingestion_gcs_dag.py
[2022-07-30 16:29:32,791] {processor.py:642} INFO - Processing file /opt/airflow/dags/data_ingestion_gcs_dag.py for tasks to queue
[2022-07-30 16:29:32,792] {logging_mixin.py:109} INFO - [2022-07-30 16:29:32,792] {dagbag.py:500} INFO - Filling up the DagBag from /opt/airflow/dags/data_ingestion_gcs_dag.py
[2022-07-30 16:29:33,397] {processor.py:654} INFO - DAG(s) dict_keys(['data_ingestion_gcs_dag']) retrieved from /opt/airflow/dags/data_ingestion_gcs_dag.py
[2022-07-30 16:29:33,403] {logging_mixin.py:109} INFO - [2022-07-30 16:29:33,403] {dag.py:2396} INFO - Sync 1 DAGs
[2022-07-30 16:29:33,421] {processor.py:171} INFO - Processing /opt/airflow/dags/data_ingestion_gcs_dag.py took 0.632 seconds
[2022-07-30 16:30:03,477] {processor.py:163} INFO - Started process (PID=294) to work on /opt/airflow/dags/data_ingestion_gcs_dag.py
[2022-07-30 16:30:03,478] {processor.py:642} INFO - Processing file /opt/airflow/dags/data_ingestion_gcs_dag.py for tasks to queue
[2022-07-30 16:30:03,478] {logging_mixin.py:109} INFO - [2022-07-30 16:30:03,478] {dagbag.py:500} INFO - Filling up the DagBag from /opt/airflow/dags/data_ingestion_gcs_dag.py
[2022-07-30 16:30:04,082] {processor.py:654} INFO - DAG(s) dict_keys(['data_ingestion_gcs_dag']) retrieved from /opt/airflow/dags/data_ingestion_gcs_dag.py
[2022-07-30 16:30:04,089] {logging_mixin.py:109} INFO - [2022-07-30 16:30:04,088] {dag.py:2396} INFO - Sync 1 DAGs
[2022-07-30 16:30:04,105] {processor.py:171} INFO - Processing /opt/airflow/dags/data_ingestion_gcs_dag.py took 0.630 seconds
[2022-07-30 16:30:34,179] {processor.py:163} INFO - Started process (PID=338) to work on /opt/airflow/dags/data_ingestion_gcs_dag.py
[2022-07-30 16:30:34,180] {processor.py:642} INFO - Processing file /opt/airflow/dags/data_ingestion_gcs_dag.py for tasks to queue
[2022-07-30 16:30:34,180] {logging_mixin.py:109} INFO - [2022-07-30 16:30:34,180] {dagbag.py:500} INFO - Filling up the DagBag from /opt/airflow/dags/data_ingestion_gcs_dag.py
[2022-07-30 16:30:34,802] {processor.py:654} INFO - DAG(s) dict_keys(['data_ingestion_gcs_dag']) retrieved from /opt/airflow/dags/data_ingestion_gcs_dag.py
[2022-07-30 16:30:34,810] {logging_mixin.py:109} INFO - [2022-07-30 16:30:34,810] {dag.py:2396} INFO - Sync 1 DAGs
[2022-07-30 16:30:34,825] {processor.py:171} INFO - Processing /opt/airflow/dags/data_ingestion_gcs_dag.py took 0.648 seconds
[2022-07-30 16:31:04,882] {processor.py:163} INFO - Started process (PID=373) to work on /opt/airflow/dags/data_ingestion_gcs_dag.py
[2022-07-30 16:31:04,883] {processor.py:642} INFO - Processing file /opt/airflow/dags/data_ingestion_gcs_dag.py for tasks to queue
[2022-07-30 16:31:04,883] {logging_mixin.py:109} INFO - [2022-07-30 16:31:04,883] {dagbag.py:500} INFO - Filling up the DagBag from /opt/airflow/dags/data_ingestion_gcs_dag.py
[2022-07-30 16:31:05,511] {processor.py:654} INFO - DAG(s) dict_keys(['data_ingestion_gcs_dag']) retrieved from /opt/airflow/dags/data_ingestion_gcs_dag.py
[2022-07-30 16:31:05,519] {logging_mixin.py:109} INFO - [2022-07-30 16:31:05,519] {dag.py:2396} INFO - Sync 1 DAGs
[2022-07-30 16:31:05,537] {processor.py:171} INFO - Processing /opt/airflow/dags/data_ingestion_gcs_dag.py took 0.657 seconds
[2022-07-30 16:31:35,610] {processor.py:163} INFO - Started process (PID=417) to work on /opt/airflow/dags/data_ingestion_gcs_dag.py
[2022-07-30 16:31:35,611] {processor.py:642} INFO - Processing file /opt/airflow/dags/data_ingestion_gcs_dag.py for tasks to queue
[2022-07-30 16:31:35,611] {logging_mixin.py:109} INFO - [2022-07-30 16:31:35,611] {dagbag.py:500} INFO - Filling up the DagBag from /opt/airflow/dags/data_ingestion_gcs_dag.py
[2022-07-30 16:31:36,216] {processor.py:654} INFO - DAG(s) dict_keys(['data_ingestion_gcs_dag']) retrieved from /opt/airflow/dags/data_ingestion_gcs_dag.py
[2022-07-30 16:31:36,223] {logging_mixin.py:109} INFO - [2022-07-30 16:31:36,223] {dag.py:2396} INFO - Sync 1 DAGs
[2022-07-30 16:31:36,241] {processor.py:171} INFO - Processing /opt/airflow/dags/data_ingestion_gcs_dag.py took 0.634 seconds
[2022-07-30 16:32:06,327] {processor.py:163} INFO - Started process (PID=461) to work on /opt/airflow/dags/data_ingestion_gcs_dag.py
[2022-07-30 16:32:06,328] {processor.py:642} INFO - Processing file /opt/airflow/dags/data_ingestion_gcs_dag.py for tasks to queue
[2022-07-30 16:32:06,328] {logging_mixin.py:109} INFO - [2022-07-30 16:32:06,328] {dagbag.py:500} INFO - Filling up the DagBag from /opt/airflow/dags/data_ingestion_gcs_dag.py
[2022-07-30 16:32:06,975] {processor.py:654} INFO - DAG(s) dict_keys(['data_ingestion_gcs_dag']) retrieved from /opt/airflow/dags/data_ingestion_gcs_dag.py
[2022-07-30 16:32:06,981] {logging_mixin.py:109} INFO - [2022-07-30 16:32:06,981] {dag.py:2396} INFO - Sync 1 DAGs
[2022-07-30 16:32:06,997] {processor.py:171} INFO - Processing /opt/airflow/dags/data_ingestion_gcs_dag.py took 0.672 seconds
[2022-07-30 16:32:37,105] {processor.py:163} INFO - Started process (PID=496) to work on /opt/airflow/dags/data_ingestion_gcs_dag.py
[2022-07-30 16:32:37,106] {processor.py:642} INFO - Processing file /opt/airflow/dags/data_ingestion_gcs_dag.py for tasks to queue
[2022-07-30 16:32:37,106] {logging_mixin.py:109} INFO - [2022-07-30 16:32:37,106] {dagbag.py:500} INFO - Filling up the DagBag from /opt/airflow/dags/data_ingestion_gcs_dag.py
[2022-07-30 16:32:37,877] {processor.py:654} INFO - DAG(s) dict_keys(['data_ingestion_gcs_dag']) retrieved from /opt/airflow/dags/data_ingestion_gcs_dag.py
[2022-07-30 16:32:37,887] {logging_mixin.py:109} INFO - [2022-07-30 16:32:37,886] {dag.py:2396} INFO - Sync 1 DAGs
[2022-07-30 16:32:37,906] {processor.py:171} INFO - Processing /opt/airflow/dags/data_ingestion_gcs_dag.py took 0.803 seconds
[2022-07-30 16:33:07,976] {processor.py:163} INFO - Started process (PID=540) to work on /opt/airflow/dags/data_ingestion_gcs_dag.py
[2022-07-30 16:33:07,977] {processor.py:642} INFO - Processing file /opt/airflow/dags/data_ingestion_gcs_dag.py for tasks to queue
[2022-07-30 16:33:07,977] {logging_mixin.py:109} INFO - [2022-07-30 16:33:07,977] {dagbag.py:500} INFO - Filling up the DagBag from /opt/airflow/dags/data_ingestion_gcs_dag.py
[2022-07-30 16:33:08,559] {processor.py:654} INFO - DAG(s) dict_keys(['data_ingestion_gcs_dag']) retrieved from /opt/airflow/dags/data_ingestion_gcs_dag.py
[2022-07-30 16:33:08,566] {logging_mixin.py:109} INFO - [2022-07-30 16:33:08,565] {dag.py:2396} INFO - Sync 1 DAGs
[2022-07-30 16:33:08,581] {processor.py:171} INFO - Processing /opt/airflow/dags/data_ingestion_gcs_dag.py took 0.606 seconds
[2022-07-30 16:33:38,636] {processor.py:163} INFO - Started process (PID=582) to work on /opt/airflow/dags/data_ingestion_gcs_dag.py
[2022-07-30 16:33:38,637] {processor.py:642} INFO - Processing file /opt/airflow/dags/data_ingestion_gcs_dag.py for tasks to queue
[2022-07-30 16:33:38,637] {logging_mixin.py:109} INFO - [2022-07-30 16:33:38,637] {dagbag.py:500} INFO - Filling up the DagBag from /opt/airflow/dags/data_ingestion_gcs_dag.py
[2022-07-30 16:33:39,309] {processor.py:654} INFO - DAG(s) dict_keys(['data_ingestion_gcs_dag']) retrieved from /opt/airflow/dags/data_ingestion_gcs_dag.py
[2022-07-30 16:33:39,316] {logging_mixin.py:109} INFO - [2022-07-30 16:33:39,316] {dag.py:2396} INFO - Sync 1 DAGs
[2022-07-30 16:33:39,333] {processor.py:171} INFO - Processing /opt/airflow/dags/data_ingestion_gcs_dag.py took 0.699 seconds
[2022-07-30 16:34:09,415] {processor.py:163} INFO - Started process (PID=619) to work on /opt/airflow/dags/data_ingestion_gcs_dag.py
[2022-07-30 16:34:09,416] {processor.py:642} INFO - Processing file /opt/airflow/dags/data_ingestion_gcs_dag.py for tasks to queue
[2022-07-30 16:34:09,416] {logging_mixin.py:109} INFO - [2022-07-30 16:34:09,416] {dagbag.py:500} INFO - Filling up the DagBag from /opt/airflow/dags/data_ingestion_gcs_dag.py
[2022-07-30 16:34:10,093] {processor.py:654} INFO - DAG(s) dict_keys(['data_ingestion_gcs_dag']) retrieved from /opt/airflow/dags/data_ingestion_gcs_dag.py
[2022-07-30 16:34:10,099] {logging_mixin.py:109} INFO - [2022-07-30 16:34:10,099] {dag.py:2396} INFO - Sync 1 DAGs
[2022-07-30 16:34:10,115] {processor.py:171} INFO - Processing /opt/airflow/dags/data_ingestion_gcs_dag.py took 0.702 seconds
[2022-07-30 16:34:40,177] {processor.py:163} INFO - Started process (PID=663) to work on /opt/airflow/dags/data_ingestion_gcs_dag.py
[2022-07-30 16:34:40,178] {processor.py:642} INFO - Processing file /opt/airflow/dags/data_ingestion_gcs_dag.py for tasks to queue
[2022-07-30 16:34:40,179] {logging_mixin.py:109} INFO - [2022-07-30 16:34:40,179] {dagbag.py:500} INFO - Filling up the DagBag from /opt/airflow/dags/data_ingestion_gcs_dag.py
[2022-07-30 16:34:40,800] {processor.py:654} INFO - DAG(s) dict_keys(['data_ingestion_gcs_dag']) retrieved from /opt/airflow/dags/data_ingestion_gcs_dag.py
[2022-07-30 16:34:40,807] {logging_mixin.py:109} INFO - [2022-07-30 16:34:40,806] {dag.py:2396} INFO - Sync 1 DAGs
[2022-07-30 16:34:40,822] {processor.py:171} INFO - Processing /opt/airflow/dags/data_ingestion_gcs_dag.py took 0.647 seconds
[2022-07-30 16:35:10,846] {processor.py:163} INFO - Started process (PID=698) to work on /opt/airflow/dags/data_ingestion_gcs_dag.py
[2022-07-30 16:35:10,847] {processor.py:642} INFO - Processing file /opt/airflow/dags/data_ingestion_gcs_dag.py for tasks to queue
[2022-07-30 16:35:10,848] {logging_mixin.py:109} INFO - [2022-07-30 16:35:10,848] {dagbag.py:500} INFO - Filling up the DagBag from /opt/airflow/dags/data_ingestion_gcs_dag.py
[2022-07-30 16:35:11,471] {processor.py:654} INFO - DAG(s) dict_keys(['data_ingestion_gcs_dag']) retrieved from /opt/airflow/dags/data_ingestion_gcs_dag.py
[2022-07-30 16:35:11,478] {logging_mixin.py:109} INFO - [2022-07-30 16:35:11,478] {dag.py:2396} INFO - Sync 1 DAGs
[2022-07-30 16:35:11,494] {processor.py:171} INFO - Processing /opt/airflow/dags/data_ingestion_gcs_dag.py took 0.649 seconds
[2022-07-30 16:35:41,568] {processor.py:163} INFO - Started process (PID=742) to work on /opt/airflow/dags/data_ingestion_gcs_dag.py
[2022-07-30 16:35:41,569] {processor.py:642} INFO - Processing file /opt/airflow/dags/data_ingestion_gcs_dag.py for tasks to queue
[2022-07-30 16:35:41,570] {logging_mixin.py:109} INFO - [2022-07-30 16:35:41,570] {dagbag.py:500} INFO - Filling up the DagBag from /opt/airflow/dags/data_ingestion_gcs_dag.py
[2022-07-30 16:35:42,176] {processor.py:654} INFO - DAG(s) dict_keys(['data_ingestion_gcs_dag']) retrieved from /opt/airflow/dags/data_ingestion_gcs_dag.py
[2022-07-30 16:35:42,182] {logging_mixin.py:109} INFO - [2022-07-30 16:35:42,182] {dag.py:2396} INFO - Sync 1 DAGs
[2022-07-30 16:35:42,197] {processor.py:171} INFO - Processing /opt/airflow/dags/data_ingestion_gcs_dag.py took 0.631 seconds
[2022-07-30 16:36:12,257] {processor.py:163} INFO - Started process (PID=786) to work on /opt/airflow/dags/data_ingestion_gcs_dag.py
[2022-07-30 16:36:12,258] {processor.py:642} INFO - Processing file /opt/airflow/dags/data_ingestion_gcs_dag.py for tasks to queue
[2022-07-30 16:36:12,259] {logging_mixin.py:109} INFO - [2022-07-30 16:36:12,258] {dagbag.py:500} INFO - Filling up the DagBag from /opt/airflow/dags/data_ingestion_gcs_dag.py
[2022-07-30 16:36:12,935] {processor.py:654} INFO - DAG(s) dict_keys(['data_ingestion_gcs_dag']) retrieved from /opt/airflow/dags/data_ingestion_gcs_dag.py
[2022-07-30 16:36:12,943] {logging_mixin.py:109} INFO - [2022-07-30 16:36:12,943] {dag.py:2396} INFO - Sync 1 DAGs
[2022-07-30 16:36:12,961] {processor.py:171} INFO - Processing /opt/airflow/dags/data_ingestion_gcs_dag.py took 0.706 seconds
[2022-07-30 16:40:14,106] {processor.py:163} INFO - Started process (PID=48) to work on /opt/airflow/dags/data_ingestion_gcs_dag.py
[2022-07-30 16:40:14,107] {processor.py:642} INFO - Processing file /opt/airflow/dags/data_ingestion_gcs_dag.py for tasks to queue
[2022-07-30 16:40:14,107] {logging_mixin.py:109} INFO - [2022-07-30 16:40:14,107] {dagbag.py:500} INFO - Filling up the DagBag from /opt/airflow/dags/data_ingestion_gcs_dag.py
[2022-07-30 16:40:16,038] {processor.py:654} INFO - DAG(s) dict_keys(['data_ingestion_gcs_dag']) retrieved from /opt/airflow/dags/data_ingestion_gcs_dag.py
[2022-07-30 16:40:18,761] {logging_mixin.py:109} INFO - [2022-07-30 16:40:18,761] {manager.py:496} INFO - Created Permission View: can edit on DAG:data_ingestion_gcs_dag
[2022-07-30 16:40:18,766] {logging_mixin.py:109} INFO - [2022-07-30 16:40:18,766] {manager.py:496} INFO - Created Permission View: can read on DAG:data_ingestion_gcs_dag
[2022-07-30 16:40:18,766] {logging_mixin.py:109} INFO - [2022-07-30 16:40:18,766] {dag.py:2396} INFO - Sync 1 DAGs
[2022-07-30 16:40:18,772] {logging_mixin.py:109} INFO - [2022-07-30 16:40:18,771] {dag.py:2415} INFO - Creating ORM DAG for data_ingestion_gcs_dag
[2022-07-30 16:40:18,778] {logging_mixin.py:109} INFO - [2022-07-30 16:40:18,778] {dag.py:2935} INFO - Setting next_dagrun for data_ingestion_gcs_dag to 2022-07-29 00:00:00+00:00
[2022-07-30 16:40:18,787] {processor.py:171} INFO - Processing /opt/airflow/dags/data_ingestion_gcs_dag.py took 4.683 seconds
[2022-07-30 16:40:48,870] {processor.py:163} INFO - Started process (PID=92) to work on /opt/airflow/dags/data_ingestion_gcs_dag.py
[2022-07-30 16:40:48,871] {processor.py:642} INFO - Processing file /opt/airflow/dags/data_ingestion_gcs_dag.py for tasks to queue
[2022-07-30 16:40:48,871] {logging_mixin.py:109} INFO - [2022-07-30 16:40:48,871] {dagbag.py:500} INFO - Filling up the DagBag from /opt/airflow/dags/data_ingestion_gcs_dag.py
[2022-07-30 16:40:49,492] {processor.py:654} INFO - DAG(s) dict_keys(['data_ingestion_gcs_dag']) retrieved from /opt/airflow/dags/data_ingestion_gcs_dag.py
[2022-07-30 16:40:49,498] {logging_mixin.py:109} INFO - [2022-07-30 16:40:49,498] {dag.py:2396} INFO - Sync 1 DAGs
[2022-07-30 16:40:49,509] {logging_mixin.py:109} INFO - [2022-07-30 16:40:49,509] {dag.py:2935} INFO - Setting next_dagrun for data_ingestion_gcs_dag to 2022-07-29 00:00:00+00:00
[2022-07-30 16:40:49,515] {processor.py:171} INFO - Processing /opt/airflow/dags/data_ingestion_gcs_dag.py took 0.647 seconds
[2022-07-30 16:41:19,573] {processor.py:163} INFO - Started process (PID=136) to work on /opt/airflow/dags/data_ingestion_gcs_dag.py
[2022-07-30 16:41:19,574] {processor.py:642} INFO - Processing file /opt/airflow/dags/data_ingestion_gcs_dag.py for tasks to queue
[2022-07-30 16:41:19,575] {logging_mixin.py:109} INFO - [2022-07-30 16:41:19,575] {dagbag.py:500} INFO - Filling up the DagBag from /opt/airflow/dags/data_ingestion_gcs_dag.py
[2022-07-30 16:41:20,199] {processor.py:654} INFO - DAG(s) dict_keys(['data_ingestion_gcs_dag']) retrieved from /opt/airflow/dags/data_ingestion_gcs_dag.py
[2022-07-30 16:41:20,205] {logging_mixin.py:109} INFO - [2022-07-30 16:41:20,205] {dag.py:2396} INFO - Sync 1 DAGs
[2022-07-30 16:41:20,217] {logging_mixin.py:109} INFO - [2022-07-30 16:41:20,217] {dag.py:2935} INFO - Setting next_dagrun for data_ingestion_gcs_dag to 2022-07-29 00:00:00+00:00
[2022-07-30 16:41:20,223] {processor.py:171} INFO - Processing /opt/airflow/dags/data_ingestion_gcs_dag.py took 0.652 seconds
[2022-07-30 16:41:50,302] {processor.py:163} INFO - Started process (PID=172) to work on /opt/airflow/dags/data_ingestion_gcs_dag.py
[2022-07-30 16:41:50,303] {processor.py:642} INFO - Processing file /opt/airflow/dags/data_ingestion_gcs_dag.py for tasks to queue
[2022-07-30 16:41:50,303] {logging_mixin.py:109} INFO - [2022-07-30 16:41:50,303] {dagbag.py:500} INFO - Filling up the DagBag from /opt/airflow/dags/data_ingestion_gcs_dag.py
[2022-07-30 16:41:50,921] {processor.py:654} INFO - DAG(s) dict_keys(['data_ingestion_gcs_dag']) retrieved from /opt/airflow/dags/data_ingestion_gcs_dag.py
[2022-07-30 16:41:50,928] {logging_mixin.py:109} INFO - [2022-07-30 16:41:50,928] {dag.py:2396} INFO - Sync 1 DAGs
[2022-07-30 16:41:50,940] {logging_mixin.py:109} INFO - [2022-07-30 16:41:50,940] {dag.py:2935} INFO - Setting next_dagrun for data_ingestion_gcs_dag to 2022-07-29 00:00:00+00:00
[2022-07-30 16:41:50,946] {processor.py:171} INFO - Processing /opt/airflow/dags/data_ingestion_gcs_dag.py took 0.646 seconds
[2022-07-30 16:42:21,004] {processor.py:163} INFO - Started process (PID=216) to work on /opt/airflow/dags/data_ingestion_gcs_dag.py
[2022-07-30 16:42:21,005] {processor.py:642} INFO - Processing file /opt/airflow/dags/data_ingestion_gcs_dag.py for tasks to queue
[2022-07-30 16:42:21,006] {logging_mixin.py:109} INFO - [2022-07-30 16:42:21,005] {dagbag.py:500} INFO - Filling up the DagBag from /opt/airflow/dags/data_ingestion_gcs_dag.py
[2022-07-30 16:42:21,696] {processor.py:654} INFO - DAG(s) dict_keys(['data_ingestion_gcs_dag']) retrieved from /opt/airflow/dags/data_ingestion_gcs_dag.py
[2022-07-30 16:42:21,703] {logging_mixin.py:109} INFO - [2022-07-30 16:42:21,703] {dag.py:2396} INFO - Sync 1 DAGs
[2022-07-30 16:42:21,715] {logging_mixin.py:109} INFO - [2022-07-30 16:42:21,715] {dag.py:2935} INFO - Setting next_dagrun for data_ingestion_gcs_dag to 2022-07-29 00:00:00+00:00
[2022-07-30 16:42:21,721] {processor.py:171} INFO - Processing /opt/airflow/dags/data_ingestion_gcs_dag.py took 0.720 seconds
[2022-07-30 16:42:51,798] {processor.py:163} INFO - Started process (PID=260) to work on /opt/airflow/dags/data_ingestion_gcs_dag.py
[2022-07-30 16:42:51,799] {processor.py:642} INFO - Processing file /opt/airflow/dags/data_ingestion_gcs_dag.py for tasks to queue
[2022-07-30 16:42:51,799] {logging_mixin.py:109} INFO - [2022-07-30 16:42:51,799] {dagbag.py:500} INFO - Filling up the DagBag from /opt/airflow/dags/data_ingestion_gcs_dag.py
[2022-07-30 16:42:52,382] {processor.py:654} INFO - DAG(s) dict_keys(['data_ingestion_gcs_dag']) retrieved from /opt/airflow/dags/data_ingestion_gcs_dag.py
[2022-07-30 16:42:52,389] {logging_mixin.py:109} INFO - [2022-07-30 16:42:52,389] {dag.py:2396} INFO - Sync 1 DAGs
[2022-07-30 16:42:52,402] {logging_mixin.py:109} INFO - [2022-07-30 16:42:52,402] {dag.py:2935} INFO - Setting next_dagrun for data_ingestion_gcs_dag to 2022-07-29 00:00:00+00:00
[2022-07-30 16:42:52,407] {processor.py:171} INFO - Processing /opt/airflow/dags/data_ingestion_gcs_dag.py took 0.611 seconds
[2022-07-30 16:43:22,478] {processor.py:163} INFO - Started process (PID=295) to work on /opt/airflow/dags/data_ingestion_gcs_dag.py
[2022-07-30 16:43:22,479] {processor.py:642} INFO - Processing file /opt/airflow/dags/data_ingestion_gcs_dag.py for tasks to queue
[2022-07-30 16:43:22,480] {logging_mixin.py:109} INFO - [2022-07-30 16:43:22,479] {dagbag.py:500} INFO - Filling up the DagBag from /opt/airflow/dags/data_ingestion_gcs_dag.py
[2022-07-30 16:43:23,092] {processor.py:654} INFO - DAG(s) dict_keys(['data_ingestion_gcs_dag']) retrieved from /opt/airflow/dags/data_ingestion_gcs_dag.py
[2022-07-30 16:43:23,100] {logging_mixin.py:109} INFO - [2022-07-30 16:43:23,100] {dag.py:2396} INFO - Sync 1 DAGs
[2022-07-30 16:43:23,111] {logging_mixin.py:109} INFO - [2022-07-30 16:43:23,111] {dag.py:2935} INFO - Setting next_dagrun for data_ingestion_gcs_dag to 2022-07-29 00:00:00+00:00
[2022-07-30 16:43:23,117] {processor.py:171} INFO - Processing /opt/airflow/dags/data_ingestion_gcs_dag.py took 0.641 seconds
[2022-07-30 16:43:53,173] {processor.py:163} INFO - Started process (PID=339) to work on /opt/airflow/dags/data_ingestion_gcs_dag.py
[2022-07-30 16:43:53,174] {processor.py:642} INFO - Processing file /opt/airflow/dags/data_ingestion_gcs_dag.py for tasks to queue
[2022-07-30 16:43:53,175] {logging_mixin.py:109} INFO - [2022-07-30 16:43:53,175] {dagbag.py:500} INFO - Filling up the DagBag from /opt/airflow/dags/data_ingestion_gcs_dag.py
[2022-07-30 16:43:53,777] {processor.py:654} INFO - DAG(s) dict_keys(['data_ingestion_gcs_dag']) retrieved from /opt/airflow/dags/data_ingestion_gcs_dag.py
[2022-07-30 16:43:53,785] {logging_mixin.py:109} INFO - [2022-07-30 16:43:53,785] {dag.py:2396} INFO - Sync 1 DAGs
[2022-07-30 16:43:53,797] {logging_mixin.py:109} INFO - [2022-07-30 16:43:53,797] {dag.py:2935} INFO - Setting next_dagrun for data_ingestion_gcs_dag to 2022-07-29 00:00:00+00:00
[2022-07-30 16:43:53,803] {processor.py:171} INFO - Processing /opt/airflow/dags/data_ingestion_gcs_dag.py took 0.632 seconds
[2022-07-30 16:44:23,908] {processor.py:163} INFO - Started process (PID=374) to work on /opt/airflow/dags/data_ingestion_gcs_dag.py
[2022-07-30 16:44:23,909] {processor.py:642} INFO - Processing file /opt/airflow/dags/data_ingestion_gcs_dag.py for tasks to queue
[2022-07-30 16:44:23,910] {logging_mixin.py:109} INFO - [2022-07-30 16:44:23,910] {dagbag.py:500} INFO - Filling up the DagBag from /opt/airflow/dags/data_ingestion_gcs_dag.py
[2022-07-30 16:44:24,670] {processor.py:654} INFO - DAG(s) dict_keys(['data_ingestion_gcs_dag']) retrieved from /opt/airflow/dags/data_ingestion_gcs_dag.py
[2022-07-30 16:44:24,677] {logging_mixin.py:109} INFO - [2022-07-30 16:44:24,677] {dag.py:2396} INFO - Sync 1 DAGs
[2022-07-30 16:44:24,690] {logging_mixin.py:109} INFO - [2022-07-30 16:44:24,690] {dag.py:2935} INFO - Setting next_dagrun for data_ingestion_gcs_dag to 2022-07-29 00:00:00+00:00
[2022-07-30 16:44:24,697] {processor.py:171} INFO - Processing /opt/airflow/dags/data_ingestion_gcs_dag.py took 0.791 seconds
[2022-07-30 16:44:54,765] {processor.py:163} INFO - Started process (PID=419) to work on /opt/airflow/dags/data_ingestion_gcs_dag.py
[2022-07-30 16:44:54,766] {processor.py:642} INFO - Processing file /opt/airflow/dags/data_ingestion_gcs_dag.py for tasks to queue
[2022-07-30 16:44:54,767] {logging_mixin.py:109} INFO - [2022-07-30 16:44:54,766] {dagbag.py:500} INFO - Filling up the DagBag from /opt/airflow/dags/data_ingestion_gcs_dag.py
[2022-07-30 16:44:55,515] {processor.py:654} INFO - DAG(s) dict_keys(['data_ingestion_gcs_dag']) retrieved from /opt/airflow/dags/data_ingestion_gcs_dag.py
[2022-07-30 16:44:55,526] {logging_mixin.py:109} INFO - [2022-07-30 16:44:55,526] {dag.py:2396} INFO - Sync 1 DAGs
[2022-07-30 16:44:55,543] {logging_mixin.py:109} INFO - [2022-07-30 16:44:55,543] {dag.py:2935} INFO - Setting next_dagrun for data_ingestion_gcs_dag to 2022-07-29 00:00:00+00:00
[2022-07-30 16:44:55,551] {processor.py:171} INFO - Processing /opt/airflow/dags/data_ingestion_gcs_dag.py took 0.789 seconds
