[2022-08-08 19:40:31,035] {taskinstance.py:1032} INFO - Dependencies all met for <TaskInstance: data_ingestion_gcs_dag.download_dataset_task scheduled__2022-08-07T00:00:00+00:00 [queued]>
[2022-08-08 19:40:31,053] {taskinstance.py:1032} INFO - Dependencies all met for <TaskInstance: data_ingestion_gcs_dag.download_dataset_task scheduled__2022-08-07T00:00:00+00:00 [queued]>
[2022-08-08 19:40:31,053] {taskinstance.py:1238} INFO - 
--------------------------------------------------------------------------------
[2022-08-08 19:40:31,053] {taskinstance.py:1239} INFO - Starting attempt 1 of 2
[2022-08-08 19:40:31,053] {taskinstance.py:1240} INFO - 
--------------------------------------------------------------------------------
[2022-08-08 19:40:31,069] {taskinstance.py:1259} INFO - Executing <Task(BashOperator): download_dataset_task> on 2022-08-07 00:00:00+00:00
[2022-08-08 19:40:31,083] {standard_task_runner.py:52} INFO - Started process 91 to run task
[2022-08-08 19:40:31,087] {standard_task_runner.py:76} INFO - Running: ['***', 'tasks', 'run', 'data_ingestion_gcs_dag', 'download_dataset_task', 'scheduled__2022-08-07T00:00:00+00:00', '--job-id', '21', '--raw', '--subdir', 'DAGS_FOLDER/data_ingestion_dag.py', '--cfg-path', '/tmp/tmpk1_46hyq', '--error-file', '/tmp/tmpem4nkfhj']
[2022-08-08 19:40:31,088] {standard_task_runner.py:77} INFO - Job 21: Subtask download_dataset_task
[2022-08-08 19:40:31,159] {logging_mixin.py:109} INFO - Running <TaskInstance: data_ingestion_gcs_dag.download_dataset_task scheduled__2022-08-07T00:00:00+00:00 [running]> on host bc991195846c
[2022-08-08 19:40:31,240] {taskinstance.py:1426} INFO - Exporting the following env vars:
AIRFLOW_CTX_DAG_OWNER=***
AIRFLOW_CTX_DAG_ID=data_ingestion_gcs_dag
AIRFLOW_CTX_TASK_ID=download_dataset_task
AIRFLOW_CTX_EXECUTION_DATE=2022-08-07T00:00:00+00:00
AIRFLOW_CTX_DAG_RUN_ID=scheduled__2022-08-07T00:00:00+00:00
[2022-08-08 19:40:31,241] {subprocess.py:62} INFO - Tmp dir root location: 
 /tmp
[2022-08-08 19:40:31,242] {subprocess.py:74} INFO - Running command: ['bash', '-c', 'curl -sSL https://d37ci6vzurychx.cloudfront.net/trip-data/yellow_tripdata_2021-01.parquet > /opt/***/yellow_tripdata_2021-01.parquet']
[2022-08-08 19:40:31,266] {subprocess.py:85} INFO - Output:
[2022-08-08 19:40:32,625] {subprocess.py:93} INFO - Command exited with return code 0
[2022-08-08 19:40:32,657] {taskinstance.py:1277} INFO - Marking task as SUCCESS. dag_id=data_ingestion_gcs_dag, task_id=download_dataset_task, execution_date=20220807T000000, start_date=20220808T194031, end_date=20220808T194032
[2022-08-08 19:40:32,708] {local_task_job.py:154} INFO - Task exited with return code 0
[2022-08-08 19:40:32,760] {local_task_job.py:264} INFO - 1 downstream tasks scheduled from follow-on schedule check
[2022-08-08 20:56:51,765] {taskinstance.py:1032} INFO - Dependencies all met for <TaskInstance: data_ingestion_gcs_dag.download_dataset_task scheduled__2022-08-07T00:00:00+00:00 [queued]>
[2022-08-08 20:56:51,781] {taskinstance.py:1032} INFO - Dependencies all met for <TaskInstance: data_ingestion_gcs_dag.download_dataset_task scheduled__2022-08-07T00:00:00+00:00 [queued]>
[2022-08-08 20:56:51,781] {taskinstance.py:1238} INFO - 
--------------------------------------------------------------------------------
[2022-08-08 20:56:51,781] {taskinstance.py:1239} INFO - Starting attempt 1 of 2
[2022-08-08 20:56:51,782] {taskinstance.py:1240} INFO - 
--------------------------------------------------------------------------------
[2022-08-08 20:56:51,796] {taskinstance.py:1259} INFO - Executing <Task(BashOperator): download_dataset_task> on 2022-08-07 00:00:00+00:00
[2022-08-08 20:56:51,807] {standard_task_runner.py:52} INFO - Started process 425 to run task
[2022-08-08 20:56:51,811] {standard_task_runner.py:76} INFO - Running: ['***', 'tasks', 'run', 'data_ingestion_gcs_dag', 'download_dataset_task', 'scheduled__2022-08-07T00:00:00+00:00', '--job-id', '10', '--raw', '--subdir', 'DAGS_FOLDER/data_ingestion_dag.py', '--cfg-path', '/tmp/tmp8tr3vb8b', '--error-file', '/tmp/tmpeu2bbetn']
[2022-08-08 20:56:51,812] {standard_task_runner.py:77} INFO - Job 10: Subtask download_dataset_task
[2022-08-08 20:56:51,887] {logging_mixin.py:109} INFO - Running <TaskInstance: data_ingestion_gcs_dag.download_dataset_task scheduled__2022-08-07T00:00:00+00:00 [running]> on host 339bff79e7b1
[2022-08-08 20:56:51,959] {taskinstance.py:1426} INFO - Exporting the following env vars:
AIRFLOW_CTX_DAG_OWNER=***
AIRFLOW_CTX_DAG_ID=data_ingestion_gcs_dag
AIRFLOW_CTX_TASK_ID=download_dataset_task
AIRFLOW_CTX_EXECUTION_DATE=2022-08-07T00:00:00+00:00
AIRFLOW_CTX_DAG_RUN_ID=scheduled__2022-08-07T00:00:00+00:00
[2022-08-08 20:56:51,960] {subprocess.py:62} INFO - Tmp dir root location: 
 /tmp
[2022-08-08 20:56:51,961] {subprocess.py:74} INFO - Running command: ['bash', '-c', 'curl -sSL https://d37ci6vzurychx.cloudfront.net/trip-data/yellow_tripdata_2021-01.parquet > /opt/***/yellow_tripdata_2021-01.parquet']
[2022-08-08 20:56:51,983] {subprocess.py:85} INFO - Output:
[2022-08-08 20:56:52,180] {subprocess.py:93} INFO - Command exited with return code 0
[2022-08-08 20:56:52,218] {taskinstance.py:1277} INFO - Marking task as SUCCESS. dag_id=data_ingestion_gcs_dag, task_id=download_dataset_task, execution_date=20220807T000000, start_date=20220808T205651, end_date=20220808T205652
[2022-08-08 20:56:52,265] {local_task_job.py:154} INFO - Task exited with return code 0
[2022-08-08 20:56:52,321] {local_task_job.py:264} INFO - 1 downstream tasks scheduled from follow-on schedule check
