[2022-07-28 10:26:12,477] {taskinstance.py:1032} INFO - Dependencies all met for <TaskInstance: data_ingestion_gcs_dag.format_to_parquet_task scheduled__2022-07-27T00:00:00+00:00 [queued]>
[2022-07-28 10:26:12,485] {taskinstance.py:1032} INFO - Dependencies all met for <TaskInstance: data_ingestion_gcs_dag.format_to_parquet_task scheduled__2022-07-27T00:00:00+00:00 [queued]>
[2022-07-28 10:26:12,485] {taskinstance.py:1238} INFO - 
--------------------------------------------------------------------------------
[2022-07-28 10:26:12,485] {taskinstance.py:1239} INFO - Starting attempt 1 of 2
[2022-07-28 10:26:12,485] {taskinstance.py:1240} INFO - 
--------------------------------------------------------------------------------
[2022-07-28 10:26:12,493] {taskinstance.py:1259} INFO - Executing <Task(PythonOperator): format_to_parquet_task> on 2022-07-27 00:00:00+00:00
[2022-07-28 10:26:12,500] {standard_task_runner.py:52} INFO - Started process 348 to run task
[2022-07-28 10:26:12,503] {standard_task_runner.py:76} INFO - Running: ['***', 'tasks', 'run', 'data_ingestion_gcs_dag', 'format_to_parquet_task', 'scheduled__2022-07-27T00:00:00+00:00', '--job-id', '54', '--raw', '--subdir', 'DAGS_FOLDER/data_ingestion_gcs_dag.py', '--cfg-path', '/tmp/tmpbl9rz2lj', '--error-file', '/tmp/tmpz_wt8y1k']
[2022-07-28 10:26:12,504] {standard_task_runner.py:77} INFO - Job 54: Subtask format_to_parquet_task
[2022-07-28 10:26:12,554] {logging_mixin.py:109} INFO - Running <TaskInstance: data_ingestion_gcs_dag.format_to_parquet_task scheduled__2022-07-27T00:00:00+00:00 [running]> on host 8b03a9aa4b2a
[2022-07-28 10:26:12,600] {taskinstance.py:1426} INFO - Exporting the following env vars:
AIRFLOW_CTX_DAG_OWNER=***
AIRFLOW_CTX_DAG_ID=data_ingestion_gcs_dag
AIRFLOW_CTX_TASK_ID=format_to_parquet_task
AIRFLOW_CTX_EXECUTION_DATE=2022-07-27T00:00:00+00:00
AIRFLOW_CTX_DAG_RUN_ID=scheduled__2022-07-27T00:00:00+00:00
[2022-07-28 10:26:12,727] {python.py:175} INFO - Done. Returned value was: None
[2022-07-28 10:26:12,742] {taskinstance.py:1277} INFO - Marking task as SUCCESS. dag_id=data_ingestion_gcs_dag, task_id=format_to_parquet_task, execution_date=20220727T000000, start_date=20220728T102612, end_date=20220728T102612
[2022-07-28 10:26:12,795] {local_task_job.py:154} INFO - Task exited with return code 0
[2022-07-28 10:26:12,827] {local_task_job.py:264} INFO - 1 downstream tasks scheduled from follow-on schedule check
[2022-07-28 11:29:49,170] {taskinstance.py:1032} INFO - Dependencies all met for <TaskInstance: data_ingestion_gcs_dag.format_to_parquet_task scheduled__2022-07-27T00:00:00+00:00 [queued]>
[2022-07-28 11:29:49,184] {taskinstance.py:1032} INFO - Dependencies all met for <TaskInstance: data_ingestion_gcs_dag.format_to_parquet_task scheduled__2022-07-27T00:00:00+00:00 [queued]>
[2022-07-28 11:29:49,184] {taskinstance.py:1238} INFO - 
--------------------------------------------------------------------------------
[2022-07-28 11:29:49,184] {taskinstance.py:1239} INFO - Starting attempt 1 of 2
[2022-07-28 11:29:49,184] {taskinstance.py:1240} INFO - 
--------------------------------------------------------------------------------
[2022-07-28 11:29:49,193] {taskinstance.py:1259} INFO - Executing <Task(PythonOperator): format_to_parquet_task> on 2022-07-27 00:00:00+00:00
[2022-07-28 11:29:49,201] {standard_task_runner.py:52} INFO - Started process 161 to run task
[2022-07-28 11:29:49,203] {standard_task_runner.py:76} INFO - Running: ['***', 'tasks', 'run', 'data_ingestion_gcs_dag', 'format_to_parquet_task', 'scheduled__2022-07-27T00:00:00+00:00', '--job-id', '4', '--raw', '--subdir', 'DAGS_FOLDER/data_ingestion_gcs_dag.py', '--cfg-path', '/tmp/tmpflfsk8fv', '--error-file', '/tmp/tmph4v0s10r']
[2022-07-28 11:29:49,203] {standard_task_runner.py:77} INFO - Job 4: Subtask format_to_parquet_task
[2022-07-28 11:29:49,253] {logging_mixin.py:109} INFO - Running <TaskInstance: data_ingestion_gcs_dag.format_to_parquet_task scheduled__2022-07-27T00:00:00+00:00 [running]> on host 35bd50b395a2
[2022-07-28 11:29:49,305] {taskinstance.py:1426} INFO - Exporting the following env vars:
AIRFLOW_CTX_DAG_OWNER=***
AIRFLOW_CTX_DAG_ID=data_ingestion_gcs_dag
AIRFLOW_CTX_TASK_ID=format_to_parquet_task
AIRFLOW_CTX_EXECUTION_DATE=2022-07-27T00:00:00+00:00
AIRFLOW_CTX_DAG_RUN_ID=scheduled__2022-07-27T00:00:00+00:00
[2022-07-28 11:29:49,341] {python.py:175} INFO - Done. Returned value was: None
[2022-07-28 11:29:49,357] {taskinstance.py:1277} INFO - Marking task as SUCCESS. dag_id=data_ingestion_gcs_dag, task_id=format_to_parquet_task, execution_date=20220727T000000, start_date=20220728T112949, end_date=20220728T112949
[2022-07-28 11:29:49,415] {local_task_job.py:154} INFO - Task exited with return code 0
[2022-07-28 11:29:49,466] {local_task_job.py:264} INFO - 1 downstream tasks scheduled from follow-on schedule check
