[2022-08-04 07:47:26,736] {processor.py:163} INFO - Started process (PID=57) to work on /opt/airflow/dags/data_ingestion_gcs_dag.py
[2022-08-04 07:47:26,737] {processor.py:642} INFO - Processing file /opt/airflow/dags/data_ingestion_gcs_dag.py for tasks to queue
[2022-08-04 07:47:26,737] {logging_mixin.py:109} INFO - [2022-08-04 07:47:26,737] {dagbag.py:500} INFO - Filling up the DagBag from /opt/airflow/dags/data_ingestion_gcs_dag.py
[2022-08-04 07:47:29,369] {processor.py:654} INFO - DAG(s) dict_keys(['data_ingestion_gcs_dag']) retrieved from /opt/airflow/dags/data_ingestion_gcs_dag.py
[2022-08-04 07:47:30,246] {logging_mixin.py:109} INFO - [2022-08-04 07:47:30,245] {dag.py:2396} INFO - Sync 1 DAGs
[2022-08-04 07:47:30,345] {processor.py:171} INFO - Processing /opt/airflow/dags/data_ingestion_gcs_dag.py took 3.611 seconds
[2022-08-04 07:48:00,765] {processor.py:163} INFO - Started process (PID=110) to work on /opt/airflow/dags/data_ingestion_gcs_dag.py
[2022-08-04 07:48:00,766] {processor.py:642} INFO - Processing file /opt/airflow/dags/data_ingestion_gcs_dag.py for tasks to queue
[2022-08-04 07:48:00,766] {logging_mixin.py:109} INFO - [2022-08-04 07:48:00,766] {dagbag.py:500} INFO - Filling up the DagBag from /opt/airflow/dags/data_ingestion_gcs_dag.py
[2022-08-04 07:48:03,250] {processor.py:654} INFO - DAG(s) dict_keys(['data_ingestion_gcs_dag']) retrieved from /opt/airflow/dags/data_ingestion_gcs_dag.py
[2022-08-04 07:48:03,632] {logging_mixin.py:109} INFO - [2022-08-04 07:48:03,631] {dag.py:2396} INFO - Sync 1 DAGs
[2022-08-04 07:48:03,652] {processor.py:171} INFO - Processing /opt/airflow/dags/data_ingestion_gcs_dag.py took 2.890 seconds
[2022-08-04 07:48:33,752] {processor.py:163} INFO - Started process (PID=177) to work on /opt/airflow/dags/data_ingestion_gcs_dag.py
[2022-08-04 07:48:33,754] {processor.py:642} INFO - Processing file /opt/airflow/dags/data_ingestion_gcs_dag.py for tasks to queue
[2022-08-04 07:48:33,755] {logging_mixin.py:109} INFO - [2022-08-04 07:48:33,754] {dagbag.py:500} INFO - Filling up the DagBag from /opt/airflow/dags/data_ingestion_gcs_dag.py
[2022-08-04 07:48:34,652] {processor.py:654} INFO - DAG(s) dict_keys(['data_ingestion_gcs_dag']) retrieved from /opt/airflow/dags/data_ingestion_gcs_dag.py
[2022-08-04 07:48:34,656] {logging_mixin.py:109} INFO - [2022-08-04 07:48:34,655] {dag.py:2396} INFO - Sync 1 DAGs
[2022-08-04 07:48:34,675] {processor.py:171} INFO - Processing /opt/airflow/dags/data_ingestion_gcs_dag.py took 0.929 seconds
[2022-08-04 07:49:04,769] {processor.py:163} INFO - Started process (PID=223) to work on /opt/airflow/dags/data_ingestion_gcs_dag.py
[2022-08-04 07:49:04,770] {processor.py:642} INFO - Processing file /opt/airflow/dags/data_ingestion_gcs_dag.py for tasks to queue
[2022-08-04 07:49:04,770] {logging_mixin.py:109} INFO - [2022-08-04 07:49:04,770] {dagbag.py:500} INFO - Filling up the DagBag from /opt/airflow/dags/data_ingestion_gcs_dag.py
[2022-08-04 07:49:06,154] {processor.py:654} INFO - DAG(s) dict_keys(['data_ingestion_gcs_dag']) retrieved from /opt/airflow/dags/data_ingestion_gcs_dag.py
[2022-08-04 07:49:06,375] {logging_mixin.py:109} INFO - [2022-08-04 07:49:06,375] {dag.py:2396} INFO - Sync 1 DAGs
[2022-08-04 07:49:06,400] {processor.py:171} INFO - Processing /opt/airflow/dags/data_ingestion_gcs_dag.py took 1.634 seconds
[2022-08-04 07:51:08,033] {processor.py:163} INFO - Started process (PID=59) to work on /opt/airflow/dags/data_ingestion_gcs_dag.py
[2022-08-04 07:51:08,034] {processor.py:642} INFO - Processing file /opt/airflow/dags/data_ingestion_gcs_dag.py for tasks to queue
[2022-08-04 07:51:08,035] {logging_mixin.py:109} INFO - [2022-08-04 07:51:08,034] {dagbag.py:500} INFO - Filling up the DagBag from /opt/airflow/dags/data_ingestion_gcs_dag.py
[2022-08-04 07:51:10,398] {processor.py:654} INFO - DAG(s) dict_keys(['data_ingestion_gcs_dag']) retrieved from /opt/airflow/dags/data_ingestion_gcs_dag.py
[2022-08-04 07:51:13,129] {logging_mixin.py:109} INFO - [2022-08-04 07:51:13,129] {manager.py:496} INFO - Created Permission View: can edit on DAG:data_ingestion_gcs_dag
[2022-08-04 07:51:13,136] {logging_mixin.py:109} INFO - [2022-08-04 07:51:13,136] {manager.py:496} INFO - Created Permission View: can read on DAG:data_ingestion_gcs_dag
[2022-08-04 07:51:13,136] {logging_mixin.py:109} INFO - [2022-08-04 07:51:13,136] {dag.py:2396} INFO - Sync 1 DAGs
[2022-08-04 07:51:13,142] {logging_mixin.py:109} INFO - [2022-08-04 07:51:13,142] {dag.py:2415} INFO - Creating ORM DAG for data_ingestion_gcs_dag
[2022-08-04 07:51:13,150] {logging_mixin.py:109} INFO - [2022-08-04 07:51:13,150] {dag.py:2935} INFO - Setting next_dagrun for data_ingestion_gcs_dag to 2022-08-03 00:00:00+00:00
[2022-08-04 07:51:13,162] {processor.py:171} INFO - Processing /opt/airflow/dags/data_ingestion_gcs_dag.py took 5.132 seconds
[2022-08-04 07:51:43,275] {processor.py:163} INFO - Started process (PID=119) to work on /opt/airflow/dags/data_ingestion_gcs_dag.py
[2022-08-04 07:51:43,276] {processor.py:642} INFO - Processing file /opt/airflow/dags/data_ingestion_gcs_dag.py for tasks to queue
[2022-08-04 07:51:43,276] {logging_mixin.py:109} INFO - [2022-08-04 07:51:43,276] {dagbag.py:500} INFO - Filling up the DagBag from /opt/airflow/dags/data_ingestion_gcs_dag.py
[2022-08-04 07:51:44,177] {processor.py:654} INFO - DAG(s) dict_keys(['data_ingestion_gcs_dag']) retrieved from /opt/airflow/dags/data_ingestion_gcs_dag.py
[2022-08-04 07:51:44,185] {logging_mixin.py:109} INFO - [2022-08-04 07:51:44,185] {dag.py:2396} INFO - Sync 1 DAGs
[2022-08-04 07:51:44,200] {logging_mixin.py:109} INFO - [2022-08-04 07:51:44,200] {dag.py:2935} INFO - Setting next_dagrun for data_ingestion_gcs_dag to 2022-08-03 00:00:00+00:00
[2022-08-04 07:51:44,207] {processor.py:171} INFO - Processing /opt/airflow/dags/data_ingestion_gcs_dag.py took 0.935 seconds
[2022-08-04 07:52:14,509] {processor.py:163} INFO - Started process (PID=172) to work on /opt/airflow/dags/data_ingestion_gcs_dag.py
[2022-08-04 07:52:14,510] {processor.py:642} INFO - Processing file /opt/airflow/dags/data_ingestion_gcs_dag.py for tasks to queue
[2022-08-04 07:52:14,510] {logging_mixin.py:109} INFO - [2022-08-04 07:52:14,510] {dagbag.py:500} INFO - Filling up the DagBag from /opt/airflow/dags/data_ingestion_gcs_dag.py
[2022-08-04 07:52:15,304] {processor.py:654} INFO - DAG(s) dict_keys(['data_ingestion_gcs_dag']) retrieved from /opt/airflow/dags/data_ingestion_gcs_dag.py
[2022-08-04 07:52:15,472] {logging_mixin.py:109} INFO - [2022-08-04 07:52:15,471] {dag.py:2396} INFO - Sync 1 DAGs
[2022-08-04 07:52:15,490] {processor.py:171} INFO - Processing /opt/airflow/dags/data_ingestion_gcs_dag.py took 0.983 seconds
[2022-08-04 07:52:45,576] {processor.py:163} INFO - Started process (PID=233) to work on /opt/airflow/dags/data_ingestion_gcs_dag.py
[2022-08-04 07:52:45,577] {processor.py:642} INFO - Processing file /opt/airflow/dags/data_ingestion_gcs_dag.py for tasks to queue
[2022-08-04 07:52:45,577] {logging_mixin.py:109} INFO - [2022-08-04 07:52:45,577] {dagbag.py:500} INFO - Filling up the DagBag from /opt/airflow/dags/data_ingestion_gcs_dag.py
[2022-08-04 07:52:46,374] {processor.py:654} INFO - DAG(s) dict_keys(['data_ingestion_gcs_dag']) retrieved from /opt/airflow/dags/data_ingestion_gcs_dag.py
[2022-08-04 07:52:46,381] {logging_mixin.py:109} INFO - [2022-08-04 07:52:46,381] {dag.py:2396} INFO - Sync 1 DAGs
[2022-08-04 07:52:46,400] {processor.py:171} INFO - Processing /opt/airflow/dags/data_ingestion_gcs_dag.py took 0.826 seconds
[2022-08-04 07:53:13,506] {processor.py:163} INFO - Started process (PID=284) to work on /opt/airflow/dags/data_ingestion_gcs_dag.py
[2022-08-04 07:53:13,507] {processor.py:642} INFO - Processing file /opt/airflow/dags/data_ingestion_gcs_dag.py for tasks to queue
[2022-08-04 07:53:13,508] {logging_mixin.py:109} INFO - [2022-08-04 07:53:13,508] {dagbag.py:500} INFO - Filling up the DagBag from /opt/airflow/dags/data_ingestion_gcs_dag.py
[2022-08-04 07:53:14,213] {processor.py:654} INFO - DAG(s) dict_keys(['data_ingestion_gcs_dag']) retrieved from /opt/airflow/dags/data_ingestion_gcs_dag.py
[2022-08-04 07:53:14,216] {logging_mixin.py:109} INFO - [2022-08-04 07:53:14,216] {dag.py:2396} INFO - Sync 1 DAGs
[2022-08-04 07:53:14,241] {processor.py:171} INFO - Processing /opt/airflow/dags/data_ingestion_gcs_dag.py took 0.737 seconds
[2022-08-04 07:55:44,224] {processor.py:163} INFO - Started process (PID=48) to work on /opt/airflow/dags/data_ingestion_gcs_dag.py
[2022-08-04 07:55:44,225] {processor.py:642} INFO - Processing file /opt/airflow/dags/data_ingestion_gcs_dag.py for tasks to queue
[2022-08-04 07:55:44,226] {logging_mixin.py:109} INFO - [2022-08-04 07:55:44,226] {dagbag.py:500} INFO - Filling up the DagBag from /opt/airflow/dags/data_ingestion_gcs_dag.py
[2022-08-04 07:55:46,678] {processor.py:654} INFO - DAG(s) dict_keys(['data_ingestion_gcs_dag']) retrieved from /opt/airflow/dags/data_ingestion_gcs_dag.py
[2022-08-04 07:55:49,770] {logging_mixin.py:109} INFO - [2022-08-04 07:55:49,770] {manager.py:496} INFO - Created Permission View: can edit on DAG:data_ingestion_gcs_dag
[2022-08-04 07:55:49,777] {logging_mixin.py:109} INFO - [2022-08-04 07:55:49,777] {manager.py:496} INFO - Created Permission View: can read on DAG:data_ingestion_gcs_dag
[2022-08-04 07:55:49,777] {logging_mixin.py:109} INFO - [2022-08-04 07:55:49,777] {dag.py:2396} INFO - Sync 1 DAGs
[2022-08-04 07:55:49,785] {logging_mixin.py:109} INFO - [2022-08-04 07:55:49,784] {dag.py:2415} INFO - Creating ORM DAG for data_ingestion_gcs_dag
[2022-08-04 07:55:49,793] {logging_mixin.py:109} INFO - [2022-08-04 07:55:49,793] {dag.py:2935} INFO - Setting next_dagrun for data_ingestion_gcs_dag to 2022-08-03 00:00:00+00:00
[2022-08-04 07:55:49,807] {processor.py:171} INFO - Processing /opt/airflow/dags/data_ingestion_gcs_dag.py took 5.584 seconds
[2022-08-04 07:56:20,351] {processor.py:163} INFO - Started process (PID=109) to work on /opt/airflow/dags/data_ingestion_gcs_dag.py
[2022-08-04 07:56:20,352] {processor.py:642} INFO - Processing file /opt/airflow/dags/data_ingestion_gcs_dag.py for tasks to queue
[2022-08-04 07:56:20,352] {logging_mixin.py:109} INFO - [2022-08-04 07:56:20,352] {dagbag.py:500} INFO - Filling up the DagBag from /opt/airflow/dags/data_ingestion_gcs_dag.py
[2022-08-04 07:56:21,461] {processor.py:654} INFO - DAG(s) dict_keys(['data_ingestion_gcs_dag']) retrieved from /opt/airflow/dags/data_ingestion_gcs_dag.py
[2022-08-04 07:56:21,471] {logging_mixin.py:109} INFO - [2022-08-04 07:56:21,471] {dag.py:2396} INFO - Sync 1 DAGs
[2022-08-04 07:56:21,490] {logging_mixin.py:109} INFO - [2022-08-04 07:56:21,490] {dag.py:2935} INFO - Setting next_dagrun for data_ingestion_gcs_dag to 2022-08-03 00:00:00+00:00
[2022-08-04 07:56:21,498] {processor.py:171} INFO - Processing /opt/airflow/dags/data_ingestion_gcs_dag.py took 1.149 seconds
[2022-08-04 07:56:51,613] {processor.py:163} INFO - Started process (PID=170) to work on /opt/airflow/dags/data_ingestion_gcs_dag.py
[2022-08-04 07:56:51,614] {processor.py:642} INFO - Processing file /opt/airflow/dags/data_ingestion_gcs_dag.py for tasks to queue
[2022-08-04 07:56:51,615] {logging_mixin.py:109} INFO - [2022-08-04 07:56:51,614] {dagbag.py:500} INFO - Filling up the DagBag from /opt/airflow/dags/data_ingestion_gcs_dag.py
[2022-08-04 07:56:52,857] {processor.py:654} INFO - DAG(s) dict_keys(['data_ingestion_gcs_dag']) retrieved from /opt/airflow/dags/data_ingestion_gcs_dag.py
[2022-08-04 07:56:53,140] {logging_mixin.py:109} INFO - [2022-08-04 07:56:53,140] {dag.py:2396} INFO - Sync 1 DAGs
[2022-08-04 07:56:53,153] {logging_mixin.py:109} INFO - [2022-08-04 07:56:53,153] {dag.py:2935} INFO - Setting next_dagrun for data_ingestion_gcs_dag to 2022-08-03 00:00:00+00:00
[2022-08-04 07:56:53,164] {processor.py:171} INFO - Processing /opt/airflow/dags/data_ingestion_gcs_dag.py took 1.553 seconds
[2022-08-04 07:57:23,275] {processor.py:163} INFO - Started process (PID=222) to work on /opt/airflow/dags/data_ingestion_gcs_dag.py
[2022-08-04 07:57:23,276] {processor.py:642} INFO - Processing file /opt/airflow/dags/data_ingestion_gcs_dag.py for tasks to queue
[2022-08-04 07:57:23,276] {logging_mixin.py:109} INFO - [2022-08-04 07:57:23,276] {dagbag.py:500} INFO - Filling up the DagBag from /opt/airflow/dags/data_ingestion_gcs_dag.py
[2022-08-04 07:57:24,359] {processor.py:654} INFO - DAG(s) dict_keys(['data_ingestion_gcs_dag']) retrieved from /opt/airflow/dags/data_ingestion_gcs_dag.py
[2022-08-04 07:57:24,366] {logging_mixin.py:109} INFO - [2022-08-04 07:57:24,366] {dag.py:2396} INFO - Sync 1 DAGs
[2022-08-04 07:57:24,440] {logging_mixin.py:109} INFO - [2022-08-04 07:57:24,440] {dag.py:2935} INFO - Setting next_dagrun for data_ingestion_gcs_dag to 2022-08-03 00:00:00+00:00
[2022-08-04 07:57:24,447] {processor.py:171} INFO - Processing /opt/airflow/dags/data_ingestion_gcs_dag.py took 1.174 seconds
[2022-08-04 07:57:54,544] {processor.py:163} INFO - Started process (PID=282) to work on /opt/airflow/dags/data_ingestion_gcs_dag.py
[2022-08-04 07:57:54,545] {processor.py:642} INFO - Processing file /opt/airflow/dags/data_ingestion_gcs_dag.py for tasks to queue
[2022-08-04 07:57:54,545] {logging_mixin.py:109} INFO - [2022-08-04 07:57:54,545] {dagbag.py:500} INFO - Filling up the DagBag from /opt/airflow/dags/data_ingestion_gcs_dag.py
[2022-08-04 07:57:55,663] {processor.py:654} INFO - DAG(s) dict_keys(['data_ingestion_gcs_dag']) retrieved from /opt/airflow/dags/data_ingestion_gcs_dag.py
[2022-08-04 07:57:55,885] {logging_mixin.py:109} INFO - [2022-08-04 07:57:55,885] {dag.py:2396} INFO - Sync 1 DAGs
[2022-08-04 07:57:55,940] {logging_mixin.py:109} INFO - [2022-08-04 07:57:55,939] {dag.py:2935} INFO - Setting next_dagrun for data_ingestion_gcs_dag to 2022-08-03 00:00:00+00:00
[2022-08-04 07:57:55,947] {processor.py:171} INFO - Processing /opt/airflow/dags/data_ingestion_gcs_dag.py took 1.405 seconds
[2022-08-04 07:58:26,054] {processor.py:163} INFO - Started process (PID=343) to work on /opt/airflow/dags/data_ingestion_gcs_dag.py
[2022-08-04 07:58:26,055] {processor.py:642} INFO - Processing file /opt/airflow/dags/data_ingestion_gcs_dag.py for tasks to queue
[2022-08-04 07:58:26,055] {logging_mixin.py:109} INFO - [2022-08-04 07:58:26,055] {dagbag.py:500} INFO - Filling up the DagBag from /opt/airflow/dags/data_ingestion_gcs_dag.py
[2022-08-04 07:58:26,834] {processor.py:654} INFO - DAG(s) dict_keys(['data_ingestion_gcs_dag']) retrieved from /opt/airflow/dags/data_ingestion_gcs_dag.py
[2022-08-04 07:58:26,845] {logging_mixin.py:109} INFO - [2022-08-04 07:58:26,845] {dag.py:2396} INFO - Sync 1 DAGs
[2022-08-04 07:58:26,859] {logging_mixin.py:109} INFO - [2022-08-04 07:58:26,858] {dag.py:2935} INFO - Setting next_dagrun for data_ingestion_gcs_dag to 2022-08-03 00:00:00+00:00
[2022-08-04 07:58:26,866] {processor.py:171} INFO - Processing /opt/airflow/dags/data_ingestion_gcs_dag.py took 0.815 seconds
[2022-08-04 07:58:56,950] {processor.py:163} INFO - Started process (PID=395) to work on /opt/airflow/dags/data_ingestion_gcs_dag.py
[2022-08-04 07:58:56,951] {processor.py:642} INFO - Processing file /opt/airflow/dags/data_ingestion_gcs_dag.py for tasks to queue
[2022-08-04 07:58:56,951] {logging_mixin.py:109} INFO - [2022-08-04 07:58:56,951] {dagbag.py:500} INFO - Filling up the DagBag from /opt/airflow/dags/data_ingestion_gcs_dag.py
[2022-08-04 07:58:58,073] {processor.py:654} INFO - DAG(s) dict_keys(['data_ingestion_gcs_dag']) retrieved from /opt/airflow/dags/data_ingestion_gcs_dag.py
[2022-08-04 07:58:58,352] {logging_mixin.py:109} INFO - [2022-08-04 07:58:58,351] {dag.py:2396} INFO - Sync 1 DAGs
[2022-08-04 07:58:58,365] {logging_mixin.py:109} INFO - [2022-08-04 07:58:58,365] {dag.py:2935} INFO - Setting next_dagrun for data_ingestion_gcs_dag to 2022-08-03 00:00:00+00:00
[2022-08-04 07:58:58,372] {processor.py:171} INFO - Processing /opt/airflow/dags/data_ingestion_gcs_dag.py took 1.424 seconds
[2022-08-04 07:59:28,545] {processor.py:163} INFO - Started process (PID=456) to work on /opt/airflow/dags/data_ingestion_gcs_dag.py
[2022-08-04 07:59:28,546] {processor.py:642} INFO - Processing file /opt/airflow/dags/data_ingestion_gcs_dag.py for tasks to queue
[2022-08-04 07:59:28,546] {logging_mixin.py:109} INFO - [2022-08-04 07:59:28,546] {dagbag.py:500} INFO - Filling up the DagBag from /opt/airflow/dags/data_ingestion_gcs_dag.py
[2022-08-04 07:59:29,446] {processor.py:654} INFO - DAG(s) dict_keys(['data_ingestion_gcs_dag']) retrieved from /opt/airflow/dags/data_ingestion_gcs_dag.py
[2022-08-04 07:59:29,610] {logging_mixin.py:109} INFO - [2022-08-04 07:59:29,610] {dag.py:2396} INFO - Sync 1 DAGs
[2022-08-04 07:59:29,638] {logging_mixin.py:109} INFO - [2022-08-04 07:59:29,638] {dag.py:2935} INFO - Setting next_dagrun for data_ingestion_gcs_dag to 2022-08-03 00:00:00+00:00
[2022-08-04 07:59:29,647] {processor.py:171} INFO - Processing /opt/airflow/dags/data_ingestion_gcs_dag.py took 1.104 seconds
[2022-08-04 08:01:16,824] {processor.py:163} INFO - Started process (PID=47) to work on /opt/airflow/dags/data_ingestion_gcs_dag.py
[2022-08-04 08:01:16,825] {processor.py:642} INFO - Processing file /opt/airflow/dags/data_ingestion_gcs_dag.py for tasks to queue
[2022-08-04 08:01:16,826] {logging_mixin.py:109} INFO - [2022-08-04 08:01:16,826] {dagbag.py:500} INFO - Filling up the DagBag from /opt/airflow/dags/data_ingestion_gcs_dag.py
[2022-08-04 08:01:17,661] {processor.py:654} INFO - DAG(s) dict_keys(['data_ingestion_gcs_dag']) retrieved from /opt/airflow/dags/data_ingestion_gcs_dag.py
[2022-08-04 08:01:17,670] {logging_mixin.py:109} INFO - [2022-08-04 08:01:17,670] {dag.py:2396} INFO - Sync 1 DAGs
[2022-08-04 08:01:17,684] {logging_mixin.py:109} INFO - [2022-08-04 08:01:17,684] {dag.py:2935} INFO - Setting next_dagrun for data_ingestion_gcs_dag to 2022-08-03 00:00:00+00:00
[2022-08-04 08:01:17,690] {processor.py:171} INFO - Processing /opt/airflow/dags/data_ingestion_gcs_dag.py took 0.868 seconds
[2022-08-04 08:01:47,805] {processor.py:163} INFO - Started process (PID=90) to work on /opt/airflow/dags/data_ingestion_gcs_dag.py
[2022-08-04 08:01:47,806] {processor.py:642} INFO - Processing file /opt/airflow/dags/data_ingestion_gcs_dag.py for tasks to queue
[2022-08-04 08:01:47,807] {logging_mixin.py:109} INFO - [2022-08-04 08:01:47,807] {dagbag.py:500} INFO - Filling up the DagBag from /opt/airflow/dags/data_ingestion_gcs_dag.py
[2022-08-04 08:01:48,770] {processor.py:654} INFO - DAG(s) dict_keys(['data_ingestion_gcs_dag']) retrieved from /opt/airflow/dags/data_ingestion_gcs_dag.py
[2022-08-04 08:01:48,785] {logging_mixin.py:109} INFO - [2022-08-04 08:01:48,785] {dag.py:2396} INFO - Sync 1 DAGs
[2022-08-04 08:01:48,804] {logging_mixin.py:109} INFO - [2022-08-04 08:01:48,804] {dag.py:2935} INFO - Setting next_dagrun for data_ingestion_gcs_dag to 2022-08-03 00:00:00+00:00
[2022-08-04 08:01:48,811] {processor.py:171} INFO - Processing /opt/airflow/dags/data_ingestion_gcs_dag.py took 1.009 seconds
[2022-08-04 08:02:18,907] {processor.py:163} INFO - Started process (PID=125) to work on /opt/airflow/dags/data_ingestion_gcs_dag.py
[2022-08-04 08:02:18,908] {processor.py:642} INFO - Processing file /opt/airflow/dags/data_ingestion_gcs_dag.py for tasks to queue
[2022-08-04 08:02:18,909] {logging_mixin.py:109} INFO - [2022-08-04 08:02:18,908] {dagbag.py:500} INFO - Filling up the DagBag from /opt/airflow/dags/data_ingestion_gcs_dag.py
[2022-08-04 08:02:19,922] {processor.py:654} INFO - DAG(s) dict_keys(['data_ingestion_gcs_dag']) retrieved from /opt/airflow/dags/data_ingestion_gcs_dag.py
[2022-08-04 08:02:19,928] {logging_mixin.py:109} INFO - [2022-08-04 08:02:19,928] {dag.py:2396} INFO - Sync 1 DAGs
[2022-08-04 08:02:19,947] {processor.py:171} INFO - Processing /opt/airflow/dags/data_ingestion_gcs_dag.py took 1.042 seconds
[2022-08-04 08:02:49,997] {processor.py:163} INFO - Started process (PID=169) to work on /opt/airflow/dags/data_ingestion_gcs_dag.py
[2022-08-04 08:02:49,998] {processor.py:642} INFO - Processing file /opt/airflow/dags/data_ingestion_gcs_dag.py for tasks to queue
[2022-08-04 08:02:49,998] {logging_mixin.py:109} INFO - [2022-08-04 08:02:49,998] {dagbag.py:500} INFO - Filling up the DagBag from /opt/airflow/dags/data_ingestion_gcs_dag.py
[2022-08-04 08:02:50,753] {processor.py:654} INFO - DAG(s) dict_keys(['data_ingestion_gcs_dag']) retrieved from /opt/airflow/dags/data_ingestion_gcs_dag.py
[2022-08-04 08:02:50,759] {logging_mixin.py:109} INFO - [2022-08-04 08:02:50,759] {dag.py:2396} INFO - Sync 1 DAGs
[2022-08-04 08:02:50,775] {processor.py:171} INFO - Processing /opt/airflow/dags/data_ingestion_gcs_dag.py took 0.780 seconds
[2022-08-04 08:03:20,858] {processor.py:163} INFO - Started process (PID=204) to work on /opt/airflow/dags/data_ingestion_gcs_dag.py
[2022-08-04 08:03:20,859] {processor.py:642} INFO - Processing file /opt/airflow/dags/data_ingestion_gcs_dag.py for tasks to queue
[2022-08-04 08:03:20,860] {logging_mixin.py:109} INFO - [2022-08-04 08:03:20,860] {dagbag.py:500} INFO - Filling up the DagBag from /opt/airflow/dags/data_ingestion_gcs_dag.py
[2022-08-04 08:03:21,574] {processor.py:654} INFO - DAG(s) dict_keys(['data_ingestion_gcs_dag']) retrieved from /opt/airflow/dags/data_ingestion_gcs_dag.py
[2022-08-04 08:03:21,582] {logging_mixin.py:109} INFO - [2022-08-04 08:03:21,582] {dag.py:2396} INFO - Sync 1 DAGs
[2022-08-04 08:03:21,602] {processor.py:171} INFO - Processing /opt/airflow/dags/data_ingestion_gcs_dag.py took 0.747 seconds
[2022-08-04 08:03:51,671] {processor.py:163} INFO - Started process (PID=248) to work on /opt/airflow/dags/data_ingestion_gcs_dag.py
[2022-08-04 08:03:51,672] {processor.py:642} INFO - Processing file /opt/airflow/dags/data_ingestion_gcs_dag.py for tasks to queue
[2022-08-04 08:03:51,673] {logging_mixin.py:109} INFO - [2022-08-04 08:03:51,673] {dagbag.py:500} INFO - Filling up the DagBag from /opt/airflow/dags/data_ingestion_gcs_dag.py
[2022-08-04 08:03:52,413] {processor.py:654} INFO - DAG(s) dict_keys(['data_ingestion_gcs_dag']) retrieved from /opt/airflow/dags/data_ingestion_gcs_dag.py
[2022-08-04 08:03:52,420] {logging_mixin.py:109} INFO - [2022-08-04 08:03:52,420] {dag.py:2396} INFO - Sync 1 DAGs
[2022-08-04 08:03:52,438] {processor.py:171} INFO - Processing /opt/airflow/dags/data_ingestion_gcs_dag.py took 0.769 seconds
[2022-08-04 08:04:22,500] {processor.py:163} INFO - Started process (PID=283) to work on /opt/airflow/dags/data_ingestion_gcs_dag.py
[2022-08-04 08:04:22,501] {processor.py:642} INFO - Processing file /opt/airflow/dags/data_ingestion_gcs_dag.py for tasks to queue
[2022-08-04 08:04:22,502] {logging_mixin.py:109} INFO - [2022-08-04 08:04:22,502] {dagbag.py:500} INFO - Filling up the DagBag from /opt/airflow/dags/data_ingestion_gcs_dag.py
[2022-08-04 08:04:23,235] {processor.py:654} INFO - DAG(s) dict_keys(['data_ingestion_gcs_dag']) retrieved from /opt/airflow/dags/data_ingestion_gcs_dag.py
[2022-08-04 08:04:23,244] {logging_mixin.py:109} INFO - [2022-08-04 08:04:23,244] {dag.py:2396} INFO - Sync 1 DAGs
[2022-08-04 08:04:23,262] {processor.py:171} INFO - Processing /opt/airflow/dags/data_ingestion_gcs_dag.py took 0.763 seconds
[2022-08-04 08:04:53,313] {processor.py:163} INFO - Started process (PID=327) to work on /opt/airflow/dags/data_ingestion_gcs_dag.py
[2022-08-04 08:04:53,315] {processor.py:642} INFO - Processing file /opt/airflow/dags/data_ingestion_gcs_dag.py for tasks to queue
[2022-08-04 08:04:53,315] {logging_mixin.py:109} INFO - [2022-08-04 08:04:53,315] {dagbag.py:500} INFO - Filling up the DagBag from /opt/airflow/dags/data_ingestion_gcs_dag.py
[2022-08-04 08:04:54,155] {processor.py:654} INFO - DAG(s) dict_keys(['data_ingestion_gcs_dag']) retrieved from /opt/airflow/dags/data_ingestion_gcs_dag.py
[2022-08-04 08:04:54,168] {logging_mixin.py:109} INFO - [2022-08-04 08:04:54,167] {dag.py:2396} INFO - Sync 1 DAGs
[2022-08-04 08:04:54,183] {logging_mixin.py:109} INFO - [2022-08-04 08:04:54,183] {dag.py:2935} INFO - Setting next_dagrun for data_ingestion_gcs_dag to 2022-08-04T00:00:00+00:00
[2022-08-04 08:04:54,193] {processor.py:171} INFO - Processing /opt/airflow/dags/data_ingestion_gcs_dag.py took 0.882 seconds
[2022-08-04 08:05:24,290] {processor.py:163} INFO - Started process (PID=361) to work on /opt/airflow/dags/data_ingestion_gcs_dag.py
[2022-08-04 08:05:24,291] {processor.py:642} INFO - Processing file /opt/airflow/dags/data_ingestion_gcs_dag.py for tasks to queue
[2022-08-04 08:05:24,292] {logging_mixin.py:109} INFO - [2022-08-04 08:05:24,292] {dagbag.py:500} INFO - Filling up the DagBag from /opt/airflow/dags/data_ingestion_gcs_dag.py
[2022-08-04 08:05:25,314] {processor.py:654} INFO - DAG(s) dict_keys(['data_ingestion_gcs_dag']) retrieved from /opt/airflow/dags/data_ingestion_gcs_dag.py
[2022-08-04 08:05:25,324] {logging_mixin.py:109} INFO - [2022-08-04 08:05:25,323] {dag.py:2396} INFO - Sync 1 DAGs
[2022-08-04 08:05:25,337] {logging_mixin.py:109} INFO - [2022-08-04 08:05:25,337] {dag.py:2935} INFO - Setting next_dagrun for data_ingestion_gcs_dag to 2022-08-04T00:00:00+00:00
[2022-08-04 08:05:25,343] {processor.py:171} INFO - Processing /opt/airflow/dags/data_ingestion_gcs_dag.py took 1.056 seconds
[2022-08-04 08:05:55,393] {processor.py:163} INFO - Started process (PID=405) to work on /opt/airflow/dags/data_ingestion_gcs_dag.py
[2022-08-04 08:05:55,394] {processor.py:642} INFO - Processing file /opt/airflow/dags/data_ingestion_gcs_dag.py for tasks to queue
[2022-08-04 08:05:55,395] {logging_mixin.py:109} INFO - [2022-08-04 08:05:55,395] {dagbag.py:500} INFO - Filling up the DagBag from /opt/airflow/dags/data_ingestion_gcs_dag.py
[2022-08-04 08:05:56,485] {processor.py:654} INFO - DAG(s) dict_keys(['data_ingestion_gcs_dag']) retrieved from /opt/airflow/dags/data_ingestion_gcs_dag.py
[2022-08-04 08:05:56,496] {logging_mixin.py:109} INFO - [2022-08-04 08:05:56,496] {dag.py:2396} INFO - Sync 1 DAGs
[2022-08-04 08:05:56,515] {logging_mixin.py:109} INFO - [2022-08-04 08:05:56,515] {dag.py:2935} INFO - Setting next_dagrun for data_ingestion_gcs_dag to 2022-08-04T00:00:00+00:00
[2022-08-04 08:05:56,526] {processor.py:171} INFO - Processing /opt/airflow/dags/data_ingestion_gcs_dag.py took 1.136 seconds
[2022-08-04 08:06:26,604] {processor.py:163} INFO - Started process (PID=440) to work on /opt/airflow/dags/data_ingestion_gcs_dag.py
[2022-08-04 08:06:26,605] {processor.py:642} INFO - Processing file /opt/airflow/dags/data_ingestion_gcs_dag.py for tasks to queue
[2022-08-04 08:06:26,605] {logging_mixin.py:109} INFO - [2022-08-04 08:06:26,605] {dagbag.py:500} INFO - Filling up the DagBag from /opt/airflow/dags/data_ingestion_gcs_dag.py
[2022-08-04 08:06:27,568] {processor.py:654} INFO - DAG(s) dict_keys(['data_ingestion_gcs_dag']) retrieved from /opt/airflow/dags/data_ingestion_gcs_dag.py
[2022-08-04 08:06:27,578] {logging_mixin.py:109} INFO - [2022-08-04 08:06:27,578] {dag.py:2396} INFO - Sync 1 DAGs
[2022-08-04 08:06:27,598] {logging_mixin.py:109} INFO - [2022-08-04 08:06:27,598] {dag.py:2935} INFO - Setting next_dagrun for data_ingestion_gcs_dag to 2022-08-04T00:00:00+00:00
[2022-08-04 08:06:27,608] {processor.py:171} INFO - Processing /opt/airflow/dags/data_ingestion_gcs_dag.py took 1.008 seconds
[2022-08-04 08:06:57,697] {processor.py:163} INFO - Started process (PID=484) to work on /opt/airflow/dags/data_ingestion_gcs_dag.py
[2022-08-04 08:06:57,698] {processor.py:642} INFO - Processing file /opt/airflow/dags/data_ingestion_gcs_dag.py for tasks to queue
[2022-08-04 08:06:57,698] {logging_mixin.py:109} INFO - [2022-08-04 08:06:57,698] {dagbag.py:500} INFO - Filling up the DagBag from /opt/airflow/dags/data_ingestion_gcs_dag.py
[2022-08-04 08:06:58,679] {processor.py:654} INFO - DAG(s) dict_keys(['data_ingestion_gcs_dag']) retrieved from /opt/airflow/dags/data_ingestion_gcs_dag.py
[2022-08-04 08:06:58,688] {logging_mixin.py:109} INFO - [2022-08-04 08:06:58,688] {dag.py:2396} INFO - Sync 1 DAGs
[2022-08-04 08:06:58,704] {logging_mixin.py:109} INFO - [2022-08-04 08:06:58,704] {dag.py:2935} INFO - Setting next_dagrun for data_ingestion_gcs_dag to 2022-08-04T00:00:00+00:00
[2022-08-04 08:06:58,714] {processor.py:171} INFO - Processing /opt/airflow/dags/data_ingestion_gcs_dag.py took 1.019 seconds
[2022-08-04 08:07:28,793] {processor.py:163} INFO - Started process (PID=519) to work on /opt/airflow/dags/data_ingestion_gcs_dag.py
[2022-08-04 08:07:28,794] {processor.py:642} INFO - Processing file /opt/airflow/dags/data_ingestion_gcs_dag.py for tasks to queue
[2022-08-04 08:07:28,794] {logging_mixin.py:109} INFO - [2022-08-04 08:07:28,794] {dagbag.py:500} INFO - Filling up the DagBag from /opt/airflow/dags/data_ingestion_gcs_dag.py
[2022-08-04 08:07:29,616] {processor.py:654} INFO - DAG(s) dict_keys(['data_ingestion_gcs_dag']) retrieved from /opt/airflow/dags/data_ingestion_gcs_dag.py
[2022-08-04 08:07:29,627] {logging_mixin.py:109} INFO - [2022-08-04 08:07:29,627] {dag.py:2396} INFO - Sync 1 DAGs
[2022-08-04 08:07:29,646] {logging_mixin.py:109} INFO - [2022-08-04 08:07:29,646] {dag.py:2935} INFO - Setting next_dagrun for data_ingestion_gcs_dag to 2022-08-04T00:00:00+00:00
[2022-08-04 08:07:29,655] {processor.py:171} INFO - Processing /opt/airflow/dags/data_ingestion_gcs_dag.py took 0.864 seconds
[2022-08-04 08:07:59,750] {processor.py:163} INFO - Started process (PID=563) to work on /opt/airflow/dags/data_ingestion_gcs_dag.py
[2022-08-04 08:07:59,752] {processor.py:642} INFO - Processing file /opt/airflow/dags/data_ingestion_gcs_dag.py for tasks to queue
[2022-08-04 08:07:59,752] {logging_mixin.py:109} INFO - [2022-08-04 08:07:59,752] {dagbag.py:500} INFO - Filling up the DagBag from /opt/airflow/dags/data_ingestion_gcs_dag.py
[2022-08-04 08:08:00,489] {processor.py:654} INFO - DAG(s) dict_keys(['data_ingestion_gcs_dag']) retrieved from /opt/airflow/dags/data_ingestion_gcs_dag.py
[2022-08-04 08:08:00,497] {logging_mixin.py:109} INFO - [2022-08-04 08:08:00,497] {dag.py:2396} INFO - Sync 1 DAGs
[2022-08-04 08:08:00,511] {logging_mixin.py:109} INFO - [2022-08-04 08:08:00,511] {dag.py:2935} INFO - Setting next_dagrun for data_ingestion_gcs_dag to 2022-08-04T00:00:00+00:00
[2022-08-04 08:08:00,518] {processor.py:171} INFO - Processing /opt/airflow/dags/data_ingestion_gcs_dag.py took 0.770 seconds
[2022-08-04 08:08:30,605] {processor.py:163} INFO - Started process (PID=598) to work on /opt/airflow/dags/data_ingestion_gcs_dag.py
[2022-08-04 08:08:30,607] {processor.py:642} INFO - Processing file /opt/airflow/dags/data_ingestion_gcs_dag.py for tasks to queue
[2022-08-04 08:08:30,608] {logging_mixin.py:109} INFO - [2022-08-04 08:08:30,608] {dagbag.py:500} INFO - Filling up the DagBag from /opt/airflow/dags/data_ingestion_gcs_dag.py
[2022-08-04 08:08:31,662] {processor.py:654} INFO - DAG(s) dict_keys(['data_ingestion_gcs_dag']) retrieved from /opt/airflow/dags/data_ingestion_gcs_dag.py
[2022-08-04 08:08:31,672] {logging_mixin.py:109} INFO - [2022-08-04 08:08:31,672] {dag.py:2396} INFO - Sync 1 DAGs
[2022-08-04 08:08:31,689] {logging_mixin.py:109} INFO - [2022-08-04 08:08:31,689] {dag.py:2935} INFO - Setting next_dagrun for data_ingestion_gcs_dag to 2022-08-04T00:00:00+00:00
[2022-08-04 08:08:31,698] {processor.py:171} INFO - Processing /opt/airflow/dags/data_ingestion_gcs_dag.py took 1.096 seconds
[2022-08-04 08:09:01,779] {processor.py:163} INFO - Started process (PID=640) to work on /opt/airflow/dags/data_ingestion_gcs_dag.py
[2022-08-04 08:09:01,780] {processor.py:642} INFO - Processing file /opt/airflow/dags/data_ingestion_gcs_dag.py for tasks to queue
[2022-08-04 08:09:01,780] {logging_mixin.py:109} INFO - [2022-08-04 08:09:01,780] {dagbag.py:500} INFO - Filling up the DagBag from /opt/airflow/dags/data_ingestion_gcs_dag.py
[2022-08-04 08:09:02,554] {processor.py:654} INFO - DAG(s) dict_keys(['data_ingestion_gcs_dag']) retrieved from /opt/airflow/dags/data_ingestion_gcs_dag.py
[2022-08-04 08:09:02,564] {logging_mixin.py:109} INFO - [2022-08-04 08:09:02,564] {dag.py:2396} INFO - Sync 1 DAGs
[2022-08-04 08:09:02,579] {logging_mixin.py:109} INFO - [2022-08-04 08:09:02,579] {dag.py:2935} INFO - Setting next_dagrun for data_ingestion_gcs_dag to 2022-08-04T00:00:00+00:00
[2022-08-04 08:09:02,592] {processor.py:171} INFO - Processing /opt/airflow/dags/data_ingestion_gcs_dag.py took 0.815 seconds
[2022-08-04 08:09:32,680] {processor.py:163} INFO - Started process (PID=676) to work on /opt/airflow/dags/data_ingestion_gcs_dag.py
[2022-08-04 08:09:32,681] {processor.py:642} INFO - Processing file /opt/airflow/dags/data_ingestion_gcs_dag.py for tasks to queue
[2022-08-04 08:09:32,681] {logging_mixin.py:109} INFO - [2022-08-04 08:09:32,681] {dagbag.py:500} INFO - Filling up the DagBag from /opt/airflow/dags/data_ingestion_gcs_dag.py
[2022-08-04 08:09:33,406] {processor.py:654} INFO - DAG(s) dict_keys(['data_ingestion_gcs_dag']) retrieved from /opt/airflow/dags/data_ingestion_gcs_dag.py
[2022-08-04 08:09:33,414] {logging_mixin.py:109} INFO - [2022-08-04 08:09:33,413] {dag.py:2396} INFO - Sync 1 DAGs
[2022-08-04 08:09:33,429] {logging_mixin.py:109} INFO - [2022-08-04 08:09:33,429] {dag.py:2935} INFO - Setting next_dagrun for data_ingestion_gcs_dag to 2022-08-04T00:00:00+00:00
[2022-08-04 08:09:33,437] {processor.py:171} INFO - Processing /opt/airflow/dags/data_ingestion_gcs_dag.py took 0.759 seconds
[2022-08-04 08:10:03,514] {processor.py:163} INFO - Started process (PID=720) to work on /opt/airflow/dags/data_ingestion_gcs_dag.py
[2022-08-04 08:10:03,515] {processor.py:642} INFO - Processing file /opt/airflow/dags/data_ingestion_gcs_dag.py for tasks to queue
[2022-08-04 08:10:03,515] {logging_mixin.py:109} INFO - [2022-08-04 08:10:03,515] {dagbag.py:500} INFO - Filling up the DagBag from /opt/airflow/dags/data_ingestion_gcs_dag.py
[2022-08-04 08:10:04,220] {processor.py:654} INFO - DAG(s) dict_keys(['data_ingestion_gcs_dag']) retrieved from /opt/airflow/dags/data_ingestion_gcs_dag.py
[2022-08-04 08:10:04,227] {logging_mixin.py:109} INFO - [2022-08-04 08:10:04,227] {dag.py:2396} INFO - Sync 1 DAGs
[2022-08-04 08:10:04,239] {logging_mixin.py:109} INFO - [2022-08-04 08:10:04,239] {dag.py:2935} INFO - Setting next_dagrun for data_ingestion_gcs_dag to 2022-08-04T00:00:00+00:00
[2022-08-04 08:10:04,246] {processor.py:171} INFO - Processing /opt/airflow/dags/data_ingestion_gcs_dag.py took 0.734 seconds
[2022-08-04 08:10:34,311] {processor.py:163} INFO - Started process (PID=755) to work on /opt/airflow/dags/data_ingestion_gcs_dag.py
[2022-08-04 08:10:34,312] {processor.py:642} INFO - Processing file /opt/airflow/dags/data_ingestion_gcs_dag.py for tasks to queue
[2022-08-04 08:10:34,312] {logging_mixin.py:109} INFO - [2022-08-04 08:10:34,312] {dagbag.py:500} INFO - Filling up the DagBag from /opt/airflow/dags/data_ingestion_gcs_dag.py
[2022-08-04 08:10:35,034] {processor.py:654} INFO - DAG(s) dict_keys(['data_ingestion_gcs_dag']) retrieved from /opt/airflow/dags/data_ingestion_gcs_dag.py
[2022-08-04 08:10:35,041] {logging_mixin.py:109} INFO - [2022-08-04 08:10:35,041] {dag.py:2396} INFO - Sync 1 DAGs
[2022-08-04 08:10:35,054] {logging_mixin.py:109} INFO - [2022-08-04 08:10:35,054] {dag.py:2935} INFO - Setting next_dagrun for data_ingestion_gcs_dag to 2022-08-04T00:00:00+00:00
[2022-08-04 08:10:35,062] {processor.py:171} INFO - Processing /opt/airflow/dags/data_ingestion_gcs_dag.py took 0.754 seconds
[2022-08-04 08:11:05,121] {processor.py:163} INFO - Started process (PID=799) to work on /opt/airflow/dags/data_ingestion_gcs_dag.py
[2022-08-04 08:11:05,122] {processor.py:642} INFO - Processing file /opt/airflow/dags/data_ingestion_gcs_dag.py for tasks to queue
[2022-08-04 08:11:05,122] {logging_mixin.py:109} INFO - [2022-08-04 08:11:05,122] {dagbag.py:500} INFO - Filling up the DagBag from /opt/airflow/dags/data_ingestion_gcs_dag.py
[2022-08-04 08:11:05,863] {processor.py:654} INFO - DAG(s) dict_keys(['data_ingestion_gcs_dag']) retrieved from /opt/airflow/dags/data_ingestion_gcs_dag.py
[2022-08-04 08:11:05,871] {logging_mixin.py:109} INFO - [2022-08-04 08:11:05,871] {dag.py:2396} INFO - Sync 1 DAGs
[2022-08-04 08:11:05,884] {logging_mixin.py:109} INFO - [2022-08-04 08:11:05,884] {dag.py:2935} INFO - Setting next_dagrun for data_ingestion_gcs_dag to 2022-08-04T00:00:00+00:00
[2022-08-04 08:11:05,892] {processor.py:171} INFO - Processing /opt/airflow/dags/data_ingestion_gcs_dag.py took 0.773 seconds
[2022-08-04 08:11:35,986] {processor.py:163} INFO - Started process (PID=834) to work on /opt/airflow/dags/data_ingestion_gcs_dag.py
[2022-08-04 08:11:35,987] {processor.py:642} INFO - Processing file /opt/airflow/dags/data_ingestion_gcs_dag.py for tasks to queue
[2022-08-04 08:11:35,988] {logging_mixin.py:109} INFO - [2022-08-04 08:11:35,987] {dagbag.py:500} INFO - Filling up the DagBag from /opt/airflow/dags/data_ingestion_gcs_dag.py
[2022-08-04 08:11:36,899] {processor.py:654} INFO - DAG(s) dict_keys(['data_ingestion_gcs_dag']) retrieved from /opt/airflow/dags/data_ingestion_gcs_dag.py
[2022-08-04 08:11:36,910] {logging_mixin.py:109} INFO - [2022-08-04 08:11:36,910] {dag.py:2396} INFO - Sync 1 DAGs
[2022-08-04 08:11:36,931] {logging_mixin.py:109} INFO - [2022-08-04 08:11:36,931] {dag.py:2935} INFO - Setting next_dagrun for data_ingestion_gcs_dag to 2022-08-04T00:00:00+00:00
[2022-08-04 08:11:36,941] {processor.py:171} INFO - Processing /opt/airflow/dags/data_ingestion_gcs_dag.py took 0.959 seconds
[2022-08-04 08:12:07,041] {processor.py:163} INFO - Started process (PID=878) to work on /opt/airflow/dags/data_ingestion_gcs_dag.py
[2022-08-04 08:12:07,042] {processor.py:642} INFO - Processing file /opt/airflow/dags/data_ingestion_gcs_dag.py for tasks to queue
[2022-08-04 08:12:07,043] {logging_mixin.py:109} INFO - [2022-08-04 08:12:07,043] {dagbag.py:500} INFO - Filling up the DagBag from /opt/airflow/dags/data_ingestion_gcs_dag.py
[2022-08-04 08:12:08,138] {processor.py:654} INFO - DAG(s) dict_keys(['data_ingestion_gcs_dag']) retrieved from /opt/airflow/dags/data_ingestion_gcs_dag.py
[2022-08-04 08:12:08,149] {logging_mixin.py:109} INFO - [2022-08-04 08:12:08,149] {dag.py:2396} INFO - Sync 1 DAGs
[2022-08-04 08:12:08,168] {logging_mixin.py:109} INFO - [2022-08-04 08:12:08,168] {dag.py:2935} INFO - Setting next_dagrun for data_ingestion_gcs_dag to 2022-08-04T00:00:00+00:00
[2022-08-04 08:12:08,175] {processor.py:171} INFO - Processing /opt/airflow/dags/data_ingestion_gcs_dag.py took 1.137 seconds
[2022-08-04 08:12:38,273] {processor.py:163} INFO - Started process (PID=914) to work on /opt/airflow/dags/data_ingestion_gcs_dag.py
[2022-08-04 08:12:38,274] {processor.py:642} INFO - Processing file /opt/airflow/dags/data_ingestion_gcs_dag.py for tasks to queue
[2022-08-04 08:12:38,275] {logging_mixin.py:109} INFO - [2022-08-04 08:12:38,275] {dagbag.py:500} INFO - Filling up the DagBag from /opt/airflow/dags/data_ingestion_gcs_dag.py
[2022-08-04 08:12:39,563] {processor.py:654} INFO - DAG(s) dict_keys(['data_ingestion_gcs_dag']) retrieved from /opt/airflow/dags/data_ingestion_gcs_dag.py
[2022-08-04 08:12:39,573] {logging_mixin.py:109} INFO - [2022-08-04 08:12:39,572] {dag.py:2396} INFO - Sync 1 DAGs
[2022-08-04 08:12:39,592] {logging_mixin.py:109} INFO - [2022-08-04 08:12:39,592] {dag.py:2935} INFO - Setting next_dagrun for data_ingestion_gcs_dag to 2022-08-04T00:00:00+00:00
[2022-08-04 08:12:39,610] {processor.py:171} INFO - Processing /opt/airflow/dags/data_ingestion_gcs_dag.py took 1.340 seconds
[2022-08-04 08:13:09,696] {processor.py:163} INFO - Started process (PID=958) to work on /opt/airflow/dags/data_ingestion_gcs_dag.py
[2022-08-04 08:13:09,698] {processor.py:642} INFO - Processing file /opt/airflow/dags/data_ingestion_gcs_dag.py for tasks to queue
[2022-08-04 08:13:09,698] {logging_mixin.py:109} INFO - [2022-08-04 08:13:09,698] {dagbag.py:500} INFO - Filling up the DagBag from /opt/airflow/dags/data_ingestion_gcs_dag.py
[2022-08-04 08:13:10,756] {processor.py:654} INFO - DAG(s) dict_keys(['data_ingestion_gcs_dag']) retrieved from /opt/airflow/dags/data_ingestion_gcs_dag.py
[2022-08-04 08:13:10,767] {logging_mixin.py:109} INFO - [2022-08-04 08:13:10,766] {dag.py:2396} INFO - Sync 1 DAGs
[2022-08-04 08:13:10,786] {logging_mixin.py:109} INFO - [2022-08-04 08:13:10,786] {dag.py:2935} INFO - Setting next_dagrun for data_ingestion_gcs_dag to 2022-08-04T00:00:00+00:00
[2022-08-04 08:13:10,796] {processor.py:171} INFO - Processing /opt/airflow/dags/data_ingestion_gcs_dag.py took 1.102 seconds
[2022-08-04 08:13:40,877] {processor.py:163} INFO - Started process (PID=992) to work on /opt/airflow/dags/data_ingestion_gcs_dag.py
[2022-08-04 08:13:40,878] {processor.py:642} INFO - Processing file /opt/airflow/dags/data_ingestion_gcs_dag.py for tasks to queue
[2022-08-04 08:13:40,879] {logging_mixin.py:109} INFO - [2022-08-04 08:13:40,879] {dagbag.py:500} INFO - Filling up the DagBag from /opt/airflow/dags/data_ingestion_gcs_dag.py
[2022-08-04 08:13:41,626] {processor.py:654} INFO - DAG(s) dict_keys(['data_ingestion_gcs_dag']) retrieved from /opt/airflow/dags/data_ingestion_gcs_dag.py
[2022-08-04 08:13:41,634] {logging_mixin.py:109} INFO - [2022-08-04 08:13:41,634] {dag.py:2396} INFO - Sync 1 DAGs
[2022-08-04 08:13:41,647] {logging_mixin.py:109} INFO - [2022-08-04 08:13:41,647] {dag.py:2935} INFO - Setting next_dagrun for data_ingestion_gcs_dag to 2022-08-04T00:00:00+00:00
[2022-08-04 08:13:41,656] {processor.py:171} INFO - Processing /opt/airflow/dags/data_ingestion_gcs_dag.py took 0.782 seconds
[2022-08-04 08:14:11,748] {processor.py:163} INFO - Started process (PID=1036) to work on /opt/airflow/dags/data_ingestion_gcs_dag.py
[2022-08-04 08:14:11,749] {processor.py:642} INFO - Processing file /opt/airflow/dags/data_ingestion_gcs_dag.py for tasks to queue
[2022-08-04 08:14:11,749] {logging_mixin.py:109} INFO - [2022-08-04 08:14:11,749] {dagbag.py:500} INFO - Filling up the DagBag from /opt/airflow/dags/data_ingestion_gcs_dag.py
[2022-08-04 08:14:12,493] {processor.py:654} INFO - DAG(s) dict_keys(['data_ingestion_gcs_dag']) retrieved from /opt/airflow/dags/data_ingestion_gcs_dag.py
[2022-08-04 08:14:12,500] {logging_mixin.py:109} INFO - [2022-08-04 08:14:12,500] {dag.py:2396} INFO - Sync 1 DAGs
[2022-08-04 08:14:12,514] {logging_mixin.py:109} INFO - [2022-08-04 08:14:12,514] {dag.py:2935} INFO - Setting next_dagrun for data_ingestion_gcs_dag to 2022-08-04T00:00:00+00:00
[2022-08-04 08:14:12,521] {processor.py:171} INFO - Processing /opt/airflow/dags/data_ingestion_gcs_dag.py took 0.775 seconds
[2022-08-04 08:14:42,597] {processor.py:163} INFO - Started process (PID=1071) to work on /opt/airflow/dags/data_ingestion_gcs_dag.py
[2022-08-04 08:14:42,599] {processor.py:642} INFO - Processing file /opt/airflow/dags/data_ingestion_gcs_dag.py for tasks to queue
[2022-08-04 08:14:42,599] {logging_mixin.py:109} INFO - [2022-08-04 08:14:42,599] {dagbag.py:500} INFO - Filling up the DagBag from /opt/airflow/dags/data_ingestion_gcs_dag.py
[2022-08-04 08:14:43,250] {processor.py:654} INFO - DAG(s) dict_keys(['data_ingestion_gcs_dag']) retrieved from /opt/airflow/dags/data_ingestion_gcs_dag.py
[2022-08-04 08:14:43,257] {logging_mixin.py:109} INFO - [2022-08-04 08:14:43,257] {dag.py:2396} INFO - Sync 1 DAGs
[2022-08-04 08:14:43,269] {logging_mixin.py:109} INFO - [2022-08-04 08:14:43,269] {dag.py:2935} INFO - Setting next_dagrun for data_ingestion_gcs_dag to 2022-08-04T00:00:00+00:00
[2022-08-04 08:14:43,275] {processor.py:171} INFO - Processing /opt/airflow/dags/data_ingestion_gcs_dag.py took 0.680 seconds
[2022-08-04 08:15:13,335] {processor.py:163} INFO - Started process (PID=1115) to work on /opt/airflow/dags/data_ingestion_gcs_dag.py
[2022-08-04 08:15:13,336] {processor.py:642} INFO - Processing file /opt/airflow/dags/data_ingestion_gcs_dag.py for tasks to queue
[2022-08-04 08:15:13,336] {logging_mixin.py:109} INFO - [2022-08-04 08:15:13,336] {dagbag.py:500} INFO - Filling up the DagBag from /opt/airflow/dags/data_ingestion_gcs_dag.py
[2022-08-04 08:15:14,007] {processor.py:654} INFO - DAG(s) dict_keys(['data_ingestion_gcs_dag']) retrieved from /opt/airflow/dags/data_ingestion_gcs_dag.py
[2022-08-04 08:15:14,015] {logging_mixin.py:109} INFO - [2022-08-04 08:15:14,015] {dag.py:2396} INFO - Sync 1 DAGs
[2022-08-04 08:15:14,028] {logging_mixin.py:109} INFO - [2022-08-04 08:15:14,028] {dag.py:2935} INFO - Setting next_dagrun for data_ingestion_gcs_dag to 2022-08-04T00:00:00+00:00
[2022-08-04 08:15:14,035] {processor.py:171} INFO - Processing /opt/airflow/dags/data_ingestion_gcs_dag.py took 0.703 seconds
[2022-08-04 08:15:44,123] {processor.py:163} INFO - Started process (PID=1159) to work on /opt/airflow/dags/data_ingestion_gcs_dag.py
[2022-08-04 08:15:44,124] {processor.py:642} INFO - Processing file /opt/airflow/dags/data_ingestion_gcs_dag.py for tasks to queue
[2022-08-04 08:15:44,124] {logging_mixin.py:109} INFO - [2022-08-04 08:15:44,124] {dagbag.py:500} INFO - Filling up the DagBag from /opt/airflow/dags/data_ingestion_gcs_dag.py
[2022-08-04 08:15:44,857] {processor.py:654} INFO - DAG(s) dict_keys(['data_ingestion_gcs_dag']) retrieved from /opt/airflow/dags/data_ingestion_gcs_dag.py
[2022-08-04 08:15:44,864] {logging_mixin.py:109} INFO - [2022-08-04 08:15:44,864] {dag.py:2396} INFO - Sync 1 DAGs
[2022-08-04 08:15:44,877] {logging_mixin.py:109} INFO - [2022-08-04 08:15:44,877] {dag.py:2935} INFO - Setting next_dagrun for data_ingestion_gcs_dag to 2022-08-04T00:00:00+00:00
[2022-08-04 08:15:44,883] {processor.py:171} INFO - Processing /opt/airflow/dags/data_ingestion_gcs_dag.py took 0.762 seconds
[2022-08-04 08:16:14,961] {processor.py:163} INFO - Started process (PID=1194) to work on /opt/airflow/dags/data_ingestion_gcs_dag.py
[2022-08-04 08:16:14,962] {processor.py:642} INFO - Processing file /opt/airflow/dags/data_ingestion_gcs_dag.py for tasks to queue
[2022-08-04 08:16:14,963] {logging_mixin.py:109} INFO - [2022-08-04 08:16:14,962] {dagbag.py:500} INFO - Filling up the DagBag from /opt/airflow/dags/data_ingestion_gcs_dag.py
[2022-08-04 08:16:15,719] {processor.py:654} INFO - DAG(s) dict_keys(['data_ingestion_gcs_dag']) retrieved from /opt/airflow/dags/data_ingestion_gcs_dag.py
[2022-08-04 08:16:15,726] {logging_mixin.py:109} INFO - [2022-08-04 08:16:15,726] {dag.py:2396} INFO - Sync 1 DAGs
[2022-08-04 08:16:15,742] {logging_mixin.py:109} INFO - [2022-08-04 08:16:15,742] {dag.py:2935} INFO - Setting next_dagrun for data_ingestion_gcs_dag to 2022-08-04T00:00:00+00:00
[2022-08-04 08:16:15,750] {processor.py:171} INFO - Processing /opt/airflow/dags/data_ingestion_gcs_dag.py took 0.792 seconds
[2022-08-04 08:16:45,810] {processor.py:163} INFO - Started process (PID=1238) to work on /opt/airflow/dags/data_ingestion_gcs_dag.py
[2022-08-04 08:16:45,811] {processor.py:642} INFO - Processing file /opt/airflow/dags/data_ingestion_gcs_dag.py for tasks to queue
[2022-08-04 08:16:45,811] {logging_mixin.py:109} INFO - [2022-08-04 08:16:45,811] {dagbag.py:500} INFO - Filling up the DagBag from /opt/airflow/dags/data_ingestion_gcs_dag.py
[2022-08-04 08:16:46,469] {processor.py:654} INFO - DAG(s) dict_keys(['data_ingestion_gcs_dag']) retrieved from /opt/airflow/dags/data_ingestion_gcs_dag.py
[2022-08-04 08:16:46,477] {logging_mixin.py:109} INFO - [2022-08-04 08:16:46,477] {dag.py:2396} INFO - Sync 1 DAGs
[2022-08-04 08:16:46,495] {logging_mixin.py:109} INFO - [2022-08-04 08:16:46,495] {dag.py:2935} INFO - Setting next_dagrun for data_ingestion_gcs_dag to 2022-08-04T00:00:00+00:00
[2022-08-04 08:16:46,503] {processor.py:171} INFO - Processing /opt/airflow/dags/data_ingestion_gcs_dag.py took 0.696 seconds
[2022-08-04 08:17:16,584] {processor.py:163} INFO - Started process (PID=1273) to work on /opt/airflow/dags/data_ingestion_gcs_dag.py
[2022-08-04 08:17:16,585] {processor.py:642} INFO - Processing file /opt/airflow/dags/data_ingestion_gcs_dag.py for tasks to queue
[2022-08-04 08:17:16,586] {logging_mixin.py:109} INFO - [2022-08-04 08:17:16,585] {dagbag.py:500} INFO - Filling up the DagBag from /opt/airflow/dags/data_ingestion_gcs_dag.py
[2022-08-04 08:17:17,264] {processor.py:654} INFO - DAG(s) dict_keys(['data_ingestion_gcs_dag']) retrieved from /opt/airflow/dags/data_ingestion_gcs_dag.py
[2022-08-04 08:17:17,272] {logging_mixin.py:109} INFO - [2022-08-04 08:17:17,272] {dag.py:2396} INFO - Sync 1 DAGs
[2022-08-04 08:17:17,286] {logging_mixin.py:109} INFO - [2022-08-04 08:17:17,286] {dag.py:2935} INFO - Setting next_dagrun for data_ingestion_gcs_dag to 2022-08-04T00:00:00+00:00
[2022-08-04 08:17:17,293] {processor.py:171} INFO - Processing /opt/airflow/dags/data_ingestion_gcs_dag.py took 0.711 seconds
[2022-08-04 08:17:47,359] {processor.py:163} INFO - Started process (PID=1317) to work on /opt/airflow/dags/data_ingestion_gcs_dag.py
[2022-08-04 08:17:47,360] {processor.py:642} INFO - Processing file /opt/airflow/dags/data_ingestion_gcs_dag.py for tasks to queue
[2022-08-04 08:17:47,360] {logging_mixin.py:109} INFO - [2022-08-04 08:17:47,360] {dagbag.py:500} INFO - Filling up the DagBag from /opt/airflow/dags/data_ingestion_gcs_dag.py
[2022-08-04 08:17:48,113] {processor.py:654} INFO - DAG(s) dict_keys(['data_ingestion_gcs_dag']) retrieved from /opt/airflow/dags/data_ingestion_gcs_dag.py
[2022-08-04 08:17:48,120] {logging_mixin.py:109} INFO - [2022-08-04 08:17:48,120] {dag.py:2396} INFO - Sync 1 DAGs
[2022-08-04 08:17:48,134] {logging_mixin.py:109} INFO - [2022-08-04 08:17:48,134] {dag.py:2935} INFO - Setting next_dagrun for data_ingestion_gcs_dag to 2022-08-04T00:00:00+00:00
[2022-08-04 08:17:48,141] {processor.py:171} INFO - Processing /opt/airflow/dags/data_ingestion_gcs_dag.py took 0.784 seconds
[2022-08-04 08:18:18,203] {processor.py:163} INFO - Started process (PID=1353) to work on /opt/airflow/dags/data_ingestion_gcs_dag.py
[2022-08-04 08:18:18,204] {processor.py:642} INFO - Processing file /opt/airflow/dags/data_ingestion_gcs_dag.py for tasks to queue
[2022-08-04 08:18:18,205] {logging_mixin.py:109} INFO - [2022-08-04 08:18:18,205] {dagbag.py:500} INFO - Filling up the DagBag from /opt/airflow/dags/data_ingestion_gcs_dag.py
[2022-08-04 08:18:18,852] {processor.py:654} INFO - DAG(s) dict_keys(['data_ingestion_gcs_dag']) retrieved from /opt/airflow/dags/data_ingestion_gcs_dag.py
[2022-08-04 08:18:18,861] {logging_mixin.py:109} INFO - [2022-08-04 08:18:18,860] {dag.py:2396} INFO - Sync 1 DAGs
[2022-08-04 08:18:18,879] {logging_mixin.py:109} INFO - [2022-08-04 08:18:18,879] {dag.py:2935} INFO - Setting next_dagrun for data_ingestion_gcs_dag to 2022-08-04T00:00:00+00:00
[2022-08-04 08:18:18,887] {processor.py:171} INFO - Processing /opt/airflow/dags/data_ingestion_gcs_dag.py took 0.686 seconds
[2022-08-04 08:18:48,979] {processor.py:163} INFO - Started process (PID=1396) to work on /opt/airflow/dags/data_ingestion_gcs_dag.py
[2022-08-04 08:18:48,980] {processor.py:642} INFO - Processing file /opt/airflow/dags/data_ingestion_gcs_dag.py for tasks to queue
[2022-08-04 08:18:48,980] {logging_mixin.py:109} INFO - [2022-08-04 08:18:48,980] {dagbag.py:500} INFO - Filling up the DagBag from /opt/airflow/dags/data_ingestion_gcs_dag.py
[2022-08-04 08:18:49,742] {processor.py:654} INFO - DAG(s) dict_keys(['data_ingestion_gcs_dag']) retrieved from /opt/airflow/dags/data_ingestion_gcs_dag.py
[2022-08-04 08:18:49,753] {logging_mixin.py:109} INFO - [2022-08-04 08:18:49,753] {dag.py:2396} INFO - Sync 1 DAGs
[2022-08-04 08:18:49,773] {logging_mixin.py:109} INFO - [2022-08-04 08:18:49,773] {dag.py:2935} INFO - Setting next_dagrun for data_ingestion_gcs_dag to 2022-08-04T00:00:00+00:00
[2022-08-04 08:18:49,784] {processor.py:171} INFO - Processing /opt/airflow/dags/data_ingestion_gcs_dag.py took 0.807 seconds
[2022-08-04 08:19:19,865] {processor.py:163} INFO - Started process (PID=1431) to work on /opt/airflow/dags/data_ingestion_gcs_dag.py
[2022-08-04 08:19:19,866] {processor.py:642} INFO - Processing file /opt/airflow/dags/data_ingestion_gcs_dag.py for tasks to queue
[2022-08-04 08:19:19,867] {logging_mixin.py:109} INFO - [2022-08-04 08:19:19,867] {dagbag.py:500} INFO - Filling up the DagBag from /opt/airflow/dags/data_ingestion_gcs_dag.py
[2022-08-04 08:19:20,750] {processor.py:654} INFO - DAG(s) dict_keys(['data_ingestion_gcs_dag']) retrieved from /opt/airflow/dags/data_ingestion_gcs_dag.py
[2022-08-04 08:19:20,762] {logging_mixin.py:109} INFO - [2022-08-04 08:19:20,761] {dag.py:2396} INFO - Sync 1 DAGs
[2022-08-04 08:19:20,783] {logging_mixin.py:109} INFO - [2022-08-04 08:19:20,783] {dag.py:2935} INFO - Setting next_dagrun for data_ingestion_gcs_dag to 2022-08-04T00:00:00+00:00
[2022-08-04 08:19:20,793] {processor.py:171} INFO - Processing /opt/airflow/dags/data_ingestion_gcs_dag.py took 0.930 seconds
[2022-08-04 08:19:50,897] {processor.py:163} INFO - Started process (PID=1476) to work on /opt/airflow/dags/data_ingestion_gcs_dag.py
[2022-08-04 08:19:50,898] {processor.py:642} INFO - Processing file /opt/airflow/dags/data_ingestion_gcs_dag.py for tasks to queue
[2022-08-04 08:19:50,898] {logging_mixin.py:109} INFO - [2022-08-04 08:19:50,898] {dagbag.py:500} INFO - Filling up the DagBag from /opt/airflow/dags/data_ingestion_gcs_dag.py
[2022-08-04 08:19:51,793] {processor.py:654} INFO - DAG(s) dict_keys(['data_ingestion_gcs_dag']) retrieved from /opt/airflow/dags/data_ingestion_gcs_dag.py
[2022-08-04 08:19:51,799] {logging_mixin.py:109} INFO - [2022-08-04 08:19:51,799] {dag.py:2396} INFO - Sync 1 DAGs
[2022-08-04 08:19:51,812] {logging_mixin.py:109} INFO - [2022-08-04 08:19:51,812] {dag.py:2935} INFO - Setting next_dagrun for data_ingestion_gcs_dag to 2022-08-04T00:00:00+00:00
[2022-08-04 08:19:51,818] {processor.py:171} INFO - Processing /opt/airflow/dags/data_ingestion_gcs_dag.py took 0.925 seconds
[2022-08-04 08:20:21,896] {processor.py:163} INFO - Started process (PID=1511) to work on /opt/airflow/dags/data_ingestion_gcs_dag.py
[2022-08-04 08:20:21,898] {processor.py:642} INFO - Processing file /opt/airflow/dags/data_ingestion_gcs_dag.py for tasks to queue
[2022-08-04 08:20:21,898] {logging_mixin.py:109} INFO - [2022-08-04 08:20:21,898] {dagbag.py:500} INFO - Filling up the DagBag from /opt/airflow/dags/data_ingestion_gcs_dag.py
[2022-08-04 08:20:22,661] {processor.py:654} INFO - DAG(s) dict_keys(['data_ingestion_gcs_dag']) retrieved from /opt/airflow/dags/data_ingestion_gcs_dag.py
[2022-08-04 08:20:22,671] {logging_mixin.py:109} INFO - [2022-08-04 08:20:22,670] {dag.py:2396} INFO - Sync 1 DAGs
[2022-08-04 08:20:22,689] {logging_mixin.py:109} INFO - [2022-08-04 08:20:22,688] {dag.py:2935} INFO - Setting next_dagrun for data_ingestion_gcs_dag to 2022-08-04T00:00:00+00:00
[2022-08-04 08:20:22,697] {processor.py:171} INFO - Processing /opt/airflow/dags/data_ingestion_gcs_dag.py took 0.803 seconds
[2022-08-04 08:20:52,761] {processor.py:163} INFO - Started process (PID=1555) to work on /opt/airflow/dags/data_ingestion_gcs_dag.py
[2022-08-04 08:20:52,762] {processor.py:642} INFO - Processing file /opt/airflow/dags/data_ingestion_gcs_dag.py for tasks to queue
[2022-08-04 08:20:52,762] {logging_mixin.py:109} INFO - [2022-08-04 08:20:52,762] {dagbag.py:500} INFO - Filling up the DagBag from /opt/airflow/dags/data_ingestion_gcs_dag.py
[2022-08-04 08:20:53,466] {processor.py:654} INFO - DAG(s) dict_keys(['data_ingestion_gcs_dag']) retrieved from /opt/airflow/dags/data_ingestion_gcs_dag.py
[2022-08-04 08:20:53,474] {logging_mixin.py:109} INFO - [2022-08-04 08:20:53,474] {dag.py:2396} INFO - Sync 1 DAGs
[2022-08-04 08:20:53,486] {logging_mixin.py:109} INFO - [2022-08-04 08:20:53,486] {dag.py:2935} INFO - Setting next_dagrun for data_ingestion_gcs_dag to 2022-08-04T00:00:00+00:00
[2022-08-04 08:20:53,493] {processor.py:171} INFO - Processing /opt/airflow/dags/data_ingestion_gcs_dag.py took 0.734 seconds
[2022-08-04 08:21:23,581] {processor.py:163} INFO - Started process (PID=1590) to work on /opt/airflow/dags/data_ingestion_gcs_dag.py
[2022-08-04 08:21:23,582] {processor.py:642} INFO - Processing file /opt/airflow/dags/data_ingestion_gcs_dag.py for tasks to queue
[2022-08-04 08:21:23,582] {logging_mixin.py:109} INFO - [2022-08-04 08:21:23,582] {dagbag.py:500} INFO - Filling up the DagBag from /opt/airflow/dags/data_ingestion_gcs_dag.py
[2022-08-04 08:21:24,394] {processor.py:654} INFO - DAG(s) dict_keys(['data_ingestion_gcs_dag']) retrieved from /opt/airflow/dags/data_ingestion_gcs_dag.py
[2022-08-04 08:21:24,411] {logging_mixin.py:109} INFO - [2022-08-04 08:21:24,410] {dag.py:2396} INFO - Sync 1 DAGs
[2022-08-04 08:21:24,426] {logging_mixin.py:109} INFO - [2022-08-04 08:21:24,426] {dag.py:2935} INFO - Setting next_dagrun for data_ingestion_gcs_dag to 2022-08-04T00:00:00+00:00
[2022-08-04 08:21:24,434] {processor.py:171} INFO - Processing /opt/airflow/dags/data_ingestion_gcs_dag.py took 0.856 seconds
[2022-08-04 08:21:54,521] {processor.py:163} INFO - Started process (PID=1634) to work on /opt/airflow/dags/data_ingestion_gcs_dag.py
[2022-08-04 08:21:54,522] {processor.py:642} INFO - Processing file /opt/airflow/dags/data_ingestion_gcs_dag.py for tasks to queue
[2022-08-04 08:21:54,522] {logging_mixin.py:109} INFO - [2022-08-04 08:21:54,522] {dagbag.py:500} INFO - Filling up the DagBag from /opt/airflow/dags/data_ingestion_gcs_dag.py
[2022-08-04 08:21:55,255] {processor.py:654} INFO - DAG(s) dict_keys(['data_ingestion_gcs_dag']) retrieved from /opt/airflow/dags/data_ingestion_gcs_dag.py
[2022-08-04 08:21:55,263] {logging_mixin.py:109} INFO - [2022-08-04 08:21:55,262] {dag.py:2396} INFO - Sync 1 DAGs
[2022-08-04 08:21:55,276] {logging_mixin.py:109} INFO - [2022-08-04 08:21:55,276] {dag.py:2935} INFO - Setting next_dagrun for data_ingestion_gcs_dag to 2022-08-04T00:00:00+00:00
[2022-08-04 08:21:55,283] {processor.py:171} INFO - Processing /opt/airflow/dags/data_ingestion_gcs_dag.py took 0.764 seconds
[2022-08-04 08:22:25,349] {processor.py:163} INFO - Started process (PID=1669) to work on /opt/airflow/dags/data_ingestion_gcs_dag.py
[2022-08-04 08:22:25,350] {processor.py:642} INFO - Processing file /opt/airflow/dags/data_ingestion_gcs_dag.py for tasks to queue
[2022-08-04 08:22:25,350] {logging_mixin.py:109} INFO - [2022-08-04 08:22:25,350] {dagbag.py:500} INFO - Filling up the DagBag from /opt/airflow/dags/data_ingestion_gcs_dag.py
[2022-08-04 08:22:26,011] {processor.py:654} INFO - DAG(s) dict_keys(['data_ingestion_gcs_dag']) retrieved from /opt/airflow/dags/data_ingestion_gcs_dag.py
[2022-08-04 08:22:26,018] {logging_mixin.py:109} INFO - [2022-08-04 08:22:26,018] {dag.py:2396} INFO - Sync 1 DAGs
[2022-08-04 08:22:26,029] {logging_mixin.py:109} INFO - [2022-08-04 08:22:26,029] {dag.py:2935} INFO - Setting next_dagrun for data_ingestion_gcs_dag to 2022-08-04T00:00:00+00:00
[2022-08-04 08:22:26,036] {processor.py:171} INFO - Processing /opt/airflow/dags/data_ingestion_gcs_dag.py took 0.690 seconds
[2022-08-04 08:22:56,097] {processor.py:163} INFO - Started process (PID=1713) to work on /opt/airflow/dags/data_ingestion_gcs_dag.py
[2022-08-04 08:22:56,098] {processor.py:642} INFO - Processing file /opt/airflow/dags/data_ingestion_gcs_dag.py for tasks to queue
[2022-08-04 08:22:56,098] {logging_mixin.py:109} INFO - [2022-08-04 08:22:56,098] {dagbag.py:500} INFO - Filling up the DagBag from /opt/airflow/dags/data_ingestion_gcs_dag.py
[2022-08-04 08:22:56,739] {processor.py:654} INFO - DAG(s) dict_keys(['data_ingestion_gcs_dag']) retrieved from /opt/airflow/dags/data_ingestion_gcs_dag.py
[2022-08-04 08:22:56,746] {logging_mixin.py:109} INFO - [2022-08-04 08:22:56,746] {dag.py:2396} INFO - Sync 1 DAGs
[2022-08-04 08:22:56,758] {logging_mixin.py:109} INFO - [2022-08-04 08:22:56,758] {dag.py:2935} INFO - Setting next_dagrun for data_ingestion_gcs_dag to 2022-08-04T00:00:00+00:00
[2022-08-04 08:22:56,764] {processor.py:171} INFO - Processing /opt/airflow/dags/data_ingestion_gcs_dag.py took 0.670 seconds
[2022-08-04 08:23:26,844] {processor.py:163} INFO - Started process (PID=1757) to work on /opt/airflow/dags/data_ingestion_gcs_dag.py
[2022-08-04 08:23:26,845] {processor.py:642} INFO - Processing file /opt/airflow/dags/data_ingestion_gcs_dag.py for tasks to queue
[2022-08-04 08:23:26,845] {logging_mixin.py:109} INFO - [2022-08-04 08:23:26,845] {dagbag.py:500} INFO - Filling up the DagBag from /opt/airflow/dags/data_ingestion_gcs_dag.py
[2022-08-04 08:23:27,566] {processor.py:654} INFO - DAG(s) dict_keys(['data_ingestion_gcs_dag']) retrieved from /opt/airflow/dags/data_ingestion_gcs_dag.py
[2022-08-04 08:23:27,577] {logging_mixin.py:109} INFO - [2022-08-04 08:23:27,576] {dag.py:2396} INFO - Sync 1 DAGs
[2022-08-04 08:23:27,594] {logging_mixin.py:109} INFO - [2022-08-04 08:23:27,594] {dag.py:2935} INFO - Setting next_dagrun for data_ingestion_gcs_dag to 2022-08-04T00:00:00+00:00
[2022-08-04 08:23:27,602] {processor.py:171} INFO - Processing /opt/airflow/dags/data_ingestion_gcs_dag.py took 0.761 seconds
[2022-08-04 08:23:57,673] {processor.py:163} INFO - Started process (PID=1792) to work on /opt/airflow/dags/data_ingestion_gcs_dag.py
[2022-08-04 08:23:57,674] {processor.py:642} INFO - Processing file /opt/airflow/dags/data_ingestion_gcs_dag.py for tasks to queue
[2022-08-04 08:23:57,674] {logging_mixin.py:109} INFO - [2022-08-04 08:23:57,674] {dagbag.py:500} INFO - Filling up the DagBag from /opt/airflow/dags/data_ingestion_gcs_dag.py
[2022-08-04 08:23:58,339] {processor.py:654} INFO - DAG(s) dict_keys(['data_ingestion_gcs_dag']) retrieved from /opt/airflow/dags/data_ingestion_gcs_dag.py
[2022-08-04 08:23:58,346] {logging_mixin.py:109} INFO - [2022-08-04 08:23:58,346] {dag.py:2396} INFO - Sync 1 DAGs
[2022-08-04 08:23:58,361] {logging_mixin.py:109} INFO - [2022-08-04 08:23:58,361] {dag.py:2935} INFO - Setting next_dagrun for data_ingestion_gcs_dag to 2022-08-04T00:00:00+00:00
[2022-08-04 08:23:58,368] {processor.py:171} INFO - Processing /opt/airflow/dags/data_ingestion_gcs_dag.py took 0.697 seconds
[2022-08-04 08:24:28,436] {processor.py:163} INFO - Started process (PID=1836) to work on /opt/airflow/dags/data_ingestion_gcs_dag.py
[2022-08-04 08:24:28,437] {processor.py:642} INFO - Processing file /opt/airflow/dags/data_ingestion_gcs_dag.py for tasks to queue
[2022-08-04 08:24:28,438] {logging_mixin.py:109} INFO - [2022-08-04 08:24:28,438] {dagbag.py:500} INFO - Filling up the DagBag from /opt/airflow/dags/data_ingestion_gcs_dag.py
[2022-08-04 08:24:29,095] {processor.py:654} INFO - DAG(s) dict_keys(['data_ingestion_gcs_dag']) retrieved from /opt/airflow/dags/data_ingestion_gcs_dag.py
[2022-08-04 08:24:29,104] {logging_mixin.py:109} INFO - [2022-08-04 08:24:29,103] {dag.py:2396} INFO - Sync 1 DAGs
[2022-08-04 08:24:29,118] {logging_mixin.py:109} INFO - [2022-08-04 08:24:29,118] {dag.py:2935} INFO - Setting next_dagrun for data_ingestion_gcs_dag to 2022-08-04T00:00:00+00:00
[2022-08-04 08:24:29,125] {processor.py:171} INFO - Processing /opt/airflow/dags/data_ingestion_gcs_dag.py took 0.692 seconds
[2022-08-04 08:24:59,212] {processor.py:163} INFO - Started process (PID=1871) to work on /opt/airflow/dags/data_ingestion_gcs_dag.py
[2022-08-04 08:24:59,213] {processor.py:642} INFO - Processing file /opt/airflow/dags/data_ingestion_gcs_dag.py for tasks to queue
[2022-08-04 08:24:59,213] {logging_mixin.py:109} INFO - [2022-08-04 08:24:59,213] {dagbag.py:500} INFO - Filling up the DagBag from /opt/airflow/dags/data_ingestion_gcs_dag.py
[2022-08-04 08:24:59,942] {processor.py:654} INFO - DAG(s) dict_keys(['data_ingestion_gcs_dag']) retrieved from /opt/airflow/dags/data_ingestion_gcs_dag.py
[2022-08-04 08:24:59,952] {logging_mixin.py:109} INFO - [2022-08-04 08:24:59,952] {dag.py:2396} INFO - Sync 1 DAGs
[2022-08-04 08:24:59,970] {logging_mixin.py:109} INFO - [2022-08-04 08:24:59,970] {dag.py:2935} INFO - Setting next_dagrun for data_ingestion_gcs_dag to 2022-08-04T00:00:00+00:00
[2022-08-04 08:24:59,979] {processor.py:171} INFO - Processing /opt/airflow/dags/data_ingestion_gcs_dag.py took 0.769 seconds
[2022-08-04 08:25:30,078] {processor.py:163} INFO - Started process (PID=1915) to work on /opt/airflow/dags/data_ingestion_gcs_dag.py
[2022-08-04 08:25:30,079] {processor.py:642} INFO - Processing file /opt/airflow/dags/data_ingestion_gcs_dag.py for tasks to queue
[2022-08-04 08:25:30,079] {logging_mixin.py:109} INFO - [2022-08-04 08:25:30,079] {dagbag.py:500} INFO - Filling up the DagBag from /opt/airflow/dags/data_ingestion_gcs_dag.py
[2022-08-04 08:25:30,756] {processor.py:654} INFO - DAG(s) dict_keys(['data_ingestion_gcs_dag']) retrieved from /opt/airflow/dags/data_ingestion_gcs_dag.py
[2022-08-04 08:25:30,763] {logging_mixin.py:109} INFO - [2022-08-04 08:25:30,763] {dag.py:2396} INFO - Sync 1 DAGs
[2022-08-04 08:25:30,775] {logging_mixin.py:109} INFO - [2022-08-04 08:25:30,775] {dag.py:2935} INFO - Setting next_dagrun for data_ingestion_gcs_dag to 2022-08-04T00:00:00+00:00
[2022-08-04 08:25:30,781] {processor.py:171} INFO - Processing /opt/airflow/dags/data_ingestion_gcs_dag.py took 0.706 seconds
[2022-08-04 08:26:00,848] {processor.py:163} INFO - Started process (PID=1950) to work on /opt/airflow/dags/data_ingestion_gcs_dag.py
[2022-08-04 08:26:00,849] {processor.py:642} INFO - Processing file /opt/airflow/dags/data_ingestion_gcs_dag.py for tasks to queue
[2022-08-04 08:26:00,850] {logging_mixin.py:109} INFO - [2022-08-04 08:26:00,850] {dagbag.py:500} INFO - Filling up the DagBag from /opt/airflow/dags/data_ingestion_gcs_dag.py
[2022-08-04 08:26:01,538] {processor.py:654} INFO - DAG(s) dict_keys(['data_ingestion_gcs_dag']) retrieved from /opt/airflow/dags/data_ingestion_gcs_dag.py
[2022-08-04 08:26:01,544] {logging_mixin.py:109} INFO - [2022-08-04 08:26:01,544] {dag.py:2396} INFO - Sync 1 DAGs
[2022-08-04 08:26:01,556] {logging_mixin.py:109} INFO - [2022-08-04 08:26:01,556] {dag.py:2935} INFO - Setting next_dagrun for data_ingestion_gcs_dag to 2022-08-04T00:00:00+00:00
[2022-08-04 08:26:01,562] {processor.py:171} INFO - Processing /opt/airflow/dags/data_ingestion_gcs_dag.py took 0.716 seconds
[2022-08-04 08:26:31,650] {processor.py:163} INFO - Started process (PID=1994) to work on /opt/airflow/dags/data_ingestion_gcs_dag.py
[2022-08-04 08:26:31,651] {processor.py:642} INFO - Processing file /opt/airflow/dags/data_ingestion_gcs_dag.py for tasks to queue
[2022-08-04 08:26:31,652] {logging_mixin.py:109} INFO - [2022-08-04 08:26:31,652] {dagbag.py:500} INFO - Filling up the DagBag from /opt/airflow/dags/data_ingestion_gcs_dag.py
[2022-08-04 08:26:32,260] {processor.py:654} INFO - DAG(s) dict_keys(['data_ingestion_gcs_dag']) retrieved from /opt/airflow/dags/data_ingestion_gcs_dag.py
[2022-08-04 08:26:32,267] {logging_mixin.py:109} INFO - [2022-08-04 08:26:32,267] {dag.py:2396} INFO - Sync 1 DAGs
[2022-08-04 08:26:32,278] {logging_mixin.py:109} INFO - [2022-08-04 08:26:32,278] {dag.py:2935} INFO - Setting next_dagrun for data_ingestion_gcs_dag to 2022-08-04T00:00:00+00:00
[2022-08-04 08:26:32,285] {processor.py:171} INFO - Processing /opt/airflow/dags/data_ingestion_gcs_dag.py took 0.636 seconds
[2022-08-04 08:27:02,347] {processor.py:163} INFO - Started process (PID=2029) to work on /opt/airflow/dags/data_ingestion_gcs_dag.py
[2022-08-04 08:27:02,348] {processor.py:642} INFO - Processing file /opt/airflow/dags/data_ingestion_gcs_dag.py for tasks to queue
[2022-08-04 08:27:02,349] {logging_mixin.py:109} INFO - [2022-08-04 08:27:02,349] {dagbag.py:500} INFO - Filling up the DagBag from /opt/airflow/dags/data_ingestion_gcs_dag.py
[2022-08-04 08:27:03,046] {processor.py:654} INFO - DAG(s) dict_keys(['data_ingestion_gcs_dag']) retrieved from /opt/airflow/dags/data_ingestion_gcs_dag.py
[2022-08-04 08:27:03,053] {logging_mixin.py:109} INFO - [2022-08-04 08:27:03,052] {dag.py:2396} INFO - Sync 1 DAGs
[2022-08-04 08:27:03,065] {logging_mixin.py:109} INFO - [2022-08-04 08:27:03,065] {dag.py:2935} INFO - Setting next_dagrun for data_ingestion_gcs_dag to 2022-08-04T00:00:00+00:00
[2022-08-04 08:27:03,073] {processor.py:171} INFO - Processing /opt/airflow/dags/data_ingestion_gcs_dag.py took 0.728 seconds
[2022-08-04 08:27:33,111] {processor.py:163} INFO - Started process (PID=2073) to work on /opt/airflow/dags/data_ingestion_gcs_dag.py
[2022-08-04 08:27:33,112] {processor.py:642} INFO - Processing file /opt/airflow/dags/data_ingestion_gcs_dag.py for tasks to queue
[2022-08-04 08:27:33,113] {logging_mixin.py:109} INFO - [2022-08-04 08:27:33,113] {dagbag.py:500} INFO - Filling up the DagBag from /opt/airflow/dags/data_ingestion_gcs_dag.py
[2022-08-04 08:27:33,843] {processor.py:654} INFO - DAG(s) dict_keys(['data_ingestion_gcs_dag']) retrieved from /opt/airflow/dags/data_ingestion_gcs_dag.py
[2022-08-04 08:27:33,852] {logging_mixin.py:109} INFO - [2022-08-04 08:27:33,852] {dag.py:2396} INFO - Sync 1 DAGs
[2022-08-04 08:27:33,866] {logging_mixin.py:109} INFO - [2022-08-04 08:27:33,866] {dag.py:2935} INFO - Setting next_dagrun for data_ingestion_gcs_dag to 2022-08-04T00:00:00+00:00
[2022-08-04 08:27:33,872] {processor.py:171} INFO - Processing /opt/airflow/dags/data_ingestion_gcs_dag.py took 0.763 seconds
[2022-08-04 08:28:03,961] {processor.py:163} INFO - Started process (PID=2117) to work on /opt/airflow/dags/data_ingestion_gcs_dag.py
[2022-08-04 08:28:03,962] {processor.py:642} INFO - Processing file /opt/airflow/dags/data_ingestion_gcs_dag.py for tasks to queue
[2022-08-04 08:28:03,962] {logging_mixin.py:109} INFO - [2022-08-04 08:28:03,962] {dagbag.py:500} INFO - Filling up the DagBag from /opt/airflow/dags/data_ingestion_gcs_dag.py
[2022-08-04 08:28:04,620] {processor.py:654} INFO - DAG(s) dict_keys(['data_ingestion_gcs_dag']) retrieved from /opt/airflow/dags/data_ingestion_gcs_dag.py
[2022-08-04 08:28:04,626] {logging_mixin.py:109} INFO - [2022-08-04 08:28:04,626] {dag.py:2396} INFO - Sync 1 DAGs
[2022-08-04 08:28:04,640] {logging_mixin.py:109} INFO - [2022-08-04 08:28:04,640] {dag.py:2935} INFO - Setting next_dagrun for data_ingestion_gcs_dag to 2022-08-04T00:00:00+00:00
[2022-08-04 08:28:04,647] {processor.py:171} INFO - Processing /opt/airflow/dags/data_ingestion_gcs_dag.py took 0.689 seconds
[2022-08-04 08:28:34,719] {processor.py:163} INFO - Started process (PID=2152) to work on /opt/airflow/dags/data_ingestion_gcs_dag.py
[2022-08-04 08:28:34,720] {processor.py:642} INFO - Processing file /opt/airflow/dags/data_ingestion_gcs_dag.py for tasks to queue
[2022-08-04 08:28:34,721] {logging_mixin.py:109} INFO - [2022-08-04 08:28:34,720] {dagbag.py:500} INFO - Filling up the DagBag from /opt/airflow/dags/data_ingestion_gcs_dag.py
[2022-08-04 08:28:35,627] {processor.py:654} INFO - DAG(s) dict_keys(['data_ingestion_gcs_dag']) retrieved from /opt/airflow/dags/data_ingestion_gcs_dag.py
[2022-08-04 08:28:35,643] {logging_mixin.py:109} INFO - [2022-08-04 08:28:35,642] {dag.py:2396} INFO - Sync 1 DAGs
[2022-08-04 08:28:35,661] {logging_mixin.py:109} INFO - [2022-08-04 08:28:35,661] {dag.py:2935} INFO - Setting next_dagrun for data_ingestion_gcs_dag to 2022-08-04T00:00:00+00:00
[2022-08-04 08:28:35,670] {processor.py:171} INFO - Processing /opt/airflow/dags/data_ingestion_gcs_dag.py took 0.954 seconds
[2022-08-04 08:29:05,742] {processor.py:163} INFO - Started process (PID=2196) to work on /opt/airflow/dags/data_ingestion_gcs_dag.py
[2022-08-04 08:29:05,743] {processor.py:642} INFO - Processing file /opt/airflow/dags/data_ingestion_gcs_dag.py for tasks to queue
[2022-08-04 08:29:05,743] {logging_mixin.py:109} INFO - [2022-08-04 08:29:05,743] {dagbag.py:500} INFO - Filling up the DagBag from /opt/airflow/dags/data_ingestion_gcs_dag.py
[2022-08-04 08:29:06,432] {processor.py:654} INFO - DAG(s) dict_keys(['data_ingestion_gcs_dag']) retrieved from /opt/airflow/dags/data_ingestion_gcs_dag.py
[2022-08-04 08:29:06,439] {logging_mixin.py:109} INFO - [2022-08-04 08:29:06,439] {dag.py:2396} INFO - Sync 1 DAGs
[2022-08-04 08:29:06,452] {logging_mixin.py:109} INFO - [2022-08-04 08:29:06,452] {dag.py:2935} INFO - Setting next_dagrun for data_ingestion_gcs_dag to 2022-08-04T00:00:00+00:00
[2022-08-04 08:29:06,460] {processor.py:171} INFO - Processing /opt/airflow/dags/data_ingestion_gcs_dag.py took 0.721 seconds
[2022-08-04 08:29:36,520] {processor.py:163} INFO - Started process (PID=2231) to work on /opt/airflow/dags/data_ingestion_gcs_dag.py
[2022-08-04 08:29:36,521] {processor.py:642} INFO - Processing file /opt/airflow/dags/data_ingestion_gcs_dag.py for tasks to queue
[2022-08-04 08:29:36,521] {logging_mixin.py:109} INFO - [2022-08-04 08:29:36,521] {dagbag.py:500} INFO - Filling up the DagBag from /opt/airflow/dags/data_ingestion_gcs_dag.py
[2022-08-04 08:29:37,226] {processor.py:654} INFO - DAG(s) dict_keys(['data_ingestion_gcs_dag']) retrieved from /opt/airflow/dags/data_ingestion_gcs_dag.py
[2022-08-04 08:29:37,235] {logging_mixin.py:109} INFO - [2022-08-04 08:29:37,235] {dag.py:2396} INFO - Sync 1 DAGs
[2022-08-04 08:29:37,248] {logging_mixin.py:109} INFO - [2022-08-04 08:29:37,248] {dag.py:2935} INFO - Setting next_dagrun for data_ingestion_gcs_dag to 2022-08-04T00:00:00+00:00
[2022-08-04 08:29:37,255] {processor.py:171} INFO - Processing /opt/airflow/dags/data_ingestion_gcs_dag.py took 0.737 seconds
[2022-08-04 08:30:07,341] {processor.py:163} INFO - Started process (PID=2276) to work on /opt/airflow/dags/data_ingestion_gcs_dag.py
[2022-08-04 08:30:07,342] {processor.py:642} INFO - Processing file /opt/airflow/dags/data_ingestion_gcs_dag.py for tasks to queue
[2022-08-04 08:30:07,343] {logging_mixin.py:109} INFO - [2022-08-04 08:30:07,343] {dagbag.py:500} INFO - Filling up the DagBag from /opt/airflow/dags/data_ingestion_gcs_dag.py
[2022-08-04 08:30:07,986] {processor.py:654} INFO - DAG(s) dict_keys(['data_ingestion_gcs_dag']) retrieved from /opt/airflow/dags/data_ingestion_gcs_dag.py
[2022-08-04 08:30:07,997] {logging_mixin.py:109} INFO - [2022-08-04 08:30:07,997] {dag.py:2396} INFO - Sync 1 DAGs
[2022-08-04 08:30:08,010] {logging_mixin.py:109} INFO - [2022-08-04 08:30:08,009] {dag.py:2935} INFO - Setting next_dagrun for data_ingestion_gcs_dag to 2022-08-04T00:00:00+00:00
[2022-08-04 08:30:08,016] {processor.py:171} INFO - Processing /opt/airflow/dags/data_ingestion_gcs_dag.py took 0.677 seconds
[2022-08-04 08:30:38,083] {processor.py:163} INFO - Started process (PID=2312) to work on /opt/airflow/dags/data_ingestion_gcs_dag.py
[2022-08-04 08:30:38,085] {processor.py:642} INFO - Processing file /opt/airflow/dags/data_ingestion_gcs_dag.py for tasks to queue
[2022-08-04 08:30:38,085] {logging_mixin.py:109} INFO - [2022-08-04 08:30:38,085] {dagbag.py:500} INFO - Filling up the DagBag from /opt/airflow/dags/data_ingestion_gcs_dag.py
[2022-08-04 08:30:38,761] {processor.py:654} INFO - DAG(s) dict_keys(['data_ingestion_gcs_dag']) retrieved from /opt/airflow/dags/data_ingestion_gcs_dag.py
[2022-08-04 08:30:38,768] {logging_mixin.py:109} INFO - [2022-08-04 08:30:38,768] {dag.py:2396} INFO - Sync 1 DAGs
[2022-08-04 08:30:38,780] {logging_mixin.py:109} INFO - [2022-08-04 08:30:38,780] {dag.py:2935} INFO - Setting next_dagrun for data_ingestion_gcs_dag to 2022-08-04T00:00:00+00:00
[2022-08-04 08:30:38,786] {processor.py:171} INFO - Processing /opt/airflow/dags/data_ingestion_gcs_dag.py took 0.706 seconds
[2022-08-04 08:31:08,854] {processor.py:163} INFO - Started process (PID=2356) to work on /opt/airflow/dags/data_ingestion_gcs_dag.py
[2022-08-04 08:31:08,855] {processor.py:642} INFO - Processing file /opt/airflow/dags/data_ingestion_gcs_dag.py for tasks to queue
[2022-08-04 08:31:08,856] {logging_mixin.py:109} INFO - [2022-08-04 08:31:08,856] {dagbag.py:500} INFO - Filling up the DagBag from /opt/airflow/dags/data_ingestion_gcs_dag.py
[2022-08-04 08:31:09,573] {processor.py:654} INFO - DAG(s) dict_keys(['data_ingestion_gcs_dag']) retrieved from /opt/airflow/dags/data_ingestion_gcs_dag.py
[2022-08-04 08:31:09,581] {logging_mixin.py:109} INFO - [2022-08-04 08:31:09,581] {dag.py:2396} INFO - Sync 1 DAGs
[2022-08-04 08:31:09,595] {logging_mixin.py:109} INFO - [2022-08-04 08:31:09,595] {dag.py:2935} INFO - Setting next_dagrun for data_ingestion_gcs_dag to 2022-08-04T00:00:00+00:00
[2022-08-04 08:31:09,603] {processor.py:171} INFO - Processing /opt/airflow/dags/data_ingestion_gcs_dag.py took 0.751 seconds
