[2022-07-24 17:46:30,941] {taskinstance.py:1032} INFO - Dependencies all met for <TaskInstance: data_ingestion_gcs_dag.format_to_parquet_task manual__2022-07-24T17:46:27.221477+00:00 [queued]>
[2022-07-24 17:46:30,948] {taskinstance.py:1032} INFO - Dependencies all met for <TaskInstance: data_ingestion_gcs_dag.format_to_parquet_task manual__2022-07-24T17:46:27.221477+00:00 [queued]>
[2022-07-24 17:46:30,948] {taskinstance.py:1238} INFO - 
--------------------------------------------------------------------------------
[2022-07-24 17:46:30,948] {taskinstance.py:1239} INFO - Starting attempt 1 of 2
[2022-07-24 17:46:30,948] {taskinstance.py:1240} INFO - 
--------------------------------------------------------------------------------
[2022-07-24 17:46:30,956] {taskinstance.py:1259} INFO - Executing <Task(PythonOperator): format_to_parquet_task> on 2022-07-24 17:46:27.221477+00:00
[2022-07-24 17:46:30,962] {standard_task_runner.py:52} INFO - Started process 125 to run task
[2022-07-24 17:46:30,964] {standard_task_runner.py:76} INFO - Running: ['***', 'tasks', 'run', 'data_ingestion_gcs_dag', 'format_to_parquet_task', 'manual__2022-07-24T17:46:27.221477+00:00', '--job-id', '28', '--raw', '--subdir', 'DAGS_FOLDER/data_ingestion_gcs_dag.py', '--cfg-path', '/tmp/tmpea6w2d8o', '--error-file', '/tmp/tmpnec5mkqi']
[2022-07-24 17:46:30,965] {standard_task_runner.py:77} INFO - Job 28: Subtask format_to_parquet_task
[2022-07-24 17:46:31,001] {logging_mixin.py:109} INFO - Running <TaskInstance: data_ingestion_gcs_dag.format_to_parquet_task manual__2022-07-24T17:46:27.221477+00:00 [running]> on host 8b03a9aa4b2a
[2022-07-24 17:46:31,033] {taskinstance.py:1426} INFO - Exporting the following env vars:
AIRFLOW_CTX_DAG_OWNER=***
AIRFLOW_CTX_DAG_ID=data_ingestion_gcs_dag
AIRFLOW_CTX_TASK_ID=format_to_parquet_task
AIRFLOW_CTX_EXECUTION_DATE=2022-07-24T17:46:27.221477+00:00
AIRFLOW_CTX_DAG_RUN_ID=manual__2022-07-24T17:46:27.221477+00:00
[2022-07-24 17:46:31,076] {python.py:175} INFO - Done. Returned value was: None
[2022-07-24 17:46:31,084] {taskinstance.py:1277} INFO - Marking task as SUCCESS. dag_id=data_ingestion_gcs_dag, task_id=format_to_parquet_task, execution_date=20220724T174627, start_date=20220724T174630, end_date=20220724T174631
[2022-07-24 17:46:31,136] {local_task_job.py:154} INFO - Task exited with return code 0
[2022-07-24 17:46:31,162] {local_task_job.py:264} INFO - 1 downstream tasks scheduled from follow-on schedule check
