[2022-07-30 16:18:04,002] {taskinstance.py:1032} INFO - Dependencies all met for <TaskInstance: data_ingestion_gcs_dag.format_to_parquet_task manual__2022-07-30T16:12:52.877667+00:00 [queued]>
[2022-07-30 16:18:04,011] {taskinstance.py:1032} INFO - Dependencies all met for <TaskInstance: data_ingestion_gcs_dag.format_to_parquet_task manual__2022-07-30T16:12:52.877667+00:00 [queued]>
[2022-07-30 16:18:04,011] {taskinstance.py:1238} INFO - 
--------------------------------------------------------------------------------
[2022-07-30 16:18:04,011] {taskinstance.py:1239} INFO - Starting attempt 1 of 2
[2022-07-30 16:18:04,011] {taskinstance.py:1240} INFO - 
--------------------------------------------------------------------------------
[2022-07-30 16:18:04,019] {taskinstance.py:1259} INFO - Executing <Task(PythonOperator): format_to_parquet_task> on 2022-07-30 16:12:52.877667+00:00
[2022-07-30 16:18:04,025] {standard_task_runner.py:52} INFO - Started process 406 to run task
[2022-07-30 16:18:04,027] {standard_task_runner.py:76} INFO - Running: ['***', 'tasks', 'run', 'data_ingestion_gcs_dag', 'format_to_parquet_task', 'manual__2022-07-30T16:12:52.877667+00:00', '--job-id', '9', '--raw', '--subdir', 'DAGS_FOLDER/data_ingestion_gcs_dag.py', '--cfg-path', '/tmp/tmpplbv_30e', '--error-file', '/tmp/tmpwm9e2i0_']
[2022-07-30 16:18:04,028] {standard_task_runner.py:77} INFO - Job 9: Subtask format_to_parquet_task
[2022-07-30 16:18:04,062] {logging_mixin.py:109} INFO - Running <TaskInstance: data_ingestion_gcs_dag.format_to_parquet_task manual__2022-07-30T16:12:52.877667+00:00 [running]> on host d21378671bd5
[2022-07-30 16:18:04,096] {taskinstance.py:1426} INFO - Exporting the following env vars:
AIRFLOW_CTX_DAG_OWNER=***
AIRFLOW_CTX_DAG_ID=data_ingestion_gcs_dag
AIRFLOW_CTX_TASK_ID=format_to_parquet_task
AIRFLOW_CTX_EXECUTION_DATE=2022-07-30T16:12:52.877667+00:00
AIRFLOW_CTX_DAG_RUN_ID=manual__2022-07-30T16:12:52.877667+00:00
[2022-07-30 16:18:04,136] {python.py:175} INFO - Done. Returned value was: None
[2022-07-30 16:18:04,146] {taskinstance.py:1277} INFO - Marking task as SUCCESS. dag_id=data_ingestion_gcs_dag, task_id=format_to_parquet_task, execution_date=20220730T161252, start_date=20220730T161804, end_date=20220730T161804
[2022-07-30 16:18:04,199] {local_task_job.py:154} INFO - Task exited with return code 0
[2022-07-30 16:18:04,233] {local_task_job.py:264} INFO - 1 downstream tasks scheduled from follow-on schedule check
