[2022-08-08 22:22:07,095] {taskinstance.py:1032} INFO - Dependencies all met for <TaskInstance: data_ingestion_gcs_dag.download_dataset_task backfill__2019-01-08T00:00:00+00:00 [queued]>
[2022-08-08 22:22:07,102] {taskinstance.py:1032} INFO - Dependencies all met for <TaskInstance: data_ingestion_gcs_dag.download_dataset_task backfill__2019-01-08T00:00:00+00:00 [queued]>
[2022-08-08 22:22:07,103] {taskinstance.py:1238} INFO - 
--------------------------------------------------------------------------------
[2022-08-08 22:22:07,103] {taskinstance.py:1239} INFO - Starting attempt 1 of 2
[2022-08-08 22:22:07,103] {taskinstance.py:1240} INFO - 
--------------------------------------------------------------------------------
[2022-08-08 22:22:07,110] {taskinstance.py:1259} INFO - Executing <Task(BashOperator): download_dataset_task> on 2019-01-08 00:00:00+00:00
[2022-08-08 22:22:07,117] {standard_task_runner.py:52} INFO - Started process 1046 to run task
[2022-08-08 22:22:07,119] {standard_task_runner.py:76} INFO - Running: ['***', 'tasks', 'run', 'data_ingestion_gcs_dag', 'download_dataset_task', 'backfill__2019-01-08T00:00:00+00:00', '--job-id', '29', '--pool', 'default_pool', '--raw', '--subdir', 'DAGS_FOLDER/data_ingestion_dag.py', '--cfg-path', '/tmp/tmpth26ktyw', '--error-file', '/tmp/tmp6q907p_x']
[2022-08-08 22:22:07,119] {standard_task_runner.py:77} INFO - Job 29: Subtask download_dataset_task
[2022-08-08 22:22:07,161] {logging_mixin.py:109} INFO - Running <TaskInstance: data_ingestion_gcs_dag.download_dataset_task backfill__2019-01-08T00:00:00+00:00 [running]> on host 049be7f17d30
[2022-08-08 22:22:07,204] {taskinstance.py:1426} INFO - Exporting the following env vars:
AIRFLOW_CTX_DAG_OWNER=***
AIRFLOW_CTX_DAG_ID=data_ingestion_gcs_dag
AIRFLOW_CTX_TASK_ID=download_dataset_task
AIRFLOW_CTX_EXECUTION_DATE=2019-01-08T00:00:00+00:00
AIRFLOW_CTX_DAG_RUN_ID=backfill__2019-01-08T00:00:00+00:00
[2022-08-08 22:22:07,205] {subprocess.py:62} INFO - Tmp dir root location: 
 /tmp
[2022-08-08 22:22:07,206] {subprocess.py:74} INFO - Running command: ['bash', '-c', 'curl -sSL https://d37ci6vzurychx.cloudfront.net/trip-data/yellow_tripdata_2021-01.parquet > /opt/***/yellow_tripdata_2021-01.parquet']
[2022-08-08 22:22:07,218] {subprocess.py:85} INFO - Output:
[2022-08-08 22:22:08,227] {subprocess.py:93} INFO - Command exited with return code 0
[2022-08-08 22:22:08,248] {taskinstance.py:1277} INFO - Marking task as SUCCESS. dag_id=data_ingestion_gcs_dag, task_id=download_dataset_task, execution_date=20190108T000000, start_date=20220808T222207, end_date=20220808T222208
[2022-08-08 22:22:08,293] {local_task_job.py:154} INFO - Task exited with return code 0
[2022-08-08 22:22:08,317] {local_task_job.py:264} INFO - 0 downstream tasks scheduled from follow-on schedule check
