[2022-08-04 09:53:54,508] {taskinstance.py:1032} INFO - Dependencies all met for <TaskInstance: data_ingestion_gcs_dag.download_dataset_task manual__2022-08-04T09:53:52.815977+00:00 [queued]>
[2022-08-04 09:53:54,517] {taskinstance.py:1032} INFO - Dependencies all met for <TaskInstance: data_ingestion_gcs_dag.download_dataset_task manual__2022-08-04T09:53:52.815977+00:00 [queued]>
[2022-08-04 09:53:54,517] {taskinstance.py:1238} INFO - 
--------------------------------------------------------------------------------
[2022-08-04 09:53:54,517] {taskinstance.py:1239} INFO - Starting attempt 1 of 2
[2022-08-04 09:53:54,517] {taskinstance.py:1240} INFO - 
--------------------------------------------------------------------------------
[2022-08-04 09:53:54,526] {taskinstance.py:1259} INFO - Executing <Task(BashOperator): download_dataset_task> on 2022-08-04 09:53:52.815977+00:00
[2022-08-04 09:53:54,533] {standard_task_runner.py:52} INFO - Started process 100 to run task
[2022-08-04 09:53:54,536] {standard_task_runner.py:76} INFO - Running: ['***', 'tasks', 'run', 'data_ingestion_gcs_dag', 'download_dataset_task', 'manual__2022-08-04T09:53:52.815977+00:00', '--job-id', '19', '--raw', '--subdir', 'DAGS_FOLDER/data_ingestion_dag.py', '--cfg-path', '/tmp/tmpo7241vhg', '--error-file', '/tmp/tmpz1gqeb_y']
[2022-08-04 09:53:54,536] {standard_task_runner.py:77} INFO - Job 19: Subtask download_dataset_task
[2022-08-04 09:53:54,575] {logging_mixin.py:109} INFO - Running <TaskInstance: data_ingestion_gcs_dag.download_dataset_task manual__2022-08-04T09:53:52.815977+00:00 [running]> on host 86bd73de96a7
[2022-08-04 09:53:54,619] {taskinstance.py:1426} INFO - Exporting the following env vars:
AIRFLOW_CTX_DAG_OWNER=***
AIRFLOW_CTX_DAG_ID=data_ingestion_gcs_dag
AIRFLOW_CTX_TASK_ID=download_dataset_task
AIRFLOW_CTX_EXECUTION_DATE=2022-08-04T09:53:52.815977+00:00
AIRFLOW_CTX_DAG_RUN_ID=manual__2022-08-04T09:53:52.815977+00:00
[2022-08-04 09:53:54,620] {subprocess.py:62} INFO - Tmp dir root location: 
 /tmp
[2022-08-04 09:53:54,621] {subprocess.py:74} INFO - Running command: ['bash', '-c', 'curl -sSL https://d37ci6vzurychx.cloudfront.net/trip-data/yellow_tripdata_2021-01.parquet > /opt/***/yellow_tripdata_2021-01.parquet']
[2022-08-04 09:53:54,635] {subprocess.py:85} INFO - Output:
[2022-08-04 09:53:54,907] {subprocess.py:93} INFO - Command exited with return code 0
[2022-08-04 09:53:54,929] {taskinstance.py:1277} INFO - Marking task as SUCCESS. dag_id=data_ingestion_gcs_dag, task_id=download_dataset_task, execution_date=20220804T095352, start_date=20220804T095354, end_date=20220804T095354
[2022-08-04 09:53:54,949] {local_task_job.py:154} INFO - Task exited with return code 0
[2022-08-04 09:53:54,979] {local_task_job.py:264} INFO - 1 downstream tasks scheduled from follow-on schedule check
