[2022-08-08 22:26:37,435] {taskinstance.py:1032} INFO - Dependencies all met for <TaskInstance: data_ingestion_gcs_dag.download_dataset_task backfill__2019-01-18T00:00:00+00:00 [queued]>
[2022-08-08 22:26:37,443] {taskinstance.py:1032} INFO - Dependencies all met for <TaskInstance: data_ingestion_gcs_dag.download_dataset_task backfill__2019-01-18T00:00:00+00:00 [queued]>
[2022-08-08 22:26:37,443] {taskinstance.py:1238} INFO - 
--------------------------------------------------------------------------------
[2022-08-08 22:26:37,443] {taskinstance.py:1239} INFO - Starting attempt 1 of 2
[2022-08-08 22:26:37,443] {taskinstance.py:1240} INFO - 
--------------------------------------------------------------------------------
[2022-08-08 22:26:37,451] {taskinstance.py:1259} INFO - Executing <Task(BashOperator): download_dataset_task> on 2019-01-18 00:00:00+00:00
[2022-08-08 22:26:37,458] {standard_task_runner.py:52} INFO - Started process 1354 to run task
[2022-08-08 22:26:37,460] {standard_task_runner.py:76} INFO - Running: ['***', 'tasks', 'run', 'data_ingestion_gcs_dag', 'download_dataset_task', 'backfill__2019-01-18T00:00:00+00:00', '--job-id', '56', '--pool', 'default_pool', '--raw', '--subdir', 'DAGS_FOLDER/data_ingestion_dag.py', '--cfg-path', '/tmp/tmp1othg0yc', '--error-file', '/tmp/tmpbmb5i48e']
[2022-08-08 22:26:37,460] {standard_task_runner.py:77} INFO - Job 56: Subtask download_dataset_task
[2022-08-08 22:26:37,502] {logging_mixin.py:109} INFO - Running <TaskInstance: data_ingestion_gcs_dag.download_dataset_task backfill__2019-01-18T00:00:00+00:00 [running]> on host 049be7f17d30
[2022-08-08 22:26:37,541] {taskinstance.py:1426} INFO - Exporting the following env vars:
AIRFLOW_CTX_DAG_OWNER=***
AIRFLOW_CTX_DAG_ID=data_ingestion_gcs_dag
AIRFLOW_CTX_TASK_ID=download_dataset_task
AIRFLOW_CTX_EXECUTION_DATE=2019-01-18T00:00:00+00:00
AIRFLOW_CTX_DAG_RUN_ID=backfill__2019-01-18T00:00:00+00:00
[2022-08-08 22:26:37,542] {subprocess.py:62} INFO - Tmp dir root location: 
 /tmp
[2022-08-08 22:26:37,542] {subprocess.py:74} INFO - Running command: ['bash', '-c', 'curl -sSL https://d37ci6vzurychx.cloudfront.net/trip-data/yellow_tripdata_2021-01.parquet > /opt/***/yellow_tripdata_2021-01.parquet']
[2022-08-08 22:26:37,555] {subprocess.py:85} INFO - Output:
[2022-08-08 22:26:37,937] {subprocess.py:93} INFO - Command exited with return code 0
[2022-08-08 22:26:37,960] {taskinstance.py:1277} INFO - Marking task as SUCCESS. dag_id=data_ingestion_gcs_dag, task_id=download_dataset_task, execution_date=20190118T000000, start_date=20220808T222637, end_date=20220808T222637
[2022-08-08 22:26:37,994] {local_task_job.py:154} INFO - Task exited with return code 0
[2022-08-08 22:26:38,018] {local_task_job.py:264} INFO - 0 downstream tasks scheduled from follow-on schedule check
