[2022-07-30 16:18:02,829] {taskinstance.py:1032} INFO - Dependencies all met for <TaskInstance: data_ingestion_gcs_dag.download_dataset_task manual__2022-07-30T16:12:52.877667+00:00 [queued]>
[2022-07-30 16:18:02,836] {taskinstance.py:1032} INFO - Dependencies all met for <TaskInstance: data_ingestion_gcs_dag.download_dataset_task manual__2022-07-30T16:12:52.877667+00:00 [queued]>
[2022-07-30 16:18:02,836] {taskinstance.py:1238} INFO - 
--------------------------------------------------------------------------------
[2022-07-30 16:18:02,837] {taskinstance.py:1239} INFO - Starting attempt 1 of 2
[2022-07-30 16:18:02,837] {taskinstance.py:1240} INFO - 
--------------------------------------------------------------------------------
[2022-07-30 16:18:02,844] {taskinstance.py:1259} INFO - Executing <Task(BashOperator): download_dataset_task> on 2022-07-30 16:12:52.877667+00:00
[2022-07-30 16:18:02,850] {standard_task_runner.py:52} INFO - Started process 398 to run task
[2022-07-30 16:18:02,852] {standard_task_runner.py:76} INFO - Running: ['***', 'tasks', 'run', 'data_ingestion_gcs_dag', 'download_dataset_task', 'manual__2022-07-30T16:12:52.877667+00:00', '--job-id', '8', '--raw', '--subdir', 'DAGS_FOLDER/data_ingestion_gcs_dag.py', '--cfg-path', '/tmp/tmpty3bbs7j', '--error-file', '/tmp/tmptd903_f5']
[2022-07-30 16:18:02,853] {standard_task_runner.py:77} INFO - Job 8: Subtask download_dataset_task
[2022-07-30 16:18:02,887] {logging_mixin.py:109} INFO - Running <TaskInstance: data_ingestion_gcs_dag.download_dataset_task manual__2022-07-30T16:12:52.877667+00:00 [running]> on host d21378671bd5
[2022-07-30 16:18:02,924] {taskinstance.py:1426} INFO - Exporting the following env vars:
AIRFLOW_CTX_DAG_OWNER=***
AIRFLOW_CTX_DAG_ID=data_ingestion_gcs_dag
AIRFLOW_CTX_TASK_ID=download_dataset_task
AIRFLOW_CTX_EXECUTION_DATE=2022-07-30T16:12:52.877667+00:00
AIRFLOW_CTX_DAG_RUN_ID=manual__2022-07-30T16:12:52.877667+00:00
[2022-07-30 16:18:02,925] {subprocess.py:62} INFO - Tmp dir root location: 
 /tmp
[2022-07-30 16:18:02,925] {subprocess.py:74} INFO - Running command: ['bash', '-c', 'curl -sSL https://s3.amazonaws.com/nyc-tlc/trip+data/yellow_tripdata_2021-01.csv > /opt/***/yellow_tripdata_2021-01.csv']
[2022-07-30 16:18:02,937] {subprocess.py:85} INFO - Output:
[2022-07-30 16:18:03,297] {subprocess.py:93} INFO - Command exited with return code 0
[2022-07-30 16:18:03,316] {taskinstance.py:1277} INFO - Marking task as SUCCESS. dag_id=data_ingestion_gcs_dag, task_id=download_dataset_task, execution_date=20220730T161252, start_date=20220730T161802, end_date=20220730T161803
[2022-07-30 16:18:03,345] {local_task_job.py:154} INFO - Task exited with return code 0
[2022-07-30 16:18:03,375] {local_task_job.py:264} INFO - 1 downstream tasks scheduled from follow-on schedule check
