[2022-08-08 22:28:17,524] {taskinstance.py:1032} INFO - Dependencies all met for <TaskInstance: data_ingestion_gcs_dag.local_to_gcs_task backfill__2019-01-21T00:00:00+00:00 [queued]>
[2022-08-08 22:28:17,531] {taskinstance.py:1032} INFO - Dependencies all met for <TaskInstance: data_ingestion_gcs_dag.local_to_gcs_task backfill__2019-01-21T00:00:00+00:00 [queued]>
[2022-08-08 22:28:17,531] {taskinstance.py:1238} INFO - 
--------------------------------------------------------------------------------
[2022-08-08 22:28:17,532] {taskinstance.py:1239} INFO - Starting attempt 1 of 2
[2022-08-08 22:28:17,532] {taskinstance.py:1240} INFO - 
--------------------------------------------------------------------------------
[2022-08-08 22:28:17,539] {taskinstance.py:1259} INFO - Executing <Task(PythonOperator): local_to_gcs_task> on 2019-01-21 00:00:00+00:00
[2022-08-08 22:28:17,546] {standard_task_runner.py:52} INFO - Started process 1475 to run task
[2022-08-08 22:28:17,548] {standard_task_runner.py:76} INFO - Running: ['***', 'tasks', 'run', 'data_ingestion_gcs_dag', 'local_to_gcs_task', 'backfill__2019-01-21T00:00:00+00:00', '--job-id', '66', '--pool', 'default_pool', '--raw', '--subdir', 'DAGS_FOLDER/data_ingestion_dag.py', '--cfg-path', '/tmp/tmp9fpl3o7y', '--error-file', '/tmp/tmpdihuo8t5']
[2022-08-08 22:28:17,549] {standard_task_runner.py:77} INFO - Job 66: Subtask local_to_gcs_task
[2022-08-08 22:28:17,591] {logging_mixin.py:109} INFO - Running <TaskInstance: data_ingestion_gcs_dag.local_to_gcs_task backfill__2019-01-21T00:00:00+00:00 [running]> on host 049be7f17d30
[2022-08-08 22:28:17,633] {taskinstance.py:1426} INFO - Exporting the following env vars:
AIRFLOW_CTX_DAG_OWNER=***
AIRFLOW_CTX_DAG_ID=data_ingestion_gcs_dag
AIRFLOW_CTX_TASK_ID=local_to_gcs_task
AIRFLOW_CTX_EXECUTION_DATE=2019-01-21T00:00:00+00:00
AIRFLOW_CTX_DAG_RUN_ID=backfill__2019-01-21T00:00:00+00:00
[2022-08-08 22:28:18,954] {python.py:175} INFO - Done. Returned value was: None
[2022-08-08 22:28:18,964] {taskinstance.py:1277} INFO - Marking task as SUCCESS. dag_id=data_ingestion_gcs_dag, task_id=local_to_gcs_task, execution_date=20190121T000000, start_date=20220808T222817, end_date=20220808T222818
[2022-08-08 22:28:19,003] {local_task_job.py:154} INFO - Task exited with return code 0
[2022-08-08 22:28:19,028] {local_task_job.py:264} INFO - 0 downstream tasks scheduled from follow-on schedule check
