[2022-07-28 10:20:33,573] {taskinstance.py:1032} INFO - Dependencies all met for <TaskInstance: data_ingestion_gcs_dag.download_dataset_task scheduled__2022-07-26T00:00:00+00:00 [queued]>
[2022-07-28 10:20:33,586] {taskinstance.py:1032} INFO - Dependencies all met for <TaskInstance: data_ingestion_gcs_dag.download_dataset_task scheduled__2022-07-26T00:00:00+00:00 [queued]>
[2022-07-28 10:20:33,586] {taskinstance.py:1238} INFO - 
--------------------------------------------------------------------------------
[2022-07-28 10:20:33,586] {taskinstance.py:1239} INFO - Starting attempt 1 of 2
[2022-07-28 10:20:33,586] {taskinstance.py:1240} INFO - 
--------------------------------------------------------------------------------
[2022-07-28 10:20:33,632] {taskinstance.py:1259} INFO - Executing <Task(BashOperator): download_dataset_task> on 2022-07-26 00:00:00+00:00
[2022-07-28 10:20:33,639] {standard_task_runner.py:52} INFO - Started process 92 to run task
[2022-07-28 10:20:33,642] {standard_task_runner.py:76} INFO - Running: ['***', 'tasks', 'run', 'data_ingestion_gcs_dag', 'download_dataset_task', 'scheduled__2022-07-26T00:00:00+00:00', '--job-id', '49', '--raw', '--subdir', 'DAGS_FOLDER/data_ingestion_gcs_dag.py', '--cfg-path', '/tmp/tmpxykd2oh7', '--error-file', '/tmp/tmpscyu0at_']
[2022-07-28 10:20:33,643] {standard_task_runner.py:77} INFO - Job 49: Subtask download_dataset_task
[2022-07-28 10:20:33,735] {logging_mixin.py:109} INFO - Running <TaskInstance: data_ingestion_gcs_dag.download_dataset_task scheduled__2022-07-26T00:00:00+00:00 [running]> on host 8b03a9aa4b2a
[2022-07-28 10:20:33,834] {taskinstance.py:1426} INFO - Exporting the following env vars:
AIRFLOW_CTX_DAG_OWNER=***
AIRFLOW_CTX_DAG_ID=data_ingestion_gcs_dag
AIRFLOW_CTX_TASK_ID=download_dataset_task
AIRFLOW_CTX_EXECUTION_DATE=2022-07-26T00:00:00+00:00
AIRFLOW_CTX_DAG_RUN_ID=scheduled__2022-07-26T00:00:00+00:00
[2022-07-28 10:20:33,835] {subprocess.py:62} INFO - Tmp dir root location: 
 /tmp
[2022-07-28 10:20:33,836] {subprocess.py:74} INFO - Running command: ['bash', '-c', 'curl -sSL https://s3.amazonaws.com/nyc-tlc/trip+data/yellow_tripdata_2021-01.csv > /opt/***/yellow_tripdata_2021-01.csv']
[2022-07-28 10:20:33,854] {subprocess.py:85} INFO - Output:
[2022-07-28 10:20:34,224] {subprocess.py:93} INFO - Command exited with return code 0
[2022-07-28 10:20:34,249] {taskinstance.py:1277} INFO - Marking task as SUCCESS. dag_id=data_ingestion_gcs_dag, task_id=download_dataset_task, execution_date=20220726T000000, start_date=20220728T102033, end_date=20220728T102034
[2022-07-28 10:20:34,296] {local_task_job.py:154} INFO - Task exited with return code 0
[2022-07-28 10:20:34,349] {local_task_job.py:264} INFO - 1 downstream tasks scheduled from follow-on schedule check
