[2022-08-08 22:21:12,085] {taskinstance.py:1032} INFO - Dependencies all met for <TaskInstance: data_ingestion_gcs_dag.local_to_gcs_task backfill__2019-01-07T00:00:00+00:00 [queued]>
[2022-08-08 22:21:12,092] {taskinstance.py:1032} INFO - Dependencies all met for <TaskInstance: data_ingestion_gcs_dag.local_to_gcs_task backfill__2019-01-07T00:00:00+00:00 [queued]>
[2022-08-08 22:21:12,092] {taskinstance.py:1238} INFO - 
--------------------------------------------------------------------------------
[2022-08-08 22:21:12,092] {taskinstance.py:1239} INFO - Starting attempt 1 of 2
[2022-08-08 22:21:12,092] {taskinstance.py:1240} INFO - 
--------------------------------------------------------------------------------
[2022-08-08 22:21:12,100] {taskinstance.py:1259} INFO - Executing <Task(PythonOperator): local_to_gcs_task> on 2019-01-07 00:00:00+00:00
[2022-08-08 22:21:12,106] {standard_task_runner.py:52} INFO - Started process 983 to run task
[2022-08-08 22:21:12,108] {standard_task_runner.py:76} INFO - Running: ['***', 'tasks', 'run', 'data_ingestion_gcs_dag', 'local_to_gcs_task', 'backfill__2019-01-07T00:00:00+00:00', '--job-id', '24', '--pool', 'default_pool', '--raw', '--subdir', 'DAGS_FOLDER/data_ingestion_dag.py', '--cfg-path', '/tmp/tmpv6s5vc4b', '--error-file', '/tmp/tmp8aqnvwa3']
[2022-08-08 22:21:12,108] {standard_task_runner.py:77} INFO - Job 24: Subtask local_to_gcs_task
[2022-08-08 22:21:12,154] {logging_mixin.py:109} INFO - Running <TaskInstance: data_ingestion_gcs_dag.local_to_gcs_task backfill__2019-01-07T00:00:00+00:00 [running]> on host 049be7f17d30
[2022-08-08 22:21:12,212] {taskinstance.py:1426} INFO - Exporting the following env vars:
AIRFLOW_CTX_DAG_OWNER=***
AIRFLOW_CTX_DAG_ID=data_ingestion_gcs_dag
AIRFLOW_CTX_TASK_ID=local_to_gcs_task
AIRFLOW_CTX_EXECUTION_DATE=2019-01-07T00:00:00+00:00
AIRFLOW_CTX_DAG_RUN_ID=backfill__2019-01-07T00:00:00+00:00
[2022-08-08 22:21:13,529] {python.py:175} INFO - Done. Returned value was: None
[2022-08-08 22:21:13,540] {taskinstance.py:1277} INFO - Marking task as SUCCESS. dag_id=data_ingestion_gcs_dag, task_id=local_to_gcs_task, execution_date=20190107T000000, start_date=20220808T222112, end_date=20220808T222113
[2022-08-08 22:21:13,562] {local_task_job.py:154} INFO - Task exited with return code 0
[2022-08-08 22:21:13,590] {local_task_job.py:264} INFO - 0 downstream tasks scheduled from follow-on schedule check
