[2022-08-07 21:53:02,233] {taskinstance.py:1032} INFO - Dependencies all met for <TaskInstance: data_ingestion_gcs_dag.local_to_gcs_task scheduled__2022-08-06T00:00:00+00:00 [queued]>
[2022-08-07 21:53:02,241] {taskinstance.py:1032} INFO - Dependencies all met for <TaskInstance: data_ingestion_gcs_dag.local_to_gcs_task scheduled__2022-08-06T00:00:00+00:00 [queued]>
[2022-08-07 21:53:02,241] {taskinstance.py:1238} INFO - 
--------------------------------------------------------------------------------
[2022-08-07 21:53:02,241] {taskinstance.py:1239} INFO - Starting attempt 1 of 2
[2022-08-07 21:53:02,241] {taskinstance.py:1240} INFO - 
--------------------------------------------------------------------------------
[2022-08-07 21:53:02,249] {taskinstance.py:1259} INFO - Executing <Task(PythonOperator): local_to_gcs_task> on 2022-08-06 00:00:00+00:00
[2022-08-07 21:53:02,256] {standard_task_runner.py:52} INFO - Started process 127 to run task
[2022-08-07 21:53:02,258] {standard_task_runner.py:76} INFO - Running: ['***', 'tasks', 'run', 'data_ingestion_gcs_dag', 'local_to_gcs_task', 'scheduled__2022-08-06T00:00:00+00:00', '--job-id', '17', '--raw', '--subdir', 'DAGS_FOLDER/data_ingestion_dag.py', '--cfg-path', '/tmp/tmpl_ft49g4', '--error-file', '/tmp/tmp7bl1se76']
[2022-08-07 21:53:02,259] {standard_task_runner.py:77} INFO - Job 17: Subtask local_to_gcs_task
[2022-08-07 21:53:02,299] {logging_mixin.py:109} INFO - Running <TaskInstance: data_ingestion_gcs_dag.local_to_gcs_task scheduled__2022-08-06T00:00:00+00:00 [running]> on host bc991195846c
[2022-08-07 21:53:02,339] {taskinstance.py:1426} INFO - Exporting the following env vars:
AIRFLOW_CTX_DAG_OWNER=***
AIRFLOW_CTX_DAG_ID=data_ingestion_gcs_dag
AIRFLOW_CTX_TASK_ID=local_to_gcs_task
AIRFLOW_CTX_EXECUTION_DATE=2022-08-06T00:00:00+00:00
AIRFLOW_CTX_DAG_RUN_ID=scheduled__2022-08-06T00:00:00+00:00
[2022-08-07 21:53:03,396] {python.py:175} INFO - Done. Returned value was: None
[2022-08-07 21:53:03,407] {taskinstance.py:1277} INFO - Marking task as SUCCESS. dag_id=data_ingestion_gcs_dag, task_id=local_to_gcs_task, execution_date=20220806T000000, start_date=20220807T215302, end_date=20220807T215303
[2022-08-07 21:53:03,433] {local_task_job.py:154} INFO - Task exited with return code 0
[2022-08-07 21:53:03,458] {local_task_job.py:264} INFO - 0 downstream tasks scheduled from follow-on schedule check
