[2022-07-22 21:54:16,873] {processor.py:163} INFO - Started process (PID=490) to work on /home/airflow/.local/lib/python3.7/site-packages/airflow/example_dags/example_xcomargs.py
[2022-07-22 21:54:16,874] {processor.py:642} INFO - Processing file /home/airflow/.local/lib/python3.7/site-packages/airflow/example_dags/example_xcomargs.py for tasks to queue
[2022-07-22 21:54:16,874] {logging_mixin.py:109} INFO - [2022-07-22 21:54:16,874] {dagbag.py:500} INFO - Filling up the DagBag from /home/airflow/.local/lib/python3.7/site-packages/airflow/example_dags/example_xcomargs.py
[2022-07-22 21:54:16,896] {processor.py:654} INFO - DAG(s) dict_keys(['example_xcom_args', 'example_xcom_args_with_operators']) retrieved from /home/airflow/.local/lib/python3.7/site-packages/airflow/example_dags/example_xcomargs.py
[2022-07-22 21:54:18,318] {logging_mixin.py:109} INFO - [2022-07-22 21:54:18,317] {manager.py:496} INFO - Created Permission View: can read on DAG:example_xcom_args
[2022-07-22 21:54:18,323] {logging_mixin.py:109} INFO - [2022-07-22 21:54:18,323] {manager.py:496} INFO - Created Permission View: can edit on DAG:example_xcom_args
[2022-07-22 21:54:18,334] {logging_mixin.py:109} INFO - [2022-07-22 21:54:18,334] {manager.py:496} INFO - Created Permission View: can read on DAG:example_xcom_args_with_operators
[2022-07-22 21:54:18,338] {logging_mixin.py:109} INFO - [2022-07-22 21:54:18,338] {manager.py:496} INFO - Created Permission View: can edit on DAG:example_xcom_args_with_operators
[2022-07-22 21:54:18,339] {logging_mixin.py:109} INFO - [2022-07-22 21:54:18,339] {dag.py:2396} INFO - Sync 2 DAGs
[2022-07-22 21:54:18,345] {logging_mixin.py:109} INFO - [2022-07-22 21:54:18,345] {dag.py:2415} INFO - Creating ORM DAG for example_xcom_args
[2022-07-22 21:54:18,345] {logging_mixin.py:109} INFO - [2022-07-22 21:54:18,345] {dag.py:2415} INFO - Creating ORM DAG for example_xcom_args_with_operators
[2022-07-22 21:54:18,352] {logging_mixin.py:109} INFO - [2022-07-22 21:54:18,352] {dag.py:2935} INFO - Setting next_dagrun for example_xcom_args to None
[2022-07-22 21:54:18,353] {logging_mixin.py:109} INFO - [2022-07-22 21:54:18,353] {dag.py:2935} INFO - Setting next_dagrun for example_xcom_args_with_operators to None
[2022-07-22 21:54:18,362] {processor.py:171} INFO - Processing /home/airflow/.local/lib/python3.7/site-packages/airflow/example_dags/example_xcomargs.py took 1.491 seconds
[2022-07-22 21:54:49,016] {processor.py:163} INFO - Started process (PID=630) to work on /home/airflow/.local/lib/python3.7/site-packages/airflow/example_dags/example_xcomargs.py
[2022-07-22 21:54:49,017] {processor.py:642} INFO - Processing file /home/airflow/.local/lib/python3.7/site-packages/airflow/example_dags/example_xcomargs.py for tasks to queue
[2022-07-22 21:54:49,017] {logging_mixin.py:109} INFO - [2022-07-22 21:54:49,017] {dagbag.py:500} INFO - Filling up the DagBag from /home/airflow/.local/lib/python3.7/site-packages/airflow/example_dags/example_xcomargs.py
[2022-07-22 21:54:49,040] {processor.py:654} INFO - DAG(s) dict_keys(['example_xcom_args', 'example_xcom_args_with_operators']) retrieved from /home/airflow/.local/lib/python3.7/site-packages/airflow/example_dags/example_xcomargs.py
[2022-07-22 21:54:49,252] {logging_mixin.py:109} INFO - [2022-07-22 21:54:49,252] {dag.py:2396} INFO - Sync 2 DAGs
[2022-07-22 21:54:49,262] {logging_mixin.py:109} INFO - [2022-07-22 21:54:49,262] {dag.py:2935} INFO - Setting next_dagrun for example_xcom_args to None
[2022-07-22 21:54:49,262] {logging_mixin.py:109} INFO - [2022-07-22 21:54:49,262] {dag.py:2935} INFO - Setting next_dagrun for example_xcom_args_with_operators to None
[2022-07-22 21:54:49,269] {processor.py:171} INFO - Processing /home/airflow/.local/lib/python3.7/site-packages/airflow/example_dags/example_xcomargs.py took 0.255 seconds
[2022-07-22 21:55:19,534] {processor.py:163} INFO - Started process (PID=689) to work on /home/airflow/.local/lib/python3.7/site-packages/airflow/example_dags/example_xcomargs.py
[2022-07-22 21:55:19,535] {processor.py:642} INFO - Processing file /home/airflow/.local/lib/python3.7/site-packages/airflow/example_dags/example_xcomargs.py for tasks to queue
[2022-07-22 21:55:19,535] {logging_mixin.py:109} INFO - [2022-07-22 21:55:19,535] {dagbag.py:500} INFO - Filling up the DagBag from /home/airflow/.local/lib/python3.7/site-packages/airflow/example_dags/example_xcomargs.py
[2022-07-22 21:55:19,558] {processor.py:654} INFO - DAG(s) dict_keys(['example_xcom_args', 'example_xcom_args_with_operators']) retrieved from /home/airflow/.local/lib/python3.7/site-packages/airflow/example_dags/example_xcomargs.py
[2022-07-22 21:55:19,763] {logging_mixin.py:109} INFO - [2022-07-22 21:55:19,763] {dag.py:2396} INFO - Sync 2 DAGs
[2022-07-22 21:55:19,774] {logging_mixin.py:109} INFO - [2022-07-22 21:55:19,774] {dag.py:2935} INFO - Setting next_dagrun for example_xcom_args to None
[2022-07-22 21:55:19,774] {logging_mixin.py:109} INFO - [2022-07-22 21:55:19,774] {dag.py:2935} INFO - Setting next_dagrun for example_xcom_args_with_operators to None
[2022-07-22 21:55:19,781] {processor.py:171} INFO - Processing /home/airflow/.local/lib/python3.7/site-packages/airflow/example_dags/example_xcomargs.py took 0.249 seconds
[2022-07-22 21:56:27,782] {processor.py:163} INFO - Started process (PID=73) to work on /home/airflow/.local/lib/python3.7/site-packages/airflow/example_dags/example_xcomargs.py
[2022-07-22 21:56:27,783] {processor.py:642} INFO - Processing file /home/airflow/.local/lib/python3.7/site-packages/airflow/example_dags/example_xcomargs.py for tasks to queue
[2022-07-22 21:56:27,784] {logging_mixin.py:109} INFO - [2022-07-22 21:56:27,783] {dagbag.py:500} INFO - Filling up the DagBag from /home/airflow/.local/lib/python3.7/site-packages/airflow/example_dags/example_xcomargs.py
[2022-07-22 21:56:27,807] {processor.py:654} INFO - DAG(s) dict_keys(['example_xcom_args', 'example_xcom_args_with_operators']) retrieved from /home/airflow/.local/lib/python3.7/site-packages/airflow/example_dags/example_xcomargs.py
[2022-07-22 21:56:28,025] {logging_mixin.py:109} INFO - [2022-07-22 21:56:28,025] {dag.py:2396} INFO - Sync 2 DAGs
[2022-07-22 21:56:28,035] {logging_mixin.py:109} INFO - [2022-07-22 21:56:28,035] {dag.py:2935} INFO - Setting next_dagrun for example_xcom_args to None
[2022-07-22 21:56:28,035] {logging_mixin.py:109} INFO - [2022-07-22 21:56:28,035] {dag.py:2935} INFO - Setting next_dagrun for example_xcom_args_with_operators to None
[2022-07-22 21:56:28,042] {processor.py:171} INFO - Processing /home/airflow/.local/lib/python3.7/site-packages/airflow/example_dags/example_xcomargs.py took 0.262 seconds
[2022-07-22 21:56:58,483] {processor.py:163} INFO - Started process (PID=133) to work on /home/airflow/.local/lib/python3.7/site-packages/airflow/example_dags/example_xcomargs.py
[2022-07-22 21:56:58,484] {processor.py:642} INFO - Processing file /home/airflow/.local/lib/python3.7/site-packages/airflow/example_dags/example_xcomargs.py for tasks to queue
[2022-07-22 21:56:58,485] {logging_mixin.py:109} INFO - [2022-07-22 21:56:58,485] {dagbag.py:500} INFO - Filling up the DagBag from /home/airflow/.local/lib/python3.7/site-packages/airflow/example_dags/example_xcomargs.py
[2022-07-22 21:56:58,507] {processor.py:654} INFO - DAG(s) dict_keys(['example_xcom_args', 'example_xcom_args_with_operators']) retrieved from /home/airflow/.local/lib/python3.7/site-packages/airflow/example_dags/example_xcomargs.py
[2022-07-22 21:56:58,724] {logging_mixin.py:109} INFO - [2022-07-22 21:56:58,724] {dag.py:2396} INFO - Sync 2 DAGs
[2022-07-22 21:56:58,734] {logging_mixin.py:109} INFO - [2022-07-22 21:56:58,734] {dag.py:2935} INFO - Setting next_dagrun for example_xcom_args to None
[2022-07-22 21:56:58,734] {logging_mixin.py:109} INFO - [2022-07-22 21:56:58,734] {dag.py:2935} INFO - Setting next_dagrun for example_xcom_args_with_operators to None
[2022-07-22 21:56:58,742] {processor.py:171} INFO - Processing /home/airflow/.local/lib/python3.7/site-packages/airflow/example_dags/example_xcomargs.py took 0.261 seconds
[2022-07-22 21:57:29,299] {processor.py:163} INFO - Started process (PID=192) to work on /home/airflow/.local/lib/python3.7/site-packages/airflow/example_dags/example_xcomargs.py
[2022-07-22 21:57:29,300] {processor.py:642} INFO - Processing file /home/airflow/.local/lib/python3.7/site-packages/airflow/example_dags/example_xcomargs.py for tasks to queue
[2022-07-22 21:57:29,300] {logging_mixin.py:109} INFO - [2022-07-22 21:57:29,300] {dagbag.py:500} INFO - Filling up the DagBag from /home/airflow/.local/lib/python3.7/site-packages/airflow/example_dags/example_xcomargs.py
[2022-07-22 21:57:29,322] {processor.py:654} INFO - DAG(s) dict_keys(['example_xcom_args', 'example_xcom_args_with_operators']) retrieved from /home/airflow/.local/lib/python3.7/site-packages/airflow/example_dags/example_xcomargs.py
[2022-07-22 21:57:29,530] {logging_mixin.py:109} INFO - [2022-07-22 21:57:29,530] {dag.py:2396} INFO - Sync 2 DAGs
[2022-07-22 21:57:29,540] {logging_mixin.py:109} INFO - [2022-07-22 21:57:29,540] {dag.py:2935} INFO - Setting next_dagrun for example_xcom_args to None
[2022-07-22 21:57:29,540] {logging_mixin.py:109} INFO - [2022-07-22 21:57:29,540] {dag.py:2935} INFO - Setting next_dagrun for example_xcom_args_with_operators to None
[2022-07-22 21:57:29,547] {processor.py:171} INFO - Processing /home/airflow/.local/lib/python3.7/site-packages/airflow/example_dags/example_xcomargs.py took 0.250 seconds
[2022-07-22 21:58:00,101] {processor.py:163} INFO - Started process (PID=242) to work on /home/airflow/.local/lib/python3.7/site-packages/airflow/example_dags/example_xcomargs.py
[2022-07-22 21:58:00,102] {processor.py:642} INFO - Processing file /home/airflow/.local/lib/python3.7/site-packages/airflow/example_dags/example_xcomargs.py for tasks to queue
[2022-07-22 21:58:00,102] {logging_mixin.py:109} INFO - [2022-07-22 21:58:00,102] {dagbag.py:500} INFO - Filling up the DagBag from /home/airflow/.local/lib/python3.7/site-packages/airflow/example_dags/example_xcomargs.py
[2022-07-22 21:58:00,123] {processor.py:654} INFO - DAG(s) dict_keys(['example_xcom_args', 'example_xcom_args_with_operators']) retrieved from /home/airflow/.local/lib/python3.7/site-packages/airflow/example_dags/example_xcomargs.py
[2022-07-22 21:58:00,337] {logging_mixin.py:109} INFO - [2022-07-22 21:58:00,336] {dag.py:2396} INFO - Sync 2 DAGs
[2022-07-22 21:58:00,346] {logging_mixin.py:109} INFO - [2022-07-22 21:58:00,346] {dag.py:2935} INFO - Setting next_dagrun for example_xcom_args to None
[2022-07-22 21:58:00,346] {logging_mixin.py:109} INFO - [2022-07-22 21:58:00,346] {dag.py:2935} INFO - Setting next_dagrun for example_xcom_args_with_operators to None
[2022-07-22 21:58:00,353] {processor.py:171} INFO - Processing /home/airflow/.local/lib/python3.7/site-packages/airflow/example_dags/example_xcomargs.py took 0.254 seconds
[2022-07-22 21:58:30,913] {processor.py:163} INFO - Started process (PID=301) to work on /home/airflow/.local/lib/python3.7/site-packages/airflow/example_dags/example_xcomargs.py
[2022-07-22 21:58:30,913] {processor.py:642} INFO - Processing file /home/airflow/.local/lib/python3.7/site-packages/airflow/example_dags/example_xcomargs.py for tasks to queue
[2022-07-22 21:58:30,914] {logging_mixin.py:109} INFO - [2022-07-22 21:58:30,914] {dagbag.py:500} INFO - Filling up the DagBag from /home/airflow/.local/lib/python3.7/site-packages/airflow/example_dags/example_xcomargs.py
[2022-07-22 21:58:30,937] {processor.py:654} INFO - DAG(s) dict_keys(['example_xcom_args', 'example_xcom_args_with_operators']) retrieved from /home/airflow/.local/lib/python3.7/site-packages/airflow/example_dags/example_xcomargs.py
[2022-07-22 21:58:31,161] {logging_mixin.py:109} INFO - [2022-07-22 21:58:31,160] {dag.py:2396} INFO - Sync 2 DAGs
[2022-07-22 21:58:31,172] {logging_mixin.py:109} INFO - [2022-07-22 21:58:31,172] {dag.py:2935} INFO - Setting next_dagrun for example_xcom_args to None
[2022-07-22 21:58:31,172] {logging_mixin.py:109} INFO - [2022-07-22 21:58:31,172] {dag.py:2935} INFO - Setting next_dagrun for example_xcom_args_with_operators to None
[2022-07-22 21:58:31,180] {processor.py:171} INFO - Processing /home/airflow/.local/lib/python3.7/site-packages/airflow/example_dags/example_xcomargs.py took 0.269 seconds
[2022-07-22 21:59:01,717] {processor.py:163} INFO - Started process (PID=360) to work on /home/airflow/.local/lib/python3.7/site-packages/airflow/example_dags/example_xcomargs.py
[2022-07-22 21:59:01,718] {processor.py:642} INFO - Processing file /home/airflow/.local/lib/python3.7/site-packages/airflow/example_dags/example_xcomargs.py for tasks to queue
[2022-07-22 21:59:01,719] {logging_mixin.py:109} INFO - [2022-07-22 21:59:01,718] {dagbag.py:500} INFO - Filling up the DagBag from /home/airflow/.local/lib/python3.7/site-packages/airflow/example_dags/example_xcomargs.py
[2022-07-22 21:59:01,742] {processor.py:654} INFO - DAG(s) dict_keys(['example_xcom_args', 'example_xcom_args_with_operators']) retrieved from /home/airflow/.local/lib/python3.7/site-packages/airflow/example_dags/example_xcomargs.py
[2022-07-22 21:59:01,962] {logging_mixin.py:109} INFO - [2022-07-22 21:59:01,961] {dag.py:2396} INFO - Sync 2 DAGs
[2022-07-22 21:59:01,972] {logging_mixin.py:109} INFO - [2022-07-22 21:59:01,972] {dag.py:2935} INFO - Setting next_dagrun for example_xcom_args to None
[2022-07-22 21:59:01,972] {logging_mixin.py:109} INFO - [2022-07-22 21:59:01,972] {dag.py:2935} INFO - Setting next_dagrun for example_xcom_args_with_operators to None
[2022-07-22 21:59:01,979] {processor.py:171} INFO - Processing /home/airflow/.local/lib/python3.7/site-packages/airflow/example_dags/example_xcomargs.py took 0.263 seconds
[2022-07-22 21:59:32,508] {processor.py:163} INFO - Started process (PID=410) to work on /home/airflow/.local/lib/python3.7/site-packages/airflow/example_dags/example_xcomargs.py
[2022-07-22 21:59:32,509] {processor.py:642} INFO - Processing file /home/airflow/.local/lib/python3.7/site-packages/airflow/example_dags/example_xcomargs.py for tasks to queue
[2022-07-22 21:59:32,509] {logging_mixin.py:109} INFO - [2022-07-22 21:59:32,509] {dagbag.py:500} INFO - Filling up the DagBag from /home/airflow/.local/lib/python3.7/site-packages/airflow/example_dags/example_xcomargs.py
[2022-07-22 21:59:32,533] {processor.py:654} INFO - DAG(s) dict_keys(['example_xcom_args', 'example_xcom_args_with_operators']) retrieved from /home/airflow/.local/lib/python3.7/site-packages/airflow/example_dags/example_xcomargs.py
[2022-07-22 21:59:32,752] {logging_mixin.py:109} INFO - [2022-07-22 21:59:32,752] {dag.py:2396} INFO - Sync 2 DAGs
[2022-07-22 21:59:32,764] {logging_mixin.py:109} INFO - [2022-07-22 21:59:32,764] {dag.py:2935} INFO - Setting next_dagrun for example_xcom_args to None
[2022-07-22 21:59:32,765] {logging_mixin.py:109} INFO - [2022-07-22 21:59:32,765] {dag.py:2935} INFO - Setting next_dagrun for example_xcom_args_with_operators to None
[2022-07-22 21:59:32,772] {processor.py:171} INFO - Processing /home/airflow/.local/lib/python3.7/site-packages/airflow/example_dags/example_xcomargs.py took 0.266 seconds
[2022-07-22 22:00:03,169] {processor.py:163} INFO - Started process (PID=469) to work on /home/airflow/.local/lib/python3.7/site-packages/airflow/example_dags/example_xcomargs.py
[2022-07-22 22:00:03,169] {processor.py:642} INFO - Processing file /home/airflow/.local/lib/python3.7/site-packages/airflow/example_dags/example_xcomargs.py for tasks to queue
[2022-07-22 22:00:03,170] {logging_mixin.py:109} INFO - [2022-07-22 22:00:03,170] {dagbag.py:500} INFO - Filling up the DagBag from /home/airflow/.local/lib/python3.7/site-packages/airflow/example_dags/example_xcomargs.py
[2022-07-22 22:00:03,193] {processor.py:654} INFO - DAG(s) dict_keys(['example_xcom_args', 'example_xcom_args_with_operators']) retrieved from /home/airflow/.local/lib/python3.7/site-packages/airflow/example_dags/example_xcomargs.py
[2022-07-22 22:00:03,403] {logging_mixin.py:109} INFO - [2022-07-22 22:00:03,403] {dag.py:2396} INFO - Sync 2 DAGs
[2022-07-22 22:00:03,413] {logging_mixin.py:109} INFO - [2022-07-22 22:00:03,413] {dag.py:2935} INFO - Setting next_dagrun for example_xcom_args to None
[2022-07-22 22:00:03,414] {logging_mixin.py:109} INFO - [2022-07-22 22:00:03,413] {dag.py:2935} INFO - Setting next_dagrun for example_xcom_args_with_operators to None
[2022-07-22 22:00:03,421] {processor.py:171} INFO - Processing /home/airflow/.local/lib/python3.7/site-packages/airflow/example_dags/example_xcomargs.py took 0.254 seconds
[2022-07-22 22:00:33,844] {processor.py:163} INFO - Started process (PID=519) to work on /home/airflow/.local/lib/python3.7/site-packages/airflow/example_dags/example_xcomargs.py
[2022-07-22 22:00:33,845] {processor.py:642} INFO - Processing file /home/airflow/.local/lib/python3.7/site-packages/airflow/example_dags/example_xcomargs.py for tasks to queue
[2022-07-22 22:00:33,845] {logging_mixin.py:109} INFO - [2022-07-22 22:00:33,845] {dagbag.py:500} INFO - Filling up the DagBag from /home/airflow/.local/lib/python3.7/site-packages/airflow/example_dags/example_xcomargs.py
[2022-07-22 22:00:33,867] {processor.py:654} INFO - DAG(s) dict_keys(['example_xcom_args', 'example_xcom_args_with_operators']) retrieved from /home/airflow/.local/lib/python3.7/site-packages/airflow/example_dags/example_xcomargs.py
[2022-07-22 22:00:34,077] {logging_mixin.py:109} INFO - [2022-07-22 22:00:34,077] {dag.py:2396} INFO - Sync 2 DAGs
[2022-07-22 22:00:34,086] {logging_mixin.py:109} INFO - [2022-07-22 22:00:34,086] {dag.py:2935} INFO - Setting next_dagrun for example_xcom_args to None
[2022-07-22 22:00:34,086] {logging_mixin.py:109} INFO - [2022-07-22 22:00:34,086] {dag.py:2935} INFO - Setting next_dagrun for example_xcom_args_with_operators to None
[2022-07-22 22:00:34,093] {processor.py:171} INFO - Processing /home/airflow/.local/lib/python3.7/site-packages/airflow/example_dags/example_xcomargs.py took 0.251 seconds
[2022-07-22 22:01:04,576] {processor.py:163} INFO - Started process (PID=579) to work on /home/airflow/.local/lib/python3.7/site-packages/airflow/example_dags/example_xcomargs.py
[2022-07-22 22:01:04,577] {processor.py:642} INFO - Processing file /home/airflow/.local/lib/python3.7/site-packages/airflow/example_dags/example_xcomargs.py for tasks to queue
[2022-07-22 22:01:04,577] {logging_mixin.py:109} INFO - [2022-07-22 22:01:04,577] {dagbag.py:500} INFO - Filling up the DagBag from /home/airflow/.local/lib/python3.7/site-packages/airflow/example_dags/example_xcomargs.py
[2022-07-22 22:01:04,598] {processor.py:654} INFO - DAG(s) dict_keys(['example_xcom_args', 'example_xcom_args_with_operators']) retrieved from /home/airflow/.local/lib/python3.7/site-packages/airflow/example_dags/example_xcomargs.py
[2022-07-22 22:01:04,817] {logging_mixin.py:109} INFO - [2022-07-22 22:01:04,817] {dag.py:2396} INFO - Sync 2 DAGs
[2022-07-22 22:01:04,827] {logging_mixin.py:109} INFO - [2022-07-22 22:01:04,827] {dag.py:2935} INFO - Setting next_dagrun for example_xcom_args to None
[2022-07-22 22:01:04,827] {logging_mixin.py:109} INFO - [2022-07-22 22:01:04,827] {dag.py:2935} INFO - Setting next_dagrun for example_xcom_args_with_operators to None
[2022-07-22 22:01:04,834] {processor.py:171} INFO - Processing /home/airflow/.local/lib/python3.7/site-packages/airflow/example_dags/example_xcomargs.py took 0.260 seconds
[2022-07-22 22:01:35,318] {processor.py:163} INFO - Started process (PID=639) to work on /home/airflow/.local/lib/python3.7/site-packages/airflow/example_dags/example_xcomargs.py
[2022-07-22 22:01:35,319] {processor.py:642} INFO - Processing file /home/airflow/.local/lib/python3.7/site-packages/airflow/example_dags/example_xcomargs.py for tasks to queue
[2022-07-22 22:01:35,320] {logging_mixin.py:109} INFO - [2022-07-22 22:01:35,320] {dagbag.py:500} INFO - Filling up the DagBag from /home/airflow/.local/lib/python3.7/site-packages/airflow/example_dags/example_xcomargs.py
[2022-07-22 22:01:35,344] {processor.py:654} INFO - DAG(s) dict_keys(['example_xcom_args', 'example_xcom_args_with_operators']) retrieved from /home/airflow/.local/lib/python3.7/site-packages/airflow/example_dags/example_xcomargs.py
[2022-07-22 22:01:35,569] {logging_mixin.py:109} INFO - [2022-07-22 22:01:35,569] {dag.py:2396} INFO - Sync 2 DAGs
[2022-07-22 22:01:35,580] {logging_mixin.py:109} INFO - [2022-07-22 22:01:35,580] {dag.py:2935} INFO - Setting next_dagrun for example_xcom_args to None
[2022-07-22 22:01:35,580] {logging_mixin.py:109} INFO - [2022-07-22 22:01:35,580] {dag.py:2935} INFO - Setting next_dagrun for example_xcom_args_with_operators to None
[2022-07-22 22:01:35,588] {processor.py:171} INFO - Processing /home/airflow/.local/lib/python3.7/site-packages/airflow/example_dags/example_xcomargs.py took 0.271 seconds
[2022-07-22 22:02:05,952] {processor.py:163} INFO - Started process (PID=689) to work on /home/airflow/.local/lib/python3.7/site-packages/airflow/example_dags/example_xcomargs.py
[2022-07-22 22:02:05,953] {processor.py:642} INFO - Processing file /home/airflow/.local/lib/python3.7/site-packages/airflow/example_dags/example_xcomargs.py for tasks to queue
[2022-07-22 22:02:05,953] {logging_mixin.py:109} INFO - [2022-07-22 22:02:05,953] {dagbag.py:500} INFO - Filling up the DagBag from /home/airflow/.local/lib/python3.7/site-packages/airflow/example_dags/example_xcomargs.py
[2022-07-22 22:02:05,974] {processor.py:654} INFO - DAG(s) dict_keys(['example_xcom_args', 'example_xcom_args_with_operators']) retrieved from /home/airflow/.local/lib/python3.7/site-packages/airflow/example_dags/example_xcomargs.py
[2022-07-22 22:02:06,182] {logging_mixin.py:109} INFO - [2022-07-22 22:02:06,182] {dag.py:2396} INFO - Sync 2 DAGs
[2022-07-22 22:02:06,192] {logging_mixin.py:109} INFO - [2022-07-22 22:02:06,192] {dag.py:2935} INFO - Setting next_dagrun for example_xcom_args to None
[2022-07-22 22:02:06,192] {logging_mixin.py:109} INFO - [2022-07-22 22:02:06,192] {dag.py:2935} INFO - Setting next_dagrun for example_xcom_args_with_operators to None
[2022-07-22 22:02:06,200] {processor.py:171} INFO - Processing /home/airflow/.local/lib/python3.7/site-packages/airflow/example_dags/example_xcomargs.py took 0.249 seconds
[2022-07-22 22:02:36,430] {processor.py:163} INFO - Started process (PID=747) to work on /home/airflow/.local/lib/python3.7/site-packages/airflow/example_dags/example_xcomargs.py
[2022-07-22 22:02:36,431] {processor.py:642} INFO - Processing file /home/airflow/.local/lib/python3.7/site-packages/airflow/example_dags/example_xcomargs.py for tasks to queue
[2022-07-22 22:02:36,432] {logging_mixin.py:109} INFO - [2022-07-22 22:02:36,432] {dagbag.py:500} INFO - Filling up the DagBag from /home/airflow/.local/lib/python3.7/site-packages/airflow/example_dags/example_xcomargs.py
[2022-07-22 22:02:36,453] {processor.py:654} INFO - DAG(s) dict_keys(['example_xcom_args', 'example_xcom_args_with_operators']) retrieved from /home/airflow/.local/lib/python3.7/site-packages/airflow/example_dags/example_xcomargs.py
[2022-07-22 22:02:36,667] {logging_mixin.py:109} INFO - [2022-07-22 22:02:36,667] {dag.py:2396} INFO - Sync 2 DAGs
[2022-07-22 22:02:36,677] {logging_mixin.py:109} INFO - [2022-07-22 22:02:36,677] {dag.py:2935} INFO - Setting next_dagrun for example_xcom_args to None
[2022-07-22 22:02:36,677] {logging_mixin.py:109} INFO - [2022-07-22 22:02:36,677] {dag.py:2935} INFO - Setting next_dagrun for example_xcom_args_with_operators to None
[2022-07-22 22:02:36,684] {processor.py:171} INFO - Processing /home/airflow/.local/lib/python3.7/site-packages/airflow/example_dags/example_xcomargs.py took 0.255 seconds
[2022-07-22 22:03:07,134] {processor.py:163} INFO - Started process (PID=797) to work on /home/airflow/.local/lib/python3.7/site-packages/airflow/example_dags/example_xcomargs.py
[2022-07-22 22:03:07,135] {processor.py:642} INFO - Processing file /home/airflow/.local/lib/python3.7/site-packages/airflow/example_dags/example_xcomargs.py for tasks to queue
[2022-07-22 22:03:07,135] {logging_mixin.py:109} INFO - [2022-07-22 22:03:07,135] {dagbag.py:500} INFO - Filling up the DagBag from /home/airflow/.local/lib/python3.7/site-packages/airflow/example_dags/example_xcomargs.py
[2022-07-22 22:03:07,156] {processor.py:654} INFO - DAG(s) dict_keys(['example_xcom_args', 'example_xcom_args_with_operators']) retrieved from /home/airflow/.local/lib/python3.7/site-packages/airflow/example_dags/example_xcomargs.py
[2022-07-22 22:03:07,368] {logging_mixin.py:109} INFO - [2022-07-22 22:03:07,368] {dag.py:2396} INFO - Sync 2 DAGs
[2022-07-22 22:03:07,378] {logging_mixin.py:109} INFO - [2022-07-22 22:03:07,378] {dag.py:2935} INFO - Setting next_dagrun for example_xcom_args to None
[2022-07-22 22:03:07,379] {logging_mixin.py:109} INFO - [2022-07-22 22:03:07,379] {dag.py:2935} INFO - Setting next_dagrun for example_xcom_args_with_operators to None
[2022-07-22 22:03:07,386] {processor.py:171} INFO - Processing /home/airflow/.local/lib/python3.7/site-packages/airflow/example_dags/example_xcomargs.py took 0.254 seconds
[2022-07-22 22:03:37,667] {processor.py:163} INFO - Started process (PID=856) to work on /home/airflow/.local/lib/python3.7/site-packages/airflow/example_dags/example_xcomargs.py
[2022-07-22 22:03:37,668] {processor.py:642} INFO - Processing file /home/airflow/.local/lib/python3.7/site-packages/airflow/example_dags/example_xcomargs.py for tasks to queue
[2022-07-22 22:03:37,669] {logging_mixin.py:109} INFO - [2022-07-22 22:03:37,669] {dagbag.py:500} INFO - Filling up the DagBag from /home/airflow/.local/lib/python3.7/site-packages/airflow/example_dags/example_xcomargs.py
[2022-07-22 22:03:37,691] {processor.py:654} INFO - DAG(s) dict_keys(['example_xcom_args', 'example_xcom_args_with_operators']) retrieved from /home/airflow/.local/lib/python3.7/site-packages/airflow/example_dags/example_xcomargs.py
[2022-07-22 22:03:37,908] {logging_mixin.py:109} INFO - [2022-07-22 22:03:37,908] {dag.py:2396} INFO - Sync 2 DAGs
[2022-07-22 22:03:37,919] {logging_mixin.py:109} INFO - [2022-07-22 22:03:37,919] {dag.py:2935} INFO - Setting next_dagrun for example_xcom_args to None
[2022-07-22 22:03:37,919] {logging_mixin.py:109} INFO - [2022-07-22 22:03:37,919] {dag.py:2935} INFO - Setting next_dagrun for example_xcom_args_with_operators to None
[2022-07-22 22:03:37,926] {processor.py:171} INFO - Processing /home/airflow/.local/lib/python3.7/site-packages/airflow/example_dags/example_xcomargs.py took 0.260 seconds
[2022-07-22 22:04:08,436] {processor.py:163} INFO - Started process (PID=914) to work on /home/airflow/.local/lib/python3.7/site-packages/airflow/example_dags/example_xcomargs.py
[2022-07-22 22:04:08,437] {processor.py:642} INFO - Processing file /home/airflow/.local/lib/python3.7/site-packages/airflow/example_dags/example_xcomargs.py for tasks to queue
[2022-07-22 22:04:08,438] {logging_mixin.py:109} INFO - [2022-07-22 22:04:08,438] {dagbag.py:500} INFO - Filling up the DagBag from /home/airflow/.local/lib/python3.7/site-packages/airflow/example_dags/example_xcomargs.py
[2022-07-22 22:04:08,461] {processor.py:654} INFO - DAG(s) dict_keys(['example_xcom_args', 'example_xcom_args_with_operators']) retrieved from /home/airflow/.local/lib/python3.7/site-packages/airflow/example_dags/example_xcomargs.py
[2022-07-22 22:04:08,675] {logging_mixin.py:109} INFO - [2022-07-22 22:04:08,675] {dag.py:2396} INFO - Sync 2 DAGs
[2022-07-22 22:04:08,685] {logging_mixin.py:109} INFO - [2022-07-22 22:04:08,685] {dag.py:2935} INFO - Setting next_dagrun for example_xcom_args to None
[2022-07-22 22:04:08,686] {logging_mixin.py:109} INFO - [2022-07-22 22:04:08,686] {dag.py:2935} INFO - Setting next_dagrun for example_xcom_args_with_operators to None
[2022-07-22 22:04:08,693] {processor.py:171} INFO - Processing /home/airflow/.local/lib/python3.7/site-packages/airflow/example_dags/example_xcomargs.py took 0.259 seconds
[2022-07-22 22:04:39,095] {processor.py:163} INFO - Started process (PID=964) to work on /home/airflow/.local/lib/python3.7/site-packages/airflow/example_dags/example_xcomargs.py
[2022-07-22 22:04:39,096] {processor.py:642} INFO - Processing file /home/airflow/.local/lib/python3.7/site-packages/airflow/example_dags/example_xcomargs.py for tasks to queue
[2022-07-22 22:04:39,096] {logging_mixin.py:109} INFO - [2022-07-22 22:04:39,096] {dagbag.py:500} INFO - Filling up the DagBag from /home/airflow/.local/lib/python3.7/site-packages/airflow/example_dags/example_xcomargs.py
[2022-07-22 22:04:39,119] {processor.py:654} INFO - DAG(s) dict_keys(['example_xcom_args', 'example_xcom_args_with_operators']) retrieved from /home/airflow/.local/lib/python3.7/site-packages/airflow/example_dags/example_xcomargs.py
[2022-07-22 22:04:39,331] {logging_mixin.py:109} INFO - [2022-07-22 22:04:39,331] {dag.py:2396} INFO - Sync 2 DAGs
[2022-07-22 22:04:39,342] {logging_mixin.py:109} INFO - [2022-07-22 22:04:39,342] {dag.py:2935} INFO - Setting next_dagrun for example_xcom_args to None
[2022-07-22 22:04:39,342] {logging_mixin.py:109} INFO - [2022-07-22 22:04:39,342] {dag.py:2935} INFO - Setting next_dagrun for example_xcom_args_with_operators to None
[2022-07-22 22:04:39,349] {processor.py:171} INFO - Processing /home/airflow/.local/lib/python3.7/site-packages/airflow/example_dags/example_xcomargs.py took 0.256 seconds
[2022-07-22 22:05:09,808] {processor.py:163} INFO - Started process (PID=1024) to work on /home/airflow/.local/lib/python3.7/site-packages/airflow/example_dags/example_xcomargs.py
[2022-07-22 22:05:09,809] {processor.py:642} INFO - Processing file /home/airflow/.local/lib/python3.7/site-packages/airflow/example_dags/example_xcomargs.py for tasks to queue
[2022-07-22 22:05:09,810] {logging_mixin.py:109} INFO - [2022-07-22 22:05:09,809] {dagbag.py:500} INFO - Filling up the DagBag from /home/airflow/.local/lib/python3.7/site-packages/airflow/example_dags/example_xcomargs.py
[2022-07-22 22:05:09,832] {processor.py:654} INFO - DAG(s) dict_keys(['example_xcom_args', 'example_xcom_args_with_operators']) retrieved from /home/airflow/.local/lib/python3.7/site-packages/airflow/example_dags/example_xcomargs.py
[2022-07-22 22:05:09,841] {logging_mixin.py:109} INFO - [2022-07-22 22:05:09,841] {dag.py:2396} INFO - Sync 2 DAGs
[2022-07-22 22:05:09,852] {logging_mixin.py:109} INFO - [2022-07-22 22:05:09,852] {dag.py:2935} INFO - Setting next_dagrun for example_xcom_args to None
[2022-07-22 22:05:09,852] {logging_mixin.py:109} INFO - [2022-07-22 22:05:09,852] {dag.py:2935} INFO - Setting next_dagrun for example_xcom_args_with_operators to None
[2022-07-22 22:05:09,858] {processor.py:171} INFO - Processing /home/airflow/.local/lib/python3.7/site-packages/airflow/example_dags/example_xcomargs.py took 0.052 seconds
[2022-07-22 22:05:40,314] {processor.py:163} INFO - Started process (PID=1074) to work on /home/airflow/.local/lib/python3.7/site-packages/airflow/example_dags/example_xcomargs.py
[2022-07-22 22:05:40,315] {processor.py:642} INFO - Processing file /home/airflow/.local/lib/python3.7/site-packages/airflow/example_dags/example_xcomargs.py for tasks to queue
[2022-07-22 22:05:40,315] {logging_mixin.py:109} INFO - [2022-07-22 22:05:40,315] {dagbag.py:500} INFO - Filling up the DagBag from /home/airflow/.local/lib/python3.7/site-packages/airflow/example_dags/example_xcomargs.py
[2022-07-22 22:05:40,337] {processor.py:654} INFO - DAG(s) dict_keys(['example_xcom_args', 'example_xcom_args_with_operators']) retrieved from /home/airflow/.local/lib/python3.7/site-packages/airflow/example_dags/example_xcomargs.py
[2022-07-22 22:05:40,547] {logging_mixin.py:109} INFO - [2022-07-22 22:05:40,547] {dag.py:2396} INFO - Sync 2 DAGs
[2022-07-22 22:05:40,558] {logging_mixin.py:109} INFO - [2022-07-22 22:05:40,558] {dag.py:2935} INFO - Setting next_dagrun for example_xcom_args to None
[2022-07-22 22:05:40,558] {logging_mixin.py:109} INFO - [2022-07-22 22:05:40,558] {dag.py:2935} INFO - Setting next_dagrun for example_xcom_args_with_operators to None
[2022-07-22 22:05:40,565] {processor.py:171} INFO - Processing /home/airflow/.local/lib/python3.7/site-packages/airflow/example_dags/example_xcomargs.py took 0.253 seconds
[2022-07-22 22:06:10,924] {processor.py:163} INFO - Started process (PID=1133) to work on /home/airflow/.local/lib/python3.7/site-packages/airflow/example_dags/example_xcomargs.py
[2022-07-22 22:06:10,925] {processor.py:642} INFO - Processing file /home/airflow/.local/lib/python3.7/site-packages/airflow/example_dags/example_xcomargs.py for tasks to queue
[2022-07-22 22:06:10,925] {logging_mixin.py:109} INFO - [2022-07-22 22:06:10,925] {dagbag.py:500} INFO - Filling up the DagBag from /home/airflow/.local/lib/python3.7/site-packages/airflow/example_dags/example_xcomargs.py
[2022-07-22 22:06:10,947] {processor.py:654} INFO - DAG(s) dict_keys(['example_xcom_args', 'example_xcom_args_with_operators']) retrieved from /home/airflow/.local/lib/python3.7/site-packages/airflow/example_dags/example_xcomargs.py
[2022-07-22 22:06:11,158] {logging_mixin.py:109} INFO - [2022-07-22 22:06:11,157] {dag.py:2396} INFO - Sync 2 DAGs
[2022-07-22 22:06:11,168] {logging_mixin.py:109} INFO - [2022-07-22 22:06:11,168] {dag.py:2935} INFO - Setting next_dagrun for example_xcom_args to None
[2022-07-22 22:06:11,168] {logging_mixin.py:109} INFO - [2022-07-22 22:06:11,168] {dag.py:2935} INFO - Setting next_dagrun for example_xcom_args_with_operators to None
[2022-07-22 22:06:11,175] {processor.py:171} INFO - Processing /home/airflow/.local/lib/python3.7/site-packages/airflow/example_dags/example_xcomargs.py took 0.253 seconds
[2022-07-22 22:06:41,614] {processor.py:163} INFO - Started process (PID=1192) to work on /home/airflow/.local/lib/python3.7/site-packages/airflow/example_dags/example_xcomargs.py
[2022-07-22 22:06:41,615] {processor.py:642} INFO - Processing file /home/airflow/.local/lib/python3.7/site-packages/airflow/example_dags/example_xcomargs.py for tasks to queue
[2022-07-22 22:06:41,615] {logging_mixin.py:109} INFO - [2022-07-22 22:06:41,615] {dagbag.py:500} INFO - Filling up the DagBag from /home/airflow/.local/lib/python3.7/site-packages/airflow/example_dags/example_xcomargs.py
[2022-07-22 22:06:41,642] {processor.py:654} INFO - DAG(s) dict_keys(['example_xcom_args', 'example_xcom_args_with_operators']) retrieved from /home/airflow/.local/lib/python3.7/site-packages/airflow/example_dags/example_xcomargs.py
[2022-07-22 22:06:41,857] {logging_mixin.py:109} INFO - [2022-07-22 22:06:41,857] {dag.py:2396} INFO - Sync 2 DAGs
[2022-07-22 22:06:41,868] {logging_mixin.py:109} INFO - [2022-07-22 22:06:41,868] {dag.py:2935} INFO - Setting next_dagrun for example_xcom_args to None
[2022-07-22 22:06:41,869] {logging_mixin.py:109} INFO - [2022-07-22 22:06:41,869] {dag.py:2935} INFO - Setting next_dagrun for example_xcom_args_with_operators to None
[2022-07-22 22:06:41,876] {processor.py:171} INFO - Processing /home/airflow/.local/lib/python3.7/site-packages/airflow/example_dags/example_xcomargs.py took 0.264 seconds
[2022-07-22 22:07:12,304] {processor.py:163} INFO - Started process (PID=1243) to work on /home/airflow/.local/lib/python3.7/site-packages/airflow/example_dags/example_xcomargs.py
[2022-07-22 22:07:12,305] {processor.py:642} INFO - Processing file /home/airflow/.local/lib/python3.7/site-packages/airflow/example_dags/example_xcomargs.py for tasks to queue
[2022-07-22 22:07:12,305] {logging_mixin.py:109} INFO - [2022-07-22 22:07:12,305] {dagbag.py:500} INFO - Filling up the DagBag from /home/airflow/.local/lib/python3.7/site-packages/airflow/example_dags/example_xcomargs.py
[2022-07-22 22:07:12,326] {processor.py:654} INFO - DAG(s) dict_keys(['example_xcom_args', 'example_xcom_args_with_operators']) retrieved from /home/airflow/.local/lib/python3.7/site-packages/airflow/example_dags/example_xcomargs.py
[2022-07-22 22:07:12,554] {logging_mixin.py:109} INFO - [2022-07-22 22:07:12,554] {dag.py:2396} INFO - Sync 2 DAGs
[2022-07-22 22:07:12,565] {logging_mixin.py:109} INFO - [2022-07-22 22:07:12,565] {dag.py:2935} INFO - Setting next_dagrun for example_xcom_args to None
[2022-07-22 22:07:12,565] {logging_mixin.py:109} INFO - [2022-07-22 22:07:12,565] {dag.py:2935} INFO - Setting next_dagrun for example_xcom_args_with_operators to None
[2022-07-22 22:07:12,572] {processor.py:171} INFO - Processing /home/airflow/.local/lib/python3.7/site-packages/airflow/example_dags/example_xcomargs.py took 0.270 seconds
[2022-07-22 22:07:42,755] {processor.py:163} INFO - Started process (PID=1301) to work on /home/airflow/.local/lib/python3.7/site-packages/airflow/example_dags/example_xcomargs.py
[2022-07-22 22:07:42,756] {processor.py:642} INFO - Processing file /home/airflow/.local/lib/python3.7/site-packages/airflow/example_dags/example_xcomargs.py for tasks to queue
[2022-07-22 22:07:42,756] {logging_mixin.py:109} INFO - [2022-07-22 22:07:42,756] {dagbag.py:500} INFO - Filling up the DagBag from /home/airflow/.local/lib/python3.7/site-packages/airflow/example_dags/example_xcomargs.py
[2022-07-22 22:07:42,778] {processor.py:654} INFO - DAG(s) dict_keys(['example_xcom_args', 'example_xcom_args_with_operators']) retrieved from /home/airflow/.local/lib/python3.7/site-packages/airflow/example_dags/example_xcomargs.py
[2022-07-22 22:07:42,983] {logging_mixin.py:109} INFO - [2022-07-22 22:07:42,983] {dag.py:2396} INFO - Sync 2 DAGs
[2022-07-22 22:07:42,993] {logging_mixin.py:109} INFO - [2022-07-22 22:07:42,993] {dag.py:2935} INFO - Setting next_dagrun for example_xcom_args to None
[2022-07-22 22:07:42,993] {logging_mixin.py:109} INFO - [2022-07-22 22:07:42,993] {dag.py:2935} INFO - Setting next_dagrun for example_xcom_args_with_operators to None
[2022-07-22 22:07:43,000] {processor.py:171} INFO - Processing /home/airflow/.local/lib/python3.7/site-packages/airflow/example_dags/example_xcomargs.py took 0.246 seconds
[2022-07-22 22:08:13,576] {processor.py:163} INFO - Started process (PID=1350) to work on /home/airflow/.local/lib/python3.7/site-packages/airflow/example_dags/example_xcomargs.py
[2022-07-22 22:08:13,577] {processor.py:642} INFO - Processing file /home/airflow/.local/lib/python3.7/site-packages/airflow/example_dags/example_xcomargs.py for tasks to queue
[2022-07-22 22:08:13,577] {logging_mixin.py:109} INFO - [2022-07-22 22:08:13,577] {dagbag.py:500} INFO - Filling up the DagBag from /home/airflow/.local/lib/python3.7/site-packages/airflow/example_dags/example_xcomargs.py
[2022-07-22 22:08:13,605] {processor.py:654} INFO - DAG(s) dict_keys(['example_xcom_args', 'example_xcom_args_with_operators']) retrieved from /home/airflow/.local/lib/python3.7/site-packages/airflow/example_dags/example_xcomargs.py
[2022-07-22 22:08:13,833] {logging_mixin.py:109} INFO - [2022-07-22 22:08:13,833] {dag.py:2396} INFO - Sync 2 DAGs
[2022-07-22 22:08:13,844] {logging_mixin.py:109} INFO - [2022-07-22 22:08:13,844] {dag.py:2935} INFO - Setting next_dagrun for example_xcom_args to None
[2022-07-22 22:08:13,844] {logging_mixin.py:109} INFO - [2022-07-22 22:08:13,844] {dag.py:2935} INFO - Setting next_dagrun for example_xcom_args_with_operators to None
[2022-07-22 22:08:13,851] {processor.py:171} INFO - Processing /home/airflow/.local/lib/python3.7/site-packages/airflow/example_dags/example_xcomargs.py took 0.277 seconds
[2022-07-22 22:08:45,014] {processor.py:163} INFO - Started process (PID=1409) to work on /home/airflow/.local/lib/python3.7/site-packages/airflow/example_dags/example_xcomargs.py
[2022-07-22 22:08:45,015] {processor.py:642} INFO - Processing file /home/airflow/.local/lib/python3.7/site-packages/airflow/example_dags/example_xcomargs.py for tasks to queue
[2022-07-22 22:08:45,016] {logging_mixin.py:109} INFO - [2022-07-22 22:08:45,016] {dagbag.py:500} INFO - Filling up the DagBag from /home/airflow/.local/lib/python3.7/site-packages/airflow/example_dags/example_xcomargs.py
[2022-07-22 22:08:45,051] {processor.py:654} INFO - DAG(s) dict_keys(['example_xcom_args', 'example_xcom_args_with_operators']) retrieved from /home/airflow/.local/lib/python3.7/site-packages/airflow/example_dags/example_xcomargs.py
[2022-07-22 22:08:45,343] {logging_mixin.py:109} INFO - [2022-07-22 22:08:45,342] {dag.py:2396} INFO - Sync 2 DAGs
[2022-07-22 22:08:45,360] {logging_mixin.py:109} INFO - [2022-07-22 22:08:45,360] {dag.py:2935} INFO - Setting next_dagrun for example_xcom_args to None
[2022-07-22 22:08:45,361] {logging_mixin.py:109} INFO - [2022-07-22 22:08:45,361] {dag.py:2935} INFO - Setting next_dagrun for example_xcom_args_with_operators to None
[2022-07-22 22:08:45,372] {processor.py:171} INFO - Processing /home/airflow/.local/lib/python3.7/site-packages/airflow/example_dags/example_xcomargs.py took 0.361 seconds
[2022-07-22 22:09:15,539] {processor.py:163} INFO - Started process (PID=1459) to work on /home/airflow/.local/lib/python3.7/site-packages/airflow/example_dags/example_xcomargs.py
[2022-07-22 22:09:15,540] {processor.py:642} INFO - Processing file /home/airflow/.local/lib/python3.7/site-packages/airflow/example_dags/example_xcomargs.py for tasks to queue
[2022-07-22 22:09:15,540] {logging_mixin.py:109} INFO - [2022-07-22 22:09:15,540] {dagbag.py:500} INFO - Filling up the DagBag from /home/airflow/.local/lib/python3.7/site-packages/airflow/example_dags/example_xcomargs.py
[2022-07-22 22:09:15,563] {processor.py:654} INFO - DAG(s) dict_keys(['example_xcom_args', 'example_xcom_args_with_operators']) retrieved from /home/airflow/.local/lib/python3.7/site-packages/airflow/example_dags/example_xcomargs.py
[2022-07-22 22:09:15,796] {logging_mixin.py:109} INFO - [2022-07-22 22:09:15,796] {dag.py:2396} INFO - Sync 2 DAGs
[2022-07-22 22:09:15,806] {logging_mixin.py:109} INFO - [2022-07-22 22:09:15,806] {dag.py:2935} INFO - Setting next_dagrun for example_xcom_args to None
[2022-07-22 22:09:15,806] {logging_mixin.py:109} INFO - [2022-07-22 22:09:15,806] {dag.py:2935} INFO - Setting next_dagrun for example_xcom_args_with_operators to None
[2022-07-22 22:09:15,813] {processor.py:171} INFO - Processing /home/airflow/.local/lib/python3.7/site-packages/airflow/example_dags/example_xcomargs.py took 0.277 seconds
[2022-07-22 22:09:46,574] {processor.py:163} INFO - Started process (PID=1518) to work on /home/airflow/.local/lib/python3.7/site-packages/airflow/example_dags/example_xcomargs.py
[2022-07-22 22:09:46,576] {processor.py:642} INFO - Processing file /home/airflow/.local/lib/python3.7/site-packages/airflow/example_dags/example_xcomargs.py for tasks to queue
[2022-07-22 22:09:46,576] {logging_mixin.py:109} INFO - [2022-07-22 22:09:46,576] {dagbag.py:500} INFO - Filling up the DagBag from /home/airflow/.local/lib/python3.7/site-packages/airflow/example_dags/example_xcomargs.py
[2022-07-22 22:09:46,611] {processor.py:654} INFO - DAG(s) dict_keys(['example_xcom_args', 'example_xcom_args_with_operators']) retrieved from /home/airflow/.local/lib/python3.7/site-packages/airflow/example_dags/example_xcomargs.py
[2022-07-22 22:09:46,906] {logging_mixin.py:109} INFO - [2022-07-22 22:09:46,905] {dag.py:2396} INFO - Sync 2 DAGs
[2022-07-22 22:09:46,920] {logging_mixin.py:109} INFO - [2022-07-22 22:09:46,920] {dag.py:2935} INFO - Setting next_dagrun for example_xcom_args to None
[2022-07-22 22:09:46,920] {logging_mixin.py:109} INFO - [2022-07-22 22:09:46,920] {dag.py:2935} INFO - Setting next_dagrun for example_xcom_args_with_operators to None
[2022-07-22 22:09:46,928] {processor.py:171} INFO - Processing /home/airflow/.local/lib/python3.7/site-packages/airflow/example_dags/example_xcomargs.py took 0.357 seconds
[2022-07-22 22:10:17,387] {processor.py:163} INFO - Started process (PID=1568) to work on /home/airflow/.local/lib/python3.7/site-packages/airflow/example_dags/example_xcomargs.py
[2022-07-22 22:10:17,388] {processor.py:642} INFO - Processing file /home/airflow/.local/lib/python3.7/site-packages/airflow/example_dags/example_xcomargs.py for tasks to queue
[2022-07-22 22:10:17,388] {logging_mixin.py:109} INFO - [2022-07-22 22:10:17,388] {dagbag.py:500} INFO - Filling up the DagBag from /home/airflow/.local/lib/python3.7/site-packages/airflow/example_dags/example_xcomargs.py
[2022-07-22 22:10:17,411] {processor.py:654} INFO - DAG(s) dict_keys(['example_xcom_args', 'example_xcom_args_with_operators']) retrieved from /home/airflow/.local/lib/python3.7/site-packages/airflow/example_dags/example_xcomargs.py
[2022-07-22 22:10:17,635] {logging_mixin.py:109} INFO - [2022-07-22 22:10:17,635] {dag.py:2396} INFO - Sync 2 DAGs
[2022-07-22 22:10:17,645] {logging_mixin.py:109} INFO - [2022-07-22 22:10:17,645] {dag.py:2935} INFO - Setting next_dagrun for example_xcom_args to None
[2022-07-22 22:10:17,645] {logging_mixin.py:109} INFO - [2022-07-22 22:10:17,645] {dag.py:2935} INFO - Setting next_dagrun for example_xcom_args_with_operators to None
[2022-07-22 22:10:17,652] {processor.py:171} INFO - Processing /home/airflow/.local/lib/python3.7/site-packages/airflow/example_dags/example_xcomargs.py took 0.267 seconds
[2022-07-22 22:10:48,266] {processor.py:163} INFO - Started process (PID=1627) to work on /home/airflow/.local/lib/python3.7/site-packages/airflow/example_dags/example_xcomargs.py
[2022-07-22 22:10:48,267] {processor.py:642} INFO - Processing file /home/airflow/.local/lib/python3.7/site-packages/airflow/example_dags/example_xcomargs.py for tasks to queue
[2022-07-22 22:10:48,267] {logging_mixin.py:109} INFO - [2022-07-22 22:10:48,267] {dagbag.py:500} INFO - Filling up the DagBag from /home/airflow/.local/lib/python3.7/site-packages/airflow/example_dags/example_xcomargs.py
[2022-07-22 22:10:48,293] {processor.py:654} INFO - DAG(s) dict_keys(['example_xcom_args', 'example_xcom_args_with_operators']) retrieved from /home/airflow/.local/lib/python3.7/site-packages/airflow/example_dags/example_xcomargs.py
[2022-07-22 22:10:48,523] {logging_mixin.py:109} INFO - [2022-07-22 22:10:48,523] {dag.py:2396} INFO - Sync 2 DAGs
[2022-07-22 22:10:48,535] {logging_mixin.py:109} INFO - [2022-07-22 22:10:48,535] {dag.py:2935} INFO - Setting next_dagrun for example_xcom_args to None
[2022-07-22 22:10:48,535] {logging_mixin.py:109} INFO - [2022-07-22 22:10:48,535] {dag.py:2935} INFO - Setting next_dagrun for example_xcom_args_with_operators to None
[2022-07-22 22:10:48,544] {processor.py:171} INFO - Processing /home/airflow/.local/lib/python3.7/site-packages/airflow/example_dags/example_xcomargs.py took 0.279 seconds
[2022-07-22 22:11:19,000] {processor.py:163} INFO - Started process (PID=1686) to work on /home/airflow/.local/lib/python3.7/site-packages/airflow/example_dags/example_xcomargs.py
[2022-07-22 22:11:19,001] {processor.py:642} INFO - Processing file /home/airflow/.local/lib/python3.7/site-packages/airflow/example_dags/example_xcomargs.py for tasks to queue
[2022-07-22 22:11:19,001] {logging_mixin.py:109} INFO - [2022-07-22 22:11:19,001] {dagbag.py:500} INFO - Filling up the DagBag from /home/airflow/.local/lib/python3.7/site-packages/airflow/example_dags/example_xcomargs.py
[2022-07-22 22:11:19,026] {processor.py:654} INFO - DAG(s) dict_keys(['example_xcom_args', 'example_xcom_args_with_operators']) retrieved from /home/airflow/.local/lib/python3.7/site-packages/airflow/example_dags/example_xcomargs.py
[2022-07-22 22:11:19,244] {logging_mixin.py:109} INFO - [2022-07-22 22:11:19,244] {dag.py:2396} INFO - Sync 2 DAGs
[2022-07-22 22:11:19,254] {logging_mixin.py:109} INFO - [2022-07-22 22:11:19,254] {dag.py:2935} INFO - Setting next_dagrun for example_xcom_args to None
[2022-07-22 22:11:19,254] {logging_mixin.py:109} INFO - [2022-07-22 22:11:19,254] {dag.py:2935} INFO - Setting next_dagrun for example_xcom_args_with_operators to None
[2022-07-22 22:11:19,261] {processor.py:171} INFO - Processing /home/airflow/.local/lib/python3.7/site-packages/airflow/example_dags/example_xcomargs.py took 0.263 seconds
[2022-07-22 22:11:49,800] {processor.py:163} INFO - Started process (PID=1736) to work on /home/airflow/.local/lib/python3.7/site-packages/airflow/example_dags/example_xcomargs.py
[2022-07-22 22:11:49,800] {processor.py:642} INFO - Processing file /home/airflow/.local/lib/python3.7/site-packages/airflow/example_dags/example_xcomargs.py for tasks to queue
[2022-07-22 22:11:49,801] {logging_mixin.py:109} INFO - [2022-07-22 22:11:49,801] {dagbag.py:500} INFO - Filling up the DagBag from /home/airflow/.local/lib/python3.7/site-packages/airflow/example_dags/example_xcomargs.py
[2022-07-22 22:11:49,824] {processor.py:654} INFO - DAG(s) dict_keys(['example_xcom_args', 'example_xcom_args_with_operators']) retrieved from /home/airflow/.local/lib/python3.7/site-packages/airflow/example_dags/example_xcomargs.py
[2022-07-22 22:11:50,089] {logging_mixin.py:109} INFO - [2022-07-22 22:11:50,089] {dag.py:2396} INFO - Sync 2 DAGs
[2022-07-22 22:11:50,099] {logging_mixin.py:109} INFO - [2022-07-22 22:11:50,099] {dag.py:2935} INFO - Setting next_dagrun for example_xcom_args to None
[2022-07-22 22:11:50,099] {logging_mixin.py:109} INFO - [2022-07-22 22:11:50,099] {dag.py:2935} INFO - Setting next_dagrun for example_xcom_args_with_operators to None
[2022-07-22 22:11:50,106] {processor.py:171} INFO - Processing /home/airflow/.local/lib/python3.7/site-packages/airflow/example_dags/example_xcomargs.py took 0.308 seconds
[2022-07-22 22:12:20,739] {processor.py:163} INFO - Started process (PID=1795) to work on /home/airflow/.local/lib/python3.7/site-packages/airflow/example_dags/example_xcomargs.py
[2022-07-22 22:12:20,740] {processor.py:642} INFO - Processing file /home/airflow/.local/lib/python3.7/site-packages/airflow/example_dags/example_xcomargs.py for tasks to queue
[2022-07-22 22:12:20,740] {logging_mixin.py:109} INFO - [2022-07-22 22:12:20,740] {dagbag.py:500} INFO - Filling up the DagBag from /home/airflow/.local/lib/python3.7/site-packages/airflow/example_dags/example_xcomargs.py
[2022-07-22 22:12:20,766] {processor.py:654} INFO - DAG(s) dict_keys(['example_xcom_args', 'example_xcom_args_with_operators']) retrieved from /home/airflow/.local/lib/python3.7/site-packages/airflow/example_dags/example_xcomargs.py
[2022-07-22 22:12:21,044] {logging_mixin.py:109} INFO - [2022-07-22 22:12:21,044] {dag.py:2396} INFO - Sync 2 DAGs
[2022-07-22 22:12:21,055] {logging_mixin.py:109} INFO - [2022-07-22 22:12:21,054] {dag.py:2935} INFO - Setting next_dagrun for example_xcom_args to None
[2022-07-22 22:12:21,055] {logging_mixin.py:109} INFO - [2022-07-22 22:12:21,055] {dag.py:2935} INFO - Setting next_dagrun for example_xcom_args_with_operators to None
[2022-07-22 22:12:21,063] {processor.py:171} INFO - Processing /home/airflow/.local/lib/python3.7/site-packages/airflow/example_dags/example_xcomargs.py took 0.326 seconds
[2022-07-22 22:12:51,624] {processor.py:163} INFO - Started process (PID=1845) to work on /home/airflow/.local/lib/python3.7/site-packages/airflow/example_dags/example_xcomargs.py
[2022-07-22 22:12:51,625] {processor.py:642} INFO - Processing file /home/airflow/.local/lib/python3.7/site-packages/airflow/example_dags/example_xcomargs.py for tasks to queue
[2022-07-22 22:12:51,625] {logging_mixin.py:109} INFO - [2022-07-22 22:12:51,625] {dagbag.py:500} INFO - Filling up the DagBag from /home/airflow/.local/lib/python3.7/site-packages/airflow/example_dags/example_xcomargs.py
[2022-07-22 22:12:51,655] {processor.py:654} INFO - DAG(s) dict_keys(['example_xcom_args', 'example_xcom_args_with_operators']) retrieved from /home/airflow/.local/lib/python3.7/site-packages/airflow/example_dags/example_xcomargs.py
[2022-07-22 22:12:51,883] {logging_mixin.py:109} INFO - [2022-07-22 22:12:51,883] {dag.py:2396} INFO - Sync 2 DAGs
[2022-07-22 22:12:51,895] {logging_mixin.py:109} INFO - [2022-07-22 22:12:51,895] {dag.py:2935} INFO - Setting next_dagrun for example_xcom_args to None
[2022-07-22 22:12:51,896] {logging_mixin.py:109} INFO - [2022-07-22 22:12:51,896] {dag.py:2935} INFO - Setting next_dagrun for example_xcom_args_with_operators to None
[2022-07-22 22:12:51,904] {processor.py:171} INFO - Processing /home/airflow/.local/lib/python3.7/site-packages/airflow/example_dags/example_xcomargs.py took 0.282 seconds
[2022-07-22 22:13:22,338] {processor.py:163} INFO - Started process (PID=1904) to work on /home/airflow/.local/lib/python3.7/site-packages/airflow/example_dags/example_xcomargs.py
[2022-07-22 22:13:22,339] {processor.py:642} INFO - Processing file /home/airflow/.local/lib/python3.7/site-packages/airflow/example_dags/example_xcomargs.py for tasks to queue
[2022-07-22 22:13:22,340] {logging_mixin.py:109} INFO - [2022-07-22 22:13:22,339] {dagbag.py:500} INFO - Filling up the DagBag from /home/airflow/.local/lib/python3.7/site-packages/airflow/example_dags/example_xcomargs.py
[2022-07-22 22:13:22,364] {processor.py:654} INFO - DAG(s) dict_keys(['example_xcom_args', 'example_xcom_args_with_operators']) retrieved from /home/airflow/.local/lib/python3.7/site-packages/airflow/example_dags/example_xcomargs.py
[2022-07-22 22:13:22,570] {logging_mixin.py:109} INFO - [2022-07-22 22:13:22,570] {dag.py:2396} INFO - Sync 2 DAGs
[2022-07-22 22:13:22,579] {logging_mixin.py:109} INFO - [2022-07-22 22:13:22,579] {dag.py:2935} INFO - Setting next_dagrun for example_xcom_args to None
[2022-07-22 22:13:22,580] {logging_mixin.py:109} INFO - [2022-07-22 22:13:22,580] {dag.py:2935} INFO - Setting next_dagrun for example_xcom_args_with_operators to None
[2022-07-22 22:13:22,587] {processor.py:171} INFO - Processing /home/airflow/.local/lib/python3.7/site-packages/airflow/example_dags/example_xcomargs.py took 0.251 seconds
[2022-07-22 22:13:53,018] {processor.py:163} INFO - Started process (PID=1963) to work on /home/airflow/.local/lib/python3.7/site-packages/airflow/example_dags/example_xcomargs.py
[2022-07-22 22:13:53,018] {processor.py:642} INFO - Processing file /home/airflow/.local/lib/python3.7/site-packages/airflow/example_dags/example_xcomargs.py for tasks to queue
[2022-07-22 22:13:53,019] {logging_mixin.py:109} INFO - [2022-07-22 22:13:53,019] {dagbag.py:500} INFO - Filling up the DagBag from /home/airflow/.local/lib/python3.7/site-packages/airflow/example_dags/example_xcomargs.py
[2022-07-22 22:13:53,042] {processor.py:654} INFO - DAG(s) dict_keys(['example_xcom_args', 'example_xcom_args_with_operators']) retrieved from /home/airflow/.local/lib/python3.7/site-packages/airflow/example_dags/example_xcomargs.py
[2022-07-22 22:13:53,262] {logging_mixin.py:109} INFO - [2022-07-22 22:13:53,261] {dag.py:2396} INFO - Sync 2 DAGs
[2022-07-22 22:13:53,271] {logging_mixin.py:109} INFO - [2022-07-22 22:13:53,271] {dag.py:2935} INFO - Setting next_dagrun for example_xcom_args to None
[2022-07-22 22:13:53,271] {logging_mixin.py:109} INFO - [2022-07-22 22:13:53,271] {dag.py:2935} INFO - Setting next_dagrun for example_xcom_args_with_operators to None
[2022-07-22 22:13:53,278] {processor.py:171} INFO - Processing /home/airflow/.local/lib/python3.7/site-packages/airflow/example_dags/example_xcomargs.py took 0.262 seconds
[2022-07-22 22:14:23,645] {processor.py:163} INFO - Started process (PID=2013) to work on /home/airflow/.local/lib/python3.7/site-packages/airflow/example_dags/example_xcomargs.py
[2022-07-22 22:14:23,646] {processor.py:642} INFO - Processing file /home/airflow/.local/lib/python3.7/site-packages/airflow/example_dags/example_xcomargs.py for tasks to queue
[2022-07-22 22:14:23,646] {logging_mixin.py:109} INFO - [2022-07-22 22:14:23,646] {dagbag.py:500} INFO - Filling up the DagBag from /home/airflow/.local/lib/python3.7/site-packages/airflow/example_dags/example_xcomargs.py
[2022-07-22 22:14:23,668] {processor.py:654} INFO - DAG(s) dict_keys(['example_xcom_args', 'example_xcom_args_with_operators']) retrieved from /home/airflow/.local/lib/python3.7/site-packages/airflow/example_dags/example_xcomargs.py
[2022-07-22 22:14:23,886] {logging_mixin.py:109} INFO - [2022-07-22 22:14:23,886] {dag.py:2396} INFO - Sync 2 DAGs
[2022-07-22 22:14:23,896] {logging_mixin.py:109} INFO - [2022-07-22 22:14:23,896] {dag.py:2935} INFO - Setting next_dagrun for example_xcom_args to None
[2022-07-22 22:14:23,897] {logging_mixin.py:109} INFO - [2022-07-22 22:14:23,897] {dag.py:2935} INFO - Setting next_dagrun for example_xcom_args_with_operators to None
[2022-07-22 22:14:23,903] {processor.py:171} INFO - Processing /home/airflow/.local/lib/python3.7/site-packages/airflow/example_dags/example_xcomargs.py took 0.261 seconds
[2022-07-22 22:14:54,234] {processor.py:163} INFO - Started process (PID=2073) to work on /home/airflow/.local/lib/python3.7/site-packages/airflow/example_dags/example_xcomargs.py
[2022-07-22 22:14:54,235] {processor.py:642} INFO - Processing file /home/airflow/.local/lib/python3.7/site-packages/airflow/example_dags/example_xcomargs.py for tasks to queue
[2022-07-22 22:14:54,235] {logging_mixin.py:109} INFO - [2022-07-22 22:14:54,235] {dagbag.py:500} INFO - Filling up the DagBag from /home/airflow/.local/lib/python3.7/site-packages/airflow/example_dags/example_xcomargs.py
[2022-07-22 22:14:54,260] {processor.py:654} INFO - DAG(s) dict_keys(['example_xcom_args', 'example_xcom_args_with_operators']) retrieved from /home/airflow/.local/lib/python3.7/site-packages/airflow/example_dags/example_xcomargs.py
[2022-07-22 22:14:54,482] {logging_mixin.py:109} INFO - [2022-07-22 22:14:54,482] {dag.py:2396} INFO - Sync 2 DAGs
[2022-07-22 22:14:54,492] {logging_mixin.py:109} INFO - [2022-07-22 22:14:54,492] {dag.py:2935} INFO - Setting next_dagrun for example_xcom_args to None
[2022-07-22 22:14:54,492] {logging_mixin.py:109} INFO - [2022-07-22 22:14:54,492] {dag.py:2935} INFO - Setting next_dagrun for example_xcom_args_with_operators to None
[2022-07-22 22:14:54,499] {processor.py:171} INFO - Processing /home/airflow/.local/lib/python3.7/site-packages/airflow/example_dags/example_xcomargs.py took 0.268 seconds
[2022-07-22 22:15:24,865] {processor.py:163} INFO - Started process (PID=2123) to work on /home/airflow/.local/lib/python3.7/site-packages/airflow/example_dags/example_xcomargs.py
[2022-07-22 22:15:24,866] {processor.py:642} INFO - Processing file /home/airflow/.local/lib/python3.7/site-packages/airflow/example_dags/example_xcomargs.py for tasks to queue
[2022-07-22 22:15:24,866] {logging_mixin.py:109} INFO - [2022-07-22 22:15:24,866] {dagbag.py:500} INFO - Filling up the DagBag from /home/airflow/.local/lib/python3.7/site-packages/airflow/example_dags/example_xcomargs.py
[2022-07-22 22:15:24,889] {processor.py:654} INFO - DAG(s) dict_keys(['example_xcom_args', 'example_xcom_args_with_operators']) retrieved from /home/airflow/.local/lib/python3.7/site-packages/airflow/example_dags/example_xcomargs.py
[2022-07-22 22:15:25,098] {logging_mixin.py:109} INFO - [2022-07-22 22:15:25,098] {dag.py:2396} INFO - Sync 2 DAGs
[2022-07-22 22:15:25,108] {logging_mixin.py:109} INFO - [2022-07-22 22:15:25,108] {dag.py:2935} INFO - Setting next_dagrun for example_xcom_args to None
[2022-07-22 22:15:25,109] {logging_mixin.py:109} INFO - [2022-07-22 22:15:25,109] {dag.py:2935} INFO - Setting next_dagrun for example_xcom_args_with_operators to None
[2022-07-22 22:15:25,116] {processor.py:171} INFO - Processing /home/airflow/.local/lib/python3.7/site-packages/airflow/example_dags/example_xcomargs.py took 0.252 seconds
[2022-07-22 22:15:55,594] {processor.py:163} INFO - Started process (PID=2182) to work on /home/airflow/.local/lib/python3.7/site-packages/airflow/example_dags/example_xcomargs.py
[2022-07-22 22:15:55,595] {processor.py:642} INFO - Processing file /home/airflow/.local/lib/python3.7/site-packages/airflow/example_dags/example_xcomargs.py for tasks to queue
[2022-07-22 22:15:55,595] {logging_mixin.py:109} INFO - [2022-07-22 22:15:55,595] {dagbag.py:500} INFO - Filling up the DagBag from /home/airflow/.local/lib/python3.7/site-packages/airflow/example_dags/example_xcomargs.py
[2022-07-22 22:15:55,617] {processor.py:654} INFO - DAG(s) dict_keys(['example_xcom_args', 'example_xcom_args_with_operators']) retrieved from /home/airflow/.local/lib/python3.7/site-packages/airflow/example_dags/example_xcomargs.py
[2022-07-22 22:15:55,831] {logging_mixin.py:109} INFO - [2022-07-22 22:15:55,831] {dag.py:2396} INFO - Sync 2 DAGs
[2022-07-22 22:15:55,841] {logging_mixin.py:109} INFO - [2022-07-22 22:15:55,841] {dag.py:2935} INFO - Setting next_dagrun for example_xcom_args to None
[2022-07-22 22:15:55,841] {logging_mixin.py:109} INFO - [2022-07-22 22:15:55,841] {dag.py:2935} INFO - Setting next_dagrun for example_xcom_args_with_operators to None
[2022-07-22 22:15:55,849] {processor.py:171} INFO - Processing /home/airflow/.local/lib/python3.7/site-packages/airflow/example_dags/example_xcomargs.py took 0.257 seconds
[2022-07-22 22:16:26,258] {processor.py:163} INFO - Started process (PID=2241) to work on /home/airflow/.local/lib/python3.7/site-packages/airflow/example_dags/example_xcomargs.py
[2022-07-22 22:16:26,259] {processor.py:642} INFO - Processing file /home/airflow/.local/lib/python3.7/site-packages/airflow/example_dags/example_xcomargs.py for tasks to queue
[2022-07-22 22:16:26,260] {logging_mixin.py:109} INFO - [2022-07-22 22:16:26,260] {dagbag.py:500} INFO - Filling up the DagBag from /home/airflow/.local/lib/python3.7/site-packages/airflow/example_dags/example_xcomargs.py
[2022-07-22 22:16:26,284] {processor.py:654} INFO - DAG(s) dict_keys(['example_xcom_args', 'example_xcom_args_with_operators']) retrieved from /home/airflow/.local/lib/python3.7/site-packages/airflow/example_dags/example_xcomargs.py
[2022-07-22 22:16:26,509] {logging_mixin.py:109} INFO - [2022-07-22 22:16:26,509] {dag.py:2396} INFO - Sync 2 DAGs
[2022-07-22 22:16:26,520] {logging_mixin.py:109} INFO - [2022-07-22 22:16:26,520] {dag.py:2935} INFO - Setting next_dagrun for example_xcom_args to None
[2022-07-22 22:16:26,520] {logging_mixin.py:109} INFO - [2022-07-22 22:16:26,520] {dag.py:2935} INFO - Setting next_dagrun for example_xcom_args_with_operators to None
[2022-07-22 22:16:26,527] {processor.py:171} INFO - Processing /home/airflow/.local/lib/python3.7/site-packages/airflow/example_dags/example_xcomargs.py took 0.271 seconds
[2022-07-22 22:16:56,581] {processor.py:163} INFO - Started process (PID=2291) to work on /home/airflow/.local/lib/python3.7/site-packages/airflow/example_dags/example_xcomargs.py
[2022-07-22 22:16:56,582] {processor.py:642} INFO - Processing file /home/airflow/.local/lib/python3.7/site-packages/airflow/example_dags/example_xcomargs.py for tasks to queue
[2022-07-22 22:16:56,582] {logging_mixin.py:109} INFO - [2022-07-22 22:16:56,582] {dagbag.py:500} INFO - Filling up the DagBag from /home/airflow/.local/lib/python3.7/site-packages/airflow/example_dags/example_xcomargs.py
[2022-07-22 22:16:56,606] {processor.py:654} INFO - DAG(s) dict_keys(['example_xcom_args', 'example_xcom_args_with_operators']) retrieved from /home/airflow/.local/lib/python3.7/site-packages/airflow/example_dags/example_xcomargs.py
[2022-07-22 22:16:56,842] {logging_mixin.py:109} INFO - [2022-07-22 22:16:56,842] {dag.py:2396} INFO - Sync 2 DAGs
[2022-07-22 22:16:56,852] {logging_mixin.py:109} INFO - [2022-07-22 22:16:56,852] {dag.py:2935} INFO - Setting next_dagrun for example_xcom_args to None
[2022-07-22 22:16:56,852] {logging_mixin.py:109} INFO - [2022-07-22 22:16:56,852] {dag.py:2935} INFO - Setting next_dagrun for example_xcom_args_with_operators to None
[2022-07-22 22:16:56,859] {processor.py:171} INFO - Processing /home/airflow/.local/lib/python3.7/site-packages/airflow/example_dags/example_xcomargs.py took 0.281 seconds
[2022-07-22 22:17:27,341] {processor.py:163} INFO - Started process (PID=2350) to work on /home/airflow/.local/lib/python3.7/site-packages/airflow/example_dags/example_xcomargs.py
[2022-07-22 22:17:27,342] {processor.py:642} INFO - Processing file /home/airflow/.local/lib/python3.7/site-packages/airflow/example_dags/example_xcomargs.py for tasks to queue
[2022-07-22 22:17:27,342] {logging_mixin.py:109} INFO - [2022-07-22 22:17:27,342] {dagbag.py:500} INFO - Filling up the DagBag from /home/airflow/.local/lib/python3.7/site-packages/airflow/example_dags/example_xcomargs.py
[2022-07-22 22:17:27,364] {processor.py:654} INFO - DAG(s) dict_keys(['example_xcom_args', 'example_xcom_args_with_operators']) retrieved from /home/airflow/.local/lib/python3.7/site-packages/airflow/example_dags/example_xcomargs.py
[2022-07-22 22:17:27,579] {logging_mixin.py:109} INFO - [2022-07-22 22:17:27,579] {dag.py:2396} INFO - Sync 2 DAGs
[2022-07-22 22:17:27,590] {logging_mixin.py:109} INFO - [2022-07-22 22:17:27,590] {dag.py:2935} INFO - Setting next_dagrun for example_xcom_args to None
[2022-07-22 22:17:27,591] {logging_mixin.py:109} INFO - [2022-07-22 22:17:27,591] {dag.py:2935} INFO - Setting next_dagrun for example_xcom_args_with_operators to None
[2022-07-22 22:17:27,598] {processor.py:171} INFO - Processing /home/airflow/.local/lib/python3.7/site-packages/airflow/example_dags/example_xcomargs.py took 0.259 seconds
[2022-07-22 22:17:58,032] {processor.py:163} INFO - Started process (PID=2400) to work on /home/airflow/.local/lib/python3.7/site-packages/airflow/example_dags/example_xcomargs.py
[2022-07-22 22:17:58,033] {processor.py:642} INFO - Processing file /home/airflow/.local/lib/python3.7/site-packages/airflow/example_dags/example_xcomargs.py for tasks to queue
[2022-07-22 22:17:58,033] {logging_mixin.py:109} INFO - [2022-07-22 22:17:58,033] {dagbag.py:500} INFO - Filling up the DagBag from /home/airflow/.local/lib/python3.7/site-packages/airflow/example_dags/example_xcomargs.py
[2022-07-22 22:17:58,056] {processor.py:654} INFO - DAG(s) dict_keys(['example_xcom_args', 'example_xcom_args_with_operators']) retrieved from /home/airflow/.local/lib/python3.7/site-packages/airflow/example_dags/example_xcomargs.py
[2022-07-22 22:17:58,273] {logging_mixin.py:109} INFO - [2022-07-22 22:17:58,273] {dag.py:2396} INFO - Sync 2 DAGs
[2022-07-22 22:17:58,283] {logging_mixin.py:109} INFO - [2022-07-22 22:17:58,283] {dag.py:2935} INFO - Setting next_dagrun for example_xcom_args to None
[2022-07-22 22:17:58,283] {logging_mixin.py:109} INFO - [2022-07-22 22:17:58,283] {dag.py:2935} INFO - Setting next_dagrun for example_xcom_args_with_operators to None
[2022-07-22 22:17:58,290] {processor.py:171} INFO - Processing /home/airflow/.local/lib/python3.7/site-packages/airflow/example_dags/example_xcomargs.py took 0.259 seconds
[2022-07-22 22:18:28,730] {processor.py:163} INFO - Started process (PID=2459) to work on /home/airflow/.local/lib/python3.7/site-packages/airflow/example_dags/example_xcomargs.py
[2022-07-22 22:18:28,731] {processor.py:642} INFO - Processing file /home/airflow/.local/lib/python3.7/site-packages/airflow/example_dags/example_xcomargs.py for tasks to queue
[2022-07-22 22:18:28,731] {logging_mixin.py:109} INFO - [2022-07-22 22:18:28,731] {dagbag.py:500} INFO - Filling up the DagBag from /home/airflow/.local/lib/python3.7/site-packages/airflow/example_dags/example_xcomargs.py
[2022-07-22 22:18:28,751] {processor.py:654} INFO - DAG(s) dict_keys(['example_xcom_args', 'example_xcom_args_with_operators']) retrieved from /home/airflow/.local/lib/python3.7/site-packages/airflow/example_dags/example_xcomargs.py
[2022-07-22 22:18:28,961] {logging_mixin.py:109} INFO - [2022-07-22 22:18:28,961] {dag.py:2396} INFO - Sync 2 DAGs
[2022-07-22 22:18:28,970] {logging_mixin.py:109} INFO - [2022-07-22 22:18:28,970] {dag.py:2935} INFO - Setting next_dagrun for example_xcom_args to None
[2022-07-22 22:18:28,970] {logging_mixin.py:109} INFO - [2022-07-22 22:18:28,970] {dag.py:2935} INFO - Setting next_dagrun for example_xcom_args_with_operators to None
[2022-07-22 22:18:28,977] {processor.py:171} INFO - Processing /home/airflow/.local/lib/python3.7/site-packages/airflow/example_dags/example_xcomargs.py took 0.249 seconds
[2022-07-22 22:18:59,587] {processor.py:163} INFO - Started process (PID=2516) to work on /home/airflow/.local/lib/python3.7/site-packages/airflow/example_dags/example_xcomargs.py
[2022-07-22 22:18:59,588] {processor.py:642} INFO - Processing file /home/airflow/.local/lib/python3.7/site-packages/airflow/example_dags/example_xcomargs.py for tasks to queue
[2022-07-22 22:18:59,589] {logging_mixin.py:109} INFO - [2022-07-22 22:18:59,588] {dagbag.py:500} INFO - Filling up the DagBag from /home/airflow/.local/lib/python3.7/site-packages/airflow/example_dags/example_xcomargs.py
[2022-07-22 22:18:59,612] {processor.py:654} INFO - DAG(s) dict_keys(['example_xcom_args', 'example_xcom_args_with_operators']) retrieved from /home/airflow/.local/lib/python3.7/site-packages/airflow/example_dags/example_xcomargs.py
[2022-07-22 22:18:59,831] {logging_mixin.py:109} INFO - [2022-07-22 22:18:59,831] {dag.py:2396} INFO - Sync 2 DAGs
[2022-07-22 22:18:59,841] {logging_mixin.py:109} INFO - [2022-07-22 22:18:59,841] {dag.py:2935} INFO - Setting next_dagrun for example_xcom_args to None
[2022-07-22 22:18:59,841] {logging_mixin.py:109} INFO - [2022-07-22 22:18:59,841] {dag.py:2935} INFO - Setting next_dagrun for example_xcom_args_with_operators to None
[2022-07-22 22:18:59,850] {processor.py:171} INFO - Processing /home/airflow/.local/lib/python3.7/site-packages/airflow/example_dags/example_xcomargs.py took 0.265 seconds
[2022-07-22 22:19:30,289] {processor.py:163} INFO - Started process (PID=2568) to work on /home/airflow/.local/lib/python3.7/site-packages/airflow/example_dags/example_xcomargs.py
[2022-07-22 22:19:30,290] {processor.py:642} INFO - Processing file /home/airflow/.local/lib/python3.7/site-packages/airflow/example_dags/example_xcomargs.py for tasks to queue
[2022-07-22 22:19:30,290] {logging_mixin.py:109} INFO - [2022-07-22 22:19:30,290] {dagbag.py:500} INFO - Filling up the DagBag from /home/airflow/.local/lib/python3.7/site-packages/airflow/example_dags/example_xcomargs.py
[2022-07-22 22:19:30,312] {processor.py:654} INFO - DAG(s) dict_keys(['example_xcom_args', 'example_xcom_args_with_operators']) retrieved from /home/airflow/.local/lib/python3.7/site-packages/airflow/example_dags/example_xcomargs.py
[2022-07-22 22:19:30,534] {logging_mixin.py:109} INFO - [2022-07-22 22:19:30,534] {dag.py:2396} INFO - Sync 2 DAGs
[2022-07-22 22:19:30,544] {logging_mixin.py:109} INFO - [2022-07-22 22:19:30,544] {dag.py:2935} INFO - Setting next_dagrun for example_xcom_args to None
[2022-07-22 22:19:30,545] {logging_mixin.py:109} INFO - [2022-07-22 22:19:30,545] {dag.py:2935} INFO - Setting next_dagrun for example_xcom_args_with_operators to None
[2022-07-22 22:19:30,551] {processor.py:171} INFO - Processing /home/airflow/.local/lib/python3.7/site-packages/airflow/example_dags/example_xcomargs.py took 0.264 seconds
[2022-07-22 22:20:01,477] {processor.py:163} INFO - Started process (PID=2627) to work on /home/airflow/.local/lib/python3.7/site-packages/airflow/example_dags/example_xcomargs.py
[2022-07-22 22:20:01,478] {processor.py:642} INFO - Processing file /home/airflow/.local/lib/python3.7/site-packages/airflow/example_dags/example_xcomargs.py for tasks to queue
[2022-07-22 22:20:01,478] {logging_mixin.py:109} INFO - [2022-07-22 22:20:01,478] {dagbag.py:500} INFO - Filling up the DagBag from /home/airflow/.local/lib/python3.7/site-packages/airflow/example_dags/example_xcomargs.py
[2022-07-22 22:20:01,498] {processor.py:654} INFO - DAG(s) dict_keys(['example_xcom_args', 'example_xcom_args_with_operators']) retrieved from /home/airflow/.local/lib/python3.7/site-packages/airflow/example_dags/example_xcomargs.py
[2022-07-22 22:20:01,711] {logging_mixin.py:109} INFO - [2022-07-22 22:20:01,711] {dag.py:2396} INFO - Sync 2 DAGs
[2022-07-22 22:20:01,721] {logging_mixin.py:109} INFO - [2022-07-22 22:20:01,721] {dag.py:2935} INFO - Setting next_dagrun for example_xcom_args to None
[2022-07-22 22:20:01,721] {logging_mixin.py:109} INFO - [2022-07-22 22:20:01,721] {dag.py:2935} INFO - Setting next_dagrun for example_xcom_args_with_operators to None
[2022-07-22 22:20:01,728] {processor.py:171} INFO - Processing /home/airflow/.local/lib/python3.7/site-packages/airflow/example_dags/example_xcomargs.py took 0.253 seconds
[2022-07-22 22:20:31,781] {processor.py:163} INFO - Started process (PID=2678) to work on /home/airflow/.local/lib/python3.7/site-packages/airflow/example_dags/example_xcomargs.py
[2022-07-22 22:20:31,782] {processor.py:642} INFO - Processing file /home/airflow/.local/lib/python3.7/site-packages/airflow/example_dags/example_xcomargs.py for tasks to queue
[2022-07-22 22:20:31,782] {logging_mixin.py:109} INFO - [2022-07-22 22:20:31,782] {dagbag.py:500} INFO - Filling up the DagBag from /home/airflow/.local/lib/python3.7/site-packages/airflow/example_dags/example_xcomargs.py
[2022-07-22 22:20:31,804] {processor.py:654} INFO - DAG(s) dict_keys(['example_xcom_args', 'example_xcom_args_with_operators']) retrieved from /home/airflow/.local/lib/python3.7/site-packages/airflow/example_dags/example_xcomargs.py
[2022-07-22 22:20:32,019] {logging_mixin.py:109} INFO - [2022-07-22 22:20:32,019] {dag.py:2396} INFO - Sync 2 DAGs
[2022-07-22 22:20:32,030] {logging_mixin.py:109} INFO - [2022-07-22 22:20:32,030] {dag.py:2935} INFO - Setting next_dagrun for example_xcom_args to None
[2022-07-22 22:20:32,031] {logging_mixin.py:109} INFO - [2022-07-22 22:20:32,031] {dag.py:2935} INFO - Setting next_dagrun for example_xcom_args_with_operators to None
[2022-07-22 22:20:32,037] {processor.py:171} INFO - Processing /home/airflow/.local/lib/python3.7/site-packages/airflow/example_dags/example_xcomargs.py took 0.259 seconds
[2022-07-22 22:21:02,219] {processor.py:163} INFO - Started process (PID=2738) to work on /home/airflow/.local/lib/python3.7/site-packages/airflow/example_dags/example_xcomargs.py
[2022-07-22 22:21:02,220] {processor.py:642} INFO - Processing file /home/airflow/.local/lib/python3.7/site-packages/airflow/example_dags/example_xcomargs.py for tasks to queue
[2022-07-22 22:21:02,220] {logging_mixin.py:109} INFO - [2022-07-22 22:21:02,220] {dagbag.py:500} INFO - Filling up the DagBag from /home/airflow/.local/lib/python3.7/site-packages/airflow/example_dags/example_xcomargs.py
[2022-07-22 22:21:02,243] {processor.py:654} INFO - DAG(s) dict_keys(['example_xcom_args', 'example_xcom_args_with_operators']) retrieved from /home/airflow/.local/lib/python3.7/site-packages/airflow/example_dags/example_xcomargs.py
[2022-07-22 22:21:02,444] {logging_mixin.py:109} INFO - [2022-07-22 22:21:02,444] {dag.py:2396} INFO - Sync 2 DAGs
[2022-07-22 22:21:02,454] {logging_mixin.py:109} INFO - [2022-07-22 22:21:02,454] {dag.py:2935} INFO - Setting next_dagrun for example_xcom_args to None
[2022-07-22 22:21:02,455] {logging_mixin.py:109} INFO - [2022-07-22 22:21:02,455] {dag.py:2935} INFO - Setting next_dagrun for example_xcom_args_with_operators to None
[2022-07-22 22:21:02,462] {processor.py:171} INFO - Processing /home/airflow/.local/lib/python3.7/site-packages/airflow/example_dags/example_xcomargs.py took 0.244 seconds
[2022-07-22 22:21:32,808] {processor.py:163} INFO - Started process (PID=2787) to work on /home/airflow/.local/lib/python3.7/site-packages/airflow/example_dags/example_xcomargs.py
[2022-07-22 22:21:32,809] {processor.py:642} INFO - Processing file /home/airflow/.local/lib/python3.7/site-packages/airflow/example_dags/example_xcomargs.py for tasks to queue
[2022-07-22 22:21:32,809] {logging_mixin.py:109} INFO - [2022-07-22 22:21:32,809] {dagbag.py:500} INFO - Filling up the DagBag from /home/airflow/.local/lib/python3.7/site-packages/airflow/example_dags/example_xcomargs.py
[2022-07-22 22:21:32,830] {processor.py:654} INFO - DAG(s) dict_keys(['example_xcom_args', 'example_xcom_args_with_operators']) retrieved from /home/airflow/.local/lib/python3.7/site-packages/airflow/example_dags/example_xcomargs.py
[2022-07-22 22:21:33,044] {logging_mixin.py:109} INFO - [2022-07-22 22:21:33,044] {dag.py:2396} INFO - Sync 2 DAGs
[2022-07-22 22:21:33,056] {logging_mixin.py:109} INFO - [2022-07-22 22:21:33,056] {dag.py:2935} INFO - Setting next_dagrun for example_xcom_args to None
[2022-07-22 22:21:33,057] {logging_mixin.py:109} INFO - [2022-07-22 22:21:33,056] {dag.py:2935} INFO - Setting next_dagrun for example_xcom_args_with_operators to None
[2022-07-22 22:21:33,064] {processor.py:171} INFO - Processing /home/airflow/.local/lib/python3.7/site-packages/airflow/example_dags/example_xcomargs.py took 0.258 seconds
[2022-07-22 22:22:03,464] {processor.py:163} INFO - Started process (PID=2845) to work on /home/airflow/.local/lib/python3.7/site-packages/airflow/example_dags/example_xcomargs.py
[2022-07-22 22:22:03,465] {processor.py:642} INFO - Processing file /home/airflow/.local/lib/python3.7/site-packages/airflow/example_dags/example_xcomargs.py for tasks to queue
[2022-07-22 22:22:03,466] {logging_mixin.py:109} INFO - [2022-07-22 22:22:03,466] {dagbag.py:500} INFO - Filling up the DagBag from /home/airflow/.local/lib/python3.7/site-packages/airflow/example_dags/example_xcomargs.py
[2022-07-22 22:22:03,552] {processor.py:654} INFO - DAG(s) dict_keys(['example_xcom_args', 'example_xcom_args_with_operators']) retrieved from /home/airflow/.local/lib/python3.7/site-packages/airflow/example_dags/example_xcomargs.py
[2022-07-22 22:22:03,693] {logging_mixin.py:109} INFO - [2022-07-22 22:22:03,693] {dag.py:2396} INFO - Sync 2 DAGs
[2022-07-22 22:22:03,703] {logging_mixin.py:109} INFO - [2022-07-22 22:22:03,703] {dag.py:2935} INFO - Setting next_dagrun for example_xcom_args to None
[2022-07-22 22:22:03,703] {logging_mixin.py:109} INFO - [2022-07-22 22:22:03,703] {dag.py:2935} INFO - Setting next_dagrun for example_xcom_args_with_operators to None
[2022-07-22 22:22:03,710] {processor.py:171} INFO - Processing /home/airflow/.local/lib/python3.7/site-packages/airflow/example_dags/example_xcomargs.py took 0.248 seconds
[2022-07-22 22:22:34,252] {processor.py:163} INFO - Started process (PID=2904) to work on /home/airflow/.local/lib/python3.7/site-packages/airflow/example_dags/example_xcomargs.py
[2022-07-22 22:22:34,252] {processor.py:642} INFO - Processing file /home/airflow/.local/lib/python3.7/site-packages/airflow/example_dags/example_xcomargs.py for tasks to queue
[2022-07-22 22:22:34,253] {logging_mixin.py:109} INFO - [2022-07-22 22:22:34,253] {dagbag.py:500} INFO - Filling up the DagBag from /home/airflow/.local/lib/python3.7/site-packages/airflow/example_dags/example_xcomargs.py
[2022-07-22 22:22:34,348] {processor.py:654} INFO - DAG(s) dict_keys(['example_xcom_args', 'example_xcom_args_with_operators']) retrieved from /home/airflow/.local/lib/python3.7/site-packages/airflow/example_dags/example_xcomargs.py
[2022-07-22 22:22:34,492] {logging_mixin.py:109} INFO - [2022-07-22 22:22:34,492] {dag.py:2396} INFO - Sync 2 DAGs
[2022-07-22 22:22:34,501] {logging_mixin.py:109} INFO - [2022-07-22 22:22:34,501] {dag.py:2935} INFO - Setting next_dagrun for example_xcom_args to None
[2022-07-22 22:22:34,501] {logging_mixin.py:109} INFO - [2022-07-22 22:22:34,501] {dag.py:2935} INFO - Setting next_dagrun for example_xcom_args_with_operators to None
[2022-07-22 22:22:34,508] {processor.py:171} INFO - Processing /home/airflow/.local/lib/python3.7/site-packages/airflow/example_dags/example_xcomargs.py took 0.258 seconds
[2022-07-22 22:23:04,845] {processor.py:163} INFO - Started process (PID=2954) to work on /home/airflow/.local/lib/python3.7/site-packages/airflow/example_dags/example_xcomargs.py
[2022-07-22 22:23:04,846] {processor.py:642} INFO - Processing file /home/airflow/.local/lib/python3.7/site-packages/airflow/example_dags/example_xcomargs.py for tasks to queue
[2022-07-22 22:23:04,846] {logging_mixin.py:109} INFO - [2022-07-22 22:23:04,846] {dagbag.py:500} INFO - Filling up the DagBag from /home/airflow/.local/lib/python3.7/site-packages/airflow/example_dags/example_xcomargs.py
[2022-07-22 22:23:04,933] {processor.py:654} INFO - DAG(s) dict_keys(['example_xcom_args', 'example_xcom_args_with_operators']) retrieved from /home/airflow/.local/lib/python3.7/site-packages/airflow/example_dags/example_xcomargs.py
[2022-07-22 22:23:05,074] {logging_mixin.py:109} INFO - [2022-07-22 22:23:05,074] {dag.py:2396} INFO - Sync 2 DAGs
[2022-07-22 22:23:05,084] {logging_mixin.py:109} INFO - [2022-07-22 22:23:05,084] {dag.py:2935} INFO - Setting next_dagrun for example_xcom_args to None
[2022-07-22 22:23:05,085] {logging_mixin.py:109} INFO - [2022-07-22 22:23:05,085] {dag.py:2935} INFO - Setting next_dagrun for example_xcom_args_with_operators to None
[2022-07-22 22:23:05,092] {processor.py:171} INFO - Processing /home/airflow/.local/lib/python3.7/site-packages/airflow/example_dags/example_xcomargs.py took 0.249 seconds
[2022-07-22 22:23:35,504] {processor.py:163} INFO - Started process (PID=3013) to work on /home/airflow/.local/lib/python3.7/site-packages/airflow/example_dags/example_xcomargs.py
[2022-07-22 22:23:35,504] {processor.py:642} INFO - Processing file /home/airflow/.local/lib/python3.7/site-packages/airflow/example_dags/example_xcomargs.py for tasks to queue
[2022-07-22 22:23:35,505] {logging_mixin.py:109} INFO - [2022-07-22 22:23:35,505] {dagbag.py:500} INFO - Filling up the DagBag from /home/airflow/.local/lib/python3.7/site-packages/airflow/example_dags/example_xcomargs.py
[2022-07-22 22:23:35,593] {processor.py:654} INFO - DAG(s) dict_keys(['example_xcom_args', 'example_xcom_args_with_operators']) retrieved from /home/airflow/.local/lib/python3.7/site-packages/airflow/example_dags/example_xcomargs.py
[2022-07-22 22:23:35,730] {logging_mixin.py:109} INFO - [2022-07-22 22:23:35,730] {dag.py:2396} INFO - Sync 2 DAGs
[2022-07-22 22:23:35,740] {logging_mixin.py:109} INFO - [2022-07-22 22:23:35,740] {dag.py:2935} INFO - Setting next_dagrun for example_xcom_args to None
[2022-07-22 22:23:35,740] {logging_mixin.py:109} INFO - [2022-07-22 22:23:35,740] {dag.py:2935} INFO - Setting next_dagrun for example_xcom_args_with_operators to None
[2022-07-22 22:23:35,747] {processor.py:171} INFO - Processing /home/airflow/.local/lib/python3.7/site-packages/airflow/example_dags/example_xcomargs.py took 0.245 seconds
[2022-07-22 22:24:06,456] {processor.py:163} INFO - Started process (PID=3063) to work on /home/airflow/.local/lib/python3.7/site-packages/airflow/example_dags/example_xcomargs.py
[2022-07-22 22:24:06,457] {processor.py:642} INFO - Processing file /home/airflow/.local/lib/python3.7/site-packages/airflow/example_dags/example_xcomargs.py for tasks to queue
[2022-07-22 22:24:06,457] {logging_mixin.py:109} INFO - [2022-07-22 22:24:06,457] {dagbag.py:500} INFO - Filling up the DagBag from /home/airflow/.local/lib/python3.7/site-packages/airflow/example_dags/example_xcomargs.py
[2022-07-22 22:24:06,555] {processor.py:654} INFO - DAG(s) dict_keys(['example_xcom_args', 'example_xcom_args_with_operators']) retrieved from /home/airflow/.local/lib/python3.7/site-packages/airflow/example_dags/example_xcomargs.py
[2022-07-22 22:24:06,727] {logging_mixin.py:109} INFO - [2022-07-22 22:24:06,727] {dag.py:2396} INFO - Sync 2 DAGs
[2022-07-22 22:24:06,739] {logging_mixin.py:109} INFO - [2022-07-22 22:24:06,739] {dag.py:2935} INFO - Setting next_dagrun for example_xcom_args to None
[2022-07-22 22:24:06,739] {logging_mixin.py:109} INFO - [2022-07-22 22:24:06,739] {dag.py:2935} INFO - Setting next_dagrun for example_xcom_args_with_operators to None
[2022-07-22 22:24:06,748] {processor.py:171} INFO - Processing /home/airflow/.local/lib/python3.7/site-packages/airflow/example_dags/example_xcomargs.py took 0.294 seconds
[2022-07-22 22:24:37,063] {processor.py:163} INFO - Started process (PID=3122) to work on /home/airflow/.local/lib/python3.7/site-packages/airflow/example_dags/example_xcomargs.py
[2022-07-22 22:24:37,064] {processor.py:642} INFO - Processing file /home/airflow/.local/lib/python3.7/site-packages/airflow/example_dags/example_xcomargs.py for tasks to queue
[2022-07-22 22:24:37,064] {logging_mixin.py:109} INFO - [2022-07-22 22:24:37,064] {dagbag.py:500} INFO - Filling up the DagBag from /home/airflow/.local/lib/python3.7/site-packages/airflow/example_dags/example_xcomargs.py
[2022-07-22 22:24:37,152] {processor.py:654} INFO - DAG(s) dict_keys(['example_xcom_args', 'example_xcom_args_with_operators']) retrieved from /home/airflow/.local/lib/python3.7/site-packages/airflow/example_dags/example_xcomargs.py
[2022-07-22 22:24:37,293] {logging_mixin.py:109} INFO - [2022-07-22 22:24:37,292] {dag.py:2396} INFO - Sync 2 DAGs
[2022-07-22 22:24:37,303] {logging_mixin.py:109} INFO - [2022-07-22 22:24:37,302] {dag.py:2935} INFO - Setting next_dagrun for example_xcom_args to None
[2022-07-22 22:24:37,303] {logging_mixin.py:109} INFO - [2022-07-22 22:24:37,303] {dag.py:2935} INFO - Setting next_dagrun for example_xcom_args_with_operators to None
[2022-07-22 22:24:37,310] {processor.py:171} INFO - Processing /home/airflow/.local/lib/python3.7/site-packages/airflow/example_dags/example_xcomargs.py took 0.249 seconds
[2022-07-22 22:25:07,784] {processor.py:163} INFO - Started process (PID=3180) to work on /home/airflow/.local/lib/python3.7/site-packages/airflow/example_dags/example_xcomargs.py
[2022-07-22 22:25:07,785] {processor.py:642} INFO - Processing file /home/airflow/.local/lib/python3.7/site-packages/airflow/example_dags/example_xcomargs.py for tasks to queue
[2022-07-22 22:25:07,785] {logging_mixin.py:109} INFO - [2022-07-22 22:25:07,785] {dagbag.py:500} INFO - Filling up the DagBag from /home/airflow/.local/lib/python3.7/site-packages/airflow/example_dags/example_xcomargs.py
[2022-07-22 22:25:07,876] {processor.py:654} INFO - DAG(s) dict_keys(['example_xcom_args', 'example_xcom_args_with_operators']) retrieved from /home/airflow/.local/lib/python3.7/site-packages/airflow/example_dags/example_xcomargs.py
[2022-07-22 22:25:08,022] {logging_mixin.py:109} INFO - [2022-07-22 22:25:08,022] {dag.py:2396} INFO - Sync 2 DAGs
[2022-07-22 22:25:08,033] {logging_mixin.py:109} INFO - [2022-07-22 22:25:08,033] {dag.py:2935} INFO - Setting next_dagrun for example_xcom_args to None
[2022-07-22 22:25:08,033] {logging_mixin.py:109} INFO - [2022-07-22 22:25:08,033] {dag.py:2935} INFO - Setting next_dagrun for example_xcom_args_with_operators to None
[2022-07-22 22:25:08,040] {processor.py:171} INFO - Processing /home/airflow/.local/lib/python3.7/site-packages/airflow/example_dags/example_xcomargs.py took 0.259 seconds
[2022-07-22 22:25:38,648] {processor.py:163} INFO - Started process (PID=3230) to work on /home/airflow/.local/lib/python3.7/site-packages/airflow/example_dags/example_xcomargs.py
[2022-07-22 22:25:38,649] {processor.py:642} INFO - Processing file /home/airflow/.local/lib/python3.7/site-packages/airflow/example_dags/example_xcomargs.py for tasks to queue
[2022-07-22 22:25:38,649] {logging_mixin.py:109} INFO - [2022-07-22 22:25:38,649] {dagbag.py:500} INFO - Filling up the DagBag from /home/airflow/.local/lib/python3.7/site-packages/airflow/example_dags/example_xcomargs.py
[2022-07-22 22:25:38,670] {processor.py:654} INFO - DAG(s) dict_keys(['example_xcom_args', 'example_xcom_args_with_operators']) retrieved from /home/airflow/.local/lib/python3.7/site-packages/airflow/example_dags/example_xcomargs.py
[2022-07-22 22:25:38,814] {logging_mixin.py:109} INFO - [2022-07-22 22:25:38,814] {dag.py:2396} INFO - Sync 2 DAGs
[2022-07-22 22:25:38,824] {logging_mixin.py:109} INFO - [2022-07-22 22:25:38,824] {dag.py:2935} INFO - Setting next_dagrun for example_xcom_args to None
[2022-07-22 22:25:38,824] {logging_mixin.py:109} INFO - [2022-07-22 22:25:38,824] {dag.py:2935} INFO - Setting next_dagrun for example_xcom_args_with_operators to None
[2022-07-22 22:25:38,830] {processor.py:171} INFO - Processing /home/airflow/.local/lib/python3.7/site-packages/airflow/example_dags/example_xcomargs.py took 0.184 seconds
[2022-07-22 22:26:09,156] {processor.py:163} INFO - Started process (PID=3291) to work on /home/airflow/.local/lib/python3.7/site-packages/airflow/example_dags/example_xcomargs.py
[2022-07-22 22:26:09,157] {processor.py:642} INFO - Processing file /home/airflow/.local/lib/python3.7/site-packages/airflow/example_dags/example_xcomargs.py for tasks to queue
[2022-07-22 22:26:09,157] {logging_mixin.py:109} INFO - [2022-07-22 22:26:09,157] {dagbag.py:500} INFO - Filling up the DagBag from /home/airflow/.local/lib/python3.7/site-packages/airflow/example_dags/example_xcomargs.py
[2022-07-22 22:26:09,179] {processor.py:654} INFO - DAG(s) dict_keys(['example_xcom_args', 'example_xcom_args_with_operators']) retrieved from /home/airflow/.local/lib/python3.7/site-packages/airflow/example_dags/example_xcomargs.py
[2022-07-22 22:26:09,327] {logging_mixin.py:109} INFO - [2022-07-22 22:26:09,327] {dag.py:2396} INFO - Sync 2 DAGs
[2022-07-22 22:26:09,337] {logging_mixin.py:109} INFO - [2022-07-22 22:26:09,337] {dag.py:2935} INFO - Setting next_dagrun for example_xcom_args to None
[2022-07-22 22:26:09,337] {logging_mixin.py:109} INFO - [2022-07-22 22:26:09,337] {dag.py:2935} INFO - Setting next_dagrun for example_xcom_args_with_operators to None
[2022-07-22 22:26:09,345] {processor.py:171} INFO - Processing /home/airflow/.local/lib/python3.7/site-packages/airflow/example_dags/example_xcomargs.py took 0.191 seconds
[2022-07-22 22:26:39,708] {processor.py:163} INFO - Started process (PID=3341) to work on /home/airflow/.local/lib/python3.7/site-packages/airflow/example_dags/example_xcomargs.py
[2022-07-22 22:26:39,708] {processor.py:642} INFO - Processing file /home/airflow/.local/lib/python3.7/site-packages/airflow/example_dags/example_xcomargs.py for tasks to queue
[2022-07-22 22:26:39,709] {logging_mixin.py:109} INFO - [2022-07-22 22:26:39,708] {dagbag.py:500} INFO - Filling up the DagBag from /home/airflow/.local/lib/python3.7/site-packages/airflow/example_dags/example_xcomargs.py
[2022-07-22 22:26:39,730] {processor.py:654} INFO - DAG(s) dict_keys(['example_xcom_args', 'example_xcom_args_with_operators']) retrieved from /home/airflow/.local/lib/python3.7/site-packages/airflow/example_dags/example_xcomargs.py
[2022-07-22 22:26:39,875] {logging_mixin.py:109} INFO - [2022-07-22 22:26:39,875] {dag.py:2396} INFO - Sync 2 DAGs
[2022-07-22 22:26:39,885] {logging_mixin.py:109} INFO - [2022-07-22 22:26:39,885] {dag.py:2935} INFO - Setting next_dagrun for example_xcom_args to None
[2022-07-22 22:26:39,885] {logging_mixin.py:109} INFO - [2022-07-22 22:26:39,885] {dag.py:2935} INFO - Setting next_dagrun for example_xcom_args_with_operators to None
[2022-07-22 22:26:39,892] {processor.py:171} INFO - Processing /home/airflow/.local/lib/python3.7/site-packages/airflow/example_dags/example_xcomargs.py took 0.186 seconds
[2022-07-22 22:27:09,947] {processor.py:163} INFO - Started process (PID=3400) to work on /home/airflow/.local/lib/python3.7/site-packages/airflow/example_dags/example_xcomargs.py
[2022-07-22 22:27:09,948] {processor.py:642} INFO - Processing file /home/airflow/.local/lib/python3.7/site-packages/airflow/example_dags/example_xcomargs.py for tasks to queue
[2022-07-22 22:27:09,948] {logging_mixin.py:109} INFO - [2022-07-22 22:27:09,948] {dagbag.py:500} INFO - Filling up the DagBag from /home/airflow/.local/lib/python3.7/site-packages/airflow/example_dags/example_xcomargs.py
[2022-07-22 22:27:09,971] {processor.py:654} INFO - DAG(s) dict_keys(['example_xcom_args', 'example_xcom_args_with_operators']) retrieved from /home/airflow/.local/lib/python3.7/site-packages/airflow/example_dags/example_xcomargs.py
[2022-07-22 22:27:10,115] {logging_mixin.py:109} INFO - [2022-07-22 22:27:10,115] {dag.py:2396} INFO - Sync 2 DAGs
[2022-07-22 22:27:10,125] {logging_mixin.py:109} INFO - [2022-07-22 22:27:10,125] {dag.py:2935} INFO - Setting next_dagrun for example_xcom_args to None
[2022-07-22 22:27:10,125] {logging_mixin.py:109} INFO - [2022-07-22 22:27:10,125] {dag.py:2935} INFO - Setting next_dagrun for example_xcom_args_with_operators to None
[2022-07-22 22:27:10,132] {processor.py:171} INFO - Processing /home/airflow/.local/lib/python3.7/site-packages/airflow/example_dags/example_xcomargs.py took 0.187 seconds
[2022-07-22 22:27:40,543] {processor.py:163} INFO - Started process (PID=3459) to work on /home/airflow/.local/lib/python3.7/site-packages/airflow/example_dags/example_xcomargs.py
[2022-07-22 22:27:40,544] {processor.py:642} INFO - Processing file /home/airflow/.local/lib/python3.7/site-packages/airflow/example_dags/example_xcomargs.py for tasks to queue
[2022-07-22 22:27:40,544] {logging_mixin.py:109} INFO - [2022-07-22 22:27:40,544] {dagbag.py:500} INFO - Filling up the DagBag from /home/airflow/.local/lib/python3.7/site-packages/airflow/example_dags/example_xcomargs.py
[2022-07-22 22:27:40,566] {processor.py:654} INFO - DAG(s) dict_keys(['example_xcom_args', 'example_xcom_args_with_operators']) retrieved from /home/airflow/.local/lib/python3.7/site-packages/airflow/example_dags/example_xcomargs.py
[2022-07-22 22:27:40,725] {logging_mixin.py:109} INFO - [2022-07-22 22:27:40,725] {dag.py:2396} INFO - Sync 2 DAGs
[2022-07-22 22:27:40,735] {logging_mixin.py:109} INFO - [2022-07-22 22:27:40,735] {dag.py:2935} INFO - Setting next_dagrun for example_xcom_args to None
[2022-07-22 22:27:40,735] {logging_mixin.py:109} INFO - [2022-07-22 22:27:40,735] {dag.py:2935} INFO - Setting next_dagrun for example_xcom_args_with_operators to None
[2022-07-22 22:27:40,743] {processor.py:171} INFO - Processing /home/airflow/.local/lib/python3.7/site-packages/airflow/example_dags/example_xcomargs.py took 0.202 seconds
[2022-07-22 22:28:10,771] {processor.py:163} INFO - Started process (PID=3509) to work on /home/airflow/.local/lib/python3.7/site-packages/airflow/example_dags/example_xcomargs.py
[2022-07-22 22:28:10,771] {processor.py:642} INFO - Processing file /home/airflow/.local/lib/python3.7/site-packages/airflow/example_dags/example_xcomargs.py for tasks to queue
[2022-07-22 22:28:10,772] {logging_mixin.py:109} INFO - [2022-07-22 22:28:10,772] {dagbag.py:500} INFO - Filling up the DagBag from /home/airflow/.local/lib/python3.7/site-packages/airflow/example_dags/example_xcomargs.py
[2022-07-22 22:28:10,793] {processor.py:654} INFO - DAG(s) dict_keys(['example_xcom_args', 'example_xcom_args_with_operators']) retrieved from /home/airflow/.local/lib/python3.7/site-packages/airflow/example_dags/example_xcomargs.py
[2022-07-22 22:28:10,933] {logging_mixin.py:109} INFO - [2022-07-22 22:28:10,933] {dag.py:2396} INFO - Sync 2 DAGs
[2022-07-22 22:28:10,943] {logging_mixin.py:109} INFO - [2022-07-22 22:28:10,943] {dag.py:2935} INFO - Setting next_dagrun for example_xcom_args to None
[2022-07-22 22:28:10,943] {logging_mixin.py:109} INFO - [2022-07-22 22:28:10,943] {dag.py:2935} INFO - Setting next_dagrun for example_xcom_args_with_operators to None
[2022-07-22 22:28:10,950] {processor.py:171} INFO - Processing /home/airflow/.local/lib/python3.7/site-packages/airflow/example_dags/example_xcomargs.py took 0.181 seconds
