[2022-07-22 21:53:58,365] {processor.py:163} INFO - Started process (PID=91) to work on /home/airflow/.local/lib/python3.7/site-packages/airflow/example_dags/example_branch_day_of_week_operator.py
[2022-07-22 21:53:58,366] {processor.py:642} INFO - Processing file /home/airflow/.local/lib/python3.7/site-packages/airflow/example_dags/example_branch_day_of_week_operator.py for tasks to queue
[2022-07-22 21:53:58,366] {logging_mixin.py:109} INFO - [2022-07-22 21:53:58,366] {dagbag.py:500} INFO - Filling up the DagBag from /home/airflow/.local/lib/python3.7/site-packages/airflow/example_dags/example_branch_day_of_week_operator.py
[2022-07-22 21:53:58,389] {processor.py:654} INFO - DAG(s) dict_keys(['example_weekday_branch_operator']) retrieved from /home/airflow/.local/lib/python3.7/site-packages/airflow/example_dags/example_branch_day_of_week_operator.py
[2022-07-22 21:54:00,173] {logging_mixin.py:109} INFO - [2022-07-22 21:54:00,173] {manager.py:496} INFO - Created Permission View: can read on DAG:example_weekday_branch_operator
[2022-07-22 21:54:00,180] {logging_mixin.py:109} INFO - [2022-07-22 21:54:00,180] {manager.py:496} INFO - Created Permission View: can edit on DAG:example_weekday_branch_operator
[2022-07-22 21:54:00,180] {logging_mixin.py:109} INFO - [2022-07-22 21:54:00,180] {dag.py:2396} INFO - Sync 1 DAGs
[2022-07-22 21:54:00,230] {logging_mixin.py:109} INFO - [2022-07-22 21:54:00,230] {dag.py:2415} INFO - Creating ORM DAG for example_weekday_branch_operator
[2022-07-22 21:54:00,238] {logging_mixin.py:109} INFO - [2022-07-22 21:54:00,238] {dag.py:2935} INFO - Setting next_dagrun for example_weekday_branch_operator to 2022-07-21 00:00:00+00:00
[2022-07-22 21:54:00,247] {processor.py:171} INFO - Processing /home/airflow/.local/lib/python3.7/site-packages/airflow/example_dags/example_branch_day_of_week_operator.py took 1.884 seconds
[2022-07-22 21:54:30,400] {processor.py:163} INFO - Started process (PID=589) to work on /home/airflow/.local/lib/python3.7/site-packages/airflow/example_dags/example_branch_day_of_week_operator.py
[2022-07-22 21:54:30,401] {processor.py:642} INFO - Processing file /home/airflow/.local/lib/python3.7/site-packages/airflow/example_dags/example_branch_day_of_week_operator.py for tasks to queue
[2022-07-22 21:54:30,401] {logging_mixin.py:109} INFO - [2022-07-22 21:54:30,401] {dagbag.py:500} INFO - Filling up the DagBag from /home/airflow/.local/lib/python3.7/site-packages/airflow/example_dags/example_branch_day_of_week_operator.py
[2022-07-22 21:54:30,419] {processor.py:654} INFO - DAG(s) dict_keys(['example_weekday_branch_operator']) retrieved from /home/airflow/.local/lib/python3.7/site-packages/airflow/example_dags/example_branch_day_of_week_operator.py
[2022-07-22 21:54:30,425] {logging_mixin.py:109} INFO - [2022-07-22 21:54:30,425] {dag.py:2396} INFO - Sync 1 DAGs
[2022-07-22 21:54:30,437] {logging_mixin.py:109} INFO - [2022-07-22 21:54:30,437] {dag.py:2935} INFO - Setting next_dagrun for example_weekday_branch_operator to 2022-07-21 00:00:00+00:00
[2022-07-22 21:54:30,442] {processor.py:171} INFO - Processing /home/airflow/.local/lib/python3.7/site-packages/airflow/example_dags/example_branch_day_of_week_operator.py took 0.044 seconds
[2022-07-22 21:55:00,641] {processor.py:163} INFO - Started process (PID=648) to work on /home/airflow/.local/lib/python3.7/site-packages/airflow/example_dags/example_branch_day_of_week_operator.py
[2022-07-22 21:55:00,642] {processor.py:642} INFO - Processing file /home/airflow/.local/lib/python3.7/site-packages/airflow/example_dags/example_branch_day_of_week_operator.py for tasks to queue
[2022-07-22 21:55:00,642] {logging_mixin.py:109} INFO - [2022-07-22 21:55:00,642] {dagbag.py:500} INFO - Filling up the DagBag from /home/airflow/.local/lib/python3.7/site-packages/airflow/example_dags/example_branch_day_of_week_operator.py
[2022-07-22 21:55:00,660] {processor.py:654} INFO - DAG(s) dict_keys(['example_weekday_branch_operator']) retrieved from /home/airflow/.local/lib/python3.7/site-packages/airflow/example_dags/example_branch_day_of_week_operator.py
[2022-07-22 21:55:00,666] {logging_mixin.py:109} INFO - [2022-07-22 21:55:00,666] {dag.py:2396} INFO - Sync 1 DAGs
[2022-07-22 21:55:00,679] {logging_mixin.py:109} INFO - [2022-07-22 21:55:00,679] {dag.py:2935} INFO - Setting next_dagrun for example_weekday_branch_operator to 2022-07-21 00:00:00+00:00
[2022-07-22 21:55:00,685] {processor.py:171} INFO - Processing /home/airflow/.local/lib/python3.7/site-packages/airflow/example_dags/example_branch_day_of_week_operator.py took 0.045 seconds
[2022-07-22 21:55:30,914] {processor.py:163} INFO - Started process (PID=705) to work on /home/airflow/.local/lib/python3.7/site-packages/airflow/example_dags/example_branch_day_of_week_operator.py
[2022-07-22 21:55:30,915] {processor.py:642} INFO - Processing file /home/airflow/.local/lib/python3.7/site-packages/airflow/example_dags/example_branch_day_of_week_operator.py for tasks to queue
[2022-07-22 21:55:30,916] {logging_mixin.py:109} INFO - [2022-07-22 21:55:30,916] {dagbag.py:500} INFO - Filling up the DagBag from /home/airflow/.local/lib/python3.7/site-packages/airflow/example_dags/example_branch_day_of_week_operator.py
[2022-07-22 21:55:30,934] {processor.py:654} INFO - DAG(s) dict_keys(['example_weekday_branch_operator']) retrieved from /home/airflow/.local/lib/python3.7/site-packages/airflow/example_dags/example_branch_day_of_week_operator.py
[2022-07-22 21:55:30,941] {logging_mixin.py:109} INFO - [2022-07-22 21:55:30,941] {dag.py:2396} INFO - Sync 1 DAGs
[2022-07-22 21:55:30,953] {logging_mixin.py:109} INFO - [2022-07-22 21:55:30,953] {dag.py:2935} INFO - Setting next_dagrun for example_weekday_branch_operator to 2022-07-21 00:00:00+00:00
[2022-07-22 21:55:30,959] {processor.py:171} INFO - Processing /home/airflow/.local/lib/python3.7/site-packages/airflow/example_dags/example_branch_day_of_week_operator.py took 0.046 seconds
[2022-07-22 21:56:26,591] {processor.py:163} INFO - Started process (PID=50) to work on /home/airflow/.local/lib/python3.7/site-packages/airflow/example_dags/example_branch_day_of_week_operator.py
[2022-07-22 21:56:26,592] {processor.py:642} INFO - Processing file /home/airflow/.local/lib/python3.7/site-packages/airflow/example_dags/example_branch_day_of_week_operator.py for tasks to queue
[2022-07-22 21:56:26,592] {logging_mixin.py:109} INFO - [2022-07-22 21:56:26,592] {dagbag.py:500} INFO - Filling up the DagBag from /home/airflow/.local/lib/python3.7/site-packages/airflow/example_dags/example_branch_day_of_week_operator.py
[2022-07-22 21:56:26,613] {processor.py:654} INFO - DAG(s) dict_keys(['example_weekday_branch_operator']) retrieved from /home/airflow/.local/lib/python3.7/site-packages/airflow/example_dags/example_branch_day_of_week_operator.py
[2022-07-22 21:56:26,619] {logging_mixin.py:109} INFO - [2022-07-22 21:56:26,619] {dag.py:2396} INFO - Sync 1 DAGs
[2022-07-22 21:56:26,631] {logging_mixin.py:109} INFO - [2022-07-22 21:56:26,631] {dag.py:2935} INFO - Setting next_dagrun for example_weekday_branch_operator to 2022-07-21 00:00:00+00:00
[2022-07-22 21:56:26,637] {processor.py:171} INFO - Processing /home/airflow/.local/lib/python3.7/site-packages/airflow/example_dags/example_branch_day_of_week_operator.py took 0.048 seconds
[2022-07-22 21:56:57,567] {processor.py:163} INFO - Started process (PID=110) to work on /home/airflow/.local/lib/python3.7/site-packages/airflow/example_dags/example_branch_day_of_week_operator.py
[2022-07-22 21:56:57,568] {processor.py:642} INFO - Processing file /home/airflow/.local/lib/python3.7/site-packages/airflow/example_dags/example_branch_day_of_week_operator.py for tasks to queue
[2022-07-22 21:56:57,568] {logging_mixin.py:109} INFO - [2022-07-22 21:56:57,568] {dagbag.py:500} INFO - Filling up the DagBag from /home/airflow/.local/lib/python3.7/site-packages/airflow/example_dags/example_branch_day_of_week_operator.py
[2022-07-22 21:56:57,586] {processor.py:654} INFO - DAG(s) dict_keys(['example_weekday_branch_operator']) retrieved from /home/airflow/.local/lib/python3.7/site-packages/airflow/example_dags/example_branch_day_of_week_operator.py
[2022-07-22 21:56:57,592] {logging_mixin.py:109} INFO - [2022-07-22 21:56:57,592] {dag.py:2396} INFO - Sync 1 DAGs
[2022-07-22 21:56:57,604] {logging_mixin.py:109} INFO - [2022-07-22 21:56:57,604] {dag.py:2935} INFO - Setting next_dagrun for example_weekday_branch_operator to 2022-07-21 00:00:00+00:00
[2022-07-22 21:56:57,610] {processor.py:171} INFO - Processing /home/airflow/.local/lib/python3.7/site-packages/airflow/example_dags/example_branch_day_of_week_operator.py took 0.045 seconds
[2022-07-22 21:57:28,224] {processor.py:163} INFO - Started process (PID=169) to work on /home/airflow/.local/lib/python3.7/site-packages/airflow/example_dags/example_branch_day_of_week_operator.py
[2022-07-22 21:57:28,225] {processor.py:642} INFO - Processing file /home/airflow/.local/lib/python3.7/site-packages/airflow/example_dags/example_branch_day_of_week_operator.py for tasks to queue
[2022-07-22 21:57:28,225] {logging_mixin.py:109} INFO - [2022-07-22 21:57:28,225] {dagbag.py:500} INFO - Filling up the DagBag from /home/airflow/.local/lib/python3.7/site-packages/airflow/example_dags/example_branch_day_of_week_operator.py
[2022-07-22 21:57:28,244] {processor.py:654} INFO - DAG(s) dict_keys(['example_weekday_branch_operator']) retrieved from /home/airflow/.local/lib/python3.7/site-packages/airflow/example_dags/example_branch_day_of_week_operator.py
[2022-07-22 21:57:28,252] {logging_mixin.py:109} INFO - [2022-07-22 21:57:28,252] {dag.py:2396} INFO - Sync 1 DAGs
[2022-07-22 21:57:28,269] {logging_mixin.py:109} INFO - [2022-07-22 21:57:28,269] {dag.py:2935} INFO - Setting next_dagrun for example_weekday_branch_operator to 2022-07-21 00:00:00+00:00
[2022-07-22 21:57:28,277] {processor.py:171} INFO - Processing /home/airflow/.local/lib/python3.7/site-packages/airflow/example_dags/example_branch_day_of_week_operator.py took 0.055 seconds
[2022-07-22 21:57:58,998] {processor.py:163} INFO - Started process (PID=219) to work on /home/airflow/.local/lib/python3.7/site-packages/airflow/example_dags/example_branch_day_of_week_operator.py
[2022-07-22 21:57:58,999] {processor.py:642} INFO - Processing file /home/airflow/.local/lib/python3.7/site-packages/airflow/example_dags/example_branch_day_of_week_operator.py for tasks to queue
[2022-07-22 21:57:58,999] {logging_mixin.py:109} INFO - [2022-07-22 21:57:58,999] {dagbag.py:500} INFO - Filling up the DagBag from /home/airflow/.local/lib/python3.7/site-packages/airflow/example_dags/example_branch_day_of_week_operator.py
[2022-07-22 21:57:59,019] {processor.py:654} INFO - DAG(s) dict_keys(['example_weekday_branch_operator']) retrieved from /home/airflow/.local/lib/python3.7/site-packages/airflow/example_dags/example_branch_day_of_week_operator.py
[2022-07-22 21:57:59,025] {logging_mixin.py:109} INFO - [2022-07-22 21:57:59,025] {dag.py:2396} INFO - Sync 1 DAGs
[2022-07-22 21:57:59,038] {logging_mixin.py:109} INFO - [2022-07-22 21:57:59,037] {dag.py:2935} INFO - Setting next_dagrun for example_weekday_branch_operator to 2022-07-21 00:00:00+00:00
[2022-07-22 21:57:59,044] {processor.py:171} INFO - Processing /home/airflow/.local/lib/python3.7/site-packages/airflow/example_dags/example_branch_day_of_week_operator.py took 0.048 seconds
[2022-07-22 21:58:29,929] {processor.py:163} INFO - Started process (PID=278) to work on /home/airflow/.local/lib/python3.7/site-packages/airflow/example_dags/example_branch_day_of_week_operator.py
[2022-07-22 21:58:29,930] {processor.py:642} INFO - Processing file /home/airflow/.local/lib/python3.7/site-packages/airflow/example_dags/example_branch_day_of_week_operator.py for tasks to queue
[2022-07-22 21:58:29,930] {logging_mixin.py:109} INFO - [2022-07-22 21:58:29,930] {dagbag.py:500} INFO - Filling up the DagBag from /home/airflow/.local/lib/python3.7/site-packages/airflow/example_dags/example_branch_day_of_week_operator.py
[2022-07-22 21:58:29,963] {processor.py:654} INFO - DAG(s) dict_keys(['example_weekday_branch_operator']) retrieved from /home/airflow/.local/lib/python3.7/site-packages/airflow/example_dags/example_branch_day_of_week_operator.py
[2022-07-22 21:58:29,969] {logging_mixin.py:109} INFO - [2022-07-22 21:58:29,969] {dag.py:2396} INFO - Sync 1 DAGs
[2022-07-22 21:58:29,981] {logging_mixin.py:109} INFO - [2022-07-22 21:58:29,981] {dag.py:2935} INFO - Setting next_dagrun for example_weekday_branch_operator to 2022-07-21 00:00:00+00:00
[2022-07-22 21:58:29,987] {processor.py:171} INFO - Processing /home/airflow/.local/lib/python3.7/site-packages/airflow/example_dags/example_branch_day_of_week_operator.py took 0.060 seconds
[2022-07-22 21:59:00,650] {processor.py:163} INFO - Started process (PID=328) to work on /home/airflow/.local/lib/python3.7/site-packages/airflow/example_dags/example_branch_day_of_week_operator.py
[2022-07-22 21:59:00,651] {processor.py:642} INFO - Processing file /home/airflow/.local/lib/python3.7/site-packages/airflow/example_dags/example_branch_day_of_week_operator.py for tasks to queue
[2022-07-22 21:59:00,651] {logging_mixin.py:109} INFO - [2022-07-22 21:59:00,651] {dagbag.py:500} INFO - Filling up the DagBag from /home/airflow/.local/lib/python3.7/site-packages/airflow/example_dags/example_branch_day_of_week_operator.py
[2022-07-22 21:59:00,669] {processor.py:654} INFO - DAG(s) dict_keys(['example_weekday_branch_operator']) retrieved from /home/airflow/.local/lib/python3.7/site-packages/airflow/example_dags/example_branch_day_of_week_operator.py
[2022-07-22 21:59:00,675] {logging_mixin.py:109} INFO - [2022-07-22 21:59:00,675] {dag.py:2396} INFO - Sync 1 DAGs
[2022-07-22 21:59:00,687] {logging_mixin.py:109} INFO - [2022-07-22 21:59:00,687] {dag.py:2935} INFO - Setting next_dagrun for example_weekday_branch_operator to 2022-07-21 00:00:00+00:00
[2022-07-22 21:59:00,693] {processor.py:171} INFO - Processing /home/airflow/.local/lib/python3.7/site-packages/airflow/example_dags/example_branch_day_of_week_operator.py took 0.045 seconds
[2022-07-22 21:59:31,448] {processor.py:163} INFO - Started process (PID=387) to work on /home/airflow/.local/lib/python3.7/site-packages/airflow/example_dags/example_branch_day_of_week_operator.py
[2022-07-22 21:59:31,449] {processor.py:642} INFO - Processing file /home/airflow/.local/lib/python3.7/site-packages/airflow/example_dags/example_branch_day_of_week_operator.py for tasks to queue
[2022-07-22 21:59:31,449] {logging_mixin.py:109} INFO - [2022-07-22 21:59:31,449] {dagbag.py:500} INFO - Filling up the DagBag from /home/airflow/.local/lib/python3.7/site-packages/airflow/example_dags/example_branch_day_of_week_operator.py
[2022-07-22 21:59:31,467] {processor.py:654} INFO - DAG(s) dict_keys(['example_weekday_branch_operator']) retrieved from /home/airflow/.local/lib/python3.7/site-packages/airflow/example_dags/example_branch_day_of_week_operator.py
[2022-07-22 21:59:31,474] {logging_mixin.py:109} INFO - [2022-07-22 21:59:31,474] {dag.py:2396} INFO - Sync 1 DAGs
[2022-07-22 21:59:31,486] {logging_mixin.py:109} INFO - [2022-07-22 21:59:31,486] {dag.py:2935} INFO - Setting next_dagrun for example_weekday_branch_operator to 2022-07-21 00:00:00+00:00
[2022-07-22 21:59:31,492] {processor.py:171} INFO - Processing /home/airflow/.local/lib/python3.7/site-packages/airflow/example_dags/example_branch_day_of_week_operator.py took 0.045 seconds
[2022-07-22 22:00:02,226] {processor.py:163} INFO - Started process (PID=446) to work on /home/airflow/.local/lib/python3.7/site-packages/airflow/example_dags/example_branch_day_of_week_operator.py
[2022-07-22 22:00:02,227] {processor.py:642} INFO - Processing file /home/airflow/.local/lib/python3.7/site-packages/airflow/example_dags/example_branch_day_of_week_operator.py for tasks to queue
[2022-07-22 22:00:02,227] {logging_mixin.py:109} INFO - [2022-07-22 22:00:02,227] {dagbag.py:500} INFO - Filling up the DagBag from /home/airflow/.local/lib/python3.7/site-packages/airflow/example_dags/example_branch_day_of_week_operator.py
[2022-07-22 22:00:02,245] {processor.py:654} INFO - DAG(s) dict_keys(['example_weekday_branch_operator']) retrieved from /home/airflow/.local/lib/python3.7/site-packages/airflow/example_dags/example_branch_day_of_week_operator.py
[2022-07-22 22:00:02,251] {logging_mixin.py:109} INFO - [2022-07-22 22:00:02,251] {dag.py:2396} INFO - Sync 1 DAGs
[2022-07-22 22:00:02,262] {logging_mixin.py:109} INFO - [2022-07-22 22:00:02,262] {dag.py:2935} INFO - Setting next_dagrun for example_weekday_branch_operator to 2022-07-21 00:00:00+00:00
[2022-07-22 22:00:02,268] {processor.py:171} INFO - Processing /home/airflow/.local/lib/python3.7/site-packages/airflow/example_dags/example_branch_day_of_week_operator.py took 0.044 seconds
[2022-07-22 22:00:32,878] {processor.py:163} INFO - Started process (PID=496) to work on /home/airflow/.local/lib/python3.7/site-packages/airflow/example_dags/example_branch_day_of_week_operator.py
[2022-07-22 22:00:32,879] {processor.py:642} INFO - Processing file /home/airflow/.local/lib/python3.7/site-packages/airflow/example_dags/example_branch_day_of_week_operator.py for tasks to queue
[2022-07-22 22:00:32,879] {logging_mixin.py:109} INFO - [2022-07-22 22:00:32,879] {dagbag.py:500} INFO - Filling up the DagBag from /home/airflow/.local/lib/python3.7/site-packages/airflow/example_dags/example_branch_day_of_week_operator.py
[2022-07-22 22:00:32,897] {processor.py:654} INFO - DAG(s) dict_keys(['example_weekday_branch_operator']) retrieved from /home/airflow/.local/lib/python3.7/site-packages/airflow/example_dags/example_branch_day_of_week_operator.py
[2022-07-22 22:00:32,903] {logging_mixin.py:109} INFO - [2022-07-22 22:00:32,903] {dag.py:2396} INFO - Sync 1 DAGs
[2022-07-22 22:00:32,914] {logging_mixin.py:109} INFO - [2022-07-22 22:00:32,914] {dag.py:2935} INFO - Setting next_dagrun for example_weekday_branch_operator to 2022-07-21 00:00:00+00:00
[2022-07-22 22:00:32,920] {processor.py:171} INFO - Processing /home/airflow/.local/lib/python3.7/site-packages/airflow/example_dags/example_branch_day_of_week_operator.py took 0.044 seconds
[2022-07-22 22:01:03,542] {processor.py:163} INFO - Started process (PID=555) to work on /home/airflow/.local/lib/python3.7/site-packages/airflow/example_dags/example_branch_day_of_week_operator.py
[2022-07-22 22:01:03,543] {processor.py:642} INFO - Processing file /home/airflow/.local/lib/python3.7/site-packages/airflow/example_dags/example_branch_day_of_week_operator.py for tasks to queue
[2022-07-22 22:01:03,543] {logging_mixin.py:109} INFO - [2022-07-22 22:01:03,543] {dagbag.py:500} INFO - Filling up the DagBag from /home/airflow/.local/lib/python3.7/site-packages/airflow/example_dags/example_branch_day_of_week_operator.py
[2022-07-22 22:01:03,560] {processor.py:654} INFO - DAG(s) dict_keys(['example_weekday_branch_operator']) retrieved from /home/airflow/.local/lib/python3.7/site-packages/airflow/example_dags/example_branch_day_of_week_operator.py
[2022-07-22 22:01:03,566] {logging_mixin.py:109} INFO - [2022-07-22 22:01:03,566] {dag.py:2396} INFO - Sync 1 DAGs
[2022-07-22 22:01:03,578] {logging_mixin.py:109} INFO - [2022-07-22 22:01:03,577] {dag.py:2935} INFO - Setting next_dagrun for example_weekday_branch_operator to 2022-07-21 00:00:00+00:00
[2022-07-22 22:01:03,583] {processor.py:171} INFO - Processing /home/airflow/.local/lib/python3.7/site-packages/airflow/example_dags/example_branch_day_of_week_operator.py took 0.043 seconds
[2022-07-22 22:01:34,206] {processor.py:163} INFO - Started process (PID=614) to work on /home/airflow/.local/lib/python3.7/site-packages/airflow/example_dags/example_branch_day_of_week_operator.py
[2022-07-22 22:01:34,207] {processor.py:642} INFO - Processing file /home/airflow/.local/lib/python3.7/site-packages/airflow/example_dags/example_branch_day_of_week_operator.py for tasks to queue
[2022-07-22 22:01:34,208] {logging_mixin.py:109} INFO - [2022-07-22 22:01:34,208] {dagbag.py:500} INFO - Filling up the DagBag from /home/airflow/.local/lib/python3.7/site-packages/airflow/example_dags/example_branch_day_of_week_operator.py
[2022-07-22 22:01:34,226] {processor.py:654} INFO - DAG(s) dict_keys(['example_weekday_branch_operator']) retrieved from /home/airflow/.local/lib/python3.7/site-packages/airflow/example_dags/example_branch_day_of_week_operator.py
[2022-07-22 22:01:34,233] {logging_mixin.py:109} INFO - [2022-07-22 22:01:34,233] {dag.py:2396} INFO - Sync 1 DAGs
[2022-07-22 22:01:34,246] {logging_mixin.py:109} INFO - [2022-07-22 22:01:34,246] {dag.py:2935} INFO - Setting next_dagrun for example_weekday_branch_operator to 2022-07-21 00:00:00+00:00
[2022-07-22 22:01:34,253] {processor.py:171} INFO - Processing /home/airflow/.local/lib/python3.7/site-packages/airflow/example_dags/example_branch_day_of_week_operator.py took 0.048 seconds
[2022-07-22 22:02:04,888] {processor.py:163} INFO - Started process (PID=664) to work on /home/airflow/.local/lib/python3.7/site-packages/airflow/example_dags/example_branch_day_of_week_operator.py
[2022-07-22 22:02:04,889] {processor.py:642} INFO - Processing file /home/airflow/.local/lib/python3.7/site-packages/airflow/example_dags/example_branch_day_of_week_operator.py for tasks to queue
[2022-07-22 22:02:04,889] {logging_mixin.py:109} INFO - [2022-07-22 22:02:04,889] {dagbag.py:500} INFO - Filling up the DagBag from /home/airflow/.local/lib/python3.7/site-packages/airflow/example_dags/example_branch_day_of_week_operator.py
[2022-07-22 22:02:04,907] {processor.py:654} INFO - DAG(s) dict_keys(['example_weekday_branch_operator']) retrieved from /home/airflow/.local/lib/python3.7/site-packages/airflow/example_dags/example_branch_day_of_week_operator.py
[2022-07-22 22:02:04,914] {logging_mixin.py:109} INFO - [2022-07-22 22:02:04,914] {dag.py:2396} INFO - Sync 1 DAGs
[2022-07-22 22:02:04,927] {logging_mixin.py:109} INFO - [2022-07-22 22:02:04,926] {dag.py:2935} INFO - Setting next_dagrun for example_weekday_branch_operator to 2022-07-21 00:00:00+00:00
[2022-07-22 22:02:04,932] {processor.py:171} INFO - Processing /home/airflow/.local/lib/python3.7/site-packages/airflow/example_dags/example_branch_day_of_week_operator.py took 0.046 seconds
[2022-07-22 22:02:35,477] {processor.py:163} INFO - Started process (PID=723) to work on /home/airflow/.local/lib/python3.7/site-packages/airflow/example_dags/example_branch_day_of_week_operator.py
[2022-07-22 22:02:35,478] {processor.py:642} INFO - Processing file /home/airflow/.local/lib/python3.7/site-packages/airflow/example_dags/example_branch_day_of_week_operator.py for tasks to queue
[2022-07-22 22:02:35,478] {logging_mixin.py:109} INFO - [2022-07-22 22:02:35,478] {dagbag.py:500} INFO - Filling up the DagBag from /home/airflow/.local/lib/python3.7/site-packages/airflow/example_dags/example_branch_day_of_week_operator.py
[2022-07-22 22:02:35,495] {processor.py:654} INFO - DAG(s) dict_keys(['example_weekday_branch_operator']) retrieved from /home/airflow/.local/lib/python3.7/site-packages/airflow/example_dags/example_branch_day_of_week_operator.py
[2022-07-22 22:02:35,502] {logging_mixin.py:109} INFO - [2022-07-22 22:02:35,502] {dag.py:2396} INFO - Sync 1 DAGs
[2022-07-22 22:02:35,513] {logging_mixin.py:109} INFO - [2022-07-22 22:02:35,513] {dag.py:2935} INFO - Setting next_dagrun for example_weekday_branch_operator to 2022-07-21 00:00:00+00:00
[2022-07-22 22:02:35,519] {processor.py:171} INFO - Processing /home/airflow/.local/lib/python3.7/site-packages/airflow/example_dags/example_branch_day_of_week_operator.py took 0.044 seconds
[2022-07-22 22:03:06,139] {processor.py:163} INFO - Started process (PID=773) to work on /home/airflow/.local/lib/python3.7/site-packages/airflow/example_dags/example_branch_day_of_week_operator.py
[2022-07-22 22:03:06,140] {processor.py:642} INFO - Processing file /home/airflow/.local/lib/python3.7/site-packages/airflow/example_dags/example_branch_day_of_week_operator.py for tasks to queue
[2022-07-22 22:03:06,140] {logging_mixin.py:109} INFO - [2022-07-22 22:03:06,140] {dagbag.py:500} INFO - Filling up the DagBag from /home/airflow/.local/lib/python3.7/site-packages/airflow/example_dags/example_branch_day_of_week_operator.py
[2022-07-22 22:03:06,158] {processor.py:654} INFO - DAG(s) dict_keys(['example_weekday_branch_operator']) retrieved from /home/airflow/.local/lib/python3.7/site-packages/airflow/example_dags/example_branch_day_of_week_operator.py
[2022-07-22 22:03:06,164] {logging_mixin.py:109} INFO - [2022-07-22 22:03:06,164] {dag.py:2396} INFO - Sync 1 DAGs
[2022-07-22 22:03:06,175] {logging_mixin.py:109} INFO - [2022-07-22 22:03:06,175] {dag.py:2935} INFO - Setting next_dagrun for example_weekday_branch_operator to 2022-07-21 00:00:00+00:00
[2022-07-22 22:03:06,181] {processor.py:171} INFO - Processing /home/airflow/.local/lib/python3.7/site-packages/airflow/example_dags/example_branch_day_of_week_operator.py took 0.043 seconds
[2022-07-22 22:03:36,748] {processor.py:163} INFO - Started process (PID=832) to work on /home/airflow/.local/lib/python3.7/site-packages/airflow/example_dags/example_branch_day_of_week_operator.py
[2022-07-22 22:03:36,749] {processor.py:642} INFO - Processing file /home/airflow/.local/lib/python3.7/site-packages/airflow/example_dags/example_branch_day_of_week_operator.py for tasks to queue
[2022-07-22 22:03:36,749] {logging_mixin.py:109} INFO - [2022-07-22 22:03:36,749] {dagbag.py:500} INFO - Filling up the DagBag from /home/airflow/.local/lib/python3.7/site-packages/airflow/example_dags/example_branch_day_of_week_operator.py
[2022-07-22 22:03:36,768] {processor.py:654} INFO - DAG(s) dict_keys(['example_weekday_branch_operator']) retrieved from /home/airflow/.local/lib/python3.7/site-packages/airflow/example_dags/example_branch_day_of_week_operator.py
[2022-07-22 22:03:36,774] {logging_mixin.py:109} INFO - [2022-07-22 22:03:36,774] {dag.py:2396} INFO - Sync 1 DAGs
[2022-07-22 22:03:36,786] {logging_mixin.py:109} INFO - [2022-07-22 22:03:36,786] {dag.py:2935} INFO - Setting next_dagrun for example_weekday_branch_operator to 2022-07-21 00:00:00+00:00
[2022-07-22 22:03:36,792] {processor.py:171} INFO - Processing /home/airflow/.local/lib/python3.7/site-packages/airflow/example_dags/example_branch_day_of_week_operator.py took 0.046 seconds
[2022-07-22 22:04:07,383] {processor.py:163} INFO - Started process (PID=882) to work on /home/airflow/.local/lib/python3.7/site-packages/airflow/example_dags/example_branch_day_of_week_operator.py
[2022-07-22 22:04:07,384] {processor.py:642} INFO - Processing file /home/airflow/.local/lib/python3.7/site-packages/airflow/example_dags/example_branch_day_of_week_operator.py for tasks to queue
[2022-07-22 22:04:07,385] {logging_mixin.py:109} INFO - [2022-07-22 22:04:07,385] {dagbag.py:500} INFO - Filling up the DagBag from /home/airflow/.local/lib/python3.7/site-packages/airflow/example_dags/example_branch_day_of_week_operator.py
[2022-07-22 22:04:07,402] {processor.py:654} INFO - DAG(s) dict_keys(['example_weekday_branch_operator']) retrieved from /home/airflow/.local/lib/python3.7/site-packages/airflow/example_dags/example_branch_day_of_week_operator.py
[2022-07-22 22:04:07,409] {logging_mixin.py:109} INFO - [2022-07-22 22:04:07,409] {dag.py:2396} INFO - Sync 1 DAGs
[2022-07-22 22:04:07,421] {logging_mixin.py:109} INFO - [2022-07-22 22:04:07,421] {dag.py:2935} INFO - Setting next_dagrun for example_weekday_branch_operator to 2022-07-21 00:00:00+00:00
[2022-07-22 22:04:07,427] {processor.py:171} INFO - Processing /home/airflow/.local/lib/python3.7/site-packages/airflow/example_dags/example_branch_day_of_week_operator.py took 0.046 seconds
[2022-07-22 22:04:38,153] {processor.py:163} INFO - Started process (PID=941) to work on /home/airflow/.local/lib/python3.7/site-packages/airflow/example_dags/example_branch_day_of_week_operator.py
[2022-07-22 22:04:38,154] {processor.py:642} INFO - Processing file /home/airflow/.local/lib/python3.7/site-packages/airflow/example_dags/example_branch_day_of_week_operator.py for tasks to queue
[2022-07-22 22:04:38,154] {logging_mixin.py:109} INFO - [2022-07-22 22:04:38,154] {dagbag.py:500} INFO - Filling up the DagBag from /home/airflow/.local/lib/python3.7/site-packages/airflow/example_dags/example_branch_day_of_week_operator.py
[2022-07-22 22:04:38,172] {processor.py:654} INFO - DAG(s) dict_keys(['example_weekday_branch_operator']) retrieved from /home/airflow/.local/lib/python3.7/site-packages/airflow/example_dags/example_branch_day_of_week_operator.py
[2022-07-22 22:04:38,178] {logging_mixin.py:109} INFO - [2022-07-22 22:04:38,178] {dag.py:2396} INFO - Sync 1 DAGs
[2022-07-22 22:04:38,190] {logging_mixin.py:109} INFO - [2022-07-22 22:04:38,190] {dag.py:2935} INFO - Setting next_dagrun for example_weekday_branch_operator to 2022-07-21 00:00:00+00:00
[2022-07-22 22:04:38,196] {processor.py:171} INFO - Processing /home/airflow/.local/lib/python3.7/site-packages/airflow/example_dags/example_branch_day_of_week_operator.py took 0.045 seconds
[2022-07-22 22:05:08,805] {processor.py:163} INFO - Started process (PID=1000) to work on /home/airflow/.local/lib/python3.7/site-packages/airflow/example_dags/example_branch_day_of_week_operator.py
[2022-07-22 22:05:08,806] {processor.py:642} INFO - Processing file /home/airflow/.local/lib/python3.7/site-packages/airflow/example_dags/example_branch_day_of_week_operator.py for tasks to queue
[2022-07-22 22:05:08,806] {logging_mixin.py:109} INFO - [2022-07-22 22:05:08,806] {dagbag.py:500} INFO - Filling up the DagBag from /home/airflow/.local/lib/python3.7/site-packages/airflow/example_dags/example_branch_day_of_week_operator.py
[2022-07-22 22:05:08,824] {processor.py:654} INFO - DAG(s) dict_keys(['example_weekday_branch_operator']) retrieved from /home/airflow/.local/lib/python3.7/site-packages/airflow/example_dags/example_branch_day_of_week_operator.py
[2022-07-22 22:05:08,830] {logging_mixin.py:109} INFO - [2022-07-22 22:05:08,830] {dag.py:2396} INFO - Sync 1 DAGs
[2022-07-22 22:05:08,842] {logging_mixin.py:109} INFO - [2022-07-22 22:05:08,842] {dag.py:2935} INFO - Setting next_dagrun for example_weekday_branch_operator to 2022-07-21 00:00:00+00:00
[2022-07-22 22:05:08,848] {processor.py:171} INFO - Processing /home/airflow/.local/lib/python3.7/site-packages/airflow/example_dags/example_branch_day_of_week_operator.py took 0.044 seconds
[2022-07-22 22:05:39,361] {processor.py:163} INFO - Started process (PID=1050) to work on /home/airflow/.local/lib/python3.7/site-packages/airflow/example_dags/example_branch_day_of_week_operator.py
[2022-07-22 22:05:39,362] {processor.py:642} INFO - Processing file /home/airflow/.local/lib/python3.7/site-packages/airflow/example_dags/example_branch_day_of_week_operator.py for tasks to queue
[2022-07-22 22:05:39,362] {logging_mixin.py:109} INFO - [2022-07-22 22:05:39,362] {dagbag.py:500} INFO - Filling up the DagBag from /home/airflow/.local/lib/python3.7/site-packages/airflow/example_dags/example_branch_day_of_week_operator.py
[2022-07-22 22:05:39,386] {processor.py:654} INFO - DAG(s) dict_keys(['example_weekday_branch_operator']) retrieved from /home/airflow/.local/lib/python3.7/site-packages/airflow/example_dags/example_branch_day_of_week_operator.py
[2022-07-22 22:05:39,393] {logging_mixin.py:109} INFO - [2022-07-22 22:05:39,393] {dag.py:2396} INFO - Sync 1 DAGs
[2022-07-22 22:05:39,406] {logging_mixin.py:109} INFO - [2022-07-22 22:05:39,406] {dag.py:2935} INFO - Setting next_dagrun for example_weekday_branch_operator to 2022-07-21 00:00:00+00:00
[2022-07-22 22:05:39,412] {processor.py:171} INFO - Processing /home/airflow/.local/lib/python3.7/site-packages/airflow/example_dags/example_branch_day_of_week_operator.py took 0.053 seconds
[2022-07-22 22:06:09,988] {processor.py:163} INFO - Started process (PID=1109) to work on /home/airflow/.local/lib/python3.7/site-packages/airflow/example_dags/example_branch_day_of_week_operator.py
[2022-07-22 22:06:09,989] {processor.py:642} INFO - Processing file /home/airflow/.local/lib/python3.7/site-packages/airflow/example_dags/example_branch_day_of_week_operator.py for tasks to queue
[2022-07-22 22:06:09,989] {logging_mixin.py:109} INFO - [2022-07-22 22:06:09,989] {dagbag.py:500} INFO - Filling up the DagBag from /home/airflow/.local/lib/python3.7/site-packages/airflow/example_dags/example_branch_day_of_week_operator.py
[2022-07-22 22:06:10,007] {processor.py:654} INFO - DAG(s) dict_keys(['example_weekday_branch_operator']) retrieved from /home/airflow/.local/lib/python3.7/site-packages/airflow/example_dags/example_branch_day_of_week_operator.py
[2022-07-22 22:06:10,014] {logging_mixin.py:109} INFO - [2022-07-22 22:06:10,014] {dag.py:2396} INFO - Sync 1 DAGs
[2022-07-22 22:06:10,026] {logging_mixin.py:109} INFO - [2022-07-22 22:06:10,026] {dag.py:2935} INFO - Setting next_dagrun for example_weekday_branch_operator to 2022-07-21 00:00:00+00:00
[2022-07-22 22:06:10,031] {processor.py:171} INFO - Processing /home/airflow/.local/lib/python3.7/site-packages/airflow/example_dags/example_branch_day_of_week_operator.py took 0.045 seconds
[2022-07-22 22:06:40,624] {processor.py:163} INFO - Started process (PID=1159) to work on /home/airflow/.local/lib/python3.7/site-packages/airflow/example_dags/example_branch_day_of_week_operator.py
[2022-07-22 22:06:40,625] {processor.py:642} INFO - Processing file /home/airflow/.local/lib/python3.7/site-packages/airflow/example_dags/example_branch_day_of_week_operator.py for tasks to queue
[2022-07-22 22:06:40,626] {logging_mixin.py:109} INFO - [2022-07-22 22:06:40,625] {dagbag.py:500} INFO - Filling up the DagBag from /home/airflow/.local/lib/python3.7/site-packages/airflow/example_dags/example_branch_day_of_week_operator.py
[2022-07-22 22:06:40,643] {processor.py:654} INFO - DAG(s) dict_keys(['example_weekday_branch_operator']) retrieved from /home/airflow/.local/lib/python3.7/site-packages/airflow/example_dags/example_branch_day_of_week_operator.py
[2022-07-22 22:06:40,649] {logging_mixin.py:109} INFO - [2022-07-22 22:06:40,649] {dag.py:2396} INFO - Sync 1 DAGs
[2022-07-22 22:06:40,660] {logging_mixin.py:109} INFO - [2022-07-22 22:06:40,660] {dag.py:2935} INFO - Setting next_dagrun for example_weekday_branch_operator to 2022-07-21 00:00:00+00:00
[2022-07-22 22:06:40,665] {processor.py:171} INFO - Processing /home/airflow/.local/lib/python3.7/site-packages/airflow/example_dags/example_branch_day_of_week_operator.py took 0.043 seconds
[2022-07-22 22:07:11,256] {processor.py:163} INFO - Started process (PID=1218) to work on /home/airflow/.local/lib/python3.7/site-packages/airflow/example_dags/example_branch_day_of_week_operator.py
[2022-07-22 22:07:11,257] {processor.py:642} INFO - Processing file /home/airflow/.local/lib/python3.7/site-packages/airflow/example_dags/example_branch_day_of_week_operator.py for tasks to queue
[2022-07-22 22:07:11,258] {logging_mixin.py:109} INFO - [2022-07-22 22:07:11,257] {dagbag.py:500} INFO - Filling up the DagBag from /home/airflow/.local/lib/python3.7/site-packages/airflow/example_dags/example_branch_day_of_week_operator.py
[2022-07-22 22:07:11,275] {processor.py:654} INFO - DAG(s) dict_keys(['example_weekday_branch_operator']) retrieved from /home/airflow/.local/lib/python3.7/site-packages/airflow/example_dags/example_branch_day_of_week_operator.py
[2022-07-22 22:07:11,281] {logging_mixin.py:109} INFO - [2022-07-22 22:07:11,281] {dag.py:2396} INFO - Sync 1 DAGs
[2022-07-22 22:07:11,293] {logging_mixin.py:109} INFO - [2022-07-22 22:07:11,293] {dag.py:2935} INFO - Setting next_dagrun for example_weekday_branch_operator to 2022-07-21 00:00:00+00:00
[2022-07-22 22:07:11,298] {processor.py:171} INFO - Processing /home/airflow/.local/lib/python3.7/site-packages/airflow/example_dags/example_branch_day_of_week_operator.py took 0.043 seconds
[2022-07-22 22:07:41,819] {processor.py:163} INFO - Started process (PID=1277) to work on /home/airflow/.local/lib/python3.7/site-packages/airflow/example_dags/example_branch_day_of_week_operator.py
[2022-07-22 22:07:41,820] {processor.py:642} INFO - Processing file /home/airflow/.local/lib/python3.7/site-packages/airflow/example_dags/example_branch_day_of_week_operator.py for tasks to queue
[2022-07-22 22:07:41,821] {logging_mixin.py:109} INFO - [2022-07-22 22:07:41,820] {dagbag.py:500} INFO - Filling up the DagBag from /home/airflow/.local/lib/python3.7/site-packages/airflow/example_dags/example_branch_day_of_week_operator.py
[2022-07-22 22:07:41,838] {processor.py:654} INFO - DAG(s) dict_keys(['example_weekday_branch_operator']) retrieved from /home/airflow/.local/lib/python3.7/site-packages/airflow/example_dags/example_branch_day_of_week_operator.py
[2022-07-22 22:07:41,845] {logging_mixin.py:109} INFO - [2022-07-22 22:07:41,845] {dag.py:2396} INFO - Sync 1 DAGs
[2022-07-22 22:07:41,857] {logging_mixin.py:109} INFO - [2022-07-22 22:07:41,857] {dag.py:2935} INFO - Setting next_dagrun for example_weekday_branch_operator to 2022-07-21 00:00:00+00:00
[2022-07-22 22:07:41,862] {processor.py:171} INFO - Processing /home/airflow/.local/lib/python3.7/site-packages/airflow/example_dags/example_branch_day_of_week_operator.py took 0.045 seconds
[2022-07-22 22:08:12,442] {processor.py:163} INFO - Started process (PID=1327) to work on /home/airflow/.local/lib/python3.7/site-packages/airflow/example_dags/example_branch_day_of_week_operator.py
[2022-07-22 22:08:12,443] {processor.py:642} INFO - Processing file /home/airflow/.local/lib/python3.7/site-packages/airflow/example_dags/example_branch_day_of_week_operator.py for tasks to queue
[2022-07-22 22:08:12,444] {logging_mixin.py:109} INFO - [2022-07-22 22:08:12,444] {dagbag.py:500} INFO - Filling up the DagBag from /home/airflow/.local/lib/python3.7/site-packages/airflow/example_dags/example_branch_day_of_week_operator.py
[2022-07-22 22:08:12,464] {processor.py:654} INFO - DAG(s) dict_keys(['example_weekday_branch_operator']) retrieved from /home/airflow/.local/lib/python3.7/site-packages/airflow/example_dags/example_branch_day_of_week_operator.py
[2022-07-22 22:08:12,471] {logging_mixin.py:109} INFO - [2022-07-22 22:08:12,471] {dag.py:2396} INFO - Sync 1 DAGs
[2022-07-22 22:08:12,483] {logging_mixin.py:109} INFO - [2022-07-22 22:08:12,483] {dag.py:2935} INFO - Setting next_dagrun for example_weekday_branch_operator to 2022-07-21 00:00:00+00:00
[2022-07-22 22:08:12,514] {processor.py:171} INFO - Processing /home/airflow/.local/lib/python3.7/site-packages/airflow/example_dags/example_branch_day_of_week_operator.py took 0.074 seconds
[2022-07-22 22:08:43,374] {processor.py:163} INFO - Started process (PID=1386) to work on /home/airflow/.local/lib/python3.7/site-packages/airflow/example_dags/example_branch_day_of_week_operator.py
[2022-07-22 22:08:43,375] {processor.py:642} INFO - Processing file /home/airflow/.local/lib/python3.7/site-packages/airflow/example_dags/example_branch_day_of_week_operator.py for tasks to queue
[2022-07-22 22:08:43,375] {logging_mixin.py:109} INFO - [2022-07-22 22:08:43,375] {dagbag.py:500} INFO - Filling up the DagBag from /home/airflow/.local/lib/python3.7/site-packages/airflow/example_dags/example_branch_day_of_week_operator.py
[2022-07-22 22:08:43,405] {processor.py:654} INFO - DAG(s) dict_keys(['example_weekday_branch_operator']) retrieved from /home/airflow/.local/lib/python3.7/site-packages/airflow/example_dags/example_branch_day_of_week_operator.py
[2022-07-22 22:08:43,416] {logging_mixin.py:109} INFO - [2022-07-22 22:08:43,416] {dag.py:2396} INFO - Sync 1 DAGs
[2022-07-22 22:08:43,434] {logging_mixin.py:109} INFO - [2022-07-22 22:08:43,434] {dag.py:2935} INFO - Setting next_dagrun for example_weekday_branch_operator to 2022-07-21 00:00:00+00:00
[2022-07-22 22:08:43,444] {processor.py:171} INFO - Processing /home/airflow/.local/lib/python3.7/site-packages/airflow/example_dags/example_branch_day_of_week_operator.py took 0.073 seconds
[2022-07-22 22:09:14,254] {processor.py:163} INFO - Started process (PID=1436) to work on /home/airflow/.local/lib/python3.7/site-packages/airflow/example_dags/example_branch_day_of_week_operator.py
[2022-07-22 22:09:14,255] {processor.py:642} INFO - Processing file /home/airflow/.local/lib/python3.7/site-packages/airflow/example_dags/example_branch_day_of_week_operator.py for tasks to queue
[2022-07-22 22:09:14,256] {logging_mixin.py:109} INFO - [2022-07-22 22:09:14,256] {dagbag.py:500} INFO - Filling up the DagBag from /home/airflow/.local/lib/python3.7/site-packages/airflow/example_dags/example_branch_day_of_week_operator.py
[2022-07-22 22:09:14,282] {processor.py:654} INFO - DAG(s) dict_keys(['example_weekday_branch_operator']) retrieved from /home/airflow/.local/lib/python3.7/site-packages/airflow/example_dags/example_branch_day_of_week_operator.py
[2022-07-22 22:09:14,292] {logging_mixin.py:109} INFO - [2022-07-22 22:09:14,292] {dag.py:2396} INFO - Sync 1 DAGs
[2022-07-22 22:09:14,310] {logging_mixin.py:109} INFO - [2022-07-22 22:09:14,310] {dag.py:2935} INFO - Setting next_dagrun for example_weekday_branch_operator to 2022-07-21 00:00:00+00:00
[2022-07-22 22:09:14,318] {processor.py:171} INFO - Processing /home/airflow/.local/lib/python3.7/site-packages/airflow/example_dags/example_branch_day_of_week_operator.py took 0.067 seconds
[2022-07-22 22:09:44,334] {processor.py:163} INFO - Started process (PID=1495) to work on /home/airflow/.local/lib/python3.7/site-packages/airflow/example_dags/example_branch_day_of_week_operator.py
[2022-07-22 22:09:44,336] {processor.py:642} INFO - Processing file /home/airflow/.local/lib/python3.7/site-packages/airflow/example_dags/example_branch_day_of_week_operator.py for tasks to queue
[2022-07-22 22:09:44,336] {logging_mixin.py:109} INFO - [2022-07-22 22:09:44,336] {dagbag.py:500} INFO - Filling up the DagBag from /home/airflow/.local/lib/python3.7/site-packages/airflow/example_dags/example_branch_day_of_week_operator.py
[2022-07-22 22:09:44,359] {processor.py:654} INFO - DAG(s) dict_keys(['example_weekday_branch_operator']) retrieved from /home/airflow/.local/lib/python3.7/site-packages/airflow/example_dags/example_branch_day_of_week_operator.py
[2022-07-22 22:09:44,368] {logging_mixin.py:109} INFO - [2022-07-22 22:09:44,368] {dag.py:2396} INFO - Sync 1 DAGs
[2022-07-22 22:09:44,381] {logging_mixin.py:109} INFO - [2022-07-22 22:09:44,381] {dag.py:2935} INFO - Setting next_dagrun for example_weekday_branch_operator to 2022-07-21 00:00:00+00:00
[2022-07-22 22:09:44,389] {processor.py:171} INFO - Processing /home/airflow/.local/lib/python3.7/site-packages/airflow/example_dags/example_branch_day_of_week_operator.py took 0.058 seconds
[2022-07-22 22:10:15,442] {processor.py:163} INFO - Started process (PID=1545) to work on /home/airflow/.local/lib/python3.7/site-packages/airflow/example_dags/example_branch_day_of_week_operator.py
[2022-07-22 22:10:15,443] {processor.py:642} INFO - Processing file /home/airflow/.local/lib/python3.7/site-packages/airflow/example_dags/example_branch_day_of_week_operator.py for tasks to queue
[2022-07-22 22:10:15,443] {logging_mixin.py:109} INFO - [2022-07-22 22:10:15,443] {dagbag.py:500} INFO - Filling up the DagBag from /home/airflow/.local/lib/python3.7/site-packages/airflow/example_dags/example_branch_day_of_week_operator.py
[2022-07-22 22:10:15,464] {processor.py:654} INFO - DAG(s) dict_keys(['example_weekday_branch_operator']) retrieved from /home/airflow/.local/lib/python3.7/site-packages/airflow/example_dags/example_branch_day_of_week_operator.py
[2022-07-22 22:10:15,474] {logging_mixin.py:109} INFO - [2022-07-22 22:10:15,474] {dag.py:2396} INFO - Sync 1 DAGs
[2022-07-22 22:10:15,488] {logging_mixin.py:109} INFO - [2022-07-22 22:10:15,488] {dag.py:2935} INFO - Setting next_dagrun for example_weekday_branch_operator to 2022-07-21 00:00:00+00:00
[2022-07-22 22:10:15,494] {processor.py:171} INFO - Processing /home/airflow/.local/lib/python3.7/site-packages/airflow/example_dags/example_branch_day_of_week_operator.py took 0.055 seconds
[2022-07-22 22:10:46,056] {processor.py:163} INFO - Started process (PID=1604) to work on /home/airflow/.local/lib/python3.7/site-packages/airflow/example_dags/example_branch_day_of_week_operator.py
[2022-07-22 22:10:46,057] {processor.py:642} INFO - Processing file /home/airflow/.local/lib/python3.7/site-packages/airflow/example_dags/example_branch_day_of_week_operator.py for tasks to queue
[2022-07-22 22:10:46,057] {logging_mixin.py:109} INFO - [2022-07-22 22:10:46,057] {dagbag.py:500} INFO - Filling up the DagBag from /home/airflow/.local/lib/python3.7/site-packages/airflow/example_dags/example_branch_day_of_week_operator.py
[2022-07-22 22:10:46,079] {processor.py:654} INFO - DAG(s) dict_keys(['example_weekday_branch_operator']) retrieved from /home/airflow/.local/lib/python3.7/site-packages/airflow/example_dags/example_branch_day_of_week_operator.py
[2022-07-22 22:10:46,087] {logging_mixin.py:109} INFO - [2022-07-22 22:10:46,087] {dag.py:2396} INFO - Sync 1 DAGs
[2022-07-22 22:10:46,104] {logging_mixin.py:109} INFO - [2022-07-22 22:10:46,104] {dag.py:2935} INFO - Setting next_dagrun for example_weekday_branch_operator to 2022-07-21 00:00:00+00:00
[2022-07-22 22:10:46,111] {processor.py:171} INFO - Processing /home/airflow/.local/lib/python3.7/site-packages/airflow/example_dags/example_branch_day_of_week_operator.py took 0.057 seconds
[2022-07-22 22:11:17,018] {processor.py:163} INFO - Started process (PID=1654) to work on /home/airflow/.local/lib/python3.7/site-packages/airflow/example_dags/example_branch_day_of_week_operator.py
[2022-07-22 22:11:17,019] {processor.py:642} INFO - Processing file /home/airflow/.local/lib/python3.7/site-packages/airflow/example_dags/example_branch_day_of_week_operator.py for tasks to queue
[2022-07-22 22:11:17,019] {logging_mixin.py:109} INFO - [2022-07-22 22:11:17,019] {dagbag.py:500} INFO - Filling up the DagBag from /home/airflow/.local/lib/python3.7/site-packages/airflow/example_dags/example_branch_day_of_week_operator.py
[2022-07-22 22:11:17,037] {processor.py:654} INFO - DAG(s) dict_keys(['example_weekday_branch_operator']) retrieved from /home/airflow/.local/lib/python3.7/site-packages/airflow/example_dags/example_branch_day_of_week_operator.py
[2022-07-22 22:11:17,044] {logging_mixin.py:109} INFO - [2022-07-22 22:11:17,044] {dag.py:2396} INFO - Sync 1 DAGs
[2022-07-22 22:11:17,056] {logging_mixin.py:109} INFO - [2022-07-22 22:11:17,055] {dag.py:2935} INFO - Setting next_dagrun for example_weekday_branch_operator to 2022-07-21 00:00:00+00:00
[2022-07-22 22:11:17,061] {processor.py:171} INFO - Processing /home/airflow/.local/lib/python3.7/site-packages/airflow/example_dags/example_branch_day_of_week_operator.py took 0.045 seconds
[2022-07-22 22:11:47,769] {processor.py:163} INFO - Started process (PID=1713) to work on /home/airflow/.local/lib/python3.7/site-packages/airflow/example_dags/example_branch_day_of_week_operator.py
[2022-07-22 22:11:47,770] {processor.py:642} INFO - Processing file /home/airflow/.local/lib/python3.7/site-packages/airflow/example_dags/example_branch_day_of_week_operator.py for tasks to queue
[2022-07-22 22:11:47,770] {logging_mixin.py:109} INFO - [2022-07-22 22:11:47,770] {dagbag.py:500} INFO - Filling up the DagBag from /home/airflow/.local/lib/python3.7/site-packages/airflow/example_dags/example_branch_day_of_week_operator.py
[2022-07-22 22:11:47,791] {processor.py:654} INFO - DAG(s) dict_keys(['example_weekday_branch_operator']) retrieved from /home/airflow/.local/lib/python3.7/site-packages/airflow/example_dags/example_branch_day_of_week_operator.py
[2022-07-22 22:11:47,798] {logging_mixin.py:109} INFO - [2022-07-22 22:11:47,798] {dag.py:2396} INFO - Sync 1 DAGs
[2022-07-22 22:11:47,809] {logging_mixin.py:109} INFO - [2022-07-22 22:11:47,809] {dag.py:2935} INFO - Setting next_dagrun for example_weekday_branch_operator to 2022-07-21 00:00:00+00:00
[2022-07-22 22:11:47,815] {processor.py:171} INFO - Processing /home/airflow/.local/lib/python3.7/site-packages/airflow/example_dags/example_branch_day_of_week_operator.py took 0.047 seconds
[2022-07-22 22:12:18,668] {processor.py:163} INFO - Started process (PID=1772) to work on /home/airflow/.local/lib/python3.7/site-packages/airflow/example_dags/example_branch_day_of_week_operator.py
[2022-07-22 22:12:18,669] {processor.py:642} INFO - Processing file /home/airflow/.local/lib/python3.7/site-packages/airflow/example_dags/example_branch_day_of_week_operator.py for tasks to queue
[2022-07-22 22:12:18,670] {logging_mixin.py:109} INFO - [2022-07-22 22:12:18,670] {dagbag.py:500} INFO - Filling up the DagBag from /home/airflow/.local/lib/python3.7/site-packages/airflow/example_dags/example_branch_day_of_week_operator.py
[2022-07-22 22:12:18,696] {processor.py:654} INFO - DAG(s) dict_keys(['example_weekday_branch_operator']) retrieved from /home/airflow/.local/lib/python3.7/site-packages/airflow/example_dags/example_branch_day_of_week_operator.py
[2022-07-22 22:12:18,706] {logging_mixin.py:109} INFO - [2022-07-22 22:12:18,706] {dag.py:2396} INFO - Sync 1 DAGs
[2022-07-22 22:12:18,722] {logging_mixin.py:109} INFO - [2022-07-22 22:12:18,722] {dag.py:2935} INFO - Setting next_dagrun for example_weekday_branch_operator to 2022-07-21 00:00:00+00:00
[2022-07-22 22:12:18,730] {processor.py:171} INFO - Processing /home/airflow/.local/lib/python3.7/site-packages/airflow/example_dags/example_branch_day_of_week_operator.py took 0.064 seconds
[2022-07-22 22:12:49,439] {processor.py:163} INFO - Started process (PID=1822) to work on /home/airflow/.local/lib/python3.7/site-packages/airflow/example_dags/example_branch_day_of_week_operator.py
[2022-07-22 22:12:49,440] {processor.py:642} INFO - Processing file /home/airflow/.local/lib/python3.7/site-packages/airflow/example_dags/example_branch_day_of_week_operator.py for tasks to queue
[2022-07-22 22:12:49,440] {logging_mixin.py:109} INFO - [2022-07-22 22:12:49,440] {dagbag.py:500} INFO - Filling up the DagBag from /home/airflow/.local/lib/python3.7/site-packages/airflow/example_dags/example_branch_day_of_week_operator.py
[2022-07-22 22:12:49,461] {processor.py:654} INFO - DAG(s) dict_keys(['example_weekday_branch_operator']) retrieved from /home/airflow/.local/lib/python3.7/site-packages/airflow/example_dags/example_branch_day_of_week_operator.py
[2022-07-22 22:12:49,469] {logging_mixin.py:109} INFO - [2022-07-22 22:12:49,469] {dag.py:2396} INFO - Sync 1 DAGs
[2022-07-22 22:12:49,484] {logging_mixin.py:109} INFO - [2022-07-22 22:12:49,484] {dag.py:2935} INFO - Setting next_dagrun for example_weekday_branch_operator to 2022-07-21 00:00:00+00:00
[2022-07-22 22:12:49,490] {processor.py:171} INFO - Processing /home/airflow/.local/lib/python3.7/site-packages/airflow/example_dags/example_branch_day_of_week_operator.py took 0.053 seconds
[2022-07-22 22:13:20,423] {processor.py:163} INFO - Started process (PID=1881) to work on /home/airflow/.local/lib/python3.7/site-packages/airflow/example_dags/example_branch_day_of_week_operator.py
[2022-07-22 22:13:20,424] {processor.py:642} INFO - Processing file /home/airflow/.local/lib/python3.7/site-packages/airflow/example_dags/example_branch_day_of_week_operator.py for tasks to queue
[2022-07-22 22:13:20,424] {logging_mixin.py:109} INFO - [2022-07-22 22:13:20,424] {dagbag.py:500} INFO - Filling up the DagBag from /home/airflow/.local/lib/python3.7/site-packages/airflow/example_dags/example_branch_day_of_week_operator.py
[2022-07-22 22:13:20,442] {processor.py:654} INFO - DAG(s) dict_keys(['example_weekday_branch_operator']) retrieved from /home/airflow/.local/lib/python3.7/site-packages/airflow/example_dags/example_branch_day_of_week_operator.py
[2022-07-22 22:13:20,448] {logging_mixin.py:109} INFO - [2022-07-22 22:13:20,448] {dag.py:2396} INFO - Sync 1 DAGs
[2022-07-22 22:13:20,459] {logging_mixin.py:109} INFO - [2022-07-22 22:13:20,459] {dag.py:2935} INFO - Setting next_dagrun for example_weekday_branch_operator to 2022-07-21 00:00:00+00:00
[2022-07-22 22:13:20,465] {processor.py:171} INFO - Processing /home/airflow/.local/lib/python3.7/site-packages/airflow/example_dags/example_branch_day_of_week_operator.py took 0.044 seconds
[2022-07-22 22:13:50,981] {processor.py:163} INFO - Started process (PID=1931) to work on /home/airflow/.local/lib/python3.7/site-packages/airflow/example_dags/example_branch_day_of_week_operator.py
[2022-07-22 22:13:50,982] {processor.py:642} INFO - Processing file /home/airflow/.local/lib/python3.7/site-packages/airflow/example_dags/example_branch_day_of_week_operator.py for tasks to queue
[2022-07-22 22:13:50,982] {logging_mixin.py:109} INFO - [2022-07-22 22:13:50,982] {dagbag.py:500} INFO - Filling up the DagBag from /home/airflow/.local/lib/python3.7/site-packages/airflow/example_dags/example_branch_day_of_week_operator.py
[2022-07-22 22:13:51,000] {processor.py:654} INFO - DAG(s) dict_keys(['example_weekday_branch_operator']) retrieved from /home/airflow/.local/lib/python3.7/site-packages/airflow/example_dags/example_branch_day_of_week_operator.py
[2022-07-22 22:13:51,007] {logging_mixin.py:109} INFO - [2022-07-22 22:13:51,007] {dag.py:2396} INFO - Sync 1 DAGs
[2022-07-22 22:13:51,019] {logging_mixin.py:109} INFO - [2022-07-22 22:13:51,019] {dag.py:2935} INFO - Setting next_dagrun for example_weekday_branch_operator to 2022-07-21 00:00:00+00:00
[2022-07-22 22:13:51,025] {processor.py:171} INFO - Processing /home/airflow/.local/lib/python3.7/site-packages/airflow/example_dags/example_branch_day_of_week_operator.py took 0.046 seconds
[2022-07-22 22:14:21,691] {processor.py:163} INFO - Started process (PID=1990) to work on /home/airflow/.local/lib/python3.7/site-packages/airflow/example_dags/example_branch_day_of_week_operator.py
[2022-07-22 22:14:21,692] {processor.py:642} INFO - Processing file /home/airflow/.local/lib/python3.7/site-packages/airflow/example_dags/example_branch_day_of_week_operator.py for tasks to queue
[2022-07-22 22:14:21,692] {logging_mixin.py:109} INFO - [2022-07-22 22:14:21,692] {dagbag.py:500} INFO - Filling up the DagBag from /home/airflow/.local/lib/python3.7/site-packages/airflow/example_dags/example_branch_day_of_week_operator.py
[2022-07-22 22:14:21,711] {processor.py:654} INFO - DAG(s) dict_keys(['example_weekday_branch_operator']) retrieved from /home/airflow/.local/lib/python3.7/site-packages/airflow/example_dags/example_branch_day_of_week_operator.py
[2022-07-22 22:14:21,717] {logging_mixin.py:109} INFO - [2022-07-22 22:14:21,717] {dag.py:2396} INFO - Sync 1 DAGs
[2022-07-22 22:14:21,729] {logging_mixin.py:109} INFO - [2022-07-22 22:14:21,729] {dag.py:2935} INFO - Setting next_dagrun for example_weekday_branch_operator to 2022-07-21 00:00:00+00:00
[2022-07-22 22:14:21,735] {processor.py:171} INFO - Processing /home/airflow/.local/lib/python3.7/site-packages/airflow/example_dags/example_branch_day_of_week_operator.py took 0.046 seconds
[2022-07-22 22:14:52,257] {processor.py:163} INFO - Started process (PID=2050) to work on /home/airflow/.local/lib/python3.7/site-packages/airflow/example_dags/example_branch_day_of_week_operator.py
[2022-07-22 22:14:52,258] {processor.py:642} INFO - Processing file /home/airflow/.local/lib/python3.7/site-packages/airflow/example_dags/example_branch_day_of_week_operator.py for tasks to queue
[2022-07-22 22:14:52,258] {logging_mixin.py:109} INFO - [2022-07-22 22:14:52,258] {dagbag.py:500} INFO - Filling up the DagBag from /home/airflow/.local/lib/python3.7/site-packages/airflow/example_dags/example_branch_day_of_week_operator.py
[2022-07-22 22:14:52,277] {processor.py:654} INFO - DAG(s) dict_keys(['example_weekday_branch_operator']) retrieved from /home/airflow/.local/lib/python3.7/site-packages/airflow/example_dags/example_branch_day_of_week_operator.py
[2022-07-22 22:14:52,283] {logging_mixin.py:109} INFO - [2022-07-22 22:14:52,283] {dag.py:2396} INFO - Sync 1 DAGs
[2022-07-22 22:14:52,294] {logging_mixin.py:109} INFO - [2022-07-22 22:14:52,294] {dag.py:2935} INFO - Setting next_dagrun for example_weekday_branch_operator to 2022-07-21 00:00:00+00:00
[2022-07-22 22:14:52,300] {processor.py:171} INFO - Processing /home/airflow/.local/lib/python3.7/site-packages/airflow/example_dags/example_branch_day_of_week_operator.py took 0.045 seconds
[2022-07-22 22:15:22,816] {processor.py:163} INFO - Started process (PID=2100) to work on /home/airflow/.local/lib/python3.7/site-packages/airflow/example_dags/example_branch_day_of_week_operator.py
[2022-07-22 22:15:22,817] {processor.py:642} INFO - Processing file /home/airflow/.local/lib/python3.7/site-packages/airflow/example_dags/example_branch_day_of_week_operator.py for tasks to queue
[2022-07-22 22:15:22,817] {logging_mixin.py:109} INFO - [2022-07-22 22:15:22,817] {dagbag.py:500} INFO - Filling up the DagBag from /home/airflow/.local/lib/python3.7/site-packages/airflow/example_dags/example_branch_day_of_week_operator.py
[2022-07-22 22:15:22,835] {processor.py:654} INFO - DAG(s) dict_keys(['example_weekday_branch_operator']) retrieved from /home/airflow/.local/lib/python3.7/site-packages/airflow/example_dags/example_branch_day_of_week_operator.py
[2022-07-22 22:15:22,842] {logging_mixin.py:109} INFO - [2022-07-22 22:15:22,842] {dag.py:2396} INFO - Sync 1 DAGs
[2022-07-22 22:15:22,853] {logging_mixin.py:109} INFO - [2022-07-22 22:15:22,853] {dag.py:2935} INFO - Setting next_dagrun for example_weekday_branch_operator to 2022-07-21 00:00:00+00:00
[2022-07-22 22:15:22,859] {processor.py:171} INFO - Processing /home/airflow/.local/lib/python3.7/site-packages/airflow/example_dags/example_branch_day_of_week_operator.py took 0.045 seconds
[2022-07-22 22:15:53,535] {processor.py:163} INFO - Started process (PID=2159) to work on /home/airflow/.local/lib/python3.7/site-packages/airflow/example_dags/example_branch_day_of_week_operator.py
[2022-07-22 22:15:53,536] {processor.py:642} INFO - Processing file /home/airflow/.local/lib/python3.7/site-packages/airflow/example_dags/example_branch_day_of_week_operator.py for tasks to queue
[2022-07-22 22:15:53,536] {logging_mixin.py:109} INFO - [2022-07-22 22:15:53,536] {dagbag.py:500} INFO - Filling up the DagBag from /home/airflow/.local/lib/python3.7/site-packages/airflow/example_dags/example_branch_day_of_week_operator.py
[2022-07-22 22:15:53,556] {processor.py:654} INFO - DAG(s) dict_keys(['example_weekday_branch_operator']) retrieved from /home/airflow/.local/lib/python3.7/site-packages/airflow/example_dags/example_branch_day_of_week_operator.py
[2022-07-22 22:15:53,563] {logging_mixin.py:109} INFO - [2022-07-22 22:15:53,563] {dag.py:2396} INFO - Sync 1 DAGs
[2022-07-22 22:15:53,575] {logging_mixin.py:109} INFO - [2022-07-22 22:15:53,575] {dag.py:2935} INFO - Setting next_dagrun for example_weekday_branch_operator to 2022-07-21 00:00:00+00:00
[2022-07-22 22:15:53,582] {processor.py:171} INFO - Processing /home/airflow/.local/lib/python3.7/site-packages/airflow/example_dags/example_branch_day_of_week_operator.py took 0.049 seconds
[2022-07-22 22:16:24,169] {processor.py:163} INFO - Started process (PID=2209) to work on /home/airflow/.local/lib/python3.7/site-packages/airflow/example_dags/example_branch_day_of_week_operator.py
[2022-07-22 22:16:24,170] {processor.py:642} INFO - Processing file /home/airflow/.local/lib/python3.7/site-packages/airflow/example_dags/example_branch_day_of_week_operator.py for tasks to queue
[2022-07-22 22:16:24,171] {logging_mixin.py:109} INFO - [2022-07-22 22:16:24,171] {dagbag.py:500} INFO - Filling up the DagBag from /home/airflow/.local/lib/python3.7/site-packages/airflow/example_dags/example_branch_day_of_week_operator.py
[2022-07-22 22:16:24,189] {processor.py:654} INFO - DAG(s) dict_keys(['example_weekday_branch_operator']) retrieved from /home/airflow/.local/lib/python3.7/site-packages/airflow/example_dags/example_branch_day_of_week_operator.py
[2022-07-22 22:16:24,195] {logging_mixin.py:109} INFO - [2022-07-22 22:16:24,195] {dag.py:2396} INFO - Sync 1 DAGs
[2022-07-22 22:16:24,208] {logging_mixin.py:109} INFO - [2022-07-22 22:16:24,208] {dag.py:2935} INFO - Setting next_dagrun for example_weekday_branch_operator to 2022-07-21 00:00:00+00:00
[2022-07-22 22:16:24,213] {processor.py:171} INFO - Processing /home/airflow/.local/lib/python3.7/site-packages/airflow/example_dags/example_branch_day_of_week_operator.py took 0.046 seconds
[2022-07-22 22:16:54,584] {processor.py:163} INFO - Started process (PID=2268) to work on /home/airflow/.local/lib/python3.7/site-packages/airflow/example_dags/example_branch_day_of_week_operator.py
[2022-07-22 22:16:54,585] {processor.py:642} INFO - Processing file /home/airflow/.local/lib/python3.7/site-packages/airflow/example_dags/example_branch_day_of_week_operator.py for tasks to queue
[2022-07-22 22:16:54,585] {logging_mixin.py:109} INFO - [2022-07-22 22:16:54,585] {dagbag.py:500} INFO - Filling up the DagBag from /home/airflow/.local/lib/python3.7/site-packages/airflow/example_dags/example_branch_day_of_week_operator.py
[2022-07-22 22:16:54,604] {processor.py:654} INFO - DAG(s) dict_keys(['example_weekday_branch_operator']) retrieved from /home/airflow/.local/lib/python3.7/site-packages/airflow/example_dags/example_branch_day_of_week_operator.py
[2022-07-22 22:16:54,611] {logging_mixin.py:109} INFO - [2022-07-22 22:16:54,611] {dag.py:2396} INFO - Sync 1 DAGs
[2022-07-22 22:16:54,623] {logging_mixin.py:109} INFO - [2022-07-22 22:16:54,623] {dag.py:2935} INFO - Setting next_dagrun for example_weekday_branch_operator to 2022-07-21 00:00:00+00:00
[2022-07-22 22:16:54,629] {processor.py:171} INFO - Processing /home/airflow/.local/lib/python3.7/site-packages/airflow/example_dags/example_branch_day_of_week_operator.py took 0.048 seconds
[2022-07-22 22:17:25,175] {processor.py:163} INFO - Started process (PID=2324) to work on /home/airflow/.local/lib/python3.7/site-packages/airflow/example_dags/example_branch_day_of_week_operator.py
[2022-07-22 22:17:25,176] {processor.py:642} INFO - Processing file /home/airflow/.local/lib/python3.7/site-packages/airflow/example_dags/example_branch_day_of_week_operator.py for tasks to queue
[2022-07-22 22:17:25,176] {logging_mixin.py:109} INFO - [2022-07-22 22:17:25,176] {dagbag.py:500} INFO - Filling up the DagBag from /home/airflow/.local/lib/python3.7/site-packages/airflow/example_dags/example_branch_day_of_week_operator.py
[2022-07-22 22:17:25,200] {processor.py:654} INFO - DAG(s) dict_keys(['example_weekday_branch_operator']) retrieved from /home/airflow/.local/lib/python3.7/site-packages/airflow/example_dags/example_branch_day_of_week_operator.py
[2022-07-22 22:17:25,208] {logging_mixin.py:109} INFO - [2022-07-22 22:17:25,208] {dag.py:2396} INFO - Sync 1 DAGs
[2022-07-22 22:17:25,225] {logging_mixin.py:109} INFO - [2022-07-22 22:17:25,225] {dag.py:2935} INFO - Setting next_dagrun for example_weekday_branch_operator to 2022-07-21 00:00:00+00:00
[2022-07-22 22:17:25,233] {processor.py:171} INFO - Processing /home/airflow/.local/lib/python3.7/site-packages/airflow/example_dags/example_branch_day_of_week_operator.py took 0.060 seconds
[2022-07-22 22:17:56,064] {processor.py:163} INFO - Started process (PID=2377) to work on /home/airflow/.local/lib/python3.7/site-packages/airflow/example_dags/example_branch_day_of_week_operator.py
[2022-07-22 22:17:56,065] {processor.py:642} INFO - Processing file /home/airflow/.local/lib/python3.7/site-packages/airflow/example_dags/example_branch_day_of_week_operator.py for tasks to queue
[2022-07-22 22:17:56,065] {logging_mixin.py:109} INFO - [2022-07-22 22:17:56,065] {dagbag.py:500} INFO - Filling up the DagBag from /home/airflow/.local/lib/python3.7/site-packages/airflow/example_dags/example_branch_day_of_week_operator.py
[2022-07-22 22:17:56,084] {processor.py:654} INFO - DAG(s) dict_keys(['example_weekday_branch_operator']) retrieved from /home/airflow/.local/lib/python3.7/site-packages/airflow/example_dags/example_branch_day_of_week_operator.py
[2022-07-22 22:17:56,090] {logging_mixin.py:109} INFO - [2022-07-22 22:17:56,090] {dag.py:2396} INFO - Sync 1 DAGs
[2022-07-22 22:17:56,102] {logging_mixin.py:109} INFO - [2022-07-22 22:17:56,102] {dag.py:2935} INFO - Setting next_dagrun for example_weekday_branch_operator to 2022-07-21 00:00:00+00:00
[2022-07-22 22:17:56,108] {processor.py:171} INFO - Processing /home/airflow/.local/lib/python3.7/site-packages/airflow/example_dags/example_branch_day_of_week_operator.py took 0.046 seconds
[2022-07-22 22:18:26,692] {processor.py:163} INFO - Started process (PID=2436) to work on /home/airflow/.local/lib/python3.7/site-packages/airflow/example_dags/example_branch_day_of_week_operator.py
[2022-07-22 22:18:26,693] {processor.py:642} INFO - Processing file /home/airflow/.local/lib/python3.7/site-packages/airflow/example_dags/example_branch_day_of_week_operator.py for tasks to queue
[2022-07-22 22:18:26,693] {logging_mixin.py:109} INFO - [2022-07-22 22:18:26,693] {dagbag.py:500} INFO - Filling up the DagBag from /home/airflow/.local/lib/python3.7/site-packages/airflow/example_dags/example_branch_day_of_week_operator.py
[2022-07-22 22:18:26,712] {processor.py:654} INFO - DAG(s) dict_keys(['example_weekday_branch_operator']) retrieved from /home/airflow/.local/lib/python3.7/site-packages/airflow/example_dags/example_branch_day_of_week_operator.py
[2022-07-22 22:18:26,719] {logging_mixin.py:109} INFO - [2022-07-22 22:18:26,719] {dag.py:2396} INFO - Sync 1 DAGs
[2022-07-22 22:18:26,732] {logging_mixin.py:109} INFO - [2022-07-22 22:18:26,732] {dag.py:2935} INFO - Setting next_dagrun for example_weekday_branch_operator to 2022-07-21 00:00:00+00:00
[2022-07-22 22:18:26,738] {processor.py:171} INFO - Processing /home/airflow/.local/lib/python3.7/site-packages/airflow/example_dags/example_branch_day_of_week_operator.py took 0.048 seconds
[2022-07-22 22:18:57,445] {processor.py:163} INFO - Started process (PID=2486) to work on /home/airflow/.local/lib/python3.7/site-packages/airflow/example_dags/example_branch_day_of_week_operator.py
[2022-07-22 22:18:57,446] {processor.py:642} INFO - Processing file /home/airflow/.local/lib/python3.7/site-packages/airflow/example_dags/example_branch_day_of_week_operator.py for tasks to queue
[2022-07-22 22:18:57,446] {logging_mixin.py:109} INFO - [2022-07-22 22:18:57,446] {dagbag.py:500} INFO - Filling up the DagBag from /home/airflow/.local/lib/python3.7/site-packages/airflow/example_dags/example_branch_day_of_week_operator.py
[2022-07-22 22:18:57,465] {processor.py:654} INFO - DAG(s) dict_keys(['example_weekday_branch_operator']) retrieved from /home/airflow/.local/lib/python3.7/site-packages/airflow/example_dags/example_branch_day_of_week_operator.py
[2022-07-22 22:18:57,472] {logging_mixin.py:109} INFO - [2022-07-22 22:18:57,472] {dag.py:2396} INFO - Sync 1 DAGs
[2022-07-22 22:18:57,484] {logging_mixin.py:109} INFO - [2022-07-22 22:18:57,484] {dag.py:2935} INFO - Setting next_dagrun for example_weekday_branch_operator to 2022-07-21 00:00:00+00:00
[2022-07-22 22:18:57,491] {processor.py:171} INFO - Processing /home/airflow/.local/lib/python3.7/site-packages/airflow/example_dags/example_branch_day_of_week_operator.py took 0.047 seconds
[2022-07-22 22:19:28,320] {processor.py:163} INFO - Started process (PID=2545) to work on /home/airflow/.local/lib/python3.7/site-packages/airflow/example_dags/example_branch_day_of_week_operator.py
[2022-07-22 22:19:28,321] {processor.py:642} INFO - Processing file /home/airflow/.local/lib/python3.7/site-packages/airflow/example_dags/example_branch_day_of_week_operator.py for tasks to queue
[2022-07-22 22:19:28,321] {logging_mixin.py:109} INFO - [2022-07-22 22:19:28,321] {dagbag.py:500} INFO - Filling up the DagBag from /home/airflow/.local/lib/python3.7/site-packages/airflow/example_dags/example_branch_day_of_week_operator.py
[2022-07-22 22:19:28,340] {processor.py:654} INFO - DAG(s) dict_keys(['example_weekday_branch_operator']) retrieved from /home/airflow/.local/lib/python3.7/site-packages/airflow/example_dags/example_branch_day_of_week_operator.py
[2022-07-22 22:19:28,347] {logging_mixin.py:109} INFO - [2022-07-22 22:19:28,347] {dag.py:2396} INFO - Sync 1 DAGs
[2022-07-22 22:19:28,359] {logging_mixin.py:109} INFO - [2022-07-22 22:19:28,359] {dag.py:2935} INFO - Setting next_dagrun for example_weekday_branch_operator to 2022-07-21 00:00:00+00:00
[2022-07-22 22:19:28,365] {processor.py:171} INFO - Processing /home/airflow/.local/lib/python3.7/site-packages/airflow/example_dags/example_branch_day_of_week_operator.py took 0.047 seconds
[2022-07-22 22:19:59,032] {processor.py:163} INFO - Started process (PID=2604) to work on /home/airflow/.local/lib/python3.7/site-packages/airflow/example_dags/example_branch_day_of_week_operator.py
[2022-07-22 22:19:59,033] {processor.py:642} INFO - Processing file /home/airflow/.local/lib/python3.7/site-packages/airflow/example_dags/example_branch_day_of_week_operator.py for tasks to queue
[2022-07-22 22:19:59,033] {logging_mixin.py:109} INFO - [2022-07-22 22:19:59,033] {dagbag.py:500} INFO - Filling up the DagBag from /home/airflow/.local/lib/python3.7/site-packages/airflow/example_dags/example_branch_day_of_week_operator.py
[2022-07-22 22:19:59,054] {processor.py:654} INFO - DAG(s) dict_keys(['example_weekday_branch_operator']) retrieved from /home/airflow/.local/lib/python3.7/site-packages/airflow/example_dags/example_branch_day_of_week_operator.py
[2022-07-22 22:19:59,063] {logging_mixin.py:109} INFO - [2022-07-22 22:19:59,063] {dag.py:2396} INFO - Sync 1 DAGs
[2022-07-22 22:19:59,080] {logging_mixin.py:109} INFO - [2022-07-22 22:19:59,080] {dag.py:2935} INFO - Setting next_dagrun for example_weekday_branch_operator to 2022-07-21 00:00:00+00:00
[2022-07-22 22:19:59,088] {processor.py:171} INFO - Processing /home/airflow/.local/lib/python3.7/site-packages/airflow/example_dags/example_branch_day_of_week_operator.py took 0.058 seconds
[2022-07-22 22:20:29,148] {processor.py:163} INFO - Started process (PID=2655) to work on /home/airflow/.local/lib/python3.7/site-packages/airflow/example_dags/example_branch_day_of_week_operator.py
[2022-07-22 22:20:29,148] {processor.py:642} INFO - Processing file /home/airflow/.local/lib/python3.7/site-packages/airflow/example_dags/example_branch_day_of_week_operator.py for tasks to queue
[2022-07-22 22:20:29,149] {logging_mixin.py:109} INFO - [2022-07-22 22:20:29,149] {dagbag.py:500} INFO - Filling up the DagBag from /home/airflow/.local/lib/python3.7/site-packages/airflow/example_dags/example_branch_day_of_week_operator.py
[2022-07-22 22:20:29,166] {processor.py:654} INFO - DAG(s) dict_keys(['example_weekday_branch_operator']) retrieved from /home/airflow/.local/lib/python3.7/site-packages/airflow/example_dags/example_branch_day_of_week_operator.py
[2022-07-22 22:20:29,172] {logging_mixin.py:109} INFO - [2022-07-22 22:20:29,172] {dag.py:2396} INFO - Sync 1 DAGs
[2022-07-22 22:20:29,184] {logging_mixin.py:109} INFO - [2022-07-22 22:20:29,184] {dag.py:2935} INFO - Setting next_dagrun for example_weekday_branch_operator to 2022-07-21 00:00:00+00:00
[2022-07-22 22:20:29,250] {processor.py:171} INFO - Processing /home/airflow/.local/lib/python3.7/site-packages/airflow/example_dags/example_branch_day_of_week_operator.py took 0.104 seconds
[2022-07-22 22:20:59,440] {processor.py:163} INFO - Started process (PID=2713) to work on /home/airflow/.local/lib/python3.7/site-packages/airflow/example_dags/example_branch_day_of_week_operator.py
[2022-07-22 22:20:59,441] {processor.py:642} INFO - Processing file /home/airflow/.local/lib/python3.7/site-packages/airflow/example_dags/example_branch_day_of_week_operator.py for tasks to queue
[2022-07-22 22:20:59,441] {logging_mixin.py:109} INFO - [2022-07-22 22:20:59,441] {dagbag.py:500} INFO - Filling up the DagBag from /home/airflow/.local/lib/python3.7/site-packages/airflow/example_dags/example_branch_day_of_week_operator.py
[2022-07-22 22:20:59,461] {processor.py:654} INFO - DAG(s) dict_keys(['example_weekday_branch_operator']) retrieved from /home/airflow/.local/lib/python3.7/site-packages/airflow/example_dags/example_branch_day_of_week_operator.py
[2022-07-22 22:20:59,468] {logging_mixin.py:109} INFO - [2022-07-22 22:20:59,468] {dag.py:2396} INFO - Sync 1 DAGs
[2022-07-22 22:20:59,481] {logging_mixin.py:109} INFO - [2022-07-22 22:20:59,481] {dag.py:2935} INFO - Setting next_dagrun for example_weekday_branch_operator to 2022-07-21 00:00:00+00:00
[2022-07-22 22:20:59,555] {processor.py:171} INFO - Processing /home/airflow/.local/lib/python3.7/site-packages/airflow/example_dags/example_branch_day_of_week_operator.py took 0.117 seconds
[2022-07-22 22:21:29,762] {processor.py:163} INFO - Started process (PID=2763) to work on /home/airflow/.local/lib/python3.7/site-packages/airflow/example_dags/example_branch_day_of_week_operator.py
[2022-07-22 22:21:29,762] {processor.py:642} INFO - Processing file /home/airflow/.local/lib/python3.7/site-packages/airflow/example_dags/example_branch_day_of_week_operator.py for tasks to queue
[2022-07-22 22:21:29,763] {logging_mixin.py:109} INFO - [2022-07-22 22:21:29,763] {dagbag.py:500} INFO - Filling up the DagBag from /home/airflow/.local/lib/python3.7/site-packages/airflow/example_dags/example_branch_day_of_week_operator.py
[2022-07-22 22:21:29,780] {processor.py:654} INFO - DAG(s) dict_keys(['example_weekday_branch_operator']) retrieved from /home/airflow/.local/lib/python3.7/site-packages/airflow/example_dags/example_branch_day_of_week_operator.py
[2022-07-22 22:21:29,787] {logging_mixin.py:109} INFO - [2022-07-22 22:21:29,787] {dag.py:2396} INFO - Sync 1 DAGs
[2022-07-22 22:21:29,858] {logging_mixin.py:109} INFO - [2022-07-22 22:21:29,857] {dag.py:2935} INFO - Setting next_dagrun for example_weekday_branch_operator to 2022-07-21 00:00:00+00:00
[2022-07-22 22:21:29,865] {processor.py:171} INFO - Processing /home/airflow/.local/lib/python3.7/site-packages/airflow/example_dags/example_branch_day_of_week_operator.py took 0.105 seconds
[2022-07-22 22:22:00,683] {processor.py:163} INFO - Started process (PID=2822) to work on /home/airflow/.local/lib/python3.7/site-packages/airflow/example_dags/example_branch_day_of_week_operator.py
[2022-07-22 22:22:00,684] {processor.py:642} INFO - Processing file /home/airflow/.local/lib/python3.7/site-packages/airflow/example_dags/example_branch_day_of_week_operator.py for tasks to queue
[2022-07-22 22:22:00,684] {logging_mixin.py:109} INFO - [2022-07-22 22:22:00,684] {dagbag.py:500} INFO - Filling up the DagBag from /home/airflow/.local/lib/python3.7/site-packages/airflow/example_dags/example_branch_day_of_week_operator.py
[2022-07-22 22:22:00,703] {processor.py:654} INFO - DAG(s) dict_keys(['example_weekday_branch_operator']) retrieved from /home/airflow/.local/lib/python3.7/site-packages/airflow/example_dags/example_branch_day_of_week_operator.py
[2022-07-22 22:22:00,709] {logging_mixin.py:109} INFO - [2022-07-22 22:22:00,709] {dag.py:2396} INFO - Sync 1 DAGs
[2022-07-22 22:22:00,784] {logging_mixin.py:109} INFO - [2022-07-22 22:22:00,784] {dag.py:2935} INFO - Setting next_dagrun for example_weekday_branch_operator to 2022-07-21 00:00:00+00:00
[2022-07-22 22:22:00,790] {processor.py:171} INFO - Processing /home/airflow/.local/lib/python3.7/site-packages/airflow/example_dags/example_branch_day_of_week_operator.py took 0.109 seconds
[2022-07-22 22:22:31,279] {processor.py:163} INFO - Started process (PID=2872) to work on /home/airflow/.local/lib/python3.7/site-packages/airflow/example_dags/example_branch_day_of_week_operator.py
[2022-07-22 22:22:31,279] {processor.py:642} INFO - Processing file /home/airflow/.local/lib/python3.7/site-packages/airflow/example_dags/example_branch_day_of_week_operator.py for tasks to queue
[2022-07-22 22:22:31,279] {logging_mixin.py:109} INFO - [2022-07-22 22:22:31,279] {dagbag.py:500} INFO - Filling up the DagBag from /home/airflow/.local/lib/python3.7/site-packages/airflow/example_dags/example_branch_day_of_week_operator.py
[2022-07-22 22:22:31,297] {processor.py:654} INFO - DAG(s) dict_keys(['example_weekday_branch_operator']) retrieved from /home/airflow/.local/lib/python3.7/site-packages/airflow/example_dags/example_branch_day_of_week_operator.py
[2022-07-22 22:22:31,373] {logging_mixin.py:109} INFO - [2022-07-22 22:22:31,373] {dag.py:2396} INFO - Sync 1 DAGs
[2022-07-22 22:22:31,383] {logging_mixin.py:109} INFO - [2022-07-22 22:22:31,383] {dag.py:2935} INFO - Setting next_dagrun for example_weekday_branch_operator to 2022-07-21 00:00:00+00:00
[2022-07-22 22:22:31,389] {processor.py:171} INFO - Processing /home/airflow/.local/lib/python3.7/site-packages/airflow/example_dags/example_branch_day_of_week_operator.py took 0.112 seconds
[2022-07-22 22:23:02,151] {processor.py:163} INFO - Started process (PID=2931) to work on /home/airflow/.local/lib/python3.7/site-packages/airflow/example_dags/example_branch_day_of_week_operator.py
[2022-07-22 22:23:02,152] {processor.py:642} INFO - Processing file /home/airflow/.local/lib/python3.7/site-packages/airflow/example_dags/example_branch_day_of_week_operator.py for tasks to queue
[2022-07-22 22:23:02,152] {logging_mixin.py:109} INFO - [2022-07-22 22:23:02,152] {dagbag.py:500} INFO - Filling up the DagBag from /home/airflow/.local/lib/python3.7/site-packages/airflow/example_dags/example_branch_day_of_week_operator.py
[2022-07-22 22:23:02,170] {processor.py:654} INFO - DAG(s) dict_keys(['example_weekday_branch_operator']) retrieved from /home/airflow/.local/lib/python3.7/site-packages/airflow/example_dags/example_branch_day_of_week_operator.py
[2022-07-22 22:23:02,242] {logging_mixin.py:109} INFO - [2022-07-22 22:23:02,242] {dag.py:2396} INFO - Sync 1 DAGs
[2022-07-22 22:23:02,253] {logging_mixin.py:109} INFO - [2022-07-22 22:23:02,253] {dag.py:2935} INFO - Setting next_dagrun for example_weekday_branch_operator to 2022-07-21 00:00:00+00:00
[2022-07-22 22:23:02,259] {processor.py:171} INFO - Processing /home/airflow/.local/lib/python3.7/site-packages/airflow/example_dags/example_branch_day_of_week_operator.py took 0.110 seconds
[2022-07-22 22:23:32,673] {processor.py:163} INFO - Started process (PID=2990) to work on /home/airflow/.local/lib/python3.7/site-packages/airflow/example_dags/example_branch_day_of_week_operator.py
[2022-07-22 22:23:32,674] {processor.py:642} INFO - Processing file /home/airflow/.local/lib/python3.7/site-packages/airflow/example_dags/example_branch_day_of_week_operator.py for tasks to queue
[2022-07-22 22:23:32,674] {logging_mixin.py:109} INFO - [2022-07-22 22:23:32,674] {dagbag.py:500} INFO - Filling up the DagBag from /home/airflow/.local/lib/python3.7/site-packages/airflow/example_dags/example_branch_day_of_week_operator.py
[2022-07-22 22:23:32,761] {processor.py:654} INFO - DAG(s) dict_keys(['example_weekday_branch_operator']) retrieved from /home/airflow/.local/lib/python3.7/site-packages/airflow/example_dags/example_branch_day_of_week_operator.py
[2022-07-22 22:23:32,767] {logging_mixin.py:109} INFO - [2022-07-22 22:23:32,767] {dag.py:2396} INFO - Sync 1 DAGs
[2022-07-22 22:23:32,778] {logging_mixin.py:109} INFO - [2022-07-22 22:23:32,778] {dag.py:2935} INFO - Setting next_dagrun for example_weekday_branch_operator to 2022-07-21 00:00:00+00:00
[2022-07-22 22:23:32,784] {processor.py:171} INFO - Processing /home/airflow/.local/lib/python3.7/site-packages/airflow/example_dags/example_branch_day_of_week_operator.py took 0.113 seconds
[2022-07-22 22:24:03,369] {processor.py:163} INFO - Started process (PID=3040) to work on /home/airflow/.local/lib/python3.7/site-packages/airflow/example_dags/example_branch_day_of_week_operator.py
[2022-07-22 22:24:03,370] {processor.py:642} INFO - Processing file /home/airflow/.local/lib/python3.7/site-packages/airflow/example_dags/example_branch_day_of_week_operator.py for tasks to queue
[2022-07-22 22:24:03,371] {logging_mixin.py:109} INFO - [2022-07-22 22:24:03,371] {dagbag.py:500} INFO - Filling up the DagBag from /home/airflow/.local/lib/python3.7/site-packages/airflow/example_dags/example_branch_day_of_week_operator.py
[2022-07-22 22:24:03,461] {processor.py:654} INFO - DAG(s) dict_keys(['example_weekday_branch_operator']) retrieved from /home/airflow/.local/lib/python3.7/site-packages/airflow/example_dags/example_branch_day_of_week_operator.py
[2022-07-22 22:24:03,468] {logging_mixin.py:109} INFO - [2022-07-22 22:24:03,467] {dag.py:2396} INFO - Sync 1 DAGs
[2022-07-22 22:24:03,479] {logging_mixin.py:109} INFO - [2022-07-22 22:24:03,479] {dag.py:2935} INFO - Setting next_dagrun for example_weekday_branch_operator to 2022-07-21 00:00:00+00:00
[2022-07-22 22:24:03,485] {processor.py:171} INFO - Processing /home/airflow/.local/lib/python3.7/site-packages/airflow/example_dags/example_branch_day_of_week_operator.py took 0.117 seconds
[2022-07-22 22:24:34,387] {processor.py:163} INFO - Started process (PID=3099) to work on /home/airflow/.local/lib/python3.7/site-packages/airflow/example_dags/example_branch_day_of_week_operator.py
[2022-07-22 22:24:34,387] {processor.py:642} INFO - Processing file /home/airflow/.local/lib/python3.7/site-packages/airflow/example_dags/example_branch_day_of_week_operator.py for tasks to queue
[2022-07-22 22:24:34,388] {logging_mixin.py:109} INFO - [2022-07-22 22:24:34,388] {dagbag.py:500} INFO - Filling up the DagBag from /home/airflow/.local/lib/python3.7/site-packages/airflow/example_dags/example_branch_day_of_week_operator.py
[2022-07-22 22:24:34,468] {processor.py:654} INFO - DAG(s) dict_keys(['example_weekday_branch_operator']) retrieved from /home/airflow/.local/lib/python3.7/site-packages/airflow/example_dags/example_branch_day_of_week_operator.py
[2022-07-22 22:24:34,474] {logging_mixin.py:109} INFO - [2022-07-22 22:24:34,474] {dag.py:2396} INFO - Sync 1 DAGs
[2022-07-22 22:24:34,485] {logging_mixin.py:109} INFO - [2022-07-22 22:24:34,485] {dag.py:2935} INFO - Setting next_dagrun for example_weekday_branch_operator to 2022-07-21 00:00:00+00:00
[2022-07-22 22:24:34,490] {processor.py:171} INFO - Processing /home/airflow/.local/lib/python3.7/site-packages/airflow/example_dags/example_branch_day_of_week_operator.py took 0.105 seconds
[2022-07-22 22:25:04,998] {processor.py:163} INFO - Started process (PID=3148) to work on /home/airflow/.local/lib/python3.7/site-packages/airflow/example_dags/example_branch_day_of_week_operator.py
[2022-07-22 22:25:04,999] {processor.py:642} INFO - Processing file /home/airflow/.local/lib/python3.7/site-packages/airflow/example_dags/example_branch_day_of_week_operator.py for tasks to queue
[2022-07-22 22:25:04,999] {logging_mixin.py:109} INFO - [2022-07-22 22:25:04,999] {dagbag.py:500} INFO - Filling up the DagBag from /home/airflow/.local/lib/python3.7/site-packages/airflow/example_dags/example_branch_day_of_week_operator.py
[2022-07-22 22:25:05,085] {processor.py:654} INFO - DAG(s) dict_keys(['example_weekday_branch_operator']) retrieved from /home/airflow/.local/lib/python3.7/site-packages/airflow/example_dags/example_branch_day_of_week_operator.py
[2022-07-22 22:25:05,091] {logging_mixin.py:109} INFO - [2022-07-22 22:25:05,091] {dag.py:2396} INFO - Sync 1 DAGs
[2022-07-22 22:25:05,102] {logging_mixin.py:109} INFO - [2022-07-22 22:25:05,102] {dag.py:2935} INFO - Setting next_dagrun for example_weekday_branch_operator to 2022-07-21 00:00:00+00:00
[2022-07-22 22:25:05,107] {processor.py:171} INFO - Processing /home/airflow/.local/lib/python3.7/site-packages/airflow/example_dags/example_branch_day_of_week_operator.py took 0.110 seconds
[2022-07-22 22:25:35,624] {processor.py:163} INFO - Started process (PID=3207) to work on /home/airflow/.local/lib/python3.7/site-packages/airflow/example_dags/example_branch_day_of_week_operator.py
[2022-07-22 22:25:35,624] {processor.py:642} INFO - Processing file /home/airflow/.local/lib/python3.7/site-packages/airflow/example_dags/example_branch_day_of_week_operator.py for tasks to queue
[2022-07-22 22:25:35,624] {logging_mixin.py:109} INFO - [2022-07-22 22:25:35,624] {dagbag.py:500} INFO - Filling up the DagBag from /home/airflow/.local/lib/python3.7/site-packages/airflow/example_dags/example_branch_day_of_week_operator.py
[2022-07-22 22:25:35,642] {processor.py:654} INFO - DAG(s) dict_keys(['example_weekday_branch_operator']) retrieved from /home/airflow/.local/lib/python3.7/site-packages/airflow/example_dags/example_branch_day_of_week_operator.py
[2022-07-22 22:25:35,648] {logging_mixin.py:109} INFO - [2022-07-22 22:25:35,648] {dag.py:2396} INFO - Sync 1 DAGs
[2022-07-22 22:25:35,659] {logging_mixin.py:109} INFO - [2022-07-22 22:25:35,659] {dag.py:2935} INFO - Setting next_dagrun for example_weekday_branch_operator to 2022-07-21 00:00:00+00:00
[2022-07-22 22:25:35,665] {processor.py:171} INFO - Processing /home/airflow/.local/lib/python3.7/site-packages/airflow/example_dags/example_branch_day_of_week_operator.py took 0.043 seconds
[2022-07-22 22:26:06,129] {processor.py:163} INFO - Started process (PID=3266) to work on /home/airflow/.local/lib/python3.7/site-packages/airflow/example_dags/example_branch_day_of_week_operator.py
[2022-07-22 22:26:06,130] {processor.py:642} INFO - Processing file /home/airflow/.local/lib/python3.7/site-packages/airflow/example_dags/example_branch_day_of_week_operator.py for tasks to queue
[2022-07-22 22:26:06,130] {logging_mixin.py:109} INFO - [2022-07-22 22:26:06,130] {dagbag.py:500} INFO - Filling up the DagBag from /home/airflow/.local/lib/python3.7/site-packages/airflow/example_dags/example_branch_day_of_week_operator.py
[2022-07-22 22:26:06,150] {processor.py:654} INFO - DAG(s) dict_keys(['example_weekday_branch_operator']) retrieved from /home/airflow/.local/lib/python3.7/site-packages/airflow/example_dags/example_branch_day_of_week_operator.py
[2022-07-22 22:26:06,156] {logging_mixin.py:109} INFO - [2022-07-22 22:26:06,156] {dag.py:2396} INFO - Sync 1 DAGs
[2022-07-22 22:26:06,169] {logging_mixin.py:109} INFO - [2022-07-22 22:26:06,169] {dag.py:2935} INFO - Setting next_dagrun for example_weekday_branch_operator to 2022-07-21 00:00:00+00:00
[2022-07-22 22:26:06,176] {processor.py:171} INFO - Processing /home/airflow/.local/lib/python3.7/site-packages/airflow/example_dags/example_branch_day_of_week_operator.py took 0.049 seconds
[2022-07-22 22:26:36,645] {processor.py:163} INFO - Started process (PID=3316) to work on /home/airflow/.local/lib/python3.7/site-packages/airflow/example_dags/example_branch_day_of_week_operator.py
[2022-07-22 22:26:36,646] {processor.py:642} INFO - Processing file /home/airflow/.local/lib/python3.7/site-packages/airflow/example_dags/example_branch_day_of_week_operator.py for tasks to queue
[2022-07-22 22:26:36,646] {logging_mixin.py:109} INFO - [2022-07-22 22:26:36,646] {dagbag.py:500} INFO - Filling up the DagBag from /home/airflow/.local/lib/python3.7/site-packages/airflow/example_dags/example_branch_day_of_week_operator.py
[2022-07-22 22:26:36,664] {processor.py:654} INFO - DAG(s) dict_keys(['example_weekday_branch_operator']) retrieved from /home/airflow/.local/lib/python3.7/site-packages/airflow/example_dags/example_branch_day_of_week_operator.py
[2022-07-22 22:26:36,670] {logging_mixin.py:109} INFO - [2022-07-22 22:26:36,670] {dag.py:2396} INFO - Sync 1 DAGs
[2022-07-22 22:26:36,682] {logging_mixin.py:109} INFO - [2022-07-22 22:26:36,682] {dag.py:2935} INFO - Setting next_dagrun for example_weekday_branch_operator to 2022-07-21 00:00:00+00:00
[2022-07-22 22:26:36,688] {processor.py:171} INFO - Processing /home/airflow/.local/lib/python3.7/site-packages/airflow/example_dags/example_branch_day_of_week_operator.py took 0.044 seconds
[2022-07-22 22:27:07,084] {processor.py:163} INFO - Started process (PID=3375) to work on /home/airflow/.local/lib/python3.7/site-packages/airflow/example_dags/example_branch_day_of_week_operator.py
[2022-07-22 22:27:07,085] {processor.py:642} INFO - Processing file /home/airflow/.local/lib/python3.7/site-packages/airflow/example_dags/example_branch_day_of_week_operator.py for tasks to queue
[2022-07-22 22:27:07,085] {logging_mixin.py:109} INFO - [2022-07-22 22:27:07,085] {dagbag.py:500} INFO - Filling up the DagBag from /home/airflow/.local/lib/python3.7/site-packages/airflow/example_dags/example_branch_day_of_week_operator.py
[2022-07-22 22:27:07,103] {processor.py:654} INFO - DAG(s) dict_keys(['example_weekday_branch_operator']) retrieved from /home/airflow/.local/lib/python3.7/site-packages/airflow/example_dags/example_branch_day_of_week_operator.py
[2022-07-22 22:27:07,109] {logging_mixin.py:109} INFO - [2022-07-22 22:27:07,109] {dag.py:2396} INFO - Sync 1 DAGs
[2022-07-22 22:27:07,120] {logging_mixin.py:109} INFO - [2022-07-22 22:27:07,120] {dag.py:2935} INFO - Setting next_dagrun for example_weekday_branch_operator to 2022-07-21 00:00:00+00:00
[2022-07-22 22:27:07,126] {processor.py:171} INFO - Processing /home/airflow/.local/lib/python3.7/site-packages/airflow/example_dags/example_branch_day_of_week_operator.py took 0.044 seconds
[2022-07-22 22:27:37,499] {processor.py:163} INFO - Started process (PID=3425) to work on /home/airflow/.local/lib/python3.7/site-packages/airflow/example_dags/example_branch_day_of_week_operator.py
[2022-07-22 22:27:37,500] {processor.py:642} INFO - Processing file /home/airflow/.local/lib/python3.7/site-packages/airflow/example_dags/example_branch_day_of_week_operator.py for tasks to queue
[2022-07-22 22:27:37,500] {logging_mixin.py:109} INFO - [2022-07-22 22:27:37,500] {dagbag.py:500} INFO - Filling up the DagBag from /home/airflow/.local/lib/python3.7/site-packages/airflow/example_dags/example_branch_day_of_week_operator.py
[2022-07-22 22:27:37,517] {processor.py:654} INFO - DAG(s) dict_keys(['example_weekday_branch_operator']) retrieved from /home/airflow/.local/lib/python3.7/site-packages/airflow/example_dags/example_branch_day_of_week_operator.py
[2022-07-22 22:27:37,524] {logging_mixin.py:109} INFO - [2022-07-22 22:27:37,524] {dag.py:2396} INFO - Sync 1 DAGs
[2022-07-22 22:27:37,535] {logging_mixin.py:109} INFO - [2022-07-22 22:27:37,535] {dag.py:2935} INFO - Setting next_dagrun for example_weekday_branch_operator to 2022-07-21 00:00:00+00:00
[2022-07-22 22:27:37,541] {processor.py:171} INFO - Processing /home/airflow/.local/lib/python3.7/site-packages/airflow/example_dags/example_branch_day_of_week_operator.py took 0.044 seconds
[2022-07-22 22:28:07,813] {processor.py:163} INFO - Started process (PID=3484) to work on /home/airflow/.local/lib/python3.7/site-packages/airflow/example_dags/example_branch_day_of_week_operator.py
[2022-07-22 22:28:07,813] {processor.py:642} INFO - Processing file /home/airflow/.local/lib/python3.7/site-packages/airflow/example_dags/example_branch_day_of_week_operator.py for tasks to queue
[2022-07-22 22:28:07,814] {logging_mixin.py:109} INFO - [2022-07-22 22:28:07,814] {dagbag.py:500} INFO - Filling up the DagBag from /home/airflow/.local/lib/python3.7/site-packages/airflow/example_dags/example_branch_day_of_week_operator.py
[2022-07-22 22:28:07,831] {processor.py:654} INFO - DAG(s) dict_keys(['example_weekday_branch_operator']) retrieved from /home/airflow/.local/lib/python3.7/site-packages/airflow/example_dags/example_branch_day_of_week_operator.py
[2022-07-22 22:28:07,837] {logging_mixin.py:109} INFO - [2022-07-22 22:28:07,837] {dag.py:2396} INFO - Sync 1 DAGs
[2022-07-22 22:28:07,848] {logging_mixin.py:109} INFO - [2022-07-22 22:28:07,848] {dag.py:2935} INFO - Setting next_dagrun for example_weekday_branch_operator to 2022-07-21 00:00:00+00:00
[2022-07-22 22:28:07,853] {processor.py:171} INFO - Processing /home/airflow/.local/lib/python3.7/site-packages/airflow/example_dags/example_branch_day_of_week_operator.py took 0.043 seconds
