[2022-07-22 21:54:06,882] {processor.py:163} INFO - Started process (PID=261) to work on /home/airflow/.local/lib/python3.7/site-packages/airflow/example_dags/example_nested_branch_dag.py
[2022-07-22 21:54:06,883] {processor.py:642} INFO - Processing file /home/airflow/.local/lib/python3.7/site-packages/airflow/example_dags/example_nested_branch_dag.py for tasks to queue
[2022-07-22 21:54:06,883] {logging_mixin.py:109} INFO - [2022-07-22 21:54:06,883] {dagbag.py:500} INFO - Filling up the DagBag from /home/airflow/.local/lib/python3.7/site-packages/airflow/example_dags/example_nested_branch_dag.py
[2022-07-22 21:54:06,903] {processor.py:654} INFO - DAG(s) dict_keys(['example_nested_branch_dag']) retrieved from /home/airflow/.local/lib/python3.7/site-packages/airflow/example_dags/example_nested_branch_dag.py
[2022-07-22 21:54:08,374] {logging_mixin.py:109} INFO - [2022-07-22 21:54:08,373] {manager.py:496} INFO - Created Permission View: can read on DAG:example_nested_branch_dag
[2022-07-22 21:54:08,380] {logging_mixin.py:109} INFO - [2022-07-22 21:54:08,380] {manager.py:496} INFO - Created Permission View: can edit on DAG:example_nested_branch_dag
[2022-07-22 21:54:08,380] {logging_mixin.py:109} INFO - [2022-07-22 21:54:08,380] {dag.py:2396} INFO - Sync 1 DAGs
[2022-07-22 21:54:08,385] {logging_mixin.py:109} INFO - [2022-07-22 21:54:08,385] {dag.py:2415} INFO - Creating ORM DAG for example_nested_branch_dag
[2022-07-22 21:54:08,393] {logging_mixin.py:109} INFO - [2022-07-22 21:54:08,392] {dag.py:2935} INFO - Setting next_dagrun for example_nested_branch_dag to 2022-07-21 00:00:00+00:00
[2022-07-22 21:54:08,401] {processor.py:171} INFO - Processing /home/airflow/.local/lib/python3.7/site-packages/airflow/example_dags/example_nested_branch_dag.py took 1.520 seconds
[2022-07-22 21:54:38,727] {processor.py:163} INFO - Started process (PID=608) to work on /home/airflow/.local/lib/python3.7/site-packages/airflow/example_dags/example_nested_branch_dag.py
[2022-07-22 21:54:38,728] {processor.py:642} INFO - Processing file /home/airflow/.local/lib/python3.7/site-packages/airflow/example_dags/example_nested_branch_dag.py for tasks to queue
[2022-07-22 21:54:38,728] {logging_mixin.py:109} INFO - [2022-07-22 21:54:38,728] {dagbag.py:500} INFO - Filling up the DagBag from /home/airflow/.local/lib/python3.7/site-packages/airflow/example_dags/example_nested_branch_dag.py
[2022-07-22 21:54:38,747] {processor.py:654} INFO - DAG(s) dict_keys(['example_nested_branch_dag']) retrieved from /home/airflow/.local/lib/python3.7/site-packages/airflow/example_dags/example_nested_branch_dag.py
[2022-07-22 21:54:38,754] {logging_mixin.py:109} INFO - [2022-07-22 21:54:38,753] {dag.py:2396} INFO - Sync 1 DAGs
[2022-07-22 21:54:38,765] {logging_mixin.py:109} INFO - [2022-07-22 21:54:38,765] {dag.py:2935} INFO - Setting next_dagrun for example_nested_branch_dag to 2022-07-21 00:00:00+00:00
[2022-07-22 21:54:38,771] {processor.py:171} INFO - Processing /home/airflow/.local/lib/python3.7/site-packages/airflow/example_dags/example_nested_branch_dag.py took 0.045 seconds
[2022-07-22 21:55:08,934] {processor.py:163} INFO - Started process (PID=667) to work on /home/airflow/.local/lib/python3.7/site-packages/airflow/example_dags/example_nested_branch_dag.py
[2022-07-22 21:55:08,935] {processor.py:642} INFO - Processing file /home/airflow/.local/lib/python3.7/site-packages/airflow/example_dags/example_nested_branch_dag.py for tasks to queue
[2022-07-22 21:55:08,935] {logging_mixin.py:109} INFO - [2022-07-22 21:55:08,935] {dagbag.py:500} INFO - Filling up the DagBag from /home/airflow/.local/lib/python3.7/site-packages/airflow/example_dags/example_nested_branch_dag.py
[2022-07-22 21:55:08,960] {processor.py:654} INFO - DAG(s) dict_keys(['example_nested_branch_dag']) retrieved from /home/airflow/.local/lib/python3.7/site-packages/airflow/example_dags/example_nested_branch_dag.py
[2022-07-22 21:55:08,968] {logging_mixin.py:109} INFO - [2022-07-22 21:55:08,968] {dag.py:2396} INFO - Sync 1 DAGs
[2022-07-22 21:55:08,982] {logging_mixin.py:109} INFO - [2022-07-22 21:55:08,981] {dag.py:2935} INFO - Setting next_dagrun for example_nested_branch_dag to 2022-07-21 00:00:00+00:00
[2022-07-22 21:55:08,989] {processor.py:171} INFO - Processing /home/airflow/.local/lib/python3.7/site-packages/airflow/example_dags/example_nested_branch_dag.py took 0.058 seconds
[2022-07-22 21:55:39,180] {processor.py:163} INFO - Started process (PID=717) to work on /home/airflow/.local/lib/python3.7/site-packages/airflow/example_dags/example_nested_branch_dag.py
[2022-07-22 21:55:39,180] {processor.py:642} INFO - Processing file /home/airflow/.local/lib/python3.7/site-packages/airflow/example_dags/example_nested_branch_dag.py for tasks to queue
[2022-07-22 21:55:39,181] {logging_mixin.py:109} INFO - [2022-07-22 21:55:39,181] {dagbag.py:500} INFO - Filling up the DagBag from /home/airflow/.local/lib/python3.7/site-packages/airflow/example_dags/example_nested_branch_dag.py
[2022-07-22 21:55:39,199] {processor.py:654} INFO - DAG(s) dict_keys(['example_nested_branch_dag']) retrieved from /home/airflow/.local/lib/python3.7/site-packages/airflow/example_dags/example_nested_branch_dag.py
[2022-07-22 21:55:39,206] {logging_mixin.py:109} INFO - [2022-07-22 21:55:39,206] {dag.py:2396} INFO - Sync 1 DAGs
[2022-07-22 21:55:39,218] {logging_mixin.py:109} INFO - [2022-07-22 21:55:39,218] {dag.py:2935} INFO - Setting next_dagrun for example_nested_branch_dag to 2022-07-21 00:00:00+00:00
[2022-07-22 21:55:39,223] {processor.py:171} INFO - Processing /home/airflow/.local/lib/python3.7/site-packages/airflow/example_dags/example_nested_branch_dag.py took 0.046 seconds
[2022-07-22 21:56:27,022] {processor.py:163} INFO - Started process (PID=60) to work on /home/airflow/.local/lib/python3.7/site-packages/airflow/example_dags/example_nested_branch_dag.py
[2022-07-22 21:56:27,023] {processor.py:642} INFO - Processing file /home/airflow/.local/lib/python3.7/site-packages/airflow/example_dags/example_nested_branch_dag.py for tasks to queue
[2022-07-22 21:56:27,024] {logging_mixin.py:109} INFO - [2022-07-22 21:56:27,024] {dagbag.py:500} INFO - Filling up the DagBag from /home/airflow/.local/lib/python3.7/site-packages/airflow/example_dags/example_nested_branch_dag.py
[2022-07-22 21:56:27,044] {processor.py:654} INFO - DAG(s) dict_keys(['example_nested_branch_dag']) retrieved from /home/airflow/.local/lib/python3.7/site-packages/airflow/example_dags/example_nested_branch_dag.py
[2022-07-22 21:56:27,052] {logging_mixin.py:109} INFO - [2022-07-22 21:56:27,052] {dag.py:2396} INFO - Sync 1 DAGs
[2022-07-22 21:56:27,065] {logging_mixin.py:109} INFO - [2022-07-22 21:56:27,064] {dag.py:2935} INFO - Setting next_dagrun for example_nested_branch_dag to 2022-07-21 00:00:00+00:00
[2022-07-22 21:56:27,071] {processor.py:171} INFO - Processing /home/airflow/.local/lib/python3.7/site-packages/airflow/example_dags/example_nested_branch_dag.py took 0.050 seconds
[2022-07-22 21:56:57,990] {processor.py:163} INFO - Started process (PID=120) to work on /home/airflow/.local/lib/python3.7/site-packages/airflow/example_dags/example_nested_branch_dag.py
[2022-07-22 21:56:57,991] {processor.py:642} INFO - Processing file /home/airflow/.local/lib/python3.7/site-packages/airflow/example_dags/example_nested_branch_dag.py for tasks to queue
[2022-07-22 21:56:57,992] {logging_mixin.py:109} INFO - [2022-07-22 21:56:57,992] {dagbag.py:500} INFO - Filling up the DagBag from /home/airflow/.local/lib/python3.7/site-packages/airflow/example_dags/example_nested_branch_dag.py
[2022-07-22 21:56:58,010] {processor.py:654} INFO - DAG(s) dict_keys(['example_nested_branch_dag']) retrieved from /home/airflow/.local/lib/python3.7/site-packages/airflow/example_dags/example_nested_branch_dag.py
[2022-07-22 21:56:58,017] {logging_mixin.py:109} INFO - [2022-07-22 21:56:58,017] {dag.py:2396} INFO - Sync 1 DAGs
[2022-07-22 21:56:58,028] {logging_mixin.py:109} INFO - [2022-07-22 21:56:58,028] {dag.py:2935} INFO - Setting next_dagrun for example_nested_branch_dag to 2022-07-21 00:00:00+00:00
[2022-07-22 21:56:58,034] {processor.py:171} INFO - Processing /home/airflow/.local/lib/python3.7/site-packages/airflow/example_dags/example_nested_branch_dag.py took 0.045 seconds
[2022-07-22 21:57:28,740] {processor.py:163} INFO - Started process (PID=179) to work on /home/airflow/.local/lib/python3.7/site-packages/airflow/example_dags/example_nested_branch_dag.py
[2022-07-22 21:57:28,741] {processor.py:642} INFO - Processing file /home/airflow/.local/lib/python3.7/site-packages/airflow/example_dags/example_nested_branch_dag.py for tasks to queue
[2022-07-22 21:57:28,741] {logging_mixin.py:109} INFO - [2022-07-22 21:57:28,741] {dagbag.py:500} INFO - Filling up the DagBag from /home/airflow/.local/lib/python3.7/site-packages/airflow/example_dags/example_nested_branch_dag.py
[2022-07-22 21:57:28,761] {processor.py:654} INFO - DAG(s) dict_keys(['example_nested_branch_dag']) retrieved from /home/airflow/.local/lib/python3.7/site-packages/airflow/example_dags/example_nested_branch_dag.py
[2022-07-22 21:57:28,768] {logging_mixin.py:109} INFO - [2022-07-22 21:57:28,768] {dag.py:2396} INFO - Sync 1 DAGs
[2022-07-22 21:57:28,780] {logging_mixin.py:109} INFO - [2022-07-22 21:57:28,780] {dag.py:2935} INFO - Setting next_dagrun for example_nested_branch_dag to 2022-07-21 00:00:00+00:00
[2022-07-22 21:57:28,786] {processor.py:171} INFO - Processing /home/airflow/.local/lib/python3.7/site-packages/airflow/example_dags/example_nested_branch_dag.py took 0.048 seconds
[2022-07-22 21:57:59,465] {processor.py:163} INFO - Started process (PID=229) to work on /home/airflow/.local/lib/python3.7/site-packages/airflow/example_dags/example_nested_branch_dag.py
[2022-07-22 21:57:59,466] {processor.py:642} INFO - Processing file /home/airflow/.local/lib/python3.7/site-packages/airflow/example_dags/example_nested_branch_dag.py for tasks to queue
[2022-07-22 21:57:59,467] {logging_mixin.py:109} INFO - [2022-07-22 21:57:59,467] {dagbag.py:500} INFO - Filling up the DagBag from /home/airflow/.local/lib/python3.7/site-packages/airflow/example_dags/example_nested_branch_dag.py
[2022-07-22 21:57:59,486] {processor.py:654} INFO - DAG(s) dict_keys(['example_nested_branch_dag']) retrieved from /home/airflow/.local/lib/python3.7/site-packages/airflow/example_dags/example_nested_branch_dag.py
[2022-07-22 21:57:59,493] {logging_mixin.py:109} INFO - [2022-07-22 21:57:59,493] {dag.py:2396} INFO - Sync 1 DAGs
[2022-07-22 21:57:59,506] {logging_mixin.py:109} INFO - [2022-07-22 21:57:59,506] {dag.py:2935} INFO - Setting next_dagrun for example_nested_branch_dag to 2022-07-21 00:00:00+00:00
[2022-07-22 21:57:59,512] {processor.py:171} INFO - Processing /home/airflow/.local/lib/python3.7/site-packages/airflow/example_dags/example_nested_branch_dag.py took 0.049 seconds
[2022-07-22 21:58:30,390] {processor.py:163} INFO - Started process (PID=288) to work on /home/airflow/.local/lib/python3.7/site-packages/airflow/example_dags/example_nested_branch_dag.py
[2022-07-22 21:58:30,391] {processor.py:642} INFO - Processing file /home/airflow/.local/lib/python3.7/site-packages/airflow/example_dags/example_nested_branch_dag.py for tasks to queue
[2022-07-22 21:58:30,392] {logging_mixin.py:109} INFO - [2022-07-22 21:58:30,391] {dagbag.py:500} INFO - Filling up the DagBag from /home/airflow/.local/lib/python3.7/site-packages/airflow/example_dags/example_nested_branch_dag.py
[2022-07-22 21:58:30,411] {processor.py:654} INFO - DAG(s) dict_keys(['example_nested_branch_dag']) retrieved from /home/airflow/.local/lib/python3.7/site-packages/airflow/example_dags/example_nested_branch_dag.py
[2022-07-22 21:58:30,418] {logging_mixin.py:109} INFO - [2022-07-22 21:58:30,418] {dag.py:2396} INFO - Sync 1 DAGs
[2022-07-22 21:58:30,429] {logging_mixin.py:109} INFO - [2022-07-22 21:58:30,429] {dag.py:2935} INFO - Setting next_dagrun for example_nested_branch_dag to 2022-07-21 00:00:00+00:00
[2022-07-22 21:58:30,435] {processor.py:171} INFO - Processing /home/airflow/.local/lib/python3.7/site-packages/airflow/example_dags/example_nested_branch_dag.py took 0.046 seconds
[2022-07-22 21:59:01,115] {processor.py:163} INFO - Started process (PID=345) to work on /home/airflow/.local/lib/python3.7/site-packages/airflow/example_dags/example_nested_branch_dag.py
[2022-07-22 21:59:01,115] {processor.py:642} INFO - Processing file /home/airflow/.local/lib/python3.7/site-packages/airflow/example_dags/example_nested_branch_dag.py for tasks to queue
[2022-07-22 21:59:01,116] {logging_mixin.py:109} INFO - [2022-07-22 21:59:01,116] {dagbag.py:500} INFO - Filling up the DagBag from /home/airflow/.local/lib/python3.7/site-packages/airflow/example_dags/example_nested_branch_dag.py
[2022-07-22 21:59:01,136] {processor.py:654} INFO - DAG(s) dict_keys(['example_nested_branch_dag']) retrieved from /home/airflow/.local/lib/python3.7/site-packages/airflow/example_dags/example_nested_branch_dag.py
[2022-07-22 21:59:01,146] {logging_mixin.py:109} INFO - [2022-07-22 21:59:01,146] {dag.py:2396} INFO - Sync 1 DAGs
[2022-07-22 21:59:01,159] {logging_mixin.py:109} INFO - [2022-07-22 21:59:01,159] {dag.py:2935} INFO - Setting next_dagrun for example_nested_branch_dag to 2022-07-21 00:00:00+00:00
[2022-07-22 21:59:01,166] {processor.py:171} INFO - Processing /home/airflow/.local/lib/python3.7/site-packages/airflow/example_dags/example_nested_branch_dag.py took 0.053 seconds
[2022-07-22 21:59:31,947] {processor.py:163} INFO - Started process (PID=397) to work on /home/airflow/.local/lib/python3.7/site-packages/airflow/example_dags/example_nested_branch_dag.py
[2022-07-22 21:59:31,948] {processor.py:642} INFO - Processing file /home/airflow/.local/lib/python3.7/site-packages/airflow/example_dags/example_nested_branch_dag.py for tasks to queue
[2022-07-22 21:59:31,948] {logging_mixin.py:109} INFO - [2022-07-22 21:59:31,948] {dagbag.py:500} INFO - Filling up the DagBag from /home/airflow/.local/lib/python3.7/site-packages/airflow/example_dags/example_nested_branch_dag.py
[2022-07-22 21:59:31,967] {processor.py:654} INFO - DAG(s) dict_keys(['example_nested_branch_dag']) retrieved from /home/airflow/.local/lib/python3.7/site-packages/airflow/example_dags/example_nested_branch_dag.py
[2022-07-22 21:59:31,974] {logging_mixin.py:109} INFO - [2022-07-22 21:59:31,974] {dag.py:2396} INFO - Sync 1 DAGs
[2022-07-22 21:59:31,986] {logging_mixin.py:109} INFO - [2022-07-22 21:59:31,986] {dag.py:2935} INFO - Setting next_dagrun for example_nested_branch_dag to 2022-07-21 00:00:00+00:00
[2022-07-22 21:59:31,992] {processor.py:171} INFO - Processing /home/airflow/.local/lib/python3.7/site-packages/airflow/example_dags/example_nested_branch_dag.py took 0.047 seconds
[2022-07-22 22:00:02,658] {processor.py:163} INFO - Started process (PID=456) to work on /home/airflow/.local/lib/python3.7/site-packages/airflow/example_dags/example_nested_branch_dag.py
[2022-07-22 22:00:02,658] {processor.py:642} INFO - Processing file /home/airflow/.local/lib/python3.7/site-packages/airflow/example_dags/example_nested_branch_dag.py for tasks to queue
[2022-07-22 22:00:02,659] {logging_mixin.py:109} INFO - [2022-07-22 22:00:02,659] {dagbag.py:500} INFO - Filling up the DagBag from /home/airflow/.local/lib/python3.7/site-packages/airflow/example_dags/example_nested_branch_dag.py
[2022-07-22 22:00:02,677] {processor.py:654} INFO - DAG(s) dict_keys(['example_nested_branch_dag']) retrieved from /home/airflow/.local/lib/python3.7/site-packages/airflow/example_dags/example_nested_branch_dag.py
[2022-07-22 22:00:02,684] {logging_mixin.py:109} INFO - [2022-07-22 22:00:02,684] {dag.py:2396} INFO - Sync 1 DAGs
[2022-07-22 22:00:02,696] {logging_mixin.py:109} INFO - [2022-07-22 22:00:02,696] {dag.py:2935} INFO - Setting next_dagrun for example_nested_branch_dag to 2022-07-21 00:00:00+00:00
[2022-07-22 22:00:02,702] {processor.py:171} INFO - Processing /home/airflow/.local/lib/python3.7/site-packages/airflow/example_dags/example_nested_branch_dag.py took 0.047 seconds
[2022-07-22 22:00:33,277] {processor.py:163} INFO - Started process (PID=506) to work on /home/airflow/.local/lib/python3.7/site-packages/airflow/example_dags/example_nested_branch_dag.py
[2022-07-22 22:00:33,278] {processor.py:642} INFO - Processing file /home/airflow/.local/lib/python3.7/site-packages/airflow/example_dags/example_nested_branch_dag.py for tasks to queue
[2022-07-22 22:00:33,279] {logging_mixin.py:109} INFO - [2022-07-22 22:00:33,279] {dagbag.py:500} INFO - Filling up the DagBag from /home/airflow/.local/lib/python3.7/site-packages/airflow/example_dags/example_nested_branch_dag.py
[2022-07-22 22:00:33,297] {processor.py:654} INFO - DAG(s) dict_keys(['example_nested_branch_dag']) retrieved from /home/airflow/.local/lib/python3.7/site-packages/airflow/example_dags/example_nested_branch_dag.py
[2022-07-22 22:00:33,304] {logging_mixin.py:109} INFO - [2022-07-22 22:00:33,304] {dag.py:2396} INFO - Sync 1 DAGs
[2022-07-22 22:00:33,316] {logging_mixin.py:109} INFO - [2022-07-22 22:00:33,316] {dag.py:2935} INFO - Setting next_dagrun for example_nested_branch_dag to 2022-07-21 00:00:00+00:00
[2022-07-22 22:00:33,322] {processor.py:171} INFO - Processing /home/airflow/.local/lib/python3.7/site-packages/airflow/example_dags/example_nested_branch_dag.py took 0.046 seconds
[2022-07-22 22:01:03,989] {processor.py:163} INFO - Started process (PID=565) to work on /home/airflow/.local/lib/python3.7/site-packages/airflow/example_dags/example_nested_branch_dag.py
[2022-07-22 22:01:03,990] {processor.py:642} INFO - Processing file /home/airflow/.local/lib/python3.7/site-packages/airflow/example_dags/example_nested_branch_dag.py for tasks to queue
[2022-07-22 22:01:03,990] {logging_mixin.py:109} INFO - [2022-07-22 22:01:03,990] {dagbag.py:500} INFO - Filling up the DagBag from /home/airflow/.local/lib/python3.7/site-packages/airflow/example_dags/example_nested_branch_dag.py
[2022-07-22 22:01:04,011] {processor.py:654} INFO - DAG(s) dict_keys(['example_nested_branch_dag']) retrieved from /home/airflow/.local/lib/python3.7/site-packages/airflow/example_dags/example_nested_branch_dag.py
[2022-07-22 22:01:04,018] {logging_mixin.py:109} INFO - [2022-07-22 22:01:04,018] {dag.py:2396} INFO - Sync 1 DAGs
[2022-07-22 22:01:04,029] {logging_mixin.py:109} INFO - [2022-07-22 22:01:04,029] {dag.py:2935} INFO - Setting next_dagrun for example_nested_branch_dag to 2022-07-21 00:00:00+00:00
[2022-07-22 22:01:04,035] {processor.py:171} INFO - Processing /home/airflow/.local/lib/python3.7/site-packages/airflow/example_dags/example_nested_branch_dag.py took 0.048 seconds
[2022-07-22 22:01:34,655] {processor.py:163} INFO - Started process (PID=624) to work on /home/airflow/.local/lib/python3.7/site-packages/airflow/example_dags/example_nested_branch_dag.py
[2022-07-22 22:01:34,656] {processor.py:642} INFO - Processing file /home/airflow/.local/lib/python3.7/site-packages/airflow/example_dags/example_nested_branch_dag.py for tasks to queue
[2022-07-22 22:01:34,657] {logging_mixin.py:109} INFO - [2022-07-22 22:01:34,657] {dagbag.py:500} INFO - Filling up the DagBag from /home/airflow/.local/lib/python3.7/site-packages/airflow/example_dags/example_nested_branch_dag.py
[2022-07-22 22:01:34,676] {processor.py:654} INFO - DAG(s) dict_keys(['example_nested_branch_dag']) retrieved from /home/airflow/.local/lib/python3.7/site-packages/airflow/example_dags/example_nested_branch_dag.py
[2022-07-22 22:01:34,683] {logging_mixin.py:109} INFO - [2022-07-22 22:01:34,683] {dag.py:2396} INFO - Sync 1 DAGs
[2022-07-22 22:01:34,695] {logging_mixin.py:109} INFO - [2022-07-22 22:01:34,695] {dag.py:2935} INFO - Setting next_dagrun for example_nested_branch_dag to 2022-07-21 00:00:00+00:00
[2022-07-22 22:01:34,701] {processor.py:171} INFO - Processing /home/airflow/.local/lib/python3.7/site-packages/airflow/example_dags/example_nested_branch_dag.py took 0.048 seconds
[2022-07-22 22:02:05,320] {processor.py:163} INFO - Started process (PID=674) to work on /home/airflow/.local/lib/python3.7/site-packages/airflow/example_dags/example_nested_branch_dag.py
[2022-07-22 22:02:05,321] {processor.py:642} INFO - Processing file /home/airflow/.local/lib/python3.7/site-packages/airflow/example_dags/example_nested_branch_dag.py for tasks to queue
[2022-07-22 22:02:05,322] {logging_mixin.py:109} INFO - [2022-07-22 22:02:05,322] {dagbag.py:500} INFO - Filling up the DagBag from /home/airflow/.local/lib/python3.7/site-packages/airflow/example_dags/example_nested_branch_dag.py
[2022-07-22 22:02:05,341] {processor.py:654} INFO - DAG(s) dict_keys(['example_nested_branch_dag']) retrieved from /home/airflow/.local/lib/python3.7/site-packages/airflow/example_dags/example_nested_branch_dag.py
[2022-07-22 22:02:05,348] {logging_mixin.py:109} INFO - [2022-07-22 22:02:05,348] {dag.py:2396} INFO - Sync 1 DAGs
[2022-07-22 22:02:05,361] {logging_mixin.py:109} INFO - [2022-07-22 22:02:05,360] {dag.py:2935} INFO - Setting next_dagrun for example_nested_branch_dag to 2022-07-21 00:00:00+00:00
[2022-07-22 22:02:05,366] {processor.py:171} INFO - Processing /home/airflow/.local/lib/python3.7/site-packages/airflow/example_dags/example_nested_branch_dag.py took 0.048 seconds
[2022-07-22 22:02:35,914] {processor.py:163} INFO - Started process (PID=733) to work on /home/airflow/.local/lib/python3.7/site-packages/airflow/example_dags/example_nested_branch_dag.py
[2022-07-22 22:02:35,915] {processor.py:642} INFO - Processing file /home/airflow/.local/lib/python3.7/site-packages/airflow/example_dags/example_nested_branch_dag.py for tasks to queue
[2022-07-22 22:02:35,915] {logging_mixin.py:109} INFO - [2022-07-22 22:02:35,915] {dagbag.py:500} INFO - Filling up the DagBag from /home/airflow/.local/lib/python3.7/site-packages/airflow/example_dags/example_nested_branch_dag.py
[2022-07-22 22:02:35,934] {processor.py:654} INFO - DAG(s) dict_keys(['example_nested_branch_dag']) retrieved from /home/airflow/.local/lib/python3.7/site-packages/airflow/example_dags/example_nested_branch_dag.py
[2022-07-22 22:02:35,942] {logging_mixin.py:109} INFO - [2022-07-22 22:02:35,942] {dag.py:2396} INFO - Sync 1 DAGs
[2022-07-22 22:02:35,956] {logging_mixin.py:109} INFO - [2022-07-22 22:02:35,955] {dag.py:2935} INFO - Setting next_dagrun for example_nested_branch_dag to 2022-07-21 00:00:00+00:00
[2022-07-22 22:02:35,962] {processor.py:171} INFO - Processing /home/airflow/.local/lib/python3.7/site-packages/airflow/example_dags/example_nested_branch_dag.py took 0.051 seconds
[2022-07-22 22:03:06,571] {processor.py:163} INFO - Started process (PID=783) to work on /home/airflow/.local/lib/python3.7/site-packages/airflow/example_dags/example_nested_branch_dag.py
[2022-07-22 22:03:06,572] {processor.py:642} INFO - Processing file /home/airflow/.local/lib/python3.7/site-packages/airflow/example_dags/example_nested_branch_dag.py for tasks to queue
[2022-07-22 22:03:06,573] {logging_mixin.py:109} INFO - [2022-07-22 22:03:06,573] {dagbag.py:500} INFO - Filling up the DagBag from /home/airflow/.local/lib/python3.7/site-packages/airflow/example_dags/example_nested_branch_dag.py
[2022-07-22 22:03:06,593] {processor.py:654} INFO - DAG(s) dict_keys(['example_nested_branch_dag']) retrieved from /home/airflow/.local/lib/python3.7/site-packages/airflow/example_dags/example_nested_branch_dag.py
[2022-07-22 22:03:06,600] {logging_mixin.py:109} INFO - [2022-07-22 22:03:06,600] {dag.py:2396} INFO - Sync 1 DAGs
[2022-07-22 22:03:06,614] {logging_mixin.py:109} INFO - [2022-07-22 22:03:06,614] {dag.py:2935} INFO - Setting next_dagrun for example_nested_branch_dag to 2022-07-21 00:00:00+00:00
[2022-07-22 22:03:06,620] {processor.py:171} INFO - Processing /home/airflow/.local/lib/python3.7/site-packages/airflow/example_dags/example_nested_branch_dag.py took 0.051 seconds
[2022-07-22 22:03:37,153] {processor.py:163} INFO - Started process (PID=842) to work on /home/airflow/.local/lib/python3.7/site-packages/airflow/example_dags/example_nested_branch_dag.py
[2022-07-22 22:03:37,154] {processor.py:642} INFO - Processing file /home/airflow/.local/lib/python3.7/site-packages/airflow/example_dags/example_nested_branch_dag.py for tasks to queue
[2022-07-22 22:03:37,154] {logging_mixin.py:109} INFO - [2022-07-22 22:03:37,154] {dagbag.py:500} INFO - Filling up the DagBag from /home/airflow/.local/lib/python3.7/site-packages/airflow/example_dags/example_nested_branch_dag.py
[2022-07-22 22:03:37,174] {processor.py:654} INFO - DAG(s) dict_keys(['example_nested_branch_dag']) retrieved from /home/airflow/.local/lib/python3.7/site-packages/airflow/example_dags/example_nested_branch_dag.py
[2022-07-22 22:03:37,182] {logging_mixin.py:109} INFO - [2022-07-22 22:03:37,182] {dag.py:2396} INFO - Sync 1 DAGs
[2022-07-22 22:03:37,193] {logging_mixin.py:109} INFO - [2022-07-22 22:03:37,193] {dag.py:2935} INFO - Setting next_dagrun for example_nested_branch_dag to 2022-07-21 00:00:00+00:00
[2022-07-22 22:03:37,199] {processor.py:171} INFO - Processing /home/airflow/.local/lib/python3.7/site-packages/airflow/example_dags/example_nested_branch_dag.py took 0.048 seconds
[2022-07-22 22:04:07,853] {processor.py:163} INFO - Started process (PID=892) to work on /home/airflow/.local/lib/python3.7/site-packages/airflow/example_dags/example_nested_branch_dag.py
[2022-07-22 22:04:07,854] {processor.py:642} INFO - Processing file /home/airflow/.local/lib/python3.7/site-packages/airflow/example_dags/example_nested_branch_dag.py for tasks to queue
[2022-07-22 22:04:07,854] {logging_mixin.py:109} INFO - [2022-07-22 22:04:07,854] {dagbag.py:500} INFO - Filling up the DagBag from /home/airflow/.local/lib/python3.7/site-packages/airflow/example_dags/example_nested_branch_dag.py
[2022-07-22 22:04:07,873] {processor.py:654} INFO - DAG(s) dict_keys(['example_nested_branch_dag']) retrieved from /home/airflow/.local/lib/python3.7/site-packages/airflow/example_dags/example_nested_branch_dag.py
[2022-07-22 22:04:07,880] {logging_mixin.py:109} INFO - [2022-07-22 22:04:07,880] {dag.py:2396} INFO - Sync 1 DAGs
[2022-07-22 22:04:07,893] {logging_mixin.py:109} INFO - [2022-07-22 22:04:07,893] {dag.py:2935} INFO - Setting next_dagrun for example_nested_branch_dag to 2022-07-21 00:00:00+00:00
[2022-07-22 22:04:07,899] {processor.py:171} INFO - Processing /home/airflow/.local/lib/python3.7/site-packages/airflow/example_dags/example_nested_branch_dag.py took 0.047 seconds
[2022-07-22 22:04:38,579] {processor.py:163} INFO - Started process (PID=951) to work on /home/airflow/.local/lib/python3.7/site-packages/airflow/example_dags/example_nested_branch_dag.py
[2022-07-22 22:04:38,580] {processor.py:642} INFO - Processing file /home/airflow/.local/lib/python3.7/site-packages/airflow/example_dags/example_nested_branch_dag.py for tasks to queue
[2022-07-22 22:04:38,580] {logging_mixin.py:109} INFO - [2022-07-22 22:04:38,580] {dagbag.py:500} INFO - Filling up the DagBag from /home/airflow/.local/lib/python3.7/site-packages/airflow/example_dags/example_nested_branch_dag.py
[2022-07-22 22:04:38,600] {processor.py:654} INFO - DAG(s) dict_keys(['example_nested_branch_dag']) retrieved from /home/airflow/.local/lib/python3.7/site-packages/airflow/example_dags/example_nested_branch_dag.py
[2022-07-22 22:04:38,609] {logging_mixin.py:109} INFO - [2022-07-22 22:04:38,609] {dag.py:2396} INFO - Sync 1 DAGs
[2022-07-22 22:04:38,621] {logging_mixin.py:109} INFO - [2022-07-22 22:04:38,621] {dag.py:2935} INFO - Setting next_dagrun for example_nested_branch_dag to 2022-07-21 00:00:00+00:00
[2022-07-22 22:04:38,627] {processor.py:171} INFO - Processing /home/airflow/.local/lib/python3.7/site-packages/airflow/example_dags/example_nested_branch_dag.py took 0.049 seconds
[2022-07-22 22:05:09,238] {processor.py:163} INFO - Started process (PID=1010) to work on /home/airflow/.local/lib/python3.7/site-packages/airflow/example_dags/example_nested_branch_dag.py
[2022-07-22 22:05:09,239] {processor.py:642} INFO - Processing file /home/airflow/.local/lib/python3.7/site-packages/airflow/example_dags/example_nested_branch_dag.py for tasks to queue
[2022-07-22 22:05:09,239] {logging_mixin.py:109} INFO - [2022-07-22 22:05:09,239] {dagbag.py:500} INFO - Filling up the DagBag from /home/airflow/.local/lib/python3.7/site-packages/airflow/example_dags/example_nested_branch_dag.py
[2022-07-22 22:05:09,258] {processor.py:654} INFO - DAG(s) dict_keys(['example_nested_branch_dag']) retrieved from /home/airflow/.local/lib/python3.7/site-packages/airflow/example_dags/example_nested_branch_dag.py
[2022-07-22 22:05:09,266] {logging_mixin.py:109} INFO - [2022-07-22 22:05:09,266] {dag.py:2396} INFO - Sync 1 DAGs
[2022-07-22 22:05:09,279] {logging_mixin.py:109} INFO - [2022-07-22 22:05:09,279] {dag.py:2935} INFO - Setting next_dagrun for example_nested_branch_dag to 2022-07-21 00:00:00+00:00
[2022-07-22 22:05:09,285] {processor.py:171} INFO - Processing /home/airflow/.local/lib/python3.7/site-packages/airflow/example_dags/example_nested_branch_dag.py took 0.049 seconds
[2022-07-22 22:05:39,802] {processor.py:163} INFO - Started process (PID=1060) to work on /home/airflow/.local/lib/python3.7/site-packages/airflow/example_dags/example_nested_branch_dag.py
[2022-07-22 22:05:39,803] {processor.py:642} INFO - Processing file /home/airflow/.local/lib/python3.7/site-packages/airflow/example_dags/example_nested_branch_dag.py for tasks to queue
[2022-07-22 22:05:39,803] {logging_mixin.py:109} INFO - [2022-07-22 22:05:39,803] {dagbag.py:500} INFO - Filling up the DagBag from /home/airflow/.local/lib/python3.7/site-packages/airflow/example_dags/example_nested_branch_dag.py
[2022-07-22 22:05:39,822] {processor.py:654} INFO - DAG(s) dict_keys(['example_nested_branch_dag']) retrieved from /home/airflow/.local/lib/python3.7/site-packages/airflow/example_dags/example_nested_branch_dag.py
[2022-07-22 22:05:39,830] {logging_mixin.py:109} INFO - [2022-07-22 22:05:39,830] {dag.py:2396} INFO - Sync 1 DAGs
[2022-07-22 22:05:39,846] {logging_mixin.py:109} INFO - [2022-07-22 22:05:39,845] {dag.py:2935} INFO - Setting next_dagrun for example_nested_branch_dag to 2022-07-21 00:00:00+00:00
[2022-07-22 22:05:39,853] {processor.py:171} INFO - Processing /home/airflow/.local/lib/python3.7/site-packages/airflow/example_dags/example_nested_branch_dag.py took 0.053 seconds
[2022-07-22 22:06:10,420] {processor.py:163} INFO - Started process (PID=1119) to work on /home/airflow/.local/lib/python3.7/site-packages/airflow/example_dags/example_nested_branch_dag.py
[2022-07-22 22:06:10,421] {processor.py:642} INFO - Processing file /home/airflow/.local/lib/python3.7/site-packages/airflow/example_dags/example_nested_branch_dag.py for tasks to queue
[2022-07-22 22:06:10,421] {logging_mixin.py:109} INFO - [2022-07-22 22:06:10,421] {dagbag.py:500} INFO - Filling up the DagBag from /home/airflow/.local/lib/python3.7/site-packages/airflow/example_dags/example_nested_branch_dag.py
[2022-07-22 22:06:10,439] {processor.py:654} INFO - DAG(s) dict_keys(['example_nested_branch_dag']) retrieved from /home/airflow/.local/lib/python3.7/site-packages/airflow/example_dags/example_nested_branch_dag.py
[2022-07-22 22:06:10,447] {logging_mixin.py:109} INFO - [2022-07-22 22:06:10,446] {dag.py:2396} INFO - Sync 1 DAGs
[2022-07-22 22:06:10,458] {logging_mixin.py:109} INFO - [2022-07-22 22:06:10,458] {dag.py:2935} INFO - Setting next_dagrun for example_nested_branch_dag to 2022-07-21 00:00:00+00:00
[2022-07-22 22:06:10,463] {processor.py:171} INFO - Processing /home/airflow/.local/lib/python3.7/site-packages/airflow/example_dags/example_nested_branch_dag.py took 0.045 seconds
[2022-07-22 22:06:41,049] {processor.py:163} INFO - Started process (PID=1169) to work on /home/airflow/.local/lib/python3.7/site-packages/airflow/example_dags/example_nested_branch_dag.py
[2022-07-22 22:06:41,050] {processor.py:642} INFO - Processing file /home/airflow/.local/lib/python3.7/site-packages/airflow/example_dags/example_nested_branch_dag.py for tasks to queue
[2022-07-22 22:06:41,050] {logging_mixin.py:109} INFO - [2022-07-22 22:06:41,050] {dagbag.py:500} INFO - Filling up the DagBag from /home/airflow/.local/lib/python3.7/site-packages/airflow/example_dags/example_nested_branch_dag.py
[2022-07-22 22:06:41,071] {processor.py:654} INFO - DAG(s) dict_keys(['example_nested_branch_dag']) retrieved from /home/airflow/.local/lib/python3.7/site-packages/airflow/example_dags/example_nested_branch_dag.py
[2022-07-22 22:06:41,079] {logging_mixin.py:109} INFO - [2022-07-22 22:06:41,079] {dag.py:2396} INFO - Sync 1 DAGs
[2022-07-22 22:06:41,091] {logging_mixin.py:109} INFO - [2022-07-22 22:06:41,091] {dag.py:2935} INFO - Setting next_dagrun for example_nested_branch_dag to 2022-07-21 00:00:00+00:00
[2022-07-22 22:06:41,097] {processor.py:171} INFO - Processing /home/airflow/.local/lib/python3.7/site-packages/airflow/example_dags/example_nested_branch_dag.py took 0.050 seconds
[2022-07-22 22:07:11,683] {processor.py:163} INFO - Started process (PID=1228) to work on /home/airflow/.local/lib/python3.7/site-packages/airflow/example_dags/example_nested_branch_dag.py
[2022-07-22 22:07:11,684] {processor.py:642} INFO - Processing file /home/airflow/.local/lib/python3.7/site-packages/airflow/example_dags/example_nested_branch_dag.py for tasks to queue
[2022-07-22 22:07:11,685] {logging_mixin.py:109} INFO - [2022-07-22 22:07:11,685] {dagbag.py:500} INFO - Filling up the DagBag from /home/airflow/.local/lib/python3.7/site-packages/airflow/example_dags/example_nested_branch_dag.py
[2022-07-22 22:07:11,704] {processor.py:654} INFO - DAG(s) dict_keys(['example_nested_branch_dag']) retrieved from /home/airflow/.local/lib/python3.7/site-packages/airflow/example_dags/example_nested_branch_dag.py
[2022-07-22 22:07:11,712] {logging_mixin.py:109} INFO - [2022-07-22 22:07:11,712] {dag.py:2396} INFO - Sync 1 DAGs
[2022-07-22 22:07:11,723] {logging_mixin.py:109} INFO - [2022-07-22 22:07:11,723] {dag.py:2935} INFO - Setting next_dagrun for example_nested_branch_dag to 2022-07-21 00:00:00+00:00
[2022-07-22 22:07:11,729] {processor.py:171} INFO - Processing /home/airflow/.local/lib/python3.7/site-packages/airflow/example_dags/example_nested_branch_dag.py took 0.048 seconds
[2022-07-22 22:07:42,259] {processor.py:163} INFO - Started process (PID=1287) to work on /home/airflow/.local/lib/python3.7/site-packages/airflow/example_dags/example_nested_branch_dag.py
[2022-07-22 22:07:42,260] {processor.py:642} INFO - Processing file /home/airflow/.local/lib/python3.7/site-packages/airflow/example_dags/example_nested_branch_dag.py for tasks to queue
[2022-07-22 22:07:42,261] {logging_mixin.py:109} INFO - [2022-07-22 22:07:42,261] {dagbag.py:500} INFO - Filling up the DagBag from /home/airflow/.local/lib/python3.7/site-packages/airflow/example_dags/example_nested_branch_dag.py
[2022-07-22 22:07:42,279] {processor.py:654} INFO - DAG(s) dict_keys(['example_nested_branch_dag']) retrieved from /home/airflow/.local/lib/python3.7/site-packages/airflow/example_dags/example_nested_branch_dag.py
[2022-07-22 22:07:42,286] {logging_mixin.py:109} INFO - [2022-07-22 22:07:42,286] {dag.py:2396} INFO - Sync 1 DAGs
[2022-07-22 22:07:42,299] {logging_mixin.py:109} INFO - [2022-07-22 22:07:42,299] {dag.py:2935} INFO - Setting next_dagrun for example_nested_branch_dag to 2022-07-21 00:00:00+00:00
[2022-07-22 22:07:42,305] {processor.py:171} INFO - Processing /home/airflow/.local/lib/python3.7/site-packages/airflow/example_dags/example_nested_branch_dag.py took 0.047 seconds
[2022-07-22 22:08:12,968] {processor.py:163} INFO - Started process (PID=1337) to work on /home/airflow/.local/lib/python3.7/site-packages/airflow/example_dags/example_nested_branch_dag.py
[2022-07-22 22:08:12,969] {processor.py:642} INFO - Processing file /home/airflow/.local/lib/python3.7/site-packages/airflow/example_dags/example_nested_branch_dag.py for tasks to queue
[2022-07-22 22:08:12,969] {logging_mixin.py:109} INFO - [2022-07-22 22:08:12,969] {dagbag.py:500} INFO - Filling up the DagBag from /home/airflow/.local/lib/python3.7/site-packages/airflow/example_dags/example_nested_branch_dag.py
[2022-07-22 22:08:12,990] {processor.py:654} INFO - DAG(s) dict_keys(['example_nested_branch_dag']) retrieved from /home/airflow/.local/lib/python3.7/site-packages/airflow/example_dags/example_nested_branch_dag.py
[2022-07-22 22:08:12,999] {logging_mixin.py:109} INFO - [2022-07-22 22:08:12,999] {dag.py:2396} INFO - Sync 1 DAGs
[2022-07-22 22:08:13,014] {logging_mixin.py:109} INFO - [2022-07-22 22:08:13,014] {dag.py:2935} INFO - Setting next_dagrun for example_nested_branch_dag to 2022-07-21 00:00:00+00:00
[2022-07-22 22:08:13,020] {processor.py:171} INFO - Processing /home/airflow/.local/lib/python3.7/site-packages/airflow/example_dags/example_nested_branch_dag.py took 0.054 seconds
[2022-07-22 22:08:44,220] {processor.py:163} INFO - Started process (PID=1396) to work on /home/airflow/.local/lib/python3.7/site-packages/airflow/example_dags/example_nested_branch_dag.py
[2022-07-22 22:08:44,221] {processor.py:642} INFO - Processing file /home/airflow/.local/lib/python3.7/site-packages/airflow/example_dags/example_nested_branch_dag.py for tasks to queue
[2022-07-22 22:08:44,221] {logging_mixin.py:109} INFO - [2022-07-22 22:08:44,221] {dagbag.py:500} INFO - Filling up the DagBag from /home/airflow/.local/lib/python3.7/site-packages/airflow/example_dags/example_nested_branch_dag.py
[2022-07-22 22:08:44,252] {processor.py:654} INFO - DAG(s) dict_keys(['example_nested_branch_dag']) retrieved from /home/airflow/.local/lib/python3.7/site-packages/airflow/example_dags/example_nested_branch_dag.py
[2022-07-22 22:08:44,264] {logging_mixin.py:109} INFO - [2022-07-22 22:08:44,264] {dag.py:2396} INFO - Sync 1 DAGs
[2022-07-22 22:08:44,282] {logging_mixin.py:109} INFO - [2022-07-22 22:08:44,282] {dag.py:2935} INFO - Setting next_dagrun for example_nested_branch_dag to 2022-07-21 00:00:00+00:00
[2022-07-22 22:08:44,292] {processor.py:171} INFO - Processing /home/airflow/.local/lib/python3.7/site-packages/airflow/example_dags/example_nested_branch_dag.py took 0.075 seconds
[2022-07-22 22:09:14,727] {processor.py:163} INFO - Started process (PID=1446) to work on /home/airflow/.local/lib/python3.7/site-packages/airflow/example_dags/example_nested_branch_dag.py
[2022-07-22 22:09:14,728] {processor.py:642} INFO - Processing file /home/airflow/.local/lib/python3.7/site-packages/airflow/example_dags/example_nested_branch_dag.py for tasks to queue
[2022-07-22 22:09:14,729] {logging_mixin.py:109} INFO - [2022-07-22 22:09:14,729] {dagbag.py:500} INFO - Filling up the DagBag from /home/airflow/.local/lib/python3.7/site-packages/airflow/example_dags/example_nested_branch_dag.py
[2022-07-22 22:09:14,756] {processor.py:654} INFO - DAG(s) dict_keys(['example_nested_branch_dag']) retrieved from /home/airflow/.local/lib/python3.7/site-packages/airflow/example_dags/example_nested_branch_dag.py
[2022-07-22 22:09:14,768] {logging_mixin.py:109} INFO - [2022-07-22 22:09:14,768] {dag.py:2396} INFO - Sync 1 DAGs
[2022-07-22 22:09:14,785] {logging_mixin.py:109} INFO - [2022-07-22 22:09:14,785] {dag.py:2935} INFO - Setting next_dagrun for example_nested_branch_dag to 2022-07-21 00:00:00+00:00
[2022-07-22 22:09:14,793] {processor.py:171} INFO - Processing /home/airflow/.local/lib/python3.7/site-packages/airflow/example_dags/example_nested_branch_dag.py took 0.069 seconds
[2022-07-22 22:09:45,776] {processor.py:163} INFO - Started process (PID=1505) to work on /home/airflow/.local/lib/python3.7/site-packages/airflow/example_dags/example_nested_branch_dag.py
[2022-07-22 22:09:45,777] {processor.py:642} INFO - Processing file /home/airflow/.local/lib/python3.7/site-packages/airflow/example_dags/example_nested_branch_dag.py for tasks to queue
[2022-07-22 22:09:45,777] {logging_mixin.py:109} INFO - [2022-07-22 22:09:45,777] {dagbag.py:500} INFO - Filling up the DagBag from /home/airflow/.local/lib/python3.7/site-packages/airflow/example_dags/example_nested_branch_dag.py
[2022-07-22 22:09:45,800] {processor.py:654} INFO - DAG(s) dict_keys(['example_nested_branch_dag']) retrieved from /home/airflow/.local/lib/python3.7/site-packages/airflow/example_dags/example_nested_branch_dag.py
[2022-07-22 22:09:45,811] {logging_mixin.py:109} INFO - [2022-07-22 22:09:45,810] {dag.py:2396} INFO - Sync 1 DAGs
[2022-07-22 22:09:45,827] {logging_mixin.py:109} INFO - [2022-07-22 22:09:45,826] {dag.py:2935} INFO - Setting next_dagrun for example_nested_branch_dag to 2022-07-21 00:00:00+00:00
[2022-07-22 22:09:45,834] {processor.py:171} INFO - Processing /home/airflow/.local/lib/python3.7/site-packages/airflow/example_dags/example_nested_branch_dag.py took 0.060 seconds
[2022-07-22 22:10:16,742] {processor.py:163} INFO - Started process (PID=1555) to work on /home/airflow/.local/lib/python3.7/site-packages/airflow/example_dags/example_nested_branch_dag.py
[2022-07-22 22:10:16,743] {processor.py:642} INFO - Processing file /home/airflow/.local/lib/python3.7/site-packages/airflow/example_dags/example_nested_branch_dag.py for tasks to queue
[2022-07-22 22:10:16,743] {logging_mixin.py:109} INFO - [2022-07-22 22:10:16,743] {dagbag.py:500} INFO - Filling up the DagBag from /home/airflow/.local/lib/python3.7/site-packages/airflow/example_dags/example_nested_branch_dag.py
[2022-07-22 22:10:16,763] {processor.py:654} INFO - DAG(s) dict_keys(['example_nested_branch_dag']) retrieved from /home/airflow/.local/lib/python3.7/site-packages/airflow/example_dags/example_nested_branch_dag.py
[2022-07-22 22:10:16,770] {logging_mixin.py:109} INFO - [2022-07-22 22:10:16,770] {dag.py:2396} INFO - Sync 1 DAGs
[2022-07-22 22:10:16,783] {logging_mixin.py:109} INFO - [2022-07-22 22:10:16,782] {dag.py:2935} INFO - Setting next_dagrun for example_nested_branch_dag to 2022-07-21 00:00:00+00:00
[2022-07-22 22:10:16,788] {processor.py:171} INFO - Processing /home/airflow/.local/lib/python3.7/site-packages/airflow/example_dags/example_nested_branch_dag.py took 0.049 seconds
[2022-07-22 22:10:47,446] {processor.py:163} INFO - Started process (PID=1614) to work on /home/airflow/.local/lib/python3.7/site-packages/airflow/example_dags/example_nested_branch_dag.py
[2022-07-22 22:10:47,447] {processor.py:642} INFO - Processing file /home/airflow/.local/lib/python3.7/site-packages/airflow/example_dags/example_nested_branch_dag.py for tasks to queue
[2022-07-22 22:10:47,447] {logging_mixin.py:109} INFO - [2022-07-22 22:10:47,447] {dagbag.py:500} INFO - Filling up the DagBag from /home/airflow/.local/lib/python3.7/site-packages/airflow/example_dags/example_nested_branch_dag.py
[2022-07-22 22:10:47,467] {processor.py:654} INFO - DAG(s) dict_keys(['example_nested_branch_dag']) retrieved from /home/airflow/.local/lib/python3.7/site-packages/airflow/example_dags/example_nested_branch_dag.py
[2022-07-22 22:10:47,475] {logging_mixin.py:109} INFO - [2022-07-22 22:10:47,475] {dag.py:2396} INFO - Sync 1 DAGs
[2022-07-22 22:10:47,488] {logging_mixin.py:109} INFO - [2022-07-22 22:10:47,488] {dag.py:2935} INFO - Setting next_dagrun for example_nested_branch_dag to 2022-07-21 00:00:00+00:00
[2022-07-22 22:10:47,495] {processor.py:171} INFO - Processing /home/airflow/.local/lib/python3.7/site-packages/airflow/example_dags/example_nested_branch_dag.py took 0.052 seconds
[2022-07-22 22:11:18,314] {processor.py:163} INFO - Started process (PID=1673) to work on /home/airflow/.local/lib/python3.7/site-packages/airflow/example_dags/example_nested_branch_dag.py
[2022-07-22 22:11:18,315] {processor.py:642} INFO - Processing file /home/airflow/.local/lib/python3.7/site-packages/airflow/example_dags/example_nested_branch_dag.py for tasks to queue
[2022-07-22 22:11:18,315] {logging_mixin.py:109} INFO - [2022-07-22 22:11:18,315] {dagbag.py:500} INFO - Filling up the DagBag from /home/airflow/.local/lib/python3.7/site-packages/airflow/example_dags/example_nested_branch_dag.py
[2022-07-22 22:11:18,335] {processor.py:654} INFO - DAG(s) dict_keys(['example_nested_branch_dag']) retrieved from /home/airflow/.local/lib/python3.7/site-packages/airflow/example_dags/example_nested_branch_dag.py
[2022-07-22 22:11:18,344] {logging_mixin.py:109} INFO - [2022-07-22 22:11:18,344] {dag.py:2396} INFO - Sync 1 DAGs
[2022-07-22 22:11:18,357] {logging_mixin.py:109} INFO - [2022-07-22 22:11:18,357] {dag.py:2935} INFO - Setting next_dagrun for example_nested_branch_dag to 2022-07-21 00:00:00+00:00
[2022-07-22 22:11:18,363] {processor.py:171} INFO - Processing /home/airflow/.local/lib/python3.7/site-packages/airflow/example_dags/example_nested_branch_dag.py took 0.051 seconds
[2022-07-22 22:11:49,057] {processor.py:163} INFO - Started process (PID=1723) to work on /home/airflow/.local/lib/python3.7/site-packages/airflow/example_dags/example_nested_branch_dag.py
[2022-07-22 22:11:49,057] {processor.py:642} INFO - Processing file /home/airflow/.local/lib/python3.7/site-packages/airflow/example_dags/example_nested_branch_dag.py for tasks to queue
[2022-07-22 22:11:49,058] {logging_mixin.py:109} INFO - [2022-07-22 22:11:49,058] {dagbag.py:500} INFO - Filling up the DagBag from /home/airflow/.local/lib/python3.7/site-packages/airflow/example_dags/example_nested_branch_dag.py
[2022-07-22 22:11:49,077] {processor.py:654} INFO - DAG(s) dict_keys(['example_nested_branch_dag']) retrieved from /home/airflow/.local/lib/python3.7/site-packages/airflow/example_dags/example_nested_branch_dag.py
[2022-07-22 22:11:49,084] {logging_mixin.py:109} INFO - [2022-07-22 22:11:49,084] {dag.py:2396} INFO - Sync 1 DAGs
[2022-07-22 22:11:49,097] {logging_mixin.py:109} INFO - [2022-07-22 22:11:49,097] {dag.py:2935} INFO - Setting next_dagrun for example_nested_branch_dag to 2022-07-21 00:00:00+00:00
[2022-07-22 22:11:49,103] {processor.py:171} INFO - Processing /home/airflow/.local/lib/python3.7/site-packages/airflow/example_dags/example_nested_branch_dag.py took 0.048 seconds
[2022-07-22 22:12:20,015] {processor.py:163} INFO - Started process (PID=1782) to work on /home/airflow/.local/lib/python3.7/site-packages/airflow/example_dags/example_nested_branch_dag.py
[2022-07-22 22:12:20,016] {processor.py:642} INFO - Processing file /home/airflow/.local/lib/python3.7/site-packages/airflow/example_dags/example_nested_branch_dag.py for tasks to queue
[2022-07-22 22:12:20,017] {logging_mixin.py:109} INFO - [2022-07-22 22:12:20,017] {dagbag.py:500} INFO - Filling up the DagBag from /home/airflow/.local/lib/python3.7/site-packages/airflow/example_dags/example_nested_branch_dag.py
[2022-07-22 22:12:20,038] {processor.py:654} INFO - DAG(s) dict_keys(['example_nested_branch_dag']) retrieved from /home/airflow/.local/lib/python3.7/site-packages/airflow/example_dags/example_nested_branch_dag.py
[2022-07-22 22:12:20,046] {logging_mixin.py:109} INFO - [2022-07-22 22:12:20,046] {dag.py:2396} INFO - Sync 1 DAGs
[2022-07-22 22:12:20,058] {logging_mixin.py:109} INFO - [2022-07-22 22:12:20,058] {dag.py:2935} INFO - Setting next_dagrun for example_nested_branch_dag to 2022-07-21 00:00:00+00:00
[2022-07-22 22:12:20,065] {processor.py:171} INFO - Processing /home/airflow/.local/lib/python3.7/site-packages/airflow/example_dags/example_nested_branch_dag.py took 0.051 seconds
[2022-07-22 22:12:50,792] {processor.py:163} INFO - Started process (PID=1832) to work on /home/airflow/.local/lib/python3.7/site-packages/airflow/example_dags/example_nested_branch_dag.py
[2022-07-22 22:12:50,793] {processor.py:642} INFO - Processing file /home/airflow/.local/lib/python3.7/site-packages/airflow/example_dags/example_nested_branch_dag.py for tasks to queue
[2022-07-22 22:12:50,794] {logging_mixin.py:109} INFO - [2022-07-22 22:12:50,793] {dagbag.py:500} INFO - Filling up the DagBag from /home/airflow/.local/lib/python3.7/site-packages/airflow/example_dags/example_nested_branch_dag.py
[2022-07-22 22:12:50,815] {processor.py:654} INFO - DAG(s) dict_keys(['example_nested_branch_dag']) retrieved from /home/airflow/.local/lib/python3.7/site-packages/airflow/example_dags/example_nested_branch_dag.py
[2022-07-22 22:12:50,826] {logging_mixin.py:109} INFO - [2022-07-22 22:12:50,826] {dag.py:2396} INFO - Sync 1 DAGs
[2022-07-22 22:12:50,845] {logging_mixin.py:109} INFO - [2022-07-22 22:12:50,845] {dag.py:2935} INFO - Setting next_dagrun for example_nested_branch_dag to 2022-07-21 00:00:00+00:00
[2022-07-22 22:12:50,854] {processor.py:171} INFO - Processing /home/airflow/.local/lib/python3.7/site-packages/airflow/example_dags/example_nested_branch_dag.py took 0.064 seconds
[2022-07-22 22:13:21,701] {processor.py:163} INFO - Started process (PID=1891) to work on /home/airflow/.local/lib/python3.7/site-packages/airflow/example_dags/example_nested_branch_dag.py
[2022-07-22 22:13:21,702] {processor.py:642} INFO - Processing file /home/airflow/.local/lib/python3.7/site-packages/airflow/example_dags/example_nested_branch_dag.py for tasks to queue
[2022-07-22 22:13:21,702] {logging_mixin.py:109} INFO - [2022-07-22 22:13:21,702] {dagbag.py:500} INFO - Filling up the DagBag from /home/airflow/.local/lib/python3.7/site-packages/airflow/example_dags/example_nested_branch_dag.py
[2022-07-22 22:13:21,721] {processor.py:654} INFO - DAG(s) dict_keys(['example_nested_branch_dag']) retrieved from /home/airflow/.local/lib/python3.7/site-packages/airflow/example_dags/example_nested_branch_dag.py
[2022-07-22 22:13:21,729] {logging_mixin.py:109} INFO - [2022-07-22 22:13:21,729] {dag.py:2396} INFO - Sync 1 DAGs
[2022-07-22 22:13:21,741] {logging_mixin.py:109} INFO - [2022-07-22 22:13:21,741] {dag.py:2935} INFO - Setting next_dagrun for example_nested_branch_dag to 2022-07-21 00:00:00+00:00
[2022-07-22 22:13:21,747] {processor.py:171} INFO - Processing /home/airflow/.local/lib/python3.7/site-packages/airflow/example_dags/example_nested_branch_dag.py took 0.047 seconds
[2022-07-22 22:13:52,216] {processor.py:163} INFO - Started process (PID=1941) to work on /home/airflow/.local/lib/python3.7/site-packages/airflow/example_dags/example_nested_branch_dag.py
[2022-07-22 22:13:52,216] {processor.py:642} INFO - Processing file /home/airflow/.local/lib/python3.7/site-packages/airflow/example_dags/example_nested_branch_dag.py for tasks to queue
[2022-07-22 22:13:52,217] {logging_mixin.py:109} INFO - [2022-07-22 22:13:52,217] {dagbag.py:500} INFO - Filling up the DagBag from /home/airflow/.local/lib/python3.7/site-packages/airflow/example_dags/example_nested_branch_dag.py
[2022-07-22 22:13:52,236] {processor.py:654} INFO - DAG(s) dict_keys(['example_nested_branch_dag']) retrieved from /home/airflow/.local/lib/python3.7/site-packages/airflow/example_dags/example_nested_branch_dag.py
[2022-07-22 22:13:52,243] {logging_mixin.py:109} INFO - [2022-07-22 22:13:52,243] {dag.py:2396} INFO - Sync 1 DAGs
[2022-07-22 22:13:52,255] {logging_mixin.py:109} INFO - [2022-07-22 22:13:52,255] {dag.py:2935} INFO - Setting next_dagrun for example_nested_branch_dag to 2022-07-21 00:00:00+00:00
[2022-07-22 22:13:52,261] {processor.py:171} INFO - Processing /home/airflow/.local/lib/python3.7/site-packages/airflow/example_dags/example_nested_branch_dag.py took 0.047 seconds
[2022-07-22 22:14:23,010] {processor.py:163} INFO - Started process (PID=2000) to work on /home/airflow/.local/lib/python3.7/site-packages/airflow/example_dags/example_nested_branch_dag.py
[2022-07-22 22:14:23,010] {processor.py:642} INFO - Processing file /home/airflow/.local/lib/python3.7/site-packages/airflow/example_dags/example_nested_branch_dag.py for tasks to queue
[2022-07-22 22:14:23,011] {logging_mixin.py:109} INFO - [2022-07-22 22:14:23,011] {dagbag.py:500} INFO - Filling up the DagBag from /home/airflow/.local/lib/python3.7/site-packages/airflow/example_dags/example_nested_branch_dag.py
[2022-07-22 22:14:23,030] {processor.py:654} INFO - DAG(s) dict_keys(['example_nested_branch_dag']) retrieved from /home/airflow/.local/lib/python3.7/site-packages/airflow/example_dags/example_nested_branch_dag.py
[2022-07-22 22:14:23,037] {logging_mixin.py:109} INFO - [2022-07-22 22:14:23,037] {dag.py:2396} INFO - Sync 1 DAGs
[2022-07-22 22:14:23,049] {logging_mixin.py:109} INFO - [2022-07-22 22:14:23,049] {dag.py:2935} INFO - Setting next_dagrun for example_nested_branch_dag to 2022-07-21 00:00:00+00:00
[2022-07-22 22:14:23,055] {processor.py:171} INFO - Processing /home/airflow/.local/lib/python3.7/site-packages/airflow/example_dags/example_nested_branch_dag.py took 0.047 seconds
[2022-07-22 22:14:53,540] {processor.py:163} INFO - Started process (PID=2060) to work on /home/airflow/.local/lib/python3.7/site-packages/airflow/example_dags/example_nested_branch_dag.py
[2022-07-22 22:14:53,541] {processor.py:642} INFO - Processing file /home/airflow/.local/lib/python3.7/site-packages/airflow/example_dags/example_nested_branch_dag.py for tasks to queue
[2022-07-22 22:14:53,541] {logging_mixin.py:109} INFO - [2022-07-22 22:14:53,541] {dagbag.py:500} INFO - Filling up the DagBag from /home/airflow/.local/lib/python3.7/site-packages/airflow/example_dags/example_nested_branch_dag.py
[2022-07-22 22:14:53,560] {processor.py:654} INFO - DAG(s) dict_keys(['example_nested_branch_dag']) retrieved from /home/airflow/.local/lib/python3.7/site-packages/airflow/example_dags/example_nested_branch_dag.py
[2022-07-22 22:14:53,567] {logging_mixin.py:109} INFO - [2022-07-22 22:14:53,567] {dag.py:2396} INFO - Sync 1 DAGs
[2022-07-22 22:14:53,579] {logging_mixin.py:109} INFO - [2022-07-22 22:14:53,579] {dag.py:2935} INFO - Setting next_dagrun for example_nested_branch_dag to 2022-07-21 00:00:00+00:00
[2022-07-22 22:14:53,585] {processor.py:171} INFO - Processing /home/airflow/.local/lib/python3.7/site-packages/airflow/example_dags/example_nested_branch_dag.py took 0.047 seconds
[2022-07-22 22:15:24,137] {processor.py:163} INFO - Started process (PID=2110) to work on /home/airflow/.local/lib/python3.7/site-packages/airflow/example_dags/example_nested_branch_dag.py
[2022-07-22 22:15:24,137] {processor.py:642} INFO - Processing file /home/airflow/.local/lib/python3.7/site-packages/airflow/example_dags/example_nested_branch_dag.py for tasks to queue
[2022-07-22 22:15:24,138] {logging_mixin.py:109} INFO - [2022-07-22 22:15:24,138] {dagbag.py:500} INFO - Filling up the DagBag from /home/airflow/.local/lib/python3.7/site-packages/airflow/example_dags/example_nested_branch_dag.py
[2022-07-22 22:15:24,158] {processor.py:654} INFO - DAG(s) dict_keys(['example_nested_branch_dag']) retrieved from /home/airflow/.local/lib/python3.7/site-packages/airflow/example_dags/example_nested_branch_dag.py
[2022-07-22 22:15:24,165] {logging_mixin.py:109} INFO - [2022-07-22 22:15:24,165] {dag.py:2396} INFO - Sync 1 DAGs
[2022-07-22 22:15:24,177] {logging_mixin.py:109} INFO - [2022-07-22 22:15:24,177] {dag.py:2935} INFO - Setting next_dagrun for example_nested_branch_dag to 2022-07-21 00:00:00+00:00
[2022-07-22 22:15:24,183] {processor.py:171} INFO - Processing /home/airflow/.local/lib/python3.7/site-packages/airflow/example_dags/example_nested_branch_dag.py took 0.049 seconds
[2022-07-22 22:15:54,833] {processor.py:163} INFO - Started process (PID=2169) to work on /home/airflow/.local/lib/python3.7/site-packages/airflow/example_dags/example_nested_branch_dag.py
[2022-07-22 22:15:54,834] {processor.py:642} INFO - Processing file /home/airflow/.local/lib/python3.7/site-packages/airflow/example_dags/example_nested_branch_dag.py for tasks to queue
[2022-07-22 22:15:54,834] {logging_mixin.py:109} INFO - [2022-07-22 22:15:54,834] {dagbag.py:500} INFO - Filling up the DagBag from /home/airflow/.local/lib/python3.7/site-packages/airflow/example_dags/example_nested_branch_dag.py
[2022-07-22 22:15:54,854] {processor.py:654} INFO - DAG(s) dict_keys(['example_nested_branch_dag']) retrieved from /home/airflow/.local/lib/python3.7/site-packages/airflow/example_dags/example_nested_branch_dag.py
[2022-07-22 22:15:54,862] {logging_mixin.py:109} INFO - [2022-07-22 22:15:54,861] {dag.py:2396} INFO - Sync 1 DAGs
[2022-07-22 22:15:54,874] {logging_mixin.py:109} INFO - [2022-07-22 22:15:54,874] {dag.py:2935} INFO - Setting next_dagrun for example_nested_branch_dag to 2022-07-21 00:00:00+00:00
[2022-07-22 22:15:54,880] {processor.py:171} INFO - Processing /home/airflow/.local/lib/python3.7/site-packages/airflow/example_dags/example_nested_branch_dag.py took 0.049 seconds
[2022-07-22 22:16:25,455] {processor.py:163} INFO - Started process (PID=2219) to work on /home/airflow/.local/lib/python3.7/site-packages/airflow/example_dags/example_nested_branch_dag.py
[2022-07-22 22:16:25,456] {processor.py:642} INFO - Processing file /home/airflow/.local/lib/python3.7/site-packages/airflow/example_dags/example_nested_branch_dag.py for tasks to queue
[2022-07-22 22:16:25,456] {logging_mixin.py:109} INFO - [2022-07-22 22:16:25,456] {dagbag.py:500} INFO - Filling up the DagBag from /home/airflow/.local/lib/python3.7/site-packages/airflow/example_dags/example_nested_branch_dag.py
[2022-07-22 22:16:25,477] {processor.py:654} INFO - DAG(s) dict_keys(['example_nested_branch_dag']) retrieved from /home/airflow/.local/lib/python3.7/site-packages/airflow/example_dags/example_nested_branch_dag.py
[2022-07-22 22:16:25,486] {logging_mixin.py:109} INFO - [2022-07-22 22:16:25,486] {dag.py:2396} INFO - Sync 1 DAGs
[2022-07-22 22:16:25,501] {logging_mixin.py:109} INFO - [2022-07-22 22:16:25,501] {dag.py:2935} INFO - Setting next_dagrun for example_nested_branch_dag to 2022-07-21 00:00:00+00:00
[2022-07-22 22:16:25,507] {processor.py:171} INFO - Processing /home/airflow/.local/lib/python3.7/site-packages/airflow/example_dags/example_nested_branch_dag.py took 0.054 seconds
[2022-07-22 22:16:55,826] {processor.py:163} INFO - Started process (PID=2278) to work on /home/airflow/.local/lib/python3.7/site-packages/airflow/example_dags/example_nested_branch_dag.py
[2022-07-22 22:16:55,827] {processor.py:642} INFO - Processing file /home/airflow/.local/lib/python3.7/site-packages/airflow/example_dags/example_nested_branch_dag.py for tasks to queue
[2022-07-22 22:16:55,827] {logging_mixin.py:109} INFO - [2022-07-22 22:16:55,827] {dagbag.py:500} INFO - Filling up the DagBag from /home/airflow/.local/lib/python3.7/site-packages/airflow/example_dags/example_nested_branch_dag.py
[2022-07-22 22:16:55,847] {processor.py:654} INFO - DAG(s) dict_keys(['example_nested_branch_dag']) retrieved from /home/airflow/.local/lib/python3.7/site-packages/airflow/example_dags/example_nested_branch_dag.py
[2022-07-22 22:16:55,855] {logging_mixin.py:109} INFO - [2022-07-22 22:16:55,855] {dag.py:2396} INFO - Sync 1 DAGs
[2022-07-22 22:16:55,868] {logging_mixin.py:109} INFO - [2022-07-22 22:16:55,868] {dag.py:2935} INFO - Setting next_dagrun for example_nested_branch_dag to 2022-07-21 00:00:00+00:00
[2022-07-22 22:16:55,875] {processor.py:171} INFO - Processing /home/airflow/.local/lib/python3.7/site-packages/airflow/example_dags/example_nested_branch_dag.py took 0.050 seconds
[2022-07-22 22:17:26,444] {processor.py:163} INFO - Started process (PID=2337) to work on /home/airflow/.local/lib/python3.7/site-packages/airflow/example_dags/example_nested_branch_dag.py
[2022-07-22 22:17:26,445] {processor.py:642} INFO - Processing file /home/airflow/.local/lib/python3.7/site-packages/airflow/example_dags/example_nested_branch_dag.py for tasks to queue
[2022-07-22 22:17:26,445] {logging_mixin.py:109} INFO - [2022-07-22 22:17:26,445] {dagbag.py:500} INFO - Filling up the DagBag from /home/airflow/.local/lib/python3.7/site-packages/airflow/example_dags/example_nested_branch_dag.py
[2022-07-22 22:17:26,498] {processor.py:654} INFO - DAG(s) dict_keys(['example_nested_branch_dag']) retrieved from /home/airflow/.local/lib/python3.7/site-packages/airflow/example_dags/example_nested_branch_dag.py
[2022-07-22 22:17:26,510] {logging_mixin.py:109} INFO - [2022-07-22 22:17:26,510] {dag.py:2396} INFO - Sync 1 DAGs
[2022-07-22 22:17:26,531] {logging_mixin.py:109} INFO - [2022-07-22 22:17:26,531] {dag.py:2935} INFO - Setting next_dagrun for example_nested_branch_dag to 2022-07-21 00:00:00+00:00
[2022-07-22 22:17:26,541] {processor.py:171} INFO - Processing /home/airflow/.local/lib/python3.7/site-packages/airflow/example_dags/example_nested_branch_dag.py took 0.099 seconds
[2022-07-22 22:17:57,353] {processor.py:163} INFO - Started process (PID=2387) to work on /home/airflow/.local/lib/python3.7/site-packages/airflow/example_dags/example_nested_branch_dag.py
[2022-07-22 22:17:57,353] {processor.py:642} INFO - Processing file /home/airflow/.local/lib/python3.7/site-packages/airflow/example_dags/example_nested_branch_dag.py for tasks to queue
[2022-07-22 22:17:57,353] {logging_mixin.py:109} INFO - [2022-07-22 22:17:57,353] {dagbag.py:500} INFO - Filling up the DagBag from /home/airflow/.local/lib/python3.7/site-packages/airflow/example_dags/example_nested_branch_dag.py
[2022-07-22 22:17:57,372] {processor.py:654} INFO - DAG(s) dict_keys(['example_nested_branch_dag']) retrieved from /home/airflow/.local/lib/python3.7/site-packages/airflow/example_dags/example_nested_branch_dag.py
[2022-07-22 22:17:57,379] {logging_mixin.py:109} INFO - [2022-07-22 22:17:57,379] {dag.py:2396} INFO - Sync 1 DAGs
[2022-07-22 22:17:57,391] {logging_mixin.py:109} INFO - [2022-07-22 22:17:57,391] {dag.py:2935} INFO - Setting next_dagrun for example_nested_branch_dag to 2022-07-21 00:00:00+00:00
[2022-07-22 22:17:57,397] {processor.py:171} INFO - Processing /home/airflow/.local/lib/python3.7/site-packages/airflow/example_dags/example_nested_branch_dag.py took 0.046 seconds
[2022-07-22 22:18:27,975] {processor.py:163} INFO - Started process (PID=2446) to work on /home/airflow/.local/lib/python3.7/site-packages/airflow/example_dags/example_nested_branch_dag.py
[2022-07-22 22:18:27,976] {processor.py:642} INFO - Processing file /home/airflow/.local/lib/python3.7/site-packages/airflow/example_dags/example_nested_branch_dag.py for tasks to queue
[2022-07-22 22:18:27,976] {logging_mixin.py:109} INFO - [2022-07-22 22:18:27,976] {dagbag.py:500} INFO - Filling up the DagBag from /home/airflow/.local/lib/python3.7/site-packages/airflow/example_dags/example_nested_branch_dag.py
[2022-07-22 22:18:27,995] {processor.py:654} INFO - DAG(s) dict_keys(['example_nested_branch_dag']) retrieved from /home/airflow/.local/lib/python3.7/site-packages/airflow/example_dags/example_nested_branch_dag.py
[2022-07-22 22:18:28,002] {logging_mixin.py:109} INFO - [2022-07-22 22:18:28,002] {dag.py:2396} INFO - Sync 1 DAGs
[2022-07-22 22:18:28,014] {logging_mixin.py:109} INFO - [2022-07-22 22:18:28,014] {dag.py:2935} INFO - Setting next_dagrun for example_nested_branch_dag to 2022-07-21 00:00:00+00:00
[2022-07-22 22:18:28,021] {processor.py:171} INFO - Processing /home/airflow/.local/lib/python3.7/site-packages/airflow/example_dags/example_nested_branch_dag.py took 0.047 seconds
[2022-07-22 22:18:58,848] {processor.py:163} INFO - Started process (PID=2496) to work on /home/airflow/.local/lib/python3.7/site-packages/airflow/example_dags/example_nested_branch_dag.py
[2022-07-22 22:18:58,848] {processor.py:642} INFO - Processing file /home/airflow/.local/lib/python3.7/site-packages/airflow/example_dags/example_nested_branch_dag.py for tasks to queue
[2022-07-22 22:18:58,849] {logging_mixin.py:109} INFO - [2022-07-22 22:18:58,849] {dagbag.py:500} INFO - Filling up the DagBag from /home/airflow/.local/lib/python3.7/site-packages/airflow/example_dags/example_nested_branch_dag.py
[2022-07-22 22:18:58,869] {processor.py:654} INFO - DAG(s) dict_keys(['example_nested_branch_dag']) retrieved from /home/airflow/.local/lib/python3.7/site-packages/airflow/example_dags/example_nested_branch_dag.py
[2022-07-22 22:18:58,876] {logging_mixin.py:109} INFO - [2022-07-22 22:18:58,876] {dag.py:2396} INFO - Sync 1 DAGs
[2022-07-22 22:18:58,889] {logging_mixin.py:109} INFO - [2022-07-22 22:18:58,889] {dag.py:2935} INFO - Setting next_dagrun for example_nested_branch_dag to 2022-07-21 00:00:00+00:00
[2022-07-22 22:18:58,896] {processor.py:171} INFO - Processing /home/airflow/.local/lib/python3.7/site-packages/airflow/example_dags/example_nested_branch_dag.py took 0.050 seconds
[2022-07-22 22:19:29,631] {processor.py:163} INFO - Started process (PID=2555) to work on /home/airflow/.local/lib/python3.7/site-packages/airflow/example_dags/example_nested_branch_dag.py
[2022-07-22 22:19:29,632] {processor.py:642} INFO - Processing file /home/airflow/.local/lib/python3.7/site-packages/airflow/example_dags/example_nested_branch_dag.py for tasks to queue
[2022-07-22 22:19:29,632] {logging_mixin.py:109} INFO - [2022-07-22 22:19:29,632] {dagbag.py:500} INFO - Filling up the DagBag from /home/airflow/.local/lib/python3.7/site-packages/airflow/example_dags/example_nested_branch_dag.py
[2022-07-22 22:19:29,651] {processor.py:654} INFO - DAG(s) dict_keys(['example_nested_branch_dag']) retrieved from /home/airflow/.local/lib/python3.7/site-packages/airflow/example_dags/example_nested_branch_dag.py
[2022-07-22 22:19:29,658] {logging_mixin.py:109} INFO - [2022-07-22 22:19:29,658] {dag.py:2396} INFO - Sync 1 DAGs
[2022-07-22 22:19:29,671] {logging_mixin.py:109} INFO - [2022-07-22 22:19:29,671] {dag.py:2935} INFO - Setting next_dagrun for example_nested_branch_dag to 2022-07-21 00:00:00+00:00
[2022-07-22 22:19:29,677] {processor.py:171} INFO - Processing /home/airflow/.local/lib/python3.7/site-packages/airflow/example_dags/example_nested_branch_dag.py took 0.048 seconds
[2022-07-22 22:20:00,441] {processor.py:163} INFO - Started process (PID=2614) to work on /home/airflow/.local/lib/python3.7/site-packages/airflow/example_dags/example_nested_branch_dag.py
[2022-07-22 22:20:00,442] {processor.py:642} INFO - Processing file /home/airflow/.local/lib/python3.7/site-packages/airflow/example_dags/example_nested_branch_dag.py for tasks to queue
[2022-07-22 22:20:00,442] {logging_mixin.py:109} INFO - [2022-07-22 22:20:00,442] {dagbag.py:500} INFO - Filling up the DagBag from /home/airflow/.local/lib/python3.7/site-packages/airflow/example_dags/example_nested_branch_dag.py
[2022-07-22 22:20:00,462] {processor.py:654} INFO - DAG(s) dict_keys(['example_nested_branch_dag']) retrieved from /home/airflow/.local/lib/python3.7/site-packages/airflow/example_dags/example_nested_branch_dag.py
[2022-07-22 22:20:00,470] {logging_mixin.py:109} INFO - [2022-07-22 22:20:00,469] {dag.py:2396} INFO - Sync 1 DAGs
[2022-07-22 22:20:00,483] {logging_mixin.py:109} INFO - [2022-07-22 22:20:00,483] {dag.py:2935} INFO - Setting next_dagrun for example_nested_branch_dag to 2022-07-21 00:00:00+00:00
[2022-07-22 22:20:00,489] {processor.py:171} INFO - Processing /home/airflow/.local/lib/python3.7/site-packages/airflow/example_dags/example_nested_branch_dag.py took 0.051 seconds
[2022-07-22 22:20:30,722] {processor.py:163} INFO - Started process (PID=2664) to work on /home/airflow/.local/lib/python3.7/site-packages/airflow/example_dags/example_nested_branch_dag.py
[2022-07-22 22:20:30,723] {processor.py:642} INFO - Processing file /home/airflow/.local/lib/python3.7/site-packages/airflow/example_dags/example_nested_branch_dag.py for tasks to queue
[2022-07-22 22:20:30,723] {logging_mixin.py:109} INFO - [2022-07-22 22:20:30,723] {dagbag.py:500} INFO - Filling up the DagBag from /home/airflow/.local/lib/python3.7/site-packages/airflow/example_dags/example_nested_branch_dag.py
[2022-07-22 22:20:30,743] {processor.py:654} INFO - DAG(s) dict_keys(['example_nested_branch_dag']) retrieved from /home/airflow/.local/lib/python3.7/site-packages/airflow/example_dags/example_nested_branch_dag.py
[2022-07-22 22:20:30,750] {logging_mixin.py:109} INFO - [2022-07-22 22:20:30,750] {dag.py:2396} INFO - Sync 1 DAGs
[2022-07-22 22:20:30,831] {logging_mixin.py:109} INFO - [2022-07-22 22:20:30,831] {dag.py:2935} INFO - Setting next_dagrun for example_nested_branch_dag to 2022-07-21 00:00:00+00:00
[2022-07-22 22:20:30,837] {processor.py:171} INFO - Processing /home/airflow/.local/lib/python3.7/site-packages/airflow/example_dags/example_nested_branch_dag.py took 0.117 seconds
[2022-07-22 22:21:00,979] {processor.py:163} INFO - Started process (PID=2722) to work on /home/airflow/.local/lib/python3.7/site-packages/airflow/example_dags/example_nested_branch_dag.py
[2022-07-22 22:21:00,980] {processor.py:642} INFO - Processing file /home/airflow/.local/lib/python3.7/site-packages/airflow/example_dags/example_nested_branch_dag.py for tasks to queue
[2022-07-22 22:21:00,980] {logging_mixin.py:109} INFO - [2022-07-22 22:21:00,980] {dagbag.py:500} INFO - Filling up the DagBag from /home/airflow/.local/lib/python3.7/site-packages/airflow/example_dags/example_nested_branch_dag.py
[2022-07-22 22:21:00,999] {processor.py:654} INFO - DAG(s) dict_keys(['example_nested_branch_dag']) retrieved from /home/airflow/.local/lib/python3.7/site-packages/airflow/example_dags/example_nested_branch_dag.py
[2022-07-22 22:21:01,006] {logging_mixin.py:109} INFO - [2022-07-22 22:21:01,006] {dag.py:2396} INFO - Sync 1 DAGs
[2022-07-22 22:21:01,081] {logging_mixin.py:109} INFO - [2022-07-22 22:21:01,081] {dag.py:2935} INFO - Setting next_dagrun for example_nested_branch_dag to 2022-07-21 00:00:00+00:00
[2022-07-22 22:21:01,087] {processor.py:171} INFO - Processing /home/airflow/.local/lib/python3.7/site-packages/airflow/example_dags/example_nested_branch_dag.py took 0.110 seconds
[2022-07-22 22:21:31,449] {processor.py:163} INFO - Started process (PID=2773) to work on /home/airflow/.local/lib/python3.7/site-packages/airflow/example_dags/example_nested_branch_dag.py
[2022-07-22 22:21:31,450] {processor.py:642} INFO - Processing file /home/airflow/.local/lib/python3.7/site-packages/airflow/example_dags/example_nested_branch_dag.py for tasks to queue
[2022-07-22 22:21:31,450] {logging_mixin.py:109} INFO - [2022-07-22 22:21:31,450] {dagbag.py:500} INFO - Filling up the DagBag from /home/airflow/.local/lib/python3.7/site-packages/airflow/example_dags/example_nested_branch_dag.py
[2022-07-22 22:21:31,470] {processor.py:654} INFO - DAG(s) dict_keys(['example_nested_branch_dag']) retrieved from /home/airflow/.local/lib/python3.7/site-packages/airflow/example_dags/example_nested_branch_dag.py
[2022-07-22 22:21:31,478] {logging_mixin.py:109} INFO - [2022-07-22 22:21:31,478] {dag.py:2396} INFO - Sync 1 DAGs
[2022-07-22 22:21:31,558] {logging_mixin.py:109} INFO - [2022-07-22 22:21:31,558] {dag.py:2935} INFO - Setting next_dagrun for example_nested_branch_dag to 2022-07-21 00:00:00+00:00
[2022-07-22 22:21:31,563] {processor.py:171} INFO - Processing /home/airflow/.local/lib/python3.7/site-packages/airflow/example_dags/example_nested_branch_dag.py took 0.116 seconds
[2022-07-22 22:22:02,341] {processor.py:163} INFO - Started process (PID=2832) to work on /home/airflow/.local/lib/python3.7/site-packages/airflow/example_dags/example_nested_branch_dag.py
[2022-07-22 22:22:02,342] {processor.py:642} INFO - Processing file /home/airflow/.local/lib/python3.7/site-packages/airflow/example_dags/example_nested_branch_dag.py for tasks to queue
[2022-07-22 22:22:02,342] {logging_mixin.py:109} INFO - [2022-07-22 22:22:02,342] {dagbag.py:500} INFO - Filling up the DagBag from /home/airflow/.local/lib/python3.7/site-packages/airflow/example_dags/example_nested_branch_dag.py
[2022-07-22 22:22:02,361] {processor.py:654} INFO - DAG(s) dict_keys(['example_nested_branch_dag']) retrieved from /home/airflow/.local/lib/python3.7/site-packages/airflow/example_dags/example_nested_branch_dag.py
[2022-07-22 22:22:02,437] {logging_mixin.py:109} INFO - [2022-07-22 22:22:02,437] {dag.py:2396} INFO - Sync 1 DAGs
[2022-07-22 22:22:02,448] {logging_mixin.py:109} INFO - [2022-07-22 22:22:02,448] {dag.py:2935} INFO - Setting next_dagrun for example_nested_branch_dag to 2022-07-21 00:00:00+00:00
[2022-07-22 22:22:02,454] {processor.py:171} INFO - Processing /home/airflow/.local/lib/python3.7/site-packages/airflow/example_dags/example_nested_branch_dag.py took 0.115 seconds
[2022-07-22 22:22:33,045] {processor.py:163} INFO - Started process (PID=2891) to work on /home/airflow/.local/lib/python3.7/site-packages/airflow/example_dags/example_nested_branch_dag.py
[2022-07-22 22:22:33,046] {processor.py:642} INFO - Processing file /home/airflow/.local/lib/python3.7/site-packages/airflow/example_dags/example_nested_branch_dag.py for tasks to queue
[2022-07-22 22:22:33,046] {logging_mixin.py:109} INFO - [2022-07-22 22:22:33,046] {dagbag.py:500} INFO - Filling up the DagBag from /home/airflow/.local/lib/python3.7/site-packages/airflow/example_dags/example_nested_branch_dag.py
[2022-07-22 22:22:33,135] {processor.py:654} INFO - DAG(s) dict_keys(['example_nested_branch_dag']) retrieved from /home/airflow/.local/lib/python3.7/site-packages/airflow/example_dags/example_nested_branch_dag.py
[2022-07-22 22:22:33,142] {logging_mixin.py:109} INFO - [2022-07-22 22:22:33,142] {dag.py:2396} INFO - Sync 1 DAGs
[2022-07-22 22:22:33,153] {logging_mixin.py:109} INFO - [2022-07-22 22:22:33,153] {dag.py:2935} INFO - Setting next_dagrun for example_nested_branch_dag to 2022-07-21 00:00:00+00:00
[2022-07-22 22:22:33,159] {processor.py:171} INFO - Processing /home/airflow/.local/lib/python3.7/site-packages/airflow/example_dags/example_nested_branch_dag.py took 0.115 seconds
[2022-07-22 22:23:03,798] {processor.py:163} INFO - Started process (PID=2941) to work on /home/airflow/.local/lib/python3.7/site-packages/airflow/example_dags/example_nested_branch_dag.py
[2022-07-22 22:23:03,798] {processor.py:642} INFO - Processing file /home/airflow/.local/lib/python3.7/site-packages/airflow/example_dags/example_nested_branch_dag.py for tasks to queue
[2022-07-22 22:23:03,799] {logging_mixin.py:109} INFO - [2022-07-22 22:23:03,799] {dagbag.py:500} INFO - Filling up the DagBag from /home/airflow/.local/lib/python3.7/site-packages/airflow/example_dags/example_nested_branch_dag.py
[2022-07-22 22:23:03,885] {processor.py:654} INFO - DAG(s) dict_keys(['example_nested_branch_dag']) retrieved from /home/airflow/.local/lib/python3.7/site-packages/airflow/example_dags/example_nested_branch_dag.py
[2022-07-22 22:23:03,892] {logging_mixin.py:109} INFO - [2022-07-22 22:23:03,892] {dag.py:2396} INFO - Sync 1 DAGs
[2022-07-22 22:23:03,903] {logging_mixin.py:109} INFO - [2022-07-22 22:23:03,903] {dag.py:2935} INFO - Setting next_dagrun for example_nested_branch_dag to 2022-07-21 00:00:00+00:00
[2022-07-22 22:23:03,908] {processor.py:171} INFO - Processing /home/airflow/.local/lib/python3.7/site-packages/airflow/example_dags/example_nested_branch_dag.py took 0.113 seconds
[2022-07-22 22:23:34,458] {processor.py:163} INFO - Started process (PID=3000) to work on /home/airflow/.local/lib/python3.7/site-packages/airflow/example_dags/example_nested_branch_dag.py
[2022-07-22 22:23:34,458] {processor.py:642} INFO - Processing file /home/airflow/.local/lib/python3.7/site-packages/airflow/example_dags/example_nested_branch_dag.py for tasks to queue
[2022-07-22 22:23:34,459] {logging_mixin.py:109} INFO - [2022-07-22 22:23:34,458] {dagbag.py:500} INFO - Filling up the DagBag from /home/airflow/.local/lib/python3.7/site-packages/airflow/example_dags/example_nested_branch_dag.py
[2022-07-22 22:23:34,541] {processor.py:654} INFO - DAG(s) dict_keys(['example_nested_branch_dag']) retrieved from /home/airflow/.local/lib/python3.7/site-packages/airflow/example_dags/example_nested_branch_dag.py
[2022-07-22 22:23:34,548] {logging_mixin.py:109} INFO - [2022-07-22 22:23:34,548] {dag.py:2396} INFO - Sync 1 DAGs
[2022-07-22 22:23:34,559] {logging_mixin.py:109} INFO - [2022-07-22 22:23:34,559] {dag.py:2935} INFO - Setting next_dagrun for example_nested_branch_dag to 2022-07-21 00:00:00+00:00
[2022-07-22 22:23:34,564] {processor.py:171} INFO - Processing /home/airflow/.local/lib/python3.7/site-packages/airflow/example_dags/example_nested_branch_dag.py took 0.108 seconds
[2022-07-22 22:24:05,202] {processor.py:163} INFO - Started process (PID=3050) to work on /home/airflow/.local/lib/python3.7/site-packages/airflow/example_dags/example_nested_branch_dag.py
[2022-07-22 22:24:05,203] {processor.py:642} INFO - Processing file /home/airflow/.local/lib/python3.7/site-packages/airflow/example_dags/example_nested_branch_dag.py for tasks to queue
[2022-07-22 22:24:05,203] {logging_mixin.py:109} INFO - [2022-07-22 22:24:05,203] {dagbag.py:500} INFO - Filling up the DagBag from /home/airflow/.local/lib/python3.7/site-packages/airflow/example_dags/example_nested_branch_dag.py
[2022-07-22 22:24:05,297] {processor.py:654} INFO - DAG(s) dict_keys(['example_nested_branch_dag']) retrieved from /home/airflow/.local/lib/python3.7/site-packages/airflow/example_dags/example_nested_branch_dag.py
[2022-07-22 22:24:05,305] {logging_mixin.py:109} INFO - [2022-07-22 22:24:05,305] {dag.py:2396} INFO - Sync 1 DAGs
[2022-07-22 22:24:05,318] {logging_mixin.py:109} INFO - [2022-07-22 22:24:05,318] {dag.py:2935} INFO - Setting next_dagrun for example_nested_branch_dag to 2022-07-21 00:00:00+00:00
[2022-07-22 22:24:05,324] {processor.py:171} INFO - Processing /home/airflow/.local/lib/python3.7/site-packages/airflow/example_dags/example_nested_branch_dag.py took 0.124 seconds
[2022-07-22 22:24:36,026] {processor.py:163} INFO - Started process (PID=3109) to work on /home/airflow/.local/lib/python3.7/site-packages/airflow/example_dags/example_nested_branch_dag.py
[2022-07-22 22:24:36,027] {processor.py:642} INFO - Processing file /home/airflow/.local/lib/python3.7/site-packages/airflow/example_dags/example_nested_branch_dag.py for tasks to queue
[2022-07-22 22:24:36,027] {logging_mixin.py:109} INFO - [2022-07-22 22:24:36,027] {dagbag.py:500} INFO - Filling up the DagBag from /home/airflow/.local/lib/python3.7/site-packages/airflow/example_dags/example_nested_branch_dag.py
[2022-07-22 22:24:36,112] {processor.py:654} INFO - DAG(s) dict_keys(['example_nested_branch_dag']) retrieved from /home/airflow/.local/lib/python3.7/site-packages/airflow/example_dags/example_nested_branch_dag.py
[2022-07-22 22:24:36,119] {logging_mixin.py:109} INFO - [2022-07-22 22:24:36,119] {dag.py:2396} INFO - Sync 1 DAGs
[2022-07-22 22:24:36,130] {logging_mixin.py:109} INFO - [2022-07-22 22:24:36,130] {dag.py:2935} INFO - Setting next_dagrun for example_nested_branch_dag to 2022-07-21 00:00:00+00:00
[2022-07-22 22:24:36,135] {processor.py:171} INFO - Processing /home/airflow/.local/lib/python3.7/site-packages/airflow/example_dags/example_nested_branch_dag.py took 0.111 seconds
[2022-07-22 22:25:06,620] {processor.py:163} INFO - Started process (PID=3167) to work on /home/airflow/.local/lib/python3.7/site-packages/airflow/example_dags/example_nested_branch_dag.py
[2022-07-22 22:25:06,621] {processor.py:642} INFO - Processing file /home/airflow/.local/lib/python3.7/site-packages/airflow/example_dags/example_nested_branch_dag.py for tasks to queue
[2022-07-22 22:25:06,622] {logging_mixin.py:109} INFO - [2022-07-22 22:25:06,622] {dagbag.py:500} INFO - Filling up the DagBag from /home/airflow/.local/lib/python3.7/site-packages/airflow/example_dags/example_nested_branch_dag.py
[2022-07-22 22:25:06,710] {processor.py:654} INFO - DAG(s) dict_keys(['example_nested_branch_dag']) retrieved from /home/airflow/.local/lib/python3.7/site-packages/airflow/example_dags/example_nested_branch_dag.py
[2022-07-22 22:25:06,716] {logging_mixin.py:109} INFO - [2022-07-22 22:25:06,716] {dag.py:2396} INFO - Sync 1 DAGs
[2022-07-22 22:25:06,728] {logging_mixin.py:109} INFO - [2022-07-22 22:25:06,728] {dag.py:2935} INFO - Setting next_dagrun for example_nested_branch_dag to 2022-07-21 00:00:00+00:00
[2022-07-22 22:25:06,735] {processor.py:171} INFO - Processing /home/airflow/.local/lib/python3.7/site-packages/airflow/example_dags/example_nested_branch_dag.py took 0.116 seconds
[2022-07-22 22:25:36,948] {processor.py:163} INFO - Started process (PID=3217) to work on /home/airflow/.local/lib/python3.7/site-packages/airflow/example_dags/example_nested_branch_dag.py
[2022-07-22 22:25:36,949] {processor.py:642} INFO - Processing file /home/airflow/.local/lib/python3.7/site-packages/airflow/example_dags/example_nested_branch_dag.py for tasks to queue
[2022-07-22 22:25:36,949] {logging_mixin.py:109} INFO - [2022-07-22 22:25:36,949] {dagbag.py:500} INFO - Filling up the DagBag from /home/airflow/.local/lib/python3.7/site-packages/airflow/example_dags/example_nested_branch_dag.py
[2022-07-22 22:25:36,968] {processor.py:654} INFO - DAG(s) dict_keys(['example_nested_branch_dag']) retrieved from /home/airflow/.local/lib/python3.7/site-packages/airflow/example_dags/example_nested_branch_dag.py
[2022-07-22 22:25:36,976] {logging_mixin.py:109} INFO - [2022-07-22 22:25:36,976] {dag.py:2396} INFO - Sync 1 DAGs
[2022-07-22 22:25:36,987] {logging_mixin.py:109} INFO - [2022-07-22 22:25:36,987] {dag.py:2935} INFO - Setting next_dagrun for example_nested_branch_dag to 2022-07-21 00:00:00+00:00
[2022-07-22 22:25:36,993] {processor.py:171} INFO - Processing /home/airflow/.local/lib/python3.7/site-packages/airflow/example_dags/example_nested_branch_dag.py took 0.047 seconds
[2022-07-22 22:26:07,535] {processor.py:163} INFO - Started process (PID=3276) to work on /home/airflow/.local/lib/python3.7/site-packages/airflow/example_dags/example_nested_branch_dag.py
[2022-07-22 22:26:07,536] {processor.py:642} INFO - Processing file /home/airflow/.local/lib/python3.7/site-packages/airflow/example_dags/example_nested_branch_dag.py for tasks to queue
[2022-07-22 22:26:07,536] {logging_mixin.py:109} INFO - [2022-07-22 22:26:07,536] {dagbag.py:500} INFO - Filling up the DagBag from /home/airflow/.local/lib/python3.7/site-packages/airflow/example_dags/example_nested_branch_dag.py
[2022-07-22 22:26:07,556] {processor.py:654} INFO - DAG(s) dict_keys(['example_nested_branch_dag']) retrieved from /home/airflow/.local/lib/python3.7/site-packages/airflow/example_dags/example_nested_branch_dag.py
[2022-07-22 22:26:07,564] {logging_mixin.py:109} INFO - [2022-07-22 22:26:07,563] {dag.py:2396} INFO - Sync 1 DAGs
[2022-07-22 22:26:07,575] {logging_mixin.py:109} INFO - [2022-07-22 22:26:07,575] {dag.py:2935} INFO - Setting next_dagrun for example_nested_branch_dag to 2022-07-21 00:00:00+00:00
[2022-07-22 22:26:07,581] {processor.py:171} INFO - Processing /home/airflow/.local/lib/python3.7/site-packages/airflow/example_dags/example_nested_branch_dag.py took 0.048 seconds
[2022-07-22 22:26:37,953] {processor.py:163} INFO - Started process (PID=3326) to work on /home/airflow/.local/lib/python3.7/site-packages/airflow/example_dags/example_nested_branch_dag.py
[2022-07-22 22:26:37,953] {processor.py:642} INFO - Processing file /home/airflow/.local/lib/python3.7/site-packages/airflow/example_dags/example_nested_branch_dag.py for tasks to queue
[2022-07-22 22:26:37,954] {logging_mixin.py:109} INFO - [2022-07-22 22:26:37,954] {dagbag.py:500} INFO - Filling up the DagBag from /home/airflow/.local/lib/python3.7/site-packages/airflow/example_dags/example_nested_branch_dag.py
[2022-07-22 22:26:37,973] {processor.py:654} INFO - DAG(s) dict_keys(['example_nested_branch_dag']) retrieved from /home/airflow/.local/lib/python3.7/site-packages/airflow/example_dags/example_nested_branch_dag.py
[2022-07-22 22:26:37,980] {logging_mixin.py:109} INFO - [2022-07-22 22:26:37,980] {dag.py:2396} INFO - Sync 1 DAGs
[2022-07-22 22:26:37,991] {logging_mixin.py:109} INFO - [2022-07-22 22:26:37,991] {dag.py:2935} INFO - Setting next_dagrun for example_nested_branch_dag to 2022-07-21 00:00:00+00:00
[2022-07-22 22:26:37,997] {processor.py:171} INFO - Processing /home/airflow/.local/lib/python3.7/site-packages/airflow/example_dags/example_nested_branch_dag.py took 0.046 seconds
[2022-07-22 22:27:08,386] {processor.py:163} INFO - Started process (PID=3385) to work on /home/airflow/.local/lib/python3.7/site-packages/airflow/example_dags/example_nested_branch_dag.py
[2022-07-22 22:27:08,387] {processor.py:642} INFO - Processing file /home/airflow/.local/lib/python3.7/site-packages/airflow/example_dags/example_nested_branch_dag.py for tasks to queue
[2022-07-22 22:27:08,388] {logging_mixin.py:109} INFO - [2022-07-22 22:27:08,388] {dagbag.py:500} INFO - Filling up the DagBag from /home/airflow/.local/lib/python3.7/site-packages/airflow/example_dags/example_nested_branch_dag.py
[2022-07-22 22:27:08,407] {processor.py:654} INFO - DAG(s) dict_keys(['example_nested_branch_dag']) retrieved from /home/airflow/.local/lib/python3.7/site-packages/airflow/example_dags/example_nested_branch_dag.py
[2022-07-22 22:27:08,414] {logging_mixin.py:109} INFO - [2022-07-22 22:27:08,414] {dag.py:2396} INFO - Sync 1 DAGs
[2022-07-22 22:27:08,426] {logging_mixin.py:109} INFO - [2022-07-22 22:27:08,426] {dag.py:2935} INFO - Setting next_dagrun for example_nested_branch_dag to 2022-07-21 00:00:00+00:00
[2022-07-22 22:27:08,432] {processor.py:171} INFO - Processing /home/airflow/.local/lib/python3.7/site-packages/airflow/example_dags/example_nested_branch_dag.py took 0.047 seconds
[2022-07-22 22:27:38,790] {processor.py:163} INFO - Started process (PID=3435) to work on /home/airflow/.local/lib/python3.7/site-packages/airflow/example_dags/example_nested_branch_dag.py
[2022-07-22 22:27:38,790] {processor.py:642} INFO - Processing file /home/airflow/.local/lib/python3.7/site-packages/airflow/example_dags/example_nested_branch_dag.py for tasks to queue
[2022-07-22 22:27:38,790] {logging_mixin.py:109} INFO - [2022-07-22 22:27:38,790] {dagbag.py:500} INFO - Filling up the DagBag from /home/airflow/.local/lib/python3.7/site-packages/airflow/example_dags/example_nested_branch_dag.py
[2022-07-22 22:27:38,810] {processor.py:654} INFO - DAG(s) dict_keys(['example_nested_branch_dag']) retrieved from /home/airflow/.local/lib/python3.7/site-packages/airflow/example_dags/example_nested_branch_dag.py
[2022-07-22 22:27:38,817] {logging_mixin.py:109} INFO - [2022-07-22 22:27:38,817] {dag.py:2396} INFO - Sync 1 DAGs
[2022-07-22 22:27:38,829] {logging_mixin.py:109} INFO - [2022-07-22 22:27:38,829] {dag.py:2935} INFO - Setting next_dagrun for example_nested_branch_dag to 2022-07-21 00:00:00+00:00
[2022-07-22 22:27:38,835] {processor.py:171} INFO - Processing /home/airflow/.local/lib/python3.7/site-packages/airflow/example_dags/example_nested_branch_dag.py took 0.047 seconds
[2022-07-22 22:28:09,085] {processor.py:163} INFO - Started process (PID=3494) to work on /home/airflow/.local/lib/python3.7/site-packages/airflow/example_dags/example_nested_branch_dag.py
[2022-07-22 22:28:09,085] {processor.py:642} INFO - Processing file /home/airflow/.local/lib/python3.7/site-packages/airflow/example_dags/example_nested_branch_dag.py for tasks to queue
[2022-07-22 22:28:09,086] {logging_mixin.py:109} INFO - [2022-07-22 22:28:09,086] {dagbag.py:500} INFO - Filling up the DagBag from /home/airflow/.local/lib/python3.7/site-packages/airflow/example_dags/example_nested_branch_dag.py
[2022-07-22 22:28:09,105] {processor.py:654} INFO - DAG(s) dict_keys(['example_nested_branch_dag']) retrieved from /home/airflow/.local/lib/python3.7/site-packages/airflow/example_dags/example_nested_branch_dag.py
[2022-07-22 22:28:09,112] {logging_mixin.py:109} INFO - [2022-07-22 22:28:09,112] {dag.py:2396} INFO - Sync 1 DAGs
[2022-07-22 22:28:09,123] {logging_mixin.py:109} INFO - [2022-07-22 22:28:09,123] {dag.py:2935} INFO - Setting next_dagrun for example_nested_branch_dag to 2022-07-21 00:00:00+00:00
[2022-07-22 22:28:09,129] {processor.py:171} INFO - Processing /home/airflow/.local/lib/python3.7/site-packages/airflow/example_dags/example_nested_branch_dag.py took 0.046 seconds
