[2022-07-22 21:54:10,063] {processor.py:163} INFO - Started process (PID=338) to work on /home/airflow/.local/lib/python3.7/site-packages/airflow/example_dags/example_skip_dag.py
[2022-07-22 21:54:10,064] {processor.py:642} INFO - Processing file /home/airflow/.local/lib/python3.7/site-packages/airflow/example_dags/example_skip_dag.py for tasks to queue
[2022-07-22 21:54:10,064] {logging_mixin.py:109} INFO - [2022-07-22 21:54:10,064] {dagbag.py:500} INFO - Filling up the DagBag from /home/airflow/.local/lib/python3.7/site-packages/airflow/example_dags/example_skip_dag.py
[2022-07-22 21:54:10,082] {processor.py:654} INFO - DAG(s) dict_keys(['example_skip_dag']) retrieved from /home/airflow/.local/lib/python3.7/site-packages/airflow/example_dags/example_skip_dag.py
[2022-07-22 21:54:11,598] {logging_mixin.py:109} INFO - [2022-07-22 21:54:11,598] {manager.py:496} INFO - Created Permission View: can read on DAG:example_skip_dag
[2022-07-22 21:54:11,603] {logging_mixin.py:109} INFO - [2022-07-22 21:54:11,603] {manager.py:496} INFO - Created Permission View: can edit on DAG:example_skip_dag
[2022-07-22 21:54:11,603] {logging_mixin.py:109} INFO - [2022-07-22 21:54:11,603] {dag.py:2396} INFO - Sync 1 DAGs
[2022-07-22 21:54:11,608] {logging_mixin.py:109} INFO - [2022-07-22 21:54:11,608] {dag.py:2415} INFO - Creating ORM DAG for example_skip_dag
[2022-07-22 21:54:11,613] {logging_mixin.py:109} INFO - [2022-07-22 21:54:11,613] {dag.py:2935} INFO - Setting next_dagrun for example_skip_dag to 2022-07-21T21:54:11.613650+00:00
[2022-07-22 21:54:11,621] {processor.py:171} INFO - Processing /home/airflow/.local/lib/python3.7/site-packages/airflow/example_dags/example_skip_dag.py took 1.560 seconds
[2022-07-22 21:54:41,798] {processor.py:163} INFO - Started process (PID=612) to work on /home/airflow/.local/lib/python3.7/site-packages/airflow/example_dags/example_skip_dag.py
[2022-07-22 21:54:41,799] {processor.py:642} INFO - Processing file /home/airflow/.local/lib/python3.7/site-packages/airflow/example_dags/example_skip_dag.py for tasks to queue
[2022-07-22 21:54:41,800] {logging_mixin.py:109} INFO - [2022-07-22 21:54:41,800] {dagbag.py:500} INFO - Filling up the DagBag from /home/airflow/.local/lib/python3.7/site-packages/airflow/example_dags/example_skip_dag.py
[2022-07-22 21:54:41,819] {processor.py:654} INFO - DAG(s) dict_keys(['example_skip_dag']) retrieved from /home/airflow/.local/lib/python3.7/site-packages/airflow/example_dags/example_skip_dag.py
[2022-07-22 21:54:41,827] {logging_mixin.py:109} INFO - [2022-07-22 21:54:41,827] {dag.py:2396} INFO - Sync 1 DAGs
[2022-07-22 21:54:41,838] {logging_mixin.py:109} INFO - [2022-07-22 21:54:41,838] {dag.py:2935} INFO - Setting next_dagrun for example_skip_dag to 2022-07-21T21:54:41.838041+00:00
[2022-07-22 21:54:41,844] {processor.py:171} INFO - Processing /home/airflow/.local/lib/python3.7/site-packages/airflow/example_dags/example_skip_dag.py took 0.047 seconds
[2022-07-22 21:55:12,028] {processor.py:163} INFO - Started process (PID=671) to work on /home/airflow/.local/lib/python3.7/site-packages/airflow/example_dags/example_skip_dag.py
[2022-07-22 21:55:12,029] {processor.py:642} INFO - Processing file /home/airflow/.local/lib/python3.7/site-packages/airflow/example_dags/example_skip_dag.py for tasks to queue
[2022-07-22 21:55:12,029] {logging_mixin.py:109} INFO - [2022-07-22 21:55:12,029] {dagbag.py:500} INFO - Filling up the DagBag from /home/airflow/.local/lib/python3.7/site-packages/airflow/example_dags/example_skip_dag.py
[2022-07-22 21:55:12,047] {processor.py:654} INFO - DAG(s) dict_keys(['example_skip_dag']) retrieved from /home/airflow/.local/lib/python3.7/site-packages/airflow/example_dags/example_skip_dag.py
[2022-07-22 21:55:12,054] {logging_mixin.py:109} INFO - [2022-07-22 21:55:12,054] {dag.py:2396} INFO - Sync 1 DAGs
[2022-07-22 21:55:12,066] {logging_mixin.py:109} INFO - [2022-07-22 21:55:12,065] {dag.py:2935} INFO - Setting next_dagrun for example_skip_dag to 2022-07-21T21:55:12.065763+00:00
[2022-07-22 21:55:12,071] {processor.py:171} INFO - Processing /home/airflow/.local/lib/python3.7/site-packages/airflow/example_dags/example_skip_dag.py took 0.046 seconds
[2022-07-22 21:55:42,251] {processor.py:163} INFO - Started process (PID=721) to work on /home/airflow/.local/lib/python3.7/site-packages/airflow/example_dags/example_skip_dag.py
[2022-07-22 21:55:42,252] {processor.py:642} INFO - Processing file /home/airflow/.local/lib/python3.7/site-packages/airflow/example_dags/example_skip_dag.py for tasks to queue
[2022-07-22 21:55:42,253] {logging_mixin.py:109} INFO - [2022-07-22 21:55:42,253] {dagbag.py:500} INFO - Filling up the DagBag from /home/airflow/.local/lib/python3.7/site-packages/airflow/example_dags/example_skip_dag.py
[2022-07-22 21:55:42,270] {processor.py:654} INFO - DAG(s) dict_keys(['example_skip_dag']) retrieved from /home/airflow/.local/lib/python3.7/site-packages/airflow/example_dags/example_skip_dag.py
[2022-07-22 21:55:42,278] {logging_mixin.py:109} INFO - [2022-07-22 21:55:42,278] {dag.py:2396} INFO - Sync 1 DAGs
[2022-07-22 21:55:42,289] {logging_mixin.py:109} INFO - [2022-07-22 21:55:42,289] {dag.py:2935} INFO - Setting next_dagrun for example_skip_dag to 2022-07-21T21:55:42.289422+00:00
[2022-07-22 21:55:42,295] {processor.py:171} INFO - Processing /home/airflow/.local/lib/python3.7/site-packages/airflow/example_dags/example_skip_dag.py took 0.046 seconds
[2022-07-22 21:56:27,259] {processor.py:163} INFO - Started process (PID=64) to work on /home/airflow/.local/lib/python3.7/site-packages/airflow/example_dags/example_skip_dag.py
[2022-07-22 21:56:27,260] {processor.py:642} INFO - Processing file /home/airflow/.local/lib/python3.7/site-packages/airflow/example_dags/example_skip_dag.py for tasks to queue
[2022-07-22 21:56:27,260] {logging_mixin.py:109} INFO - [2022-07-22 21:56:27,260] {dagbag.py:500} INFO - Filling up the DagBag from /home/airflow/.local/lib/python3.7/site-packages/airflow/example_dags/example_skip_dag.py
[2022-07-22 21:56:27,278] {processor.py:654} INFO - DAG(s) dict_keys(['example_skip_dag']) retrieved from /home/airflow/.local/lib/python3.7/site-packages/airflow/example_dags/example_skip_dag.py
[2022-07-22 21:56:27,285] {logging_mixin.py:109} INFO - [2022-07-22 21:56:27,285] {dag.py:2396} INFO - Sync 1 DAGs
[2022-07-22 21:56:27,296] {logging_mixin.py:109} INFO - [2022-07-22 21:56:27,296] {dag.py:2935} INFO - Setting next_dagrun for example_skip_dag to 2022-07-21T21:56:27.296503+00:00
[2022-07-22 21:56:27,302] {processor.py:171} INFO - Processing /home/airflow/.local/lib/python3.7/site-packages/airflow/example_dags/example_skip_dag.py took 0.045 seconds
[2022-07-22 21:56:58,099] {processor.py:163} INFO - Started process (PID=124) to work on /home/airflow/.local/lib/python3.7/site-packages/airflow/example_dags/example_skip_dag.py
[2022-07-22 21:56:58,100] {processor.py:642} INFO - Processing file /home/airflow/.local/lib/python3.7/site-packages/airflow/example_dags/example_skip_dag.py for tasks to queue
[2022-07-22 21:56:58,100] {logging_mixin.py:109} INFO - [2022-07-22 21:56:58,100] {dagbag.py:500} INFO - Filling up the DagBag from /home/airflow/.local/lib/python3.7/site-packages/airflow/example_dags/example_skip_dag.py
[2022-07-22 21:56:58,116] {processor.py:654} INFO - DAG(s) dict_keys(['example_skip_dag']) retrieved from /home/airflow/.local/lib/python3.7/site-packages/airflow/example_dags/example_skip_dag.py
[2022-07-22 21:56:58,123] {logging_mixin.py:109} INFO - [2022-07-22 21:56:58,123] {dag.py:2396} INFO - Sync 1 DAGs
[2022-07-22 21:56:58,134] {logging_mixin.py:109} INFO - [2022-07-22 21:56:58,133] {dag.py:2935} INFO - Setting next_dagrun for example_skip_dag to 2022-07-21T21:56:58.133798+00:00
[2022-07-22 21:56:58,139] {processor.py:171} INFO - Processing /home/airflow/.local/lib/python3.7/site-packages/airflow/example_dags/example_skip_dag.py took 0.042 seconds
[2022-07-22 21:57:28,857] {processor.py:163} INFO - Started process (PID=183) to work on /home/airflow/.local/lib/python3.7/site-packages/airflow/example_dags/example_skip_dag.py
[2022-07-22 21:57:28,857] {processor.py:642} INFO - Processing file /home/airflow/.local/lib/python3.7/site-packages/airflow/example_dags/example_skip_dag.py for tasks to queue
[2022-07-22 21:57:28,858] {logging_mixin.py:109} INFO - [2022-07-22 21:57:28,858] {dagbag.py:500} INFO - Filling up the DagBag from /home/airflow/.local/lib/python3.7/site-packages/airflow/example_dags/example_skip_dag.py
[2022-07-22 21:57:28,874] {processor.py:654} INFO - DAG(s) dict_keys(['example_skip_dag']) retrieved from /home/airflow/.local/lib/python3.7/site-packages/airflow/example_dags/example_skip_dag.py
[2022-07-22 21:57:28,882] {logging_mixin.py:109} INFO - [2022-07-22 21:57:28,882] {dag.py:2396} INFO - Sync 1 DAGs
[2022-07-22 21:57:28,892] {logging_mixin.py:109} INFO - [2022-07-22 21:57:28,892] {dag.py:2935} INFO - Setting next_dagrun for example_skip_dag to 2022-07-21T21:57:28.892660+00:00
[2022-07-22 21:57:28,899] {processor.py:171} INFO - Processing /home/airflow/.local/lib/python3.7/site-packages/airflow/example_dags/example_skip_dag.py took 0.044 seconds
[2022-07-22 21:57:59,587] {processor.py:163} INFO - Started process (PID=233) to work on /home/airflow/.local/lib/python3.7/site-packages/airflow/example_dags/example_skip_dag.py
[2022-07-22 21:57:59,587] {processor.py:642} INFO - Processing file /home/airflow/.local/lib/python3.7/site-packages/airflow/example_dags/example_skip_dag.py for tasks to queue
[2022-07-22 21:57:59,588] {logging_mixin.py:109} INFO - [2022-07-22 21:57:59,588] {dagbag.py:500} INFO - Filling up the DagBag from /home/airflow/.local/lib/python3.7/site-packages/airflow/example_dags/example_skip_dag.py
[2022-07-22 21:57:59,606] {processor.py:654} INFO - DAG(s) dict_keys(['example_skip_dag']) retrieved from /home/airflow/.local/lib/python3.7/site-packages/airflow/example_dags/example_skip_dag.py
[2022-07-22 21:57:59,613] {logging_mixin.py:109} INFO - [2022-07-22 21:57:59,613] {dag.py:2396} INFO - Sync 1 DAGs
[2022-07-22 21:57:59,626] {logging_mixin.py:109} INFO - [2022-07-22 21:57:59,626] {dag.py:2935} INFO - Setting next_dagrun for example_skip_dag to 2022-07-21T21:57:59.626258+00:00
[2022-07-22 21:57:59,632] {processor.py:171} INFO - Processing /home/airflow/.local/lib/python3.7/site-packages/airflow/example_dags/example_skip_dag.py took 0.048 seconds
[2022-07-22 21:58:30,502] {processor.py:163} INFO - Started process (PID=292) to work on /home/airflow/.local/lib/python3.7/site-packages/airflow/example_dags/example_skip_dag.py
[2022-07-22 21:58:30,503] {processor.py:642} INFO - Processing file /home/airflow/.local/lib/python3.7/site-packages/airflow/example_dags/example_skip_dag.py for tasks to queue
[2022-07-22 21:58:30,503] {logging_mixin.py:109} INFO - [2022-07-22 21:58:30,503] {dagbag.py:500} INFO - Filling up the DagBag from /home/airflow/.local/lib/python3.7/site-packages/airflow/example_dags/example_skip_dag.py
[2022-07-22 21:58:30,520] {processor.py:654} INFO - DAG(s) dict_keys(['example_skip_dag']) retrieved from /home/airflow/.local/lib/python3.7/site-packages/airflow/example_dags/example_skip_dag.py
[2022-07-22 21:58:30,527] {logging_mixin.py:109} INFO - [2022-07-22 21:58:30,527] {dag.py:2396} INFO - Sync 1 DAGs
[2022-07-22 21:58:30,538] {logging_mixin.py:109} INFO - [2022-07-22 21:58:30,538] {dag.py:2935} INFO - Setting next_dagrun for example_skip_dag to 2022-07-21T21:58:30.538185+00:00
[2022-07-22 21:58:30,544] {processor.py:171} INFO - Processing /home/airflow/.local/lib/python3.7/site-packages/airflow/example_dags/example_skip_dag.py took 0.044 seconds
[2022-07-22 21:59:01,325] {processor.py:163} INFO - Started process (PID=351) to work on /home/airflow/.local/lib/python3.7/site-packages/airflow/example_dags/example_skip_dag.py
[2022-07-22 21:59:01,325] {processor.py:642} INFO - Processing file /home/airflow/.local/lib/python3.7/site-packages/airflow/example_dags/example_skip_dag.py for tasks to queue
[2022-07-22 21:59:01,326] {logging_mixin.py:109} INFO - [2022-07-22 21:59:01,326] {dagbag.py:500} INFO - Filling up the DagBag from /home/airflow/.local/lib/python3.7/site-packages/airflow/example_dags/example_skip_dag.py
[2022-07-22 21:59:01,343] {processor.py:654} INFO - DAG(s) dict_keys(['example_skip_dag']) retrieved from /home/airflow/.local/lib/python3.7/site-packages/airflow/example_dags/example_skip_dag.py
[2022-07-22 21:59:01,350] {logging_mixin.py:109} INFO - [2022-07-22 21:59:01,350] {dag.py:2396} INFO - Sync 1 DAGs
[2022-07-22 21:59:01,361] {logging_mixin.py:109} INFO - [2022-07-22 21:59:01,361] {dag.py:2935} INFO - Setting next_dagrun for example_skip_dag to 2022-07-21T21:59:01.361305+00:00
[2022-07-22 21:59:01,367] {processor.py:171} INFO - Processing /home/airflow/.local/lib/python3.7/site-packages/airflow/example_dags/example_skip_dag.py took 0.044 seconds
[2022-07-22 21:59:32,060] {processor.py:163} INFO - Started process (PID=401) to work on /home/airflow/.local/lib/python3.7/site-packages/airflow/example_dags/example_skip_dag.py
[2022-07-22 21:59:32,061] {processor.py:642} INFO - Processing file /home/airflow/.local/lib/python3.7/site-packages/airflow/example_dags/example_skip_dag.py for tasks to queue
[2022-07-22 21:59:32,061] {logging_mixin.py:109} INFO - [2022-07-22 21:59:32,061] {dagbag.py:500} INFO - Filling up the DagBag from /home/airflow/.local/lib/python3.7/site-packages/airflow/example_dags/example_skip_dag.py
[2022-07-22 21:59:32,079] {processor.py:654} INFO - DAG(s) dict_keys(['example_skip_dag']) retrieved from /home/airflow/.local/lib/python3.7/site-packages/airflow/example_dags/example_skip_dag.py
[2022-07-22 21:59:32,086] {logging_mixin.py:109} INFO - [2022-07-22 21:59:32,086] {dag.py:2396} INFO - Sync 1 DAGs
[2022-07-22 21:59:32,097] {logging_mixin.py:109} INFO - [2022-07-22 21:59:32,097] {dag.py:2935} INFO - Setting next_dagrun for example_skip_dag to 2022-07-21T21:59:32.097217+00:00
[2022-07-22 21:59:32,103] {processor.py:171} INFO - Processing /home/airflow/.local/lib/python3.7/site-packages/airflow/example_dags/example_skip_dag.py took 0.045 seconds
[2022-07-22 22:00:02,767] {processor.py:163} INFO - Started process (PID=460) to work on /home/airflow/.local/lib/python3.7/site-packages/airflow/example_dags/example_skip_dag.py
[2022-07-22 22:00:02,768] {processor.py:642} INFO - Processing file /home/airflow/.local/lib/python3.7/site-packages/airflow/example_dags/example_skip_dag.py for tasks to queue
[2022-07-22 22:00:02,769] {logging_mixin.py:109} INFO - [2022-07-22 22:00:02,769] {dagbag.py:500} INFO - Filling up the DagBag from /home/airflow/.local/lib/python3.7/site-packages/airflow/example_dags/example_skip_dag.py
[2022-07-22 22:00:02,785] {processor.py:654} INFO - DAG(s) dict_keys(['example_skip_dag']) retrieved from /home/airflow/.local/lib/python3.7/site-packages/airflow/example_dags/example_skip_dag.py
[2022-07-22 22:00:02,792] {logging_mixin.py:109} INFO - [2022-07-22 22:00:02,792] {dag.py:2396} INFO - Sync 1 DAGs
[2022-07-22 22:00:02,803] {logging_mixin.py:109} INFO - [2022-07-22 22:00:02,803] {dag.py:2935} INFO - Setting next_dagrun for example_skip_dag to 2022-07-21T22:00:02.803579+00:00
[2022-07-22 22:00:02,809] {processor.py:171} INFO - Processing /home/airflow/.local/lib/python3.7/site-packages/airflow/example_dags/example_skip_dag.py took 0.043 seconds
[2022-07-22 22:00:33,440] {processor.py:163} INFO - Started process (PID=510) to work on /home/airflow/.local/lib/python3.7/site-packages/airflow/example_dags/example_skip_dag.py
[2022-07-22 22:00:33,441] {processor.py:642} INFO - Processing file /home/airflow/.local/lib/python3.7/site-packages/airflow/example_dags/example_skip_dag.py for tasks to queue
[2022-07-22 22:00:33,441] {logging_mixin.py:109} INFO - [2022-07-22 22:00:33,441] {dagbag.py:500} INFO - Filling up the DagBag from /home/airflow/.local/lib/python3.7/site-packages/airflow/example_dags/example_skip_dag.py
[2022-07-22 22:00:33,458] {processor.py:654} INFO - DAG(s) dict_keys(['example_skip_dag']) retrieved from /home/airflow/.local/lib/python3.7/site-packages/airflow/example_dags/example_skip_dag.py
[2022-07-22 22:00:33,465] {logging_mixin.py:109} INFO - [2022-07-22 22:00:33,465] {dag.py:2396} INFO - Sync 1 DAGs
[2022-07-22 22:00:33,476] {logging_mixin.py:109} INFO - [2022-07-22 22:00:33,476] {dag.py:2935} INFO - Setting next_dagrun for example_skip_dag to 2022-07-21T22:00:33.476545+00:00
[2022-07-22 22:00:33,483] {processor.py:171} INFO - Processing /home/airflow/.local/lib/python3.7/site-packages/airflow/example_dags/example_skip_dag.py took 0.045 seconds
[2022-07-22 22:01:04,106] {processor.py:163} INFO - Started process (PID=569) to work on /home/airflow/.local/lib/python3.7/site-packages/airflow/example_dags/example_skip_dag.py
[2022-07-22 22:01:04,107] {processor.py:642} INFO - Processing file /home/airflow/.local/lib/python3.7/site-packages/airflow/example_dags/example_skip_dag.py for tasks to queue
[2022-07-22 22:01:04,107] {logging_mixin.py:109} INFO - [2022-07-22 22:01:04,107] {dagbag.py:500} INFO - Filling up the DagBag from /home/airflow/.local/lib/python3.7/site-packages/airflow/example_dags/example_skip_dag.py
[2022-07-22 22:01:04,124] {processor.py:654} INFO - DAG(s) dict_keys(['example_skip_dag']) retrieved from /home/airflow/.local/lib/python3.7/site-packages/airflow/example_dags/example_skip_dag.py
[2022-07-22 22:01:04,132] {logging_mixin.py:109} INFO - [2022-07-22 22:01:04,132] {dag.py:2396} INFO - Sync 1 DAGs
[2022-07-22 22:01:04,143] {logging_mixin.py:109} INFO - [2022-07-22 22:01:04,143] {dag.py:2935} INFO - Setting next_dagrun for example_skip_dag to 2022-07-21T22:01:04.142961+00:00
[2022-07-22 22:01:04,149] {processor.py:171} INFO - Processing /home/airflow/.local/lib/python3.7/site-packages/airflow/example_dags/example_skip_dag.py took 0.045 seconds
[2022-07-22 22:01:34,773] {processor.py:163} INFO - Started process (PID=628) to work on /home/airflow/.local/lib/python3.7/site-packages/airflow/example_dags/example_skip_dag.py
[2022-07-22 22:01:34,774] {processor.py:642} INFO - Processing file /home/airflow/.local/lib/python3.7/site-packages/airflow/example_dags/example_skip_dag.py for tasks to queue
[2022-07-22 22:01:34,775] {logging_mixin.py:109} INFO - [2022-07-22 22:01:34,775] {dagbag.py:500} INFO - Filling up the DagBag from /home/airflow/.local/lib/python3.7/site-packages/airflow/example_dags/example_skip_dag.py
[2022-07-22 22:01:34,792] {processor.py:654} INFO - DAG(s) dict_keys(['example_skip_dag']) retrieved from /home/airflow/.local/lib/python3.7/site-packages/airflow/example_dags/example_skip_dag.py
[2022-07-22 22:01:34,799] {logging_mixin.py:109} INFO - [2022-07-22 22:01:34,799] {dag.py:2396} INFO - Sync 1 DAGs
[2022-07-22 22:01:34,810] {logging_mixin.py:109} INFO - [2022-07-22 22:01:34,810] {dag.py:2935} INFO - Setting next_dagrun for example_skip_dag to 2022-07-21T22:01:34.809946+00:00
[2022-07-22 22:01:34,816] {processor.py:171} INFO - Processing /home/airflow/.local/lib/python3.7/site-packages/airflow/example_dags/example_skip_dag.py took 0.045 seconds
[2022-07-22 22:02:05,456] {processor.py:163} INFO - Started process (PID=678) to work on /home/airflow/.local/lib/python3.7/site-packages/airflow/example_dags/example_skip_dag.py
[2022-07-22 22:02:05,457] {processor.py:642} INFO - Processing file /home/airflow/.local/lib/python3.7/site-packages/airflow/example_dags/example_skip_dag.py for tasks to queue
[2022-07-22 22:02:05,457] {logging_mixin.py:109} INFO - [2022-07-22 22:02:05,457] {dagbag.py:500} INFO - Filling up the DagBag from /home/airflow/.local/lib/python3.7/site-packages/airflow/example_dags/example_skip_dag.py
[2022-07-22 22:02:05,474] {processor.py:654} INFO - DAG(s) dict_keys(['example_skip_dag']) retrieved from /home/airflow/.local/lib/python3.7/site-packages/airflow/example_dags/example_skip_dag.py
[2022-07-22 22:02:05,481] {logging_mixin.py:109} INFO - [2022-07-22 22:02:05,481] {dag.py:2396} INFO - Sync 1 DAGs
[2022-07-22 22:02:05,492] {logging_mixin.py:109} INFO - [2022-07-22 22:02:05,492] {dag.py:2935} INFO - Setting next_dagrun for example_skip_dag to 2022-07-21T22:02:05.492241+00:00
[2022-07-22 22:02:05,498] {processor.py:171} INFO - Processing /home/airflow/.local/lib/python3.7/site-packages/airflow/example_dags/example_skip_dag.py took 0.044 seconds
[2022-07-22 22:02:36,032] {processor.py:163} INFO - Started process (PID=737) to work on /home/airflow/.local/lib/python3.7/site-packages/airflow/example_dags/example_skip_dag.py
[2022-07-22 22:02:36,033] {processor.py:642} INFO - Processing file /home/airflow/.local/lib/python3.7/site-packages/airflow/example_dags/example_skip_dag.py for tasks to queue
[2022-07-22 22:02:36,034] {logging_mixin.py:109} INFO - [2022-07-22 22:02:36,033] {dagbag.py:500} INFO - Filling up the DagBag from /home/airflow/.local/lib/python3.7/site-packages/airflow/example_dags/example_skip_dag.py
[2022-07-22 22:02:36,050] {processor.py:654} INFO - DAG(s) dict_keys(['example_skip_dag']) retrieved from /home/airflow/.local/lib/python3.7/site-packages/airflow/example_dags/example_skip_dag.py
[2022-07-22 22:02:36,057] {logging_mixin.py:109} INFO - [2022-07-22 22:02:36,057] {dag.py:2396} INFO - Sync 1 DAGs
[2022-07-22 22:02:36,068] {logging_mixin.py:109} INFO - [2022-07-22 22:02:36,068] {dag.py:2935} INFO - Setting next_dagrun for example_skip_dag to 2022-07-21T22:02:36.068278+00:00
[2022-07-22 22:02:36,074] {processor.py:171} INFO - Processing /home/airflow/.local/lib/python3.7/site-packages/airflow/example_dags/example_skip_dag.py took 0.043 seconds
[2022-07-22 22:03:06,692] {processor.py:163} INFO - Started process (PID=787) to work on /home/airflow/.local/lib/python3.7/site-packages/airflow/example_dags/example_skip_dag.py
[2022-07-22 22:03:06,692] {processor.py:642} INFO - Processing file /home/airflow/.local/lib/python3.7/site-packages/airflow/example_dags/example_skip_dag.py for tasks to queue
[2022-07-22 22:03:06,693] {logging_mixin.py:109} INFO - [2022-07-22 22:03:06,693] {dagbag.py:500} INFO - Filling up the DagBag from /home/airflow/.local/lib/python3.7/site-packages/airflow/example_dags/example_skip_dag.py
[2022-07-22 22:03:06,710] {processor.py:654} INFO - DAG(s) dict_keys(['example_skip_dag']) retrieved from /home/airflow/.local/lib/python3.7/site-packages/airflow/example_dags/example_skip_dag.py
[2022-07-22 22:03:06,717] {logging_mixin.py:109} INFO - [2022-07-22 22:03:06,717] {dag.py:2396} INFO - Sync 1 DAGs
[2022-07-22 22:03:06,728] {logging_mixin.py:109} INFO - [2022-07-22 22:03:06,728] {dag.py:2935} INFO - Setting next_dagrun for example_skip_dag to 2022-07-21T22:03:06.728058+00:00
[2022-07-22 22:03:06,735] {processor.py:171} INFO - Processing /home/airflow/.local/lib/python3.7/site-packages/airflow/example_dags/example_skip_dag.py took 0.045 seconds
[2022-07-22 22:03:37,267] {processor.py:163} INFO - Started process (PID=846) to work on /home/airflow/.local/lib/python3.7/site-packages/airflow/example_dags/example_skip_dag.py
[2022-07-22 22:03:37,268] {processor.py:642} INFO - Processing file /home/airflow/.local/lib/python3.7/site-packages/airflow/example_dags/example_skip_dag.py for tasks to queue
[2022-07-22 22:03:37,268] {logging_mixin.py:109} INFO - [2022-07-22 22:03:37,268] {dagbag.py:500} INFO - Filling up the DagBag from /home/airflow/.local/lib/python3.7/site-packages/airflow/example_dags/example_skip_dag.py
[2022-07-22 22:03:37,285] {processor.py:654} INFO - DAG(s) dict_keys(['example_skip_dag']) retrieved from /home/airflow/.local/lib/python3.7/site-packages/airflow/example_dags/example_skip_dag.py
[2022-07-22 22:03:37,291] {logging_mixin.py:109} INFO - [2022-07-22 22:03:37,291] {dag.py:2396} INFO - Sync 1 DAGs
[2022-07-22 22:03:37,303] {logging_mixin.py:109} INFO - [2022-07-22 22:03:37,303] {dag.py:2935} INFO - Setting next_dagrun for example_skip_dag to 2022-07-21T22:03:37.303225+00:00
[2022-07-22 22:03:37,309] {processor.py:171} INFO - Processing /home/airflow/.local/lib/python3.7/site-packages/airflow/example_dags/example_skip_dag.py took 0.044 seconds
[2022-07-22 22:04:07,971] {processor.py:163} INFO - Started process (PID=896) to work on /home/airflow/.local/lib/python3.7/site-packages/airflow/example_dags/example_skip_dag.py
[2022-07-22 22:04:07,972] {processor.py:642} INFO - Processing file /home/airflow/.local/lib/python3.7/site-packages/airflow/example_dags/example_skip_dag.py for tasks to queue
[2022-07-22 22:04:07,973] {logging_mixin.py:109} INFO - [2022-07-22 22:04:07,973] {dagbag.py:500} INFO - Filling up the DagBag from /home/airflow/.local/lib/python3.7/site-packages/airflow/example_dags/example_skip_dag.py
[2022-07-22 22:04:08,016] {processor.py:654} INFO - DAG(s) dict_keys(['example_skip_dag']) retrieved from /home/airflow/.local/lib/python3.7/site-packages/airflow/example_dags/example_skip_dag.py
[2022-07-22 22:04:08,024] {logging_mixin.py:109} INFO - [2022-07-22 22:04:08,024] {dag.py:2396} INFO - Sync 1 DAGs
[2022-07-22 22:04:08,038] {logging_mixin.py:109} INFO - [2022-07-22 22:04:08,038] {dag.py:2935} INFO - Setting next_dagrun for example_skip_dag to 2022-07-21T22:04:08.037936+00:00
[2022-07-22 22:04:08,045] {processor.py:171} INFO - Processing /home/airflow/.local/lib/python3.7/site-packages/airflow/example_dags/example_skip_dag.py took 0.076 seconds
[2022-07-22 22:04:38,694] {processor.py:163} INFO - Started process (PID=955) to work on /home/airflow/.local/lib/python3.7/site-packages/airflow/example_dags/example_skip_dag.py
[2022-07-22 22:04:38,695] {processor.py:642} INFO - Processing file /home/airflow/.local/lib/python3.7/site-packages/airflow/example_dags/example_skip_dag.py for tasks to queue
[2022-07-22 22:04:38,695] {logging_mixin.py:109} INFO - [2022-07-22 22:04:38,695] {dagbag.py:500} INFO - Filling up the DagBag from /home/airflow/.local/lib/python3.7/site-packages/airflow/example_dags/example_skip_dag.py
[2022-07-22 22:04:38,713] {processor.py:654} INFO - DAG(s) dict_keys(['example_skip_dag']) retrieved from /home/airflow/.local/lib/python3.7/site-packages/airflow/example_dags/example_skip_dag.py
[2022-07-22 22:04:38,720] {logging_mixin.py:109} INFO - [2022-07-22 22:04:38,720] {dag.py:2396} INFO - Sync 1 DAGs
[2022-07-22 22:04:38,732] {logging_mixin.py:109} INFO - [2022-07-22 22:04:38,732] {dag.py:2935} INFO - Setting next_dagrun for example_skip_dag to 2022-07-21T22:04:38.731927+00:00
[2022-07-22 22:04:38,739] {processor.py:171} INFO - Processing /home/airflow/.local/lib/python3.7/site-packages/airflow/example_dags/example_skip_dag.py took 0.047 seconds
[2022-07-22 22:05:09,357] {processor.py:163} INFO - Started process (PID=1014) to work on /home/airflow/.local/lib/python3.7/site-packages/airflow/example_dags/example_skip_dag.py
[2022-07-22 22:05:09,358] {processor.py:642} INFO - Processing file /home/airflow/.local/lib/python3.7/site-packages/airflow/example_dags/example_skip_dag.py for tasks to queue
[2022-07-22 22:05:09,358] {logging_mixin.py:109} INFO - [2022-07-22 22:05:09,358] {dagbag.py:500} INFO - Filling up the DagBag from /home/airflow/.local/lib/python3.7/site-packages/airflow/example_dags/example_skip_dag.py
[2022-07-22 22:05:09,376] {processor.py:654} INFO - DAG(s) dict_keys(['example_skip_dag']) retrieved from /home/airflow/.local/lib/python3.7/site-packages/airflow/example_dags/example_skip_dag.py
[2022-07-22 22:05:09,383] {logging_mixin.py:109} INFO - [2022-07-22 22:05:09,383] {dag.py:2396} INFO - Sync 1 DAGs
[2022-07-22 22:05:09,396] {logging_mixin.py:109} INFO - [2022-07-22 22:05:09,395] {dag.py:2935} INFO - Setting next_dagrun for example_skip_dag to 2022-07-21T22:05:09.395752+00:00
[2022-07-22 22:05:09,401] {processor.py:171} INFO - Processing /home/airflow/.local/lib/python3.7/site-packages/airflow/example_dags/example_skip_dag.py took 0.047 seconds
[2022-07-22 22:05:39,920] {processor.py:163} INFO - Started process (PID=1064) to work on /home/airflow/.local/lib/python3.7/site-packages/airflow/example_dags/example_skip_dag.py
[2022-07-22 22:05:39,921] {processor.py:642} INFO - Processing file /home/airflow/.local/lib/python3.7/site-packages/airflow/example_dags/example_skip_dag.py for tasks to queue
[2022-07-22 22:05:39,921] {logging_mixin.py:109} INFO - [2022-07-22 22:05:39,921] {dagbag.py:500} INFO - Filling up the DagBag from /home/airflow/.local/lib/python3.7/site-packages/airflow/example_dags/example_skip_dag.py
[2022-07-22 22:05:39,938] {processor.py:654} INFO - DAG(s) dict_keys(['example_skip_dag']) retrieved from /home/airflow/.local/lib/python3.7/site-packages/airflow/example_dags/example_skip_dag.py
[2022-07-22 22:05:39,945] {logging_mixin.py:109} INFO - [2022-07-22 22:05:39,945] {dag.py:2396} INFO - Sync 1 DAGs
[2022-07-22 22:05:39,956] {logging_mixin.py:109} INFO - [2022-07-22 22:05:39,956] {dag.py:2935} INFO - Setting next_dagrun for example_skip_dag to 2022-07-21T22:05:39.956097+00:00
[2022-07-22 22:05:39,962] {processor.py:171} INFO - Processing /home/airflow/.local/lib/python3.7/site-packages/airflow/example_dags/example_skip_dag.py took 0.044 seconds
[2022-07-22 22:06:10,531] {processor.py:163} INFO - Started process (PID=1123) to work on /home/airflow/.local/lib/python3.7/site-packages/airflow/example_dags/example_skip_dag.py
[2022-07-22 22:06:10,531] {processor.py:642} INFO - Processing file /home/airflow/.local/lib/python3.7/site-packages/airflow/example_dags/example_skip_dag.py for tasks to queue
[2022-07-22 22:06:10,532] {logging_mixin.py:109} INFO - [2022-07-22 22:06:10,532] {dagbag.py:500} INFO - Filling up the DagBag from /home/airflow/.local/lib/python3.7/site-packages/airflow/example_dags/example_skip_dag.py
[2022-07-22 22:06:10,549] {processor.py:654} INFO - DAG(s) dict_keys(['example_skip_dag']) retrieved from /home/airflow/.local/lib/python3.7/site-packages/airflow/example_dags/example_skip_dag.py
[2022-07-22 22:06:10,556] {logging_mixin.py:109} INFO - [2022-07-22 22:06:10,556] {dag.py:2396} INFO - Sync 1 DAGs
[2022-07-22 22:06:10,569] {logging_mixin.py:109} INFO - [2022-07-22 22:06:10,569] {dag.py:2935} INFO - Setting next_dagrun for example_skip_dag to 2022-07-21T22:06:10.568766+00:00
[2022-07-22 22:06:10,575] {processor.py:171} INFO - Processing /home/airflow/.local/lib/python3.7/site-packages/airflow/example_dags/example_skip_dag.py took 0.047 seconds
[2022-07-22 22:06:41,164] {processor.py:163} INFO - Started process (PID=1173) to work on /home/airflow/.local/lib/python3.7/site-packages/airflow/example_dags/example_skip_dag.py
[2022-07-22 22:06:41,164] {processor.py:642} INFO - Processing file /home/airflow/.local/lib/python3.7/site-packages/airflow/example_dags/example_skip_dag.py for tasks to queue
[2022-07-22 22:06:41,165] {logging_mixin.py:109} INFO - [2022-07-22 22:06:41,165] {dagbag.py:500} INFO - Filling up the DagBag from /home/airflow/.local/lib/python3.7/site-packages/airflow/example_dags/example_skip_dag.py
[2022-07-22 22:06:41,181] {processor.py:654} INFO - DAG(s) dict_keys(['example_skip_dag']) retrieved from /home/airflow/.local/lib/python3.7/site-packages/airflow/example_dags/example_skip_dag.py
[2022-07-22 22:06:41,190] {logging_mixin.py:109} INFO - [2022-07-22 22:06:41,190] {dag.py:2396} INFO - Sync 1 DAGs
[2022-07-22 22:06:41,201] {logging_mixin.py:109} INFO - [2022-07-22 22:06:41,201] {dag.py:2935} INFO - Setting next_dagrun for example_skip_dag to 2022-07-21T22:06:41.201010+00:00
[2022-07-22 22:06:41,207] {processor.py:171} INFO - Processing /home/airflow/.local/lib/python3.7/site-packages/airflow/example_dags/example_skip_dag.py took 0.045 seconds
[2022-07-22 22:07:11,797] {processor.py:163} INFO - Started process (PID=1232) to work on /home/airflow/.local/lib/python3.7/site-packages/airflow/example_dags/example_skip_dag.py
[2022-07-22 22:07:11,798] {processor.py:642} INFO - Processing file /home/airflow/.local/lib/python3.7/site-packages/airflow/example_dags/example_skip_dag.py for tasks to queue
[2022-07-22 22:07:11,798] {logging_mixin.py:109} INFO - [2022-07-22 22:07:11,798] {dagbag.py:500} INFO - Filling up the DagBag from /home/airflow/.local/lib/python3.7/site-packages/airflow/example_dags/example_skip_dag.py
[2022-07-22 22:07:11,815] {processor.py:654} INFO - DAG(s) dict_keys(['example_skip_dag']) retrieved from /home/airflow/.local/lib/python3.7/site-packages/airflow/example_dags/example_skip_dag.py
[2022-07-22 22:07:11,822] {logging_mixin.py:109} INFO - [2022-07-22 22:07:11,822] {dag.py:2396} INFO - Sync 1 DAGs
[2022-07-22 22:07:11,833] {logging_mixin.py:109} INFO - [2022-07-22 22:07:11,833] {dag.py:2935} INFO - Setting next_dagrun for example_skip_dag to 2022-07-21T22:07:11.833557+00:00
[2022-07-22 22:07:11,840] {processor.py:171} INFO - Processing /home/airflow/.local/lib/python3.7/site-packages/airflow/example_dags/example_skip_dag.py took 0.045 seconds
[2022-07-22 22:07:42,373] {processor.py:163} INFO - Started process (PID=1291) to work on /home/airflow/.local/lib/python3.7/site-packages/airflow/example_dags/example_skip_dag.py
[2022-07-22 22:07:42,374] {processor.py:642} INFO - Processing file /home/airflow/.local/lib/python3.7/site-packages/airflow/example_dags/example_skip_dag.py for tasks to queue
[2022-07-22 22:07:42,374] {logging_mixin.py:109} INFO - [2022-07-22 22:07:42,374] {dagbag.py:500} INFO - Filling up the DagBag from /home/airflow/.local/lib/python3.7/site-packages/airflow/example_dags/example_skip_dag.py
[2022-07-22 22:07:42,391] {processor.py:654} INFO - DAG(s) dict_keys(['example_skip_dag']) retrieved from /home/airflow/.local/lib/python3.7/site-packages/airflow/example_dags/example_skip_dag.py
[2022-07-22 22:07:42,398] {logging_mixin.py:109} INFO - [2022-07-22 22:07:42,398] {dag.py:2396} INFO - Sync 1 DAGs
[2022-07-22 22:07:42,409] {logging_mixin.py:109} INFO - [2022-07-22 22:07:42,409] {dag.py:2935} INFO - Setting next_dagrun for example_skip_dag to 2022-07-21T22:07:42.409071+00:00
[2022-07-22 22:07:42,414] {processor.py:171} INFO - Processing /home/airflow/.local/lib/python3.7/site-packages/airflow/example_dags/example_skip_dag.py took 0.043 seconds
[2022-07-22 22:08:13,104] {processor.py:163} INFO - Started process (PID=1341) to work on /home/airflow/.local/lib/python3.7/site-packages/airflow/example_dags/example_skip_dag.py
[2022-07-22 22:08:13,105] {processor.py:642} INFO - Processing file /home/airflow/.local/lib/python3.7/site-packages/airflow/example_dags/example_skip_dag.py for tasks to queue
[2022-07-22 22:08:13,106] {logging_mixin.py:109} INFO - [2022-07-22 22:08:13,106] {dagbag.py:500} INFO - Filling up the DagBag from /home/airflow/.local/lib/python3.7/site-packages/airflow/example_dags/example_skip_dag.py
[2022-07-22 22:08:13,128] {processor.py:654} INFO - DAG(s) dict_keys(['example_skip_dag']) retrieved from /home/airflow/.local/lib/python3.7/site-packages/airflow/example_dags/example_skip_dag.py
[2022-07-22 22:08:13,137] {logging_mixin.py:109} INFO - [2022-07-22 22:08:13,137] {dag.py:2396} INFO - Sync 1 DAGs
[2022-07-22 22:08:13,149] {logging_mixin.py:109} INFO - [2022-07-22 22:08:13,149] {dag.py:2935} INFO - Setting next_dagrun for example_skip_dag to 2022-07-21T22:08:13.149519+00:00
[2022-07-22 22:08:13,156] {processor.py:171} INFO - Processing /home/airflow/.local/lib/python3.7/site-packages/airflow/example_dags/example_skip_dag.py took 0.054 seconds
[2022-07-22 22:08:44,402] {processor.py:163} INFO - Started process (PID=1400) to work on /home/airflow/.local/lib/python3.7/site-packages/airflow/example_dags/example_skip_dag.py
[2022-07-22 22:08:44,403] {processor.py:642} INFO - Processing file /home/airflow/.local/lib/python3.7/site-packages/airflow/example_dags/example_skip_dag.py for tasks to queue
[2022-07-22 22:08:44,404] {logging_mixin.py:109} INFO - [2022-07-22 22:08:44,404] {dagbag.py:500} INFO - Filling up the DagBag from /home/airflow/.local/lib/python3.7/site-packages/airflow/example_dags/example_skip_dag.py
[2022-07-22 22:08:44,431] {processor.py:654} INFO - DAG(s) dict_keys(['example_skip_dag']) retrieved from /home/airflow/.local/lib/python3.7/site-packages/airflow/example_dags/example_skip_dag.py
[2022-07-22 22:08:44,443] {logging_mixin.py:109} INFO - [2022-07-22 22:08:44,443] {dag.py:2396} INFO - Sync 1 DAGs
[2022-07-22 22:08:44,461] {logging_mixin.py:109} INFO - [2022-07-22 22:08:44,461] {dag.py:2935} INFO - Setting next_dagrun for example_skip_dag to 2022-07-21T22:08:44.461342+00:00
[2022-07-22 22:08:44,471] {processor.py:171} INFO - Processing /home/airflow/.local/lib/python3.7/site-packages/airflow/example_dags/example_skip_dag.py took 0.072 seconds
[2022-07-22 22:09:14,987] {processor.py:163} INFO - Started process (PID=1450) to work on /home/airflow/.local/lib/python3.7/site-packages/airflow/example_dags/example_skip_dag.py
[2022-07-22 22:09:14,988] {processor.py:642} INFO - Processing file /home/airflow/.local/lib/python3.7/site-packages/airflow/example_dags/example_skip_dag.py for tasks to queue
[2022-07-22 22:09:14,988] {logging_mixin.py:109} INFO - [2022-07-22 22:09:14,988] {dagbag.py:500} INFO - Filling up the DagBag from /home/airflow/.local/lib/python3.7/site-packages/airflow/example_dags/example_skip_dag.py
[2022-07-22 22:09:15,014] {processor.py:654} INFO - DAG(s) dict_keys(['example_skip_dag']) retrieved from /home/airflow/.local/lib/python3.7/site-packages/airflow/example_dags/example_skip_dag.py
[2022-07-22 22:09:15,025] {logging_mixin.py:109} INFO - [2022-07-22 22:09:15,025] {dag.py:2396} INFO - Sync 1 DAGs
[2022-07-22 22:09:15,041] {logging_mixin.py:109} INFO - [2022-07-22 22:09:15,041] {dag.py:2935} INFO - Setting next_dagrun for example_skip_dag to 2022-07-21T22:09:15.041562+00:00
[2022-07-22 22:09:15,050] {processor.py:171} INFO - Processing /home/airflow/.local/lib/python3.7/site-packages/airflow/example_dags/example_skip_dag.py took 0.066 seconds
[2022-07-22 22:09:46,086] {processor.py:163} INFO - Started process (PID=1509) to work on /home/airflow/.local/lib/python3.7/site-packages/airflow/example_dags/example_skip_dag.py
[2022-07-22 22:09:46,087] {processor.py:642} INFO - Processing file /home/airflow/.local/lib/python3.7/site-packages/airflow/example_dags/example_skip_dag.py for tasks to queue
[2022-07-22 22:09:46,087] {logging_mixin.py:109} INFO - [2022-07-22 22:09:46,087] {dagbag.py:500} INFO - Filling up the DagBag from /home/airflow/.local/lib/python3.7/site-packages/airflow/example_dags/example_skip_dag.py
[2022-07-22 22:09:46,106] {processor.py:654} INFO - DAG(s) dict_keys(['example_skip_dag']) retrieved from /home/airflow/.local/lib/python3.7/site-packages/airflow/example_dags/example_skip_dag.py
[2022-07-22 22:09:46,113] {logging_mixin.py:109} INFO - [2022-07-22 22:09:46,113] {dag.py:2396} INFO - Sync 1 DAGs
[2022-07-22 22:09:46,125] {logging_mixin.py:109} INFO - [2022-07-22 22:09:46,125] {dag.py:2935} INFO - Setting next_dagrun for example_skip_dag to 2022-07-21T22:09:46.125146+00:00
[2022-07-22 22:09:46,131] {processor.py:171} INFO - Processing /home/airflow/.local/lib/python3.7/site-packages/airflow/example_dags/example_skip_dag.py took 0.048 seconds
[2022-07-22 22:10:16,978] {processor.py:163} INFO - Started process (PID=1559) to work on /home/airflow/.local/lib/python3.7/site-packages/airflow/example_dags/example_skip_dag.py
[2022-07-22 22:10:16,979] {processor.py:642} INFO - Processing file /home/airflow/.local/lib/python3.7/site-packages/airflow/example_dags/example_skip_dag.py for tasks to queue
[2022-07-22 22:10:16,979] {logging_mixin.py:109} INFO - [2022-07-22 22:10:16,979] {dagbag.py:500} INFO - Filling up the DagBag from /home/airflow/.local/lib/python3.7/site-packages/airflow/example_dags/example_skip_dag.py
[2022-07-22 22:10:16,997] {processor.py:654} INFO - DAG(s) dict_keys(['example_skip_dag']) retrieved from /home/airflow/.local/lib/python3.7/site-packages/airflow/example_dags/example_skip_dag.py
[2022-07-22 22:10:17,005] {logging_mixin.py:109} INFO - [2022-07-22 22:10:17,005] {dag.py:2396} INFO - Sync 1 DAGs
[2022-07-22 22:10:17,017] {logging_mixin.py:109} INFO - [2022-07-22 22:10:17,016] {dag.py:2935} INFO - Setting next_dagrun for example_skip_dag to 2022-07-21T22:10:17.016722+00:00
[2022-07-22 22:10:17,023] {processor.py:171} INFO - Processing /home/airflow/.local/lib/python3.7/site-packages/airflow/example_dags/example_skip_dag.py took 0.046 seconds
[2022-07-22 22:10:47,760] {processor.py:163} INFO - Started process (PID=1618) to work on /home/airflow/.local/lib/python3.7/site-packages/airflow/example_dags/example_skip_dag.py
[2022-07-22 22:10:47,761] {processor.py:642} INFO - Processing file /home/airflow/.local/lib/python3.7/site-packages/airflow/example_dags/example_skip_dag.py for tasks to queue
[2022-07-22 22:10:47,761] {logging_mixin.py:109} INFO - [2022-07-22 22:10:47,761] {dagbag.py:500} INFO - Filling up the DagBag from /home/airflow/.local/lib/python3.7/site-packages/airflow/example_dags/example_skip_dag.py
[2022-07-22 22:10:47,778] {processor.py:654} INFO - DAG(s) dict_keys(['example_skip_dag']) retrieved from /home/airflow/.local/lib/python3.7/site-packages/airflow/example_dags/example_skip_dag.py
[2022-07-22 22:10:47,786] {logging_mixin.py:109} INFO - [2022-07-22 22:10:47,786] {dag.py:2396} INFO - Sync 1 DAGs
[2022-07-22 22:10:47,799] {logging_mixin.py:109} INFO - [2022-07-22 22:10:47,798] {dag.py:2935} INFO - Setting next_dagrun for example_skip_dag to 2022-07-21T22:10:47.798639+00:00
[2022-07-22 22:10:47,805] {processor.py:171} INFO - Processing /home/airflow/.local/lib/python3.7/site-packages/airflow/example_dags/example_skip_dag.py took 0.047 seconds
[2022-07-22 22:11:18,566] {processor.py:163} INFO - Started process (PID=1677) to work on /home/airflow/.local/lib/python3.7/site-packages/airflow/example_dags/example_skip_dag.py
[2022-07-22 22:11:18,567] {processor.py:642} INFO - Processing file /home/airflow/.local/lib/python3.7/site-packages/airflow/example_dags/example_skip_dag.py for tasks to queue
[2022-07-22 22:11:18,567] {logging_mixin.py:109} INFO - [2022-07-22 22:11:18,567] {dagbag.py:500} INFO - Filling up the DagBag from /home/airflow/.local/lib/python3.7/site-packages/airflow/example_dags/example_skip_dag.py
[2022-07-22 22:11:18,586] {processor.py:654} INFO - DAG(s) dict_keys(['example_skip_dag']) retrieved from /home/airflow/.local/lib/python3.7/site-packages/airflow/example_dags/example_skip_dag.py
[2022-07-22 22:11:18,594] {logging_mixin.py:109} INFO - [2022-07-22 22:11:18,594] {dag.py:2396} INFO - Sync 1 DAGs
[2022-07-22 22:11:18,606] {logging_mixin.py:109} INFO - [2022-07-22 22:11:18,606] {dag.py:2935} INFO - Setting next_dagrun for example_skip_dag to 2022-07-21T22:11:18.606315+00:00
[2022-07-22 22:11:18,613] {processor.py:171} INFO - Processing /home/airflow/.local/lib/python3.7/site-packages/airflow/example_dags/example_skip_dag.py took 0.049 seconds
[2022-07-22 22:11:49,300] {processor.py:163} INFO - Started process (PID=1727) to work on /home/airflow/.local/lib/python3.7/site-packages/airflow/example_dags/example_skip_dag.py
[2022-07-22 22:11:49,301] {processor.py:642} INFO - Processing file /home/airflow/.local/lib/python3.7/site-packages/airflow/example_dags/example_skip_dag.py for tasks to queue
[2022-07-22 22:11:49,302] {logging_mixin.py:109} INFO - [2022-07-22 22:11:49,301] {dagbag.py:500} INFO - Filling up the DagBag from /home/airflow/.local/lib/python3.7/site-packages/airflow/example_dags/example_skip_dag.py
[2022-07-22 22:11:49,323] {processor.py:654} INFO - DAG(s) dict_keys(['example_skip_dag']) retrieved from /home/airflow/.local/lib/python3.7/site-packages/airflow/example_dags/example_skip_dag.py
[2022-07-22 22:11:49,334] {logging_mixin.py:109} INFO - [2022-07-22 22:11:49,334] {dag.py:2396} INFO - Sync 1 DAGs
[2022-07-22 22:11:49,348] {logging_mixin.py:109} INFO - [2022-07-22 22:11:49,348] {dag.py:2935} INFO - Setting next_dagrun for example_skip_dag to 2022-07-21T22:11:49.347922+00:00
[2022-07-22 22:11:49,356] {processor.py:171} INFO - Processing /home/airflow/.local/lib/python3.7/site-packages/airflow/example_dags/example_skip_dag.py took 0.058 seconds
[2022-07-22 22:12:20,263] {processor.py:163} INFO - Started process (PID=1786) to work on /home/airflow/.local/lib/python3.7/site-packages/airflow/example_dags/example_skip_dag.py
[2022-07-22 22:12:20,264] {processor.py:642} INFO - Processing file /home/airflow/.local/lib/python3.7/site-packages/airflow/example_dags/example_skip_dag.py for tasks to queue
[2022-07-22 22:12:20,264] {logging_mixin.py:109} INFO - [2022-07-22 22:12:20,264] {dagbag.py:500} INFO - Filling up the DagBag from /home/airflow/.local/lib/python3.7/site-packages/airflow/example_dags/example_skip_dag.py
[2022-07-22 22:12:20,285] {processor.py:654} INFO - DAG(s) dict_keys(['example_skip_dag']) retrieved from /home/airflow/.local/lib/python3.7/site-packages/airflow/example_dags/example_skip_dag.py
[2022-07-22 22:12:20,296] {logging_mixin.py:109} INFO - [2022-07-22 22:12:20,296] {dag.py:2396} INFO - Sync 1 DAGs
[2022-07-22 22:12:20,315] {logging_mixin.py:109} INFO - [2022-07-22 22:12:20,314] {dag.py:2935} INFO - Setting next_dagrun for example_skip_dag to 2022-07-21T22:12:20.314676+00:00
[2022-07-22 22:12:20,324] {processor.py:171} INFO - Processing /home/airflow/.local/lib/python3.7/site-packages/airflow/example_dags/example_skip_dag.py took 0.064 seconds
[2022-07-22 22:12:51,137] {processor.py:163} INFO - Started process (PID=1836) to work on /home/airflow/.local/lib/python3.7/site-packages/airflow/example_dags/example_skip_dag.py
[2022-07-22 22:12:51,138] {processor.py:642} INFO - Processing file /home/airflow/.local/lib/python3.7/site-packages/airflow/example_dags/example_skip_dag.py for tasks to queue
[2022-07-22 22:12:51,138] {logging_mixin.py:109} INFO - [2022-07-22 22:12:51,138] {dagbag.py:500} INFO - Filling up the DagBag from /home/airflow/.local/lib/python3.7/site-packages/airflow/example_dags/example_skip_dag.py
[2022-07-22 22:12:51,163] {processor.py:654} INFO - DAG(s) dict_keys(['example_skip_dag']) retrieved from /home/airflow/.local/lib/python3.7/site-packages/airflow/example_dags/example_skip_dag.py
[2022-07-22 22:12:51,172] {logging_mixin.py:109} INFO - [2022-07-22 22:12:51,172] {dag.py:2396} INFO - Sync 1 DAGs
[2022-07-22 22:12:51,185] {logging_mixin.py:109} INFO - [2022-07-22 22:12:51,185] {dag.py:2935} INFO - Setting next_dagrun for example_skip_dag to 2022-07-21T22:12:51.184833+00:00
[2022-07-22 22:12:51,193] {processor.py:171} INFO - Processing /home/airflow/.local/lib/python3.7/site-packages/airflow/example_dags/example_skip_dag.py took 0.059 seconds
[2022-07-22 22:13:21,939] {processor.py:163} INFO - Started process (PID=1895) to work on /home/airflow/.local/lib/python3.7/site-packages/airflow/example_dags/example_skip_dag.py
[2022-07-22 22:13:21,940] {processor.py:642} INFO - Processing file /home/airflow/.local/lib/python3.7/site-packages/airflow/example_dags/example_skip_dag.py for tasks to queue
[2022-07-22 22:13:21,941] {logging_mixin.py:109} INFO - [2022-07-22 22:13:21,940] {dagbag.py:500} INFO - Filling up the DagBag from /home/airflow/.local/lib/python3.7/site-packages/airflow/example_dags/example_skip_dag.py
[2022-07-22 22:13:21,957] {processor.py:654} INFO - DAG(s) dict_keys(['example_skip_dag']) retrieved from /home/airflow/.local/lib/python3.7/site-packages/airflow/example_dags/example_skip_dag.py
[2022-07-22 22:13:21,965] {logging_mixin.py:109} INFO - [2022-07-22 22:13:21,965] {dag.py:2396} INFO - Sync 1 DAGs
[2022-07-22 22:13:21,976] {logging_mixin.py:109} INFO - [2022-07-22 22:13:21,976] {dag.py:2935} INFO - Setting next_dagrun for example_skip_dag to 2022-07-21T22:13:21.976091+00:00
[2022-07-22 22:13:21,982] {processor.py:171} INFO - Processing /home/airflow/.local/lib/python3.7/site-packages/airflow/example_dags/example_skip_dag.py took 0.045 seconds
[2022-07-22 22:13:52,445] {processor.py:163} INFO - Started process (PID=1945) to work on /home/airflow/.local/lib/python3.7/site-packages/airflow/example_dags/example_skip_dag.py
[2022-07-22 22:13:52,446] {processor.py:642} INFO - Processing file /home/airflow/.local/lib/python3.7/site-packages/airflow/example_dags/example_skip_dag.py for tasks to queue
[2022-07-22 22:13:52,446] {logging_mixin.py:109} INFO - [2022-07-22 22:13:52,446] {dagbag.py:500} INFO - Filling up the DagBag from /home/airflow/.local/lib/python3.7/site-packages/airflow/example_dags/example_skip_dag.py
[2022-07-22 22:13:52,463] {processor.py:654} INFO - DAG(s) dict_keys(['example_skip_dag']) retrieved from /home/airflow/.local/lib/python3.7/site-packages/airflow/example_dags/example_skip_dag.py
[2022-07-22 22:13:52,470] {logging_mixin.py:109} INFO - [2022-07-22 22:13:52,470] {dag.py:2396} INFO - Sync 1 DAGs
[2022-07-22 22:13:52,482] {logging_mixin.py:109} INFO - [2022-07-22 22:13:52,482] {dag.py:2935} INFO - Setting next_dagrun for example_skip_dag to 2022-07-21T22:13:52.481802+00:00
[2022-07-22 22:13:52,488] {processor.py:171} INFO - Processing /home/airflow/.local/lib/python3.7/site-packages/airflow/example_dags/example_skip_dag.py took 0.045 seconds
[2022-07-22 22:14:23,250] {processor.py:163} INFO - Started process (PID=2004) to work on /home/airflow/.local/lib/python3.7/site-packages/airflow/example_dags/example_skip_dag.py
[2022-07-22 22:14:23,251] {processor.py:642} INFO - Processing file /home/airflow/.local/lib/python3.7/site-packages/airflow/example_dags/example_skip_dag.py for tasks to queue
[2022-07-22 22:14:23,252] {logging_mixin.py:109} INFO - [2022-07-22 22:14:23,252] {dagbag.py:500} INFO - Filling up the DagBag from /home/airflow/.local/lib/python3.7/site-packages/airflow/example_dags/example_skip_dag.py
[2022-07-22 22:14:23,269] {processor.py:654} INFO - DAG(s) dict_keys(['example_skip_dag']) retrieved from /home/airflow/.local/lib/python3.7/site-packages/airflow/example_dags/example_skip_dag.py
[2022-07-22 22:14:23,276] {logging_mixin.py:109} INFO - [2022-07-22 22:14:23,276] {dag.py:2396} INFO - Sync 1 DAGs
[2022-07-22 22:14:23,287] {logging_mixin.py:109} INFO - [2022-07-22 22:14:23,287] {dag.py:2935} INFO - Setting next_dagrun for example_skip_dag to 2022-07-21T22:14:23.287298+00:00
[2022-07-22 22:14:23,294] {processor.py:171} INFO - Processing /home/airflow/.local/lib/python3.7/site-packages/airflow/example_dags/example_skip_dag.py took 0.045 seconds
[2022-07-22 22:14:53,771] {processor.py:163} INFO - Started process (PID=2064) to work on /home/airflow/.local/lib/python3.7/site-packages/airflow/example_dags/example_skip_dag.py
[2022-07-22 22:14:53,771] {processor.py:642} INFO - Processing file /home/airflow/.local/lib/python3.7/site-packages/airflow/example_dags/example_skip_dag.py for tasks to queue
[2022-07-22 22:14:53,771] {logging_mixin.py:109} INFO - [2022-07-22 22:14:53,771] {dagbag.py:500} INFO - Filling up the DagBag from /home/airflow/.local/lib/python3.7/site-packages/airflow/example_dags/example_skip_dag.py
[2022-07-22 22:14:53,788] {processor.py:654} INFO - DAG(s) dict_keys(['example_skip_dag']) retrieved from /home/airflow/.local/lib/python3.7/site-packages/airflow/example_dags/example_skip_dag.py
[2022-07-22 22:14:53,795] {logging_mixin.py:109} INFO - [2022-07-22 22:14:53,795] {dag.py:2396} INFO - Sync 1 DAGs
[2022-07-22 22:14:53,806] {logging_mixin.py:109} INFO - [2022-07-22 22:14:53,806] {dag.py:2935} INFO - Setting next_dagrun for example_skip_dag to 2022-07-21T22:14:53.806418+00:00
[2022-07-22 22:14:53,813] {processor.py:171} INFO - Processing /home/airflow/.local/lib/python3.7/site-packages/airflow/example_dags/example_skip_dag.py took 0.044 seconds
[2022-07-22 22:15:24,366] {processor.py:163} INFO - Started process (PID=2114) to work on /home/airflow/.local/lib/python3.7/site-packages/airflow/example_dags/example_skip_dag.py
[2022-07-22 22:15:24,367] {processor.py:642} INFO - Processing file /home/airflow/.local/lib/python3.7/site-packages/airflow/example_dags/example_skip_dag.py for tasks to queue
[2022-07-22 22:15:24,367] {logging_mixin.py:109} INFO - [2022-07-22 22:15:24,367] {dagbag.py:500} INFO - Filling up the DagBag from /home/airflow/.local/lib/python3.7/site-packages/airflow/example_dags/example_skip_dag.py
[2022-07-22 22:15:24,384] {processor.py:654} INFO - DAG(s) dict_keys(['example_skip_dag']) retrieved from /home/airflow/.local/lib/python3.7/site-packages/airflow/example_dags/example_skip_dag.py
[2022-07-22 22:15:24,391] {logging_mixin.py:109} INFO - [2022-07-22 22:15:24,391] {dag.py:2396} INFO - Sync 1 DAGs
[2022-07-22 22:15:24,402] {logging_mixin.py:109} INFO - [2022-07-22 22:15:24,402] {dag.py:2935} INFO - Setting next_dagrun for example_skip_dag to 2022-07-21T22:15:24.401873+00:00
[2022-07-22 22:15:24,408] {processor.py:171} INFO - Processing /home/airflow/.local/lib/python3.7/site-packages/airflow/example_dags/example_skip_dag.py took 0.043 seconds
[2022-07-22 22:15:55,068] {processor.py:163} INFO - Started process (PID=2173) to work on /home/airflow/.local/lib/python3.7/site-packages/airflow/example_dags/example_skip_dag.py
[2022-07-22 22:15:55,068] {processor.py:642} INFO - Processing file /home/airflow/.local/lib/python3.7/site-packages/airflow/example_dags/example_skip_dag.py for tasks to queue
[2022-07-22 22:15:55,069] {logging_mixin.py:109} INFO - [2022-07-22 22:15:55,069] {dagbag.py:500} INFO - Filling up the DagBag from /home/airflow/.local/lib/python3.7/site-packages/airflow/example_dags/example_skip_dag.py
[2022-07-22 22:15:55,087] {processor.py:654} INFO - DAG(s) dict_keys(['example_skip_dag']) retrieved from /home/airflow/.local/lib/python3.7/site-packages/airflow/example_dags/example_skip_dag.py
[2022-07-22 22:15:55,095] {logging_mixin.py:109} INFO - [2022-07-22 22:15:55,095] {dag.py:2396} INFO - Sync 1 DAGs
[2022-07-22 22:15:55,106] {logging_mixin.py:109} INFO - [2022-07-22 22:15:55,106] {dag.py:2935} INFO - Setting next_dagrun for example_skip_dag to 2022-07-21T22:15:55.106681+00:00
[2022-07-22 22:15:55,113] {processor.py:171} INFO - Processing /home/airflow/.local/lib/python3.7/site-packages/airflow/example_dags/example_skip_dag.py took 0.047 seconds
[2022-07-22 22:16:25,713] {processor.py:163} INFO - Started process (PID=2223) to work on /home/airflow/.local/lib/python3.7/site-packages/airflow/example_dags/example_skip_dag.py
[2022-07-22 22:16:25,714] {processor.py:642} INFO - Processing file /home/airflow/.local/lib/python3.7/site-packages/airflow/example_dags/example_skip_dag.py for tasks to queue
[2022-07-22 22:16:25,714] {logging_mixin.py:109} INFO - [2022-07-22 22:16:25,714] {dagbag.py:500} INFO - Filling up the DagBag from /home/airflow/.local/lib/python3.7/site-packages/airflow/example_dags/example_skip_dag.py
[2022-07-22 22:16:25,732] {processor.py:654} INFO - DAG(s) dict_keys(['example_skip_dag']) retrieved from /home/airflow/.local/lib/python3.7/site-packages/airflow/example_dags/example_skip_dag.py
[2022-07-22 22:16:25,739] {logging_mixin.py:109} INFO - [2022-07-22 22:16:25,739] {dag.py:2396} INFO - Sync 1 DAGs
[2022-07-22 22:16:25,750] {logging_mixin.py:109} INFO - [2022-07-22 22:16:25,750] {dag.py:2935} INFO - Setting next_dagrun for example_skip_dag to 2022-07-21T22:16:25.750071+00:00
[2022-07-22 22:16:25,756] {processor.py:171} INFO - Processing /home/airflow/.local/lib/python3.7/site-packages/airflow/example_dags/example_skip_dag.py took 0.045 seconds
[2022-07-22 22:16:56,101] {processor.py:163} INFO - Started process (PID=2282) to work on /home/airflow/.local/lib/python3.7/site-packages/airflow/example_dags/example_skip_dag.py
[2022-07-22 22:16:56,101] {processor.py:642} INFO - Processing file /home/airflow/.local/lib/python3.7/site-packages/airflow/example_dags/example_skip_dag.py for tasks to queue
[2022-07-22 22:16:56,102] {logging_mixin.py:109} INFO - [2022-07-22 22:16:56,102] {dagbag.py:500} INFO - Filling up the DagBag from /home/airflow/.local/lib/python3.7/site-packages/airflow/example_dags/example_skip_dag.py
[2022-07-22 22:16:56,121] {processor.py:654} INFO - DAG(s) dict_keys(['example_skip_dag']) retrieved from /home/airflow/.local/lib/python3.7/site-packages/airflow/example_dags/example_skip_dag.py
[2022-07-22 22:16:56,129] {logging_mixin.py:109} INFO - [2022-07-22 22:16:56,129] {dag.py:2396} INFO - Sync 1 DAGs
[2022-07-22 22:16:56,140] {logging_mixin.py:109} INFO - [2022-07-22 22:16:56,140] {dag.py:2935} INFO - Setting next_dagrun for example_skip_dag to 2022-07-21T22:16:56.140044+00:00
[2022-07-22 22:16:56,146] {processor.py:171} INFO - Processing /home/airflow/.local/lib/python3.7/site-packages/airflow/example_dags/example_skip_dag.py took 0.047 seconds
[2022-07-22 22:17:26,768] {processor.py:163} INFO - Started process (PID=2341) to work on /home/airflow/.local/lib/python3.7/site-packages/airflow/example_dags/example_skip_dag.py
[2022-07-22 22:17:26,769] {processor.py:642} INFO - Processing file /home/airflow/.local/lib/python3.7/site-packages/airflow/example_dags/example_skip_dag.py for tasks to queue
[2022-07-22 22:17:26,769] {logging_mixin.py:109} INFO - [2022-07-22 22:17:26,769] {dagbag.py:500} INFO - Filling up the DagBag from /home/airflow/.local/lib/python3.7/site-packages/airflow/example_dags/example_skip_dag.py
[2022-07-22 22:17:26,792] {processor.py:654} INFO - DAG(s) dict_keys(['example_skip_dag']) retrieved from /home/airflow/.local/lib/python3.7/site-packages/airflow/example_dags/example_skip_dag.py
[2022-07-22 22:17:26,803] {logging_mixin.py:109} INFO - [2022-07-22 22:17:26,803] {dag.py:2396} INFO - Sync 1 DAGs
[2022-07-22 22:17:26,817] {logging_mixin.py:109} INFO - [2022-07-22 22:17:26,817] {dag.py:2935} INFO - Setting next_dagrun for example_skip_dag to 2022-07-21T22:17:26.817209+00:00
[2022-07-22 22:17:26,824] {processor.py:171} INFO - Processing /home/airflow/.local/lib/python3.7/site-packages/airflow/example_dags/example_skip_dag.py took 0.058 seconds
[2022-07-22 22:17:57,623] {processor.py:163} INFO - Started process (PID=2391) to work on /home/airflow/.local/lib/python3.7/site-packages/airflow/example_dags/example_skip_dag.py
[2022-07-22 22:17:57,624] {processor.py:642} INFO - Processing file /home/airflow/.local/lib/python3.7/site-packages/airflow/example_dags/example_skip_dag.py for tasks to queue
[2022-07-22 22:17:57,624] {logging_mixin.py:109} INFO - [2022-07-22 22:17:57,624] {dagbag.py:500} INFO - Filling up the DagBag from /home/airflow/.local/lib/python3.7/site-packages/airflow/example_dags/example_skip_dag.py
[2022-07-22 22:17:57,642] {processor.py:654} INFO - DAG(s) dict_keys(['example_skip_dag']) retrieved from /home/airflow/.local/lib/python3.7/site-packages/airflow/example_dags/example_skip_dag.py
[2022-07-22 22:17:57,649] {logging_mixin.py:109} INFO - [2022-07-22 22:17:57,649] {dag.py:2396} INFO - Sync 1 DAGs
[2022-07-22 22:17:57,660] {logging_mixin.py:109} INFO - [2022-07-22 22:17:57,660] {dag.py:2935} INFO - Setting next_dagrun for example_skip_dag to 2022-07-21T22:17:57.660587+00:00
[2022-07-22 22:17:57,666] {processor.py:171} INFO - Processing /home/airflow/.local/lib/python3.7/site-packages/airflow/example_dags/example_skip_dag.py took 0.046 seconds
[2022-07-22 22:18:28,240] {processor.py:163} INFO - Started process (PID=2450) to work on /home/airflow/.local/lib/python3.7/site-packages/airflow/example_dags/example_skip_dag.py
[2022-07-22 22:18:28,241] {processor.py:642} INFO - Processing file /home/airflow/.local/lib/python3.7/site-packages/airflow/example_dags/example_skip_dag.py for tasks to queue
[2022-07-22 22:18:28,241] {logging_mixin.py:109} INFO - [2022-07-22 22:18:28,241] {dagbag.py:500} INFO - Filling up the DagBag from /home/airflow/.local/lib/python3.7/site-packages/airflow/example_dags/example_skip_dag.py
[2022-07-22 22:18:28,259] {processor.py:654} INFO - DAG(s) dict_keys(['example_skip_dag']) retrieved from /home/airflow/.local/lib/python3.7/site-packages/airflow/example_dags/example_skip_dag.py
[2022-07-22 22:18:28,266] {logging_mixin.py:109} INFO - [2022-07-22 22:18:28,266] {dag.py:2396} INFO - Sync 1 DAGs
[2022-07-22 22:18:28,277] {logging_mixin.py:109} INFO - [2022-07-22 22:18:28,277] {dag.py:2935} INFO - Setting next_dagrun for example_skip_dag to 2022-07-21T22:18:28.277496+00:00
[2022-07-22 22:18:28,283] {processor.py:171} INFO - Processing /home/airflow/.local/lib/python3.7/site-packages/airflow/example_dags/example_skip_dag.py took 0.045 seconds
[2022-07-22 22:18:59,135] {processor.py:163} INFO - Started process (PID=2500) to work on /home/airflow/.local/lib/python3.7/site-packages/airflow/example_dags/example_skip_dag.py
[2022-07-22 22:18:59,136] {processor.py:642} INFO - Processing file /home/airflow/.local/lib/python3.7/site-packages/airflow/example_dags/example_skip_dag.py for tasks to queue
[2022-07-22 22:18:59,136] {logging_mixin.py:109} INFO - [2022-07-22 22:18:59,136] {dagbag.py:500} INFO - Filling up the DagBag from /home/airflow/.local/lib/python3.7/site-packages/airflow/example_dags/example_skip_dag.py
[2022-07-22 22:18:59,156] {processor.py:654} INFO - DAG(s) dict_keys(['example_skip_dag']) retrieved from /home/airflow/.local/lib/python3.7/site-packages/airflow/example_dags/example_skip_dag.py
[2022-07-22 22:18:59,165] {logging_mixin.py:109} INFO - [2022-07-22 22:18:59,165] {dag.py:2396} INFO - Sync 1 DAGs
[2022-07-22 22:18:59,178] {logging_mixin.py:109} INFO - [2022-07-22 22:18:59,178] {dag.py:2935} INFO - Setting next_dagrun for example_skip_dag to 2022-07-21T22:18:59.178276+00:00
[2022-07-22 22:18:59,186] {processor.py:171} INFO - Processing /home/airflow/.local/lib/python3.7/site-packages/airflow/example_dags/example_skip_dag.py took 0.053 seconds
[2022-07-22 22:19:29,892] {processor.py:163} INFO - Started process (PID=2559) to work on /home/airflow/.local/lib/python3.7/site-packages/airflow/example_dags/example_skip_dag.py
[2022-07-22 22:19:29,893] {processor.py:642} INFO - Processing file /home/airflow/.local/lib/python3.7/site-packages/airflow/example_dags/example_skip_dag.py for tasks to queue
[2022-07-22 22:19:29,893] {logging_mixin.py:109} INFO - [2022-07-22 22:19:29,893] {dagbag.py:500} INFO - Filling up the DagBag from /home/airflow/.local/lib/python3.7/site-packages/airflow/example_dags/example_skip_dag.py
[2022-07-22 22:19:29,909] {processor.py:654} INFO - DAG(s) dict_keys(['example_skip_dag']) retrieved from /home/airflow/.local/lib/python3.7/site-packages/airflow/example_dags/example_skip_dag.py
[2022-07-22 22:19:29,917] {logging_mixin.py:109} INFO - [2022-07-22 22:19:29,917] {dag.py:2396} INFO - Sync 1 DAGs
[2022-07-22 22:19:29,927] {logging_mixin.py:109} INFO - [2022-07-22 22:19:29,927] {dag.py:2935} INFO - Setting next_dagrun for example_skip_dag to 2022-07-21T22:19:29.927540+00:00
[2022-07-22 22:19:29,934] {processor.py:171} INFO - Processing /home/airflow/.local/lib/python3.7/site-packages/airflow/example_dags/example_skip_dag.py took 0.044 seconds
[2022-07-22 22:20:00,761] {processor.py:163} INFO - Started process (PID=2618) to work on /home/airflow/.local/lib/python3.7/site-packages/airflow/example_dags/example_skip_dag.py
[2022-07-22 22:20:00,762] {processor.py:642} INFO - Processing file /home/airflow/.local/lib/python3.7/site-packages/airflow/example_dags/example_skip_dag.py for tasks to queue
[2022-07-22 22:20:00,762] {logging_mixin.py:109} INFO - [2022-07-22 22:20:00,762] {dagbag.py:500} INFO - Filling up the DagBag from /home/airflow/.local/lib/python3.7/site-packages/airflow/example_dags/example_skip_dag.py
[2022-07-22 22:20:00,779] {processor.py:654} INFO - DAG(s) dict_keys(['example_skip_dag']) retrieved from /home/airflow/.local/lib/python3.7/site-packages/airflow/example_dags/example_skip_dag.py
[2022-07-22 22:20:00,786] {logging_mixin.py:109} INFO - [2022-07-22 22:20:00,786] {dag.py:2396} INFO - Sync 1 DAGs
[2022-07-22 22:20:00,797] {logging_mixin.py:109} INFO - [2022-07-22 22:20:00,797] {dag.py:2935} INFO - Setting next_dagrun for example_skip_dag to 2022-07-21T22:20:00.797318+00:00
[2022-07-22 22:20:00,803] {processor.py:171} INFO - Processing /home/airflow/.local/lib/python3.7/site-packages/airflow/example_dags/example_skip_dag.py took 0.043 seconds
[2022-07-22 22:20:31,110] {processor.py:163} INFO - Started process (PID=2668) to work on /home/airflow/.local/lib/python3.7/site-packages/airflow/example_dags/example_skip_dag.py
[2022-07-22 22:20:31,111] {processor.py:642} INFO - Processing file /home/airflow/.local/lib/python3.7/site-packages/airflow/example_dags/example_skip_dag.py for tasks to queue
[2022-07-22 22:20:31,112] {logging_mixin.py:109} INFO - [2022-07-22 22:20:31,111] {dagbag.py:500} INFO - Filling up the DagBag from /home/airflow/.local/lib/python3.7/site-packages/airflow/example_dags/example_skip_dag.py
[2022-07-22 22:20:31,128] {processor.py:654} INFO - DAG(s) dict_keys(['example_skip_dag']) retrieved from /home/airflow/.local/lib/python3.7/site-packages/airflow/example_dags/example_skip_dag.py
[2022-07-22 22:20:31,135] {logging_mixin.py:109} INFO - [2022-07-22 22:20:31,135] {dag.py:2396} INFO - Sync 1 DAGs
[2022-07-22 22:20:31,146] {logging_mixin.py:109} INFO - [2022-07-22 22:20:31,146] {dag.py:2935} INFO - Setting next_dagrun for example_skip_dag to 2022-07-21T22:20:31.146396+00:00
[2022-07-22 22:20:31,152] {processor.py:171} INFO - Processing /home/airflow/.local/lib/python3.7/site-packages/airflow/example_dags/example_skip_dag.py took 0.044 seconds
[2022-07-22 22:21:01,372] {processor.py:163} INFO - Started process (PID=2727) to work on /home/airflow/.local/lib/python3.7/site-packages/airflow/example_dags/example_skip_dag.py
[2022-07-22 22:21:01,373] {processor.py:642} INFO - Processing file /home/airflow/.local/lib/python3.7/site-packages/airflow/example_dags/example_skip_dag.py for tasks to queue
[2022-07-22 22:21:01,373] {logging_mixin.py:109} INFO - [2022-07-22 22:21:01,373] {dagbag.py:500} INFO - Filling up the DagBag from /home/airflow/.local/lib/python3.7/site-packages/airflow/example_dags/example_skip_dag.py
[2022-07-22 22:21:01,390] {processor.py:654} INFO - DAG(s) dict_keys(['example_skip_dag']) retrieved from /home/airflow/.local/lib/python3.7/site-packages/airflow/example_dags/example_skip_dag.py
[2022-07-22 22:21:01,398] {logging_mixin.py:109} INFO - [2022-07-22 22:21:01,398] {dag.py:2396} INFO - Sync 1 DAGs
[2022-07-22 22:21:01,410] {logging_mixin.py:109} INFO - [2022-07-22 22:21:01,410] {dag.py:2935} INFO - Setting next_dagrun for example_skip_dag to 2022-07-21T22:21:01.410064+00:00
[2022-07-22 22:21:01,484] {processor.py:171} INFO - Processing /home/airflow/.local/lib/python3.7/site-packages/airflow/example_dags/example_skip_dag.py took 0.114 seconds
[2022-07-22 22:21:31,890] {processor.py:163} INFO - Started process (PID=2777) to work on /home/airflow/.local/lib/python3.7/site-packages/airflow/example_dags/example_skip_dag.py
[2022-07-22 22:21:31,891] {processor.py:642} INFO - Processing file /home/airflow/.local/lib/python3.7/site-packages/airflow/example_dags/example_skip_dag.py for tasks to queue
[2022-07-22 22:21:31,892] {logging_mixin.py:109} INFO - [2022-07-22 22:21:31,892] {dagbag.py:500} INFO - Filling up the DagBag from /home/airflow/.local/lib/python3.7/site-packages/airflow/example_dags/example_skip_dag.py
[2022-07-22 22:21:31,910] {processor.py:654} INFO - DAG(s) dict_keys(['example_skip_dag']) retrieved from /home/airflow/.local/lib/python3.7/site-packages/airflow/example_dags/example_skip_dag.py
[2022-07-22 22:21:31,921] {logging_mixin.py:109} INFO - [2022-07-22 22:21:31,921] {dag.py:2396} INFO - Sync 1 DAGs
[2022-07-22 22:21:31,998] {logging_mixin.py:109} INFO - [2022-07-22 22:21:31,998] {dag.py:2935} INFO - Setting next_dagrun for example_skip_dag to 2022-07-21T22:21:31.997832+00:00
[2022-07-22 22:21:32,003] {processor.py:171} INFO - Processing /home/airflow/.local/lib/python3.7/site-packages/airflow/example_dags/example_skip_dag.py took 0.115 seconds
[2022-07-22 22:22:02,719] {processor.py:163} INFO - Started process (PID=2836) to work on /home/airflow/.local/lib/python3.7/site-packages/airflow/example_dags/example_skip_dag.py
[2022-07-22 22:22:02,719] {processor.py:642} INFO - Processing file /home/airflow/.local/lib/python3.7/site-packages/airflow/example_dags/example_skip_dag.py for tasks to queue
[2022-07-22 22:22:02,720] {logging_mixin.py:109} INFO - [2022-07-22 22:22:02,720] {dagbag.py:500} INFO - Filling up the DagBag from /home/airflow/.local/lib/python3.7/site-packages/airflow/example_dags/example_skip_dag.py
[2022-07-22 22:22:02,736] {processor.py:654} INFO - DAG(s) dict_keys(['example_skip_dag']) retrieved from /home/airflow/.local/lib/python3.7/site-packages/airflow/example_dags/example_skip_dag.py
[2022-07-22 22:22:02,743] {logging_mixin.py:109} INFO - [2022-07-22 22:22:02,743] {dag.py:2396} INFO - Sync 1 DAGs
[2022-07-22 22:22:02,821] {logging_mixin.py:109} INFO - [2022-07-22 22:22:02,821] {dag.py:2935} INFO - Setting next_dagrun for example_skip_dag to 2022-07-21T22:22:02.821625+00:00
[2022-07-22 22:22:02,827] {processor.py:171} INFO - Processing /home/airflow/.local/lib/python3.7/site-packages/airflow/example_dags/example_skip_dag.py took 0.110 seconds
[2022-07-22 22:22:33,428] {processor.py:163} INFO - Started process (PID=2895) to work on /home/airflow/.local/lib/python3.7/site-packages/airflow/example_dags/example_skip_dag.py
[2022-07-22 22:22:33,429] {processor.py:642} INFO - Processing file /home/airflow/.local/lib/python3.7/site-packages/airflow/example_dags/example_skip_dag.py for tasks to queue
[2022-07-22 22:22:33,429] {logging_mixin.py:109} INFO - [2022-07-22 22:22:33,429] {dagbag.py:500} INFO - Filling up the DagBag from /home/airflow/.local/lib/python3.7/site-packages/airflow/example_dags/example_skip_dag.py
[2022-07-22 22:22:33,446] {processor.py:654} INFO - DAG(s) dict_keys(['example_skip_dag']) retrieved from /home/airflow/.local/lib/python3.7/site-packages/airflow/example_dags/example_skip_dag.py
[2022-07-22 22:22:33,528] {logging_mixin.py:109} INFO - [2022-07-22 22:22:33,528] {dag.py:2396} INFO - Sync 1 DAGs
[2022-07-22 22:22:33,539] {logging_mixin.py:109} INFO - [2022-07-22 22:22:33,539] {dag.py:2935} INFO - Setting next_dagrun for example_skip_dag to 2022-07-21T22:22:33.539204+00:00
[2022-07-22 22:22:33,545] {processor.py:171} INFO - Processing /home/airflow/.local/lib/python3.7/site-packages/airflow/example_dags/example_skip_dag.py took 0.119 seconds
[2022-07-22 22:23:04,178] {processor.py:163} INFO - Started process (PID=2945) to work on /home/airflow/.local/lib/python3.7/site-packages/airflow/example_dags/example_skip_dag.py
[2022-07-22 22:23:04,179] {processor.py:642} INFO - Processing file /home/airflow/.local/lib/python3.7/site-packages/airflow/example_dags/example_skip_dag.py for tasks to queue
[2022-07-22 22:23:04,179] {logging_mixin.py:109} INFO - [2022-07-22 22:23:04,179] {dagbag.py:500} INFO - Filling up the DagBag from /home/airflow/.local/lib/python3.7/site-packages/airflow/example_dags/example_skip_dag.py
[2022-07-22 22:23:04,195] {processor.py:654} INFO - DAG(s) dict_keys(['example_skip_dag']) retrieved from /home/airflow/.local/lib/python3.7/site-packages/airflow/example_dags/example_skip_dag.py
[2022-07-22 22:23:04,263] {logging_mixin.py:109} INFO - [2022-07-22 22:23:04,263] {dag.py:2396} INFO - Sync 1 DAGs
[2022-07-22 22:23:04,273] {logging_mixin.py:109} INFO - [2022-07-22 22:23:04,273] {dag.py:2935} INFO - Setting next_dagrun for example_skip_dag to 2022-07-21T22:23:04.273497+00:00
[2022-07-22 22:23:04,279] {processor.py:171} INFO - Processing /home/airflow/.local/lib/python3.7/site-packages/airflow/example_dags/example_skip_dag.py took 0.103 seconds
[2022-07-22 22:23:34,834] {processor.py:163} INFO - Started process (PID=3004) to work on /home/airflow/.local/lib/python3.7/site-packages/airflow/example_dags/example_skip_dag.py
[2022-07-22 22:23:34,835] {processor.py:642} INFO - Processing file /home/airflow/.local/lib/python3.7/site-packages/airflow/example_dags/example_skip_dag.py for tasks to queue
[2022-07-22 22:23:34,835] {logging_mixin.py:109} INFO - [2022-07-22 22:23:34,835] {dagbag.py:500} INFO - Filling up the DagBag from /home/airflow/.local/lib/python3.7/site-packages/airflow/example_dags/example_skip_dag.py
[2022-07-22 22:23:34,917] {processor.py:654} INFO - DAG(s) dict_keys(['example_skip_dag']) retrieved from /home/airflow/.local/lib/python3.7/site-packages/airflow/example_dags/example_skip_dag.py
[2022-07-22 22:23:34,923] {logging_mixin.py:109} INFO - [2022-07-22 22:23:34,923] {dag.py:2396} INFO - Sync 1 DAGs
[2022-07-22 22:23:34,933] {logging_mixin.py:109} INFO - [2022-07-22 22:23:34,933] {dag.py:2935} INFO - Setting next_dagrun for example_skip_dag to 2022-07-21T22:23:34.933265+00:00
[2022-07-22 22:23:34,938] {processor.py:171} INFO - Processing /home/airflow/.local/lib/python3.7/site-packages/airflow/example_dags/example_skip_dag.py took 0.106 seconds
[2022-07-22 22:24:05,609] {processor.py:163} INFO - Started process (PID=3054) to work on /home/airflow/.local/lib/python3.7/site-packages/airflow/example_dags/example_skip_dag.py
[2022-07-22 22:24:05,610] {processor.py:642} INFO - Processing file /home/airflow/.local/lib/python3.7/site-packages/airflow/example_dags/example_skip_dag.py for tasks to queue
[2022-07-22 22:24:05,610] {logging_mixin.py:109} INFO - [2022-07-22 22:24:05,610] {dagbag.py:500} INFO - Filling up the DagBag from /home/airflow/.local/lib/python3.7/site-packages/airflow/example_dags/example_skip_dag.py
[2022-07-22 22:24:05,701] {processor.py:654} INFO - DAG(s) dict_keys(['example_skip_dag']) retrieved from /home/airflow/.local/lib/python3.7/site-packages/airflow/example_dags/example_skip_dag.py
[2022-07-22 22:24:05,709] {logging_mixin.py:109} INFO - [2022-07-22 22:24:05,709] {dag.py:2396} INFO - Sync 1 DAGs
[2022-07-22 22:24:05,719] {logging_mixin.py:109} INFO - [2022-07-22 22:24:05,719] {dag.py:2935} INFO - Setting next_dagrun for example_skip_dag to 2022-07-21T22:24:05.719171+00:00
[2022-07-22 22:24:05,725] {processor.py:171} INFO - Processing /home/airflow/.local/lib/python3.7/site-packages/airflow/example_dags/example_skip_dag.py took 0.119 seconds
[2022-07-22 22:24:36,404] {processor.py:163} INFO - Started process (PID=3113) to work on /home/airflow/.local/lib/python3.7/site-packages/airflow/example_dags/example_skip_dag.py
[2022-07-22 22:24:36,404] {processor.py:642} INFO - Processing file /home/airflow/.local/lib/python3.7/site-packages/airflow/example_dags/example_skip_dag.py for tasks to queue
[2022-07-22 22:24:36,405] {logging_mixin.py:109} INFO - [2022-07-22 22:24:36,405] {dagbag.py:500} INFO - Filling up the DagBag from /home/airflow/.local/lib/python3.7/site-packages/airflow/example_dags/example_skip_dag.py
[2022-07-22 22:24:36,495] {processor.py:654} INFO - DAG(s) dict_keys(['example_skip_dag']) retrieved from /home/airflow/.local/lib/python3.7/site-packages/airflow/example_dags/example_skip_dag.py
[2022-07-22 22:24:36,502] {logging_mixin.py:109} INFO - [2022-07-22 22:24:36,502] {dag.py:2396} INFO - Sync 1 DAGs
[2022-07-22 22:24:36,511] {logging_mixin.py:109} INFO - [2022-07-22 22:24:36,511] {dag.py:2935} INFO - Setting next_dagrun for example_skip_dag to 2022-07-21T22:24:36.511694+00:00
[2022-07-22 22:24:36,517] {processor.py:171} INFO - Processing /home/airflow/.local/lib/python3.7/site-packages/airflow/example_dags/example_skip_dag.py took 0.115 seconds
[2022-07-22 22:25:07,016] {processor.py:163} INFO - Started process (PID=3171) to work on /home/airflow/.local/lib/python3.7/site-packages/airflow/example_dags/example_skip_dag.py
[2022-07-22 22:25:07,017] {processor.py:642} INFO - Processing file /home/airflow/.local/lib/python3.7/site-packages/airflow/example_dags/example_skip_dag.py for tasks to queue
[2022-07-22 22:25:07,017] {logging_mixin.py:109} INFO - [2022-07-22 22:25:07,017] {dagbag.py:500} INFO - Filling up the DagBag from /home/airflow/.local/lib/python3.7/site-packages/airflow/example_dags/example_skip_dag.py
[2022-07-22 22:25:07,102] {processor.py:654} INFO - DAG(s) dict_keys(['example_skip_dag']) retrieved from /home/airflow/.local/lib/python3.7/site-packages/airflow/example_dags/example_skip_dag.py
[2022-07-22 22:25:07,109] {logging_mixin.py:109} INFO - [2022-07-22 22:25:07,109] {dag.py:2396} INFO - Sync 1 DAGs
[2022-07-22 22:25:07,119] {logging_mixin.py:109} INFO - [2022-07-22 22:25:07,119] {dag.py:2935} INFO - Setting next_dagrun for example_skip_dag to 2022-07-21T22:25:07.119281+00:00
[2022-07-22 22:25:07,125] {processor.py:171} INFO - Processing /home/airflow/.local/lib/python3.7/site-packages/airflow/example_dags/example_skip_dag.py took 0.111 seconds
[2022-07-22 22:25:37,141] {processor.py:163} INFO - Started process (PID=3221) to work on /home/airflow/.local/lib/python3.7/site-packages/airflow/example_dags/example_skip_dag.py
[2022-07-22 22:25:37,142] {processor.py:642} INFO - Processing file /home/airflow/.local/lib/python3.7/site-packages/airflow/example_dags/example_skip_dag.py for tasks to queue
[2022-07-22 22:25:37,142] {logging_mixin.py:109} INFO - [2022-07-22 22:25:37,142] {dagbag.py:500} INFO - Filling up the DagBag from /home/airflow/.local/lib/python3.7/site-packages/airflow/example_dags/example_skip_dag.py
[2022-07-22 22:25:37,159] {processor.py:654} INFO - DAG(s) dict_keys(['example_skip_dag']) retrieved from /home/airflow/.local/lib/python3.7/site-packages/airflow/example_dags/example_skip_dag.py
[2022-07-22 22:25:37,166] {logging_mixin.py:109} INFO - [2022-07-22 22:25:37,166] {dag.py:2396} INFO - Sync 1 DAGs
[2022-07-22 22:25:37,177] {logging_mixin.py:109} INFO - [2022-07-22 22:25:37,177] {dag.py:2935} INFO - Setting next_dagrun for example_skip_dag to 2022-07-21T22:25:37.176828+00:00
[2022-07-22 22:25:37,183] {processor.py:171} INFO - Processing /home/airflow/.local/lib/python3.7/site-packages/airflow/example_dags/example_skip_dag.py took 0.043 seconds
[2022-07-22 22:26:07,732] {processor.py:163} INFO - Started process (PID=3280) to work on /home/airflow/.local/lib/python3.7/site-packages/airflow/example_dags/example_skip_dag.py
[2022-07-22 22:26:07,733] {processor.py:642} INFO - Processing file /home/airflow/.local/lib/python3.7/site-packages/airflow/example_dags/example_skip_dag.py for tasks to queue
[2022-07-22 22:26:07,733] {logging_mixin.py:109} INFO - [2022-07-22 22:26:07,733] {dagbag.py:500} INFO - Filling up the DagBag from /home/airflow/.local/lib/python3.7/site-packages/airflow/example_dags/example_skip_dag.py
[2022-07-22 22:26:07,750] {processor.py:654} INFO - DAG(s) dict_keys(['example_skip_dag']) retrieved from /home/airflow/.local/lib/python3.7/site-packages/airflow/example_dags/example_skip_dag.py
[2022-07-22 22:26:07,757] {logging_mixin.py:109} INFO - [2022-07-22 22:26:07,757] {dag.py:2396} INFO - Sync 1 DAGs
[2022-07-22 22:26:07,768] {logging_mixin.py:109} INFO - [2022-07-22 22:26:07,767] {dag.py:2935} INFO - Setting next_dagrun for example_skip_dag to 2022-07-21T22:26:07.767791+00:00
[2022-07-22 22:26:07,774] {processor.py:171} INFO - Processing /home/airflow/.local/lib/python3.7/site-packages/airflow/example_dags/example_skip_dag.py took 0.044 seconds
[2022-07-22 22:26:38,145] {processor.py:163} INFO - Started process (PID=3330) to work on /home/airflow/.local/lib/python3.7/site-packages/airflow/example_dags/example_skip_dag.py
[2022-07-22 22:26:38,146] {processor.py:642} INFO - Processing file /home/airflow/.local/lib/python3.7/site-packages/airflow/example_dags/example_skip_dag.py for tasks to queue
[2022-07-22 22:26:38,146] {logging_mixin.py:109} INFO - [2022-07-22 22:26:38,146] {dagbag.py:500} INFO - Filling up the DagBag from /home/airflow/.local/lib/python3.7/site-packages/airflow/example_dags/example_skip_dag.py
[2022-07-22 22:26:38,163] {processor.py:654} INFO - DAG(s) dict_keys(['example_skip_dag']) retrieved from /home/airflow/.local/lib/python3.7/site-packages/airflow/example_dags/example_skip_dag.py
[2022-07-22 22:26:38,170] {logging_mixin.py:109} INFO - [2022-07-22 22:26:38,170] {dag.py:2396} INFO - Sync 1 DAGs
[2022-07-22 22:26:38,181] {logging_mixin.py:109} INFO - [2022-07-22 22:26:38,181] {dag.py:2935} INFO - Setting next_dagrun for example_skip_dag to 2022-07-21T22:26:38.180941+00:00
[2022-07-22 22:26:38,186] {processor.py:171} INFO - Processing /home/airflow/.local/lib/python3.7/site-packages/airflow/example_dags/example_skip_dag.py took 0.043 seconds
[2022-07-22 22:27:08,581] {processor.py:163} INFO - Started process (PID=3389) to work on /home/airflow/.local/lib/python3.7/site-packages/airflow/example_dags/example_skip_dag.py
[2022-07-22 22:27:08,582] {processor.py:642} INFO - Processing file /home/airflow/.local/lib/python3.7/site-packages/airflow/example_dags/example_skip_dag.py for tasks to queue
[2022-07-22 22:27:08,582] {logging_mixin.py:109} INFO - [2022-07-22 22:27:08,582] {dagbag.py:500} INFO - Filling up the DagBag from /home/airflow/.local/lib/python3.7/site-packages/airflow/example_dags/example_skip_dag.py
[2022-07-22 22:27:08,599] {processor.py:654} INFO - DAG(s) dict_keys(['example_skip_dag']) retrieved from /home/airflow/.local/lib/python3.7/site-packages/airflow/example_dags/example_skip_dag.py
[2022-07-22 22:27:08,606] {logging_mixin.py:109} INFO - [2022-07-22 22:27:08,606] {dag.py:2396} INFO - Sync 1 DAGs
[2022-07-22 22:27:08,616] {logging_mixin.py:109} INFO - [2022-07-22 22:27:08,616] {dag.py:2935} INFO - Setting next_dagrun for example_skip_dag to 2022-07-21T22:27:08.616347+00:00
[2022-07-22 22:27:08,622] {processor.py:171} INFO - Processing /home/airflow/.local/lib/python3.7/site-packages/airflow/example_dags/example_skip_dag.py took 0.043 seconds
[2022-07-22 22:27:38,986] {processor.py:163} INFO - Started process (PID=3439) to work on /home/airflow/.local/lib/python3.7/site-packages/airflow/example_dags/example_skip_dag.py
[2022-07-22 22:27:38,987] {processor.py:642} INFO - Processing file /home/airflow/.local/lib/python3.7/site-packages/airflow/example_dags/example_skip_dag.py for tasks to queue
[2022-07-22 22:27:38,988] {logging_mixin.py:109} INFO - [2022-07-22 22:27:38,988] {dagbag.py:500} INFO - Filling up the DagBag from /home/airflow/.local/lib/python3.7/site-packages/airflow/example_dags/example_skip_dag.py
[2022-07-22 22:27:39,005] {processor.py:654} INFO - DAG(s) dict_keys(['example_skip_dag']) retrieved from /home/airflow/.local/lib/python3.7/site-packages/airflow/example_dags/example_skip_dag.py
[2022-07-22 22:27:39,012] {logging_mixin.py:109} INFO - [2022-07-22 22:27:39,012] {dag.py:2396} INFO - Sync 1 DAGs
[2022-07-22 22:27:39,023] {logging_mixin.py:109} INFO - [2022-07-22 22:27:39,023] {dag.py:2935} INFO - Setting next_dagrun for example_skip_dag to 2022-07-21T22:27:39.023135+00:00
[2022-07-22 22:27:39,029] {processor.py:171} INFO - Processing /home/airflow/.local/lib/python3.7/site-packages/airflow/example_dags/example_skip_dag.py took 0.044 seconds
[2022-07-22 22:28:09,278] {processor.py:163} INFO - Started process (PID=3498) to work on /home/airflow/.local/lib/python3.7/site-packages/airflow/example_dags/example_skip_dag.py
[2022-07-22 22:28:09,279] {processor.py:642} INFO - Processing file /home/airflow/.local/lib/python3.7/site-packages/airflow/example_dags/example_skip_dag.py for tasks to queue
[2022-07-22 22:28:09,279] {logging_mixin.py:109} INFO - [2022-07-22 22:28:09,279] {dagbag.py:500} INFO - Filling up the DagBag from /home/airflow/.local/lib/python3.7/site-packages/airflow/example_dags/example_skip_dag.py
[2022-07-22 22:28:09,296] {processor.py:654} INFO - DAG(s) dict_keys(['example_skip_dag']) retrieved from /home/airflow/.local/lib/python3.7/site-packages/airflow/example_dags/example_skip_dag.py
[2022-07-22 22:28:09,303] {logging_mixin.py:109} INFO - [2022-07-22 22:28:09,302] {dag.py:2396} INFO - Sync 1 DAGs
[2022-07-22 22:28:09,313] {logging_mixin.py:109} INFO - [2022-07-22 22:28:09,313] {dag.py:2935} INFO - Setting next_dagrun for example_skip_dag to 2022-07-21T22:28:09.313561+00:00
[2022-07-22 22:28:09,319] {processor.py:171} INFO - Processing /home/airflow/.local/lib/python3.7/site-packages/airflow/example_dags/example_skip_dag.py took 0.043 seconds
