[2022-07-22 21:54:15,298] {processor.py:163} INFO - Started process (PID=456) to work on /home/airflow/.local/lib/python3.7/site-packages/airflow/example_dags/example_trigger_target_dag.py
[2022-07-22 21:54:15,299] {processor.py:642} INFO - Processing file /home/airflow/.local/lib/python3.7/site-packages/airflow/example_dags/example_trigger_target_dag.py for tasks to queue
[2022-07-22 21:54:15,299] {logging_mixin.py:109} INFO - [2022-07-22 21:54:15,299] {dagbag.py:500} INFO - Filling up the DagBag from /home/airflow/.local/lib/python3.7/site-packages/airflow/example_dags/example_trigger_target_dag.py
[2022-07-22 21:54:15,319] {processor.py:654} INFO - DAG(s) dict_keys(['example_trigger_target_dag']) retrieved from /home/airflow/.local/lib/python3.7/site-packages/airflow/example_dags/example_trigger_target_dag.py
[2022-07-22 21:54:16,826] {logging_mixin.py:109} INFO - [2022-07-22 21:54:16,826] {manager.py:496} INFO - Created Permission View: can read on DAG:example_trigger_target_dag
[2022-07-22 21:54:16,832] {logging_mixin.py:109} INFO - [2022-07-22 21:54:16,832] {manager.py:496} INFO - Created Permission View: can edit on DAG:example_trigger_target_dag
[2022-07-22 21:54:16,832] {logging_mixin.py:109} INFO - [2022-07-22 21:54:16,832] {dag.py:2396} INFO - Sync 1 DAGs
[2022-07-22 21:54:16,837] {logging_mixin.py:109} INFO - [2022-07-22 21:54:16,836] {dag.py:2415} INFO - Creating ORM DAG for example_trigger_target_dag
[2022-07-22 21:54:16,842] {logging_mixin.py:109} INFO - [2022-07-22 21:54:16,842] {dag.py:2935} INFO - Setting next_dagrun for example_trigger_target_dag to None
[2022-07-22 21:54:16,849] {processor.py:171} INFO - Processing /home/airflow/.local/lib/python3.7/site-packages/airflow/example_dags/example_trigger_target_dag.py took 1.553 seconds
[2022-07-22 21:54:46,955] {processor.py:163} INFO - Started process (PID=628) to work on /home/airflow/.local/lib/python3.7/site-packages/airflow/example_dags/example_trigger_target_dag.py
[2022-07-22 21:54:46,956] {processor.py:642} INFO - Processing file /home/airflow/.local/lib/python3.7/site-packages/airflow/example_dags/example_trigger_target_dag.py for tasks to queue
[2022-07-22 21:54:46,956] {logging_mixin.py:109} INFO - [2022-07-22 21:54:46,956] {dagbag.py:500} INFO - Filling up the DagBag from /home/airflow/.local/lib/python3.7/site-packages/airflow/example_dags/example_trigger_target_dag.py
[2022-07-22 21:54:46,976] {processor.py:654} INFO - DAG(s) dict_keys(['example_trigger_target_dag']) retrieved from /home/airflow/.local/lib/python3.7/site-packages/airflow/example_dags/example_trigger_target_dag.py
[2022-07-22 21:54:46,982] {logging_mixin.py:109} INFO - [2022-07-22 21:54:46,982] {dag.py:2396} INFO - Sync 1 DAGs
[2022-07-22 21:54:46,992] {logging_mixin.py:109} INFO - [2022-07-22 21:54:46,992] {dag.py:2935} INFO - Setting next_dagrun for example_trigger_target_dag to None
[2022-07-22 21:54:46,998] {processor.py:171} INFO - Processing /home/airflow/.local/lib/python3.7/site-packages/airflow/example_dags/example_trigger_target_dag.py took 0.044 seconds
[2022-07-22 21:55:17,215] {processor.py:163} INFO - Started process (PID=678) to work on /home/airflow/.local/lib/python3.7/site-packages/airflow/example_dags/example_trigger_target_dag.py
[2022-07-22 21:55:17,216] {processor.py:642} INFO - Processing file /home/airflow/.local/lib/python3.7/site-packages/airflow/example_dags/example_trigger_target_dag.py for tasks to queue
[2022-07-22 21:55:17,216] {logging_mixin.py:109} INFO - [2022-07-22 21:55:17,216] {dagbag.py:500} INFO - Filling up the DagBag from /home/airflow/.local/lib/python3.7/site-packages/airflow/example_dags/example_trigger_target_dag.py
[2022-07-22 21:55:17,235] {processor.py:654} INFO - DAG(s) dict_keys(['example_trigger_target_dag']) retrieved from /home/airflow/.local/lib/python3.7/site-packages/airflow/example_dags/example_trigger_target_dag.py
[2022-07-22 21:55:17,241] {logging_mixin.py:109} INFO - [2022-07-22 21:55:17,241] {dag.py:2396} INFO - Sync 1 DAGs
[2022-07-22 21:55:17,251] {logging_mixin.py:109} INFO - [2022-07-22 21:55:17,251] {dag.py:2935} INFO - Setting next_dagrun for example_trigger_target_dag to None
[2022-07-22 21:55:17,256] {processor.py:171} INFO - Processing /home/airflow/.local/lib/python3.7/site-packages/airflow/example_dags/example_trigger_target_dag.py took 0.042 seconds
[2022-07-22 21:56:27,631] {processor.py:163} INFO - Started process (PID=71) to work on /home/airflow/.local/lib/python3.7/site-packages/airflow/example_dags/example_trigger_target_dag.py
[2022-07-22 21:56:27,632] {processor.py:642} INFO - Processing file /home/airflow/.local/lib/python3.7/site-packages/airflow/example_dags/example_trigger_target_dag.py for tasks to queue
[2022-07-22 21:56:27,632] {logging_mixin.py:109} INFO - [2022-07-22 21:56:27,632] {dagbag.py:500} INFO - Filling up the DagBag from /home/airflow/.local/lib/python3.7/site-packages/airflow/example_dags/example_trigger_target_dag.py
[2022-07-22 21:56:27,653] {processor.py:654} INFO - DAG(s) dict_keys(['example_trigger_target_dag']) retrieved from /home/airflow/.local/lib/python3.7/site-packages/airflow/example_dags/example_trigger_target_dag.py
[2022-07-22 21:56:27,660] {logging_mixin.py:109} INFO - [2022-07-22 21:56:27,660] {dag.py:2396} INFO - Sync 1 DAGs
[2022-07-22 21:56:27,670] {logging_mixin.py:109} INFO - [2022-07-22 21:56:27,670] {dag.py:2935} INFO - Setting next_dagrun for example_trigger_target_dag to None
[2022-07-22 21:56:27,676] {processor.py:171} INFO - Processing /home/airflow/.local/lib/python3.7/site-packages/airflow/example_dags/example_trigger_target_dag.py took 0.047 seconds
[2022-07-22 21:56:58,349] {processor.py:163} INFO - Started process (PID=131) to work on /home/airflow/.local/lib/python3.7/site-packages/airflow/example_dags/example_trigger_target_dag.py
[2022-07-22 21:56:58,350] {processor.py:642} INFO - Processing file /home/airflow/.local/lib/python3.7/site-packages/airflow/example_dags/example_trigger_target_dag.py for tasks to queue
[2022-07-22 21:56:58,351] {logging_mixin.py:109} INFO - [2022-07-22 21:56:58,351] {dagbag.py:500} INFO - Filling up the DagBag from /home/airflow/.local/lib/python3.7/site-packages/airflow/example_dags/example_trigger_target_dag.py
[2022-07-22 21:56:58,372] {processor.py:654} INFO - DAG(s) dict_keys(['example_trigger_target_dag']) retrieved from /home/airflow/.local/lib/python3.7/site-packages/airflow/example_dags/example_trigger_target_dag.py
[2022-07-22 21:56:58,378] {logging_mixin.py:109} INFO - [2022-07-22 21:56:58,378] {dag.py:2396} INFO - Sync 1 DAGs
[2022-07-22 21:56:58,389] {logging_mixin.py:109} INFO - [2022-07-22 21:56:58,389] {dag.py:2935} INFO - Setting next_dagrun for example_trigger_target_dag to None
[2022-07-22 21:56:58,394] {processor.py:171} INFO - Processing /home/airflow/.local/lib/python3.7/site-packages/airflow/example_dags/example_trigger_target_dag.py took 0.047 seconds
[2022-07-22 21:57:29,134] {processor.py:163} INFO - Started process (PID=190) to work on /home/airflow/.local/lib/python3.7/site-packages/airflow/example_dags/example_trigger_target_dag.py
[2022-07-22 21:57:29,135] {processor.py:642} INFO - Processing file /home/airflow/.local/lib/python3.7/site-packages/airflow/example_dags/example_trigger_target_dag.py for tasks to queue
[2022-07-22 21:57:29,136] {logging_mixin.py:109} INFO - [2022-07-22 21:57:29,136] {dagbag.py:500} INFO - Filling up the DagBag from /home/airflow/.local/lib/python3.7/site-packages/airflow/example_dags/example_trigger_target_dag.py
[2022-07-22 21:57:29,157] {processor.py:654} INFO - DAG(s) dict_keys(['example_trigger_target_dag']) retrieved from /home/airflow/.local/lib/python3.7/site-packages/airflow/example_dags/example_trigger_target_dag.py
[2022-07-22 21:57:29,164] {logging_mixin.py:109} INFO - [2022-07-22 21:57:29,164] {dag.py:2396} INFO - Sync 1 DAGs
[2022-07-22 21:57:29,175] {logging_mixin.py:109} INFO - [2022-07-22 21:57:29,175] {dag.py:2935} INFO - Setting next_dagrun for example_trigger_target_dag to None
[2022-07-22 21:57:29,181] {processor.py:171} INFO - Processing /home/airflow/.local/lib/python3.7/site-packages/airflow/example_dags/example_trigger_target_dag.py took 0.048 seconds
[2022-07-22 21:58:00,046] {processor.py:163} INFO - Started process (PID=240) to work on /home/airflow/.local/lib/python3.7/site-packages/airflow/example_dags/example_trigger_target_dag.py
[2022-07-22 21:58:00,047] {processor.py:642} INFO - Processing file /home/airflow/.local/lib/python3.7/site-packages/airflow/example_dags/example_trigger_target_dag.py for tasks to queue
[2022-07-22 21:58:00,048] {logging_mixin.py:109} INFO - [2022-07-22 21:58:00,048] {dagbag.py:500} INFO - Filling up the DagBag from /home/airflow/.local/lib/python3.7/site-packages/airflow/example_dags/example_trigger_target_dag.py
[2022-07-22 21:58:00,067] {processor.py:654} INFO - DAG(s) dict_keys(['example_trigger_target_dag']) retrieved from /home/airflow/.local/lib/python3.7/site-packages/airflow/example_dags/example_trigger_target_dag.py
[2022-07-22 21:58:00,073] {logging_mixin.py:109} INFO - [2022-07-22 21:58:00,073] {dag.py:2396} INFO - Sync 1 DAGs
[2022-07-22 21:58:00,083] {logging_mixin.py:109} INFO - [2022-07-22 21:58:00,083] {dag.py:2935} INFO - Setting next_dagrun for example_trigger_target_dag to None
[2022-07-22 21:58:00,089] {processor.py:171} INFO - Processing /home/airflow/.local/lib/python3.7/site-packages/airflow/example_dags/example_trigger_target_dag.py took 0.044 seconds
[2022-07-22 21:58:30,737] {processor.py:163} INFO - Started process (PID=299) to work on /home/airflow/.local/lib/python3.7/site-packages/airflow/example_dags/example_trigger_target_dag.py
[2022-07-22 21:58:30,738] {processor.py:642} INFO - Processing file /home/airflow/.local/lib/python3.7/site-packages/airflow/example_dags/example_trigger_target_dag.py for tasks to queue
[2022-07-22 21:58:30,738] {logging_mixin.py:109} INFO - [2022-07-22 21:58:30,738] {dagbag.py:500} INFO - Filling up the DagBag from /home/airflow/.local/lib/python3.7/site-packages/airflow/example_dags/example_trigger_target_dag.py
[2022-07-22 21:58:30,760] {processor.py:654} INFO - DAG(s) dict_keys(['example_trigger_target_dag']) retrieved from /home/airflow/.local/lib/python3.7/site-packages/airflow/example_dags/example_trigger_target_dag.py
[2022-07-22 21:58:30,767] {logging_mixin.py:109} INFO - [2022-07-22 21:58:30,767] {dag.py:2396} INFO - Sync 1 DAGs
[2022-07-22 21:58:30,777] {logging_mixin.py:109} INFO - [2022-07-22 21:58:30,777] {dag.py:2935} INFO - Setting next_dagrun for example_trigger_target_dag to None
[2022-07-22 21:58:30,783] {processor.py:171} INFO - Processing /home/airflow/.local/lib/python3.7/site-packages/airflow/example_dags/example_trigger_target_dag.py took 0.048 seconds
[2022-07-22 21:59:01,554] {processor.py:163} INFO - Started process (PID=358) to work on /home/airflow/.local/lib/python3.7/site-packages/airflow/example_dags/example_trigger_target_dag.py
[2022-07-22 21:59:01,555] {processor.py:642} INFO - Processing file /home/airflow/.local/lib/python3.7/site-packages/airflow/example_dags/example_trigger_target_dag.py for tasks to queue
[2022-07-22 21:59:01,556] {logging_mixin.py:109} INFO - [2022-07-22 21:59:01,555] {dagbag.py:500} INFO - Filling up the DagBag from /home/airflow/.local/lib/python3.7/site-packages/airflow/example_dags/example_trigger_target_dag.py
[2022-07-22 21:59:01,575] {processor.py:654} INFO - DAG(s) dict_keys(['example_trigger_target_dag']) retrieved from /home/airflow/.local/lib/python3.7/site-packages/airflow/example_dags/example_trigger_target_dag.py
[2022-07-22 21:59:01,582] {logging_mixin.py:109} INFO - [2022-07-22 21:59:01,582] {dag.py:2396} INFO - Sync 1 DAGs
[2022-07-22 21:59:01,592] {logging_mixin.py:109} INFO - [2022-07-22 21:59:01,592] {dag.py:2935} INFO - Setting next_dagrun for example_trigger_target_dag to None
[2022-07-22 21:59:01,598] {processor.py:171} INFO - Processing /home/airflow/.local/lib/python3.7/site-packages/airflow/example_dags/example_trigger_target_dag.py took 0.046 seconds
[2022-07-22 21:59:32,345] {processor.py:163} INFO - Started process (PID=408) to work on /home/airflow/.local/lib/python3.7/site-packages/airflow/example_dags/example_trigger_target_dag.py
[2022-07-22 21:59:32,346] {processor.py:642} INFO - Processing file /home/airflow/.local/lib/python3.7/site-packages/airflow/example_dags/example_trigger_target_dag.py for tasks to queue
[2022-07-22 21:59:32,347] {logging_mixin.py:109} INFO - [2022-07-22 21:59:32,347] {dagbag.py:500} INFO - Filling up the DagBag from /home/airflow/.local/lib/python3.7/site-packages/airflow/example_dags/example_trigger_target_dag.py
[2022-07-22 21:59:32,367] {processor.py:654} INFO - DAG(s) dict_keys(['example_trigger_target_dag']) retrieved from /home/airflow/.local/lib/python3.7/site-packages/airflow/example_dags/example_trigger_target_dag.py
[2022-07-22 21:59:32,374] {logging_mixin.py:109} INFO - [2022-07-22 21:59:32,374] {dag.py:2396} INFO - Sync 1 DAGs
[2022-07-22 21:59:32,384] {logging_mixin.py:109} INFO - [2022-07-22 21:59:32,384] {dag.py:2935} INFO - Setting next_dagrun for example_trigger_target_dag to None
[2022-07-22 21:59:32,390] {processor.py:171} INFO - Processing /home/airflow/.local/lib/python3.7/site-packages/airflow/example_dags/example_trigger_target_dag.py took 0.046 seconds
[2022-07-22 22:00:03,029] {processor.py:163} INFO - Started process (PID=467) to work on /home/airflow/.local/lib/python3.7/site-packages/airflow/example_dags/example_trigger_target_dag.py
[2022-07-22 22:00:03,030] {processor.py:642} INFO - Processing file /home/airflow/.local/lib/python3.7/site-packages/airflow/example_dags/example_trigger_target_dag.py for tasks to queue
[2022-07-22 22:00:03,030] {logging_mixin.py:109} INFO - [2022-07-22 22:00:03,030] {dagbag.py:500} INFO - Filling up the DagBag from /home/airflow/.local/lib/python3.7/site-packages/airflow/example_dags/example_trigger_target_dag.py
[2022-07-22 22:00:03,050] {processor.py:654} INFO - DAG(s) dict_keys(['example_trigger_target_dag']) retrieved from /home/airflow/.local/lib/python3.7/site-packages/airflow/example_dags/example_trigger_target_dag.py
[2022-07-22 22:00:03,057] {logging_mixin.py:109} INFO - [2022-07-22 22:00:03,057] {dag.py:2396} INFO - Sync 1 DAGs
[2022-07-22 22:00:03,067] {logging_mixin.py:109} INFO - [2022-07-22 22:00:03,067] {dag.py:2935} INFO - Setting next_dagrun for example_trigger_target_dag to None
[2022-07-22 22:00:03,073] {processor.py:171} INFO - Processing /home/airflow/.local/lib/python3.7/site-packages/airflow/example_dags/example_trigger_target_dag.py took 0.047 seconds
[2022-07-22 22:00:33,715] {processor.py:163} INFO - Started process (PID=517) to work on /home/airflow/.local/lib/python3.7/site-packages/airflow/example_dags/example_trigger_target_dag.py
[2022-07-22 22:00:33,716] {processor.py:642} INFO - Processing file /home/airflow/.local/lib/python3.7/site-packages/airflow/example_dags/example_trigger_target_dag.py for tasks to queue
[2022-07-22 22:00:33,716] {logging_mixin.py:109} INFO - [2022-07-22 22:00:33,716] {dagbag.py:500} INFO - Filling up the DagBag from /home/airflow/.local/lib/python3.7/site-packages/airflow/example_dags/example_trigger_target_dag.py
[2022-07-22 22:00:33,736] {processor.py:654} INFO - DAG(s) dict_keys(['example_trigger_target_dag']) retrieved from /home/airflow/.local/lib/python3.7/site-packages/airflow/example_dags/example_trigger_target_dag.py
[2022-07-22 22:00:33,742] {logging_mixin.py:109} INFO - [2022-07-22 22:00:33,742] {dag.py:2396} INFO - Sync 1 DAGs
[2022-07-22 22:00:33,753] {logging_mixin.py:109} INFO - [2022-07-22 22:00:33,753] {dag.py:2935} INFO - Setting next_dagrun for example_trigger_target_dag to None
[2022-07-22 22:00:33,758] {processor.py:171} INFO - Processing /home/airflow/.local/lib/python3.7/site-packages/airflow/example_dags/example_trigger_target_dag.py took 0.046 seconds
[2022-07-22 22:01:04,334] {processor.py:163} INFO - Started process (PID=576) to work on /home/airflow/.local/lib/python3.7/site-packages/airflow/example_dags/example_trigger_target_dag.py
[2022-07-22 22:01:04,335] {processor.py:642} INFO - Processing file /home/airflow/.local/lib/python3.7/site-packages/airflow/example_dags/example_trigger_target_dag.py for tasks to queue
[2022-07-22 22:01:04,335] {logging_mixin.py:109} INFO - [2022-07-22 22:01:04,335] {dagbag.py:500} INFO - Filling up the DagBag from /home/airflow/.local/lib/python3.7/site-packages/airflow/example_dags/example_trigger_target_dag.py
[2022-07-22 22:01:04,355] {processor.py:654} INFO - DAG(s) dict_keys(['example_trigger_target_dag']) retrieved from /home/airflow/.local/lib/python3.7/site-packages/airflow/example_dags/example_trigger_target_dag.py
[2022-07-22 22:01:04,361] {logging_mixin.py:109} INFO - [2022-07-22 22:01:04,361] {dag.py:2396} INFO - Sync 1 DAGs
[2022-07-22 22:01:04,371] {logging_mixin.py:109} INFO - [2022-07-22 22:01:04,371] {dag.py:2935} INFO - Setting next_dagrun for example_trigger_target_dag to None
[2022-07-22 22:01:04,377] {processor.py:171} INFO - Processing /home/airflow/.local/lib/python3.7/site-packages/airflow/example_dags/example_trigger_target_dag.py took 0.045 seconds
[2022-07-22 22:01:35,022] {processor.py:163} INFO - Started process (PID=635) to work on /home/airflow/.local/lib/python3.7/site-packages/airflow/example_dags/example_trigger_target_dag.py
[2022-07-22 22:01:35,023] {processor.py:642} INFO - Processing file /home/airflow/.local/lib/python3.7/site-packages/airflow/example_dags/example_trigger_target_dag.py for tasks to queue
[2022-07-22 22:01:35,023] {logging_mixin.py:109} INFO - [2022-07-22 22:01:35,023] {dagbag.py:500} INFO - Filling up the DagBag from /home/airflow/.local/lib/python3.7/site-packages/airflow/example_dags/example_trigger_target_dag.py
[2022-07-22 22:01:35,043] {processor.py:654} INFO - DAG(s) dict_keys(['example_trigger_target_dag']) retrieved from /home/airflow/.local/lib/python3.7/site-packages/airflow/example_dags/example_trigger_target_dag.py
[2022-07-22 22:01:35,050] {logging_mixin.py:109} INFO - [2022-07-22 22:01:35,050] {dag.py:2396} INFO - Sync 1 DAGs
[2022-07-22 22:01:35,061] {logging_mixin.py:109} INFO - [2022-07-22 22:01:35,061] {dag.py:2935} INFO - Setting next_dagrun for example_trigger_target_dag to None
[2022-07-22 22:01:35,066] {processor.py:171} INFO - Processing /home/airflow/.local/lib/python3.7/site-packages/airflow/example_dags/example_trigger_target_dag.py took 0.047 seconds
[2022-07-22 22:02:05,690] {processor.py:163} INFO - Started process (PID=685) to work on /home/airflow/.local/lib/python3.7/site-packages/airflow/example_dags/example_trigger_target_dag.py
[2022-07-22 22:02:05,691] {processor.py:642} INFO - Processing file /home/airflow/.local/lib/python3.7/site-packages/airflow/example_dags/example_trigger_target_dag.py for tasks to queue
[2022-07-22 22:02:05,691] {logging_mixin.py:109} INFO - [2022-07-22 22:02:05,691] {dagbag.py:500} INFO - Filling up the DagBag from /home/airflow/.local/lib/python3.7/site-packages/airflow/example_dags/example_trigger_target_dag.py
[2022-07-22 22:02:05,712] {processor.py:654} INFO - DAG(s) dict_keys(['example_trigger_target_dag']) retrieved from /home/airflow/.local/lib/python3.7/site-packages/airflow/example_dags/example_trigger_target_dag.py
[2022-07-22 22:02:05,719] {logging_mixin.py:109} INFO - [2022-07-22 22:02:05,719] {dag.py:2396} INFO - Sync 1 DAGs
[2022-07-22 22:02:05,731] {logging_mixin.py:109} INFO - [2022-07-22 22:02:05,731] {dag.py:2935} INFO - Setting next_dagrun for example_trigger_target_dag to None
[2022-07-22 22:02:05,736] {processor.py:171} INFO - Processing /home/airflow/.local/lib/python3.7/site-packages/airflow/example_dags/example_trigger_target_dag.py took 0.048 seconds
[2022-07-22 22:02:36,275] {processor.py:163} INFO - Started process (PID=744) to work on /home/airflow/.local/lib/python3.7/site-packages/airflow/example_dags/example_trigger_target_dag.py
[2022-07-22 22:02:36,276] {processor.py:642} INFO - Processing file /home/airflow/.local/lib/python3.7/site-packages/airflow/example_dags/example_trigger_target_dag.py for tasks to queue
[2022-07-22 22:02:36,277] {logging_mixin.py:109} INFO - [2022-07-22 22:02:36,276] {dagbag.py:500} INFO - Filling up the DagBag from /home/airflow/.local/lib/python3.7/site-packages/airflow/example_dags/example_trigger_target_dag.py
[2022-07-22 22:02:36,298] {processor.py:654} INFO - DAG(s) dict_keys(['example_trigger_target_dag']) retrieved from /home/airflow/.local/lib/python3.7/site-packages/airflow/example_dags/example_trigger_target_dag.py
[2022-07-22 22:02:36,304] {logging_mixin.py:109} INFO - [2022-07-22 22:02:36,304] {dag.py:2396} INFO - Sync 1 DAGs
[2022-07-22 22:02:36,316] {logging_mixin.py:109} INFO - [2022-07-22 22:02:36,315] {dag.py:2935} INFO - Setting next_dagrun for example_trigger_target_dag to None
[2022-07-22 22:02:36,322] {processor.py:171} INFO - Processing /home/airflow/.local/lib/python3.7/site-packages/airflow/example_dags/example_trigger_target_dag.py took 0.049 seconds
[2022-07-22 22:03:06,912] {processor.py:163} INFO - Started process (PID=794) to work on /home/airflow/.local/lib/python3.7/site-packages/airflow/example_dags/example_trigger_target_dag.py
[2022-07-22 22:03:06,913] {processor.py:642} INFO - Processing file /home/airflow/.local/lib/python3.7/site-packages/airflow/example_dags/example_trigger_target_dag.py for tasks to queue
[2022-07-22 22:03:06,913] {logging_mixin.py:109} INFO - [2022-07-22 22:03:06,913] {dagbag.py:500} INFO - Filling up the DagBag from /home/airflow/.local/lib/python3.7/site-packages/airflow/example_dags/example_trigger_target_dag.py
[2022-07-22 22:03:06,933] {processor.py:654} INFO - DAG(s) dict_keys(['example_trigger_target_dag']) retrieved from /home/airflow/.local/lib/python3.7/site-packages/airflow/example_dags/example_trigger_target_dag.py
[2022-07-22 22:03:06,939] {logging_mixin.py:109} INFO - [2022-07-22 22:03:06,939] {dag.py:2396} INFO - Sync 1 DAGs
[2022-07-22 22:03:06,950] {logging_mixin.py:109} INFO - [2022-07-22 22:03:06,950] {dag.py:2935} INFO - Setting next_dagrun for example_trigger_target_dag to None
[2022-07-22 22:03:06,956] {processor.py:171} INFO - Processing /home/airflow/.local/lib/python3.7/site-packages/airflow/example_dags/example_trigger_target_dag.py took 0.046 seconds
[2022-07-22 22:03:37,499] {processor.py:163} INFO - Started process (PID=853) to work on /home/airflow/.local/lib/python3.7/site-packages/airflow/example_dags/example_trigger_target_dag.py
[2022-07-22 22:03:37,500] {processor.py:642} INFO - Processing file /home/airflow/.local/lib/python3.7/site-packages/airflow/example_dags/example_trigger_target_dag.py for tasks to queue
[2022-07-22 22:03:37,501] {logging_mixin.py:109} INFO - [2022-07-22 22:03:37,501] {dagbag.py:500} INFO - Filling up the DagBag from /home/airflow/.local/lib/python3.7/site-packages/airflow/example_dags/example_trigger_target_dag.py
[2022-07-22 22:03:37,521] {processor.py:654} INFO - DAG(s) dict_keys(['example_trigger_target_dag']) retrieved from /home/airflow/.local/lib/python3.7/site-packages/airflow/example_dags/example_trigger_target_dag.py
[2022-07-22 22:03:37,527] {logging_mixin.py:109} INFO - [2022-07-22 22:03:37,527] {dag.py:2396} INFO - Sync 1 DAGs
[2022-07-22 22:03:37,538] {logging_mixin.py:109} INFO - [2022-07-22 22:03:37,538] {dag.py:2935} INFO - Setting next_dagrun for example_trigger_target_dag to None
[2022-07-22 22:03:37,545] {processor.py:171} INFO - Processing /home/airflow/.local/lib/python3.7/site-packages/airflow/example_dags/example_trigger_target_dag.py took 0.047 seconds
[2022-07-22 22:04:08,301] {processor.py:163} INFO - Started process (PID=912) to work on /home/airflow/.local/lib/python3.7/site-packages/airflow/example_dags/example_trigger_target_dag.py
[2022-07-22 22:04:08,302] {processor.py:642} INFO - Processing file /home/airflow/.local/lib/python3.7/site-packages/airflow/example_dags/example_trigger_target_dag.py for tasks to queue
[2022-07-22 22:04:08,302] {logging_mixin.py:109} INFO - [2022-07-22 22:04:08,302] {dagbag.py:500} INFO - Filling up the DagBag from /home/airflow/.local/lib/python3.7/site-packages/airflow/example_dags/example_trigger_target_dag.py
[2022-07-22 22:04:08,323] {processor.py:654} INFO - DAG(s) dict_keys(['example_trigger_target_dag']) retrieved from /home/airflow/.local/lib/python3.7/site-packages/airflow/example_dags/example_trigger_target_dag.py
[2022-07-22 22:04:08,329] {logging_mixin.py:109} INFO - [2022-07-22 22:04:08,329] {dag.py:2396} INFO - Sync 1 DAGs
[2022-07-22 22:04:08,341] {logging_mixin.py:109} INFO - [2022-07-22 22:04:08,341] {dag.py:2935} INFO - Setting next_dagrun for example_trigger_target_dag to None
[2022-07-22 22:04:08,347] {processor.py:171} INFO - Processing /home/airflow/.local/lib/python3.7/site-packages/airflow/example_dags/example_trigger_target_dag.py took 0.048 seconds
[2022-07-22 22:04:38,954] {processor.py:163} INFO - Started process (PID=962) to work on /home/airflow/.local/lib/python3.7/site-packages/airflow/example_dags/example_trigger_target_dag.py
[2022-07-22 22:04:38,955] {processor.py:642} INFO - Processing file /home/airflow/.local/lib/python3.7/site-packages/airflow/example_dags/example_trigger_target_dag.py for tasks to queue
[2022-07-22 22:04:38,955] {logging_mixin.py:109} INFO - [2022-07-22 22:04:38,955] {dagbag.py:500} INFO - Filling up the DagBag from /home/airflow/.local/lib/python3.7/site-packages/airflow/example_dags/example_trigger_target_dag.py
[2022-07-22 22:04:38,975] {processor.py:654} INFO - DAG(s) dict_keys(['example_trigger_target_dag']) retrieved from /home/airflow/.local/lib/python3.7/site-packages/airflow/example_dags/example_trigger_target_dag.py
[2022-07-22 22:04:38,983] {logging_mixin.py:109} INFO - [2022-07-22 22:04:38,982] {dag.py:2396} INFO - Sync 1 DAGs
[2022-07-22 22:04:38,995] {logging_mixin.py:109} INFO - [2022-07-22 22:04:38,995] {dag.py:2935} INFO - Setting next_dagrun for example_trigger_target_dag to None
[2022-07-22 22:04:39,001] {processor.py:171} INFO - Processing /home/airflow/.local/lib/python3.7/site-packages/airflow/example_dags/example_trigger_target_dag.py took 0.049 seconds
[2022-07-22 22:05:09,599] {processor.py:163} INFO - Started process (PID=1021) to work on /home/airflow/.local/lib/python3.7/site-packages/airflow/example_dags/example_trigger_target_dag.py
[2022-07-22 22:05:09,600] {processor.py:642} INFO - Processing file /home/airflow/.local/lib/python3.7/site-packages/airflow/example_dags/example_trigger_target_dag.py for tasks to queue
[2022-07-22 22:05:09,601] {logging_mixin.py:109} INFO - [2022-07-22 22:05:09,601] {dagbag.py:500} INFO - Filling up the DagBag from /home/airflow/.local/lib/python3.7/site-packages/airflow/example_dags/example_trigger_target_dag.py
[2022-07-22 22:05:09,621] {processor.py:654} INFO - DAG(s) dict_keys(['example_trigger_target_dag']) retrieved from /home/airflow/.local/lib/python3.7/site-packages/airflow/example_dags/example_trigger_target_dag.py
[2022-07-22 22:05:09,628] {logging_mixin.py:109} INFO - [2022-07-22 22:05:09,628] {dag.py:2396} INFO - Sync 1 DAGs
[2022-07-22 22:05:09,639] {logging_mixin.py:109} INFO - [2022-07-22 22:05:09,639] {dag.py:2935} INFO - Setting next_dagrun for example_trigger_target_dag to None
[2022-07-22 22:05:09,645] {processor.py:171} INFO - Processing /home/airflow/.local/lib/python3.7/site-packages/airflow/example_dags/example_trigger_target_dag.py took 0.047 seconds
[2022-07-22 22:05:40,152] {processor.py:163} INFO - Started process (PID=1071) to work on /home/airflow/.local/lib/python3.7/site-packages/airflow/example_dags/example_trigger_target_dag.py
[2022-07-22 22:05:40,153] {processor.py:642} INFO - Processing file /home/airflow/.local/lib/python3.7/site-packages/airflow/example_dags/example_trigger_target_dag.py for tasks to queue
[2022-07-22 22:05:40,154] {logging_mixin.py:109} INFO - [2022-07-22 22:05:40,153] {dagbag.py:500} INFO - Filling up the DagBag from /home/airflow/.local/lib/python3.7/site-packages/airflow/example_dags/example_trigger_target_dag.py
[2022-07-22 22:05:40,173] {processor.py:654} INFO - DAG(s) dict_keys(['example_trigger_target_dag']) retrieved from /home/airflow/.local/lib/python3.7/site-packages/airflow/example_dags/example_trigger_target_dag.py
[2022-07-22 22:05:40,180] {logging_mixin.py:109} INFO - [2022-07-22 22:05:40,180] {dag.py:2396} INFO - Sync 1 DAGs
[2022-07-22 22:05:40,190] {logging_mixin.py:109} INFO - [2022-07-22 22:05:40,190] {dag.py:2935} INFO - Setting next_dagrun for example_trigger_target_dag to None
[2022-07-22 22:05:40,196] {processor.py:171} INFO - Processing /home/airflow/.local/lib/python3.7/site-packages/airflow/example_dags/example_trigger_target_dag.py took 0.045 seconds
[2022-07-22 22:06:10,762] {processor.py:163} INFO - Started process (PID=1130) to work on /home/airflow/.local/lib/python3.7/site-packages/airflow/example_dags/example_trigger_target_dag.py
[2022-07-22 22:06:10,763] {processor.py:642} INFO - Processing file /home/airflow/.local/lib/python3.7/site-packages/airflow/example_dags/example_trigger_target_dag.py for tasks to queue
[2022-07-22 22:06:10,764] {logging_mixin.py:109} INFO - [2022-07-22 22:06:10,764] {dagbag.py:500} INFO - Filling up the DagBag from /home/airflow/.local/lib/python3.7/site-packages/airflow/example_dags/example_trigger_target_dag.py
[2022-07-22 22:06:10,784] {processor.py:654} INFO - DAG(s) dict_keys(['example_trigger_target_dag']) retrieved from /home/airflow/.local/lib/python3.7/site-packages/airflow/example_dags/example_trigger_target_dag.py
[2022-07-22 22:06:10,792] {logging_mixin.py:109} INFO - [2022-07-22 22:06:10,792] {dag.py:2396} INFO - Sync 1 DAGs
[2022-07-22 22:06:10,803] {logging_mixin.py:109} INFO - [2022-07-22 22:06:10,803] {dag.py:2935} INFO - Setting next_dagrun for example_trigger_target_dag to None
[2022-07-22 22:06:10,809] {processor.py:171} INFO - Processing /home/airflow/.local/lib/python3.7/site-packages/airflow/example_dags/example_trigger_target_dag.py took 0.048 seconds
[2022-07-22 22:06:41,403] {processor.py:163} INFO - Started process (PID=1189) to work on /home/airflow/.local/lib/python3.7/site-packages/airflow/example_dags/example_trigger_target_dag.py
[2022-07-22 22:06:41,404] {processor.py:642} INFO - Processing file /home/airflow/.local/lib/python3.7/site-packages/airflow/example_dags/example_trigger_target_dag.py for tasks to queue
[2022-07-22 22:06:41,404] {logging_mixin.py:109} INFO - [2022-07-22 22:06:41,404] {dagbag.py:500} INFO - Filling up the DagBag from /home/airflow/.local/lib/python3.7/site-packages/airflow/example_dags/example_trigger_target_dag.py
[2022-07-22 22:06:41,425] {processor.py:654} INFO - DAG(s) dict_keys(['example_trigger_target_dag']) retrieved from /home/airflow/.local/lib/python3.7/site-packages/airflow/example_dags/example_trigger_target_dag.py
[2022-07-22 22:06:41,431] {logging_mixin.py:109} INFO - [2022-07-22 22:06:41,431] {dag.py:2396} INFO - Sync 1 DAGs
[2022-07-22 22:06:41,442] {logging_mixin.py:109} INFO - [2022-07-22 22:06:41,442] {dag.py:2935} INFO - Setting next_dagrun for example_trigger_target_dag to None
[2022-07-22 22:06:41,448] {processor.py:171} INFO - Processing /home/airflow/.local/lib/python3.7/site-packages/airflow/example_dags/example_trigger_target_dag.py took 0.047 seconds
[2022-07-22 22:07:12,053] {processor.py:163} INFO - Started process (PID=1239) to work on /home/airflow/.local/lib/python3.7/site-packages/airflow/example_dags/example_trigger_target_dag.py
[2022-07-22 22:07:12,054] {processor.py:642} INFO - Processing file /home/airflow/.local/lib/python3.7/site-packages/airflow/example_dags/example_trigger_target_dag.py for tasks to queue
[2022-07-22 22:07:12,054] {logging_mixin.py:109} INFO - [2022-07-22 22:07:12,054] {dagbag.py:500} INFO - Filling up the DagBag from /home/airflow/.local/lib/python3.7/site-packages/airflow/example_dags/example_trigger_target_dag.py
[2022-07-22 22:07:12,074] {processor.py:654} INFO - DAG(s) dict_keys(['example_trigger_target_dag']) retrieved from /home/airflow/.local/lib/python3.7/site-packages/airflow/example_dags/example_trigger_target_dag.py
[2022-07-22 22:07:12,081] {logging_mixin.py:109} INFO - [2022-07-22 22:07:12,081] {dag.py:2396} INFO - Sync 1 DAGs
[2022-07-22 22:07:12,092] {logging_mixin.py:109} INFO - [2022-07-22 22:07:12,092] {dag.py:2935} INFO - Setting next_dagrun for example_trigger_target_dag to None
[2022-07-22 22:07:12,097] {processor.py:171} INFO - Processing /home/airflow/.local/lib/python3.7/site-packages/airflow/example_dags/example_trigger_target_dag.py took 0.046 seconds
[2022-07-22 22:07:42,618] {processor.py:163} INFO - Started process (PID=1298) to work on /home/airflow/.local/lib/python3.7/site-packages/airflow/example_dags/example_trigger_target_dag.py
[2022-07-22 22:07:42,619] {processor.py:642} INFO - Processing file /home/airflow/.local/lib/python3.7/site-packages/airflow/example_dags/example_trigger_target_dag.py for tasks to queue
[2022-07-22 22:07:42,619] {logging_mixin.py:109} INFO - [2022-07-22 22:07:42,619] {dagbag.py:500} INFO - Filling up the DagBag from /home/airflow/.local/lib/python3.7/site-packages/airflow/example_dags/example_trigger_target_dag.py
[2022-07-22 22:07:42,639] {processor.py:654} INFO - DAG(s) dict_keys(['example_trigger_target_dag']) retrieved from /home/airflow/.local/lib/python3.7/site-packages/airflow/example_dags/example_trigger_target_dag.py
[2022-07-22 22:07:42,645] {logging_mixin.py:109} INFO - [2022-07-22 22:07:42,645] {dag.py:2396} INFO - Sync 1 DAGs
[2022-07-22 22:07:42,655] {logging_mixin.py:109} INFO - [2022-07-22 22:07:42,655] {dag.py:2935} INFO - Setting next_dagrun for example_trigger_target_dag to None
[2022-07-22 22:07:42,660] {processor.py:171} INFO - Processing /home/airflow/.local/lib/python3.7/site-packages/airflow/example_dags/example_trigger_target_dag.py took 0.044 seconds
[2022-07-22 22:08:13,420] {processor.py:163} INFO - Started process (PID=1348) to work on /home/airflow/.local/lib/python3.7/site-packages/airflow/example_dags/example_trigger_target_dag.py
[2022-07-22 22:08:13,421] {processor.py:642} INFO - Processing file /home/airflow/.local/lib/python3.7/site-packages/airflow/example_dags/example_trigger_target_dag.py for tasks to queue
[2022-07-22 22:08:13,422] {logging_mixin.py:109} INFO - [2022-07-22 22:08:13,422] {dagbag.py:500} INFO - Filling up the DagBag from /home/airflow/.local/lib/python3.7/site-packages/airflow/example_dags/example_trigger_target_dag.py
[2022-07-22 22:08:13,442] {processor.py:654} INFO - DAG(s) dict_keys(['example_trigger_target_dag']) retrieved from /home/airflow/.local/lib/python3.7/site-packages/airflow/example_dags/example_trigger_target_dag.py
[2022-07-22 22:08:13,449] {logging_mixin.py:109} INFO - [2022-07-22 22:08:13,449] {dag.py:2396} INFO - Sync 1 DAGs
[2022-07-22 22:08:13,460] {logging_mixin.py:109} INFO - [2022-07-22 22:08:13,460] {dag.py:2935} INFO - Setting next_dagrun for example_trigger_target_dag to None
[2022-07-22 22:08:13,466] {processor.py:171} INFO - Processing /home/airflow/.local/lib/python3.7/site-packages/airflow/example_dags/example_trigger_target_dag.py took 0.048 seconds
[2022-07-22 22:08:44,782] {processor.py:163} INFO - Started process (PID=1407) to work on /home/airflow/.local/lib/python3.7/site-packages/airflow/example_dags/example_trigger_target_dag.py
[2022-07-22 22:08:44,784] {processor.py:642} INFO - Processing file /home/airflow/.local/lib/python3.7/site-packages/airflow/example_dags/example_trigger_target_dag.py for tasks to queue
[2022-07-22 22:08:44,785] {logging_mixin.py:109} INFO - [2022-07-22 22:08:44,784] {dagbag.py:500} INFO - Filling up the DagBag from /home/airflow/.local/lib/python3.7/site-packages/airflow/example_dags/example_trigger_target_dag.py
[2022-07-22 22:08:44,814] {processor.py:654} INFO - DAG(s) dict_keys(['example_trigger_target_dag']) retrieved from /home/airflow/.local/lib/python3.7/site-packages/airflow/example_dags/example_trigger_target_dag.py
[2022-07-22 22:08:44,824] {logging_mixin.py:109} INFO - [2022-07-22 22:08:44,823] {dag.py:2396} INFO - Sync 1 DAGs
[2022-07-22 22:08:44,840] {logging_mixin.py:109} INFO - [2022-07-22 22:08:44,840] {dag.py:2935} INFO - Setting next_dagrun for example_trigger_target_dag to None
[2022-07-22 22:08:44,848] {processor.py:171} INFO - Processing /home/airflow/.local/lib/python3.7/site-packages/airflow/example_dags/example_trigger_target_dag.py took 0.069 seconds
[2022-07-22 22:09:15,322] {processor.py:163} INFO - Started process (PID=1457) to work on /home/airflow/.local/lib/python3.7/site-packages/airflow/example_dags/example_trigger_target_dag.py
[2022-07-22 22:09:15,324] {processor.py:642} INFO - Processing file /home/airflow/.local/lib/python3.7/site-packages/airflow/example_dags/example_trigger_target_dag.py for tasks to queue
[2022-07-22 22:09:15,324] {logging_mixin.py:109} INFO - [2022-07-22 22:09:15,324] {dagbag.py:500} INFO - Filling up the DagBag from /home/airflow/.local/lib/python3.7/site-packages/airflow/example_dags/example_trigger_target_dag.py
[2022-07-22 22:09:15,351] {processor.py:654} INFO - DAG(s) dict_keys(['example_trigger_target_dag']) retrieved from /home/airflow/.local/lib/python3.7/site-packages/airflow/example_dags/example_trigger_target_dag.py
[2022-07-22 22:09:15,360] {logging_mixin.py:109} INFO - [2022-07-22 22:09:15,360] {dag.py:2396} INFO - Sync 1 DAGs
[2022-07-22 22:09:15,375] {logging_mixin.py:109} INFO - [2022-07-22 22:09:15,375] {dag.py:2935} INFO - Setting next_dagrun for example_trigger_target_dag to None
[2022-07-22 22:09:15,383] {processor.py:171} INFO - Processing /home/airflow/.local/lib/python3.7/site-packages/airflow/example_dags/example_trigger_target_dag.py took 0.063 seconds
[2022-07-22 22:09:46,407] {processor.py:163} INFO - Started process (PID=1516) to work on /home/airflow/.local/lib/python3.7/site-packages/airflow/example_dags/example_trigger_target_dag.py
[2022-07-22 22:09:46,408] {processor.py:642} INFO - Processing file /home/airflow/.local/lib/python3.7/site-packages/airflow/example_dags/example_trigger_target_dag.py for tasks to queue
[2022-07-22 22:09:46,408] {logging_mixin.py:109} INFO - [2022-07-22 22:09:46,408] {dagbag.py:500} INFO - Filling up the DagBag from /home/airflow/.local/lib/python3.7/site-packages/airflow/example_dags/example_trigger_target_dag.py
[2022-07-22 22:09:46,430] {processor.py:654} INFO - DAG(s) dict_keys(['example_trigger_target_dag']) retrieved from /home/airflow/.local/lib/python3.7/site-packages/airflow/example_dags/example_trigger_target_dag.py
[2022-07-22 22:09:46,439] {logging_mixin.py:109} INFO - [2022-07-22 22:09:46,439] {dag.py:2396} INFO - Sync 1 DAGs
[2022-07-22 22:09:46,451] {logging_mixin.py:109} INFO - [2022-07-22 22:09:46,451] {dag.py:2935} INFO - Setting next_dagrun for example_trigger_target_dag to None
[2022-07-22 22:09:46,458] {processor.py:171} INFO - Processing /home/airflow/.local/lib/python3.7/site-packages/airflow/example_dags/example_trigger_target_dag.py took 0.054 seconds
[2022-07-22 22:10:17,229] {processor.py:163} INFO - Started process (PID=1566) to work on /home/airflow/.local/lib/python3.7/site-packages/airflow/example_dags/example_trigger_target_dag.py
[2022-07-22 22:10:17,230] {processor.py:642} INFO - Processing file /home/airflow/.local/lib/python3.7/site-packages/airflow/example_dags/example_trigger_target_dag.py for tasks to queue
[2022-07-22 22:10:17,230] {logging_mixin.py:109} INFO - [2022-07-22 22:10:17,230] {dagbag.py:500} INFO - Filling up the DagBag from /home/airflow/.local/lib/python3.7/site-packages/airflow/example_dags/example_trigger_target_dag.py
[2022-07-22 22:10:17,251] {processor.py:654} INFO - DAG(s) dict_keys(['example_trigger_target_dag']) retrieved from /home/airflow/.local/lib/python3.7/site-packages/airflow/example_dags/example_trigger_target_dag.py
[2022-07-22 22:10:17,258] {logging_mixin.py:109} INFO - [2022-07-22 22:10:17,257] {dag.py:2396} INFO - Sync 1 DAGs
[2022-07-22 22:10:17,269] {logging_mixin.py:109} INFO - [2022-07-22 22:10:17,269] {dag.py:2935} INFO - Setting next_dagrun for example_trigger_target_dag to None
[2022-07-22 22:10:17,274] {processor.py:171} INFO - Processing /home/airflow/.local/lib/python3.7/site-packages/airflow/example_dags/example_trigger_target_dag.py took 0.048 seconds
[2022-07-22 22:10:48,098] {processor.py:163} INFO - Started process (PID=1625) to work on /home/airflow/.local/lib/python3.7/site-packages/airflow/example_dags/example_trigger_target_dag.py
[2022-07-22 22:10:48,098] {processor.py:642} INFO - Processing file /home/airflow/.local/lib/python3.7/site-packages/airflow/example_dags/example_trigger_target_dag.py for tasks to queue
[2022-07-22 22:10:48,099] {logging_mixin.py:109} INFO - [2022-07-22 22:10:48,099] {dagbag.py:500} INFO - Filling up the DagBag from /home/airflow/.local/lib/python3.7/site-packages/airflow/example_dags/example_trigger_target_dag.py
[2022-07-22 22:10:48,123] {processor.py:654} INFO - DAG(s) dict_keys(['example_trigger_target_dag']) retrieved from /home/airflow/.local/lib/python3.7/site-packages/airflow/example_dags/example_trigger_target_dag.py
[2022-07-22 22:10:48,132] {logging_mixin.py:109} INFO - [2022-07-22 22:10:48,132] {dag.py:2396} INFO - Sync 1 DAGs
[2022-07-22 22:10:48,147] {logging_mixin.py:109} INFO - [2022-07-22 22:10:48,147] {dag.py:2935} INFO - Setting next_dagrun for example_trigger_target_dag to None
[2022-07-22 22:10:48,155] {processor.py:171} INFO - Processing /home/airflow/.local/lib/python3.7/site-packages/airflow/example_dags/example_trigger_target_dag.py took 0.059 seconds
[2022-07-22 22:11:18,849] {processor.py:163} INFO - Started process (PID=1684) to work on /home/airflow/.local/lib/python3.7/site-packages/airflow/example_dags/example_trigger_target_dag.py
[2022-07-22 22:11:18,850] {processor.py:642} INFO - Processing file /home/airflow/.local/lib/python3.7/site-packages/airflow/example_dags/example_trigger_target_dag.py for tasks to queue
[2022-07-22 22:11:18,850] {logging_mixin.py:109} INFO - [2022-07-22 22:11:18,850] {dagbag.py:500} INFO - Filling up the DagBag from /home/airflow/.local/lib/python3.7/site-packages/airflow/example_dags/example_trigger_target_dag.py
[2022-07-22 22:11:18,871] {processor.py:654} INFO - DAG(s) dict_keys(['example_trigger_target_dag']) retrieved from /home/airflow/.local/lib/python3.7/site-packages/airflow/example_dags/example_trigger_target_dag.py
[2022-07-22 22:11:18,878] {logging_mixin.py:109} INFO - [2022-07-22 22:11:18,878] {dag.py:2396} INFO - Sync 1 DAGs
[2022-07-22 22:11:18,890] {logging_mixin.py:109} INFO - [2022-07-22 22:11:18,889] {dag.py:2935} INFO - Setting next_dagrun for example_trigger_target_dag to None
[2022-07-22 22:11:18,896] {processor.py:171} INFO - Processing /home/airflow/.local/lib/python3.7/site-packages/airflow/example_dags/example_trigger_target_dag.py took 0.049 seconds
[2022-07-22 22:11:49,630] {processor.py:163} INFO - Started process (PID=1734) to work on /home/airflow/.local/lib/python3.7/site-packages/airflow/example_dags/example_trigger_target_dag.py
[2022-07-22 22:11:49,631] {processor.py:642} INFO - Processing file /home/airflow/.local/lib/python3.7/site-packages/airflow/example_dags/example_trigger_target_dag.py for tasks to queue
[2022-07-22 22:11:49,631] {logging_mixin.py:109} INFO - [2022-07-22 22:11:49,631] {dagbag.py:500} INFO - Filling up the DagBag from /home/airflow/.local/lib/python3.7/site-packages/airflow/example_dags/example_trigger_target_dag.py
[2022-07-22 22:11:49,662] {processor.py:654} INFO - DAG(s) dict_keys(['example_trigger_target_dag']) retrieved from /home/airflow/.local/lib/python3.7/site-packages/airflow/example_dags/example_trigger_target_dag.py
[2022-07-22 22:11:49,672] {logging_mixin.py:109} INFO - [2022-07-22 22:11:49,672] {dag.py:2396} INFO - Sync 1 DAGs
[2022-07-22 22:11:49,688] {logging_mixin.py:109} INFO - [2022-07-22 22:11:49,688] {dag.py:2935} INFO - Setting next_dagrun for example_trigger_target_dag to None
[2022-07-22 22:11:49,694] {processor.py:171} INFO - Processing /home/airflow/.local/lib/python3.7/site-packages/airflow/example_dags/example_trigger_target_dag.py took 0.066 seconds
[2022-07-22 22:12:20,558] {processor.py:163} INFO - Started process (PID=1793) to work on /home/airflow/.local/lib/python3.7/site-packages/airflow/example_dags/example_trigger_target_dag.py
[2022-07-22 22:12:20,559] {processor.py:642} INFO - Processing file /home/airflow/.local/lib/python3.7/site-packages/airflow/example_dags/example_trigger_target_dag.py for tasks to queue
[2022-07-22 22:12:20,559] {logging_mixin.py:109} INFO - [2022-07-22 22:12:20,559] {dagbag.py:500} INFO - Filling up the DagBag from /home/airflow/.local/lib/python3.7/site-packages/airflow/example_dags/example_trigger_target_dag.py
[2022-07-22 22:12:20,585] {processor.py:654} INFO - DAG(s) dict_keys(['example_trigger_target_dag']) retrieved from /home/airflow/.local/lib/python3.7/site-packages/airflow/example_dags/example_trigger_target_dag.py
[2022-07-22 22:12:20,594] {logging_mixin.py:109} INFO - [2022-07-22 22:12:20,594] {dag.py:2396} INFO - Sync 1 DAGs
[2022-07-22 22:12:20,609] {logging_mixin.py:109} INFO - [2022-07-22 22:12:20,609] {dag.py:2935} INFO - Setting next_dagrun for example_trigger_target_dag to None
[2022-07-22 22:12:20,617] {processor.py:171} INFO - Processing /home/airflow/.local/lib/python3.7/site-packages/airflow/example_dags/example_trigger_target_dag.py took 0.062 seconds
[2022-07-22 22:12:51,435] {processor.py:163} INFO - Started process (PID=1843) to work on /home/airflow/.local/lib/python3.7/site-packages/airflow/example_dags/example_trigger_target_dag.py
[2022-07-22 22:12:51,436] {processor.py:642} INFO - Processing file /home/airflow/.local/lib/python3.7/site-packages/airflow/example_dags/example_trigger_target_dag.py for tasks to queue
[2022-07-22 22:12:51,437] {logging_mixin.py:109} INFO - [2022-07-22 22:12:51,437] {dagbag.py:500} INFO - Filling up the DagBag from /home/airflow/.local/lib/python3.7/site-packages/airflow/example_dags/example_trigger_target_dag.py
[2022-07-22 22:12:51,460] {processor.py:654} INFO - DAG(s) dict_keys(['example_trigger_target_dag']) retrieved from /home/airflow/.local/lib/python3.7/site-packages/airflow/example_dags/example_trigger_target_dag.py
[2022-07-22 22:12:51,467] {logging_mixin.py:109} INFO - [2022-07-22 22:12:51,467] {dag.py:2396} INFO - Sync 1 DAGs
[2022-07-22 22:12:51,482] {logging_mixin.py:109} INFO - [2022-07-22 22:12:51,482] {dag.py:2935} INFO - Setting next_dagrun for example_trigger_target_dag to None
[2022-07-22 22:12:51,491] {processor.py:171} INFO - Processing /home/airflow/.local/lib/python3.7/site-packages/airflow/example_dags/example_trigger_target_dag.py took 0.059 seconds
[2022-07-22 22:13:22,177] {processor.py:163} INFO - Started process (PID=1902) to work on /home/airflow/.local/lib/python3.7/site-packages/airflow/example_dags/example_trigger_target_dag.py
[2022-07-22 22:13:22,177] {processor.py:642} INFO - Processing file /home/airflow/.local/lib/python3.7/site-packages/airflow/example_dags/example_trigger_target_dag.py for tasks to queue
[2022-07-22 22:13:22,178] {logging_mixin.py:109} INFO - [2022-07-22 22:13:22,178] {dagbag.py:500} INFO - Filling up the DagBag from /home/airflow/.local/lib/python3.7/site-packages/airflow/example_dags/example_trigger_target_dag.py
[2022-07-22 22:13:22,197] {processor.py:654} INFO - DAG(s) dict_keys(['example_trigger_target_dag']) retrieved from /home/airflow/.local/lib/python3.7/site-packages/airflow/example_dags/example_trigger_target_dag.py
[2022-07-22 22:13:22,203] {logging_mixin.py:109} INFO - [2022-07-22 22:13:22,203] {dag.py:2396} INFO - Sync 1 DAGs
[2022-07-22 22:13:22,213] {logging_mixin.py:109} INFO - [2022-07-22 22:13:22,213] {dag.py:2935} INFO - Setting next_dagrun for example_trigger_target_dag to None
[2022-07-22 22:13:22,219] {processor.py:171} INFO - Processing /home/airflow/.local/lib/python3.7/site-packages/airflow/example_dags/example_trigger_target_dag.py took 0.044 seconds
[2022-07-22 22:13:52,957] {processor.py:163} INFO - Started process (PID=1961) to work on /home/airflow/.local/lib/python3.7/site-packages/airflow/example_dags/example_trigger_target_dag.py
[2022-07-22 22:13:52,958] {processor.py:642} INFO - Processing file /home/airflow/.local/lib/python3.7/site-packages/airflow/example_dags/example_trigger_target_dag.py for tasks to queue
[2022-07-22 22:13:52,958] {logging_mixin.py:109} INFO - [2022-07-22 22:13:52,958] {dagbag.py:500} INFO - Filling up the DagBag from /home/airflow/.local/lib/python3.7/site-packages/airflow/example_dags/example_trigger_target_dag.py
[2022-07-22 22:13:52,981] {processor.py:654} INFO - DAG(s) dict_keys(['example_trigger_target_dag']) retrieved from /home/airflow/.local/lib/python3.7/site-packages/airflow/example_dags/example_trigger_target_dag.py
[2022-07-22 22:13:52,988] {logging_mixin.py:109} INFO - [2022-07-22 22:13:52,988] {dag.py:2396} INFO - Sync 1 DAGs
[2022-07-22 22:13:53,000] {logging_mixin.py:109} INFO - [2022-07-22 22:13:53,000] {dag.py:2935} INFO - Setting next_dagrun for example_trigger_target_dag to None
[2022-07-22 22:13:53,006] {processor.py:171} INFO - Processing /home/airflow/.local/lib/python3.7/site-packages/airflow/example_dags/example_trigger_target_dag.py took 0.051 seconds
[2022-07-22 22:14:23,488] {processor.py:163} INFO - Started process (PID=2011) to work on /home/airflow/.local/lib/python3.7/site-packages/airflow/example_dags/example_trigger_target_dag.py
[2022-07-22 22:14:23,489] {processor.py:642} INFO - Processing file /home/airflow/.local/lib/python3.7/site-packages/airflow/example_dags/example_trigger_target_dag.py for tasks to queue
[2022-07-22 22:14:23,489] {logging_mixin.py:109} INFO - [2022-07-22 22:14:23,489] {dagbag.py:500} INFO - Filling up the DagBag from /home/airflow/.local/lib/python3.7/site-packages/airflow/example_dags/example_trigger_target_dag.py
[2022-07-22 22:14:23,509] {processor.py:654} INFO - DAG(s) dict_keys(['example_trigger_target_dag']) retrieved from /home/airflow/.local/lib/python3.7/site-packages/airflow/example_dags/example_trigger_target_dag.py
[2022-07-22 22:14:23,515] {logging_mixin.py:109} INFO - [2022-07-22 22:14:23,515] {dag.py:2396} INFO - Sync 1 DAGs
[2022-07-22 22:14:23,525] {logging_mixin.py:109} INFO - [2022-07-22 22:14:23,525] {dag.py:2935} INFO - Setting next_dagrun for example_trigger_target_dag to None
[2022-07-22 22:14:23,531] {processor.py:171} INFO - Processing /home/airflow/.local/lib/python3.7/site-packages/airflow/example_dags/example_trigger_target_dag.py took 0.045 seconds
[2022-07-22 22:14:53,970] {processor.py:163} INFO - Started process (PID=2071) to work on /home/airflow/.local/lib/python3.7/site-packages/airflow/example_dags/example_trigger_target_dag.py
[2022-07-22 22:14:53,970] {processor.py:642} INFO - Processing file /home/airflow/.local/lib/python3.7/site-packages/airflow/example_dags/example_trigger_target_dag.py for tasks to queue
[2022-07-22 22:14:53,971] {logging_mixin.py:109} INFO - [2022-07-22 22:14:53,971] {dagbag.py:500} INFO - Filling up the DagBag from /home/airflow/.local/lib/python3.7/site-packages/airflow/example_dags/example_trigger_target_dag.py
[2022-07-22 22:14:53,993] {processor.py:654} INFO - DAG(s) dict_keys(['example_trigger_target_dag']) retrieved from /home/airflow/.local/lib/python3.7/site-packages/airflow/example_dags/example_trigger_target_dag.py
[2022-07-22 22:14:54,001] {logging_mixin.py:109} INFO - [2022-07-22 22:14:54,001] {dag.py:2396} INFO - Sync 1 DAGs
[2022-07-22 22:14:54,013] {logging_mixin.py:109} INFO - [2022-07-22 22:14:54,013] {dag.py:2935} INFO - Setting next_dagrun for example_trigger_target_dag to None
[2022-07-22 22:14:54,019] {processor.py:171} INFO - Processing /home/airflow/.local/lib/python3.7/site-packages/airflow/example_dags/example_trigger_target_dag.py took 0.052 seconds
[2022-07-22 22:15:24,542] {processor.py:163} INFO - Started process (PID=2120) to work on /home/airflow/.local/lib/python3.7/site-packages/airflow/example_dags/example_trigger_target_dag.py
[2022-07-22 22:15:24,543] {processor.py:642} INFO - Processing file /home/airflow/.local/lib/python3.7/site-packages/airflow/example_dags/example_trigger_target_dag.py for tasks to queue
[2022-07-22 22:15:24,543] {logging_mixin.py:109} INFO - [2022-07-22 22:15:24,543] {dagbag.py:500} INFO - Filling up the DagBag from /home/airflow/.local/lib/python3.7/site-packages/airflow/example_dags/example_trigger_target_dag.py
[2022-07-22 22:15:24,564] {processor.py:654} INFO - DAG(s) dict_keys(['example_trigger_target_dag']) retrieved from /home/airflow/.local/lib/python3.7/site-packages/airflow/example_dags/example_trigger_target_dag.py
[2022-07-22 22:15:24,571] {logging_mixin.py:109} INFO - [2022-07-22 22:15:24,571] {dag.py:2396} INFO - Sync 1 DAGs
[2022-07-22 22:15:24,582] {logging_mixin.py:109} INFO - [2022-07-22 22:15:24,582] {dag.py:2935} INFO - Setting next_dagrun for example_trigger_target_dag to None
[2022-07-22 22:15:24,588] {processor.py:171} INFO - Processing /home/airflow/.local/lib/python3.7/site-packages/airflow/example_dags/example_trigger_target_dag.py took 0.047 seconds
[2022-07-22 22:15:55,251] {processor.py:163} INFO - Started process (PID=2179) to work on /home/airflow/.local/lib/python3.7/site-packages/airflow/example_dags/example_trigger_target_dag.py
[2022-07-22 22:15:55,251] {processor.py:642} INFO - Processing file /home/airflow/.local/lib/python3.7/site-packages/airflow/example_dags/example_trigger_target_dag.py for tasks to queue
[2022-07-22 22:15:55,252] {logging_mixin.py:109} INFO - [2022-07-22 22:15:55,252] {dagbag.py:500} INFO - Filling up the DagBag from /home/airflow/.local/lib/python3.7/site-packages/airflow/example_dags/example_trigger_target_dag.py
[2022-07-22 22:15:55,273] {processor.py:654} INFO - DAG(s) dict_keys(['example_trigger_target_dag']) retrieved from /home/airflow/.local/lib/python3.7/site-packages/airflow/example_dags/example_trigger_target_dag.py
[2022-07-22 22:15:55,280] {logging_mixin.py:109} INFO - [2022-07-22 22:15:55,280] {dag.py:2396} INFO - Sync 1 DAGs
[2022-07-22 22:15:55,291] {logging_mixin.py:109} INFO - [2022-07-22 22:15:55,291] {dag.py:2935} INFO - Setting next_dagrun for example_trigger_target_dag to None
[2022-07-22 22:15:55,297] {processor.py:171} INFO - Processing /home/airflow/.local/lib/python3.7/site-packages/airflow/example_dags/example_trigger_target_dag.py took 0.048 seconds
[2022-07-22 22:16:25,912] {processor.py:163} INFO - Started process (PID=2235) to work on /home/airflow/.local/lib/python3.7/site-packages/airflow/example_dags/example_trigger_target_dag.py
[2022-07-22 22:16:25,913] {processor.py:642} INFO - Processing file /home/airflow/.local/lib/python3.7/site-packages/airflow/example_dags/example_trigger_target_dag.py for tasks to queue
[2022-07-22 22:16:25,913] {logging_mixin.py:109} INFO - [2022-07-22 22:16:25,913] {dagbag.py:500} INFO - Filling up the DagBag from /home/airflow/.local/lib/python3.7/site-packages/airflow/example_dags/example_trigger_target_dag.py
[2022-07-22 22:16:25,936] {processor.py:654} INFO - DAG(s) dict_keys(['example_trigger_target_dag']) retrieved from /home/airflow/.local/lib/python3.7/site-packages/airflow/example_dags/example_trigger_target_dag.py
[2022-07-22 22:16:25,943] {logging_mixin.py:109} INFO - [2022-07-22 22:16:25,943] {dag.py:2396} INFO - Sync 1 DAGs
[2022-07-22 22:16:25,955] {logging_mixin.py:109} INFO - [2022-07-22 22:16:25,955] {dag.py:2935} INFO - Setting next_dagrun for example_trigger_target_dag to None
[2022-07-22 22:16:25,961] {processor.py:171} INFO - Processing /home/airflow/.local/lib/python3.7/site-packages/airflow/example_dags/example_trigger_target_dag.py took 0.051 seconds
[2022-07-22 22:16:56,278] {processor.py:163} INFO - Started process (PID=2288) to work on /home/airflow/.local/lib/python3.7/site-packages/airflow/example_dags/example_trigger_target_dag.py
[2022-07-22 22:16:56,279] {processor.py:642} INFO - Processing file /home/airflow/.local/lib/python3.7/site-packages/airflow/example_dags/example_trigger_target_dag.py for tasks to queue
[2022-07-22 22:16:56,279] {logging_mixin.py:109} INFO - [2022-07-22 22:16:56,279] {dagbag.py:500} INFO - Filling up the DagBag from /home/airflow/.local/lib/python3.7/site-packages/airflow/example_dags/example_trigger_target_dag.py
[2022-07-22 22:16:56,300] {processor.py:654} INFO - DAG(s) dict_keys(['example_trigger_target_dag']) retrieved from /home/airflow/.local/lib/python3.7/site-packages/airflow/example_dags/example_trigger_target_dag.py
[2022-07-22 22:16:56,308] {logging_mixin.py:109} INFO - [2022-07-22 22:16:56,308] {dag.py:2396} INFO - Sync 1 DAGs
[2022-07-22 22:16:56,319] {logging_mixin.py:109} INFO - [2022-07-22 22:16:56,319] {dag.py:2935} INFO - Setting next_dagrun for example_trigger_target_dag to None
[2022-07-22 22:16:56,326] {processor.py:171} INFO - Processing /home/airflow/.local/lib/python3.7/site-packages/airflow/example_dags/example_trigger_target_dag.py took 0.049 seconds
[2022-07-22 22:17:26,980] {processor.py:163} INFO - Started process (PID=2347) to work on /home/airflow/.local/lib/python3.7/site-packages/airflow/example_dags/example_trigger_target_dag.py
[2022-07-22 22:17:26,981] {processor.py:642} INFO - Processing file /home/airflow/.local/lib/python3.7/site-packages/airflow/example_dags/example_trigger_target_dag.py for tasks to queue
[2022-07-22 22:17:26,981] {logging_mixin.py:109} INFO - [2022-07-22 22:17:26,981] {dagbag.py:500} INFO - Filling up the DagBag from /home/airflow/.local/lib/python3.7/site-packages/airflow/example_dags/example_trigger_target_dag.py
[2022-07-22 22:17:27,019] {processor.py:654} INFO - DAG(s) dict_keys(['example_trigger_target_dag']) retrieved from /home/airflow/.local/lib/python3.7/site-packages/airflow/example_dags/example_trigger_target_dag.py
[2022-07-22 22:17:27,026] {logging_mixin.py:109} INFO - [2022-07-22 22:17:27,026] {dag.py:2396} INFO - Sync 1 DAGs
[2022-07-22 22:17:27,039] {logging_mixin.py:109} INFO - [2022-07-22 22:17:27,039] {dag.py:2935} INFO - Setting next_dagrun for example_trigger_target_dag to None
[2022-07-22 22:17:27,046] {processor.py:171} INFO - Processing /home/airflow/.local/lib/python3.7/site-packages/airflow/example_dags/example_trigger_target_dag.py took 0.069 seconds
[2022-07-22 22:17:57,892] {processor.py:163} INFO - Started process (PID=2398) to work on /home/airflow/.local/lib/python3.7/site-packages/airflow/example_dags/example_trigger_target_dag.py
[2022-07-22 22:17:57,893] {processor.py:642} INFO - Processing file /home/airflow/.local/lib/python3.7/site-packages/airflow/example_dags/example_trigger_target_dag.py for tasks to queue
[2022-07-22 22:17:57,893] {logging_mixin.py:109} INFO - [2022-07-22 22:17:57,893] {dagbag.py:500} INFO - Filling up the DagBag from /home/airflow/.local/lib/python3.7/site-packages/airflow/example_dags/example_trigger_target_dag.py
[2022-07-22 22:17:57,912] {processor.py:654} INFO - DAG(s) dict_keys(['example_trigger_target_dag']) retrieved from /home/airflow/.local/lib/python3.7/site-packages/airflow/example_dags/example_trigger_target_dag.py
[2022-07-22 22:17:57,918] {logging_mixin.py:109} INFO - [2022-07-22 22:17:57,918] {dag.py:2396} INFO - Sync 1 DAGs
[2022-07-22 22:17:57,929] {logging_mixin.py:109} INFO - [2022-07-22 22:17:57,929] {dag.py:2935} INFO - Setting next_dagrun for example_trigger_target_dag to None
[2022-07-22 22:17:57,935] {processor.py:171} INFO - Processing /home/airflow/.local/lib/python3.7/site-packages/airflow/example_dags/example_trigger_target_dag.py took 0.045 seconds
[2022-07-22 22:18:28,407] {processor.py:163} INFO - Started process (PID=2456) to work on /home/airflow/.local/lib/python3.7/site-packages/airflow/example_dags/example_trigger_target_dag.py
[2022-07-22 22:18:28,408] {processor.py:642} INFO - Processing file /home/airflow/.local/lib/python3.7/site-packages/airflow/example_dags/example_trigger_target_dag.py for tasks to queue
[2022-07-22 22:18:28,408] {logging_mixin.py:109} INFO - [2022-07-22 22:18:28,408] {dagbag.py:500} INFO - Filling up the DagBag from /home/airflow/.local/lib/python3.7/site-packages/airflow/example_dags/example_trigger_target_dag.py
[2022-07-22 22:18:28,427] {processor.py:654} INFO - DAG(s) dict_keys(['example_trigger_target_dag']) retrieved from /home/airflow/.local/lib/python3.7/site-packages/airflow/example_dags/example_trigger_target_dag.py
[2022-07-22 22:18:28,433] {logging_mixin.py:109} INFO - [2022-07-22 22:18:28,433] {dag.py:2396} INFO - Sync 1 DAGs
[2022-07-22 22:18:28,443] {logging_mixin.py:109} INFO - [2022-07-22 22:18:28,443] {dag.py:2935} INFO - Setting next_dagrun for example_trigger_target_dag to None
[2022-07-22 22:18:28,449] {processor.py:171} INFO - Processing /home/airflow/.local/lib/python3.7/site-packages/airflow/example_dags/example_trigger_target_dag.py took 0.044 seconds
[2022-07-22 22:18:59,428] {processor.py:163} INFO - Started process (PID=2507) to work on /home/airflow/.local/lib/python3.7/site-packages/airflow/example_dags/example_trigger_target_dag.py
[2022-07-22 22:18:59,429] {processor.py:642} INFO - Processing file /home/airflow/.local/lib/python3.7/site-packages/airflow/example_dags/example_trigger_target_dag.py for tasks to queue
[2022-07-22 22:18:59,429] {logging_mixin.py:109} INFO - [2022-07-22 22:18:59,429] {dagbag.py:500} INFO - Filling up the DagBag from /home/airflow/.local/lib/python3.7/site-packages/airflow/example_dags/example_trigger_target_dag.py
[2022-07-22 22:18:59,450] {processor.py:654} INFO - DAG(s) dict_keys(['example_trigger_target_dag']) retrieved from /home/airflow/.local/lib/python3.7/site-packages/airflow/example_dags/example_trigger_target_dag.py
[2022-07-22 22:18:59,457] {logging_mixin.py:109} INFO - [2022-07-22 22:18:59,457] {dag.py:2396} INFO - Sync 1 DAGs
[2022-07-22 22:18:59,472] {logging_mixin.py:109} INFO - [2022-07-22 22:18:59,472] {dag.py:2935} INFO - Setting next_dagrun for example_trigger_target_dag to None
[2022-07-22 22:18:59,479] {processor.py:171} INFO - Processing /home/airflow/.local/lib/python3.7/site-packages/airflow/example_dags/example_trigger_target_dag.py took 0.053 seconds
[2022-07-22 22:19:30,157] {processor.py:163} INFO - Started process (PID=2566) to work on /home/airflow/.local/lib/python3.7/site-packages/airflow/example_dags/example_trigger_target_dag.py
[2022-07-22 22:19:30,158] {processor.py:642} INFO - Processing file /home/airflow/.local/lib/python3.7/site-packages/airflow/example_dags/example_trigger_target_dag.py for tasks to queue
[2022-07-22 22:19:30,158] {logging_mixin.py:109} INFO - [2022-07-22 22:19:30,158] {dagbag.py:500} INFO - Filling up the DagBag from /home/airflow/.local/lib/python3.7/site-packages/airflow/example_dags/example_trigger_target_dag.py
[2022-07-22 22:19:30,178] {processor.py:654} INFO - DAG(s) dict_keys(['example_trigger_target_dag']) retrieved from /home/airflow/.local/lib/python3.7/site-packages/airflow/example_dags/example_trigger_target_dag.py
[2022-07-22 22:19:30,184] {logging_mixin.py:109} INFO - [2022-07-22 22:19:30,184] {dag.py:2396} INFO - Sync 1 DAGs
[2022-07-22 22:19:30,195] {logging_mixin.py:109} INFO - [2022-07-22 22:19:30,195] {dag.py:2935} INFO - Setting next_dagrun for example_trigger_target_dag to None
[2022-07-22 22:19:30,201] {processor.py:171} INFO - Processing /home/airflow/.local/lib/python3.7/site-packages/airflow/example_dags/example_trigger_target_dag.py took 0.045 seconds
[2022-07-22 22:20:01,101] {processor.py:163} INFO - Started process (PID=2625) to work on /home/airflow/.local/lib/python3.7/site-packages/airflow/example_dags/example_trigger_target_dag.py
[2022-07-22 22:20:01,102] {processor.py:642} INFO - Processing file /home/airflow/.local/lib/python3.7/site-packages/airflow/example_dags/example_trigger_target_dag.py for tasks to queue
[2022-07-22 22:20:01,102] {logging_mixin.py:109} INFO - [2022-07-22 22:20:01,102] {dagbag.py:500} INFO - Filling up the DagBag from /home/airflow/.local/lib/python3.7/site-packages/airflow/example_dags/example_trigger_target_dag.py
[2022-07-22 22:20:01,121] {processor.py:654} INFO - DAG(s) dict_keys(['example_trigger_target_dag']) retrieved from /home/airflow/.local/lib/python3.7/site-packages/airflow/example_dags/example_trigger_target_dag.py
[2022-07-22 22:20:01,127] {logging_mixin.py:109} INFO - [2022-07-22 22:20:01,127] {dag.py:2396} INFO - Sync 1 DAGs
[2022-07-22 22:20:01,138] {logging_mixin.py:109} INFO - [2022-07-22 22:20:01,138] {dag.py:2935} INFO - Setting next_dagrun for example_trigger_target_dag to None
[2022-07-22 22:20:01,209] {processor.py:171} INFO - Processing /home/airflow/.local/lib/python3.7/site-packages/airflow/example_dags/example_trigger_target_dag.py took 0.110 seconds
[2022-07-22 22:20:31,525] {processor.py:163} INFO - Started process (PID=2675) to work on /home/airflow/.local/lib/python3.7/site-packages/airflow/example_dags/example_trigger_target_dag.py
[2022-07-22 22:20:31,526] {processor.py:642} INFO - Processing file /home/airflow/.local/lib/python3.7/site-packages/airflow/example_dags/example_trigger_target_dag.py for tasks to queue
[2022-07-22 22:20:31,526] {logging_mixin.py:109} INFO - [2022-07-22 22:20:31,526] {dagbag.py:500} INFO - Filling up the DagBag from /home/airflow/.local/lib/python3.7/site-packages/airflow/example_dags/example_trigger_target_dag.py
[2022-07-22 22:20:31,545] {processor.py:654} INFO - DAG(s) dict_keys(['example_trigger_target_dag']) retrieved from /home/airflow/.local/lib/python3.7/site-packages/airflow/example_dags/example_trigger_target_dag.py
[2022-07-22 22:20:31,552] {logging_mixin.py:109} INFO - [2022-07-22 22:20:31,552] {dag.py:2396} INFO - Sync 1 DAGs
[2022-07-22 22:20:31,631] {logging_mixin.py:109} INFO - [2022-07-22 22:20:31,631] {dag.py:2935} INFO - Setting next_dagrun for example_trigger_target_dag to None
[2022-07-22 22:20:31,637] {processor.py:171} INFO - Processing /home/airflow/.local/lib/python3.7/site-packages/airflow/example_dags/example_trigger_target_dag.py took 0.114 seconds
[2022-07-22 22:21:01,807] {processor.py:163} INFO - Started process (PID=2734) to work on /home/airflow/.local/lib/python3.7/site-packages/airflow/example_dags/example_trigger_target_dag.py
[2022-07-22 22:21:01,808] {processor.py:642} INFO - Processing file /home/airflow/.local/lib/python3.7/site-packages/airflow/example_dags/example_trigger_target_dag.py for tasks to queue
[2022-07-22 22:21:01,808] {logging_mixin.py:109} INFO - [2022-07-22 22:21:01,808] {dagbag.py:500} INFO - Filling up the DagBag from /home/airflow/.local/lib/python3.7/site-packages/airflow/example_dags/example_trigger_target_dag.py
[2022-07-22 22:21:01,828] {processor.py:654} INFO - DAG(s) dict_keys(['example_trigger_target_dag']) retrieved from /home/airflow/.local/lib/python3.7/site-packages/airflow/example_dags/example_trigger_target_dag.py
[2022-07-22 22:21:01,835] {logging_mixin.py:109} INFO - [2022-07-22 22:21:01,835] {dag.py:2396} INFO - Sync 1 DAGs
[2022-07-22 22:21:01,919] {logging_mixin.py:109} INFO - [2022-07-22 22:21:01,918] {dag.py:2935} INFO - Setting next_dagrun for example_trigger_target_dag to None
[2022-07-22 22:21:01,925] {processor.py:171} INFO - Processing /home/airflow/.local/lib/python3.7/site-packages/airflow/example_dags/example_trigger_target_dag.py took 0.120 seconds
[2022-07-22 22:21:32,564] {processor.py:163} INFO - Started process (PID=2784) to work on /home/airflow/.local/lib/python3.7/site-packages/airflow/example_dags/example_trigger_target_dag.py
[2022-07-22 22:21:32,565] {processor.py:642} INFO - Processing file /home/airflow/.local/lib/python3.7/site-packages/airflow/example_dags/example_trigger_target_dag.py for tasks to queue
[2022-07-22 22:21:32,565] {logging_mixin.py:109} INFO - [2022-07-22 22:21:32,565] {dagbag.py:500} INFO - Filling up the DagBag from /home/airflow/.local/lib/python3.7/site-packages/airflow/example_dags/example_trigger_target_dag.py
[2022-07-22 22:21:32,586] {processor.py:654} INFO - DAG(s) dict_keys(['example_trigger_target_dag']) retrieved from /home/airflow/.local/lib/python3.7/site-packages/airflow/example_dags/example_trigger_target_dag.py
[2022-07-22 22:21:32,664] {logging_mixin.py:109} INFO - [2022-07-22 22:21:32,663] {dag.py:2396} INFO - Sync 1 DAGs
[2022-07-22 22:21:32,675] {logging_mixin.py:109} INFO - [2022-07-22 22:21:32,675] {dag.py:2935} INFO - Setting next_dagrun for example_trigger_target_dag to None
[2022-07-22 22:21:32,681] {processor.py:171} INFO - Processing /home/airflow/.local/lib/python3.7/site-packages/airflow/example_dags/example_trigger_target_dag.py took 0.119 seconds
[2022-07-22 22:22:03,334] {processor.py:163} INFO - Started process (PID=2843) to work on /home/airflow/.local/lib/python3.7/site-packages/airflow/example_dags/example_trigger_target_dag.py
[2022-07-22 22:22:03,335] {processor.py:642} INFO - Processing file /home/airflow/.local/lib/python3.7/site-packages/airflow/example_dags/example_trigger_target_dag.py for tasks to queue
[2022-07-22 22:22:03,336] {logging_mixin.py:109} INFO - [2022-07-22 22:22:03,336] {dagbag.py:500} INFO - Filling up the DagBag from /home/airflow/.local/lib/python3.7/site-packages/airflow/example_dags/example_trigger_target_dag.py
[2022-07-22 22:22:03,356] {processor.py:654} INFO - DAG(s) dict_keys(['example_trigger_target_dag']) retrieved from /home/airflow/.local/lib/python3.7/site-packages/airflow/example_dags/example_trigger_target_dag.py
[2022-07-22 22:22:03,432] {logging_mixin.py:109} INFO - [2022-07-22 22:22:03,432] {dag.py:2396} INFO - Sync 1 DAGs
[2022-07-22 22:22:03,443] {logging_mixin.py:109} INFO - [2022-07-22 22:22:03,443] {dag.py:2935} INFO - Setting next_dagrun for example_trigger_target_dag to None
[2022-07-22 22:22:03,449] {processor.py:171} INFO - Processing /home/airflow/.local/lib/python3.7/site-packages/airflow/example_dags/example_trigger_target_dag.py took 0.117 seconds
[2022-07-22 22:22:34,115] {processor.py:163} INFO - Started process (PID=2902) to work on /home/airflow/.local/lib/python3.7/site-packages/airflow/example_dags/example_trigger_target_dag.py
[2022-07-22 22:22:34,115] {processor.py:642} INFO - Processing file /home/airflow/.local/lib/python3.7/site-packages/airflow/example_dags/example_trigger_target_dag.py for tasks to queue
[2022-07-22 22:22:34,116] {logging_mixin.py:109} INFO - [2022-07-22 22:22:34,116] {dagbag.py:500} INFO - Filling up the DagBag from /home/airflow/.local/lib/python3.7/site-packages/airflow/example_dags/example_trigger_target_dag.py
[2022-07-22 22:22:34,208] {processor.py:654} INFO - DAG(s) dict_keys(['example_trigger_target_dag']) retrieved from /home/airflow/.local/lib/python3.7/site-packages/airflow/example_dags/example_trigger_target_dag.py
[2022-07-22 22:22:34,214] {logging_mixin.py:109} INFO - [2022-07-22 22:22:34,214] {dag.py:2396} INFO - Sync 1 DAGs
[2022-07-22 22:22:34,225] {logging_mixin.py:109} INFO - [2022-07-22 22:22:34,225] {dag.py:2935} INFO - Setting next_dagrun for example_trigger_target_dag to None
[2022-07-22 22:22:34,231] {processor.py:171} INFO - Processing /home/airflow/.local/lib/python3.7/site-packages/airflow/example_dags/example_trigger_target_dag.py took 0.118 seconds
[2022-07-22 22:23:04,719] {processor.py:163} INFO - Started process (PID=2952) to work on /home/airflow/.local/lib/python3.7/site-packages/airflow/example_dags/example_trigger_target_dag.py
[2022-07-22 22:23:04,720] {processor.py:642} INFO - Processing file /home/airflow/.local/lib/python3.7/site-packages/airflow/example_dags/example_trigger_target_dag.py for tasks to queue
[2022-07-22 22:23:04,720] {logging_mixin.py:109} INFO - [2022-07-22 22:23:04,720] {dagbag.py:500} INFO - Filling up the DagBag from /home/airflow/.local/lib/python3.7/site-packages/airflow/example_dags/example_trigger_target_dag.py
[2022-07-22 22:23:04,807] {processor.py:654} INFO - DAG(s) dict_keys(['example_trigger_target_dag']) retrieved from /home/airflow/.local/lib/python3.7/site-packages/airflow/example_dags/example_trigger_target_dag.py
[2022-07-22 22:23:04,813] {logging_mixin.py:109} INFO - [2022-07-22 22:23:04,813] {dag.py:2396} INFO - Sync 1 DAGs
[2022-07-22 22:23:04,823] {logging_mixin.py:109} INFO - [2022-07-22 22:23:04,823] {dag.py:2935} INFO - Setting next_dagrun for example_trigger_target_dag to None
[2022-07-22 22:23:04,829] {processor.py:171} INFO - Processing /home/airflow/.local/lib/python3.7/site-packages/airflow/example_dags/example_trigger_target_dag.py took 0.112 seconds
[2022-07-22 22:23:35,371] {processor.py:163} INFO - Started process (PID=3011) to work on /home/airflow/.local/lib/python3.7/site-packages/airflow/example_dags/example_trigger_target_dag.py
[2022-07-22 22:23:35,371] {processor.py:642} INFO - Processing file /home/airflow/.local/lib/python3.7/site-packages/airflow/example_dags/example_trigger_target_dag.py for tasks to queue
[2022-07-22 22:23:35,372] {logging_mixin.py:109} INFO - [2022-07-22 22:23:35,372] {dagbag.py:500} INFO - Filling up the DagBag from /home/airflow/.local/lib/python3.7/site-packages/airflow/example_dags/example_trigger_target_dag.py
[2022-07-22 22:23:35,465] {processor.py:654} INFO - DAG(s) dict_keys(['example_trigger_target_dag']) retrieved from /home/airflow/.local/lib/python3.7/site-packages/airflow/example_dags/example_trigger_target_dag.py
[2022-07-22 22:23:35,471] {logging_mixin.py:109} INFO - [2022-07-22 22:23:35,471] {dag.py:2396} INFO - Sync 1 DAGs
[2022-07-22 22:23:35,481] {logging_mixin.py:109} INFO - [2022-07-22 22:23:35,481] {dag.py:2935} INFO - Setting next_dagrun for example_trigger_target_dag to None
[2022-07-22 22:23:35,487] {processor.py:171} INFO - Processing /home/airflow/.local/lib/python3.7/site-packages/airflow/example_dags/example_trigger_target_dag.py took 0.118 seconds
[2022-07-22 22:24:06,314] {processor.py:163} INFO - Started process (PID=3061) to work on /home/airflow/.local/lib/python3.7/site-packages/airflow/example_dags/example_trigger_target_dag.py
[2022-07-22 22:24:06,315] {processor.py:642} INFO - Processing file /home/airflow/.local/lib/python3.7/site-packages/airflow/example_dags/example_trigger_target_dag.py for tasks to queue
[2022-07-22 22:24:06,315] {logging_mixin.py:109} INFO - [2022-07-22 22:24:06,315] {dagbag.py:500} INFO - Filling up the DagBag from /home/airflow/.local/lib/python3.7/site-packages/airflow/example_dags/example_trigger_target_dag.py
[2022-07-22 22:24:06,411] {processor.py:654} INFO - DAG(s) dict_keys(['example_trigger_target_dag']) retrieved from /home/airflow/.local/lib/python3.7/site-packages/airflow/example_dags/example_trigger_target_dag.py
[2022-07-22 22:24:06,418] {logging_mixin.py:109} INFO - [2022-07-22 22:24:06,418] {dag.py:2396} INFO - Sync 1 DAGs
[2022-07-22 22:24:06,430] {logging_mixin.py:109} INFO - [2022-07-22 22:24:06,430] {dag.py:2935} INFO - Setting next_dagrun for example_trigger_target_dag to None
[2022-07-22 22:24:06,437] {processor.py:171} INFO - Processing /home/airflow/.local/lib/python3.7/site-packages/airflow/example_dags/example_trigger_target_dag.py took 0.126 seconds
[2022-07-22 22:24:36,940] {processor.py:163} INFO - Started process (PID=3120) to work on /home/airflow/.local/lib/python3.7/site-packages/airflow/example_dags/example_trigger_target_dag.py
[2022-07-22 22:24:36,941] {processor.py:642} INFO - Processing file /home/airflow/.local/lib/python3.7/site-packages/airflow/example_dags/example_trigger_target_dag.py for tasks to queue
[2022-07-22 22:24:36,941] {logging_mixin.py:109} INFO - [2022-07-22 22:24:36,941] {dagbag.py:500} INFO - Filling up the DagBag from /home/airflow/.local/lib/python3.7/site-packages/airflow/example_dags/example_trigger_target_dag.py
[2022-07-22 22:24:37,027] {processor.py:654} INFO - DAG(s) dict_keys(['example_trigger_target_dag']) retrieved from /home/airflow/.local/lib/python3.7/site-packages/airflow/example_dags/example_trigger_target_dag.py
[2022-07-22 22:24:37,032] {logging_mixin.py:109} INFO - [2022-07-22 22:24:37,032] {dag.py:2396} INFO - Sync 1 DAGs
[2022-07-22 22:24:37,042] {logging_mixin.py:109} INFO - [2022-07-22 22:24:37,042] {dag.py:2935} INFO - Setting next_dagrun for example_trigger_target_dag to None
[2022-07-22 22:24:37,048] {processor.py:171} INFO - Processing /home/airflow/.local/lib/python3.7/site-packages/airflow/example_dags/example_trigger_target_dag.py took 0.109 seconds
[2022-07-22 22:25:07,643] {processor.py:163} INFO - Started process (PID=3178) to work on /home/airflow/.local/lib/python3.7/site-packages/airflow/example_dags/example_trigger_target_dag.py
[2022-07-22 22:25:07,644] {processor.py:642} INFO - Processing file /home/airflow/.local/lib/python3.7/site-packages/airflow/example_dags/example_trigger_target_dag.py for tasks to queue
[2022-07-22 22:25:07,645] {logging_mixin.py:109} INFO - [2022-07-22 22:25:07,645] {dagbag.py:500} INFO - Filling up the DagBag from /home/airflow/.local/lib/python3.7/site-packages/airflow/example_dags/example_trigger_target_dag.py
[2022-07-22 22:25:07,744] {processor.py:654} INFO - DAG(s) dict_keys(['example_trigger_target_dag']) retrieved from /home/airflow/.local/lib/python3.7/site-packages/airflow/example_dags/example_trigger_target_dag.py
[2022-07-22 22:25:07,750] {logging_mixin.py:109} INFO - [2022-07-22 22:25:07,750] {dag.py:2396} INFO - Sync 1 DAGs
[2022-07-22 22:25:07,761] {logging_mixin.py:109} INFO - [2022-07-22 22:25:07,761] {dag.py:2935} INFO - Setting next_dagrun for example_trigger_target_dag to None
[2022-07-22 22:25:07,766] {processor.py:171} INFO - Processing /home/airflow/.local/lib/python3.7/site-packages/airflow/example_dags/example_trigger_target_dag.py took 0.125 seconds
[2022-07-22 22:25:38,406] {processor.py:163} INFO - Started process (PID=3228) to work on /home/airflow/.local/lib/python3.7/site-packages/airflow/example_dags/example_trigger_target_dag.py
[2022-07-22 22:25:38,407] {processor.py:642} INFO - Processing file /home/airflow/.local/lib/python3.7/site-packages/airflow/example_dags/example_trigger_target_dag.py for tasks to queue
[2022-07-22 22:25:38,407] {logging_mixin.py:109} INFO - [2022-07-22 22:25:38,407] {dagbag.py:500} INFO - Filling up the DagBag from /home/airflow/.local/lib/python3.7/site-packages/airflow/example_dags/example_trigger_target_dag.py
[2022-07-22 22:25:38,427] {processor.py:654} INFO - DAG(s) dict_keys(['example_trigger_target_dag']) retrieved from /home/airflow/.local/lib/python3.7/site-packages/airflow/example_dags/example_trigger_target_dag.py
[2022-07-22 22:25:38,433] {logging_mixin.py:109} INFO - [2022-07-22 22:25:38,433] {dag.py:2396} INFO - Sync 1 DAGs
[2022-07-22 22:25:38,443] {logging_mixin.py:109} INFO - [2022-07-22 22:25:38,443] {dag.py:2935} INFO - Setting next_dagrun for example_trigger_target_dag to None
[2022-07-22 22:25:38,449] {processor.py:171} INFO - Processing /home/airflow/.local/lib/python3.7/site-packages/airflow/example_dags/example_trigger_target_dag.py took 0.045 seconds
[2022-07-22 22:26:08,990] {processor.py:163} INFO - Started process (PID=3287) to work on /home/airflow/.local/lib/python3.7/site-packages/airflow/example_dags/example_trigger_target_dag.py
[2022-07-22 22:26:08,991] {processor.py:642} INFO - Processing file /home/airflow/.local/lib/python3.7/site-packages/airflow/example_dags/example_trigger_target_dag.py for tasks to queue
[2022-07-22 22:26:08,992] {logging_mixin.py:109} INFO - [2022-07-22 22:26:08,991] {dagbag.py:500} INFO - Filling up the DagBag from /home/airflow/.local/lib/python3.7/site-packages/airflow/example_dags/example_trigger_target_dag.py
[2022-07-22 22:26:09,012] {processor.py:654} INFO - DAG(s) dict_keys(['example_trigger_target_dag']) retrieved from /home/airflow/.local/lib/python3.7/site-packages/airflow/example_dags/example_trigger_target_dag.py
[2022-07-22 22:26:09,019] {logging_mixin.py:109} INFO - [2022-07-22 22:26:09,018] {dag.py:2396} INFO - Sync 1 DAGs
[2022-07-22 22:26:09,029] {logging_mixin.py:109} INFO - [2022-07-22 22:26:09,029] {dag.py:2935} INFO - Setting next_dagrun for example_trigger_target_dag to None
[2022-07-22 22:26:09,035] {processor.py:171} INFO - Processing /home/airflow/.local/lib/python3.7/site-packages/airflow/example_dags/example_trigger_target_dag.py took 0.047 seconds
[2022-07-22 22:26:39,402] {processor.py:163} INFO - Started process (PID=3337) to work on /home/airflow/.local/lib/python3.7/site-packages/airflow/example_dags/example_trigger_target_dag.py
[2022-07-22 22:26:39,403] {processor.py:642} INFO - Processing file /home/airflow/.local/lib/python3.7/site-packages/airflow/example_dags/example_trigger_target_dag.py for tasks to queue
[2022-07-22 22:26:39,403] {logging_mixin.py:109} INFO - [2022-07-22 22:26:39,403] {dagbag.py:500} INFO - Filling up the DagBag from /home/airflow/.local/lib/python3.7/site-packages/airflow/example_dags/example_trigger_target_dag.py
[2022-07-22 22:26:39,422] {processor.py:654} INFO - DAG(s) dict_keys(['example_trigger_target_dag']) retrieved from /home/airflow/.local/lib/python3.7/site-packages/airflow/example_dags/example_trigger_target_dag.py
[2022-07-22 22:26:39,429] {logging_mixin.py:109} INFO - [2022-07-22 22:26:39,429] {dag.py:2396} INFO - Sync 1 DAGs
[2022-07-22 22:26:39,439] {logging_mixin.py:109} INFO - [2022-07-22 22:26:39,439] {dag.py:2935} INFO - Setting next_dagrun for example_trigger_target_dag to None
[2022-07-22 22:26:39,445] {processor.py:171} INFO - Processing /home/airflow/.local/lib/python3.7/site-packages/airflow/example_dags/example_trigger_target_dag.py took 0.045 seconds
[2022-07-22 22:27:09,829] {processor.py:163} INFO - Started process (PID=3396) to work on /home/airflow/.local/lib/python3.7/site-packages/airflow/example_dags/example_trigger_target_dag.py
[2022-07-22 22:27:09,830] {processor.py:642} INFO - Processing file /home/airflow/.local/lib/python3.7/site-packages/airflow/example_dags/example_trigger_target_dag.py for tasks to queue
[2022-07-22 22:27:09,831] {logging_mixin.py:109} INFO - [2022-07-22 22:27:09,831] {dagbag.py:500} INFO - Filling up the DagBag from /home/airflow/.local/lib/python3.7/site-packages/airflow/example_dags/example_trigger_target_dag.py
[2022-07-22 22:27:09,850] {processor.py:654} INFO - DAG(s) dict_keys(['example_trigger_target_dag']) retrieved from /home/airflow/.local/lib/python3.7/site-packages/airflow/example_dags/example_trigger_target_dag.py
[2022-07-22 22:27:09,856] {logging_mixin.py:109} INFO - [2022-07-22 22:27:09,856] {dag.py:2396} INFO - Sync 1 DAGs
[2022-07-22 22:27:09,866] {logging_mixin.py:109} INFO - [2022-07-22 22:27:09,866] {dag.py:2935} INFO - Setting next_dagrun for example_trigger_target_dag to None
[2022-07-22 22:27:09,871] {processor.py:171} INFO - Processing /home/airflow/.local/lib/python3.7/site-packages/airflow/example_dags/example_trigger_target_dag.py took 0.044 seconds
[2022-07-22 22:27:40,237] {processor.py:163} INFO - Started process (PID=3455) to work on /home/airflow/.local/lib/python3.7/site-packages/airflow/example_dags/example_trigger_target_dag.py
[2022-07-22 22:27:40,237] {processor.py:642} INFO - Processing file /home/airflow/.local/lib/python3.7/site-packages/airflow/example_dags/example_trigger_target_dag.py for tasks to queue
[2022-07-22 22:27:40,238] {logging_mixin.py:109} INFO - [2022-07-22 22:27:40,238] {dagbag.py:500} INFO - Filling up the DagBag from /home/airflow/.local/lib/python3.7/site-packages/airflow/example_dags/example_trigger_target_dag.py
[2022-07-22 22:27:40,258] {processor.py:654} INFO - DAG(s) dict_keys(['example_trigger_target_dag']) retrieved from /home/airflow/.local/lib/python3.7/site-packages/airflow/example_dags/example_trigger_target_dag.py
[2022-07-22 22:27:40,264] {logging_mixin.py:109} INFO - [2022-07-22 22:27:40,264] {dag.py:2396} INFO - Sync 1 DAGs
[2022-07-22 22:27:40,275] {logging_mixin.py:109} INFO - [2022-07-22 22:27:40,275] {dag.py:2935} INFO - Setting next_dagrun for example_trigger_target_dag to None
[2022-07-22 22:27:40,281] {processor.py:171} INFO - Processing /home/airflow/.local/lib/python3.7/site-packages/airflow/example_dags/example_trigger_target_dag.py took 0.046 seconds
[2022-07-22 22:28:10,525] {processor.py:163} INFO - Started process (PID=3505) to work on /home/airflow/.local/lib/python3.7/site-packages/airflow/example_dags/example_trigger_target_dag.py
[2022-07-22 22:28:10,526] {processor.py:642} INFO - Processing file /home/airflow/.local/lib/python3.7/site-packages/airflow/example_dags/example_trigger_target_dag.py for tasks to queue
[2022-07-22 22:28:10,526] {logging_mixin.py:109} INFO - [2022-07-22 22:28:10,526] {dagbag.py:500} INFO - Filling up the DagBag from /home/airflow/.local/lib/python3.7/site-packages/airflow/example_dags/example_trigger_target_dag.py
[2022-07-22 22:28:10,545] {processor.py:654} INFO - DAG(s) dict_keys(['example_trigger_target_dag']) retrieved from /home/airflow/.local/lib/python3.7/site-packages/airflow/example_dags/example_trigger_target_dag.py
[2022-07-22 22:28:10,551] {logging_mixin.py:109} INFO - [2022-07-22 22:28:10,551] {dag.py:2396} INFO - Sync 1 DAGs
[2022-07-22 22:28:10,561] {logging_mixin.py:109} INFO - [2022-07-22 22:28:10,561] {dag.py:2935} INFO - Setting next_dagrun for example_trigger_target_dag to None
[2022-07-22 22:28:10,567] {processor.py:171} INFO - Processing /home/airflow/.local/lib/python3.7/site-packages/airflow/example_dags/example_trigger_target_dag.py took 0.044 seconds
