[2022-07-22 21:54:05,309] {processor.py:163} INFO - Started process (PID=227) to work on /home/airflow/.local/lib/python3.7/site-packages/airflow/example_dags/example_latest_only.py
[2022-07-22 21:54:05,310] {processor.py:642} INFO - Processing file /home/airflow/.local/lib/python3.7/site-packages/airflow/example_dags/example_latest_only.py for tasks to queue
[2022-07-22 21:54:05,310] {logging_mixin.py:109} INFO - [2022-07-22 21:54:05,310] {dagbag.py:500} INFO - Filling up the DagBag from /home/airflow/.local/lib/python3.7/site-packages/airflow/example_dags/example_latest_only.py
[2022-07-22 21:54:05,328] {processor.py:654} INFO - DAG(s) dict_keys(['latest_only']) retrieved from /home/airflow/.local/lib/python3.7/site-packages/airflow/example_dags/example_latest_only.py
[2022-07-22 21:54:06,834] {logging_mixin.py:109} INFO - [2022-07-22 21:54:06,834] {manager.py:496} INFO - Created Permission View: can read on DAG:latest_only
[2022-07-22 21:54:06,839] {logging_mixin.py:109} INFO - [2022-07-22 21:54:06,839] {manager.py:496} INFO - Created Permission View: can edit on DAG:latest_only
[2022-07-22 21:54:06,840] {logging_mixin.py:109} INFO - [2022-07-22 21:54:06,839] {dag.py:2396} INFO - Sync 1 DAGs
[2022-07-22 21:54:06,844] {logging_mixin.py:109} INFO - [2022-07-22 21:54:06,844] {dag.py:2415} INFO - Creating ORM DAG for latest_only
[2022-07-22 21:54:06,850] {logging_mixin.py:109} INFO - [2022-07-22 21:54:06,850] {dag.py:2935} INFO - Setting next_dagrun for latest_only to 2022-07-22T17:54:06.850339+00:00
[2022-07-22 21:54:06,858] {processor.py:171} INFO - Processing /home/airflow/.local/lib/python3.7/site-packages/airflow/example_dags/example_latest_only.py took 1.550 seconds
[2022-07-22 21:54:37,669] {processor.py:163} INFO - Started process (PID=606) to work on /home/airflow/.local/lib/python3.7/site-packages/airflow/example_dags/example_latest_only.py
[2022-07-22 21:54:37,670] {processor.py:642} INFO - Processing file /home/airflow/.local/lib/python3.7/site-packages/airflow/example_dags/example_latest_only.py for tasks to queue
[2022-07-22 21:54:37,670] {logging_mixin.py:109} INFO - [2022-07-22 21:54:37,670] {dagbag.py:500} INFO - Filling up the DagBag from /home/airflow/.local/lib/python3.7/site-packages/airflow/example_dags/example_latest_only.py
[2022-07-22 21:54:37,689] {processor.py:654} INFO - DAG(s) dict_keys(['latest_only']) retrieved from /home/airflow/.local/lib/python3.7/site-packages/airflow/example_dags/example_latest_only.py
[2022-07-22 21:54:37,695] {logging_mixin.py:109} INFO - [2022-07-22 21:54:37,695] {dag.py:2396} INFO - Sync 1 DAGs
[2022-07-22 21:54:37,706] {logging_mixin.py:109} INFO - [2022-07-22 21:54:37,706] {dag.py:2935} INFO - Setting next_dagrun for latest_only to 2022-07-22T17:54:37.706186+00:00
[2022-07-22 21:54:37,712] {processor.py:171} INFO - Processing /home/airflow/.local/lib/python3.7/site-packages/airflow/example_dags/example_latest_only.py took 0.045 seconds
[2022-07-22 21:55:07,898] {processor.py:163} INFO - Started process (PID=665) to work on /home/airflow/.local/lib/python3.7/site-packages/airflow/example_dags/example_latest_only.py
[2022-07-22 21:55:07,899] {processor.py:642} INFO - Processing file /home/airflow/.local/lib/python3.7/site-packages/airflow/example_dags/example_latest_only.py for tasks to queue
[2022-07-22 21:55:07,899] {logging_mixin.py:109} INFO - [2022-07-22 21:55:07,899] {dagbag.py:500} INFO - Filling up the DagBag from /home/airflow/.local/lib/python3.7/site-packages/airflow/example_dags/example_latest_only.py
[2022-07-22 21:55:07,917] {processor.py:654} INFO - DAG(s) dict_keys(['latest_only']) retrieved from /home/airflow/.local/lib/python3.7/site-packages/airflow/example_dags/example_latest_only.py
[2022-07-22 21:55:07,923] {logging_mixin.py:109} INFO - [2022-07-22 21:55:07,923] {dag.py:2396} INFO - Sync 1 DAGs
[2022-07-22 21:55:07,934] {logging_mixin.py:109} INFO - [2022-07-22 21:55:07,934] {dag.py:2935} INFO - Setting next_dagrun for latest_only to 2022-07-22T17:55:07.934563+00:00
[2022-07-22 21:55:07,941] {processor.py:171} INFO - Processing /home/airflow/.local/lib/python3.7/site-packages/airflow/example_dags/example_latest_only.py took 0.044 seconds
[2022-07-22 21:55:38,170] {processor.py:163} INFO - Started process (PID=715) to work on /home/airflow/.local/lib/python3.7/site-packages/airflow/example_dags/example_latest_only.py
[2022-07-22 21:55:38,171] {processor.py:642} INFO - Processing file /home/airflow/.local/lib/python3.7/site-packages/airflow/example_dags/example_latest_only.py for tasks to queue
[2022-07-22 21:55:38,171] {logging_mixin.py:109} INFO - [2022-07-22 21:55:38,171] {dagbag.py:500} INFO - Filling up the DagBag from /home/airflow/.local/lib/python3.7/site-packages/airflow/example_dags/example_latest_only.py
[2022-07-22 21:55:38,188] {processor.py:654} INFO - DAG(s) dict_keys(['latest_only']) retrieved from /home/airflow/.local/lib/python3.7/site-packages/airflow/example_dags/example_latest_only.py
[2022-07-22 21:55:38,194] {logging_mixin.py:109} INFO - [2022-07-22 21:55:38,194] {dag.py:2396} INFO - Sync 1 DAGs
[2022-07-22 21:55:38,206] {logging_mixin.py:109} INFO - [2022-07-22 21:55:38,206] {dag.py:2935} INFO - Setting next_dagrun for latest_only to 2022-07-22T17:55:38.206315+00:00
[2022-07-22 21:55:38,212] {processor.py:171} INFO - Processing /home/airflow/.local/lib/python3.7/site-packages/airflow/example_dags/example_latest_only.py took 0.044 seconds
[2022-07-22 21:56:26,904] {processor.py:163} INFO - Started process (PID=58) to work on /home/airflow/.local/lib/python3.7/site-packages/airflow/example_dags/example_latest_only.py
[2022-07-22 21:56:26,905] {processor.py:642} INFO - Processing file /home/airflow/.local/lib/python3.7/site-packages/airflow/example_dags/example_latest_only.py for tasks to queue
[2022-07-22 21:56:26,905] {logging_mixin.py:109} INFO - [2022-07-22 21:56:26,905] {dagbag.py:500} INFO - Filling up the DagBag from /home/airflow/.local/lib/python3.7/site-packages/airflow/example_dags/example_latest_only.py
[2022-07-22 21:56:26,923] {processor.py:654} INFO - DAG(s) dict_keys(['latest_only']) retrieved from /home/airflow/.local/lib/python3.7/site-packages/airflow/example_dags/example_latest_only.py
[2022-07-22 21:56:26,930] {logging_mixin.py:109} INFO - [2022-07-22 21:56:26,930] {dag.py:2396} INFO - Sync 1 DAGs
[2022-07-22 21:56:26,942] {logging_mixin.py:109} INFO - [2022-07-22 21:56:26,942] {dag.py:2935} INFO - Setting next_dagrun for latest_only to 2022-07-22T17:56:26.942527+00:00
[2022-07-22 21:56:26,949] {processor.py:171} INFO - Processing /home/airflow/.local/lib/python3.7/site-packages/airflow/example_dags/example_latest_only.py took 0.046 seconds
[2022-07-22 21:56:57,902] {processor.py:163} INFO - Started process (PID=118) to work on /home/airflow/.local/lib/python3.7/site-packages/airflow/example_dags/example_latest_only.py
[2022-07-22 21:56:57,903] {processor.py:642} INFO - Processing file /home/airflow/.local/lib/python3.7/site-packages/airflow/example_dags/example_latest_only.py for tasks to queue
[2022-07-22 21:56:57,903] {logging_mixin.py:109} INFO - [2022-07-22 21:56:57,903] {dagbag.py:500} INFO - Filling up the DagBag from /home/airflow/.local/lib/python3.7/site-packages/airflow/example_dags/example_latest_only.py
[2022-07-22 21:56:57,919] {processor.py:654} INFO - DAG(s) dict_keys(['latest_only']) retrieved from /home/airflow/.local/lib/python3.7/site-packages/airflow/example_dags/example_latest_only.py
[2022-07-22 21:56:57,926] {logging_mixin.py:109} INFO - [2022-07-22 21:56:57,926] {dag.py:2396} INFO - Sync 1 DAGs
[2022-07-22 21:56:57,936] {logging_mixin.py:109} INFO - [2022-07-22 21:56:57,936] {dag.py:2935} INFO - Setting next_dagrun for latest_only to 2022-07-22T17:56:57.936418+00:00
[2022-07-22 21:56:57,942] {processor.py:171} INFO - Processing /home/airflow/.local/lib/python3.7/site-packages/airflow/example_dags/example_latest_only.py took 0.042 seconds
[2022-07-22 21:57:28,624] {processor.py:163} INFO - Started process (PID=177) to work on /home/airflow/.local/lib/python3.7/site-packages/airflow/example_dags/example_latest_only.py
[2022-07-22 21:57:28,624] {processor.py:642} INFO - Processing file /home/airflow/.local/lib/python3.7/site-packages/airflow/example_dags/example_latest_only.py for tasks to queue
[2022-07-22 21:57:28,625] {logging_mixin.py:109} INFO - [2022-07-22 21:57:28,625] {dagbag.py:500} INFO - Filling up the DagBag from /home/airflow/.local/lib/python3.7/site-packages/airflow/example_dags/example_latest_only.py
[2022-07-22 21:57:28,642] {processor.py:654} INFO - DAG(s) dict_keys(['latest_only']) retrieved from /home/airflow/.local/lib/python3.7/site-packages/airflow/example_dags/example_latest_only.py
[2022-07-22 21:57:28,649] {logging_mixin.py:109} INFO - [2022-07-22 21:57:28,649] {dag.py:2396} INFO - Sync 1 DAGs
[2022-07-22 21:57:28,660] {logging_mixin.py:109} INFO - [2022-07-22 21:57:28,660] {dag.py:2935} INFO - Setting next_dagrun for latest_only to 2022-07-22T17:57:28.660432+00:00
[2022-07-22 21:57:28,667] {processor.py:171} INFO - Processing /home/airflow/.local/lib/python3.7/site-packages/airflow/example_dags/example_latest_only.py took 0.045 seconds
[2022-07-22 21:57:59,364] {processor.py:163} INFO - Started process (PID=227) to work on /home/airflow/.local/lib/python3.7/site-packages/airflow/example_dags/example_latest_only.py
[2022-07-22 21:57:59,365] {processor.py:642} INFO - Processing file /home/airflow/.local/lib/python3.7/site-packages/airflow/example_dags/example_latest_only.py for tasks to queue
[2022-07-22 21:57:59,365] {logging_mixin.py:109} INFO - [2022-07-22 21:57:59,365] {dagbag.py:500} INFO - Filling up the DagBag from /home/airflow/.local/lib/python3.7/site-packages/airflow/example_dags/example_latest_only.py
[2022-07-22 21:57:59,383] {processor.py:654} INFO - DAG(s) dict_keys(['latest_only']) retrieved from /home/airflow/.local/lib/python3.7/site-packages/airflow/example_dags/example_latest_only.py
[2022-07-22 21:57:59,390] {logging_mixin.py:109} INFO - [2022-07-22 21:57:59,389] {dag.py:2396} INFO - Sync 1 DAGs
[2022-07-22 21:57:59,401] {logging_mixin.py:109} INFO - [2022-07-22 21:57:59,401] {dag.py:2935} INFO - Setting next_dagrun for latest_only to 2022-07-22T17:57:59.401519+00:00
[2022-07-22 21:57:59,408] {processor.py:171} INFO - Processing /home/airflow/.local/lib/python3.7/site-packages/airflow/example_dags/example_latest_only.py took 0.046 seconds
[2022-07-22 21:58:30,304] {processor.py:163} INFO - Started process (PID=286) to work on /home/airflow/.local/lib/python3.7/site-packages/airflow/example_dags/example_latest_only.py
[2022-07-22 21:58:30,305] {processor.py:642} INFO - Processing file /home/airflow/.local/lib/python3.7/site-packages/airflow/example_dags/example_latest_only.py for tasks to queue
[2022-07-22 21:58:30,305] {logging_mixin.py:109} INFO - [2022-07-22 21:58:30,305] {dagbag.py:500} INFO - Filling up the DagBag from /home/airflow/.local/lib/python3.7/site-packages/airflow/example_dags/example_latest_only.py
[2022-07-22 21:58:30,322] {processor.py:654} INFO - DAG(s) dict_keys(['latest_only']) retrieved from /home/airflow/.local/lib/python3.7/site-packages/airflow/example_dags/example_latest_only.py
[2022-07-22 21:58:30,329] {logging_mixin.py:109} INFO - [2022-07-22 21:58:30,329] {dag.py:2396} INFO - Sync 1 DAGs
[2022-07-22 21:58:30,340] {logging_mixin.py:109} INFO - [2022-07-22 21:58:30,340] {dag.py:2935} INFO - Setting next_dagrun for latest_only to 2022-07-22T17:58:30.340373+00:00
[2022-07-22 21:58:30,346] {processor.py:171} INFO - Processing /home/airflow/.local/lib/python3.7/site-packages/airflow/example_dags/example_latest_only.py took 0.044 seconds
[2022-07-22 21:59:01,024] {processor.py:163} INFO - Started process (PID=336) to work on /home/airflow/.local/lib/python3.7/site-packages/airflow/example_dags/example_latest_only.py
[2022-07-22 21:59:01,025] {processor.py:642} INFO - Processing file /home/airflow/.local/lib/python3.7/site-packages/airflow/example_dags/example_latest_only.py for tasks to queue
[2022-07-22 21:59:01,025] {logging_mixin.py:109} INFO - [2022-07-22 21:59:01,025] {dagbag.py:500} INFO - Filling up the DagBag from /home/airflow/.local/lib/python3.7/site-packages/airflow/example_dags/example_latest_only.py
[2022-07-22 21:59:01,069] {processor.py:654} INFO - DAG(s) dict_keys(['latest_only']) retrieved from /home/airflow/.local/lib/python3.7/site-packages/airflow/example_dags/example_latest_only.py
[2022-07-22 21:59:01,076] {logging_mixin.py:109} INFO - [2022-07-22 21:59:01,076] {dag.py:2396} INFO - Sync 1 DAGs
[2022-07-22 21:59:01,089] {logging_mixin.py:109} INFO - [2022-07-22 21:59:01,089] {dag.py:2935} INFO - Setting next_dagrun for latest_only to 2022-07-22T17:59:01.088797+00:00
[2022-07-22 21:59:01,095] {processor.py:171} INFO - Processing /home/airflow/.local/lib/python3.7/site-packages/airflow/example_dags/example_latest_only.py took 0.073 seconds
[2022-07-22 21:59:31,800] {processor.py:163} INFO - Started process (PID=395) to work on /home/airflow/.local/lib/python3.7/site-packages/airflow/example_dags/example_latest_only.py
[2022-07-22 21:59:31,800] {processor.py:642} INFO - Processing file /home/airflow/.local/lib/python3.7/site-packages/airflow/example_dags/example_latest_only.py for tasks to queue
[2022-07-22 21:59:31,801] {logging_mixin.py:109} INFO - [2022-07-22 21:59:31,801] {dagbag.py:500} INFO - Filling up the DagBag from /home/airflow/.local/lib/python3.7/site-packages/airflow/example_dags/example_latest_only.py
[2022-07-22 21:59:31,817] {processor.py:654} INFO - DAG(s) dict_keys(['latest_only']) retrieved from /home/airflow/.local/lib/python3.7/site-packages/airflow/example_dags/example_latest_only.py
[2022-07-22 21:59:31,824] {logging_mixin.py:109} INFO - [2022-07-22 21:59:31,824] {dag.py:2396} INFO - Sync 1 DAGs
[2022-07-22 21:59:31,834] {logging_mixin.py:109} INFO - [2022-07-22 21:59:31,834] {dag.py:2935} INFO - Setting next_dagrun for latest_only to 2022-07-22T17:59:31.834330+00:00
[2022-07-22 21:59:31,841] {processor.py:171} INFO - Processing /home/airflow/.local/lib/python3.7/site-packages/airflow/example_dags/example_latest_only.py took 0.043 seconds
[2022-07-22 22:00:02,579] {processor.py:163} INFO - Started process (PID=454) to work on /home/airflow/.local/lib/python3.7/site-packages/airflow/example_dags/example_latest_only.py
[2022-07-22 22:00:02,580] {processor.py:642} INFO - Processing file /home/airflow/.local/lib/python3.7/site-packages/airflow/example_dags/example_latest_only.py for tasks to queue
[2022-07-22 22:00:02,580] {logging_mixin.py:109} INFO - [2022-07-22 22:00:02,580] {dagbag.py:500} INFO - Filling up the DagBag from /home/airflow/.local/lib/python3.7/site-packages/airflow/example_dags/example_latest_only.py
[2022-07-22 22:00:02,597] {processor.py:654} INFO - DAG(s) dict_keys(['latest_only']) retrieved from /home/airflow/.local/lib/python3.7/site-packages/airflow/example_dags/example_latest_only.py
[2022-07-22 22:00:02,604] {logging_mixin.py:109} INFO - [2022-07-22 22:00:02,604] {dag.py:2396} INFO - Sync 1 DAGs
[2022-07-22 22:00:02,615] {logging_mixin.py:109} INFO - [2022-07-22 22:00:02,615] {dag.py:2935} INFO - Setting next_dagrun for latest_only to 2022-07-22T18:00:02.614816+00:00
[2022-07-22 22:00:02,620] {processor.py:171} INFO - Processing /home/airflow/.local/lib/python3.7/site-packages/airflow/example_dags/example_latest_only.py took 0.043 seconds
[2022-07-22 22:00:33,164] {processor.py:163} INFO - Started process (PID=504) to work on /home/airflow/.local/lib/python3.7/site-packages/airflow/example_dags/example_latest_only.py
[2022-07-22 22:00:33,165] {processor.py:642} INFO - Processing file /home/airflow/.local/lib/python3.7/site-packages/airflow/example_dags/example_latest_only.py for tasks to queue
[2022-07-22 22:00:33,165] {logging_mixin.py:109} INFO - [2022-07-22 22:00:33,165] {dagbag.py:500} INFO - Filling up the DagBag from /home/airflow/.local/lib/python3.7/site-packages/airflow/example_dags/example_latest_only.py
[2022-07-22 22:00:33,183] {processor.py:654} INFO - DAG(s) dict_keys(['latest_only']) retrieved from /home/airflow/.local/lib/python3.7/site-packages/airflow/example_dags/example_latest_only.py
[2022-07-22 22:00:33,191] {logging_mixin.py:109} INFO - [2022-07-22 22:00:33,191] {dag.py:2396} INFO - Sync 1 DAGs
[2022-07-22 22:00:33,204] {logging_mixin.py:109} INFO - [2022-07-22 22:00:33,204] {dag.py:2935} INFO - Setting next_dagrun for latest_only to 2022-07-22T18:00:33.203948+00:00
[2022-07-22 22:00:33,211] {processor.py:171} INFO - Processing /home/airflow/.local/lib/python3.7/site-packages/airflow/example_dags/example_latest_only.py took 0.050 seconds
[2022-07-22 22:01:03,888] {processor.py:163} INFO - Started process (PID=563) to work on /home/airflow/.local/lib/python3.7/site-packages/airflow/example_dags/example_latest_only.py
[2022-07-22 22:01:03,889] {processor.py:642} INFO - Processing file /home/airflow/.local/lib/python3.7/site-packages/airflow/example_dags/example_latest_only.py for tasks to queue
[2022-07-22 22:01:03,889] {logging_mixin.py:109} INFO - [2022-07-22 22:01:03,889] {dagbag.py:500} INFO - Filling up the DagBag from /home/airflow/.local/lib/python3.7/site-packages/airflow/example_dags/example_latest_only.py
[2022-07-22 22:01:03,906] {processor.py:654} INFO - DAG(s) dict_keys(['latest_only']) retrieved from /home/airflow/.local/lib/python3.7/site-packages/airflow/example_dags/example_latest_only.py
[2022-07-22 22:01:03,913] {logging_mixin.py:109} INFO - [2022-07-22 22:01:03,913] {dag.py:2396} INFO - Sync 1 DAGs
[2022-07-22 22:01:03,924] {logging_mixin.py:109} INFO - [2022-07-22 22:01:03,924] {dag.py:2935} INFO - Setting next_dagrun for latest_only to 2022-07-22T18:01:03.924014+00:00
[2022-07-22 22:01:03,930] {processor.py:171} INFO - Processing /home/airflow/.local/lib/python3.7/site-packages/airflow/example_dags/example_latest_only.py took 0.044 seconds
[2022-07-22 22:01:34,565] {processor.py:163} INFO - Started process (PID=622) to work on /home/airflow/.local/lib/python3.7/site-packages/airflow/example_dags/example_latest_only.py
[2022-07-22 22:01:34,566] {processor.py:642} INFO - Processing file /home/airflow/.local/lib/python3.7/site-packages/airflow/example_dags/example_latest_only.py for tasks to queue
[2022-07-22 22:01:34,567] {logging_mixin.py:109} INFO - [2022-07-22 22:01:34,567] {dagbag.py:500} INFO - Filling up the DagBag from /home/airflow/.local/lib/python3.7/site-packages/airflow/example_dags/example_latest_only.py
[2022-07-22 22:01:34,585] {processor.py:654} INFO - DAG(s) dict_keys(['latest_only']) retrieved from /home/airflow/.local/lib/python3.7/site-packages/airflow/example_dags/example_latest_only.py
[2022-07-22 22:01:34,592] {logging_mixin.py:109} INFO - [2022-07-22 22:01:34,592] {dag.py:2396} INFO - Sync 1 DAGs
[2022-07-22 22:01:34,604] {logging_mixin.py:109} INFO - [2022-07-22 22:01:34,604] {dag.py:2935} INFO - Setting next_dagrun for latest_only to 2022-07-22T18:01:34.604000+00:00
[2022-07-22 22:01:34,610] {processor.py:171} INFO - Processing /home/airflow/.local/lib/python3.7/site-packages/airflow/example_dags/example_latest_only.py took 0.047 seconds
[2022-07-22 22:02:05,231] {processor.py:163} INFO - Started process (PID=672) to work on /home/airflow/.local/lib/python3.7/site-packages/airflow/example_dags/example_latest_only.py
[2022-07-22 22:02:05,232] {processor.py:642} INFO - Processing file /home/airflow/.local/lib/python3.7/site-packages/airflow/example_dags/example_latest_only.py for tasks to queue
[2022-07-22 22:02:05,232] {logging_mixin.py:109} INFO - [2022-07-22 22:02:05,232] {dagbag.py:500} INFO - Filling up the DagBag from /home/airflow/.local/lib/python3.7/site-packages/airflow/example_dags/example_latest_only.py
[2022-07-22 22:02:05,250] {processor.py:654} INFO - DAG(s) dict_keys(['latest_only']) retrieved from /home/airflow/.local/lib/python3.7/site-packages/airflow/example_dags/example_latest_only.py
[2022-07-22 22:02:05,256] {logging_mixin.py:109} INFO - [2022-07-22 22:02:05,256] {dag.py:2396} INFO - Sync 1 DAGs
[2022-07-22 22:02:05,267] {logging_mixin.py:109} INFO - [2022-07-22 22:02:05,267] {dag.py:2935} INFO - Setting next_dagrun for latest_only to 2022-07-22T18:02:05.267008+00:00
[2022-07-22 22:02:05,273] {processor.py:171} INFO - Processing /home/airflow/.local/lib/python3.7/site-packages/airflow/example_dags/example_latest_only.py took 0.044 seconds
[2022-07-22 22:02:35,836] {processor.py:163} INFO - Started process (PID=731) to work on /home/airflow/.local/lib/python3.7/site-packages/airflow/example_dags/example_latest_only.py
[2022-07-22 22:02:35,836] {processor.py:642} INFO - Processing file /home/airflow/.local/lib/python3.7/site-packages/airflow/example_dags/example_latest_only.py for tasks to queue
[2022-07-22 22:02:35,837] {logging_mixin.py:109} INFO - [2022-07-22 22:02:35,837] {dagbag.py:500} INFO - Filling up the DagBag from /home/airflow/.local/lib/python3.7/site-packages/airflow/example_dags/example_latest_only.py
[2022-07-22 22:02:35,854] {processor.py:654} INFO - DAG(s) dict_keys(['latest_only']) retrieved from /home/airflow/.local/lib/python3.7/site-packages/airflow/example_dags/example_latest_only.py
[2022-07-22 22:02:35,860] {logging_mixin.py:109} INFO - [2022-07-22 22:02:35,860] {dag.py:2396} INFO - Sync 1 DAGs
[2022-07-22 22:02:35,870] {logging_mixin.py:109} INFO - [2022-07-22 22:02:35,870] {dag.py:2935} INFO - Setting next_dagrun for latest_only to 2022-07-22T18:02:35.870510+00:00
[2022-07-22 22:02:35,876] {processor.py:171} INFO - Processing /home/airflow/.local/lib/python3.7/site-packages/airflow/example_dags/example_latest_only.py took 0.042 seconds
[2022-07-22 22:03:06,480] {processor.py:163} INFO - Started process (PID=781) to work on /home/airflow/.local/lib/python3.7/site-packages/airflow/example_dags/example_latest_only.py
[2022-07-22 22:03:06,480] {processor.py:642} INFO - Processing file /home/airflow/.local/lib/python3.7/site-packages/airflow/example_dags/example_latest_only.py for tasks to queue
[2022-07-22 22:03:06,481] {logging_mixin.py:109} INFO - [2022-07-22 22:03:06,481] {dagbag.py:500} INFO - Filling up the DagBag from /home/airflow/.local/lib/python3.7/site-packages/airflow/example_dags/example_latest_only.py
[2022-07-22 22:03:06,497] {processor.py:654} INFO - DAG(s) dict_keys(['latest_only']) retrieved from /home/airflow/.local/lib/python3.7/site-packages/airflow/example_dags/example_latest_only.py
[2022-07-22 22:03:06,504] {logging_mixin.py:109} INFO - [2022-07-22 22:03:06,504] {dag.py:2396} INFO - Sync 1 DAGs
[2022-07-22 22:03:06,514] {logging_mixin.py:109} INFO - [2022-07-22 22:03:06,514] {dag.py:2935} INFO - Setting next_dagrun for latest_only to 2022-07-22T18:03:06.514637+00:00
[2022-07-22 22:03:06,520] {processor.py:171} INFO - Processing /home/airflow/.local/lib/python3.7/site-packages/airflow/example_dags/example_latest_only.py took 0.043 seconds
[2022-07-22 22:03:37,058] {processor.py:163} INFO - Started process (PID=840) to work on /home/airflow/.local/lib/python3.7/site-packages/airflow/example_dags/example_latest_only.py
[2022-07-22 22:03:37,059] {processor.py:642} INFO - Processing file /home/airflow/.local/lib/python3.7/site-packages/airflow/example_dags/example_latest_only.py for tasks to queue
[2022-07-22 22:03:37,060] {logging_mixin.py:109} INFO - [2022-07-22 22:03:37,060] {dagbag.py:500} INFO - Filling up the DagBag from /home/airflow/.local/lib/python3.7/site-packages/airflow/example_dags/example_latest_only.py
[2022-07-22 22:03:37,077] {processor.py:654} INFO - DAG(s) dict_keys(['latest_only']) retrieved from /home/airflow/.local/lib/python3.7/site-packages/airflow/example_dags/example_latest_only.py
[2022-07-22 22:03:37,084] {logging_mixin.py:109} INFO - [2022-07-22 22:03:37,084] {dag.py:2396} INFO - Sync 1 DAGs
[2022-07-22 22:03:37,095] {logging_mixin.py:109} INFO - [2022-07-22 22:03:37,095] {dag.py:2935} INFO - Setting next_dagrun for latest_only to 2022-07-22T18:03:37.095557+00:00
[2022-07-22 22:03:37,102] {processor.py:171} INFO - Processing /home/airflow/.local/lib/python3.7/site-packages/airflow/example_dags/example_latest_only.py took 0.045 seconds
[2022-07-22 22:04:07,749] {processor.py:163} INFO - Started process (PID=890) to work on /home/airflow/.local/lib/python3.7/site-packages/airflow/example_dags/example_latest_only.py
[2022-07-22 22:04:07,749] {processor.py:642} INFO - Processing file /home/airflow/.local/lib/python3.7/site-packages/airflow/example_dags/example_latest_only.py for tasks to queue
[2022-07-22 22:04:07,750] {logging_mixin.py:109} INFO - [2022-07-22 22:04:07,750] {dagbag.py:500} INFO - Filling up the DagBag from /home/airflow/.local/lib/python3.7/site-packages/airflow/example_dags/example_latest_only.py
[2022-07-22 22:04:07,766] {processor.py:654} INFO - DAG(s) dict_keys(['latest_only']) retrieved from /home/airflow/.local/lib/python3.7/site-packages/airflow/example_dags/example_latest_only.py
[2022-07-22 22:04:07,773] {logging_mixin.py:109} INFO - [2022-07-22 22:04:07,772] {dag.py:2396} INFO - Sync 1 DAGs
[2022-07-22 22:04:07,784] {logging_mixin.py:109} INFO - [2022-07-22 22:04:07,784] {dag.py:2935} INFO - Setting next_dagrun for latest_only to 2022-07-22T18:04:07.783881+00:00
[2022-07-22 22:04:07,791] {processor.py:171} INFO - Processing /home/airflow/.local/lib/python3.7/site-packages/airflow/example_dags/example_latest_only.py took 0.044 seconds
[2022-07-22 22:04:38,470] {processor.py:163} INFO - Started process (PID=949) to work on /home/airflow/.local/lib/python3.7/site-packages/airflow/example_dags/example_latest_only.py
[2022-07-22 22:04:38,471] {processor.py:642} INFO - Processing file /home/airflow/.local/lib/python3.7/site-packages/airflow/example_dags/example_latest_only.py for tasks to queue
[2022-07-22 22:04:38,471] {logging_mixin.py:109} INFO - [2022-07-22 22:04:38,471] {dagbag.py:500} INFO - Filling up the DagBag from /home/airflow/.local/lib/python3.7/site-packages/airflow/example_dags/example_latest_only.py
[2022-07-22 22:04:38,488] {processor.py:654} INFO - DAG(s) dict_keys(['latest_only']) retrieved from /home/airflow/.local/lib/python3.7/site-packages/airflow/example_dags/example_latest_only.py
[2022-07-22 22:04:38,494] {logging_mixin.py:109} INFO - [2022-07-22 22:04:38,494] {dag.py:2396} INFO - Sync 1 DAGs
[2022-07-22 22:04:38,505] {logging_mixin.py:109} INFO - [2022-07-22 22:04:38,505] {dag.py:2935} INFO - Setting next_dagrun for latest_only to 2022-07-22T18:04:38.505479+00:00
[2022-07-22 22:04:38,511] {processor.py:171} INFO - Processing /home/airflow/.local/lib/python3.7/site-packages/airflow/example_dags/example_latest_only.py took 0.043 seconds
[2022-07-22 22:05:09,153] {processor.py:163} INFO - Started process (PID=1008) to work on /home/airflow/.local/lib/python3.7/site-packages/airflow/example_dags/example_latest_only.py
[2022-07-22 22:05:09,153] {processor.py:642} INFO - Processing file /home/airflow/.local/lib/python3.7/site-packages/airflow/example_dags/example_latest_only.py for tasks to queue
[2022-07-22 22:05:09,154] {logging_mixin.py:109} INFO - [2022-07-22 22:05:09,154] {dagbag.py:500} INFO - Filling up the DagBag from /home/airflow/.local/lib/python3.7/site-packages/airflow/example_dags/example_latest_only.py
[2022-07-22 22:05:09,171] {processor.py:654} INFO - DAG(s) dict_keys(['latest_only']) retrieved from /home/airflow/.local/lib/python3.7/site-packages/airflow/example_dags/example_latest_only.py
[2022-07-22 22:05:09,177] {logging_mixin.py:109} INFO - [2022-07-22 22:05:09,177] {dag.py:2396} INFO - Sync 1 DAGs
[2022-07-22 22:05:09,188] {logging_mixin.py:109} INFO - [2022-07-22 22:05:09,188] {dag.py:2935} INFO - Setting next_dagrun for latest_only to 2022-07-22T18:05:09.188640+00:00
[2022-07-22 22:05:09,195] {processor.py:171} INFO - Processing /home/airflow/.local/lib/python3.7/site-packages/airflow/example_dags/example_latest_only.py took 0.044 seconds
[2022-07-22 22:05:39,714] {processor.py:163} INFO - Started process (PID=1058) to work on /home/airflow/.local/lib/python3.7/site-packages/airflow/example_dags/example_latest_only.py
[2022-07-22 22:05:39,715] {processor.py:642} INFO - Processing file /home/airflow/.local/lib/python3.7/site-packages/airflow/example_dags/example_latest_only.py for tasks to queue
[2022-07-22 22:05:39,715] {logging_mixin.py:109} INFO - [2022-07-22 22:05:39,715] {dagbag.py:500} INFO - Filling up the DagBag from /home/airflow/.local/lib/python3.7/site-packages/airflow/example_dags/example_latest_only.py
[2022-07-22 22:05:39,732] {processor.py:654} INFO - DAG(s) dict_keys(['latest_only']) retrieved from /home/airflow/.local/lib/python3.7/site-packages/airflow/example_dags/example_latest_only.py
[2022-07-22 22:05:39,738] {logging_mixin.py:109} INFO - [2022-07-22 22:05:39,738] {dag.py:2396} INFO - Sync 1 DAGs
[2022-07-22 22:05:39,749] {logging_mixin.py:109} INFO - [2022-07-22 22:05:39,749] {dag.py:2935} INFO - Setting next_dagrun for latest_only to 2022-07-22T18:05:39.749528+00:00
[2022-07-22 22:05:39,755] {processor.py:171} INFO - Processing /home/airflow/.local/lib/python3.7/site-packages/airflow/example_dags/example_latest_only.py took 0.043 seconds
[2022-07-22 22:06:10,332] {processor.py:163} INFO - Started process (PID=1117) to work on /home/airflow/.local/lib/python3.7/site-packages/airflow/example_dags/example_latest_only.py
[2022-07-22 22:06:10,333] {processor.py:642} INFO - Processing file /home/airflow/.local/lib/python3.7/site-packages/airflow/example_dags/example_latest_only.py for tasks to queue
[2022-07-22 22:06:10,333] {logging_mixin.py:109} INFO - [2022-07-22 22:06:10,333] {dagbag.py:500} INFO - Filling up the DagBag from /home/airflow/.local/lib/python3.7/site-packages/airflow/example_dags/example_latest_only.py
[2022-07-22 22:06:10,350] {processor.py:654} INFO - DAG(s) dict_keys(['latest_only']) retrieved from /home/airflow/.local/lib/python3.7/site-packages/airflow/example_dags/example_latest_only.py
[2022-07-22 22:06:10,356] {logging_mixin.py:109} INFO - [2022-07-22 22:06:10,356] {dag.py:2396} INFO - Sync 1 DAGs
[2022-07-22 22:06:10,367] {logging_mixin.py:109} INFO - [2022-07-22 22:06:10,366] {dag.py:2935} INFO - Setting next_dagrun for latest_only to 2022-07-22T18:06:10.366797+00:00
[2022-07-22 22:06:10,372] {processor.py:171} INFO - Processing /home/airflow/.local/lib/python3.7/site-packages/airflow/example_dags/example_latest_only.py took 0.042 seconds
[2022-07-22 22:06:40,942] {processor.py:163} INFO - Started process (PID=1167) to work on /home/airflow/.local/lib/python3.7/site-packages/airflow/example_dags/example_latest_only.py
[2022-07-22 22:06:40,943] {processor.py:642} INFO - Processing file /home/airflow/.local/lib/python3.7/site-packages/airflow/example_dags/example_latest_only.py for tasks to queue
[2022-07-22 22:06:40,944] {logging_mixin.py:109} INFO - [2022-07-22 22:06:40,943] {dagbag.py:500} INFO - Filling up the DagBag from /home/airflow/.local/lib/python3.7/site-packages/airflow/example_dags/example_latest_only.py
[2022-07-22 22:06:40,961] {processor.py:654} INFO - DAG(s) dict_keys(['latest_only']) retrieved from /home/airflow/.local/lib/python3.7/site-packages/airflow/example_dags/example_latest_only.py
[2022-07-22 22:06:40,968] {logging_mixin.py:109} INFO - [2022-07-22 22:06:40,968] {dag.py:2396} INFO - Sync 1 DAGs
[2022-07-22 22:06:40,979] {logging_mixin.py:109} INFO - [2022-07-22 22:06:40,978] {dag.py:2935} INFO - Setting next_dagrun for latest_only to 2022-07-22T18:06:40.978734+00:00
[2022-07-22 22:06:40,985] {processor.py:171} INFO - Processing /home/airflow/.local/lib/python3.7/site-packages/airflow/example_dags/example_latest_only.py took 0.044 seconds
[2022-07-22 22:07:11,599] {processor.py:163} INFO - Started process (PID=1226) to work on /home/airflow/.local/lib/python3.7/site-packages/airflow/example_dags/example_latest_only.py
[2022-07-22 22:07:11,600] {processor.py:642} INFO - Processing file /home/airflow/.local/lib/python3.7/site-packages/airflow/example_dags/example_latest_only.py for tasks to queue
[2022-07-22 22:07:11,600] {logging_mixin.py:109} INFO - [2022-07-22 22:07:11,600] {dagbag.py:500} INFO - Filling up the DagBag from /home/airflow/.local/lib/python3.7/site-packages/airflow/example_dags/example_latest_only.py
[2022-07-22 22:07:11,617] {processor.py:654} INFO - DAG(s) dict_keys(['latest_only']) retrieved from /home/airflow/.local/lib/python3.7/site-packages/airflow/example_dags/example_latest_only.py
[2022-07-22 22:07:11,623] {logging_mixin.py:109} INFO - [2022-07-22 22:07:11,623] {dag.py:2396} INFO - Sync 1 DAGs
[2022-07-22 22:07:11,634] {logging_mixin.py:109} INFO - [2022-07-22 22:07:11,634] {dag.py:2935} INFO - Setting next_dagrun for latest_only to 2022-07-22T18:07:11.634342+00:00
[2022-07-22 22:07:11,640] {processor.py:171} INFO - Processing /home/airflow/.local/lib/python3.7/site-packages/airflow/example_dags/example_latest_only.py took 0.042 seconds
[2022-07-22 22:07:42,180] {processor.py:163} INFO - Started process (PID=1285) to work on /home/airflow/.local/lib/python3.7/site-packages/airflow/example_dags/example_latest_only.py
[2022-07-22 22:07:42,181] {processor.py:642} INFO - Processing file /home/airflow/.local/lib/python3.7/site-packages/airflow/example_dags/example_latest_only.py for tasks to queue
[2022-07-22 22:07:42,181] {logging_mixin.py:109} INFO - [2022-07-22 22:07:42,181] {dagbag.py:500} INFO - Filling up the DagBag from /home/airflow/.local/lib/python3.7/site-packages/airflow/example_dags/example_latest_only.py
[2022-07-22 22:07:42,198] {processor.py:654} INFO - DAG(s) dict_keys(['latest_only']) retrieved from /home/airflow/.local/lib/python3.7/site-packages/airflow/example_dags/example_latest_only.py
[2022-07-22 22:07:42,204] {logging_mixin.py:109} INFO - [2022-07-22 22:07:42,204] {dag.py:2396} INFO - Sync 1 DAGs
[2022-07-22 22:07:42,214] {logging_mixin.py:109} INFO - [2022-07-22 22:07:42,214] {dag.py:2935} INFO - Setting next_dagrun for latest_only to 2022-07-22T18:07:42.214306+00:00
[2022-07-22 22:07:42,220] {processor.py:171} INFO - Processing /home/airflow/.local/lib/python3.7/site-packages/airflow/example_dags/example_latest_only.py took 0.041 seconds
[2022-07-22 22:08:12,845] {processor.py:163} INFO - Started process (PID=1335) to work on /home/airflow/.local/lib/python3.7/site-packages/airflow/example_dags/example_latest_only.py
[2022-07-22 22:08:12,846] {processor.py:642} INFO - Processing file /home/airflow/.local/lib/python3.7/site-packages/airflow/example_dags/example_latest_only.py for tasks to queue
[2022-07-22 22:08:12,846] {logging_mixin.py:109} INFO - [2022-07-22 22:08:12,846] {dagbag.py:500} INFO - Filling up the DagBag from /home/airflow/.local/lib/python3.7/site-packages/airflow/example_dags/example_latest_only.py
[2022-07-22 22:08:12,863] {processor.py:654} INFO - DAG(s) dict_keys(['latest_only']) retrieved from /home/airflow/.local/lib/python3.7/site-packages/airflow/example_dags/example_latest_only.py
[2022-07-22 22:08:12,869] {logging_mixin.py:109} INFO - [2022-07-22 22:08:12,869] {dag.py:2396} INFO - Sync 1 DAGs
[2022-07-22 22:08:12,880] {logging_mixin.py:109} INFO - [2022-07-22 22:08:12,880] {dag.py:2935} INFO - Setting next_dagrun for latest_only to 2022-07-22T18:08:12.880204+00:00
[2022-07-22 22:08:12,886] {processor.py:171} INFO - Processing /home/airflow/.local/lib/python3.7/site-packages/airflow/example_dags/example_latest_only.py took 0.043 seconds
[2022-07-22 22:08:44,067] {processor.py:163} INFO - Started process (PID=1394) to work on /home/airflow/.local/lib/python3.7/site-packages/airflow/example_dags/example_latest_only.py
[2022-07-22 22:08:44,068] {processor.py:642} INFO - Processing file /home/airflow/.local/lib/python3.7/site-packages/airflow/example_dags/example_latest_only.py for tasks to queue
[2022-07-22 22:08:44,069] {logging_mixin.py:109} INFO - [2022-07-22 22:08:44,069] {dagbag.py:500} INFO - Filling up the DagBag from /home/airflow/.local/lib/python3.7/site-packages/airflow/example_dags/example_latest_only.py
[2022-07-22 22:08:44,098] {processor.py:654} INFO - DAG(s) dict_keys(['latest_only']) retrieved from /home/airflow/.local/lib/python3.7/site-packages/airflow/example_dags/example_latest_only.py
[2022-07-22 22:08:44,108] {logging_mixin.py:109} INFO - [2022-07-22 22:08:44,108] {dag.py:2396} INFO - Sync 1 DAGs
[2022-07-22 22:08:44,127] {logging_mixin.py:109} INFO - [2022-07-22 22:08:44,127] {dag.py:2935} INFO - Setting next_dagrun for latest_only to 2022-07-22T18:08:44.126739+00:00
[2022-07-22 22:08:44,136] {processor.py:171} INFO - Processing /home/airflow/.local/lib/python3.7/site-packages/airflow/example_dags/example_latest_only.py took 0.072 seconds
[2022-07-22 22:09:14,582] {processor.py:163} INFO - Started process (PID=1444) to work on /home/airflow/.local/lib/python3.7/site-packages/airflow/example_dags/example_latest_only.py
[2022-07-22 22:09:14,583] {processor.py:642} INFO - Processing file /home/airflow/.local/lib/python3.7/site-packages/airflow/example_dags/example_latest_only.py for tasks to queue
[2022-07-22 22:09:14,583] {logging_mixin.py:109} INFO - [2022-07-22 22:09:14,583] {dagbag.py:500} INFO - Filling up the DagBag from /home/airflow/.local/lib/python3.7/site-packages/airflow/example_dags/example_latest_only.py
[2022-07-22 22:09:14,605] {processor.py:654} INFO - DAG(s) dict_keys(['latest_only']) retrieved from /home/airflow/.local/lib/python3.7/site-packages/airflow/example_dags/example_latest_only.py
[2022-07-22 22:09:14,614] {logging_mixin.py:109} INFO - [2022-07-22 22:09:14,614] {dag.py:2396} INFO - Sync 1 DAGs
[2022-07-22 22:09:14,630] {logging_mixin.py:109} INFO - [2022-07-22 22:09:14,630] {dag.py:2935} INFO - Setting next_dagrun for latest_only to 2022-07-22T18:09:14.630070+00:00
[2022-07-22 22:09:14,638] {processor.py:171} INFO - Processing /home/airflow/.local/lib/python3.7/site-packages/airflow/example_dags/example_latest_only.py took 0.059 seconds
[2022-07-22 22:09:44,707] {processor.py:163} INFO - Started process (PID=1502) to work on /home/airflow/.local/lib/python3.7/site-packages/airflow/example_dags/example_latest_only.py
[2022-07-22 22:09:44,708] {processor.py:642} INFO - Processing file /home/airflow/.local/lib/python3.7/site-packages/airflow/example_dags/example_latest_only.py for tasks to queue
[2022-07-22 22:09:44,708] {logging_mixin.py:109} INFO - [2022-07-22 22:09:44,708] {dagbag.py:500} INFO - Filling up the DagBag from /home/airflow/.local/lib/python3.7/site-packages/airflow/example_dags/example_latest_only.py
[2022-07-22 22:09:44,727] {processor.py:654} INFO - DAG(s) dict_keys(['latest_only']) retrieved from /home/airflow/.local/lib/python3.7/site-packages/airflow/example_dags/example_latest_only.py
[2022-07-22 22:09:44,734] {logging_mixin.py:109} INFO - [2022-07-22 22:09:44,734] {dag.py:2396} INFO - Sync 1 DAGs
[2022-07-22 22:09:44,746] {logging_mixin.py:109} INFO - [2022-07-22 22:09:44,746] {dag.py:2935} INFO - Setting next_dagrun for latest_only to 2022-07-22T18:09:44.746165+00:00
[2022-07-22 22:09:44,753] {processor.py:171} INFO - Processing /home/airflow/.local/lib/python3.7/site-packages/airflow/example_dags/example_latest_only.py took 0.048 seconds
[2022-07-22 22:10:15,680] {processor.py:163} INFO - Started process (PID=1552) to work on /home/airflow/.local/lib/python3.7/site-packages/airflow/example_dags/example_latest_only.py
[2022-07-22 22:10:15,681] {processor.py:642} INFO - Processing file /home/airflow/.local/lib/python3.7/site-packages/airflow/example_dags/example_latest_only.py for tasks to queue
[2022-07-22 22:10:15,682] {logging_mixin.py:109} INFO - [2022-07-22 22:10:15,682] {dagbag.py:500} INFO - Filling up the DagBag from /home/airflow/.local/lib/python3.7/site-packages/airflow/example_dags/example_latest_only.py
[2022-07-22 22:10:15,699] {processor.py:654} INFO - DAG(s) dict_keys(['latest_only']) retrieved from /home/airflow/.local/lib/python3.7/site-packages/airflow/example_dags/example_latest_only.py
[2022-07-22 22:10:15,706] {logging_mixin.py:109} INFO - [2022-07-22 22:10:15,706] {dag.py:2396} INFO - Sync 1 DAGs
[2022-07-22 22:10:15,717] {logging_mixin.py:109} INFO - [2022-07-22 22:10:15,717] {dag.py:2935} INFO - Setting next_dagrun for latest_only to 2022-07-22T18:10:15.716860+00:00
[2022-07-22 22:10:15,722] {processor.py:171} INFO - Processing /home/airflow/.local/lib/python3.7/site-packages/airflow/example_dags/example_latest_only.py took 0.044 seconds
[2022-07-22 22:10:46,359] {processor.py:163} INFO - Started process (PID=1611) to work on /home/airflow/.local/lib/python3.7/site-packages/airflow/example_dags/example_latest_only.py
[2022-07-22 22:10:46,360] {processor.py:642} INFO - Processing file /home/airflow/.local/lib/python3.7/site-packages/airflow/example_dags/example_latest_only.py for tasks to queue
[2022-07-22 22:10:46,360] {logging_mixin.py:109} INFO - [2022-07-22 22:10:46,360] {dagbag.py:500} INFO - Filling up the DagBag from /home/airflow/.local/lib/python3.7/site-packages/airflow/example_dags/example_latest_only.py
[2022-07-22 22:10:46,380] {processor.py:654} INFO - DAG(s) dict_keys(['latest_only']) retrieved from /home/airflow/.local/lib/python3.7/site-packages/airflow/example_dags/example_latest_only.py
[2022-07-22 22:10:46,390] {logging_mixin.py:109} INFO - [2022-07-22 22:10:46,389] {dag.py:2396} INFO - Sync 1 DAGs
[2022-07-22 22:10:46,404] {logging_mixin.py:109} INFO - [2022-07-22 22:10:46,404] {dag.py:2935} INFO - Setting next_dagrun for latest_only to 2022-07-22T18:10:46.404439+00:00
[2022-07-22 22:10:46,411] {processor.py:171} INFO - Processing /home/airflow/.local/lib/python3.7/site-packages/airflow/example_dags/example_latest_only.py took 0.054 seconds
[2022-07-22 22:11:17,249] {processor.py:163} INFO - Started process (PID=1661) to work on /home/airflow/.local/lib/python3.7/site-packages/airflow/example_dags/example_latest_only.py
[2022-07-22 22:11:17,250] {processor.py:642} INFO - Processing file /home/airflow/.local/lib/python3.7/site-packages/airflow/example_dags/example_latest_only.py for tasks to queue
[2022-07-22 22:11:17,250] {logging_mixin.py:109} INFO - [2022-07-22 22:11:17,250] {dagbag.py:500} INFO - Filling up the DagBag from /home/airflow/.local/lib/python3.7/site-packages/airflow/example_dags/example_latest_only.py
[2022-07-22 22:11:17,268] {processor.py:654} INFO - DAG(s) dict_keys(['latest_only']) retrieved from /home/airflow/.local/lib/python3.7/site-packages/airflow/example_dags/example_latest_only.py
[2022-07-22 22:11:17,277] {logging_mixin.py:109} INFO - [2022-07-22 22:11:17,277] {dag.py:2396} INFO - Sync 1 DAGs
[2022-07-22 22:11:17,288] {logging_mixin.py:109} INFO - [2022-07-22 22:11:17,288] {dag.py:2935} INFO - Setting next_dagrun for latest_only to 2022-07-22T18:11:17.288436+00:00
[2022-07-22 22:11:17,294] {processor.py:171} INFO - Processing /home/airflow/.local/lib/python3.7/site-packages/airflow/example_dags/example_latest_only.py took 0.048 seconds
[2022-07-22 22:11:47,995] {processor.py:163} INFO - Started process (PID=1720) to work on /home/airflow/.local/lib/python3.7/site-packages/airflow/example_dags/example_latest_only.py
[2022-07-22 22:11:47,995] {processor.py:642} INFO - Processing file /home/airflow/.local/lib/python3.7/site-packages/airflow/example_dags/example_latest_only.py for tasks to queue
[2022-07-22 22:11:47,996] {logging_mixin.py:109} INFO - [2022-07-22 22:11:47,996] {dagbag.py:500} INFO - Filling up the DagBag from /home/airflow/.local/lib/python3.7/site-packages/airflow/example_dags/example_latest_only.py
[2022-07-22 22:11:48,015] {processor.py:654} INFO - DAG(s) dict_keys(['latest_only']) retrieved from /home/airflow/.local/lib/python3.7/site-packages/airflow/example_dags/example_latest_only.py
[2022-07-22 22:11:48,022] {logging_mixin.py:109} INFO - [2022-07-22 22:11:48,022] {dag.py:2396} INFO - Sync 1 DAGs
[2022-07-22 22:11:48,033] {logging_mixin.py:109} INFO - [2022-07-22 22:11:48,033] {dag.py:2935} INFO - Setting next_dagrun for latest_only to 2022-07-22T18:11:48.033283+00:00
[2022-07-22 22:11:48,039] {processor.py:171} INFO - Processing /home/airflow/.local/lib/python3.7/site-packages/airflow/example_dags/example_latest_only.py took 0.047 seconds
[2022-07-22 22:12:18,936] {processor.py:163} INFO - Started process (PID=1779) to work on /home/airflow/.local/lib/python3.7/site-packages/airflow/example_dags/example_latest_only.py
[2022-07-22 22:12:18,937] {processor.py:642} INFO - Processing file /home/airflow/.local/lib/python3.7/site-packages/airflow/example_dags/example_latest_only.py for tasks to queue
[2022-07-22 22:12:18,937] {logging_mixin.py:109} INFO - [2022-07-22 22:12:18,937] {dagbag.py:500} INFO - Filling up the DagBag from /home/airflow/.local/lib/python3.7/site-packages/airflow/example_dags/example_latest_only.py
[2022-07-22 22:12:18,957] {processor.py:654} INFO - DAG(s) dict_keys(['latest_only']) retrieved from /home/airflow/.local/lib/python3.7/site-packages/airflow/example_dags/example_latest_only.py
[2022-07-22 22:12:18,965] {logging_mixin.py:109} INFO - [2022-07-22 22:12:18,965] {dag.py:2396} INFO - Sync 1 DAGs
[2022-07-22 22:12:18,979] {logging_mixin.py:109} INFO - [2022-07-22 22:12:18,978] {dag.py:2935} INFO - Setting next_dagrun for latest_only to 2022-07-22T18:12:18.978738+00:00
[2022-07-22 22:12:18,986] {processor.py:171} INFO - Processing /home/airflow/.local/lib/python3.7/site-packages/airflow/example_dags/example_latest_only.py took 0.052 seconds
[2022-07-22 22:12:49,714] {processor.py:163} INFO - Started process (PID=1829) to work on /home/airflow/.local/lib/python3.7/site-packages/airflow/example_dags/example_latest_only.py
[2022-07-22 22:12:49,714] {processor.py:642} INFO - Processing file /home/airflow/.local/lib/python3.7/site-packages/airflow/example_dags/example_latest_only.py for tasks to queue
[2022-07-22 22:12:49,715] {logging_mixin.py:109} INFO - [2022-07-22 22:12:49,714] {dagbag.py:500} INFO - Filling up the DagBag from /home/airflow/.local/lib/python3.7/site-packages/airflow/example_dags/example_latest_only.py
[2022-07-22 22:12:49,735] {processor.py:654} INFO - DAG(s) dict_keys(['latest_only']) retrieved from /home/airflow/.local/lib/python3.7/site-packages/airflow/example_dags/example_latest_only.py
[2022-07-22 22:12:49,745] {logging_mixin.py:109} INFO - [2022-07-22 22:12:49,745] {dag.py:2396} INFO - Sync 1 DAGs
[2022-07-22 22:12:49,761] {logging_mixin.py:109} INFO - [2022-07-22 22:12:49,761] {dag.py:2935} INFO - Setting next_dagrun for latest_only to 2022-07-22T18:12:49.761238+00:00
[2022-07-22 22:12:49,769] {processor.py:171} INFO - Processing /home/airflow/.local/lib/python3.7/site-packages/airflow/example_dags/example_latest_only.py took 0.058 seconds
[2022-07-22 22:13:20,642] {processor.py:163} INFO - Started process (PID=1888) to work on /home/airflow/.local/lib/python3.7/site-packages/airflow/example_dags/example_latest_only.py
[2022-07-22 22:13:20,643] {processor.py:642} INFO - Processing file /home/airflow/.local/lib/python3.7/site-packages/airflow/example_dags/example_latest_only.py for tasks to queue
[2022-07-22 22:13:20,644] {logging_mixin.py:109} INFO - [2022-07-22 22:13:20,644] {dagbag.py:500} INFO - Filling up the DagBag from /home/airflow/.local/lib/python3.7/site-packages/airflow/example_dags/example_latest_only.py
[2022-07-22 22:13:20,659] {processor.py:654} INFO - DAG(s) dict_keys(['latest_only']) retrieved from /home/airflow/.local/lib/python3.7/site-packages/airflow/example_dags/example_latest_only.py
[2022-07-22 22:13:20,666] {logging_mixin.py:109} INFO - [2022-07-22 22:13:20,666] {dag.py:2396} INFO - Sync 1 DAGs
[2022-07-22 22:13:20,676] {logging_mixin.py:109} INFO - [2022-07-22 22:13:20,676] {dag.py:2935} INFO - Setting next_dagrun for latest_only to 2022-07-22T18:13:20.676477+00:00
[2022-07-22 22:13:20,682] {processor.py:171} INFO - Processing /home/airflow/.local/lib/python3.7/site-packages/airflow/example_dags/example_latest_only.py took 0.041 seconds
[2022-07-22 22:13:51,203] {processor.py:163} INFO - Started process (PID=1938) to work on /home/airflow/.local/lib/python3.7/site-packages/airflow/example_dags/example_latest_only.py
[2022-07-22 22:13:51,203] {processor.py:642} INFO - Processing file /home/airflow/.local/lib/python3.7/site-packages/airflow/example_dags/example_latest_only.py for tasks to queue
[2022-07-22 22:13:51,204] {logging_mixin.py:109} INFO - [2022-07-22 22:13:51,203] {dagbag.py:500} INFO - Filling up the DagBag from /home/airflow/.local/lib/python3.7/site-packages/airflow/example_dags/example_latest_only.py
[2022-07-22 22:13:51,221] {processor.py:654} INFO - DAG(s) dict_keys(['latest_only']) retrieved from /home/airflow/.local/lib/python3.7/site-packages/airflow/example_dags/example_latest_only.py
[2022-07-22 22:13:51,227] {logging_mixin.py:109} INFO - [2022-07-22 22:13:51,227] {dag.py:2396} INFO - Sync 1 DAGs
[2022-07-22 22:13:51,238] {logging_mixin.py:109} INFO - [2022-07-22 22:13:51,238] {dag.py:2935} INFO - Setting next_dagrun for latest_only to 2022-07-22T18:13:51.238458+00:00
[2022-07-22 22:13:51,244] {processor.py:171} INFO - Processing /home/airflow/.local/lib/python3.7/site-packages/airflow/example_dags/example_latest_only.py took 0.043 seconds
[2022-07-22 22:14:21,945] {processor.py:163} INFO - Started process (PID=1997) to work on /home/airflow/.local/lib/python3.7/site-packages/airflow/example_dags/example_latest_only.py
[2022-07-22 22:14:21,946] {processor.py:642} INFO - Processing file /home/airflow/.local/lib/python3.7/site-packages/airflow/example_dags/example_latest_only.py for tasks to queue
[2022-07-22 22:14:21,947] {logging_mixin.py:109} INFO - [2022-07-22 22:14:21,946] {dagbag.py:500} INFO - Filling up the DagBag from /home/airflow/.local/lib/python3.7/site-packages/airflow/example_dags/example_latest_only.py
[2022-07-22 22:14:21,964] {processor.py:654} INFO - DAG(s) dict_keys(['latest_only']) retrieved from /home/airflow/.local/lib/python3.7/site-packages/airflow/example_dags/example_latest_only.py
[2022-07-22 22:14:21,970] {logging_mixin.py:109} INFO - [2022-07-22 22:14:21,970] {dag.py:2396} INFO - Sync 1 DAGs
[2022-07-22 22:14:21,981] {logging_mixin.py:109} INFO - [2022-07-22 22:14:21,981] {dag.py:2935} INFO - Setting next_dagrun for latest_only to 2022-07-22T18:14:21.981466+00:00
[2022-07-22 22:14:21,987] {processor.py:171} INFO - Processing /home/airflow/.local/lib/python3.7/site-packages/airflow/example_dags/example_latest_only.py took 0.043 seconds
[2022-07-22 22:14:52,481] {processor.py:163} INFO - Started process (PID=2057) to work on /home/airflow/.local/lib/python3.7/site-packages/airflow/example_dags/example_latest_only.py
[2022-07-22 22:14:52,481] {processor.py:642} INFO - Processing file /home/airflow/.local/lib/python3.7/site-packages/airflow/example_dags/example_latest_only.py for tasks to queue
[2022-07-22 22:14:52,482] {logging_mixin.py:109} INFO - [2022-07-22 22:14:52,482] {dagbag.py:500} INFO - Filling up the DagBag from /home/airflow/.local/lib/python3.7/site-packages/airflow/example_dags/example_latest_only.py
[2022-07-22 22:14:52,499] {processor.py:654} INFO - DAG(s) dict_keys(['latest_only']) retrieved from /home/airflow/.local/lib/python3.7/site-packages/airflow/example_dags/example_latest_only.py
[2022-07-22 22:14:52,505] {logging_mixin.py:109} INFO - [2022-07-22 22:14:52,505] {dag.py:2396} INFO - Sync 1 DAGs
[2022-07-22 22:14:52,516] {logging_mixin.py:109} INFO - [2022-07-22 22:14:52,516] {dag.py:2935} INFO - Setting next_dagrun for latest_only to 2022-07-22T18:14:52.516025+00:00
[2022-07-22 22:14:52,522] {processor.py:171} INFO - Processing /home/airflow/.local/lib/python3.7/site-packages/airflow/example_dags/example_latest_only.py took 0.043 seconds
[2022-07-22 22:15:23,074] {processor.py:163} INFO - Started process (PID=2107) to work on /home/airflow/.local/lib/python3.7/site-packages/airflow/example_dags/example_latest_only.py
[2022-07-22 22:15:23,075] {processor.py:642} INFO - Processing file /home/airflow/.local/lib/python3.7/site-packages/airflow/example_dags/example_latest_only.py for tasks to queue
[2022-07-22 22:15:23,075] {logging_mixin.py:109} INFO - [2022-07-22 22:15:23,075] {dagbag.py:500} INFO - Filling up the DagBag from /home/airflow/.local/lib/python3.7/site-packages/airflow/example_dags/example_latest_only.py
[2022-07-22 22:15:23,093] {processor.py:654} INFO - DAG(s) dict_keys(['latest_only']) retrieved from /home/airflow/.local/lib/python3.7/site-packages/airflow/example_dags/example_latest_only.py
[2022-07-22 22:15:23,099] {logging_mixin.py:109} INFO - [2022-07-22 22:15:23,099] {dag.py:2396} INFO - Sync 1 DAGs
[2022-07-22 22:15:23,110] {logging_mixin.py:109} INFO - [2022-07-22 22:15:23,110] {dag.py:2935} INFO - Setting next_dagrun for latest_only to 2022-07-22T18:15:23.109990+00:00
[2022-07-22 22:15:23,116] {processor.py:171} INFO - Processing /home/airflow/.local/lib/python3.7/site-packages/airflow/example_dags/example_latest_only.py took 0.044 seconds
[2022-07-22 22:15:53,772] {processor.py:163} INFO - Started process (PID=2166) to work on /home/airflow/.local/lib/python3.7/site-packages/airflow/example_dags/example_latest_only.py
[2022-07-22 22:15:53,773] {processor.py:642} INFO - Processing file /home/airflow/.local/lib/python3.7/site-packages/airflow/example_dags/example_latest_only.py for tasks to queue
[2022-07-22 22:15:53,773] {logging_mixin.py:109} INFO - [2022-07-22 22:15:53,773] {dagbag.py:500} INFO - Filling up the DagBag from /home/airflow/.local/lib/python3.7/site-packages/airflow/example_dags/example_latest_only.py
[2022-07-22 22:15:53,791] {processor.py:654} INFO - DAG(s) dict_keys(['latest_only']) retrieved from /home/airflow/.local/lib/python3.7/site-packages/airflow/example_dags/example_latest_only.py
[2022-07-22 22:15:53,797] {logging_mixin.py:109} INFO - [2022-07-22 22:15:53,797] {dag.py:2396} INFO - Sync 1 DAGs
[2022-07-22 22:15:53,808] {logging_mixin.py:109} INFO - [2022-07-22 22:15:53,808] {dag.py:2935} INFO - Setting next_dagrun for latest_only to 2022-07-22T18:15:53.808665+00:00
[2022-07-22 22:15:53,815] {processor.py:171} INFO - Processing /home/airflow/.local/lib/python3.7/site-packages/airflow/example_dags/example_latest_only.py took 0.045 seconds
[2022-07-22 22:16:24,393] {processor.py:163} INFO - Started process (PID=2216) to work on /home/airflow/.local/lib/python3.7/site-packages/airflow/example_dags/example_latest_only.py
[2022-07-22 22:16:24,394] {processor.py:642} INFO - Processing file /home/airflow/.local/lib/python3.7/site-packages/airflow/example_dags/example_latest_only.py for tasks to queue
[2022-07-22 22:16:24,394] {logging_mixin.py:109} INFO - [2022-07-22 22:16:24,394] {dagbag.py:500} INFO - Filling up the DagBag from /home/airflow/.local/lib/python3.7/site-packages/airflow/example_dags/example_latest_only.py
[2022-07-22 22:16:24,411] {processor.py:654} INFO - DAG(s) dict_keys(['latest_only']) retrieved from /home/airflow/.local/lib/python3.7/site-packages/airflow/example_dags/example_latest_only.py
[2022-07-22 22:16:24,418] {logging_mixin.py:109} INFO - [2022-07-22 22:16:24,418] {dag.py:2396} INFO - Sync 1 DAGs
[2022-07-22 22:16:24,429] {logging_mixin.py:109} INFO - [2022-07-22 22:16:24,428] {dag.py:2935} INFO - Setting next_dagrun for latest_only to 2022-07-22T18:16:24.428764+00:00
[2022-07-22 22:16:24,435] {processor.py:171} INFO - Processing /home/airflow/.local/lib/python3.7/site-packages/airflow/example_dags/example_latest_only.py took 0.043 seconds
[2022-07-22 22:16:54,810] {processor.py:163} INFO - Started process (PID=2275) to work on /home/airflow/.local/lib/python3.7/site-packages/airflow/example_dags/example_latest_only.py
[2022-07-22 22:16:54,811] {processor.py:642} INFO - Processing file /home/airflow/.local/lib/python3.7/site-packages/airflow/example_dags/example_latest_only.py for tasks to queue
[2022-07-22 22:16:54,812] {logging_mixin.py:109} INFO - [2022-07-22 22:16:54,812] {dagbag.py:500} INFO - Filling up the DagBag from /home/airflow/.local/lib/python3.7/site-packages/airflow/example_dags/example_latest_only.py
[2022-07-22 22:16:54,829] {processor.py:654} INFO - DAG(s) dict_keys(['latest_only']) retrieved from /home/airflow/.local/lib/python3.7/site-packages/airflow/example_dags/example_latest_only.py
[2022-07-22 22:16:54,836] {logging_mixin.py:109} INFO - [2022-07-22 22:16:54,836] {dag.py:2396} INFO - Sync 1 DAGs
[2022-07-22 22:16:54,847] {logging_mixin.py:109} INFO - [2022-07-22 22:16:54,847] {dag.py:2935} INFO - Setting next_dagrun for latest_only to 2022-07-22T18:16:54.846986+00:00
[2022-07-22 22:16:54,853] {processor.py:171} INFO - Processing /home/airflow/.local/lib/python3.7/site-packages/airflow/example_dags/example_latest_only.py took 0.045 seconds
[2022-07-22 22:17:25,430] {processor.py:163} INFO - Started process (PID=2334) to work on /home/airflow/.local/lib/python3.7/site-packages/airflow/example_dags/example_latest_only.py
[2022-07-22 22:17:25,431] {processor.py:642} INFO - Processing file /home/airflow/.local/lib/python3.7/site-packages/airflow/example_dags/example_latest_only.py for tasks to queue
[2022-07-22 22:17:25,432] {logging_mixin.py:109} INFO - [2022-07-22 22:17:25,431] {dagbag.py:500} INFO - Filling up the DagBag from /home/airflow/.local/lib/python3.7/site-packages/airflow/example_dags/example_latest_only.py
[2022-07-22 22:17:25,452] {processor.py:654} INFO - DAG(s) dict_keys(['latest_only']) retrieved from /home/airflow/.local/lib/python3.7/site-packages/airflow/example_dags/example_latest_only.py
[2022-07-22 22:17:25,459] {logging_mixin.py:109} INFO - [2022-07-22 22:17:25,459] {dag.py:2396} INFO - Sync 1 DAGs
[2022-07-22 22:17:25,471] {logging_mixin.py:109} INFO - [2022-07-22 22:17:25,471] {dag.py:2935} INFO - Setting next_dagrun for latest_only to 2022-07-22T18:17:25.470869+00:00
[2022-07-22 22:17:25,477] {processor.py:171} INFO - Processing /home/airflow/.local/lib/python3.7/site-packages/airflow/example_dags/example_latest_only.py took 0.049 seconds
[2022-07-22 22:17:56,290] {processor.py:163} INFO - Started process (PID=2384) to work on /home/airflow/.local/lib/python3.7/site-packages/airflow/example_dags/example_latest_only.py
[2022-07-22 22:17:56,290] {processor.py:642} INFO - Processing file /home/airflow/.local/lib/python3.7/site-packages/airflow/example_dags/example_latest_only.py for tasks to queue
[2022-07-22 22:17:56,291] {logging_mixin.py:109} INFO - [2022-07-22 22:17:56,291] {dagbag.py:500} INFO - Filling up the DagBag from /home/airflow/.local/lib/python3.7/site-packages/airflow/example_dags/example_latest_only.py
[2022-07-22 22:17:56,308] {processor.py:654} INFO - DAG(s) dict_keys(['latest_only']) retrieved from /home/airflow/.local/lib/python3.7/site-packages/airflow/example_dags/example_latest_only.py
[2022-07-22 22:17:56,315] {logging_mixin.py:109} INFO - [2022-07-22 22:17:56,315] {dag.py:2396} INFO - Sync 1 DAGs
[2022-07-22 22:17:56,327] {logging_mixin.py:109} INFO - [2022-07-22 22:17:56,327] {dag.py:2935} INFO - Setting next_dagrun for latest_only to 2022-07-22T18:17:56.327594+00:00
[2022-07-22 22:17:56,334] {processor.py:171} INFO - Processing /home/airflow/.local/lib/python3.7/site-packages/airflow/example_dags/example_latest_only.py took 0.046 seconds
[2022-07-22 22:18:26,916] {processor.py:163} INFO - Started process (PID=2443) to work on /home/airflow/.local/lib/python3.7/site-packages/airflow/example_dags/example_latest_only.py
[2022-07-22 22:18:26,917] {processor.py:642} INFO - Processing file /home/airflow/.local/lib/python3.7/site-packages/airflow/example_dags/example_latest_only.py for tasks to queue
[2022-07-22 22:18:26,917] {logging_mixin.py:109} INFO - [2022-07-22 22:18:26,917] {dagbag.py:500} INFO - Filling up the DagBag from /home/airflow/.local/lib/python3.7/site-packages/airflow/example_dags/example_latest_only.py
[2022-07-22 22:18:26,935] {processor.py:654} INFO - DAG(s) dict_keys(['latest_only']) retrieved from /home/airflow/.local/lib/python3.7/site-packages/airflow/example_dags/example_latest_only.py
[2022-07-22 22:18:26,942] {logging_mixin.py:109} INFO - [2022-07-22 22:18:26,942] {dag.py:2396} INFO - Sync 1 DAGs
[2022-07-22 22:18:26,952] {logging_mixin.py:109} INFO - [2022-07-22 22:18:26,952] {dag.py:2935} INFO - Setting next_dagrun for latest_only to 2022-07-22T18:18:26.952617+00:00
[2022-07-22 22:18:26,958] {processor.py:171} INFO - Processing /home/airflow/.local/lib/python3.7/site-packages/airflow/example_dags/example_latest_only.py took 0.044 seconds
[2022-07-22 22:18:57,732] {processor.py:163} INFO - Started process (PID=2493) to work on /home/airflow/.local/lib/python3.7/site-packages/airflow/example_dags/example_latest_only.py
[2022-07-22 22:18:57,733] {processor.py:642} INFO - Processing file /home/airflow/.local/lib/python3.7/site-packages/airflow/example_dags/example_latest_only.py for tasks to queue
[2022-07-22 22:18:57,733] {logging_mixin.py:109} INFO - [2022-07-22 22:18:57,733] {dagbag.py:500} INFO - Filling up the DagBag from /home/airflow/.local/lib/python3.7/site-packages/airflow/example_dags/example_latest_only.py
[2022-07-22 22:18:57,750] {processor.py:654} INFO - DAG(s) dict_keys(['latest_only']) retrieved from /home/airflow/.local/lib/python3.7/site-packages/airflow/example_dags/example_latest_only.py
[2022-07-22 22:18:57,756] {logging_mixin.py:109} INFO - [2022-07-22 22:18:57,756] {dag.py:2396} INFO - Sync 1 DAGs
[2022-07-22 22:18:57,767] {logging_mixin.py:109} INFO - [2022-07-22 22:18:57,767] {dag.py:2935} INFO - Setting next_dagrun for latest_only to 2022-07-22T18:18:57.767371+00:00
[2022-07-22 22:18:57,774] {processor.py:171} INFO - Processing /home/airflow/.local/lib/python3.7/site-packages/airflow/example_dags/example_latest_only.py took 0.044 seconds
[2022-07-22 22:19:28,568] {processor.py:163} INFO - Started process (PID=2552) to work on /home/airflow/.local/lib/python3.7/site-packages/airflow/example_dags/example_latest_only.py
[2022-07-22 22:19:28,569] {processor.py:642} INFO - Processing file /home/airflow/.local/lib/python3.7/site-packages/airflow/example_dags/example_latest_only.py for tasks to queue
[2022-07-22 22:19:28,569] {logging_mixin.py:109} INFO - [2022-07-22 22:19:28,569] {dagbag.py:500} INFO - Filling up the DagBag from /home/airflow/.local/lib/python3.7/site-packages/airflow/example_dags/example_latest_only.py
[2022-07-22 22:19:28,587] {processor.py:654} INFO - DAG(s) dict_keys(['latest_only']) retrieved from /home/airflow/.local/lib/python3.7/site-packages/airflow/example_dags/example_latest_only.py
[2022-07-22 22:19:28,593] {logging_mixin.py:109} INFO - [2022-07-22 22:19:28,593] {dag.py:2396} INFO - Sync 1 DAGs
[2022-07-22 22:19:28,604] {logging_mixin.py:109} INFO - [2022-07-22 22:19:28,604] {dag.py:2935} INFO - Setting next_dagrun for latest_only to 2022-07-22T18:19:28.604410+00:00
[2022-07-22 22:19:28,611] {processor.py:171} INFO - Processing /home/airflow/.local/lib/python3.7/site-packages/airflow/example_dags/example_latest_only.py took 0.045 seconds
[2022-07-22 22:19:59,318] {processor.py:163} INFO - Started process (PID=2611) to work on /home/airflow/.local/lib/python3.7/site-packages/airflow/example_dags/example_latest_only.py
[2022-07-22 22:19:59,318] {processor.py:642} INFO - Processing file /home/airflow/.local/lib/python3.7/site-packages/airflow/example_dags/example_latest_only.py for tasks to queue
[2022-07-22 22:19:59,319] {logging_mixin.py:109} INFO - [2022-07-22 22:19:59,319] {dagbag.py:500} INFO - Filling up the DagBag from /home/airflow/.local/lib/python3.7/site-packages/airflow/example_dags/example_latest_only.py
[2022-07-22 22:19:59,338] {processor.py:654} INFO - DAG(s) dict_keys(['latest_only']) retrieved from /home/airflow/.local/lib/python3.7/site-packages/airflow/example_dags/example_latest_only.py
[2022-07-22 22:19:59,345] {logging_mixin.py:109} INFO - [2022-07-22 22:19:59,345] {dag.py:2396} INFO - Sync 1 DAGs
[2022-07-22 22:19:59,357] {logging_mixin.py:109} INFO - [2022-07-22 22:19:59,357] {dag.py:2935} INFO - Setting next_dagrun for latest_only to 2022-07-22T18:19:59.357493+00:00
[2022-07-22 22:19:59,364] {processor.py:171} INFO - Processing /home/airflow/.local/lib/python3.7/site-packages/airflow/example_dags/example_latest_only.py took 0.048 seconds
[2022-07-22 22:20:29,548] {processor.py:163} INFO - Started process (PID=2660) to work on /home/airflow/.local/lib/python3.7/site-packages/airflow/example_dags/example_latest_only.py
[2022-07-22 22:20:29,549] {processor.py:642} INFO - Processing file /home/airflow/.local/lib/python3.7/site-packages/airflow/example_dags/example_latest_only.py for tasks to queue
[2022-07-22 22:20:29,550] {logging_mixin.py:109} INFO - [2022-07-22 22:20:29,550] {dagbag.py:500} INFO - Filling up the DagBag from /home/airflow/.local/lib/python3.7/site-packages/airflow/example_dags/example_latest_only.py
[2022-07-22 22:20:29,566] {processor.py:654} INFO - DAG(s) dict_keys(['latest_only']) retrieved from /home/airflow/.local/lib/python3.7/site-packages/airflow/example_dags/example_latest_only.py
[2022-07-22 22:20:29,573] {logging_mixin.py:109} INFO - [2022-07-22 22:20:29,573] {dag.py:2396} INFO - Sync 1 DAGs
[2022-07-22 22:20:29,584] {logging_mixin.py:109} INFO - [2022-07-22 22:20:29,584] {dag.py:2935} INFO - Setting next_dagrun for latest_only to 2022-07-22T18:20:29.584098+00:00
[2022-07-22 22:20:29,590] {processor.py:171} INFO - Processing /home/airflow/.local/lib/python3.7/site-packages/airflow/example_dags/example_latest_only.py took 0.043 seconds
[2022-07-22 22:20:59,711] {processor.py:163} INFO - Started process (PID=2718) to work on /home/airflow/.local/lib/python3.7/site-packages/airflow/example_dags/example_latest_only.py
[2022-07-22 22:20:59,711] {processor.py:642} INFO - Processing file /home/airflow/.local/lib/python3.7/site-packages/airflow/example_dags/example_latest_only.py for tasks to queue
[2022-07-22 22:20:59,712] {logging_mixin.py:109} INFO - [2022-07-22 22:20:59,712] {dagbag.py:500} INFO - Filling up the DagBag from /home/airflow/.local/lib/python3.7/site-packages/airflow/example_dags/example_latest_only.py
[2022-07-22 22:20:59,731] {processor.py:654} INFO - DAG(s) dict_keys(['latest_only']) retrieved from /home/airflow/.local/lib/python3.7/site-packages/airflow/example_dags/example_latest_only.py
[2022-07-22 22:20:59,737] {logging_mixin.py:109} INFO - [2022-07-22 22:20:59,737] {dag.py:2396} INFO - Sync 1 DAGs
[2022-07-22 22:20:59,750] {logging_mixin.py:109} INFO - [2022-07-22 22:20:59,750] {dag.py:2935} INFO - Setting next_dagrun for latest_only to 2022-07-22T18:20:59.749922+00:00
[2022-07-22 22:20:59,823] {processor.py:171} INFO - Processing /home/airflow/.local/lib/python3.7/site-packages/airflow/example_dags/example_latest_only.py took 0.114 seconds
[2022-07-22 22:21:30,434] {processor.py:163} INFO - Started process (PID=2770) to work on /home/airflow/.local/lib/python3.7/site-packages/airflow/example_dags/example_latest_only.py
[2022-07-22 22:21:30,434] {processor.py:642} INFO - Processing file /home/airflow/.local/lib/python3.7/site-packages/airflow/example_dags/example_latest_only.py for tasks to queue
[2022-07-22 22:21:30,435] {logging_mixin.py:109} INFO - [2022-07-22 22:21:30,435] {dagbag.py:500} INFO - Filling up the DagBag from /home/airflow/.local/lib/python3.7/site-packages/airflow/example_dags/example_latest_only.py
[2022-07-22 22:21:30,451] {processor.py:654} INFO - DAG(s) dict_keys(['latest_only']) retrieved from /home/airflow/.local/lib/python3.7/site-packages/airflow/example_dags/example_latest_only.py
[2022-07-22 22:21:30,457] {logging_mixin.py:109} INFO - [2022-07-22 22:21:30,457] {dag.py:2396} INFO - Sync 1 DAGs
[2022-07-22 22:21:30,537] {logging_mixin.py:109} INFO - [2022-07-22 22:21:30,537] {dag.py:2935} INFO - Setting next_dagrun for latest_only to 2022-07-22T18:21:30.537357+00:00
[2022-07-22 22:21:30,544] {processor.py:171} INFO - Processing /home/airflow/.local/lib/python3.7/site-packages/airflow/example_dags/example_latest_only.py took 0.112 seconds
[2022-07-22 22:22:01,206] {processor.py:163} INFO - Started process (PID=2829) to work on /home/airflow/.local/lib/python3.7/site-packages/airflow/example_dags/example_latest_only.py
[2022-07-22 22:22:01,207] {processor.py:642} INFO - Processing file /home/airflow/.local/lib/python3.7/site-packages/airflow/example_dags/example_latest_only.py for tasks to queue
[2022-07-22 22:22:01,207] {logging_mixin.py:109} INFO - [2022-07-22 22:22:01,207] {dagbag.py:500} INFO - Filling up the DagBag from /home/airflow/.local/lib/python3.7/site-packages/airflow/example_dags/example_latest_only.py
[2022-07-22 22:22:01,226] {processor.py:654} INFO - DAG(s) dict_keys(['latest_only']) retrieved from /home/airflow/.local/lib/python3.7/site-packages/airflow/example_dags/example_latest_only.py
[2022-07-22 22:22:01,233] {logging_mixin.py:109} INFO - [2022-07-22 22:22:01,233] {dag.py:2396} INFO - Sync 1 DAGs
[2022-07-22 22:22:01,311] {logging_mixin.py:109} INFO - [2022-07-22 22:22:01,311] {dag.py:2935} INFO - Setting next_dagrun for latest_only to 2022-07-22T18:22:01.311704+00:00
[2022-07-22 22:22:01,317] {processor.py:171} INFO - Processing /home/airflow/.local/lib/python3.7/site-packages/airflow/example_dags/example_latest_only.py took 0.114 seconds
[2022-07-22 22:22:31,909] {processor.py:163} INFO - Started process (PID=2879) to work on /home/airflow/.local/lib/python3.7/site-packages/airflow/example_dags/example_latest_only.py
[2022-07-22 22:22:31,910] {processor.py:642} INFO - Processing file /home/airflow/.local/lib/python3.7/site-packages/airflow/example_dags/example_latest_only.py for tasks to queue
[2022-07-22 22:22:31,910] {logging_mixin.py:109} INFO - [2022-07-22 22:22:31,910] {dagbag.py:500} INFO - Filling up the DagBag from /home/airflow/.local/lib/python3.7/site-packages/airflow/example_dags/example_latest_only.py
[2022-07-22 22:22:31,930] {processor.py:654} INFO - DAG(s) dict_keys(['latest_only']) retrieved from /home/airflow/.local/lib/python3.7/site-packages/airflow/example_dags/example_latest_only.py
[2022-07-22 22:22:32,011] {logging_mixin.py:109} INFO - [2022-07-22 22:22:32,011] {dag.py:2396} INFO - Sync 1 DAGs
[2022-07-22 22:22:32,022] {logging_mixin.py:109} INFO - [2022-07-22 22:22:32,022] {dag.py:2935} INFO - Setting next_dagrun for latest_only to 2022-07-22T18:22:32.021898+00:00
[2022-07-22 22:22:32,028] {processor.py:171} INFO - Processing /home/airflow/.local/lib/python3.7/site-packages/airflow/example_dags/example_latest_only.py took 0.121 seconds
[2022-07-22 22:23:02,662] {processor.py:163} INFO - Started process (PID=2938) to work on /home/airflow/.local/lib/python3.7/site-packages/airflow/example_dags/example_latest_only.py
[2022-07-22 22:23:02,663] {processor.py:642} INFO - Processing file /home/airflow/.local/lib/python3.7/site-packages/airflow/example_dags/example_latest_only.py for tasks to queue
[2022-07-22 22:23:02,663] {logging_mixin.py:109} INFO - [2022-07-22 22:23:02,663] {dagbag.py:500} INFO - Filling up the DagBag from /home/airflow/.local/lib/python3.7/site-packages/airflow/example_dags/example_latest_only.py
[2022-07-22 22:23:02,680] {processor.py:654} INFO - DAG(s) dict_keys(['latest_only']) retrieved from /home/airflow/.local/lib/python3.7/site-packages/airflow/example_dags/example_latest_only.py
[2022-07-22 22:23:02,758] {logging_mixin.py:109} INFO - [2022-07-22 22:23:02,758] {dag.py:2396} INFO - Sync 1 DAGs
[2022-07-22 22:23:02,768] {logging_mixin.py:109} INFO - [2022-07-22 22:23:02,768] {dag.py:2935} INFO - Setting next_dagrun for latest_only to 2022-07-22T18:23:02.768657+00:00
[2022-07-22 22:23:02,774] {processor.py:171} INFO - Processing /home/airflow/.local/lib/python3.7/site-packages/airflow/example_dags/example_latest_only.py took 0.115 seconds
[2022-07-22 22:23:33,331] {processor.py:163} INFO - Started process (PID=2997) to work on /home/airflow/.local/lib/python3.7/site-packages/airflow/example_dags/example_latest_only.py
[2022-07-22 22:23:33,332] {processor.py:642} INFO - Processing file /home/airflow/.local/lib/python3.7/site-packages/airflow/example_dags/example_latest_only.py for tasks to queue
[2022-07-22 22:23:33,332] {logging_mixin.py:109} INFO - [2022-07-22 22:23:33,332] {dagbag.py:500} INFO - Filling up the DagBag from /home/airflow/.local/lib/python3.7/site-packages/airflow/example_dags/example_latest_only.py
[2022-07-22 22:23:33,413] {processor.py:654} INFO - DAG(s) dict_keys(['latest_only']) retrieved from /home/airflow/.local/lib/python3.7/site-packages/airflow/example_dags/example_latest_only.py
[2022-07-22 22:23:33,418] {logging_mixin.py:109} INFO - [2022-07-22 22:23:33,418] {dag.py:2396} INFO - Sync 1 DAGs
[2022-07-22 22:23:33,428] {logging_mixin.py:109} INFO - [2022-07-22 22:23:33,428] {dag.py:2935} INFO - Setting next_dagrun for latest_only to 2022-07-22T18:23:33.428574+00:00
[2022-07-22 22:23:33,434] {processor.py:171} INFO - Processing /home/airflow/.local/lib/python3.7/site-packages/airflow/example_dags/example_latest_only.py took 0.104 seconds
[2022-07-22 22:24:04,057] {processor.py:163} INFO - Started process (PID=3047) to work on /home/airflow/.local/lib/python3.7/site-packages/airflow/example_dags/example_latest_only.py
[2022-07-22 22:24:04,058] {processor.py:642} INFO - Processing file /home/airflow/.local/lib/python3.7/site-packages/airflow/example_dags/example_latest_only.py for tasks to queue
[2022-07-22 22:24:04,059] {logging_mixin.py:109} INFO - [2022-07-22 22:24:04,058] {dagbag.py:500} INFO - Filling up the DagBag from /home/airflow/.local/lib/python3.7/site-packages/airflow/example_dags/example_latest_only.py
[2022-07-22 22:24:04,154] {processor.py:654} INFO - DAG(s) dict_keys(['latest_only']) retrieved from /home/airflow/.local/lib/python3.7/site-packages/airflow/example_dags/example_latest_only.py
[2022-07-22 22:24:04,161] {logging_mixin.py:109} INFO - [2022-07-22 22:24:04,161] {dag.py:2396} INFO - Sync 1 DAGs
[2022-07-22 22:24:04,172] {logging_mixin.py:109} INFO - [2022-07-22 22:24:04,172] {dag.py:2935} INFO - Setting next_dagrun for latest_only to 2022-07-22T18:24:04.172332+00:00
[2022-07-22 22:24:04,178] {processor.py:171} INFO - Processing /home/airflow/.local/lib/python3.7/site-packages/airflow/example_dags/example_latest_only.py took 0.123 seconds
[2022-07-22 22:24:34,895] {processor.py:163} INFO - Started process (PID=3106) to work on /home/airflow/.local/lib/python3.7/site-packages/airflow/example_dags/example_latest_only.py
[2022-07-22 22:24:34,896] {processor.py:642} INFO - Processing file /home/airflow/.local/lib/python3.7/site-packages/airflow/example_dags/example_latest_only.py for tasks to queue
[2022-07-22 22:24:34,896] {logging_mixin.py:109} INFO - [2022-07-22 22:24:34,896] {dagbag.py:500} INFO - Filling up the DagBag from /home/airflow/.local/lib/python3.7/site-packages/airflow/example_dags/example_latest_only.py
[2022-07-22 22:24:34,977] {processor.py:654} INFO - DAG(s) dict_keys(['latest_only']) retrieved from /home/airflow/.local/lib/python3.7/site-packages/airflow/example_dags/example_latest_only.py
[2022-07-22 22:24:34,983] {logging_mixin.py:109} INFO - [2022-07-22 22:24:34,983] {dag.py:2396} INFO - Sync 1 DAGs
[2022-07-22 22:24:34,993] {logging_mixin.py:109} INFO - [2022-07-22 22:24:34,993] {dag.py:2935} INFO - Setting next_dagrun for latest_only to 2022-07-22T18:24:34.993712+00:00
[2022-07-22 22:24:34,999] {processor.py:171} INFO - Processing /home/airflow/.local/lib/python3.7/site-packages/airflow/example_dags/example_latest_only.py took 0.106 seconds
[2022-07-22 22:25:05,495] {processor.py:163} INFO - Started process (PID=3155) to work on /home/airflow/.local/lib/python3.7/site-packages/airflow/example_dags/example_latest_only.py
[2022-07-22 22:25:05,497] {processor.py:642} INFO - Processing file /home/airflow/.local/lib/python3.7/site-packages/airflow/example_dags/example_latest_only.py for tasks to queue
[2022-07-22 22:25:05,498] {logging_mixin.py:109} INFO - [2022-07-22 22:25:05,498] {dagbag.py:500} INFO - Filling up the DagBag from /home/airflow/.local/lib/python3.7/site-packages/airflow/example_dags/example_latest_only.py
[2022-07-22 22:25:05,574] {processor.py:654} INFO - DAG(s) dict_keys(['latest_only']) retrieved from /home/airflow/.local/lib/python3.7/site-packages/airflow/example_dags/example_latest_only.py
[2022-07-22 22:25:05,580] {logging_mixin.py:109} INFO - [2022-07-22 22:25:05,580] {dag.py:2396} INFO - Sync 1 DAGs
[2022-07-22 22:25:05,590] {logging_mixin.py:109} INFO - [2022-07-22 22:25:05,590] {dag.py:2935} INFO - Setting next_dagrun for latest_only to 2022-07-22T18:25:05.590158+00:00
[2022-07-22 22:25:05,595] {processor.py:171} INFO - Processing /home/airflow/.local/lib/python3.7/site-packages/airflow/example_dags/example_latest_only.py took 0.102 seconds
[2022-07-22 22:25:35,888] {processor.py:163} INFO - Started process (PID=3214) to work on /home/airflow/.local/lib/python3.7/site-packages/airflow/example_dags/example_latest_only.py
[2022-07-22 22:25:35,888] {processor.py:642} INFO - Processing file /home/airflow/.local/lib/python3.7/site-packages/airflow/example_dags/example_latest_only.py for tasks to queue
[2022-07-22 22:25:35,889] {logging_mixin.py:109} INFO - [2022-07-22 22:25:35,889] {dagbag.py:500} INFO - Filling up the DagBag from /home/airflow/.local/lib/python3.7/site-packages/airflow/example_dags/example_latest_only.py
[2022-07-22 22:25:35,905] {processor.py:654} INFO - DAG(s) dict_keys(['latest_only']) retrieved from /home/airflow/.local/lib/python3.7/site-packages/airflow/example_dags/example_latest_only.py
[2022-07-22 22:25:35,912] {logging_mixin.py:109} INFO - [2022-07-22 22:25:35,911] {dag.py:2396} INFO - Sync 1 DAGs
[2022-07-22 22:25:35,923] {logging_mixin.py:109} INFO - [2022-07-22 22:25:35,922] {dag.py:2935} INFO - Setting next_dagrun for latest_only to 2022-07-22T18:25:35.922788+00:00
[2022-07-22 22:25:35,928] {processor.py:171} INFO - Processing /home/airflow/.local/lib/python3.7/site-packages/airflow/example_dags/example_latest_only.py took 0.042 seconds
[2022-07-22 22:26:06,474] {processor.py:163} INFO - Started process (PID=3273) to work on /home/airflow/.local/lib/python3.7/site-packages/airflow/example_dags/example_latest_only.py
[2022-07-22 22:26:06,475] {processor.py:642} INFO - Processing file /home/airflow/.local/lib/python3.7/site-packages/airflow/example_dags/example_latest_only.py for tasks to queue
[2022-07-22 22:26:06,475] {logging_mixin.py:109} INFO - [2022-07-22 22:26:06,475] {dagbag.py:500} INFO - Filling up the DagBag from /home/airflow/.local/lib/python3.7/site-packages/airflow/example_dags/example_latest_only.py
[2022-07-22 22:26:06,493] {processor.py:654} INFO - DAG(s) dict_keys(['latest_only']) retrieved from /home/airflow/.local/lib/python3.7/site-packages/airflow/example_dags/example_latest_only.py
[2022-07-22 22:26:06,499] {logging_mixin.py:109} INFO - [2022-07-22 22:26:06,499] {dag.py:2396} INFO - Sync 1 DAGs
[2022-07-22 22:26:06,511] {logging_mixin.py:109} INFO - [2022-07-22 22:26:06,511] {dag.py:2935} INFO - Setting next_dagrun for latest_only to 2022-07-22T18:26:06.510967+00:00
[2022-07-22 22:26:06,517] {processor.py:171} INFO - Processing /home/airflow/.local/lib/python3.7/site-packages/airflow/example_dags/example_latest_only.py took 0.045 seconds
[2022-07-22 22:26:36,892] {processor.py:163} INFO - Started process (PID=3323) to work on /home/airflow/.local/lib/python3.7/site-packages/airflow/example_dags/example_latest_only.py
[2022-07-22 22:26:36,893] {processor.py:642} INFO - Processing file /home/airflow/.local/lib/python3.7/site-packages/airflow/example_dags/example_latest_only.py for tasks to queue
[2022-07-22 22:26:36,893] {logging_mixin.py:109} INFO - [2022-07-22 22:26:36,893] {dagbag.py:500} INFO - Filling up the DagBag from /home/airflow/.local/lib/python3.7/site-packages/airflow/example_dags/example_latest_only.py
[2022-07-22 22:26:36,910] {processor.py:654} INFO - DAG(s) dict_keys(['latest_only']) retrieved from /home/airflow/.local/lib/python3.7/site-packages/airflow/example_dags/example_latest_only.py
[2022-07-22 22:26:36,916] {logging_mixin.py:109} INFO - [2022-07-22 22:26:36,916] {dag.py:2396} INFO - Sync 1 DAGs
[2022-07-22 22:26:36,927] {logging_mixin.py:109} INFO - [2022-07-22 22:26:36,927] {dag.py:2935} INFO - Setting next_dagrun for latest_only to 2022-07-22T18:26:36.927267+00:00
[2022-07-22 22:26:36,933] {processor.py:171} INFO - Processing /home/airflow/.local/lib/python3.7/site-packages/airflow/example_dags/example_latest_only.py took 0.043 seconds
[2022-07-22 22:27:07,321] {processor.py:163} INFO - Started process (PID=3382) to work on /home/airflow/.local/lib/python3.7/site-packages/airflow/example_dags/example_latest_only.py
[2022-07-22 22:27:07,322] {processor.py:642} INFO - Processing file /home/airflow/.local/lib/python3.7/site-packages/airflow/example_dags/example_latest_only.py for tasks to queue
[2022-07-22 22:27:07,322] {logging_mixin.py:109} INFO - [2022-07-22 22:27:07,322] {dagbag.py:500} INFO - Filling up the DagBag from /home/airflow/.local/lib/python3.7/site-packages/airflow/example_dags/example_latest_only.py
[2022-07-22 22:27:07,339] {processor.py:654} INFO - DAG(s) dict_keys(['latest_only']) retrieved from /home/airflow/.local/lib/python3.7/site-packages/airflow/example_dags/example_latest_only.py
[2022-07-22 22:27:07,346] {logging_mixin.py:109} INFO - [2022-07-22 22:27:07,346] {dag.py:2396} INFO - Sync 1 DAGs
[2022-07-22 22:27:07,359] {logging_mixin.py:109} INFO - [2022-07-22 22:27:07,359] {dag.py:2935} INFO - Setting next_dagrun for latest_only to 2022-07-22T18:27:07.358950+00:00
[2022-07-22 22:27:07,365] {processor.py:171} INFO - Processing /home/airflow/.local/lib/python3.7/site-packages/airflow/example_dags/example_latest_only.py took 0.046 seconds
[2022-07-22 22:27:37,728] {processor.py:163} INFO - Started process (PID=3432) to work on /home/airflow/.local/lib/python3.7/site-packages/airflow/example_dags/example_latest_only.py
[2022-07-22 22:27:37,729] {processor.py:642} INFO - Processing file /home/airflow/.local/lib/python3.7/site-packages/airflow/example_dags/example_latest_only.py for tasks to queue
[2022-07-22 22:27:37,729] {logging_mixin.py:109} INFO - [2022-07-22 22:27:37,729] {dagbag.py:500} INFO - Filling up the DagBag from /home/airflow/.local/lib/python3.7/site-packages/airflow/example_dags/example_latest_only.py
[2022-07-22 22:27:37,746] {processor.py:654} INFO - DAG(s) dict_keys(['latest_only']) retrieved from /home/airflow/.local/lib/python3.7/site-packages/airflow/example_dags/example_latest_only.py
[2022-07-22 22:27:37,752] {logging_mixin.py:109} INFO - [2022-07-22 22:27:37,752] {dag.py:2396} INFO - Sync 1 DAGs
[2022-07-22 22:27:37,763] {logging_mixin.py:109} INFO - [2022-07-22 22:27:37,763] {dag.py:2935} INFO - Setting next_dagrun for latest_only to 2022-07-22T18:27:37.762972+00:00
[2022-07-22 22:27:37,769] {processor.py:171} INFO - Processing /home/airflow/.local/lib/python3.7/site-packages/airflow/example_dags/example_latest_only.py took 0.042 seconds
[2022-07-22 22:28:08,025] {processor.py:163} INFO - Started process (PID=3491) to work on /home/airflow/.local/lib/python3.7/site-packages/airflow/example_dags/example_latest_only.py
[2022-07-22 22:28:08,026] {processor.py:642} INFO - Processing file /home/airflow/.local/lib/python3.7/site-packages/airflow/example_dags/example_latest_only.py for tasks to queue
[2022-07-22 22:28:08,027] {logging_mixin.py:109} INFO - [2022-07-22 22:28:08,027] {dagbag.py:500} INFO - Filling up the DagBag from /home/airflow/.local/lib/python3.7/site-packages/airflow/example_dags/example_latest_only.py
[2022-07-22 22:28:08,044] {processor.py:654} INFO - DAG(s) dict_keys(['latest_only']) retrieved from /home/airflow/.local/lib/python3.7/site-packages/airflow/example_dags/example_latest_only.py
[2022-07-22 22:28:08,050] {logging_mixin.py:109} INFO - [2022-07-22 22:28:08,050] {dag.py:2396} INFO - Sync 1 DAGs
[2022-07-22 22:28:08,061] {logging_mixin.py:109} INFO - [2022-07-22 22:28:08,061] {dag.py:2935} INFO - Setting next_dagrun for latest_only to 2022-07-22T18:28:08.061010+00:00
[2022-07-22 22:28:08,067] {processor.py:171} INFO - Processing /home/airflow/.local/lib/python3.7/site-packages/airflow/example_dags/example_latest_only.py took 0.043 seconds
