[2022-07-22 21:54:12,254] {processor.py:163} INFO - Started process (PID=388) to work on /home/airflow/.local/lib/python3.7/site-packages/airflow/example_dags/example_task_group.py
[2022-07-22 21:54:12,254] {processor.py:642} INFO - Processing file /home/airflow/.local/lib/python3.7/site-packages/airflow/example_dags/example_task_group.py for tasks to queue
[2022-07-22 21:54:12,255] {logging_mixin.py:109} INFO - [2022-07-22 21:54:12,255] {dagbag.py:500} INFO - Filling up the DagBag from /home/airflow/.local/lib/python3.7/site-packages/airflow/example_dags/example_task_group.py
[2022-07-22 21:54:12,274] {processor.py:654} INFO - DAG(s) dict_keys(['example_task_group']) retrieved from /home/airflow/.local/lib/python3.7/site-packages/airflow/example_dags/example_task_group.py
[2022-07-22 21:54:13,741] {logging_mixin.py:109} INFO - [2022-07-22 21:54:13,741] {manager.py:496} INFO - Created Permission View: can read on DAG:example_task_group
[2022-07-22 21:54:13,746] {logging_mixin.py:109} INFO - [2022-07-22 21:54:13,746] {manager.py:496} INFO - Created Permission View: can edit on DAG:example_task_group
[2022-07-22 21:54:13,747] {logging_mixin.py:109} INFO - [2022-07-22 21:54:13,747] {dag.py:2396} INFO - Sync 1 DAGs
[2022-07-22 21:54:13,752] {logging_mixin.py:109} INFO - [2022-07-22 21:54:13,752] {dag.py:2415} INFO - Creating ORM DAG for example_task_group
[2022-07-22 21:54:13,757] {logging_mixin.py:109} INFO - [2022-07-22 21:54:13,757] {dag.py:2935} INFO - Setting next_dagrun for example_task_group to 2022-07-21T21:54:13.757526+00:00
[2022-07-22 21:54:13,765] {processor.py:171} INFO - Processing /home/airflow/.local/lib/python3.7/site-packages/airflow/example_dags/example_task_group.py took 1.513 seconds
[2022-07-22 21:54:43,871] {processor.py:163} INFO - Started process (PID=622) to work on /home/airflow/.local/lib/python3.7/site-packages/airflow/example_dags/example_task_group.py
[2022-07-22 21:54:43,872] {processor.py:642} INFO - Processing file /home/airflow/.local/lib/python3.7/site-packages/airflow/example_dags/example_task_group.py for tasks to queue
[2022-07-22 21:54:43,872] {logging_mixin.py:109} INFO - [2022-07-22 21:54:43,872] {dagbag.py:500} INFO - Filling up the DagBag from /home/airflow/.local/lib/python3.7/site-packages/airflow/example_dags/example_task_group.py
[2022-07-22 21:54:43,890] {processor.py:654} INFO - DAG(s) dict_keys(['example_task_group']) retrieved from /home/airflow/.local/lib/python3.7/site-packages/airflow/example_dags/example_task_group.py
[2022-07-22 21:54:43,897] {logging_mixin.py:109} INFO - [2022-07-22 21:54:43,897] {dag.py:2396} INFO - Sync 1 DAGs
[2022-07-22 21:54:43,908] {logging_mixin.py:109} INFO - [2022-07-22 21:54:43,908] {dag.py:2935} INFO - Setting next_dagrun for example_task_group to 2022-07-21T21:54:43.908129+00:00
[2022-07-22 21:54:43,914] {processor.py:171} INFO - Processing /home/airflow/.local/lib/python3.7/site-packages/airflow/example_dags/example_task_group.py took 0.044 seconds
[2022-07-22 21:55:14,091] {processor.py:163} INFO - Started process (PID=674) to work on /home/airflow/.local/lib/python3.7/site-packages/airflow/example_dags/example_task_group.py
[2022-07-22 21:55:14,092] {processor.py:642} INFO - Processing file /home/airflow/.local/lib/python3.7/site-packages/airflow/example_dags/example_task_group.py for tasks to queue
[2022-07-22 21:55:14,092] {logging_mixin.py:109} INFO - [2022-07-22 21:55:14,092] {dagbag.py:500} INFO - Filling up the DagBag from /home/airflow/.local/lib/python3.7/site-packages/airflow/example_dags/example_task_group.py
[2022-07-22 21:55:14,109] {processor.py:654} INFO - DAG(s) dict_keys(['example_task_group']) retrieved from /home/airflow/.local/lib/python3.7/site-packages/airflow/example_dags/example_task_group.py
[2022-07-22 21:55:14,117] {logging_mixin.py:109} INFO - [2022-07-22 21:55:14,117] {dag.py:2396} INFO - Sync 1 DAGs
[2022-07-22 21:55:14,127] {logging_mixin.py:109} INFO - [2022-07-22 21:55:14,127] {dag.py:2935} INFO - Setting next_dagrun for example_task_group to 2022-07-21T21:55:14.127607+00:00
[2022-07-22 21:55:14,133] {processor.py:171} INFO - Processing /home/airflow/.local/lib/python3.7/site-packages/airflow/example_dags/example_task_group.py took 0.044 seconds
[2022-07-22 21:56:27,445] {processor.py:163} INFO - Started process (PID=67) to work on /home/airflow/.local/lib/python3.7/site-packages/airflow/example_dags/example_task_group.py
[2022-07-22 21:56:27,446] {processor.py:642} INFO - Processing file /home/airflow/.local/lib/python3.7/site-packages/airflow/example_dags/example_task_group.py for tasks to queue
[2022-07-22 21:56:27,446] {logging_mixin.py:109} INFO - [2022-07-22 21:56:27,446] {dagbag.py:500} INFO - Filling up the DagBag from /home/airflow/.local/lib/python3.7/site-packages/airflow/example_dags/example_task_group.py
[2022-07-22 21:56:27,465] {processor.py:654} INFO - DAG(s) dict_keys(['example_task_group']) retrieved from /home/airflow/.local/lib/python3.7/site-packages/airflow/example_dags/example_task_group.py
[2022-07-22 21:56:27,472] {logging_mixin.py:109} INFO - [2022-07-22 21:56:27,472] {dag.py:2396} INFO - Sync 1 DAGs
[2022-07-22 21:56:27,483] {logging_mixin.py:109} INFO - [2022-07-22 21:56:27,483] {dag.py:2935} INFO - Setting next_dagrun for example_task_group to 2022-07-21T21:56:27.483500+00:00
[2022-07-22 21:56:27,490] {processor.py:171} INFO - Processing /home/airflow/.local/lib/python3.7/site-packages/airflow/example_dags/example_task_group.py took 0.046 seconds
[2022-07-22 21:56:58,150] {processor.py:163} INFO - Started process (PID=126) to work on /home/airflow/.local/lib/python3.7/site-packages/airflow/example_dags/example_task_group.py
[2022-07-22 21:56:58,151] {processor.py:642} INFO - Processing file /home/airflow/.local/lib/python3.7/site-packages/airflow/example_dags/example_task_group.py for tasks to queue
[2022-07-22 21:56:58,152] {logging_mixin.py:109} INFO - [2022-07-22 21:56:58,151] {dagbag.py:500} INFO - Filling up the DagBag from /home/airflow/.local/lib/python3.7/site-packages/airflow/example_dags/example_task_group.py
[2022-07-22 21:56:58,170] {processor.py:654} INFO - DAG(s) dict_keys(['example_task_group']) retrieved from /home/airflow/.local/lib/python3.7/site-packages/airflow/example_dags/example_task_group.py
[2022-07-22 21:56:58,177] {logging_mixin.py:109} INFO - [2022-07-22 21:56:58,177] {dag.py:2396} INFO - Sync 1 DAGs
[2022-07-22 21:56:58,188] {logging_mixin.py:109} INFO - [2022-07-22 21:56:58,188] {dag.py:2935} INFO - Setting next_dagrun for example_task_group to 2022-07-21T21:56:58.187978+00:00
[2022-07-22 21:56:58,193] {processor.py:171} INFO - Processing /home/airflow/.local/lib/python3.7/site-packages/airflow/example_dags/example_task_group.py took 0.045 seconds
[2022-07-22 21:57:28,968] {processor.py:163} INFO - Started process (PID=186) to work on /home/airflow/.local/lib/python3.7/site-packages/airflow/example_dags/example_task_group.py
[2022-07-22 21:57:28,969] {processor.py:642} INFO - Processing file /home/airflow/.local/lib/python3.7/site-packages/airflow/example_dags/example_task_group.py for tasks to queue
[2022-07-22 21:57:28,969] {logging_mixin.py:109} INFO - [2022-07-22 21:57:28,969] {dagbag.py:500} INFO - Filling up the DagBag from /home/airflow/.local/lib/python3.7/site-packages/airflow/example_dags/example_task_group.py
[2022-07-22 21:57:28,987] {processor.py:654} INFO - DAG(s) dict_keys(['example_task_group']) retrieved from /home/airflow/.local/lib/python3.7/site-packages/airflow/example_dags/example_task_group.py
[2022-07-22 21:57:28,995] {logging_mixin.py:109} INFO - [2022-07-22 21:57:28,995] {dag.py:2396} INFO - Sync 1 DAGs
[2022-07-22 21:57:29,006] {logging_mixin.py:109} INFO - [2022-07-22 21:57:29,006] {dag.py:2935} INFO - Setting next_dagrun for example_task_group to 2022-07-21T21:57:29.006261+00:00
[2022-07-22 21:57:29,012] {processor.py:171} INFO - Processing /home/airflow/.local/lib/python3.7/site-packages/airflow/example_dags/example_task_group.py took 0.045 seconds
[2022-07-22 21:57:59,657] {processor.py:163} INFO - Started process (PID=236) to work on /home/airflow/.local/lib/python3.7/site-packages/airflow/example_dags/example_task_group.py
[2022-07-22 21:57:59,658] {processor.py:642} INFO - Processing file /home/airflow/.local/lib/python3.7/site-packages/airflow/example_dags/example_task_group.py for tasks to queue
[2022-07-22 21:57:59,658] {logging_mixin.py:109} INFO - [2022-07-22 21:57:59,658] {dagbag.py:500} INFO - Filling up the DagBag from /home/airflow/.local/lib/python3.7/site-packages/airflow/example_dags/example_task_group.py
[2022-07-22 21:57:59,678] {processor.py:654} INFO - DAG(s) dict_keys(['example_task_group']) retrieved from /home/airflow/.local/lib/python3.7/site-packages/airflow/example_dags/example_task_group.py
[2022-07-22 21:57:59,686] {logging_mixin.py:109} INFO - [2022-07-22 21:57:59,686] {dag.py:2396} INFO - Sync 1 DAGs
[2022-07-22 21:57:59,697] {logging_mixin.py:109} INFO - [2022-07-22 21:57:59,697] {dag.py:2935} INFO - Setting next_dagrun for example_task_group to 2022-07-21T21:57:59.697608+00:00
[2022-07-22 21:57:59,704] {processor.py:171} INFO - Processing /home/airflow/.local/lib/python3.7/site-packages/airflow/example_dags/example_task_group.py took 0.049 seconds
[2022-07-22 21:58:30,580] {processor.py:163} INFO - Started process (PID=295) to work on /home/airflow/.local/lib/python3.7/site-packages/airflow/example_dags/example_task_group.py
[2022-07-22 21:58:30,580] {processor.py:642} INFO - Processing file /home/airflow/.local/lib/python3.7/site-packages/airflow/example_dags/example_task_group.py for tasks to queue
[2022-07-22 21:58:30,581] {logging_mixin.py:109} INFO - [2022-07-22 21:58:30,581] {dagbag.py:500} INFO - Filling up the DagBag from /home/airflow/.local/lib/python3.7/site-packages/airflow/example_dags/example_task_group.py
[2022-07-22 21:58:30,599] {processor.py:654} INFO - DAG(s) dict_keys(['example_task_group']) retrieved from /home/airflow/.local/lib/python3.7/site-packages/airflow/example_dags/example_task_group.py
[2022-07-22 21:58:30,606] {logging_mixin.py:109} INFO - [2022-07-22 21:58:30,606] {dag.py:2396} INFO - Sync 1 DAGs
[2022-07-22 21:58:30,617] {logging_mixin.py:109} INFO - [2022-07-22 21:58:30,617] {dag.py:2935} INFO - Setting next_dagrun for example_task_group to 2022-07-21T21:58:30.616899+00:00
[2022-07-22 21:58:30,622] {processor.py:171} INFO - Processing /home/airflow/.local/lib/python3.7/site-packages/airflow/example_dags/example_task_group.py took 0.045 seconds
[2022-07-22 21:59:01,382] {processor.py:163} INFO - Started process (PID=354) to work on /home/airflow/.local/lib/python3.7/site-packages/airflow/example_dags/example_task_group.py
[2022-07-22 21:59:01,383] {processor.py:642} INFO - Processing file /home/airflow/.local/lib/python3.7/site-packages/airflow/example_dags/example_task_group.py for tasks to queue
[2022-07-22 21:59:01,384] {logging_mixin.py:109} INFO - [2022-07-22 21:59:01,384] {dagbag.py:500} INFO - Filling up the DagBag from /home/airflow/.local/lib/python3.7/site-packages/airflow/example_dags/example_task_group.py
[2022-07-22 21:59:01,404] {processor.py:654} INFO - DAG(s) dict_keys(['example_task_group']) retrieved from /home/airflow/.local/lib/python3.7/site-packages/airflow/example_dags/example_task_group.py
[2022-07-22 21:59:01,412] {logging_mixin.py:109} INFO - [2022-07-22 21:59:01,412] {dag.py:2396} INFO - Sync 1 DAGs
[2022-07-22 21:59:01,424] {logging_mixin.py:109} INFO - [2022-07-22 21:59:01,424] {dag.py:2935} INFO - Setting next_dagrun for example_task_group to 2022-07-21T21:59:01.424397+00:00
[2022-07-22 21:59:01,430] {processor.py:171} INFO - Processing /home/airflow/.local/lib/python3.7/site-packages/airflow/example_dags/example_task_group.py took 0.050 seconds
[2022-07-22 21:59:32,173] {processor.py:163} INFO - Started process (PID=404) to work on /home/airflow/.local/lib/python3.7/site-packages/airflow/example_dags/example_task_group.py
[2022-07-22 21:59:32,174] {processor.py:642} INFO - Processing file /home/airflow/.local/lib/python3.7/site-packages/airflow/example_dags/example_task_group.py for tasks to queue
[2022-07-22 21:59:32,174] {logging_mixin.py:109} INFO - [2022-07-22 21:59:32,174] {dagbag.py:500} INFO - Filling up the DagBag from /home/airflow/.local/lib/python3.7/site-packages/airflow/example_dags/example_task_group.py
[2022-07-22 21:59:32,193] {processor.py:654} INFO - DAG(s) dict_keys(['example_task_group']) retrieved from /home/airflow/.local/lib/python3.7/site-packages/airflow/example_dags/example_task_group.py
[2022-07-22 21:59:32,200] {logging_mixin.py:109} INFO - [2022-07-22 21:59:32,200] {dag.py:2396} INFO - Sync 1 DAGs
[2022-07-22 21:59:32,211] {logging_mixin.py:109} INFO - [2022-07-22 21:59:32,211] {dag.py:2935} INFO - Setting next_dagrun for example_task_group to 2022-07-21T21:59:32.211195+00:00
[2022-07-22 21:59:32,217] {processor.py:171} INFO - Processing /home/airflow/.local/lib/python3.7/site-packages/airflow/example_dags/example_task_group.py took 0.046 seconds
[2022-07-22 22:00:02,867] {processor.py:163} INFO - Started process (PID=463) to work on /home/airflow/.local/lib/python3.7/site-packages/airflow/example_dags/example_task_group.py
[2022-07-22 22:00:02,868] {processor.py:642} INFO - Processing file /home/airflow/.local/lib/python3.7/site-packages/airflow/example_dags/example_task_group.py for tasks to queue
[2022-07-22 22:00:02,868] {logging_mixin.py:109} INFO - [2022-07-22 22:00:02,868] {dagbag.py:500} INFO - Filling up the DagBag from /home/airflow/.local/lib/python3.7/site-packages/airflow/example_dags/example_task_group.py
[2022-07-22 22:00:02,886] {processor.py:654} INFO - DAG(s) dict_keys(['example_task_group']) retrieved from /home/airflow/.local/lib/python3.7/site-packages/airflow/example_dags/example_task_group.py
[2022-07-22 22:00:02,893] {logging_mixin.py:109} INFO - [2022-07-22 22:00:02,893] {dag.py:2396} INFO - Sync 1 DAGs
[2022-07-22 22:00:02,904] {logging_mixin.py:109} INFO - [2022-07-22 22:00:02,904] {dag.py:2935} INFO - Setting next_dagrun for example_task_group to 2022-07-21T22:00:02.903896+00:00
[2022-07-22 22:00:02,910] {processor.py:171} INFO - Processing /home/airflow/.local/lib/python3.7/site-packages/airflow/example_dags/example_task_group.py took 0.045 seconds
[2022-07-22 22:00:33,552] {processor.py:163} INFO - Started process (PID=513) to work on /home/airflow/.local/lib/python3.7/site-packages/airflow/example_dags/example_task_group.py
[2022-07-22 22:00:33,553] {processor.py:642} INFO - Processing file /home/airflow/.local/lib/python3.7/site-packages/airflow/example_dags/example_task_group.py for tasks to queue
[2022-07-22 22:00:33,553] {logging_mixin.py:109} INFO - [2022-07-22 22:00:33,553] {dagbag.py:500} INFO - Filling up the DagBag from /home/airflow/.local/lib/python3.7/site-packages/airflow/example_dags/example_task_group.py
[2022-07-22 22:00:33,572] {processor.py:654} INFO - DAG(s) dict_keys(['example_task_group']) retrieved from /home/airflow/.local/lib/python3.7/site-packages/airflow/example_dags/example_task_group.py
[2022-07-22 22:00:33,580] {logging_mixin.py:109} INFO - [2022-07-22 22:00:33,580] {dag.py:2396} INFO - Sync 1 DAGs
[2022-07-22 22:00:33,591] {logging_mixin.py:109} INFO - [2022-07-22 22:00:33,591] {dag.py:2935} INFO - Setting next_dagrun for example_task_group to 2022-07-21T22:00:33.591651+00:00
[2022-07-22 22:00:33,598] {processor.py:171} INFO - Processing /home/airflow/.local/lib/python3.7/site-packages/airflow/example_dags/example_task_group.py took 0.048 seconds
[2022-07-22 22:01:04,169] {processor.py:163} INFO - Started process (PID=572) to work on /home/airflow/.local/lib/python3.7/site-packages/airflow/example_dags/example_task_group.py
[2022-07-22 22:01:04,170] {processor.py:642} INFO - Processing file /home/airflow/.local/lib/python3.7/site-packages/airflow/example_dags/example_task_group.py for tasks to queue
[2022-07-22 22:01:04,170] {logging_mixin.py:109} INFO - [2022-07-22 22:01:04,170] {dagbag.py:500} INFO - Filling up the DagBag from /home/airflow/.local/lib/python3.7/site-packages/airflow/example_dags/example_task_group.py
[2022-07-22 22:01:04,188] {processor.py:654} INFO - DAG(s) dict_keys(['example_task_group']) retrieved from /home/airflow/.local/lib/python3.7/site-packages/airflow/example_dags/example_task_group.py
[2022-07-22 22:01:04,195] {logging_mixin.py:109} INFO - [2022-07-22 22:01:04,195] {dag.py:2396} INFO - Sync 1 DAGs
[2022-07-22 22:01:04,205] {logging_mixin.py:109} INFO - [2022-07-22 22:01:04,205] {dag.py:2935} INFO - Setting next_dagrun for example_task_group to 2022-07-21T22:01:04.205620+00:00
[2022-07-22 22:01:04,211] {processor.py:171} INFO - Processing /home/airflow/.local/lib/python3.7/site-packages/airflow/example_dags/example_task_group.py took 0.044 seconds
[2022-07-22 22:01:34,854] {processor.py:163} INFO - Started process (PID=631) to work on /home/airflow/.local/lib/python3.7/site-packages/airflow/example_dags/example_task_group.py
[2022-07-22 22:01:34,855] {processor.py:642} INFO - Processing file /home/airflow/.local/lib/python3.7/site-packages/airflow/example_dags/example_task_group.py for tasks to queue
[2022-07-22 22:01:34,855] {logging_mixin.py:109} INFO - [2022-07-22 22:01:34,855] {dagbag.py:500} INFO - Filling up the DagBag from /home/airflow/.local/lib/python3.7/site-packages/airflow/example_dags/example_task_group.py
[2022-07-22 22:01:34,875] {processor.py:654} INFO - DAG(s) dict_keys(['example_task_group']) retrieved from /home/airflow/.local/lib/python3.7/site-packages/airflow/example_dags/example_task_group.py
[2022-07-22 22:01:34,883] {logging_mixin.py:109} INFO - [2022-07-22 22:01:34,883] {dag.py:2396} INFO - Sync 1 DAGs
[2022-07-22 22:01:34,894] {logging_mixin.py:109} INFO - [2022-07-22 22:01:34,894] {dag.py:2935} INFO - Setting next_dagrun for example_task_group to 2022-07-21T22:01:34.893890+00:00
[2022-07-22 22:01:34,900] {processor.py:171} INFO - Processing /home/airflow/.local/lib/python3.7/site-packages/airflow/example_dags/example_task_group.py took 0.048 seconds
[2022-07-22 22:02:05,534] {processor.py:163} INFO - Started process (PID=681) to work on /home/airflow/.local/lib/python3.7/site-packages/airflow/example_dags/example_task_group.py
[2022-07-22 22:02:05,534] {processor.py:642} INFO - Processing file /home/airflow/.local/lib/python3.7/site-packages/airflow/example_dags/example_task_group.py for tasks to queue
[2022-07-22 22:02:05,535] {logging_mixin.py:109} INFO - [2022-07-22 22:02:05,535] {dagbag.py:500} INFO - Filling up the DagBag from /home/airflow/.local/lib/python3.7/site-packages/airflow/example_dags/example_task_group.py
[2022-07-22 22:02:05,552] {processor.py:654} INFO - DAG(s) dict_keys(['example_task_group']) retrieved from /home/airflow/.local/lib/python3.7/site-packages/airflow/example_dags/example_task_group.py
[2022-07-22 22:02:05,560] {logging_mixin.py:109} INFO - [2022-07-22 22:02:05,560] {dag.py:2396} INFO - Sync 1 DAGs
[2022-07-22 22:02:05,570] {logging_mixin.py:109} INFO - [2022-07-22 22:02:05,570] {dag.py:2935} INFO - Setting next_dagrun for example_task_group to 2022-07-21T22:02:05.570300+00:00
[2022-07-22 22:02:05,576] {processor.py:171} INFO - Processing /home/airflow/.local/lib/python3.7/site-packages/airflow/example_dags/example_task_group.py took 0.044 seconds
[2022-07-22 22:02:36,113] {processor.py:163} INFO - Started process (PID=740) to work on /home/airflow/.local/lib/python3.7/site-packages/airflow/example_dags/example_task_group.py
[2022-07-22 22:02:36,113] {processor.py:642} INFO - Processing file /home/airflow/.local/lib/python3.7/site-packages/airflow/example_dags/example_task_group.py for tasks to queue
[2022-07-22 22:02:36,114] {logging_mixin.py:109} INFO - [2022-07-22 22:02:36,114] {dagbag.py:500} INFO - Filling up the DagBag from /home/airflow/.local/lib/python3.7/site-packages/airflow/example_dags/example_task_group.py
[2022-07-22 22:02:36,131] {processor.py:654} INFO - DAG(s) dict_keys(['example_task_group']) retrieved from /home/airflow/.local/lib/python3.7/site-packages/airflow/example_dags/example_task_group.py
[2022-07-22 22:02:36,139] {logging_mixin.py:109} INFO - [2022-07-22 22:02:36,139] {dag.py:2396} INFO - Sync 1 DAGs
[2022-07-22 22:02:36,150] {logging_mixin.py:109} INFO - [2022-07-22 22:02:36,150] {dag.py:2935} INFO - Setting next_dagrun for example_task_group to 2022-07-21T22:02:36.150041+00:00
[2022-07-22 22:02:36,156] {processor.py:171} INFO - Processing /home/airflow/.local/lib/python3.7/site-packages/airflow/example_dags/example_task_group.py took 0.045 seconds
[2022-07-22 22:03:06,752] {processor.py:163} INFO - Started process (PID=790) to work on /home/airflow/.local/lib/python3.7/site-packages/airflow/example_dags/example_task_group.py
[2022-07-22 22:03:06,753] {processor.py:642} INFO - Processing file /home/airflow/.local/lib/python3.7/site-packages/airflow/example_dags/example_task_group.py for tasks to queue
[2022-07-22 22:03:06,753] {logging_mixin.py:109} INFO - [2022-07-22 22:03:06,753] {dagbag.py:500} INFO - Filling up the DagBag from /home/airflow/.local/lib/python3.7/site-packages/airflow/example_dags/example_task_group.py
[2022-07-22 22:03:06,771] {processor.py:654} INFO - DAG(s) dict_keys(['example_task_group']) retrieved from /home/airflow/.local/lib/python3.7/site-packages/airflow/example_dags/example_task_group.py
[2022-07-22 22:03:06,778] {logging_mixin.py:109} INFO - [2022-07-22 22:03:06,778] {dag.py:2396} INFO - Sync 1 DAGs
[2022-07-22 22:03:06,789] {logging_mixin.py:109} INFO - [2022-07-22 22:03:06,789] {dag.py:2935} INFO - Setting next_dagrun for example_task_group to 2022-07-21T22:03:06.789218+00:00
[2022-07-22 22:03:06,795] {processor.py:171} INFO - Processing /home/airflow/.local/lib/python3.7/site-packages/airflow/example_dags/example_task_group.py took 0.045 seconds
[2022-07-22 22:03:37,343] {processor.py:163} INFO - Started process (PID=849) to work on /home/airflow/.local/lib/python3.7/site-packages/airflow/example_dags/example_task_group.py
[2022-07-22 22:03:37,344] {processor.py:642} INFO - Processing file /home/airflow/.local/lib/python3.7/site-packages/airflow/example_dags/example_task_group.py for tasks to queue
[2022-07-22 22:03:37,344] {logging_mixin.py:109} INFO - [2022-07-22 22:03:37,344] {dagbag.py:500} INFO - Filling up the DagBag from /home/airflow/.local/lib/python3.7/site-packages/airflow/example_dags/example_task_group.py
[2022-07-22 22:03:37,362] {processor.py:654} INFO - DAG(s) dict_keys(['example_task_group']) retrieved from /home/airflow/.local/lib/python3.7/site-packages/airflow/example_dags/example_task_group.py
[2022-07-22 22:03:37,370] {logging_mixin.py:109} INFO - [2022-07-22 22:03:37,369] {dag.py:2396} INFO - Sync 1 DAGs
[2022-07-22 22:03:37,380] {logging_mixin.py:109} INFO - [2022-07-22 22:03:37,380] {dag.py:2935} INFO - Setting next_dagrun for example_task_group to 2022-07-21T22:03:37.380161+00:00
[2022-07-22 22:03:37,386] {processor.py:171} INFO - Processing /home/airflow/.local/lib/python3.7/site-packages/airflow/example_dags/example_task_group.py took 0.045 seconds
[2022-07-22 22:04:08,115] {processor.py:163} INFO - Started process (PID=906) to work on /home/airflow/.local/lib/python3.7/site-packages/airflow/example_dags/example_task_group.py
[2022-07-22 22:04:08,116] {processor.py:642} INFO - Processing file /home/airflow/.local/lib/python3.7/site-packages/airflow/example_dags/example_task_group.py for tasks to queue
[2022-07-22 22:04:08,116] {logging_mixin.py:109} INFO - [2022-07-22 22:04:08,116] {dagbag.py:500} INFO - Filling up the DagBag from /home/airflow/.local/lib/python3.7/site-packages/airflow/example_dags/example_task_group.py
[2022-07-22 22:04:08,135] {processor.py:654} INFO - DAG(s) dict_keys(['example_task_group']) retrieved from /home/airflow/.local/lib/python3.7/site-packages/airflow/example_dags/example_task_group.py
[2022-07-22 22:04:08,145] {logging_mixin.py:109} INFO - [2022-07-22 22:04:08,145] {dag.py:2396} INFO - Sync 1 DAGs
[2022-07-22 22:04:08,157] {logging_mixin.py:109} INFO - [2022-07-22 22:04:08,157] {dag.py:2935} INFO - Setting next_dagrun for example_task_group to 2022-07-21T22:04:08.157204+00:00
[2022-07-22 22:04:08,163] {processor.py:171} INFO - Processing /home/airflow/.local/lib/python3.7/site-packages/airflow/example_dags/example_task_group.py took 0.050 seconds
[2022-07-22 22:04:38,795] {processor.py:163} INFO - Started process (PID=958) to work on /home/airflow/.local/lib/python3.7/site-packages/airflow/example_dags/example_task_group.py
[2022-07-22 22:04:38,796] {processor.py:642} INFO - Processing file /home/airflow/.local/lib/python3.7/site-packages/airflow/example_dags/example_task_group.py for tasks to queue
[2022-07-22 22:04:38,797] {logging_mixin.py:109} INFO - [2022-07-22 22:04:38,797] {dagbag.py:500} INFO - Filling up the DagBag from /home/airflow/.local/lib/python3.7/site-packages/airflow/example_dags/example_task_group.py
[2022-07-22 22:04:38,815] {processor.py:654} INFO - DAG(s) dict_keys(['example_task_group']) retrieved from /home/airflow/.local/lib/python3.7/site-packages/airflow/example_dags/example_task_group.py
[2022-07-22 22:04:38,823] {logging_mixin.py:109} INFO - [2022-07-22 22:04:38,823] {dag.py:2396} INFO - Sync 1 DAGs
[2022-07-22 22:04:38,834] {logging_mixin.py:109} INFO - [2022-07-22 22:04:38,834] {dag.py:2935} INFO - Setting next_dagrun for example_task_group to 2022-07-21T22:04:38.833964+00:00
[2022-07-22 22:04:38,839] {processor.py:171} INFO - Processing /home/airflow/.local/lib/python3.7/site-packages/airflow/example_dags/example_task_group.py took 0.046 seconds
[2022-07-22 22:05:09,444] {processor.py:163} INFO - Started process (PID=1017) to work on /home/airflow/.local/lib/python3.7/site-packages/airflow/example_dags/example_task_group.py
[2022-07-22 22:05:09,445] {processor.py:642} INFO - Processing file /home/airflow/.local/lib/python3.7/site-packages/airflow/example_dags/example_task_group.py for tasks to queue
[2022-07-22 22:05:09,446] {logging_mixin.py:109} INFO - [2022-07-22 22:05:09,446] {dagbag.py:500} INFO - Filling up the DagBag from /home/airflow/.local/lib/python3.7/site-packages/airflow/example_dags/example_task_group.py
[2022-07-22 22:05:09,464] {processor.py:654} INFO - DAG(s) dict_keys(['example_task_group']) retrieved from /home/airflow/.local/lib/python3.7/site-packages/airflow/example_dags/example_task_group.py
[2022-07-22 22:05:09,472] {logging_mixin.py:109} INFO - [2022-07-22 22:05:09,472] {dag.py:2396} INFO - Sync 1 DAGs
[2022-07-22 22:05:09,483] {logging_mixin.py:109} INFO - [2022-07-22 22:05:09,483] {dag.py:2935} INFO - Setting next_dagrun for example_task_group to 2022-07-21T22:05:09.483287+00:00
[2022-07-22 22:05:09,489] {processor.py:171} INFO - Processing /home/airflow/.local/lib/python3.7/site-packages/airflow/example_dags/example_task_group.py took 0.047 seconds
[2022-07-22 22:05:39,999] {processor.py:163} INFO - Started process (PID=1067) to work on /home/airflow/.local/lib/python3.7/site-packages/airflow/example_dags/example_task_group.py
[2022-07-22 22:05:40,000] {processor.py:642} INFO - Processing file /home/airflow/.local/lib/python3.7/site-packages/airflow/example_dags/example_task_group.py for tasks to queue
[2022-07-22 22:05:40,000] {logging_mixin.py:109} INFO - [2022-07-22 22:05:40,000] {dagbag.py:500} INFO - Filling up the DagBag from /home/airflow/.local/lib/python3.7/site-packages/airflow/example_dags/example_task_group.py
[2022-07-22 22:05:40,018] {processor.py:654} INFO - DAG(s) dict_keys(['example_task_group']) retrieved from /home/airflow/.local/lib/python3.7/site-packages/airflow/example_dags/example_task_group.py
[2022-07-22 22:05:40,026] {logging_mixin.py:109} INFO - [2022-07-22 22:05:40,025] {dag.py:2396} INFO - Sync 1 DAGs
[2022-07-22 22:05:40,037] {logging_mixin.py:109} INFO - [2022-07-22 22:05:40,037] {dag.py:2935} INFO - Setting next_dagrun for example_task_group to 2022-07-21T22:05:40.037021+00:00
[2022-07-22 22:05:40,043] {processor.py:171} INFO - Processing /home/airflow/.local/lib/python3.7/site-packages/airflow/example_dags/example_task_group.py took 0.045 seconds
[2022-07-22 22:06:10,603] {processor.py:163} INFO - Started process (PID=1126) to work on /home/airflow/.local/lib/python3.7/site-packages/airflow/example_dags/example_task_group.py
[2022-07-22 22:06:10,604] {processor.py:642} INFO - Processing file /home/airflow/.local/lib/python3.7/site-packages/airflow/example_dags/example_task_group.py for tasks to queue
[2022-07-22 22:06:10,604] {logging_mixin.py:109} INFO - [2022-07-22 22:06:10,604] {dagbag.py:500} INFO - Filling up the DagBag from /home/airflow/.local/lib/python3.7/site-packages/airflow/example_dags/example_task_group.py
[2022-07-22 22:06:10,622] {processor.py:654} INFO - DAG(s) dict_keys(['example_task_group']) retrieved from /home/airflow/.local/lib/python3.7/site-packages/airflow/example_dags/example_task_group.py
[2022-07-22 22:06:10,630] {logging_mixin.py:109} INFO - [2022-07-22 22:06:10,630] {dag.py:2396} INFO - Sync 1 DAGs
[2022-07-22 22:06:10,641] {logging_mixin.py:109} INFO - [2022-07-22 22:06:10,641] {dag.py:2935} INFO - Setting next_dagrun for example_task_group to 2022-07-21T22:06:10.641127+00:00
[2022-07-22 22:06:10,647] {processor.py:171} INFO - Processing /home/airflow/.local/lib/python3.7/site-packages/airflow/example_dags/example_task_group.py took 0.045 seconds
[2022-07-22 22:06:41,221] {processor.py:163} INFO - Started process (PID=1176) to work on /home/airflow/.local/lib/python3.7/site-packages/airflow/example_dags/example_task_group.py
[2022-07-22 22:06:41,221] {processor.py:642} INFO - Processing file /home/airflow/.local/lib/python3.7/site-packages/airflow/example_dags/example_task_group.py for tasks to queue
[2022-07-22 22:06:41,222] {logging_mixin.py:109} INFO - [2022-07-22 22:06:41,222] {dagbag.py:500} INFO - Filling up the DagBag from /home/airflow/.local/lib/python3.7/site-packages/airflow/example_dags/example_task_group.py
[2022-07-22 22:06:41,241] {processor.py:654} INFO - DAG(s) dict_keys(['example_task_group']) retrieved from /home/airflow/.local/lib/python3.7/site-packages/airflow/example_dags/example_task_group.py
[2022-07-22 22:06:41,249] {logging_mixin.py:109} INFO - [2022-07-22 22:06:41,249] {dag.py:2396} INFO - Sync 1 DAGs
[2022-07-22 22:06:41,259] {logging_mixin.py:109} INFO - [2022-07-22 22:06:41,259] {dag.py:2935} INFO - Setting next_dagrun for example_task_group to 2022-07-21T22:06:41.259556+00:00
[2022-07-22 22:06:41,265] {processor.py:171} INFO - Processing /home/airflow/.local/lib/python3.7/site-packages/airflow/example_dags/example_task_group.py took 0.047 seconds
[2022-07-22 22:07:11,881] {processor.py:163} INFO - Started process (PID=1235) to work on /home/airflow/.local/lib/python3.7/site-packages/airflow/example_dags/example_task_group.py
[2022-07-22 22:07:11,882] {processor.py:642} INFO - Processing file /home/airflow/.local/lib/python3.7/site-packages/airflow/example_dags/example_task_group.py for tasks to queue
[2022-07-22 22:07:11,882] {logging_mixin.py:109} INFO - [2022-07-22 22:07:11,882] {dagbag.py:500} INFO - Filling up the DagBag from /home/airflow/.local/lib/python3.7/site-packages/airflow/example_dags/example_task_group.py
[2022-07-22 22:07:11,901] {processor.py:654} INFO - DAG(s) dict_keys(['example_task_group']) retrieved from /home/airflow/.local/lib/python3.7/site-packages/airflow/example_dags/example_task_group.py
[2022-07-22 22:07:11,909] {logging_mixin.py:109} INFO - [2022-07-22 22:07:11,909] {dag.py:2396} INFO - Sync 1 DAGs
[2022-07-22 22:07:11,920] {logging_mixin.py:109} INFO - [2022-07-22 22:07:11,920] {dag.py:2935} INFO - Setting next_dagrun for example_task_group to 2022-07-21T22:07:11.920501+00:00
[2022-07-22 22:07:11,926] {processor.py:171} INFO - Processing /home/airflow/.local/lib/python3.7/site-packages/airflow/example_dags/example_task_group.py took 0.047 seconds
[2022-07-22 22:07:42,462] {processor.py:163} INFO - Started process (PID=1294) to work on /home/airflow/.local/lib/python3.7/site-packages/airflow/example_dags/example_task_group.py
[2022-07-22 22:07:42,463] {processor.py:642} INFO - Processing file /home/airflow/.local/lib/python3.7/site-packages/airflow/example_dags/example_task_group.py for tasks to queue
[2022-07-22 22:07:42,463] {logging_mixin.py:109} INFO - [2022-07-22 22:07:42,463] {dagbag.py:500} INFO - Filling up the DagBag from /home/airflow/.local/lib/python3.7/site-packages/airflow/example_dags/example_task_group.py
[2022-07-22 22:07:42,481] {processor.py:654} INFO - DAG(s) dict_keys(['example_task_group']) retrieved from /home/airflow/.local/lib/python3.7/site-packages/airflow/example_dags/example_task_group.py
[2022-07-22 22:07:42,489] {logging_mixin.py:109} INFO - [2022-07-22 22:07:42,489] {dag.py:2396} INFO - Sync 1 DAGs
[2022-07-22 22:07:42,499] {logging_mixin.py:109} INFO - [2022-07-22 22:07:42,499] {dag.py:2935} INFO - Setting next_dagrun for example_task_group to 2022-07-21T22:07:42.499661+00:00
[2022-07-22 22:07:42,505] {processor.py:171} INFO - Processing /home/airflow/.local/lib/python3.7/site-packages/airflow/example_dags/example_task_group.py took 0.045 seconds
[2022-07-22 22:08:13,213] {processor.py:163} INFO - Started process (PID=1344) to work on /home/airflow/.local/lib/python3.7/site-packages/airflow/example_dags/example_task_group.py
[2022-07-22 22:08:13,214] {processor.py:642} INFO - Processing file /home/airflow/.local/lib/python3.7/site-packages/airflow/example_dags/example_task_group.py for tasks to queue
[2022-07-22 22:08:13,214] {logging_mixin.py:109} INFO - [2022-07-22 22:08:13,214] {dagbag.py:500} INFO - Filling up the DagBag from /home/airflow/.local/lib/python3.7/site-packages/airflow/example_dags/example_task_group.py
[2022-07-22 22:08:13,236] {processor.py:654} INFO - DAG(s) dict_keys(['example_task_group']) retrieved from /home/airflow/.local/lib/python3.7/site-packages/airflow/example_dags/example_task_group.py
[2022-07-22 22:08:13,244] {logging_mixin.py:109} INFO - [2022-07-22 22:08:13,244] {dag.py:2396} INFO - Sync 1 DAGs
[2022-07-22 22:08:13,256] {logging_mixin.py:109} INFO - [2022-07-22 22:08:13,256] {dag.py:2935} INFO - Setting next_dagrun for example_task_group to 2022-07-21T22:08:13.256657+00:00
[2022-07-22 22:08:13,264] {processor.py:171} INFO - Processing /home/airflow/.local/lib/python3.7/site-packages/airflow/example_dags/example_task_group.py took 0.053 seconds
[2022-07-22 22:08:44,533] {processor.py:163} INFO - Started process (PID=1403) to work on /home/airflow/.local/lib/python3.7/site-packages/airflow/example_dags/example_task_group.py
[2022-07-22 22:08:44,534] {processor.py:642} INFO - Processing file /home/airflow/.local/lib/python3.7/site-packages/airflow/example_dags/example_task_group.py for tasks to queue
[2022-07-22 22:08:44,535] {logging_mixin.py:109} INFO - [2022-07-22 22:08:44,535] {dagbag.py:500} INFO - Filling up the DagBag from /home/airflow/.local/lib/python3.7/site-packages/airflow/example_dags/example_task_group.py
[2022-07-22 22:08:44,563] {processor.py:654} INFO - DAG(s) dict_keys(['example_task_group']) retrieved from /home/airflow/.local/lib/python3.7/site-packages/airflow/example_dags/example_task_group.py
[2022-07-22 22:08:44,574] {logging_mixin.py:109} INFO - [2022-07-22 22:08:44,574] {dag.py:2396} INFO - Sync 1 DAGs
[2022-07-22 22:08:44,591] {logging_mixin.py:109} INFO - [2022-07-22 22:08:44,591] {dag.py:2935} INFO - Setting next_dagrun for example_task_group to 2022-07-21T22:08:44.591515+00:00
[2022-07-22 22:08:44,601] {processor.py:171} INFO - Processing /home/airflow/.local/lib/python3.7/site-packages/airflow/example_dags/example_task_group.py took 0.070 seconds
[2022-07-22 22:09:15,099] {processor.py:163} INFO - Started process (PID=1453) to work on /home/airflow/.local/lib/python3.7/site-packages/airflow/example_dags/example_task_group.py
[2022-07-22 22:09:15,100] {processor.py:642} INFO - Processing file /home/airflow/.local/lib/python3.7/site-packages/airflow/example_dags/example_task_group.py for tasks to queue
[2022-07-22 22:09:15,101] {logging_mixin.py:109} INFO - [2022-07-22 22:09:15,100] {dagbag.py:500} INFO - Filling up the DagBag from /home/airflow/.local/lib/python3.7/site-packages/airflow/example_dags/example_task_group.py
[2022-07-22 22:09:15,125] {processor.py:654} INFO - DAG(s) dict_keys(['example_task_group']) retrieved from /home/airflow/.local/lib/python3.7/site-packages/airflow/example_dags/example_task_group.py
[2022-07-22 22:09:15,136] {logging_mixin.py:109} INFO - [2022-07-22 22:09:15,136] {dag.py:2396} INFO - Sync 1 DAGs
[2022-07-22 22:09:15,151] {logging_mixin.py:109} INFO - [2022-07-22 22:09:15,151] {dag.py:2935} INFO - Setting next_dagrun for example_task_group to 2022-07-21T22:09:15.151551+00:00
[2022-07-22 22:09:15,160] {processor.py:171} INFO - Processing /home/airflow/.local/lib/python3.7/site-packages/airflow/example_dags/example_task_group.py took 0.063 seconds
[2022-07-22 22:09:46,208] {processor.py:163} INFO - Started process (PID=1512) to work on /home/airflow/.local/lib/python3.7/site-packages/airflow/example_dags/example_task_group.py
[2022-07-22 22:09:46,209] {processor.py:642} INFO - Processing file /home/airflow/.local/lib/python3.7/site-packages/airflow/example_dags/example_task_group.py for tasks to queue
[2022-07-22 22:09:46,209] {logging_mixin.py:109} INFO - [2022-07-22 22:09:46,209] {dagbag.py:500} INFO - Filling up the DagBag from /home/airflow/.local/lib/python3.7/site-packages/airflow/example_dags/example_task_group.py
[2022-07-22 22:09:46,231] {processor.py:654} INFO - DAG(s) dict_keys(['example_task_group']) retrieved from /home/airflow/.local/lib/python3.7/site-packages/airflow/example_dags/example_task_group.py
[2022-07-22 22:09:46,242] {logging_mixin.py:109} INFO - [2022-07-22 22:09:46,242] {dag.py:2396} INFO - Sync 1 DAGs
[2022-07-22 22:09:46,258] {logging_mixin.py:109} INFO - [2022-07-22 22:09:46,258] {dag.py:2935} INFO - Setting next_dagrun for example_task_group to 2022-07-21T22:09:46.258361+00:00
[2022-07-22 22:09:46,265] {processor.py:171} INFO - Processing /home/airflow/.local/lib/python3.7/site-packages/airflow/example_dags/example_task_group.py took 0.059 seconds
[2022-07-22 22:10:17,070] {processor.py:163} INFO - Started process (PID=1562) to work on /home/airflow/.local/lib/python3.7/site-packages/airflow/example_dags/example_task_group.py
[2022-07-22 22:10:17,071] {processor.py:642} INFO - Processing file /home/airflow/.local/lib/python3.7/site-packages/airflow/example_dags/example_task_group.py for tasks to queue
[2022-07-22 22:10:17,072] {logging_mixin.py:109} INFO - [2022-07-22 22:10:17,072] {dagbag.py:500} INFO - Filling up the DagBag from /home/airflow/.local/lib/python3.7/site-packages/airflow/example_dags/example_task_group.py
[2022-07-22 22:10:17,090] {processor.py:654} INFO - DAG(s) dict_keys(['example_task_group']) retrieved from /home/airflow/.local/lib/python3.7/site-packages/airflow/example_dags/example_task_group.py
[2022-07-22 22:10:17,098] {logging_mixin.py:109} INFO - [2022-07-22 22:10:17,097] {dag.py:2396} INFO - Sync 1 DAGs
[2022-07-22 22:10:17,108] {logging_mixin.py:109} INFO - [2022-07-22 22:10:17,108] {dag.py:2935} INFO - Setting next_dagrun for example_task_group to 2022-07-21T22:10:17.108672+00:00
[2022-07-22 22:10:17,114] {processor.py:171} INFO - Processing /home/airflow/.local/lib/python3.7/site-packages/airflow/example_dags/example_task_group.py took 0.046 seconds
[2022-07-22 22:10:47,885] {processor.py:163} INFO - Started process (PID=1621) to work on /home/airflow/.local/lib/python3.7/site-packages/airflow/example_dags/example_task_group.py
[2022-07-22 22:10:47,886] {processor.py:642} INFO - Processing file /home/airflow/.local/lib/python3.7/site-packages/airflow/example_dags/example_task_group.py for tasks to queue
[2022-07-22 22:10:47,886] {logging_mixin.py:109} INFO - [2022-07-22 22:10:47,886] {dagbag.py:500} INFO - Filling up the DagBag from /home/airflow/.local/lib/python3.7/site-packages/airflow/example_dags/example_task_group.py
[2022-07-22 22:10:47,913] {processor.py:654} INFO - DAG(s) dict_keys(['example_task_group']) retrieved from /home/airflow/.local/lib/python3.7/site-packages/airflow/example_dags/example_task_group.py
[2022-07-22 22:10:47,922] {logging_mixin.py:109} INFO - [2022-07-22 22:10:47,922] {dag.py:2396} INFO - Sync 1 DAGs
[2022-07-22 22:10:47,937] {logging_mixin.py:109} INFO - [2022-07-22 22:10:47,937] {dag.py:2935} INFO - Setting next_dagrun for example_task_group to 2022-07-21T22:10:47.937438+00:00
[2022-07-22 22:10:47,946] {processor.py:171} INFO - Processing /home/airflow/.local/lib/python3.7/site-packages/airflow/example_dags/example_task_group.py took 0.064 seconds
[2022-07-22 22:11:18,664] {processor.py:163} INFO - Started process (PID=1680) to work on /home/airflow/.local/lib/python3.7/site-packages/airflow/example_dags/example_task_group.py
[2022-07-22 22:11:18,665] {processor.py:642} INFO - Processing file /home/airflow/.local/lib/python3.7/site-packages/airflow/example_dags/example_task_group.py for tasks to queue
[2022-07-22 22:11:18,665] {logging_mixin.py:109} INFO - [2022-07-22 22:11:18,665] {dagbag.py:500} INFO - Filling up the DagBag from /home/airflow/.local/lib/python3.7/site-packages/airflow/example_dags/example_task_group.py
[2022-07-22 22:11:18,686] {processor.py:654} INFO - DAG(s) dict_keys(['example_task_group']) retrieved from /home/airflow/.local/lib/python3.7/site-packages/airflow/example_dags/example_task_group.py
[2022-07-22 22:11:18,696] {logging_mixin.py:109} INFO - [2022-07-22 22:11:18,696] {dag.py:2396} INFO - Sync 1 DAGs
[2022-07-22 22:11:18,712] {logging_mixin.py:109} INFO - [2022-07-22 22:11:18,712] {dag.py:2935} INFO - Setting next_dagrun for example_task_group to 2022-07-21T22:11:18.712070+00:00
[2022-07-22 22:11:18,720] {processor.py:171} INFO - Processing /home/airflow/.local/lib/python3.7/site-packages/airflow/example_dags/example_task_group.py took 0.058 seconds
[2022-07-22 22:11:49,424] {processor.py:163} INFO - Started process (PID=1730) to work on /home/airflow/.local/lib/python3.7/site-packages/airflow/example_dags/example_task_group.py
[2022-07-22 22:11:49,425] {processor.py:642} INFO - Processing file /home/airflow/.local/lib/python3.7/site-packages/airflow/example_dags/example_task_group.py for tasks to queue
[2022-07-22 22:11:49,425] {logging_mixin.py:109} INFO - [2022-07-22 22:11:49,425] {dagbag.py:500} INFO - Filling up the DagBag from /home/airflow/.local/lib/python3.7/site-packages/airflow/example_dags/example_task_group.py
[2022-07-22 22:11:49,450] {processor.py:654} INFO - DAG(s) dict_keys(['example_task_group']) retrieved from /home/airflow/.local/lib/python3.7/site-packages/airflow/example_dags/example_task_group.py
[2022-07-22 22:11:49,462] {logging_mixin.py:109} INFO - [2022-07-22 22:11:49,462] {dag.py:2396} INFO - Sync 1 DAGs
[2022-07-22 22:11:49,479] {logging_mixin.py:109} INFO - [2022-07-22 22:11:49,479] {dag.py:2935} INFO - Setting next_dagrun for example_task_group to 2022-07-21T22:11:49.479000+00:00
[2022-07-22 22:11:49,487] {processor.py:171} INFO - Processing /home/airflow/.local/lib/python3.7/site-packages/airflow/example_dags/example_task_group.py took 0.065 seconds
[2022-07-22 22:12:20,371] {processor.py:163} INFO - Started process (PID=1789) to work on /home/airflow/.local/lib/python3.7/site-packages/airflow/example_dags/example_task_group.py
[2022-07-22 22:12:20,372] {processor.py:642} INFO - Processing file /home/airflow/.local/lib/python3.7/site-packages/airflow/example_dags/example_task_group.py for tasks to queue
[2022-07-22 22:12:20,373] {logging_mixin.py:109} INFO - [2022-07-22 22:12:20,373] {dagbag.py:500} INFO - Filling up the DagBag from /home/airflow/.local/lib/python3.7/site-packages/airflow/example_dags/example_task_group.py
[2022-07-22 22:12:20,396] {processor.py:654} INFO - DAG(s) dict_keys(['example_task_group']) retrieved from /home/airflow/.local/lib/python3.7/site-packages/airflow/example_dags/example_task_group.py
[2022-07-22 22:12:20,406] {logging_mixin.py:109} INFO - [2022-07-22 22:12:20,406] {dag.py:2396} INFO - Sync 1 DAGs
[2022-07-22 22:12:20,418] {logging_mixin.py:109} INFO - [2022-07-22 22:12:20,418] {dag.py:2935} INFO - Setting next_dagrun for example_task_group to 2022-07-21T22:12:20.418325+00:00
[2022-07-22 22:12:20,425] {processor.py:171} INFO - Processing /home/airflow/.local/lib/python3.7/site-packages/airflow/example_dags/example_task_group.py took 0.056 seconds
[2022-07-22 22:12:51,216] {processor.py:163} INFO - Started process (PID=1839) to work on /home/airflow/.local/lib/python3.7/site-packages/airflow/example_dags/example_task_group.py
[2022-07-22 22:12:51,216] {processor.py:642} INFO - Processing file /home/airflow/.local/lib/python3.7/site-packages/airflow/example_dags/example_task_group.py for tasks to queue
[2022-07-22 22:12:51,217] {logging_mixin.py:109} INFO - [2022-07-22 22:12:51,216] {dagbag.py:500} INFO - Filling up the DagBag from /home/airflow/.local/lib/python3.7/site-packages/airflow/example_dags/example_task_group.py
[2022-07-22 22:12:51,238] {processor.py:654} INFO - DAG(s) dict_keys(['example_task_group']) retrieved from /home/airflow/.local/lib/python3.7/site-packages/airflow/example_dags/example_task_group.py
[2022-07-22 22:12:51,249] {logging_mixin.py:109} INFO - [2022-07-22 22:12:51,249] {dag.py:2396} INFO - Sync 1 DAGs
[2022-07-22 22:12:51,266] {logging_mixin.py:109} INFO - [2022-07-22 22:12:51,265] {dag.py:2935} INFO - Setting next_dagrun for example_task_group to 2022-07-21T22:12:51.265644+00:00
[2022-07-22 22:12:51,274] {processor.py:171} INFO - Processing /home/airflow/.local/lib/python3.7/site-packages/airflow/example_dags/example_task_group.py took 0.060 seconds
[2022-07-22 22:13:22,024] {processor.py:163} INFO - Started process (PID=1898) to work on /home/airflow/.local/lib/python3.7/site-packages/airflow/example_dags/example_task_group.py
[2022-07-22 22:13:22,025] {processor.py:642} INFO - Processing file /home/airflow/.local/lib/python3.7/site-packages/airflow/example_dags/example_task_group.py for tasks to queue
[2022-07-22 22:13:22,026] {logging_mixin.py:109} INFO - [2022-07-22 22:13:22,026] {dagbag.py:500} INFO - Filling up the DagBag from /home/airflow/.local/lib/python3.7/site-packages/airflow/example_dags/example_task_group.py
[2022-07-22 22:13:22,044] {processor.py:654} INFO - DAG(s) dict_keys(['example_task_group']) retrieved from /home/airflow/.local/lib/python3.7/site-packages/airflow/example_dags/example_task_group.py
[2022-07-22 22:13:22,051] {logging_mixin.py:109} INFO - [2022-07-22 22:13:22,051] {dag.py:2396} INFO - Sync 1 DAGs
[2022-07-22 22:13:22,061] {logging_mixin.py:109} INFO - [2022-07-22 22:13:22,061] {dag.py:2935} INFO - Setting next_dagrun for example_task_group to 2022-07-21T22:13:22.061389+00:00
[2022-07-22 22:13:22,067] {processor.py:171} INFO - Processing /home/airflow/.local/lib/python3.7/site-packages/airflow/example_dags/example_task_group.py took 0.045 seconds
[2022-07-22 22:13:52,547] {processor.py:163} INFO - Started process (PID=1954) to work on /home/airflow/.local/lib/python3.7/site-packages/airflow/example_dags/example_task_group.py
[2022-07-22 22:13:52,548] {processor.py:642} INFO - Processing file /home/airflow/.local/lib/python3.7/site-packages/airflow/example_dags/example_task_group.py for tasks to queue
[2022-07-22 22:13:52,548] {logging_mixin.py:109} INFO - [2022-07-22 22:13:52,548] {dagbag.py:500} INFO - Filling up the DagBag from /home/airflow/.local/lib/python3.7/site-packages/airflow/example_dags/example_task_group.py
[2022-07-22 22:13:52,568] {processor.py:654} INFO - DAG(s) dict_keys(['example_task_group']) retrieved from /home/airflow/.local/lib/python3.7/site-packages/airflow/example_dags/example_task_group.py
[2022-07-22 22:13:52,576] {logging_mixin.py:109} INFO - [2022-07-22 22:13:52,576] {dag.py:2396} INFO - Sync 1 DAGs
[2022-07-22 22:13:52,589] {logging_mixin.py:109} INFO - [2022-07-22 22:13:52,589] {dag.py:2935} INFO - Setting next_dagrun for example_task_group to 2022-07-21T22:13:52.588980+00:00
[2022-07-22 22:13:52,596] {processor.py:171} INFO - Processing /home/airflow/.local/lib/python3.7/site-packages/airflow/example_dags/example_task_group.py took 0.050 seconds
[2022-07-22 22:14:23,334] {processor.py:163} INFO - Started process (PID=2007) to work on /home/airflow/.local/lib/python3.7/site-packages/airflow/example_dags/example_task_group.py
[2022-07-22 22:14:23,334] {processor.py:642} INFO - Processing file /home/airflow/.local/lib/python3.7/site-packages/airflow/example_dags/example_task_group.py for tasks to queue
[2022-07-22 22:14:23,335] {logging_mixin.py:109} INFO - [2022-07-22 22:14:23,335] {dagbag.py:500} INFO - Filling up the DagBag from /home/airflow/.local/lib/python3.7/site-packages/airflow/example_dags/example_task_group.py
[2022-07-22 22:14:23,353] {processor.py:654} INFO - DAG(s) dict_keys(['example_task_group']) retrieved from /home/airflow/.local/lib/python3.7/site-packages/airflow/example_dags/example_task_group.py
[2022-07-22 22:14:23,360] {logging_mixin.py:109} INFO - [2022-07-22 22:14:23,360] {dag.py:2396} INFO - Sync 1 DAGs
[2022-07-22 22:14:23,371] {logging_mixin.py:109} INFO - [2022-07-22 22:14:23,371] {dag.py:2935} INFO - Setting next_dagrun for example_task_group to 2022-07-21T22:14:23.371070+00:00
[2022-07-22 22:14:23,377] {processor.py:171} INFO - Processing /home/airflow/.local/lib/python3.7/site-packages/airflow/example_dags/example_task_group.py took 0.045 seconds
[2022-07-22 22:14:53,858] {processor.py:163} INFO - Started process (PID=2067) to work on /home/airflow/.local/lib/python3.7/site-packages/airflow/example_dags/example_task_group.py
[2022-07-22 22:14:53,858] {processor.py:642} INFO - Processing file /home/airflow/.local/lib/python3.7/site-packages/airflow/example_dags/example_task_group.py for tasks to queue
[2022-07-22 22:14:53,859] {logging_mixin.py:109} INFO - [2022-07-22 22:14:53,858] {dagbag.py:500} INFO - Filling up the DagBag from /home/airflow/.local/lib/python3.7/site-packages/airflow/example_dags/example_task_group.py
[2022-07-22 22:14:53,879] {processor.py:654} INFO - DAG(s) dict_keys(['example_task_group']) retrieved from /home/airflow/.local/lib/python3.7/site-packages/airflow/example_dags/example_task_group.py
[2022-07-22 22:14:53,888] {logging_mixin.py:109} INFO - [2022-07-22 22:14:53,888] {dag.py:2396} INFO - Sync 1 DAGs
[2022-07-22 22:14:53,903] {logging_mixin.py:109} INFO - [2022-07-22 22:14:53,903] {dag.py:2935} INFO - Setting next_dagrun for example_task_group to 2022-07-21T22:14:53.903284+00:00
[2022-07-22 22:14:53,909] {processor.py:171} INFO - Processing /home/airflow/.local/lib/python3.7/site-packages/airflow/example_dags/example_task_group.py took 0.053 seconds
[2022-07-22 22:15:24,466] {processor.py:163} INFO - Started process (PID=2117) to work on /home/airflow/.local/lib/python3.7/site-packages/airflow/example_dags/example_task_group.py
[2022-07-22 22:15:24,467] {processor.py:642} INFO - Processing file /home/airflow/.local/lib/python3.7/site-packages/airflow/example_dags/example_task_group.py for tasks to queue
[2022-07-22 22:15:24,467] {logging_mixin.py:109} INFO - [2022-07-22 22:15:24,467] {dagbag.py:500} INFO - Filling up the DagBag from /home/airflow/.local/lib/python3.7/site-packages/airflow/example_dags/example_task_group.py
[2022-07-22 22:15:24,486] {processor.py:654} INFO - DAG(s) dict_keys(['example_task_group']) retrieved from /home/airflow/.local/lib/python3.7/site-packages/airflow/example_dags/example_task_group.py
[2022-07-22 22:15:24,494] {logging_mixin.py:109} INFO - [2022-07-22 22:15:24,494] {dag.py:2396} INFO - Sync 1 DAGs
[2022-07-22 22:15:24,506] {logging_mixin.py:109} INFO - [2022-07-22 22:15:24,506] {dag.py:2935} INFO - Setting next_dagrun for example_task_group to 2022-07-21T22:15:24.506256+00:00
[2022-07-22 22:15:24,513] {processor.py:171} INFO - Processing /home/airflow/.local/lib/python3.7/site-packages/airflow/example_dags/example_task_group.py took 0.048 seconds
[2022-07-22 22:15:55,165] {processor.py:163} INFO - Started process (PID=2176) to work on /home/airflow/.local/lib/python3.7/site-packages/airflow/example_dags/example_task_group.py
[2022-07-22 22:15:55,166] {processor.py:642} INFO - Processing file /home/airflow/.local/lib/python3.7/site-packages/airflow/example_dags/example_task_group.py for tasks to queue
[2022-07-22 22:15:55,166] {logging_mixin.py:109} INFO - [2022-07-22 22:15:55,166] {dagbag.py:500} INFO - Filling up the DagBag from /home/airflow/.local/lib/python3.7/site-packages/airflow/example_dags/example_task_group.py
[2022-07-22 22:15:55,185] {processor.py:654} INFO - DAG(s) dict_keys(['example_task_group']) retrieved from /home/airflow/.local/lib/python3.7/site-packages/airflow/example_dags/example_task_group.py
[2022-07-22 22:15:55,193] {logging_mixin.py:109} INFO - [2022-07-22 22:15:55,193] {dag.py:2396} INFO - Sync 1 DAGs
[2022-07-22 22:15:55,204] {logging_mixin.py:109} INFO - [2022-07-22 22:15:55,204] {dag.py:2935} INFO - Setting next_dagrun for example_task_group to 2022-07-21T22:15:55.204313+00:00
[2022-07-22 22:15:55,210] {processor.py:171} INFO - Processing /home/airflow/.local/lib/python3.7/site-packages/airflow/example_dags/example_task_group.py took 0.047 seconds
[2022-07-22 22:16:25,773] {processor.py:163} INFO - Started process (PID=2226) to work on /home/airflow/.local/lib/python3.7/site-packages/airflow/example_dags/example_task_group.py
[2022-07-22 22:16:25,774] {processor.py:642} INFO - Processing file /home/airflow/.local/lib/python3.7/site-packages/airflow/example_dags/example_task_group.py for tasks to queue
[2022-07-22 22:16:25,775] {logging_mixin.py:109} INFO - [2022-07-22 22:16:25,775] {dagbag.py:500} INFO - Filling up the DagBag from /home/airflow/.local/lib/python3.7/site-packages/airflow/example_dags/example_task_group.py
[2022-07-22 22:16:25,793] {processor.py:654} INFO - DAG(s) dict_keys(['example_task_group']) retrieved from /home/airflow/.local/lib/python3.7/site-packages/airflow/example_dags/example_task_group.py
[2022-07-22 22:16:25,800] {logging_mixin.py:109} INFO - [2022-07-22 22:16:25,800] {dag.py:2396} INFO - Sync 1 DAGs
[2022-07-22 22:16:25,810] {logging_mixin.py:109} INFO - [2022-07-22 22:16:25,810] {dag.py:2935} INFO - Setting next_dagrun for example_task_group to 2022-07-21T22:16:25.810240+00:00
[2022-07-22 22:16:25,816] {processor.py:171} INFO - Processing /home/airflow/.local/lib/python3.7/site-packages/airflow/example_dags/example_task_group.py took 0.044 seconds
[2022-07-22 22:16:56,163] {processor.py:163} INFO - Started process (PID=2285) to work on /home/airflow/.local/lib/python3.7/site-packages/airflow/example_dags/example_task_group.py
[2022-07-22 22:16:56,164] {processor.py:642} INFO - Processing file /home/airflow/.local/lib/python3.7/site-packages/airflow/example_dags/example_task_group.py for tasks to queue
[2022-07-22 22:16:56,164] {logging_mixin.py:109} INFO - [2022-07-22 22:16:56,164] {dagbag.py:500} INFO - Filling up the DagBag from /home/airflow/.local/lib/python3.7/site-packages/airflow/example_dags/example_task_group.py
[2022-07-22 22:16:56,183] {processor.py:654} INFO - DAG(s) dict_keys(['example_task_group']) retrieved from /home/airflow/.local/lib/python3.7/site-packages/airflow/example_dags/example_task_group.py
[2022-07-22 22:16:56,190] {logging_mixin.py:109} INFO - [2022-07-22 22:16:56,190] {dag.py:2396} INFO - Sync 1 DAGs
[2022-07-22 22:16:56,202] {logging_mixin.py:109} INFO - [2022-07-22 22:16:56,202] {dag.py:2935} INFO - Setting next_dagrun for example_task_group to 2022-07-21T22:16:56.202050+00:00
[2022-07-22 22:16:56,209] {processor.py:171} INFO - Processing /home/airflow/.local/lib/python3.7/site-packages/airflow/example_dags/example_task_group.py took 0.047 seconds
[2022-07-22 22:17:26,857] {processor.py:163} INFO - Started process (PID=2344) to work on /home/airflow/.local/lib/python3.7/site-packages/airflow/example_dags/example_task_group.py
[2022-07-22 22:17:26,858] {processor.py:642} INFO - Processing file /home/airflow/.local/lib/python3.7/site-packages/airflow/example_dags/example_task_group.py for tasks to queue
[2022-07-22 22:17:26,858] {logging_mixin.py:109} INFO - [2022-07-22 22:17:26,858] {dagbag.py:500} INFO - Filling up the DagBag from /home/airflow/.local/lib/python3.7/site-packages/airflow/example_dags/example_task_group.py
[2022-07-22 22:17:26,882] {processor.py:654} INFO - DAG(s) dict_keys(['example_task_group']) retrieved from /home/airflow/.local/lib/python3.7/site-packages/airflow/example_dags/example_task_group.py
[2022-07-22 22:17:26,891] {logging_mixin.py:109} INFO - [2022-07-22 22:17:26,891] {dag.py:2396} INFO - Sync 1 DAGs
[2022-07-22 22:17:26,903] {logging_mixin.py:109} INFO - [2022-07-22 22:17:26,903] {dag.py:2935} INFO - Setting next_dagrun for example_task_group to 2022-07-21T22:17:26.903385+00:00
[2022-07-22 22:17:26,910] {processor.py:171} INFO - Processing /home/airflow/.local/lib/python3.7/site-packages/airflow/example_dags/example_task_group.py took 0.055 seconds
[2022-07-22 22:17:57,733] {processor.py:163} INFO - Started process (PID=2394) to work on /home/airflow/.local/lib/python3.7/site-packages/airflow/example_dags/example_task_group.py
[2022-07-22 22:17:57,734] {processor.py:642} INFO - Processing file /home/airflow/.local/lib/python3.7/site-packages/airflow/example_dags/example_task_group.py for tasks to queue
[2022-07-22 22:17:57,734] {logging_mixin.py:109} INFO - [2022-07-22 22:17:57,734] {dagbag.py:500} INFO - Filling up the DagBag from /home/airflow/.local/lib/python3.7/site-packages/airflow/example_dags/example_task_group.py
[2022-07-22 22:17:57,753] {processor.py:654} INFO - DAG(s) dict_keys(['example_task_group']) retrieved from /home/airflow/.local/lib/python3.7/site-packages/airflow/example_dags/example_task_group.py
[2022-07-22 22:17:57,761] {logging_mixin.py:109} INFO - [2022-07-22 22:17:57,761] {dag.py:2396} INFO - Sync 1 DAGs
[2022-07-22 22:17:57,772] {logging_mixin.py:109} INFO - [2022-07-22 22:17:57,772] {dag.py:2935} INFO - Setting next_dagrun for example_task_group to 2022-07-21T22:17:57.772075+00:00
[2022-07-22 22:17:57,778] {processor.py:171} INFO - Processing /home/airflow/.local/lib/python3.7/site-packages/airflow/example_dags/example_task_group.py took 0.046 seconds
[2022-07-22 22:18:28,305] {processor.py:163} INFO - Started process (PID=2453) to work on /home/airflow/.local/lib/python3.7/site-packages/airflow/example_dags/example_task_group.py
[2022-07-22 22:18:28,306] {processor.py:642} INFO - Processing file /home/airflow/.local/lib/python3.7/site-packages/airflow/example_dags/example_task_group.py for tasks to queue
[2022-07-22 22:18:28,306] {logging_mixin.py:109} INFO - [2022-07-22 22:18:28,306] {dagbag.py:500} INFO - Filling up the DagBag from /home/airflow/.local/lib/python3.7/site-packages/airflow/example_dags/example_task_group.py
[2022-07-22 22:18:28,324] {processor.py:654} INFO - DAG(s) dict_keys(['example_task_group']) retrieved from /home/airflow/.local/lib/python3.7/site-packages/airflow/example_dags/example_task_group.py
[2022-07-22 22:18:28,331] {logging_mixin.py:109} INFO - [2022-07-22 22:18:28,331] {dag.py:2396} INFO - Sync 1 DAGs
[2022-07-22 22:18:28,341] {logging_mixin.py:109} INFO - [2022-07-22 22:18:28,341] {dag.py:2935} INFO - Setting next_dagrun for example_task_group to 2022-07-21T22:18:28.341461+00:00
[2022-07-22 22:18:28,347] {processor.py:171} INFO - Processing /home/airflow/.local/lib/python3.7/site-packages/airflow/example_dags/example_task_group.py took 0.044 seconds
[2022-07-22 22:18:59,253] {processor.py:163} INFO - Started process (PID=2503) to work on /home/airflow/.local/lib/python3.7/site-packages/airflow/example_dags/example_task_group.py
[2022-07-22 22:18:59,254] {processor.py:642} INFO - Processing file /home/airflow/.local/lib/python3.7/site-packages/airflow/example_dags/example_task_group.py for tasks to queue
[2022-07-22 22:18:59,255] {logging_mixin.py:109} INFO - [2022-07-22 22:18:59,255] {dagbag.py:500} INFO - Filling up the DagBag from /home/airflow/.local/lib/python3.7/site-packages/airflow/example_dags/example_task_group.py
[2022-07-22 22:18:59,276] {processor.py:654} INFO - DAG(s) dict_keys(['example_task_group']) retrieved from /home/airflow/.local/lib/python3.7/site-packages/airflow/example_dags/example_task_group.py
[2022-07-22 22:18:59,285] {logging_mixin.py:109} INFO - [2022-07-22 22:18:59,285] {dag.py:2396} INFO - Sync 1 DAGs
[2022-07-22 22:18:59,297] {logging_mixin.py:109} INFO - [2022-07-22 22:18:59,297] {dag.py:2935} INFO - Setting next_dagrun for example_task_group to 2022-07-21T22:18:59.297599+00:00
[2022-07-22 22:18:59,304] {processor.py:171} INFO - Processing /home/airflow/.local/lib/python3.7/site-packages/airflow/example_dags/example_task_group.py took 0.052 seconds
[2022-07-22 22:19:29,986] {processor.py:163} INFO - Started process (PID=2562) to work on /home/airflow/.local/lib/python3.7/site-packages/airflow/example_dags/example_task_group.py
[2022-07-22 22:19:29,987] {processor.py:642} INFO - Processing file /home/airflow/.local/lib/python3.7/site-packages/airflow/example_dags/example_task_group.py for tasks to queue
[2022-07-22 22:19:29,987] {logging_mixin.py:109} INFO - [2022-07-22 22:19:29,987] {dagbag.py:500} INFO - Filling up the DagBag from /home/airflow/.local/lib/python3.7/site-packages/airflow/example_dags/example_task_group.py
[2022-07-22 22:19:30,005] {processor.py:654} INFO - DAG(s) dict_keys(['example_task_group']) retrieved from /home/airflow/.local/lib/python3.7/site-packages/airflow/example_dags/example_task_group.py
[2022-07-22 22:19:30,015] {logging_mixin.py:109} INFO - [2022-07-22 22:19:30,015] {dag.py:2396} INFO - Sync 1 DAGs
[2022-07-22 22:19:30,026] {logging_mixin.py:109} INFO - [2022-07-22 22:19:30,026] {dag.py:2935} INFO - Setting next_dagrun for example_task_group to 2022-07-21T22:19:30.026580+00:00
[2022-07-22 22:19:30,032] {processor.py:171} INFO - Processing /home/airflow/.local/lib/python3.7/site-packages/airflow/example_dags/example_task_group.py took 0.048 seconds
[2022-07-22 22:20:00,940] {processor.py:163} INFO - Started process (PID=2621) to work on /home/airflow/.local/lib/python3.7/site-packages/airflow/example_dags/example_task_group.py
[2022-07-22 22:20:00,941] {processor.py:642} INFO - Processing file /home/airflow/.local/lib/python3.7/site-packages/airflow/example_dags/example_task_group.py for tasks to queue
[2022-07-22 22:20:00,941] {logging_mixin.py:109} INFO - [2022-07-22 22:20:00,941] {dagbag.py:500} INFO - Filling up the DagBag from /home/airflow/.local/lib/python3.7/site-packages/airflow/example_dags/example_task_group.py
[2022-07-22 22:20:00,960] {processor.py:654} INFO - DAG(s) dict_keys(['example_task_group']) retrieved from /home/airflow/.local/lib/python3.7/site-packages/airflow/example_dags/example_task_group.py
[2022-07-22 22:20:00,968] {logging_mixin.py:109} INFO - [2022-07-22 22:20:00,968] {dag.py:2396} INFO - Sync 1 DAGs
[2022-07-22 22:20:00,979] {logging_mixin.py:109} INFO - [2022-07-22 22:20:00,979] {dag.py:2935} INFO - Setting next_dagrun for example_task_group to 2022-07-21T22:20:00.979110+00:00
[2022-07-22 22:20:00,985] {processor.py:171} INFO - Processing /home/airflow/.local/lib/python3.7/site-packages/airflow/example_dags/example_task_group.py took 0.046 seconds
[2022-07-22 22:20:31,294] {processor.py:163} INFO - Started process (PID=2671) to work on /home/airflow/.local/lib/python3.7/site-packages/airflow/example_dags/example_task_group.py
[2022-07-22 22:20:31,295] {processor.py:642} INFO - Processing file /home/airflow/.local/lib/python3.7/site-packages/airflow/example_dags/example_task_group.py for tasks to queue
[2022-07-22 22:20:31,295] {logging_mixin.py:109} INFO - [2022-07-22 22:20:31,295] {dagbag.py:500} INFO - Filling up the DagBag from /home/airflow/.local/lib/python3.7/site-packages/airflow/example_dags/example_task_group.py
[2022-07-22 22:20:31,314] {processor.py:654} INFO - DAG(s) dict_keys(['example_task_group']) retrieved from /home/airflow/.local/lib/python3.7/site-packages/airflow/example_dags/example_task_group.py
[2022-07-22 22:20:31,321] {logging_mixin.py:109} INFO - [2022-07-22 22:20:31,321] {dag.py:2396} INFO - Sync 1 DAGs
[2022-07-22 22:20:31,332] {logging_mixin.py:109} INFO - [2022-07-22 22:20:31,332] {dag.py:2935} INFO - Setting next_dagrun for example_task_group to 2022-07-21T22:20:31.332575+00:00
[2022-07-22 22:20:31,409] {processor.py:171} INFO - Processing /home/airflow/.local/lib/python3.7/site-packages/airflow/example_dags/example_task_group.py took 0.117 seconds
[2022-07-22 22:21:01,620] {processor.py:163} INFO - Started process (PID=2730) to work on /home/airflow/.local/lib/python3.7/site-packages/airflow/example_dags/example_task_group.py
[2022-07-22 22:21:01,621] {processor.py:642} INFO - Processing file /home/airflow/.local/lib/python3.7/site-packages/airflow/example_dags/example_task_group.py for tasks to queue
[2022-07-22 22:21:01,621] {logging_mixin.py:109} INFO - [2022-07-22 22:21:01,621] {dagbag.py:500} INFO - Filling up the DagBag from /home/airflow/.local/lib/python3.7/site-packages/airflow/example_dags/example_task_group.py
[2022-07-22 22:21:01,642] {processor.py:654} INFO - DAG(s) dict_keys(['example_task_group']) retrieved from /home/airflow/.local/lib/python3.7/site-packages/airflow/example_dags/example_task_group.py
[2022-07-22 22:21:01,649] {logging_mixin.py:109} INFO - [2022-07-22 22:21:01,649] {dag.py:2396} INFO - Sync 1 DAGs
[2022-07-22 22:21:01,729] {logging_mixin.py:109} INFO - [2022-07-22 22:21:01,729] {dag.py:2935} INFO - Setting next_dagrun for example_task_group to 2022-07-21T22:21:01.728883+00:00
[2022-07-22 22:21:01,736] {processor.py:171} INFO - Processing /home/airflow/.local/lib/python3.7/site-packages/airflow/example_dags/example_task_group.py took 0.117 seconds
[2022-07-22 22:21:32,158] {processor.py:163} INFO - Started process (PID=2781) to work on /home/airflow/.local/lib/python3.7/site-packages/airflow/example_dags/example_task_group.py
[2022-07-22 22:21:32,159] {processor.py:642} INFO - Processing file /home/airflow/.local/lib/python3.7/site-packages/airflow/example_dags/example_task_group.py for tasks to queue
[2022-07-22 22:21:32,160] {logging_mixin.py:109} INFO - [2022-07-22 22:21:32,159] {dagbag.py:500} INFO - Filling up the DagBag from /home/airflow/.local/lib/python3.7/site-packages/airflow/example_dags/example_task_group.py
[2022-07-22 22:21:32,178] {processor.py:654} INFO - DAG(s) dict_keys(['example_task_group']) retrieved from /home/airflow/.local/lib/python3.7/site-packages/airflow/example_dags/example_task_group.py
[2022-07-22 22:21:32,185] {logging_mixin.py:109} INFO - [2022-07-22 22:21:32,185] {dag.py:2396} INFO - Sync 1 DAGs
[2022-07-22 22:21:32,265] {logging_mixin.py:109} INFO - [2022-07-22 22:21:32,265] {dag.py:2935} INFO - Setting next_dagrun for example_task_group to 2022-07-21T22:21:32.265189+00:00
[2022-07-22 22:21:32,271] {processor.py:171} INFO - Processing /home/airflow/.local/lib/python3.7/site-packages/airflow/example_dags/example_task_group.py took 0.115 seconds
[2022-07-22 22:22:02,961] {processor.py:163} INFO - Started process (PID=2839) to work on /home/airflow/.local/lib/python3.7/site-packages/airflow/example_dags/example_task_group.py
[2022-07-22 22:22:02,962] {processor.py:642} INFO - Processing file /home/airflow/.local/lib/python3.7/site-packages/airflow/example_dags/example_task_group.py for tasks to queue
[2022-07-22 22:22:02,962] {logging_mixin.py:109} INFO - [2022-07-22 22:22:02,962] {dagbag.py:500} INFO - Filling up the DagBag from /home/airflow/.local/lib/python3.7/site-packages/airflow/example_dags/example_task_group.py
[2022-07-22 22:22:02,981] {processor.py:654} INFO - DAG(s) dict_keys(['example_task_group']) retrieved from /home/airflow/.local/lib/python3.7/site-packages/airflow/example_dags/example_task_group.py
[2022-07-22 22:22:02,988] {logging_mixin.py:109} INFO - [2022-07-22 22:22:02,988] {dag.py:2396} INFO - Sync 1 DAGs
[2022-07-22 22:22:03,067] {logging_mixin.py:109} INFO - [2022-07-22 22:22:03,067] {dag.py:2935} INFO - Setting next_dagrun for example_task_group to 2022-07-21T22:22:03.066947+00:00
[2022-07-22 22:22:03,072] {processor.py:171} INFO - Processing /home/airflow/.local/lib/python3.7/site-packages/airflow/example_dags/example_task_group.py took 0.113 seconds
[2022-07-22 22:22:33,580] {processor.py:163} INFO - Started process (PID=2898) to work on /home/airflow/.local/lib/python3.7/site-packages/airflow/example_dags/example_task_group.py
[2022-07-22 22:22:33,581] {processor.py:642} INFO - Processing file /home/airflow/.local/lib/python3.7/site-packages/airflow/example_dags/example_task_group.py for tasks to queue
[2022-07-22 22:22:33,581] {logging_mixin.py:109} INFO - [2022-07-22 22:22:33,581] {dagbag.py:500} INFO - Filling up the DagBag from /home/airflow/.local/lib/python3.7/site-packages/airflow/example_dags/example_task_group.py
[2022-07-22 22:22:33,668] {processor.py:654} INFO - DAG(s) dict_keys(['example_task_group']) retrieved from /home/airflow/.local/lib/python3.7/site-packages/airflow/example_dags/example_task_group.py
[2022-07-22 22:22:33,676] {logging_mixin.py:109} INFO - [2022-07-22 22:22:33,675] {dag.py:2396} INFO - Sync 1 DAGs
[2022-07-22 22:22:33,685] {logging_mixin.py:109} INFO - [2022-07-22 22:22:33,685] {dag.py:2935} INFO - Setting next_dagrun for example_task_group to 2022-07-21T22:22:33.685763+00:00
[2022-07-22 22:22:33,691] {processor.py:171} INFO - Processing /home/airflow/.local/lib/python3.7/site-packages/airflow/example_dags/example_task_group.py took 0.113 seconds
[2022-07-22 22:23:04,424] {processor.py:163} INFO - Started process (PID=2948) to work on /home/airflow/.local/lib/python3.7/site-packages/airflow/example_dags/example_task_group.py
[2022-07-22 22:23:04,425] {processor.py:642} INFO - Processing file /home/airflow/.local/lib/python3.7/site-packages/airflow/example_dags/example_task_group.py for tasks to queue
[2022-07-22 22:23:04,425] {logging_mixin.py:109} INFO - [2022-07-22 22:23:04,425] {dagbag.py:500} INFO - Filling up the DagBag from /home/airflow/.local/lib/python3.7/site-packages/airflow/example_dags/example_task_group.py
[2022-07-22 22:23:04,510] {processor.py:654} INFO - DAG(s) dict_keys(['example_task_group']) retrieved from /home/airflow/.local/lib/python3.7/site-packages/airflow/example_dags/example_task_group.py
[2022-07-22 22:23:04,517] {logging_mixin.py:109} INFO - [2022-07-22 22:23:04,517] {dag.py:2396} INFO - Sync 1 DAGs
[2022-07-22 22:23:04,527] {logging_mixin.py:109} INFO - [2022-07-22 22:23:04,527] {dag.py:2935} INFO - Setting next_dagrun for example_task_group to 2022-07-21T22:23:04.527621+00:00
[2022-07-22 22:23:04,533] {processor.py:171} INFO - Processing /home/airflow/.local/lib/python3.7/site-packages/airflow/example_dags/example_task_group.py took 0.111 seconds
[2022-07-22 22:23:35,085] {processor.py:163} INFO - Started process (PID=3007) to work on /home/airflow/.local/lib/python3.7/site-packages/airflow/example_dags/example_task_group.py
[2022-07-22 22:23:35,086] {processor.py:642} INFO - Processing file /home/airflow/.local/lib/python3.7/site-packages/airflow/example_dags/example_task_group.py for tasks to queue
[2022-07-22 22:23:35,086] {logging_mixin.py:109} INFO - [2022-07-22 22:23:35,086] {dagbag.py:500} INFO - Filling up the DagBag from /home/airflow/.local/lib/python3.7/site-packages/airflow/example_dags/example_task_group.py
[2022-07-22 22:23:35,176] {processor.py:654} INFO - DAG(s) dict_keys(['example_task_group']) retrieved from /home/airflow/.local/lib/python3.7/site-packages/airflow/example_dags/example_task_group.py
[2022-07-22 22:23:35,183] {logging_mixin.py:109} INFO - [2022-07-22 22:23:35,183] {dag.py:2396} INFO - Sync 1 DAGs
[2022-07-22 22:23:35,193] {logging_mixin.py:109} INFO - [2022-07-22 22:23:35,193] {dag.py:2935} INFO - Setting next_dagrun for example_task_group to 2022-07-21T22:23:35.193539+00:00
[2022-07-22 22:23:35,199] {processor.py:171} INFO - Processing /home/airflow/.local/lib/python3.7/site-packages/airflow/example_dags/example_task_group.py took 0.116 seconds
[2022-07-22 22:24:06,013] {processor.py:163} INFO - Started process (PID=3057) to work on /home/airflow/.local/lib/python3.7/site-packages/airflow/example_dags/example_task_group.py
[2022-07-22 22:24:06,014] {processor.py:642} INFO - Processing file /home/airflow/.local/lib/python3.7/site-packages/airflow/example_dags/example_task_group.py for tasks to queue
[2022-07-22 22:24:06,014] {logging_mixin.py:109} INFO - [2022-07-22 22:24:06,014] {dagbag.py:500} INFO - Filling up the DagBag from /home/airflow/.local/lib/python3.7/site-packages/airflow/example_dags/example_task_group.py
[2022-07-22 22:24:06,110] {processor.py:654} INFO - DAG(s) dict_keys(['example_task_group']) retrieved from /home/airflow/.local/lib/python3.7/site-packages/airflow/example_dags/example_task_group.py
[2022-07-22 22:24:06,118] {logging_mixin.py:109} INFO - [2022-07-22 22:24:06,118] {dag.py:2396} INFO - Sync 1 DAGs
[2022-07-22 22:24:06,131] {logging_mixin.py:109} INFO - [2022-07-22 22:24:06,130] {dag.py:2935} INFO - Setting next_dagrun for example_task_group to 2022-07-21T22:24:06.130721+00:00
[2022-07-22 22:24:06,137] {processor.py:171} INFO - Processing /home/airflow/.local/lib/python3.7/site-packages/airflow/example_dags/example_task_group.py took 0.126 seconds
[2022-07-22 22:24:36,666] {processor.py:163} INFO - Started process (PID=3116) to work on /home/airflow/.local/lib/python3.7/site-packages/airflow/example_dags/example_task_group.py
[2022-07-22 22:24:36,666] {processor.py:642} INFO - Processing file /home/airflow/.local/lib/python3.7/site-packages/airflow/example_dags/example_task_group.py for tasks to queue
[2022-07-22 22:24:36,667] {logging_mixin.py:109} INFO - [2022-07-22 22:24:36,666] {dagbag.py:500} INFO - Filling up the DagBag from /home/airflow/.local/lib/python3.7/site-packages/airflow/example_dags/example_task_group.py
[2022-07-22 22:24:36,755] {processor.py:654} INFO - DAG(s) dict_keys(['example_task_group']) retrieved from /home/airflow/.local/lib/python3.7/site-packages/airflow/example_dags/example_task_group.py
[2022-07-22 22:24:36,762] {logging_mixin.py:109} INFO - [2022-07-22 22:24:36,762] {dag.py:2396} INFO - Sync 1 DAGs
[2022-07-22 22:24:36,773] {logging_mixin.py:109} INFO - [2022-07-22 22:24:36,773] {dag.py:2935} INFO - Setting next_dagrun for example_task_group to 2022-07-21T22:24:36.773615+00:00
[2022-07-22 22:24:36,779] {processor.py:171} INFO - Processing /home/airflow/.local/lib/python3.7/site-packages/airflow/example_dags/example_task_group.py took 0.115 seconds
[2022-07-22 22:25:07,260] {processor.py:163} INFO - Started process (PID=3174) to work on /home/airflow/.local/lib/python3.7/site-packages/airflow/example_dags/example_task_group.py
[2022-07-22 22:25:07,262] {processor.py:642} INFO - Processing file /home/airflow/.local/lib/python3.7/site-packages/airflow/example_dags/example_task_group.py for tasks to queue
[2022-07-22 22:25:07,262] {logging_mixin.py:109} INFO - [2022-07-22 22:25:07,262] {dagbag.py:500} INFO - Filling up the DagBag from /home/airflow/.local/lib/python3.7/site-packages/airflow/example_dags/example_task_group.py
[2022-07-22 22:25:07,353] {processor.py:654} INFO - DAG(s) dict_keys(['example_task_group']) retrieved from /home/airflow/.local/lib/python3.7/site-packages/airflow/example_dags/example_task_group.py
[2022-07-22 22:25:07,360] {logging_mixin.py:109} INFO - [2022-07-22 22:25:07,360] {dag.py:2396} INFO - Sync 1 DAGs
[2022-07-22 22:25:07,371] {logging_mixin.py:109} INFO - [2022-07-22 22:25:07,371] {dag.py:2935} INFO - Setting next_dagrun for example_task_group to 2022-07-21T22:25:07.371168+00:00
[2022-07-22 22:25:07,377] {processor.py:171} INFO - Processing /home/airflow/.local/lib/python3.7/site-packages/airflow/example_dags/example_task_group.py took 0.119 seconds
[2022-07-22 22:25:38,248] {processor.py:163} INFO - Started process (PID=3224) to work on /home/airflow/.local/lib/python3.7/site-packages/airflow/example_dags/example_task_group.py
[2022-07-22 22:25:38,248] {processor.py:642} INFO - Processing file /home/airflow/.local/lib/python3.7/site-packages/airflow/example_dags/example_task_group.py for tasks to queue
[2022-07-22 22:25:38,249] {logging_mixin.py:109} INFO - [2022-07-22 22:25:38,249] {dagbag.py:500} INFO - Filling up the DagBag from /home/airflow/.local/lib/python3.7/site-packages/airflow/example_dags/example_task_group.py
[2022-07-22 22:25:38,269] {processor.py:654} INFO - DAG(s) dict_keys(['example_task_group']) retrieved from /home/airflow/.local/lib/python3.7/site-packages/airflow/example_dags/example_task_group.py
[2022-07-22 22:25:38,277] {logging_mixin.py:109} INFO - [2022-07-22 22:25:38,277] {dag.py:2396} INFO - Sync 1 DAGs
[2022-07-22 22:25:38,288] {logging_mixin.py:109} INFO - [2022-07-22 22:25:38,288] {dag.py:2935} INFO - Setting next_dagrun for example_task_group to 2022-07-21T22:25:38.288351+00:00
[2022-07-22 22:25:38,295] {processor.py:171} INFO - Processing /home/airflow/.local/lib/python3.7/site-packages/airflow/example_dags/example_task_group.py took 0.049 seconds
[2022-07-22 22:26:08,829] {processor.py:163} INFO - Started process (PID=3283) to work on /home/airflow/.local/lib/python3.7/site-packages/airflow/example_dags/example_task_group.py
[2022-07-22 22:26:08,829] {processor.py:642} INFO - Processing file /home/airflow/.local/lib/python3.7/site-packages/airflow/example_dags/example_task_group.py for tasks to queue
[2022-07-22 22:26:08,830] {logging_mixin.py:109} INFO - [2022-07-22 22:26:08,830] {dagbag.py:500} INFO - Filling up the DagBag from /home/airflow/.local/lib/python3.7/site-packages/airflow/example_dags/example_task_group.py
[2022-07-22 22:26:08,848] {processor.py:654} INFO - DAG(s) dict_keys(['example_task_group']) retrieved from /home/airflow/.local/lib/python3.7/site-packages/airflow/example_dags/example_task_group.py
[2022-07-22 22:26:08,855] {logging_mixin.py:109} INFO - [2022-07-22 22:26:08,855] {dag.py:2396} INFO - Sync 1 DAGs
[2022-07-22 22:26:08,866] {logging_mixin.py:109} INFO - [2022-07-22 22:26:08,866] {dag.py:2935} INFO - Setting next_dagrun for example_task_group to 2022-07-21T22:26:08.866290+00:00
[2022-07-22 22:26:08,872] {processor.py:171} INFO - Processing /home/airflow/.local/lib/python3.7/site-packages/airflow/example_dags/example_task_group.py took 0.045 seconds
[2022-07-22 22:26:39,244] {processor.py:163} INFO - Started process (PID=3333) to work on /home/airflow/.local/lib/python3.7/site-packages/airflow/example_dags/example_task_group.py
[2022-07-22 22:26:39,244] {processor.py:642} INFO - Processing file /home/airflow/.local/lib/python3.7/site-packages/airflow/example_dags/example_task_group.py for tasks to queue
[2022-07-22 22:26:39,245] {logging_mixin.py:109} INFO - [2022-07-22 22:26:39,244] {dagbag.py:500} INFO - Filling up the DagBag from /home/airflow/.local/lib/python3.7/site-packages/airflow/example_dags/example_task_group.py
[2022-07-22 22:26:39,264] {processor.py:654} INFO - DAG(s) dict_keys(['example_task_group']) retrieved from /home/airflow/.local/lib/python3.7/site-packages/airflow/example_dags/example_task_group.py
[2022-07-22 22:26:39,271] {logging_mixin.py:109} INFO - [2022-07-22 22:26:39,271] {dag.py:2396} INFO - Sync 1 DAGs
[2022-07-22 22:26:39,282] {logging_mixin.py:109} INFO - [2022-07-22 22:26:39,282] {dag.py:2935} INFO - Setting next_dagrun for example_task_group to 2022-07-21T22:26:39.282613+00:00
[2022-07-22 22:26:39,288] {processor.py:171} INFO - Processing /home/airflow/.local/lib/python3.7/site-packages/airflow/example_dags/example_task_group.py took 0.047 seconds
[2022-07-22 22:27:09,672] {processor.py:163} INFO - Started process (PID=3392) to work on /home/airflow/.local/lib/python3.7/site-packages/airflow/example_dags/example_task_group.py
[2022-07-22 22:27:09,673] {processor.py:642} INFO - Processing file /home/airflow/.local/lib/python3.7/site-packages/airflow/example_dags/example_task_group.py for tasks to queue
[2022-07-22 22:27:09,673] {logging_mixin.py:109} INFO - [2022-07-22 22:27:09,673] {dagbag.py:500} INFO - Filling up the DagBag from /home/airflow/.local/lib/python3.7/site-packages/airflow/example_dags/example_task_group.py
[2022-07-22 22:27:09,691] {processor.py:654} INFO - DAG(s) dict_keys(['example_task_group']) retrieved from /home/airflow/.local/lib/python3.7/site-packages/airflow/example_dags/example_task_group.py
[2022-07-22 22:27:09,698] {logging_mixin.py:109} INFO - [2022-07-22 22:27:09,698] {dag.py:2396} INFO - Sync 1 DAGs
[2022-07-22 22:27:09,709] {logging_mixin.py:109} INFO - [2022-07-22 22:27:09,709] {dag.py:2935} INFO - Setting next_dagrun for example_task_group to 2022-07-21T22:27:09.709025+00:00
[2022-07-22 22:27:09,715] {processor.py:171} INFO - Processing /home/airflow/.local/lib/python3.7/site-packages/airflow/example_dags/example_task_group.py took 0.045 seconds
[2022-07-22 22:27:40,082] {processor.py:163} INFO - Started process (PID=3451) to work on /home/airflow/.local/lib/python3.7/site-packages/airflow/example_dags/example_task_group.py
[2022-07-22 22:27:40,082] {processor.py:642} INFO - Processing file /home/airflow/.local/lib/python3.7/site-packages/airflow/example_dags/example_task_group.py for tasks to queue
[2022-07-22 22:27:40,083] {logging_mixin.py:109} INFO - [2022-07-22 22:27:40,083] {dagbag.py:500} INFO - Filling up the DagBag from /home/airflow/.local/lib/python3.7/site-packages/airflow/example_dags/example_task_group.py
[2022-07-22 22:27:40,101] {processor.py:654} INFO - DAG(s) dict_keys(['example_task_group']) retrieved from /home/airflow/.local/lib/python3.7/site-packages/airflow/example_dags/example_task_group.py
[2022-07-22 22:27:40,109] {logging_mixin.py:109} INFO - [2022-07-22 22:27:40,109] {dag.py:2396} INFO - Sync 1 DAGs
[2022-07-22 22:27:40,120] {logging_mixin.py:109} INFO - [2022-07-22 22:27:40,119] {dag.py:2935} INFO - Setting next_dagrun for example_task_group to 2022-07-21T22:27:40.119788+00:00
[2022-07-22 22:27:40,126] {processor.py:171} INFO - Processing /home/airflow/.local/lib/python3.7/site-packages/airflow/example_dags/example_task_group.py took 0.046 seconds
[2022-07-22 22:28:10,371] {processor.py:163} INFO - Started process (PID=3501) to work on /home/airflow/.local/lib/python3.7/site-packages/airflow/example_dags/example_task_group.py
[2022-07-22 22:28:10,372] {processor.py:642} INFO - Processing file /home/airflow/.local/lib/python3.7/site-packages/airflow/example_dags/example_task_group.py for tasks to queue
[2022-07-22 22:28:10,373] {logging_mixin.py:109} INFO - [2022-07-22 22:28:10,372] {dagbag.py:500} INFO - Filling up the DagBag from /home/airflow/.local/lib/python3.7/site-packages/airflow/example_dags/example_task_group.py
[2022-07-22 22:28:10,391] {processor.py:654} INFO - DAG(s) dict_keys(['example_task_group']) retrieved from /home/airflow/.local/lib/python3.7/site-packages/airflow/example_dags/example_task_group.py
[2022-07-22 22:28:10,399] {logging_mixin.py:109} INFO - [2022-07-22 22:28:10,398] {dag.py:2396} INFO - Sync 1 DAGs
[2022-07-22 22:28:10,409] {logging_mixin.py:109} INFO - [2022-07-22 22:28:10,409] {dag.py:2935} INFO - Setting next_dagrun for example_task_group to 2022-07-21T22:28:10.409657+00:00
[2022-07-22 22:28:10,415] {processor.py:171} INFO - Processing /home/airflow/.local/lib/python3.7/site-packages/airflow/example_dags/example_task_group.py took 0.046 seconds
