[2022-07-22 21:54:10,711] {processor.py:163} INFO - Started process (PID=354) to work on /home/airflow/.local/lib/python3.7/site-packages/airflow/example_dags/example_sla_dag.py
[2022-07-22 21:54:10,711] {processor.py:642} INFO - Processing file /home/airflow/.local/lib/python3.7/site-packages/airflow/example_dags/example_sla_dag.py for tasks to queue
[2022-07-22 21:54:10,711] {logging_mixin.py:109} INFO - [2022-07-22 21:54:10,711] {dagbag.py:500} INFO - Filling up the DagBag from /home/airflow/.local/lib/python3.7/site-packages/airflow/example_dags/example_sla_dag.py
[2022-07-22 21:54:10,733] {processor.py:654} INFO - DAG(s) dict_keys(['example_sla_dag']) retrieved from /home/airflow/.local/lib/python3.7/site-packages/airflow/example_dags/example_sla_dag.py
[2022-07-22 21:54:12,205] {logging_mixin.py:109} INFO - [2022-07-22 21:54:12,205] {manager.py:496} INFO - Created Permission View: can read on DAG:example_sla_dag
[2022-07-22 21:54:12,210] {logging_mixin.py:109} INFO - [2022-07-22 21:54:12,210] {manager.py:496} INFO - Created Permission View: can edit on DAG:example_sla_dag
[2022-07-22 21:54:12,211] {logging_mixin.py:109} INFO - [2022-07-22 21:54:12,211] {dag.py:2396} INFO - Sync 1 DAGs
[2022-07-22 21:54:12,216] {logging_mixin.py:109} INFO - [2022-07-22 21:54:12,215] {dag.py:2415} INFO - Creating ORM DAG for example_sla_dag
[2022-07-22 21:54:12,223] {logging_mixin.py:109} INFO - [2022-07-22 21:54:12,223] {dag.py:2935} INFO - Setting next_dagrun for example_sla_dag to 2022-07-22T21:52:00+00:00
[2022-07-22 21:54:12,230] {processor.py:171} INFO - Processing /home/airflow/.local/lib/python3.7/site-packages/airflow/example_dags/example_sla_dag.py took 1.521 seconds
[2022-07-22 21:54:42,850] {processor.py:163} INFO - Started process (PID=613) to work on /home/airflow/.local/lib/python3.7/site-packages/airflow/example_dags/example_sla_dag.py
[2022-07-22 21:54:42,851] {processor.py:642} INFO - Processing file /home/airflow/.local/lib/python3.7/site-packages/airflow/example_dags/example_sla_dag.py for tasks to queue
[2022-07-22 21:54:42,852] {logging_mixin.py:109} INFO - [2022-07-22 21:54:42,852] {dagbag.py:500} INFO - Filling up the DagBag from /home/airflow/.local/lib/python3.7/site-packages/airflow/example_dags/example_sla_dag.py
[2022-07-22 21:54:42,871] {processor.py:654} INFO - DAG(s) dict_keys(['example_sla_dag']) retrieved from /home/airflow/.local/lib/python3.7/site-packages/airflow/example_dags/example_sla_dag.py
[2022-07-22 21:54:42,877] {logging_mixin.py:109} INFO - [2022-07-22 21:54:42,877] {dag.py:2396} INFO - Sync 1 DAGs
[2022-07-22 21:54:42,890] {logging_mixin.py:109} INFO - [2022-07-22 21:54:42,890] {dag.py:2935} INFO - Setting next_dagrun for example_sla_dag to 2022-07-22T21:52:00+00:00
[2022-07-22 21:54:42,895] {processor.py:171} INFO - Processing /home/airflow/.local/lib/python3.7/site-packages/airflow/example_dags/example_sla_dag.py took 0.047 seconds
[2022-07-22 21:55:13,070] {processor.py:163} INFO - Started process (PID=672) to work on /home/airflow/.local/lib/python3.7/site-packages/airflow/example_dags/example_sla_dag.py
[2022-07-22 21:55:13,071] {processor.py:642} INFO - Processing file /home/airflow/.local/lib/python3.7/site-packages/airflow/example_dags/example_sla_dag.py for tasks to queue
[2022-07-22 21:55:13,071] {logging_mixin.py:109} INFO - [2022-07-22 21:55:13,071] {dagbag.py:500} INFO - Filling up the DagBag from /home/airflow/.local/lib/python3.7/site-packages/airflow/example_dags/example_sla_dag.py
[2022-07-22 21:55:13,091] {processor.py:654} INFO - DAG(s) dict_keys(['example_sla_dag']) retrieved from /home/airflow/.local/lib/python3.7/site-packages/airflow/example_dags/example_sla_dag.py
[2022-07-22 21:55:13,097] {logging_mixin.py:109} INFO - [2022-07-22 21:55:13,097] {dag.py:2396} INFO - Sync 1 DAGs
[2022-07-22 21:55:13,110] {logging_mixin.py:109} INFO - [2022-07-22 21:55:13,110] {dag.py:2935} INFO - Setting next_dagrun for example_sla_dag to 2022-07-22T21:52:00+00:00
[2022-07-22 21:55:13,116] {processor.py:171} INFO - Processing /home/airflow/.local/lib/python3.7/site-packages/airflow/example_dags/example_sla_dag.py took 0.048 seconds
[2022-07-22 21:55:43,305] {processor.py:163} INFO - Started process (PID=731) to work on /home/airflow/.local/lib/python3.7/site-packages/airflow/example_dags/example_sla_dag.py
[2022-07-22 21:55:43,306] {processor.py:642} INFO - Processing file /home/airflow/.local/lib/python3.7/site-packages/airflow/example_dags/example_sla_dag.py for tasks to queue
[2022-07-22 21:55:43,306] {logging_mixin.py:109} INFO - [2022-07-22 21:55:43,306] {dagbag.py:500} INFO - Filling up the DagBag from /home/airflow/.local/lib/python3.7/site-packages/airflow/example_dags/example_sla_dag.py
[2022-07-22 21:55:43,326] {processor.py:654} INFO - DAG(s) dict_keys(['example_sla_dag']) retrieved from /home/airflow/.local/lib/python3.7/site-packages/airflow/example_dags/example_sla_dag.py
[2022-07-22 21:55:43,332] {logging_mixin.py:109} INFO - [2022-07-22 21:55:43,332] {dag.py:2396} INFO - Sync 1 DAGs
[2022-07-22 21:55:43,345] {logging_mixin.py:109} INFO - [2022-07-22 21:55:43,345] {dag.py:2935} INFO - Setting next_dagrun for example_sla_dag to 2022-07-22T21:52:00+00:00
[2022-07-22 21:55:43,351] {processor.py:171} INFO - Processing /home/airflow/.local/lib/python3.7/site-packages/airflow/example_dags/example_sla_dag.py took 0.048 seconds
[2022-07-22 21:56:27,312] {processor.py:163} INFO - Started process (PID=65) to work on /home/airflow/.local/lib/python3.7/site-packages/airflow/example_dags/example_sla_dag.py
[2022-07-22 21:56:27,313] {processor.py:642} INFO - Processing file /home/airflow/.local/lib/python3.7/site-packages/airflow/example_dags/example_sla_dag.py for tasks to queue
[2022-07-22 21:56:27,313] {logging_mixin.py:109} INFO - [2022-07-22 21:56:27,313] {dagbag.py:500} INFO - Filling up the DagBag from /home/airflow/.local/lib/python3.7/site-packages/airflow/example_dags/example_sla_dag.py
[2022-07-22 21:56:27,339] {processor.py:654} INFO - DAG(s) dict_keys(['example_sla_dag']) retrieved from /home/airflow/.local/lib/python3.7/site-packages/airflow/example_dags/example_sla_dag.py
[2022-07-22 21:56:27,346] {logging_mixin.py:109} INFO - [2022-07-22 21:56:27,346] {dag.py:2396} INFO - Sync 1 DAGs
[2022-07-22 21:56:27,427] {logging_mixin.py:109} INFO - [2022-07-22 21:56:27,427] {dag.py:2935} INFO - Setting next_dagrun for example_sla_dag to 2022-07-22T21:54:00+00:00
[2022-07-22 21:56:27,433] {processor.py:171} INFO - Processing /home/airflow/.local/lib/python3.7/site-packages/airflow/example_dags/example_sla_dag.py took 0.123 seconds
[2022-07-22 21:56:58,116] {processor.py:163} INFO - Started process (PID=125) to work on /home/airflow/.local/lib/python3.7/site-packages/airflow/example_dags/example_sla_dag.py
[2022-07-22 21:56:58,117] {processor.py:642} INFO - Processing file /home/airflow/.local/lib/python3.7/site-packages/airflow/example_dags/example_sla_dag.py for tasks to queue
[2022-07-22 21:56:58,117] {logging_mixin.py:109} INFO - [2022-07-22 21:56:58,117] {dagbag.py:500} INFO - Filling up the DagBag from /home/airflow/.local/lib/python3.7/site-packages/airflow/example_dags/example_sla_dag.py
[2022-07-22 21:56:58,136] {processor.py:654} INFO - DAG(s) dict_keys(['example_sla_dag']) retrieved from /home/airflow/.local/lib/python3.7/site-packages/airflow/example_dags/example_sla_dag.py
[2022-07-22 21:56:58,142] {logging_mixin.py:109} INFO - [2022-07-22 21:56:58,142] {dag.py:2396} INFO - Sync 1 DAGs
[2022-07-22 21:56:58,156] {logging_mixin.py:109} INFO - [2022-07-22 21:56:58,156] {dag.py:2935} INFO - Setting next_dagrun for example_sla_dag to 2022-07-22T21:54:00+00:00
[2022-07-22 21:56:58,161] {processor.py:171} INFO - Processing /home/airflow/.local/lib/python3.7/site-packages/airflow/example_dags/example_sla_dag.py took 0.047 seconds
[2022-07-22 21:57:28,910] {processor.py:163} INFO - Started process (PID=184) to work on /home/airflow/.local/lib/python3.7/site-packages/airflow/example_dags/example_sla_dag.py
[2022-07-22 21:57:28,911] {processor.py:642} INFO - Processing file /home/airflow/.local/lib/python3.7/site-packages/airflow/example_dags/example_sla_dag.py for tasks to queue
[2022-07-22 21:57:28,911] {logging_mixin.py:109} INFO - [2022-07-22 21:57:28,911] {dagbag.py:500} INFO - Filling up the DagBag from /home/airflow/.local/lib/python3.7/site-packages/airflow/example_dags/example_sla_dag.py
[2022-07-22 21:57:28,931] {processor.py:654} INFO - DAG(s) dict_keys(['example_sla_dag']) retrieved from /home/airflow/.local/lib/python3.7/site-packages/airflow/example_dags/example_sla_dag.py
[2022-07-22 21:57:28,938] {logging_mixin.py:109} INFO - [2022-07-22 21:57:28,938] {dag.py:2396} INFO - Sync 1 DAGs
[2022-07-22 21:57:28,951] {logging_mixin.py:109} INFO - [2022-07-22 21:57:28,950] {dag.py:2935} INFO - Setting next_dagrun for example_sla_dag to 2022-07-22T21:54:00+00:00
[2022-07-22 21:57:28,956] {processor.py:171} INFO - Processing /home/airflow/.local/lib/python3.7/site-packages/airflow/example_dags/example_sla_dag.py took 0.047 seconds
[2022-07-22 21:57:59,597] {processor.py:163} INFO - Started process (PID=234) to work on /home/airflow/.local/lib/python3.7/site-packages/airflow/example_dags/example_sla_dag.py
[2022-07-22 21:57:59,598] {processor.py:642} INFO - Processing file /home/airflow/.local/lib/python3.7/site-packages/airflow/example_dags/example_sla_dag.py for tasks to queue
[2022-07-22 21:57:59,598] {logging_mixin.py:109} INFO - [2022-07-22 21:57:59,598] {dagbag.py:500} INFO - Filling up the DagBag from /home/airflow/.local/lib/python3.7/site-packages/airflow/example_dags/example_sla_dag.py
[2022-07-22 21:57:59,619] {processor.py:654} INFO - DAG(s) dict_keys(['example_sla_dag']) retrieved from /home/airflow/.local/lib/python3.7/site-packages/airflow/example_dags/example_sla_dag.py
[2022-07-22 21:57:59,626] {logging_mixin.py:109} INFO - [2022-07-22 21:57:59,626] {dag.py:2396} INFO - Sync 1 DAGs
[2022-07-22 21:57:59,640] {logging_mixin.py:109} INFO - [2022-07-22 21:57:59,640] {dag.py:2935} INFO - Setting next_dagrun for example_sla_dag to 2022-07-22T21:54:00+00:00
[2022-07-22 21:57:59,645] {processor.py:171} INFO - Processing /home/airflow/.local/lib/python3.7/site-packages/airflow/example_dags/example_sla_dag.py took 0.050 seconds
[2022-07-22 21:58:30,523] {processor.py:163} INFO - Started process (PID=293) to work on /home/airflow/.local/lib/python3.7/site-packages/airflow/example_dags/example_sla_dag.py
[2022-07-22 21:58:30,524] {processor.py:642} INFO - Processing file /home/airflow/.local/lib/python3.7/site-packages/airflow/example_dags/example_sla_dag.py for tasks to queue
[2022-07-22 21:58:30,524] {logging_mixin.py:109} INFO - [2022-07-22 21:58:30,524] {dagbag.py:500} INFO - Filling up the DagBag from /home/airflow/.local/lib/python3.7/site-packages/airflow/example_dags/example_sla_dag.py
[2022-07-22 21:58:30,544] {processor.py:654} INFO - DAG(s) dict_keys(['example_sla_dag']) retrieved from /home/airflow/.local/lib/python3.7/site-packages/airflow/example_dags/example_sla_dag.py
[2022-07-22 21:58:30,550] {logging_mixin.py:109} INFO - [2022-07-22 21:58:30,550] {dag.py:2396} INFO - Sync 1 DAGs
[2022-07-22 21:58:30,563] {logging_mixin.py:109} INFO - [2022-07-22 21:58:30,563] {dag.py:2935} INFO - Setting next_dagrun for example_sla_dag to 2022-07-22T21:56:00+00:00
[2022-07-22 21:58:30,569] {processor.py:171} INFO - Processing /home/airflow/.local/lib/python3.7/site-packages/airflow/example_dags/example_sla_dag.py took 0.048 seconds
[2022-07-22 21:59:01,326] {processor.py:163} INFO - Started process (PID=352) to work on /home/airflow/.local/lib/python3.7/site-packages/airflow/example_dags/example_sla_dag.py
[2022-07-22 21:59:01,327] {processor.py:642} INFO - Processing file /home/airflow/.local/lib/python3.7/site-packages/airflow/example_dags/example_sla_dag.py for tasks to queue
[2022-07-22 21:59:01,328] {logging_mixin.py:109} INFO - [2022-07-22 21:59:01,328] {dagbag.py:500} INFO - Filling up the DagBag from /home/airflow/.local/lib/python3.7/site-packages/airflow/example_dags/example_sla_dag.py
[2022-07-22 21:59:01,347] {processor.py:654} INFO - DAG(s) dict_keys(['example_sla_dag']) retrieved from /home/airflow/.local/lib/python3.7/site-packages/airflow/example_dags/example_sla_dag.py
[2022-07-22 21:59:01,353] {logging_mixin.py:109} INFO - [2022-07-22 21:59:01,353] {dag.py:2396} INFO - Sync 1 DAGs
[2022-07-22 21:59:01,366] {logging_mixin.py:109} INFO - [2022-07-22 21:59:01,366] {dag.py:2935} INFO - Setting next_dagrun for example_sla_dag to 2022-07-22T21:56:00+00:00
[2022-07-22 21:59:01,372] {processor.py:171} INFO - Processing /home/airflow/.local/lib/python3.7/site-packages/airflow/example_dags/example_sla_dag.py took 0.047 seconds
[2022-07-22 21:59:32,114] {processor.py:163} INFO - Started process (PID=402) to work on /home/airflow/.local/lib/python3.7/site-packages/airflow/example_dags/example_sla_dag.py
[2022-07-22 21:59:32,114] {processor.py:642} INFO - Processing file /home/airflow/.local/lib/python3.7/site-packages/airflow/example_dags/example_sla_dag.py for tasks to queue
[2022-07-22 21:59:32,115] {logging_mixin.py:109} INFO - [2022-07-22 21:59:32,115] {dagbag.py:500} INFO - Filling up the DagBag from /home/airflow/.local/lib/python3.7/site-packages/airflow/example_dags/example_sla_dag.py
[2022-07-22 21:59:32,134] {processor.py:654} INFO - DAG(s) dict_keys(['example_sla_dag']) retrieved from /home/airflow/.local/lib/python3.7/site-packages/airflow/example_dags/example_sla_dag.py
[2022-07-22 21:59:32,141] {logging_mixin.py:109} INFO - [2022-07-22 21:59:32,141] {dag.py:2396} INFO - Sync 1 DAGs
[2022-07-22 21:59:32,154] {logging_mixin.py:109} INFO - [2022-07-22 21:59:32,154] {dag.py:2935} INFO - Setting next_dagrun for example_sla_dag to 2022-07-22T21:56:00+00:00
[2022-07-22 21:59:32,159] {processor.py:171} INFO - Processing /home/airflow/.local/lib/python3.7/site-packages/airflow/example_dags/example_sla_dag.py took 0.047 seconds
[2022-07-22 22:00:02,806] {processor.py:163} INFO - Started process (PID=461) to work on /home/airflow/.local/lib/python3.7/site-packages/airflow/example_dags/example_sla_dag.py
[2022-07-22 22:00:02,807] {processor.py:642} INFO - Processing file /home/airflow/.local/lib/python3.7/site-packages/airflow/example_dags/example_sla_dag.py for tasks to queue
[2022-07-22 22:00:02,807] {logging_mixin.py:109} INFO - [2022-07-22 22:00:02,807] {dagbag.py:500} INFO - Filling up the DagBag from /home/airflow/.local/lib/python3.7/site-packages/airflow/example_dags/example_sla_dag.py
[2022-07-22 22:00:02,828] {processor.py:654} INFO - DAG(s) dict_keys(['example_sla_dag']) retrieved from /home/airflow/.local/lib/python3.7/site-packages/airflow/example_dags/example_sla_dag.py
[2022-07-22 22:00:02,835] {logging_mixin.py:109} INFO - [2022-07-22 22:00:02,835] {dag.py:2396} INFO - Sync 1 DAGs
[2022-07-22 22:00:02,849] {logging_mixin.py:109} INFO - [2022-07-22 22:00:02,849] {dag.py:2935} INFO - Setting next_dagrun for example_sla_dag to 2022-07-22T21:58:00+00:00
[2022-07-22 22:00:02,855] {processor.py:171} INFO - Processing /home/airflow/.local/lib/python3.7/site-packages/airflow/example_dags/example_sla_dag.py took 0.051 seconds
[2022-07-22 22:00:33,495] {processor.py:163} INFO - Started process (PID=511) to work on /home/airflow/.local/lib/python3.7/site-packages/airflow/example_dags/example_sla_dag.py
[2022-07-22 22:00:33,496] {processor.py:642} INFO - Processing file /home/airflow/.local/lib/python3.7/site-packages/airflow/example_dags/example_sla_dag.py for tasks to queue
[2022-07-22 22:00:33,496] {logging_mixin.py:109} INFO - [2022-07-22 22:00:33,496] {dagbag.py:500} INFO - Filling up the DagBag from /home/airflow/.local/lib/python3.7/site-packages/airflow/example_dags/example_sla_dag.py
[2022-07-22 22:00:33,516] {processor.py:654} INFO - DAG(s) dict_keys(['example_sla_dag']) retrieved from /home/airflow/.local/lib/python3.7/site-packages/airflow/example_dags/example_sla_dag.py
[2022-07-22 22:00:33,522] {logging_mixin.py:109} INFO - [2022-07-22 22:00:33,522] {dag.py:2396} INFO - Sync 1 DAGs
[2022-07-22 22:00:33,535] {logging_mixin.py:109} INFO - [2022-07-22 22:00:33,535] {dag.py:2935} INFO - Setting next_dagrun for example_sla_dag to 2022-07-22T21:58:00+00:00
[2022-07-22 22:00:33,541] {processor.py:171} INFO - Processing /home/airflow/.local/lib/python3.7/site-packages/airflow/example_dags/example_sla_dag.py took 0.048 seconds
[2022-07-22 22:01:04,112] {processor.py:163} INFO - Started process (PID=570) to work on /home/airflow/.local/lib/python3.7/site-packages/airflow/example_dags/example_sla_dag.py
[2022-07-22 22:01:04,113] {processor.py:642} INFO - Processing file /home/airflow/.local/lib/python3.7/site-packages/airflow/example_dags/example_sla_dag.py for tasks to queue
[2022-07-22 22:01:04,114] {logging_mixin.py:109} INFO - [2022-07-22 22:01:04,114] {dagbag.py:500} INFO - Filling up the DagBag from /home/airflow/.local/lib/python3.7/site-packages/airflow/example_dags/example_sla_dag.py
[2022-07-22 22:01:04,133] {processor.py:654} INFO - DAG(s) dict_keys(['example_sla_dag']) retrieved from /home/airflow/.local/lib/python3.7/site-packages/airflow/example_dags/example_sla_dag.py
[2022-07-22 22:01:04,139] {logging_mixin.py:109} INFO - [2022-07-22 22:01:04,139] {dag.py:2396} INFO - Sync 1 DAGs
[2022-07-22 22:01:04,151] {logging_mixin.py:109} INFO - [2022-07-22 22:01:04,151] {dag.py:2935} INFO - Setting next_dagrun for example_sla_dag to 2022-07-22T21:58:00+00:00
[2022-07-22 22:01:04,157] {processor.py:171} INFO - Processing /home/airflow/.local/lib/python3.7/site-packages/airflow/example_dags/example_sla_dag.py took 0.046 seconds
[2022-07-22 22:01:34,790] {processor.py:163} INFO - Started process (PID=629) to work on /home/airflow/.local/lib/python3.7/site-packages/airflow/example_dags/example_sla_dag.py
[2022-07-22 22:01:34,791] {processor.py:642} INFO - Processing file /home/airflow/.local/lib/python3.7/site-packages/airflow/example_dags/example_sla_dag.py for tasks to queue
[2022-07-22 22:01:34,792] {logging_mixin.py:109} INFO - [2022-07-22 22:01:34,792] {dagbag.py:500} INFO - Filling up the DagBag from /home/airflow/.local/lib/python3.7/site-packages/airflow/example_dags/example_sla_dag.py
[2022-07-22 22:01:34,812] {processor.py:654} INFO - DAG(s) dict_keys(['example_sla_dag']) retrieved from /home/airflow/.local/lib/python3.7/site-packages/airflow/example_dags/example_sla_dag.py
[2022-07-22 22:01:34,820] {logging_mixin.py:109} INFO - [2022-07-22 22:01:34,819] {dag.py:2396} INFO - Sync 1 DAGs
[2022-07-22 22:01:34,833] {logging_mixin.py:109} INFO - [2022-07-22 22:01:34,833] {dag.py:2935} INFO - Setting next_dagrun for example_sla_dag to 2022-07-22T21:58:00+00:00
[2022-07-22 22:01:34,841] {processor.py:171} INFO - Processing /home/airflow/.local/lib/python3.7/site-packages/airflow/example_dags/example_sla_dag.py took 0.052 seconds
[2022-07-22 22:02:05,479] {processor.py:163} INFO - Started process (PID=679) to work on /home/airflow/.local/lib/python3.7/site-packages/airflow/example_dags/example_sla_dag.py
[2022-07-22 22:02:05,480] {processor.py:642} INFO - Processing file /home/airflow/.local/lib/python3.7/site-packages/airflow/example_dags/example_sla_dag.py for tasks to queue
[2022-07-22 22:02:05,480] {logging_mixin.py:109} INFO - [2022-07-22 22:02:05,480] {dagbag.py:500} INFO - Filling up the DagBag from /home/airflow/.local/lib/python3.7/site-packages/airflow/example_dags/example_sla_dag.py
[2022-07-22 22:02:05,499] {processor.py:654} INFO - DAG(s) dict_keys(['example_sla_dag']) retrieved from /home/airflow/.local/lib/python3.7/site-packages/airflow/example_dags/example_sla_dag.py
[2022-07-22 22:02:05,505] {logging_mixin.py:109} INFO - [2022-07-22 22:02:05,505] {dag.py:2396} INFO - Sync 1 DAGs
[2022-07-22 22:02:05,518] {logging_mixin.py:109} INFO - [2022-07-22 22:02:05,518] {dag.py:2935} INFO - Setting next_dagrun for example_sla_dag to 2022-07-22T22:00:00+00:00
[2022-07-22 22:02:05,523] {processor.py:171} INFO - Processing /home/airflow/.local/lib/python3.7/site-packages/airflow/example_dags/example_sla_dag.py took 0.046 seconds
[2022-07-22 22:02:36,056] {processor.py:163} INFO - Started process (PID=738) to work on /home/airflow/.local/lib/python3.7/site-packages/airflow/example_dags/example_sla_dag.py
[2022-07-22 22:02:36,057] {processor.py:642} INFO - Processing file /home/airflow/.local/lib/python3.7/site-packages/airflow/example_dags/example_sla_dag.py for tasks to queue
[2022-07-22 22:02:36,057] {logging_mixin.py:109} INFO - [2022-07-22 22:02:36,057] {dagbag.py:500} INFO - Filling up the DagBag from /home/airflow/.local/lib/python3.7/site-packages/airflow/example_dags/example_sla_dag.py
[2022-07-22 22:02:36,076] {processor.py:654} INFO - DAG(s) dict_keys(['example_sla_dag']) retrieved from /home/airflow/.local/lib/python3.7/site-packages/airflow/example_dags/example_sla_dag.py
[2022-07-22 22:02:36,082] {logging_mixin.py:109} INFO - [2022-07-22 22:02:36,082] {dag.py:2396} INFO - Sync 1 DAGs
[2022-07-22 22:02:36,095] {logging_mixin.py:109} INFO - [2022-07-22 22:02:36,095] {dag.py:2935} INFO - Setting next_dagrun for example_sla_dag to 2022-07-22T22:00:00+00:00
[2022-07-22 22:02:36,100] {processor.py:171} INFO - Processing /home/airflow/.local/lib/python3.7/site-packages/airflow/example_dags/example_sla_dag.py took 0.046 seconds
[2022-07-22 22:03:06,695] {processor.py:163} INFO - Started process (PID=788) to work on /home/airflow/.local/lib/python3.7/site-packages/airflow/example_dags/example_sla_dag.py
[2022-07-22 22:03:06,696] {processor.py:642} INFO - Processing file /home/airflow/.local/lib/python3.7/site-packages/airflow/example_dags/example_sla_dag.py for tasks to queue
[2022-07-22 22:03:06,696] {logging_mixin.py:109} INFO - [2022-07-22 22:03:06,696] {dagbag.py:500} INFO - Filling up the DagBag from /home/airflow/.local/lib/python3.7/site-packages/airflow/example_dags/example_sla_dag.py
[2022-07-22 22:03:06,715] {processor.py:654} INFO - DAG(s) dict_keys(['example_sla_dag']) retrieved from /home/airflow/.local/lib/python3.7/site-packages/airflow/example_dags/example_sla_dag.py
[2022-07-22 22:03:06,722] {logging_mixin.py:109} INFO - [2022-07-22 22:03:06,721] {dag.py:2396} INFO - Sync 1 DAGs
[2022-07-22 22:03:06,735] {logging_mixin.py:109} INFO - [2022-07-22 22:03:06,735] {dag.py:2935} INFO - Setting next_dagrun for example_sla_dag to 2022-07-22T22:00:00+00:00
[2022-07-22 22:03:06,742] {processor.py:171} INFO - Processing /home/airflow/.local/lib/python3.7/site-packages/airflow/example_dags/example_sla_dag.py took 0.048 seconds
[2022-07-22 22:03:37,287] {processor.py:163} INFO - Started process (PID=847) to work on /home/airflow/.local/lib/python3.7/site-packages/airflow/example_dags/example_sla_dag.py
[2022-07-22 22:03:37,288] {processor.py:642} INFO - Processing file /home/airflow/.local/lib/python3.7/site-packages/airflow/example_dags/example_sla_dag.py for tasks to queue
[2022-07-22 22:03:37,288] {logging_mixin.py:109} INFO - [2022-07-22 22:03:37,288] {dagbag.py:500} INFO - Filling up the DagBag from /home/airflow/.local/lib/python3.7/site-packages/airflow/example_dags/example_sla_dag.py
[2022-07-22 22:03:37,308] {processor.py:654} INFO - DAG(s) dict_keys(['example_sla_dag']) retrieved from /home/airflow/.local/lib/python3.7/site-packages/airflow/example_dags/example_sla_dag.py
[2022-07-22 22:03:37,314] {logging_mixin.py:109} INFO - [2022-07-22 22:03:37,314] {dag.py:2396} INFO - Sync 1 DAGs
[2022-07-22 22:03:37,327] {logging_mixin.py:109} INFO - [2022-07-22 22:03:37,327] {dag.py:2935} INFO - Setting next_dagrun for example_sla_dag to 2022-07-22T22:00:00+00:00
[2022-07-22 22:03:37,333] {processor.py:171} INFO - Processing /home/airflow/.local/lib/python3.7/site-packages/airflow/example_dags/example_sla_dag.py took 0.048 seconds
[2022-07-22 22:04:08,056] {processor.py:163} INFO - Started process (PID=904) to work on /home/airflow/.local/lib/python3.7/site-packages/airflow/example_dags/example_sla_dag.py
[2022-07-22 22:04:08,057] {processor.py:642} INFO - Processing file /home/airflow/.local/lib/python3.7/site-packages/airflow/example_dags/example_sla_dag.py for tasks to queue
[2022-07-22 22:04:08,058] {logging_mixin.py:109} INFO - [2022-07-22 22:04:08,058] {dagbag.py:500} INFO - Filling up the DagBag from /home/airflow/.local/lib/python3.7/site-packages/airflow/example_dags/example_sla_dag.py
[2022-07-22 22:04:08,077] {processor.py:654} INFO - DAG(s) dict_keys(['example_sla_dag']) retrieved from /home/airflow/.local/lib/python3.7/site-packages/airflow/example_dags/example_sla_dag.py
[2022-07-22 22:04:08,084] {logging_mixin.py:109} INFO - [2022-07-22 22:04:08,083] {dag.py:2396} INFO - Sync 1 DAGs
[2022-07-22 22:04:08,098] {logging_mixin.py:109} INFO - [2022-07-22 22:04:08,098] {dag.py:2935} INFO - Setting next_dagrun for example_sla_dag to 2022-07-22T22:02:00+00:00
[2022-07-22 22:04:08,103] {processor.py:171} INFO - Processing /home/airflow/.local/lib/python3.7/site-packages/airflow/example_dags/example_sla_dag.py took 0.049 seconds
[2022-07-22 22:04:38,738] {processor.py:163} INFO - Started process (PID=956) to work on /home/airflow/.local/lib/python3.7/site-packages/airflow/example_dags/example_sla_dag.py
[2022-07-22 22:04:38,739] {processor.py:642} INFO - Processing file /home/airflow/.local/lib/python3.7/site-packages/airflow/example_dags/example_sla_dag.py for tasks to queue
[2022-07-22 22:04:38,739] {logging_mixin.py:109} INFO - [2022-07-22 22:04:38,739] {dagbag.py:500} INFO - Filling up the DagBag from /home/airflow/.local/lib/python3.7/site-packages/airflow/example_dags/example_sla_dag.py
[2022-07-22 22:04:38,759] {processor.py:654} INFO - DAG(s) dict_keys(['example_sla_dag']) retrieved from /home/airflow/.local/lib/python3.7/site-packages/airflow/example_dags/example_sla_dag.py
[2022-07-22 22:04:38,765] {logging_mixin.py:109} INFO - [2022-07-22 22:04:38,765] {dag.py:2396} INFO - Sync 1 DAGs
[2022-07-22 22:04:38,779] {logging_mixin.py:109} INFO - [2022-07-22 22:04:38,779] {dag.py:2935} INFO - Setting next_dagrun for example_sla_dag to 2022-07-22T22:02:00+00:00
[2022-07-22 22:04:38,784] {processor.py:171} INFO - Processing /home/airflow/.local/lib/python3.7/site-packages/airflow/example_dags/example_sla_dag.py took 0.049 seconds
[2022-07-22 22:05:09,388] {processor.py:163} INFO - Started process (PID=1015) to work on /home/airflow/.local/lib/python3.7/site-packages/airflow/example_dags/example_sla_dag.py
[2022-07-22 22:05:09,389] {processor.py:642} INFO - Processing file /home/airflow/.local/lib/python3.7/site-packages/airflow/example_dags/example_sla_dag.py for tasks to queue
[2022-07-22 22:05:09,389] {logging_mixin.py:109} INFO - [2022-07-22 22:05:09,389] {dagbag.py:500} INFO - Filling up the DagBag from /home/airflow/.local/lib/python3.7/site-packages/airflow/example_dags/example_sla_dag.py
[2022-07-22 22:05:09,409] {processor.py:654} INFO - DAG(s) dict_keys(['example_sla_dag']) retrieved from /home/airflow/.local/lib/python3.7/site-packages/airflow/example_dags/example_sla_dag.py
[2022-07-22 22:05:09,415] {logging_mixin.py:109} INFO - [2022-07-22 22:05:09,415] {dag.py:2396} INFO - Sync 1 DAGs
[2022-07-22 22:05:09,428] {logging_mixin.py:109} INFO - [2022-07-22 22:05:09,428] {dag.py:2935} INFO - Setting next_dagrun for example_sla_dag to 2022-07-22T22:02:00+00:00
[2022-07-22 22:05:09,434] {processor.py:171} INFO - Processing /home/airflow/.local/lib/python3.7/site-packages/airflow/example_dags/example_sla_dag.py took 0.048 seconds
[2022-07-22 22:05:39,943] {processor.py:163} INFO - Started process (PID=1065) to work on /home/airflow/.local/lib/python3.7/site-packages/airflow/example_dags/example_sla_dag.py
[2022-07-22 22:05:39,944] {processor.py:642} INFO - Processing file /home/airflow/.local/lib/python3.7/site-packages/airflow/example_dags/example_sla_dag.py for tasks to queue
[2022-07-22 22:05:39,944] {logging_mixin.py:109} INFO - [2022-07-22 22:05:39,944] {dagbag.py:500} INFO - Filling up the DagBag from /home/airflow/.local/lib/python3.7/site-packages/airflow/example_dags/example_sla_dag.py
[2022-07-22 22:05:39,963] {processor.py:654} INFO - DAG(s) dict_keys(['example_sla_dag']) retrieved from /home/airflow/.local/lib/python3.7/site-packages/airflow/example_dags/example_sla_dag.py
[2022-07-22 22:05:39,970] {logging_mixin.py:109} INFO - [2022-07-22 22:05:39,970] {dag.py:2396} INFO - Sync 1 DAGs
[2022-07-22 22:05:39,983] {logging_mixin.py:109} INFO - [2022-07-22 22:05:39,983] {dag.py:2935} INFO - Setting next_dagrun for example_sla_dag to 2022-07-22T22:02:00+00:00
[2022-07-22 22:05:39,988] {processor.py:171} INFO - Processing /home/airflow/.local/lib/python3.7/site-packages/airflow/example_dags/example_sla_dag.py took 0.047 seconds
[2022-07-22 22:06:10,547] {processor.py:163} INFO - Started process (PID=1124) to work on /home/airflow/.local/lib/python3.7/site-packages/airflow/example_dags/example_sla_dag.py
[2022-07-22 22:06:10,547] {processor.py:642} INFO - Processing file /home/airflow/.local/lib/python3.7/site-packages/airflow/example_dags/example_sla_dag.py for tasks to queue
[2022-07-22 22:06:10,548] {logging_mixin.py:109} INFO - [2022-07-22 22:06:10,548] {dagbag.py:500} INFO - Filling up the DagBag from /home/airflow/.local/lib/python3.7/site-packages/airflow/example_dags/example_sla_dag.py
[2022-07-22 22:06:10,567] {processor.py:654} INFO - DAG(s) dict_keys(['example_sla_dag']) retrieved from /home/airflow/.local/lib/python3.7/site-packages/airflow/example_dags/example_sla_dag.py
[2022-07-22 22:06:10,574] {logging_mixin.py:109} INFO - [2022-07-22 22:06:10,574] {dag.py:2396} INFO - Sync 1 DAGs
[2022-07-22 22:06:10,587] {logging_mixin.py:109} INFO - [2022-07-22 22:06:10,587] {dag.py:2935} INFO - Setting next_dagrun for example_sla_dag to 2022-07-22T22:04:00+00:00
[2022-07-22 22:06:10,593] {processor.py:171} INFO - Processing /home/airflow/.local/lib/python3.7/site-packages/airflow/example_dags/example_sla_dag.py took 0.048 seconds
[2022-07-22 22:06:41,165] {processor.py:163} INFO - Started process (PID=1174) to work on /home/airflow/.local/lib/python3.7/site-packages/airflow/example_dags/example_sla_dag.py
[2022-07-22 22:06:41,166] {processor.py:642} INFO - Processing file /home/airflow/.local/lib/python3.7/site-packages/airflow/example_dags/example_sla_dag.py for tasks to queue
[2022-07-22 22:06:41,167] {logging_mixin.py:109} INFO - [2022-07-22 22:06:41,167] {dagbag.py:500} INFO - Filling up the DagBag from /home/airflow/.local/lib/python3.7/site-packages/airflow/example_dags/example_sla_dag.py
[2022-07-22 22:06:41,185] {processor.py:654} INFO - DAG(s) dict_keys(['example_sla_dag']) retrieved from /home/airflow/.local/lib/python3.7/site-packages/airflow/example_dags/example_sla_dag.py
[2022-07-22 22:06:41,194] {logging_mixin.py:109} INFO - [2022-07-22 22:06:41,194] {dag.py:2396} INFO - Sync 1 DAGs
[2022-07-22 22:06:41,207] {logging_mixin.py:109} INFO - [2022-07-22 22:06:41,207] {dag.py:2935} INFO - Setting next_dagrun for example_sla_dag to 2022-07-22T22:04:00+00:00
[2022-07-22 22:06:41,212] {processor.py:171} INFO - Processing /home/airflow/.local/lib/python3.7/site-packages/airflow/example_dags/example_sla_dag.py took 0.048 seconds
[2022-07-22 22:07:11,822] {processor.py:163} INFO - Started process (PID=1233) to work on /home/airflow/.local/lib/python3.7/site-packages/airflow/example_dags/example_sla_dag.py
[2022-07-22 22:07:11,823] {processor.py:642} INFO - Processing file /home/airflow/.local/lib/python3.7/site-packages/airflow/example_dags/example_sla_dag.py for tasks to queue
[2022-07-22 22:07:11,824] {logging_mixin.py:109} INFO - [2022-07-22 22:07:11,824] {dagbag.py:500} INFO - Filling up the DagBag from /home/airflow/.local/lib/python3.7/site-packages/airflow/example_dags/example_sla_dag.py
[2022-07-22 22:07:11,844] {processor.py:654} INFO - DAG(s) dict_keys(['example_sla_dag']) retrieved from /home/airflow/.local/lib/python3.7/site-packages/airflow/example_dags/example_sla_dag.py
[2022-07-22 22:07:11,850] {logging_mixin.py:109} INFO - [2022-07-22 22:07:11,850] {dag.py:2396} INFO - Sync 1 DAGs
[2022-07-22 22:07:11,862] {logging_mixin.py:109} INFO - [2022-07-22 22:07:11,862] {dag.py:2935} INFO - Setting next_dagrun for example_sla_dag to 2022-07-22T22:04:00+00:00
[2022-07-22 22:07:11,868] {processor.py:171} INFO - Processing /home/airflow/.local/lib/python3.7/site-packages/airflow/example_dags/example_sla_dag.py took 0.047 seconds
[2022-07-22 22:07:42,407] {processor.py:163} INFO - Started process (PID=1292) to work on /home/airflow/.local/lib/python3.7/site-packages/airflow/example_dags/example_sla_dag.py
[2022-07-22 22:07:42,408] {processor.py:642} INFO - Processing file /home/airflow/.local/lib/python3.7/site-packages/airflow/example_dags/example_sla_dag.py for tasks to queue
[2022-07-22 22:07:42,408] {logging_mixin.py:109} INFO - [2022-07-22 22:07:42,408] {dagbag.py:500} INFO - Filling up the DagBag from /home/airflow/.local/lib/python3.7/site-packages/airflow/example_dags/example_sla_dag.py
[2022-07-22 22:07:42,428] {processor.py:654} INFO - DAG(s) dict_keys(['example_sla_dag']) retrieved from /home/airflow/.local/lib/python3.7/site-packages/airflow/example_dags/example_sla_dag.py
[2022-07-22 22:07:42,434] {logging_mixin.py:109} INFO - [2022-07-22 22:07:42,434] {dag.py:2396} INFO - Sync 1 DAGs
[2022-07-22 22:07:42,446] {logging_mixin.py:109} INFO - [2022-07-22 22:07:42,446] {dag.py:2935} INFO - Setting next_dagrun for example_sla_dag to 2022-07-22T22:04:00+00:00
[2022-07-22 22:07:42,451] {processor.py:171} INFO - Processing /home/airflow/.local/lib/python3.7/site-packages/airflow/example_dags/example_sla_dag.py took 0.046 seconds
[2022-07-22 22:08:13,151] {processor.py:163} INFO - Started process (PID=1342) to work on /home/airflow/.local/lib/python3.7/site-packages/airflow/example_dags/example_sla_dag.py
[2022-07-22 22:08:13,152] {processor.py:642} INFO - Processing file /home/airflow/.local/lib/python3.7/site-packages/airflow/example_dags/example_sla_dag.py for tasks to queue
[2022-07-22 22:08:13,153] {logging_mixin.py:109} INFO - [2022-07-22 22:08:13,152] {dagbag.py:500} INFO - Filling up the DagBag from /home/airflow/.local/lib/python3.7/site-packages/airflow/example_dags/example_sla_dag.py
[2022-07-22 22:08:13,174] {processor.py:654} INFO - DAG(s) dict_keys(['example_sla_dag']) retrieved from /home/airflow/.local/lib/python3.7/site-packages/airflow/example_dags/example_sla_dag.py
[2022-07-22 22:08:13,181] {logging_mixin.py:109} INFO - [2022-07-22 22:08:13,181] {dag.py:2396} INFO - Sync 1 DAGs
[2022-07-22 22:08:13,195] {logging_mixin.py:109} INFO - [2022-07-22 22:08:13,195] {dag.py:2935} INFO - Setting next_dagrun for example_sla_dag to 2022-07-22T22:06:00+00:00
[2022-07-22 22:08:13,201] {processor.py:171} INFO - Processing /home/airflow/.local/lib/python3.7/site-packages/airflow/example_dags/example_sla_dag.py took 0.052 seconds
[2022-07-22 22:08:44,440] {processor.py:163} INFO - Started process (PID=1401) to work on /home/airflow/.local/lib/python3.7/site-packages/airflow/example_dags/example_sla_dag.py
[2022-07-22 22:08:44,441] {processor.py:642} INFO - Processing file /home/airflow/.local/lib/python3.7/site-packages/airflow/example_dags/example_sla_dag.py for tasks to queue
[2022-07-22 22:08:44,442] {logging_mixin.py:109} INFO - [2022-07-22 22:08:44,442] {dagbag.py:500} INFO - Filling up the DagBag from /home/airflow/.local/lib/python3.7/site-packages/airflow/example_dags/example_sla_dag.py
[2022-07-22 22:08:44,474] {processor.py:654} INFO - DAG(s) dict_keys(['example_sla_dag']) retrieved from /home/airflow/.local/lib/python3.7/site-packages/airflow/example_dags/example_sla_dag.py
[2022-07-22 22:08:44,484] {logging_mixin.py:109} INFO - [2022-07-22 22:08:44,484] {dag.py:2396} INFO - Sync 1 DAGs
[2022-07-22 22:08:44,506] {logging_mixin.py:109} INFO - [2022-07-22 22:08:44,506] {dag.py:2935} INFO - Setting next_dagrun for example_sla_dag to 2022-07-22T22:06:00+00:00
[2022-07-22 22:08:44,515] {processor.py:171} INFO - Processing /home/airflow/.local/lib/python3.7/site-packages/airflow/example_dags/example_sla_dag.py took 0.078 seconds
[2022-07-22 22:09:15,019] {processor.py:163} INFO - Started process (PID=1451) to work on /home/airflow/.local/lib/python3.7/site-packages/airflow/example_dags/example_sla_dag.py
[2022-07-22 22:09:15,020] {processor.py:642} INFO - Processing file /home/airflow/.local/lib/python3.7/site-packages/airflow/example_dags/example_sla_dag.py for tasks to queue
[2022-07-22 22:09:15,021] {logging_mixin.py:109} INFO - [2022-07-22 22:09:15,020] {dagbag.py:500} INFO - Filling up the DagBag from /home/airflow/.local/lib/python3.7/site-packages/airflow/example_dags/example_sla_dag.py
[2022-07-22 22:09:15,046] {processor.py:654} INFO - DAG(s) dict_keys(['example_sla_dag']) retrieved from /home/airflow/.local/lib/python3.7/site-packages/airflow/example_dags/example_sla_dag.py
[2022-07-22 22:09:15,056] {logging_mixin.py:109} INFO - [2022-07-22 22:09:15,056] {dag.py:2396} INFO - Sync 1 DAGs
[2022-07-22 22:09:15,077] {logging_mixin.py:109} INFO - [2022-07-22 22:09:15,077] {dag.py:2935} INFO - Setting next_dagrun for example_sla_dag to 2022-07-22T22:06:00+00:00
[2022-07-22 22:09:15,085] {processor.py:171} INFO - Processing /home/airflow/.local/lib/python3.7/site-packages/airflow/example_dags/example_sla_dag.py took 0.068 seconds
[2022-07-22 22:09:46,144] {processor.py:163} INFO - Started process (PID=1510) to work on /home/airflow/.local/lib/python3.7/site-packages/airflow/example_dags/example_sla_dag.py
[2022-07-22 22:09:46,145] {processor.py:642} INFO - Processing file /home/airflow/.local/lib/python3.7/site-packages/airflow/example_dags/example_sla_dag.py for tasks to queue
[2022-07-22 22:09:46,146] {logging_mixin.py:109} INFO - [2022-07-22 22:09:46,146] {dagbag.py:500} INFO - Filling up the DagBag from /home/airflow/.local/lib/python3.7/site-packages/airflow/example_dags/example_sla_dag.py
[2022-07-22 22:09:46,169] {processor.py:654} INFO - DAG(s) dict_keys(['example_sla_dag']) retrieved from /home/airflow/.local/lib/python3.7/site-packages/airflow/example_dags/example_sla_dag.py
[2022-07-22 22:09:46,176] {logging_mixin.py:109} INFO - [2022-07-22 22:09:46,176] {dag.py:2396} INFO - Sync 1 DAGs
[2022-07-22 22:09:46,190] {logging_mixin.py:109} INFO - [2022-07-22 22:09:46,190] {dag.py:2935} INFO - Setting next_dagrun for example_sla_dag to 2022-07-22T22:06:00+00:00
[2022-07-22 22:09:46,196] {processor.py:171} INFO - Processing /home/airflow/.local/lib/python3.7/site-packages/airflow/example_dags/example_sla_dag.py took 0.054 seconds
[2022-07-22 22:10:17,013] {processor.py:163} INFO - Started process (PID=1560) to work on /home/airflow/.local/lib/python3.7/site-packages/airflow/example_dags/example_sla_dag.py
[2022-07-22 22:10:17,014] {processor.py:642} INFO - Processing file /home/airflow/.local/lib/python3.7/site-packages/airflow/example_dags/example_sla_dag.py for tasks to queue
[2022-07-22 22:10:17,014] {logging_mixin.py:109} INFO - [2022-07-22 22:10:17,014] {dagbag.py:500} INFO - Filling up the DagBag from /home/airflow/.local/lib/python3.7/site-packages/airflow/example_dags/example_sla_dag.py
[2022-07-22 22:10:17,034] {processor.py:654} INFO - DAG(s) dict_keys(['example_sla_dag']) retrieved from /home/airflow/.local/lib/python3.7/site-packages/airflow/example_dags/example_sla_dag.py
[2022-07-22 22:10:17,040] {logging_mixin.py:109} INFO - [2022-07-22 22:10:17,040] {dag.py:2396} INFO - Sync 1 DAGs
[2022-07-22 22:10:17,053] {logging_mixin.py:109} INFO - [2022-07-22 22:10:17,053] {dag.py:2935} INFO - Setting next_dagrun for example_sla_dag to 2022-07-22T22:08:00+00:00
[2022-07-22 22:10:17,059] {processor.py:171} INFO - Processing /home/airflow/.local/lib/python3.7/site-packages/airflow/example_dags/example_sla_dag.py took 0.048 seconds
[2022-07-22 22:10:47,818] {processor.py:163} INFO - Started process (PID=1619) to work on /home/airflow/.local/lib/python3.7/site-packages/airflow/example_dags/example_sla_dag.py
[2022-07-22 22:10:47,819] {processor.py:642} INFO - Processing file /home/airflow/.local/lib/python3.7/site-packages/airflow/example_dags/example_sla_dag.py for tasks to queue
[2022-07-22 22:10:47,819] {logging_mixin.py:109} INFO - [2022-07-22 22:10:47,819] {dagbag.py:500} INFO - Filling up the DagBag from /home/airflow/.local/lib/python3.7/site-packages/airflow/example_dags/example_sla_dag.py
[2022-07-22 22:10:47,841] {processor.py:654} INFO - DAG(s) dict_keys(['example_sla_dag']) retrieved from /home/airflow/.local/lib/python3.7/site-packages/airflow/example_dags/example_sla_dag.py
[2022-07-22 22:10:47,848] {logging_mixin.py:109} INFO - [2022-07-22 22:10:47,848] {dag.py:2396} INFO - Sync 1 DAGs
[2022-07-22 22:10:47,863] {logging_mixin.py:109} INFO - [2022-07-22 22:10:47,863] {dag.py:2935} INFO - Setting next_dagrun for example_sla_dag to 2022-07-22T22:08:00+00:00
[2022-07-22 22:10:47,869] {processor.py:171} INFO - Processing /home/airflow/.local/lib/python3.7/site-packages/airflow/example_dags/example_sla_dag.py took 0.054 seconds
[2022-07-22 22:11:18,603] {processor.py:163} INFO - Started process (PID=1678) to work on /home/airflow/.local/lib/python3.7/site-packages/airflow/example_dags/example_sla_dag.py
[2022-07-22 22:11:18,604] {processor.py:642} INFO - Processing file /home/airflow/.local/lib/python3.7/site-packages/airflow/example_dags/example_sla_dag.py for tasks to queue
[2022-07-22 22:11:18,605] {logging_mixin.py:109} INFO - [2022-07-22 22:11:18,604] {dagbag.py:500} INFO - Filling up the DagBag from /home/airflow/.local/lib/python3.7/site-packages/airflow/example_dags/example_sla_dag.py
[2022-07-22 22:11:18,626] {processor.py:654} INFO - DAG(s) dict_keys(['example_sla_dag']) retrieved from /home/airflow/.local/lib/python3.7/site-packages/airflow/example_dags/example_sla_dag.py
[2022-07-22 22:11:18,632] {logging_mixin.py:109} INFO - [2022-07-22 22:11:18,632] {dag.py:2396} INFO - Sync 1 DAGs
[2022-07-22 22:11:18,645] {logging_mixin.py:109} INFO - [2022-07-22 22:11:18,645] {dag.py:2935} INFO - Setting next_dagrun for example_sla_dag to 2022-07-22T22:08:00+00:00
[2022-07-22 22:11:18,651] {processor.py:171} INFO - Processing /home/airflow/.local/lib/python3.7/site-packages/airflow/example_dags/example_sla_dag.py took 0.050 seconds
[2022-07-22 22:11:49,347] {processor.py:163} INFO - Started process (PID=1728) to work on /home/airflow/.local/lib/python3.7/site-packages/airflow/example_dags/example_sla_dag.py
[2022-07-22 22:11:49,348] {processor.py:642} INFO - Processing file /home/airflow/.local/lib/python3.7/site-packages/airflow/example_dags/example_sla_dag.py for tasks to queue
[2022-07-22 22:11:49,348] {logging_mixin.py:109} INFO - [2022-07-22 22:11:49,348] {dagbag.py:500} INFO - Filling up the DagBag from /home/airflow/.local/lib/python3.7/site-packages/airflow/example_dags/example_sla_dag.py
[2022-07-22 22:11:49,375] {processor.py:654} INFO - DAG(s) dict_keys(['example_sla_dag']) retrieved from /home/airflow/.local/lib/python3.7/site-packages/airflow/example_dags/example_sla_dag.py
[2022-07-22 22:11:49,386] {logging_mixin.py:109} INFO - [2022-07-22 22:11:49,386] {dag.py:2396} INFO - Sync 1 DAGs
[2022-07-22 22:11:49,406] {logging_mixin.py:109} INFO - [2022-07-22 22:11:49,406] {dag.py:2935} INFO - Setting next_dagrun for example_sla_dag to 2022-07-22T22:08:00+00:00
[2022-07-22 22:11:49,412] {processor.py:171} INFO - Processing /home/airflow/.local/lib/python3.7/site-packages/airflow/example_dags/example_sla_dag.py took 0.067 seconds
[2022-07-22 22:12:20,304] {processor.py:163} INFO - Started process (PID=1787) to work on /home/airflow/.local/lib/python3.7/site-packages/airflow/example_dags/example_sla_dag.py
[2022-07-22 22:12:20,305] {processor.py:642} INFO - Processing file /home/airflow/.local/lib/python3.7/site-packages/airflow/example_dags/example_sla_dag.py for tasks to queue
[2022-07-22 22:12:20,305] {logging_mixin.py:109} INFO - [2022-07-22 22:12:20,305] {dagbag.py:500} INFO - Filling up the DagBag from /home/airflow/.local/lib/python3.7/site-packages/airflow/example_dags/example_sla_dag.py
[2022-07-22 22:12:20,328] {processor.py:654} INFO - DAG(s) dict_keys(['example_sla_dag']) retrieved from /home/airflow/.local/lib/python3.7/site-packages/airflow/example_dags/example_sla_dag.py
[2022-07-22 22:12:20,337] {logging_mixin.py:109} INFO - [2022-07-22 22:12:20,337] {dag.py:2396} INFO - Sync 1 DAGs
[2022-07-22 22:12:20,352] {logging_mixin.py:109} INFO - [2022-07-22 22:12:20,352] {dag.py:2935} INFO - Setting next_dagrun for example_sla_dag to 2022-07-22T22:10:00+00:00
[2022-07-22 22:12:20,359] {processor.py:171} INFO - Processing /home/airflow/.local/lib/python3.7/site-packages/airflow/example_dags/example_sla_dag.py took 0.057 seconds
[2022-07-22 22:12:51,147] {processor.py:163} INFO - Started process (PID=1837) to work on /home/airflow/.local/lib/python3.7/site-packages/airflow/example_dags/example_sla_dag.py
[2022-07-22 22:12:51,147] {processor.py:642} INFO - Processing file /home/airflow/.local/lib/python3.7/site-packages/airflow/example_dags/example_sla_dag.py for tasks to queue
[2022-07-22 22:12:51,148] {logging_mixin.py:109} INFO - [2022-07-22 22:12:51,148] {dagbag.py:500} INFO - Filling up the DagBag from /home/airflow/.local/lib/python3.7/site-packages/airflow/example_dags/example_sla_dag.py
[2022-07-22 22:12:51,174] {processor.py:654} INFO - DAG(s) dict_keys(['example_sla_dag']) retrieved from /home/airflow/.local/lib/python3.7/site-packages/airflow/example_dags/example_sla_dag.py
[2022-07-22 22:12:51,184] {logging_mixin.py:109} INFO - [2022-07-22 22:12:51,184] {dag.py:2396} INFO - Sync 1 DAGs
[2022-07-22 22:12:51,201] {logging_mixin.py:109} INFO - [2022-07-22 22:12:51,201] {dag.py:2935} INFO - Setting next_dagrun for example_sla_dag to 2022-07-22T22:10:00+00:00
[2022-07-22 22:12:51,206] {processor.py:171} INFO - Processing /home/airflow/.local/lib/python3.7/site-packages/airflow/example_dags/example_sla_dag.py took 0.062 seconds
[2022-07-22 22:13:21,966] {processor.py:163} INFO - Started process (PID=1896) to work on /home/airflow/.local/lib/python3.7/site-packages/airflow/example_dags/example_sla_dag.py
[2022-07-22 22:13:21,967] {processor.py:642} INFO - Processing file /home/airflow/.local/lib/python3.7/site-packages/airflow/example_dags/example_sla_dag.py for tasks to queue
[2022-07-22 22:13:21,968] {logging_mixin.py:109} INFO - [2022-07-22 22:13:21,967] {dagbag.py:500} INFO - Filling up the DagBag from /home/airflow/.local/lib/python3.7/site-packages/airflow/example_dags/example_sla_dag.py
[2022-07-22 22:13:21,988] {processor.py:654} INFO - DAG(s) dict_keys(['example_sla_dag']) retrieved from /home/airflow/.local/lib/python3.7/site-packages/airflow/example_dags/example_sla_dag.py
[2022-07-22 22:13:21,995] {logging_mixin.py:109} INFO - [2022-07-22 22:13:21,995] {dag.py:2396} INFO - Sync 1 DAGs
[2022-07-22 22:13:22,008] {logging_mixin.py:109} INFO - [2022-07-22 22:13:22,007] {dag.py:2935} INFO - Setting next_dagrun for example_sla_dag to 2022-07-22T22:10:00+00:00
[2022-07-22 22:13:22,014] {processor.py:171} INFO - Processing /home/airflow/.local/lib/python3.7/site-packages/airflow/example_dags/example_sla_dag.py took 0.050 seconds
[2022-07-22 22:13:52,482] {processor.py:163} INFO - Started process (PID=1946) to work on /home/airflow/.local/lib/python3.7/site-packages/airflow/example_dags/example_sla_dag.py
[2022-07-22 22:13:52,483] {processor.py:642} INFO - Processing file /home/airflow/.local/lib/python3.7/site-packages/airflow/example_dags/example_sla_dag.py for tasks to queue
[2022-07-22 22:13:52,483] {logging_mixin.py:109} INFO - [2022-07-22 22:13:52,483] {dagbag.py:500} INFO - Filling up the DagBag from /home/airflow/.local/lib/python3.7/site-packages/airflow/example_dags/example_sla_dag.py
[2022-07-22 22:13:52,505] {processor.py:654} INFO - DAG(s) dict_keys(['example_sla_dag']) retrieved from /home/airflow/.local/lib/python3.7/site-packages/airflow/example_dags/example_sla_dag.py
[2022-07-22 22:13:52,512] {logging_mixin.py:109} INFO - [2022-07-22 22:13:52,512] {dag.py:2396} INFO - Sync 1 DAGs
[2022-07-22 22:13:52,525] {logging_mixin.py:109} INFO - [2022-07-22 22:13:52,525] {dag.py:2935} INFO - Setting next_dagrun for example_sla_dag to 2022-07-22T22:10:00+00:00
[2022-07-22 22:13:52,531] {processor.py:171} INFO - Processing /home/airflow/.local/lib/python3.7/site-packages/airflow/example_dags/example_sla_dag.py took 0.051 seconds
[2022-07-22 22:14:23,276] {processor.py:163} INFO - Started process (PID=2005) to work on /home/airflow/.local/lib/python3.7/site-packages/airflow/example_dags/example_sla_dag.py
[2022-07-22 22:14:23,277] {processor.py:642} INFO - Processing file /home/airflow/.local/lib/python3.7/site-packages/airflow/example_dags/example_sla_dag.py for tasks to queue
[2022-07-22 22:14:23,277] {logging_mixin.py:109} INFO - [2022-07-22 22:14:23,277] {dagbag.py:500} INFO - Filling up the DagBag from /home/airflow/.local/lib/python3.7/site-packages/airflow/example_dags/example_sla_dag.py
[2022-07-22 22:14:23,297] {processor.py:654} INFO - DAG(s) dict_keys(['example_sla_dag']) retrieved from /home/airflow/.local/lib/python3.7/site-packages/airflow/example_dags/example_sla_dag.py
[2022-07-22 22:14:23,304] {logging_mixin.py:109} INFO - [2022-07-22 22:14:23,304] {dag.py:2396} INFO - Sync 1 DAGs
[2022-07-22 22:14:23,318] {logging_mixin.py:109} INFO - [2022-07-22 22:14:23,318] {dag.py:2935} INFO - Setting next_dagrun for example_sla_dag to 2022-07-22T22:12:00+00:00
[2022-07-22 22:14:23,323] {processor.py:171} INFO - Processing /home/airflow/.local/lib/python3.7/site-packages/airflow/example_dags/example_sla_dag.py took 0.049 seconds
[2022-07-22 22:14:53,799] {processor.py:163} INFO - Started process (PID=2065) to work on /home/airflow/.local/lib/python3.7/site-packages/airflow/example_dags/example_sla_dag.py
[2022-07-22 22:14:53,800] {processor.py:642} INFO - Processing file /home/airflow/.local/lib/python3.7/site-packages/airflow/example_dags/example_sla_dag.py for tasks to queue
[2022-07-22 22:14:53,801] {logging_mixin.py:109} INFO - [2022-07-22 22:14:53,800] {dagbag.py:500} INFO - Filling up the DagBag from /home/airflow/.local/lib/python3.7/site-packages/airflow/example_dags/example_sla_dag.py
[2022-07-22 22:14:53,821] {processor.py:654} INFO - DAG(s) dict_keys(['example_sla_dag']) retrieved from /home/airflow/.local/lib/python3.7/site-packages/airflow/example_dags/example_sla_dag.py
[2022-07-22 22:14:53,827] {logging_mixin.py:109} INFO - [2022-07-22 22:14:53,827] {dag.py:2396} INFO - Sync 1 DAGs
[2022-07-22 22:14:53,841] {logging_mixin.py:109} INFO - [2022-07-22 22:14:53,841] {dag.py:2935} INFO - Setting next_dagrun for example_sla_dag to 2022-07-22T22:12:00+00:00
[2022-07-22 22:14:53,846] {processor.py:171} INFO - Processing /home/airflow/.local/lib/python3.7/site-packages/airflow/example_dags/example_sla_dag.py took 0.049 seconds
[2022-07-22 22:15:24,409] {processor.py:163} INFO - Started process (PID=2115) to work on /home/airflow/.local/lib/python3.7/site-packages/airflow/example_dags/example_sla_dag.py
[2022-07-22 22:15:24,410] {processor.py:642} INFO - Processing file /home/airflow/.local/lib/python3.7/site-packages/airflow/example_dags/example_sla_dag.py for tasks to queue
[2022-07-22 22:15:24,410] {logging_mixin.py:109} INFO - [2022-07-22 22:15:24,410] {dagbag.py:500} INFO - Filling up the DagBag from /home/airflow/.local/lib/python3.7/site-packages/airflow/example_dags/example_sla_dag.py
[2022-07-22 22:15:24,430] {processor.py:654} INFO - DAG(s) dict_keys(['example_sla_dag']) retrieved from /home/airflow/.local/lib/python3.7/site-packages/airflow/example_dags/example_sla_dag.py
[2022-07-22 22:15:24,437] {logging_mixin.py:109} INFO - [2022-07-22 22:15:24,436] {dag.py:2396} INFO - Sync 1 DAGs
[2022-07-22 22:15:24,449] {logging_mixin.py:109} INFO - [2022-07-22 22:15:24,449] {dag.py:2935} INFO - Setting next_dagrun for example_sla_dag to 2022-07-22T22:12:00+00:00
[2022-07-22 22:15:24,455] {processor.py:171} INFO - Processing /home/airflow/.local/lib/python3.7/site-packages/airflow/example_dags/example_sla_dag.py took 0.048 seconds
[2022-07-22 22:15:55,105] {processor.py:163} INFO - Started process (PID=2174) to work on /home/airflow/.local/lib/python3.7/site-packages/airflow/example_dags/example_sla_dag.py
[2022-07-22 22:15:55,106] {processor.py:642} INFO - Processing file /home/airflow/.local/lib/python3.7/site-packages/airflow/example_dags/example_sla_dag.py for tasks to queue
[2022-07-22 22:15:55,106] {logging_mixin.py:109} INFO - [2022-07-22 22:15:55,106] {dagbag.py:500} INFO - Filling up the DagBag from /home/airflow/.local/lib/python3.7/site-packages/airflow/example_dags/example_sla_dag.py
[2022-07-22 22:15:55,128] {processor.py:654} INFO - DAG(s) dict_keys(['example_sla_dag']) retrieved from /home/airflow/.local/lib/python3.7/site-packages/airflow/example_dags/example_sla_dag.py
[2022-07-22 22:15:55,134] {logging_mixin.py:109} INFO - [2022-07-22 22:15:55,134] {dag.py:2396} INFO - Sync 1 DAGs
[2022-07-22 22:15:55,147] {logging_mixin.py:109} INFO - [2022-07-22 22:15:55,147] {dag.py:2935} INFO - Setting next_dagrun for example_sla_dag to 2022-07-22T22:12:00+00:00
[2022-07-22 22:15:55,153] {processor.py:171} INFO - Processing /home/airflow/.local/lib/python3.7/site-packages/airflow/example_dags/example_sla_dag.py took 0.050 seconds
[2022-07-22 22:16:25,720] {processor.py:163} INFO - Started process (PID=2224) to work on /home/airflow/.local/lib/python3.7/site-packages/airflow/example_dags/example_sla_dag.py
[2022-07-22 22:16:25,721] {processor.py:642} INFO - Processing file /home/airflow/.local/lib/python3.7/site-packages/airflow/example_dags/example_sla_dag.py for tasks to queue
[2022-07-22 22:16:25,721] {logging_mixin.py:109} INFO - [2022-07-22 22:16:25,721] {dagbag.py:500} INFO - Filling up the DagBag from /home/airflow/.local/lib/python3.7/site-packages/airflow/example_dags/example_sla_dag.py
[2022-07-22 22:16:25,740] {processor.py:654} INFO - DAG(s) dict_keys(['example_sla_dag']) retrieved from /home/airflow/.local/lib/python3.7/site-packages/airflow/example_dags/example_sla_dag.py
[2022-07-22 22:16:25,746] {logging_mixin.py:109} INFO - [2022-07-22 22:16:25,746] {dag.py:2396} INFO - Sync 1 DAGs
[2022-07-22 22:16:25,759] {logging_mixin.py:109} INFO - [2022-07-22 22:16:25,759] {dag.py:2935} INFO - Setting next_dagrun for example_sla_dag to 2022-07-22T22:14:00+00:00
[2022-07-22 22:16:25,764] {processor.py:171} INFO - Processing /home/airflow/.local/lib/python3.7/site-packages/airflow/example_dags/example_sla_dag.py took 0.046 seconds
[2022-07-22 22:16:56,105] {processor.py:163} INFO - Started process (PID=2283) to work on /home/airflow/.local/lib/python3.7/site-packages/airflow/example_dags/example_sla_dag.py
[2022-07-22 22:16:56,106] {processor.py:642} INFO - Processing file /home/airflow/.local/lib/python3.7/site-packages/airflow/example_dags/example_sla_dag.py for tasks to queue
[2022-07-22 22:16:56,106] {logging_mixin.py:109} INFO - [2022-07-22 22:16:56,106] {dagbag.py:500} INFO - Filling up the DagBag from /home/airflow/.local/lib/python3.7/site-packages/airflow/example_dags/example_sla_dag.py
[2022-07-22 22:16:56,128] {processor.py:654} INFO - DAG(s) dict_keys(['example_sla_dag']) retrieved from /home/airflow/.local/lib/python3.7/site-packages/airflow/example_dags/example_sla_dag.py
[2022-07-22 22:16:56,134] {logging_mixin.py:109} INFO - [2022-07-22 22:16:56,134] {dag.py:2396} INFO - Sync 1 DAGs
[2022-07-22 22:16:56,147] {logging_mixin.py:109} INFO - [2022-07-22 22:16:56,147] {dag.py:2935} INFO - Setting next_dagrun for example_sla_dag to 2022-07-22T22:14:00+00:00
[2022-07-22 22:16:56,153] {processor.py:171} INFO - Processing /home/airflow/.local/lib/python3.7/site-packages/airflow/example_dags/example_sla_dag.py took 0.050 seconds
[2022-07-22 22:17:26,795] {processor.py:163} INFO - Started process (PID=2342) to work on /home/airflow/.local/lib/python3.7/site-packages/airflow/example_dags/example_sla_dag.py
[2022-07-22 22:17:26,796] {processor.py:642} INFO - Processing file /home/airflow/.local/lib/python3.7/site-packages/airflow/example_dags/example_sla_dag.py for tasks to queue
[2022-07-22 22:17:26,796] {logging_mixin.py:109} INFO - [2022-07-22 22:17:26,796] {dagbag.py:500} INFO - Filling up the DagBag from /home/airflow/.local/lib/python3.7/site-packages/airflow/example_dags/example_sla_dag.py
[2022-07-22 22:17:26,818] {processor.py:654} INFO - DAG(s) dict_keys(['example_sla_dag']) retrieved from /home/airflow/.local/lib/python3.7/site-packages/airflow/example_dags/example_sla_dag.py
[2022-07-22 22:17:26,825] {logging_mixin.py:109} INFO - [2022-07-22 22:17:26,825] {dag.py:2396} INFO - Sync 1 DAGs
[2022-07-22 22:17:26,839] {logging_mixin.py:109} INFO - [2022-07-22 22:17:26,839] {dag.py:2935} INFO - Setting next_dagrun for example_sla_dag to 2022-07-22T22:14:00+00:00
[2022-07-22 22:17:26,845] {processor.py:171} INFO - Processing /home/airflow/.local/lib/python3.7/site-packages/airflow/example_dags/example_sla_dag.py took 0.053 seconds
[2022-07-22 22:17:57,677] {processor.py:163} INFO - Started process (PID=2392) to work on /home/airflow/.local/lib/python3.7/site-packages/airflow/example_dags/example_sla_dag.py
[2022-07-22 22:17:57,678] {processor.py:642} INFO - Processing file /home/airflow/.local/lib/python3.7/site-packages/airflow/example_dags/example_sla_dag.py for tasks to queue
[2022-07-22 22:17:57,678] {logging_mixin.py:109} INFO - [2022-07-22 22:17:57,678] {dagbag.py:500} INFO - Filling up the DagBag from /home/airflow/.local/lib/python3.7/site-packages/airflow/example_dags/example_sla_dag.py
[2022-07-22 22:17:57,697] {processor.py:654} INFO - DAG(s) dict_keys(['example_sla_dag']) retrieved from /home/airflow/.local/lib/python3.7/site-packages/airflow/example_dags/example_sla_dag.py
[2022-07-22 22:17:57,703] {logging_mixin.py:109} INFO - [2022-07-22 22:17:57,703] {dag.py:2396} INFO - Sync 1 DAGs
[2022-07-22 22:17:57,716] {logging_mixin.py:109} INFO - [2022-07-22 22:17:57,716] {dag.py:2935} INFO - Setting next_dagrun for example_sla_dag to 2022-07-22T22:14:00+00:00
[2022-07-22 22:17:57,722] {processor.py:171} INFO - Processing /home/airflow/.local/lib/python3.7/site-packages/airflow/example_dags/example_sla_dag.py took 0.047 seconds
[2022-07-22 22:18:28,250] {processor.py:163} INFO - Started process (PID=2451) to work on /home/airflow/.local/lib/python3.7/site-packages/airflow/example_dags/example_sla_dag.py
[2022-07-22 22:18:28,251] {processor.py:642} INFO - Processing file /home/airflow/.local/lib/python3.7/site-packages/airflow/example_dags/example_sla_dag.py for tasks to queue
[2022-07-22 22:18:28,252] {logging_mixin.py:109} INFO - [2022-07-22 22:18:28,252] {dagbag.py:500} INFO - Filling up the DagBag from /home/airflow/.local/lib/python3.7/site-packages/airflow/example_dags/example_sla_dag.py
[2022-07-22 22:18:28,271] {processor.py:654} INFO - DAG(s) dict_keys(['example_sla_dag']) retrieved from /home/airflow/.local/lib/python3.7/site-packages/airflow/example_dags/example_sla_dag.py
[2022-07-22 22:18:28,277] {logging_mixin.py:109} INFO - [2022-07-22 22:18:28,277] {dag.py:2396} INFO - Sync 1 DAGs
[2022-07-22 22:18:28,290] {logging_mixin.py:109} INFO - [2022-07-22 22:18:28,290] {dag.py:2935} INFO - Setting next_dagrun for example_sla_dag to 2022-07-22T22:16:00+00:00
[2022-07-22 22:18:28,296] {processor.py:171} INFO - Processing /home/airflow/.local/lib/python3.7/site-packages/airflow/example_dags/example_sla_dag.py took 0.047 seconds
[2022-07-22 22:18:59,179] {processor.py:163} INFO - Started process (PID=2501) to work on /home/airflow/.local/lib/python3.7/site-packages/airflow/example_dags/example_sla_dag.py
[2022-07-22 22:18:59,180] {processor.py:642} INFO - Processing file /home/airflow/.local/lib/python3.7/site-packages/airflow/example_dags/example_sla_dag.py for tasks to queue
[2022-07-22 22:18:59,180] {logging_mixin.py:109} INFO - [2022-07-22 22:18:59,180] {dagbag.py:500} INFO - Filling up the DagBag from /home/airflow/.local/lib/python3.7/site-packages/airflow/example_dags/example_sla_dag.py
[2022-07-22 22:18:59,208] {processor.py:654} INFO - DAG(s) dict_keys(['example_sla_dag']) retrieved from /home/airflow/.local/lib/python3.7/site-packages/airflow/example_dags/example_sla_dag.py
[2022-07-22 22:18:59,215] {logging_mixin.py:109} INFO - [2022-07-22 22:18:59,215] {dag.py:2396} INFO - Sync 1 DAGs
[2022-07-22 22:18:59,233] {logging_mixin.py:109} INFO - [2022-07-22 22:18:59,233] {dag.py:2935} INFO - Setting next_dagrun for example_sla_dag to 2022-07-22T22:16:00+00:00
[2022-07-22 22:18:59,239] {processor.py:171} INFO - Processing /home/airflow/.local/lib/python3.7/site-packages/airflow/example_dags/example_sla_dag.py took 0.063 seconds
[2022-07-22 22:19:29,927] {processor.py:163} INFO - Started process (PID=2560) to work on /home/airflow/.local/lib/python3.7/site-packages/airflow/example_dags/example_sla_dag.py
[2022-07-22 22:19:29,928] {processor.py:642} INFO - Processing file /home/airflow/.local/lib/python3.7/site-packages/airflow/example_dags/example_sla_dag.py for tasks to queue
[2022-07-22 22:19:29,928] {logging_mixin.py:109} INFO - [2022-07-22 22:19:29,928] {dagbag.py:500} INFO - Filling up the DagBag from /home/airflow/.local/lib/python3.7/site-packages/airflow/example_dags/example_sla_dag.py
[2022-07-22 22:19:29,948] {processor.py:654} INFO - DAG(s) dict_keys(['example_sla_dag']) retrieved from /home/airflow/.local/lib/python3.7/site-packages/airflow/example_dags/example_sla_dag.py
[2022-07-22 22:19:29,954] {logging_mixin.py:109} INFO - [2022-07-22 22:19:29,954] {dag.py:2396} INFO - Sync 1 DAGs
[2022-07-22 22:19:29,968] {logging_mixin.py:109} INFO - [2022-07-22 22:19:29,968] {dag.py:2935} INFO - Setting next_dagrun for example_sla_dag to 2022-07-22T22:16:00+00:00
[2022-07-22 22:19:29,974] {processor.py:171} INFO - Processing /home/airflow/.local/lib/python3.7/site-packages/airflow/example_dags/example_sla_dag.py took 0.049 seconds
[2022-07-22 22:20:00,813] {processor.py:163} INFO - Started process (PID=2619) to work on /home/airflow/.local/lib/python3.7/site-packages/airflow/example_dags/example_sla_dag.py
[2022-07-22 22:20:00,813] {processor.py:642} INFO - Processing file /home/airflow/.local/lib/python3.7/site-packages/airflow/example_dags/example_sla_dag.py for tasks to queue
[2022-07-22 22:20:00,814] {logging_mixin.py:109} INFO - [2022-07-22 22:20:00,814] {dagbag.py:500} INFO - Filling up the DagBag from /home/airflow/.local/lib/python3.7/site-packages/airflow/example_dags/example_sla_dag.py
[2022-07-22 22:20:00,832] {processor.py:654} INFO - DAG(s) dict_keys(['example_sla_dag']) retrieved from /home/airflow/.local/lib/python3.7/site-packages/airflow/example_dags/example_sla_dag.py
[2022-07-22 22:20:00,839] {logging_mixin.py:109} INFO - [2022-07-22 22:20:00,839] {dag.py:2396} INFO - Sync 1 DAGs
[2022-07-22 22:20:00,852] {logging_mixin.py:109} INFO - [2022-07-22 22:20:00,852] {dag.py:2935} INFO - Setting next_dagrun for example_sla_dag to 2022-07-22T22:18:00+00:00
[2022-07-22 22:20:00,925] {processor.py:171} INFO - Processing /home/airflow/.local/lib/python3.7/site-packages/airflow/example_dags/example_sla_dag.py took 0.114 seconds
[2022-07-22 22:20:31,162] {processor.py:163} INFO - Started process (PID=2669) to work on /home/airflow/.local/lib/python3.7/site-packages/airflow/example_dags/example_sla_dag.py
[2022-07-22 22:20:31,163] {processor.py:642} INFO - Processing file /home/airflow/.local/lib/python3.7/site-packages/airflow/example_dags/example_sla_dag.py for tasks to queue
[2022-07-22 22:20:31,164] {logging_mixin.py:109} INFO - [2022-07-22 22:20:31,164] {dagbag.py:500} INFO - Filling up the DagBag from /home/airflow/.local/lib/python3.7/site-packages/airflow/example_dags/example_sla_dag.py
[2022-07-22 22:20:31,182] {processor.py:654} INFO - DAG(s) dict_keys(['example_sla_dag']) retrieved from /home/airflow/.local/lib/python3.7/site-packages/airflow/example_dags/example_sla_dag.py
[2022-07-22 22:20:31,189] {logging_mixin.py:109} INFO - [2022-07-22 22:20:31,189] {dag.py:2396} INFO - Sync 1 DAGs
[2022-07-22 22:20:31,273] {logging_mixin.py:109} INFO - [2022-07-22 22:20:31,273] {dag.py:2935} INFO - Setting next_dagrun for example_sla_dag to 2022-07-22T22:18:00+00:00
[2022-07-22 22:20:31,279] {processor.py:171} INFO - Processing /home/airflow/.local/lib/python3.7/site-packages/airflow/example_dags/example_sla_dag.py took 0.118 seconds
[2022-07-22 22:21:01,483] {processor.py:163} INFO - Started process (PID=2728) to work on /home/airflow/.local/lib/python3.7/site-packages/airflow/example_dags/example_sla_dag.py
[2022-07-22 22:21:01,483] {processor.py:642} INFO - Processing file /home/airflow/.local/lib/python3.7/site-packages/airflow/example_dags/example_sla_dag.py for tasks to queue
[2022-07-22 22:21:01,484] {logging_mixin.py:109} INFO - [2022-07-22 22:21:01,484] {dagbag.py:500} INFO - Filling up the DagBag from /home/airflow/.local/lib/python3.7/site-packages/airflow/example_dags/example_sla_dag.py
[2022-07-22 22:21:01,504] {processor.py:654} INFO - DAG(s) dict_keys(['example_sla_dag']) retrieved from /home/airflow/.local/lib/python3.7/site-packages/airflow/example_dags/example_sla_dag.py
[2022-07-22 22:21:01,511] {logging_mixin.py:109} INFO - [2022-07-22 22:21:01,511] {dag.py:2396} INFO - Sync 1 DAGs
[2022-07-22 22:21:01,599] {logging_mixin.py:109} INFO - [2022-07-22 22:21:01,598] {dag.py:2935} INFO - Setting next_dagrun for example_sla_dag to 2022-07-22T22:18:00+00:00
[2022-07-22 22:21:01,604] {processor.py:171} INFO - Processing /home/airflow/.local/lib/python3.7/site-packages/airflow/example_dags/example_sla_dag.py took 0.123 seconds
[2022-07-22 22:21:32,017] {processor.py:163} INFO - Started process (PID=2778) to work on /home/airflow/.local/lib/python3.7/site-packages/airflow/example_dags/example_sla_dag.py
[2022-07-22 22:21:32,018] {processor.py:642} INFO - Processing file /home/airflow/.local/lib/python3.7/site-packages/airflow/example_dags/example_sla_dag.py for tasks to queue
[2022-07-22 22:21:32,019] {logging_mixin.py:109} INFO - [2022-07-22 22:21:32,018] {dagbag.py:500} INFO - Filling up the DagBag from /home/airflow/.local/lib/python3.7/site-packages/airflow/example_dags/example_sla_dag.py
[2022-07-22 22:21:32,037] {processor.py:654} INFO - DAG(s) dict_keys(['example_sla_dag']) retrieved from /home/airflow/.local/lib/python3.7/site-packages/airflow/example_dags/example_sla_dag.py
[2022-07-22 22:21:32,044] {logging_mixin.py:109} INFO - [2022-07-22 22:21:32,044] {dag.py:2396} INFO - Sync 1 DAGs
[2022-07-22 22:21:32,130] {logging_mixin.py:109} INFO - [2022-07-22 22:21:32,130] {dag.py:2935} INFO - Setting next_dagrun for example_sla_dag to 2022-07-22T22:18:00+00:00
[2022-07-22 22:21:32,135] {processor.py:171} INFO - Processing /home/airflow/.local/lib/python3.7/site-packages/airflow/example_dags/example_sla_dag.py took 0.120 seconds
[2022-07-22 22:22:02,840] {processor.py:163} INFO - Started process (PID=2837) to work on /home/airflow/.local/lib/python3.7/site-packages/airflow/example_dags/example_sla_dag.py
[2022-07-22 22:22:02,841] {processor.py:642} INFO - Processing file /home/airflow/.local/lib/python3.7/site-packages/airflow/example_dags/example_sla_dag.py for tasks to queue
[2022-07-22 22:22:02,841] {logging_mixin.py:109} INFO - [2022-07-22 22:22:02,841] {dagbag.py:500} INFO - Filling up the DagBag from /home/airflow/.local/lib/python3.7/site-packages/airflow/example_dags/example_sla_dag.py
[2022-07-22 22:22:02,861] {processor.py:654} INFO - DAG(s) dict_keys(['example_sla_dag']) retrieved from /home/airflow/.local/lib/python3.7/site-packages/airflow/example_dags/example_sla_dag.py
[2022-07-22 22:22:02,928] {logging_mixin.py:109} INFO - [2022-07-22 22:22:02,928] {dag.py:2396} INFO - Sync 1 DAGs
[2022-07-22 22:22:02,940] {logging_mixin.py:109} INFO - [2022-07-22 22:22:02,940] {dag.py:2935} INFO - Setting next_dagrun for example_sla_dag to 2022-07-22T22:20:00+00:00
[2022-07-22 22:22:02,945] {processor.py:171} INFO - Processing /home/airflow/.local/lib/python3.7/site-packages/airflow/example_dags/example_sla_dag.py took 0.107 seconds
[2022-07-22 22:22:33,451] {processor.py:163} INFO - Started process (PID=2896) to work on /home/airflow/.local/lib/python3.7/site-packages/airflow/example_dags/example_sla_dag.py
[2022-07-22 22:22:33,451] {processor.py:642} INFO - Processing file /home/airflow/.local/lib/python3.7/site-packages/airflow/example_dags/example_sla_dag.py for tasks to queue
[2022-07-22 22:22:33,452] {logging_mixin.py:109} INFO - [2022-07-22 22:22:33,452] {dagbag.py:500} INFO - Filling up the DagBag from /home/airflow/.local/lib/python3.7/site-packages/airflow/example_dags/example_sla_dag.py
[2022-07-22 22:22:33,543] {processor.py:654} INFO - DAG(s) dict_keys(['example_sla_dag']) retrieved from /home/airflow/.local/lib/python3.7/site-packages/airflow/example_dags/example_sla_dag.py
[2022-07-22 22:22:33,548] {logging_mixin.py:109} INFO - [2022-07-22 22:22:33,548] {dag.py:2396} INFO - Sync 1 DAGs
[2022-07-22 22:22:33,561] {logging_mixin.py:109} INFO - [2022-07-22 22:22:33,561] {dag.py:2935} INFO - Setting next_dagrun for example_sla_dag to 2022-07-22T22:20:00+00:00
[2022-07-22 22:22:33,566] {processor.py:171} INFO - Processing /home/airflow/.local/lib/python3.7/site-packages/airflow/example_dags/example_sla_dag.py took 0.117 seconds
[2022-07-22 22:23:04,292] {processor.py:163} INFO - Started process (PID=2946) to work on /home/airflow/.local/lib/python3.7/site-packages/airflow/example_dags/example_sla_dag.py
[2022-07-22 22:23:04,293] {processor.py:642} INFO - Processing file /home/airflow/.local/lib/python3.7/site-packages/airflow/example_dags/example_sla_dag.py for tasks to queue
[2022-07-22 22:23:04,294] {logging_mixin.py:109} INFO - [2022-07-22 22:23:04,294] {dagbag.py:500} INFO - Filling up the DagBag from /home/airflow/.local/lib/python3.7/site-packages/airflow/example_dags/example_sla_dag.py
[2022-07-22 22:23:04,386] {processor.py:654} INFO - DAG(s) dict_keys(['example_sla_dag']) retrieved from /home/airflow/.local/lib/python3.7/site-packages/airflow/example_dags/example_sla_dag.py
[2022-07-22 22:23:04,392] {logging_mixin.py:109} INFO - [2022-07-22 22:23:04,392] {dag.py:2396} INFO - Sync 1 DAGs
[2022-07-22 22:23:04,404] {logging_mixin.py:109} INFO - [2022-07-22 22:23:04,404] {dag.py:2935} INFO - Setting next_dagrun for example_sla_dag to 2022-07-22T22:20:00+00:00
[2022-07-22 22:23:04,410] {processor.py:171} INFO - Processing /home/airflow/.local/lib/python3.7/site-packages/airflow/example_dags/example_sla_dag.py took 0.120 seconds
[2022-07-22 22:23:34,952] {processor.py:163} INFO - Started process (PID=3005) to work on /home/airflow/.local/lib/python3.7/site-packages/airflow/example_dags/example_sla_dag.py
[2022-07-22 22:23:34,953] {processor.py:642} INFO - Processing file /home/airflow/.local/lib/python3.7/site-packages/airflow/example_dags/example_sla_dag.py for tasks to queue
[2022-07-22 22:23:34,953] {logging_mixin.py:109} INFO - [2022-07-22 22:23:34,953] {dagbag.py:500} INFO - Filling up the DagBag from /home/airflow/.local/lib/python3.7/site-packages/airflow/example_dags/example_sla_dag.py
[2022-07-22 22:23:35,046] {processor.py:654} INFO - DAG(s) dict_keys(['example_sla_dag']) retrieved from /home/airflow/.local/lib/python3.7/site-packages/airflow/example_dags/example_sla_dag.py
[2022-07-22 22:23:35,052] {logging_mixin.py:109} INFO - [2022-07-22 22:23:35,052] {dag.py:2396} INFO - Sync 1 DAGs
[2022-07-22 22:23:35,065] {logging_mixin.py:109} INFO - [2022-07-22 22:23:35,065] {dag.py:2935} INFO - Setting next_dagrun for example_sla_dag to 2022-07-22T22:20:00+00:00
[2022-07-22 22:23:35,070] {processor.py:171} INFO - Processing /home/airflow/.local/lib/python3.7/site-packages/airflow/example_dags/example_sla_dag.py took 0.119 seconds
[2022-07-22 22:24:05,741] {processor.py:163} INFO - Started process (PID=3055) to work on /home/airflow/.local/lib/python3.7/site-packages/airflow/example_dags/example_sla_dag.py
[2022-07-22 22:24:05,742] {processor.py:642} INFO - Processing file /home/airflow/.local/lib/python3.7/site-packages/airflow/example_dags/example_sla_dag.py for tasks to queue
[2022-07-22 22:24:05,743] {logging_mixin.py:109} INFO - [2022-07-22 22:24:05,743] {dagbag.py:500} INFO - Filling up the DagBag from /home/airflow/.local/lib/python3.7/site-packages/airflow/example_dags/example_sla_dag.py
[2022-07-22 22:24:05,832] {processor.py:654} INFO - DAG(s) dict_keys(['example_sla_dag']) retrieved from /home/airflow/.local/lib/python3.7/site-packages/airflow/example_dags/example_sla_dag.py
[2022-07-22 22:24:05,838] {logging_mixin.py:109} INFO - [2022-07-22 22:24:05,838] {dag.py:2396} INFO - Sync 1 DAGs
[2022-07-22 22:24:05,852] {logging_mixin.py:109} INFO - [2022-07-22 22:24:05,852] {dag.py:2935} INFO - Setting next_dagrun for example_sla_dag to 2022-07-22T22:22:00+00:00
[2022-07-22 22:24:05,858] {processor.py:171} INFO - Processing /home/airflow/.local/lib/python3.7/site-packages/airflow/example_dags/example_sla_dag.py took 0.119 seconds
[2022-07-22 22:24:36,409] {processor.py:163} INFO - Started process (PID=3114) to work on /home/airflow/.local/lib/python3.7/site-packages/airflow/example_dags/example_sla_dag.py
[2022-07-22 22:24:36,410] {processor.py:642} INFO - Processing file /home/airflow/.local/lib/python3.7/site-packages/airflow/example_dags/example_sla_dag.py for tasks to queue
[2022-07-22 22:24:36,410] {logging_mixin.py:109} INFO - [2022-07-22 22:24:36,410] {dagbag.py:500} INFO - Filling up the DagBag from /home/airflow/.local/lib/python3.7/site-packages/airflow/example_dags/example_sla_dag.py
[2022-07-22 22:24:36,496] {processor.py:654} INFO - DAG(s) dict_keys(['example_sla_dag']) retrieved from /home/airflow/.local/lib/python3.7/site-packages/airflow/example_dags/example_sla_dag.py
[2022-07-22 22:24:36,501] {logging_mixin.py:109} INFO - [2022-07-22 22:24:36,501] {dag.py:2396} INFO - Sync 1 DAGs
[2022-07-22 22:24:36,513] {logging_mixin.py:109} INFO - [2022-07-22 22:24:36,513] {dag.py:2935} INFO - Setting next_dagrun for example_sla_dag to 2022-07-22T22:22:00+00:00
[2022-07-22 22:24:36,518] {processor.py:171} INFO - Processing /home/airflow/.local/lib/python3.7/site-packages/airflow/example_dags/example_sla_dag.py took 0.111 seconds
[2022-07-22 22:25:07,139] {processor.py:163} INFO - Started process (PID=3172) to work on /home/airflow/.local/lib/python3.7/site-packages/airflow/example_dags/example_sla_dag.py
[2022-07-22 22:25:07,140] {processor.py:642} INFO - Processing file /home/airflow/.local/lib/python3.7/site-packages/airflow/example_dags/example_sla_dag.py for tasks to queue
[2022-07-22 22:25:07,141] {logging_mixin.py:109} INFO - [2022-07-22 22:25:07,141] {dagbag.py:500} INFO - Filling up the DagBag from /home/airflow/.local/lib/python3.7/site-packages/airflow/example_dags/example_sla_dag.py
[2022-07-22 22:25:07,218] {processor.py:654} INFO - DAG(s) dict_keys(['example_sla_dag']) retrieved from /home/airflow/.local/lib/python3.7/site-packages/airflow/example_dags/example_sla_dag.py
[2022-07-22 22:25:07,223] {logging_mixin.py:109} INFO - [2022-07-22 22:25:07,223] {dag.py:2396} INFO - Sync 1 DAGs
[2022-07-22 22:25:07,235] {logging_mixin.py:109} INFO - [2022-07-22 22:25:07,235] {dag.py:2935} INFO - Setting next_dagrun for example_sla_dag to 2022-07-22T22:22:00+00:00
[2022-07-22 22:25:07,240] {processor.py:171} INFO - Processing /home/airflow/.local/lib/python3.7/site-packages/airflow/example_dags/example_sla_dag.py took 0.102 seconds
[2022-07-22 22:25:38,176] {processor.py:163} INFO - Started process (PID=3222) to work on /home/airflow/.local/lib/python3.7/site-packages/airflow/example_dags/example_sla_dag.py
[2022-07-22 22:25:38,177] {processor.py:642} INFO - Processing file /home/airflow/.local/lib/python3.7/site-packages/airflow/example_dags/example_sla_dag.py for tasks to queue
[2022-07-22 22:25:38,177] {logging_mixin.py:109} INFO - [2022-07-22 22:25:38,177] {dagbag.py:500} INFO - Filling up the DagBag from /home/airflow/.local/lib/python3.7/site-packages/airflow/example_dags/example_sla_dag.py
[2022-07-22 22:25:38,197] {processor.py:654} INFO - DAG(s) dict_keys(['example_sla_dag']) retrieved from /home/airflow/.local/lib/python3.7/site-packages/airflow/example_dags/example_sla_dag.py
[2022-07-22 22:25:38,204] {logging_mixin.py:109} INFO - [2022-07-22 22:25:38,204] {dag.py:2396} INFO - Sync 1 DAGs
[2022-07-22 22:25:38,217] {logging_mixin.py:109} INFO - [2022-07-22 22:25:38,217] {dag.py:2935} INFO - Setting next_dagrun for example_sla_dag to 2022-07-22T22:22:00+00:00
[2022-07-22 22:25:38,222] {processor.py:171} INFO - Processing /home/airflow/.local/lib/python3.7/site-packages/airflow/example_dags/example_sla_dag.py took 0.048 seconds
[2022-07-22 22:26:08,772] {processor.py:163} INFO - Started process (PID=3281) to work on /home/airflow/.local/lib/python3.7/site-packages/airflow/example_dags/example_sla_dag.py
[2022-07-22 22:26:08,773] {processor.py:642} INFO - Processing file /home/airflow/.local/lib/python3.7/site-packages/airflow/example_dags/example_sla_dag.py for tasks to queue
[2022-07-22 22:26:08,773] {logging_mixin.py:109} INFO - [2022-07-22 22:26:08,773] {dagbag.py:500} INFO - Filling up the DagBag from /home/airflow/.local/lib/python3.7/site-packages/airflow/example_dags/example_sla_dag.py
[2022-07-22 22:26:08,793] {processor.py:654} INFO - DAG(s) dict_keys(['example_sla_dag']) retrieved from /home/airflow/.local/lib/python3.7/site-packages/airflow/example_dags/example_sla_dag.py
[2022-07-22 22:26:08,799] {logging_mixin.py:109} INFO - [2022-07-22 22:26:08,799] {dag.py:2396} INFO - Sync 1 DAGs
[2022-07-22 22:26:08,812] {logging_mixin.py:109} INFO - [2022-07-22 22:26:08,812] {dag.py:2935} INFO - Setting next_dagrun for example_sla_dag to 2022-07-22T22:24:00+00:00
[2022-07-22 22:26:08,818] {processor.py:171} INFO - Processing /home/airflow/.local/lib/python3.7/site-packages/airflow/example_dags/example_sla_dag.py took 0.048 seconds
[2022-07-22 22:26:39,186] {processor.py:163} INFO - Started process (PID=3331) to work on /home/airflow/.local/lib/python3.7/site-packages/airflow/example_dags/example_sla_dag.py
[2022-07-22 22:26:39,187] {processor.py:642} INFO - Processing file /home/airflow/.local/lib/python3.7/site-packages/airflow/example_dags/example_sla_dag.py for tasks to queue
[2022-07-22 22:26:39,187] {logging_mixin.py:109} INFO - [2022-07-22 22:26:39,187] {dagbag.py:500} INFO - Filling up the DagBag from /home/airflow/.local/lib/python3.7/site-packages/airflow/example_dags/example_sla_dag.py
[2022-07-22 22:26:39,207] {processor.py:654} INFO - DAG(s) dict_keys(['example_sla_dag']) retrieved from /home/airflow/.local/lib/python3.7/site-packages/airflow/example_dags/example_sla_dag.py
[2022-07-22 22:26:39,214] {logging_mixin.py:109} INFO - [2022-07-22 22:26:39,214] {dag.py:2396} INFO - Sync 1 DAGs
[2022-07-22 22:26:39,227] {logging_mixin.py:109} INFO - [2022-07-22 22:26:39,227] {dag.py:2935} INFO - Setting next_dagrun for example_sla_dag to 2022-07-22T22:24:00+00:00
[2022-07-22 22:26:39,233] {processor.py:171} INFO - Processing /home/airflow/.local/lib/python3.7/site-packages/airflow/example_dags/example_sla_dag.py took 0.048 seconds
[2022-07-22 22:27:09,617] {processor.py:163} INFO - Started process (PID=3390) to work on /home/airflow/.local/lib/python3.7/site-packages/airflow/example_dags/example_sla_dag.py
[2022-07-22 22:27:09,618] {processor.py:642} INFO - Processing file /home/airflow/.local/lib/python3.7/site-packages/airflow/example_dags/example_sla_dag.py for tasks to queue
[2022-07-22 22:27:09,618] {logging_mixin.py:109} INFO - [2022-07-22 22:27:09,618] {dagbag.py:500} INFO - Filling up the DagBag from /home/airflow/.local/lib/python3.7/site-packages/airflow/example_dags/example_sla_dag.py
[2022-07-22 22:27:09,637] {processor.py:654} INFO - DAG(s) dict_keys(['example_sla_dag']) retrieved from /home/airflow/.local/lib/python3.7/site-packages/airflow/example_dags/example_sla_dag.py
[2022-07-22 22:27:09,643] {logging_mixin.py:109} INFO - [2022-07-22 22:27:09,643] {dag.py:2396} INFO - Sync 1 DAGs
[2022-07-22 22:27:09,656] {logging_mixin.py:109} INFO - [2022-07-22 22:27:09,656] {dag.py:2935} INFO - Setting next_dagrun for example_sla_dag to 2022-07-22T22:24:00+00:00
[2022-07-22 22:27:09,661] {processor.py:171} INFO - Processing /home/airflow/.local/lib/python3.7/site-packages/airflow/example_dags/example_sla_dag.py took 0.046 seconds
[2022-07-22 22:27:40,025] {processor.py:163} INFO - Started process (PID=3449) to work on /home/airflow/.local/lib/python3.7/site-packages/airflow/example_dags/example_sla_dag.py
[2022-07-22 22:27:40,026] {processor.py:642} INFO - Processing file /home/airflow/.local/lib/python3.7/site-packages/airflow/example_dags/example_sla_dag.py for tasks to queue
[2022-07-22 22:27:40,026] {logging_mixin.py:109} INFO - [2022-07-22 22:27:40,026] {dagbag.py:500} INFO - Filling up the DagBag from /home/airflow/.local/lib/python3.7/site-packages/airflow/example_dags/example_sla_dag.py
[2022-07-22 22:27:40,046] {processor.py:654} INFO - DAG(s) dict_keys(['example_sla_dag']) retrieved from /home/airflow/.local/lib/python3.7/site-packages/airflow/example_dags/example_sla_dag.py
[2022-07-22 22:27:40,052] {logging_mixin.py:109} INFO - [2022-07-22 22:27:40,052] {dag.py:2396} INFO - Sync 1 DAGs
[2022-07-22 22:27:40,065] {logging_mixin.py:109} INFO - [2022-07-22 22:27:40,065] {dag.py:2935} INFO - Setting next_dagrun for example_sla_dag to 2022-07-22T22:24:00+00:00
[2022-07-22 22:27:40,071] {processor.py:171} INFO - Processing /home/airflow/.local/lib/python3.7/site-packages/airflow/example_dags/example_sla_dag.py took 0.048 seconds
[2022-07-22 22:28:10,314] {processor.py:163} INFO - Started process (PID=3499) to work on /home/airflow/.local/lib/python3.7/site-packages/airflow/example_dags/example_sla_dag.py
[2022-07-22 22:28:10,315] {processor.py:642} INFO - Processing file /home/airflow/.local/lib/python3.7/site-packages/airflow/example_dags/example_sla_dag.py for tasks to queue
[2022-07-22 22:28:10,315] {logging_mixin.py:109} INFO - [2022-07-22 22:28:10,315] {dagbag.py:500} INFO - Filling up the DagBag from /home/airflow/.local/lib/python3.7/site-packages/airflow/example_dags/example_sla_dag.py
[2022-07-22 22:28:10,335] {processor.py:654} INFO - DAG(s) dict_keys(['example_sla_dag']) retrieved from /home/airflow/.local/lib/python3.7/site-packages/airflow/example_dags/example_sla_dag.py
[2022-07-22 22:28:10,341] {logging_mixin.py:109} INFO - [2022-07-22 22:28:10,341] {dag.py:2396} INFO - Sync 1 DAGs
[2022-07-22 22:28:10,354] {logging_mixin.py:109} INFO - [2022-07-22 22:28:10,354] {dag.py:2935} INFO - Setting next_dagrun for example_sla_dag to 2022-07-22T22:26:00+00:00
[2022-07-22 22:28:10,360] {processor.py:171} INFO - Processing /home/airflow/.local/lib/python3.7/site-packages/airflow/example_dags/example_sla_dag.py took 0.048 seconds
