[2022-07-22 21:53:53,987] {processor.py:163} INFO - Started process (PID=48) to work on /home/airflow/.local/lib/python3.7/site-packages/airflow/example_dags/example_bash_operator.py
[2022-07-22 21:53:53,988] {processor.py:642} INFO - Processing file /home/airflow/.local/lib/python3.7/site-packages/airflow/example_dags/example_bash_operator.py for tasks to queue
[2022-07-22 21:53:53,989] {logging_mixin.py:109} INFO - [2022-07-22 21:53:53,989] {dagbag.py:500} INFO - Filling up the DagBag from /home/airflow/.local/lib/python3.7/site-packages/airflow/example_dags/example_bash_operator.py
[2022-07-22 21:53:54,021] {processor.py:654} INFO - DAG(s) dict_keys(['example_bash_operator']) retrieved from /home/airflow/.local/lib/python3.7/site-packages/airflow/example_dags/example_bash_operator.py
[2022-07-22 21:53:58,284] {logging_mixin.py:109} INFO - [2022-07-22 21:53:58,283] {manager.py:496} INFO - Created Permission View: can read on DAG:example_bash_operator
[2022-07-22 21:53:58,290] {logging_mixin.py:109} INFO - [2022-07-22 21:53:58,289] {manager.py:496} INFO - Created Permission View: can edit on DAG:example_bash_operator
[2022-07-22 21:53:58,290] {logging_mixin.py:109} INFO - [2022-07-22 21:53:58,290] {dag.py:2396} INFO - Sync 1 DAGs
[2022-07-22 21:53:58,296] {logging_mixin.py:109} INFO - [2022-07-22 21:53:58,296] {dag.py:2415} INFO - Creating ORM DAG for example_bash_operator
[2022-07-22 21:53:58,305] {logging_mixin.py:109} INFO - [2022-07-22 21:53:58,305] {dag.py:2935} INFO - Setting next_dagrun for example_bash_operator to 2022-07-21 00:00:00+00:00
[2022-07-22 21:53:58,316] {processor.py:171} INFO - Processing /home/airflow/.local/lib/python3.7/site-packages/airflow/example_dags/example_bash_operator.py took 4.331 seconds
[2022-07-22 21:54:28,388] {processor.py:163} INFO - Started process (PID=587) to work on /home/airflow/.local/lib/python3.7/site-packages/airflow/example_dags/example_bash_operator.py
[2022-07-22 21:54:28,389] {processor.py:642} INFO - Processing file /home/airflow/.local/lib/python3.7/site-packages/airflow/example_dags/example_bash_operator.py for tasks to queue
[2022-07-22 21:54:28,389] {logging_mixin.py:109} INFO - [2022-07-22 21:54:28,389] {dagbag.py:500} INFO - Filling up the DagBag from /home/airflow/.local/lib/python3.7/site-packages/airflow/example_dags/example_bash_operator.py
[2022-07-22 21:54:28,410] {processor.py:654} INFO - DAG(s) dict_keys(['example_bash_operator']) retrieved from /home/airflow/.local/lib/python3.7/site-packages/airflow/example_dags/example_bash_operator.py
[2022-07-22 21:54:28,417] {logging_mixin.py:109} INFO - [2022-07-22 21:54:28,417] {dag.py:2396} INFO - Sync 1 DAGs
[2022-07-22 21:54:28,429] {logging_mixin.py:109} INFO - [2022-07-22 21:54:28,429] {dag.py:2935} INFO - Setting next_dagrun for example_bash_operator to 2022-07-21 00:00:00+00:00
[2022-07-22 21:54:28,435] {processor.py:171} INFO - Processing /home/airflow/.local/lib/python3.7/site-packages/airflow/example_dags/example_bash_operator.py took 0.049 seconds
[2022-07-22 21:54:58,577] {processor.py:163} INFO - Started process (PID=646) to work on /home/airflow/.local/lib/python3.7/site-packages/airflow/example_dags/example_bash_operator.py
[2022-07-22 21:54:58,578] {processor.py:642} INFO - Processing file /home/airflow/.local/lib/python3.7/site-packages/airflow/example_dags/example_bash_operator.py for tasks to queue
[2022-07-22 21:54:58,579] {logging_mixin.py:109} INFO - [2022-07-22 21:54:58,579] {dagbag.py:500} INFO - Filling up the DagBag from /home/airflow/.local/lib/python3.7/site-packages/airflow/example_dags/example_bash_operator.py
[2022-07-22 21:54:58,601] {processor.py:654} INFO - DAG(s) dict_keys(['example_bash_operator']) retrieved from /home/airflow/.local/lib/python3.7/site-packages/airflow/example_dags/example_bash_operator.py
[2022-07-22 21:54:58,610] {logging_mixin.py:109} INFO - [2022-07-22 21:54:58,609] {dag.py:2396} INFO - Sync 1 DAGs
[2022-07-22 21:54:58,621] {logging_mixin.py:109} INFO - [2022-07-22 21:54:58,621] {dag.py:2935} INFO - Setting next_dagrun for example_bash_operator to 2022-07-21 00:00:00+00:00
[2022-07-22 21:54:58,627] {processor.py:171} INFO - Processing /home/airflow/.local/lib/python3.7/site-packages/airflow/example_dags/example_bash_operator.py took 0.052 seconds
[2022-07-22 21:55:28,902] {processor.py:163} INFO - Started process (PID=696) to work on /home/airflow/.local/lib/python3.7/site-packages/airflow/example_dags/example_bash_operator.py
[2022-07-22 21:55:28,903] {processor.py:642} INFO - Processing file /home/airflow/.local/lib/python3.7/site-packages/airflow/example_dags/example_bash_operator.py for tasks to queue
[2022-07-22 21:55:28,903] {logging_mixin.py:109} INFO - [2022-07-22 21:55:28,903] {dagbag.py:500} INFO - Filling up the DagBag from /home/airflow/.local/lib/python3.7/site-packages/airflow/example_dags/example_bash_operator.py
[2022-07-22 21:55:28,923] {processor.py:654} INFO - DAG(s) dict_keys(['example_bash_operator']) retrieved from /home/airflow/.local/lib/python3.7/site-packages/airflow/example_dags/example_bash_operator.py
[2022-07-22 21:55:28,930] {logging_mixin.py:109} INFO - [2022-07-22 21:55:28,930] {dag.py:2396} INFO - Sync 1 DAGs
[2022-07-22 21:55:28,941] {logging_mixin.py:109} INFO - [2022-07-22 21:55:28,941] {dag.py:2935} INFO - Setting next_dagrun for example_bash_operator to 2022-07-21 00:00:00+00:00
[2022-07-22 21:55:28,947] {processor.py:171} INFO - Processing /home/airflow/.local/lib/python3.7/site-packages/airflow/example_dags/example_bash_operator.py took 0.047 seconds
[2022-07-22 21:56:26,522] {processor.py:163} INFO - Started process (PID=48) to work on /home/airflow/.local/lib/python3.7/site-packages/airflow/example_dags/example_bash_operator.py
[2022-07-22 21:56:26,523] {processor.py:642} INFO - Processing file /home/airflow/.local/lib/python3.7/site-packages/airflow/example_dags/example_bash_operator.py for tasks to queue
[2022-07-22 21:56:26,524] {logging_mixin.py:109} INFO - [2022-07-22 21:56:26,524] {dagbag.py:500} INFO - Filling up the DagBag from /home/airflow/.local/lib/python3.7/site-packages/airflow/example_dags/example_bash_operator.py
[2022-07-22 21:56:26,552] {processor.py:654} INFO - DAG(s) dict_keys(['example_bash_operator']) retrieved from /home/airflow/.local/lib/python3.7/site-packages/airflow/example_dags/example_bash_operator.py
[2022-07-22 21:56:26,559] {logging_mixin.py:109} INFO - [2022-07-22 21:56:26,559] {dag.py:2396} INFO - Sync 1 DAGs
[2022-07-22 21:56:26,571] {logging_mixin.py:109} INFO - [2022-07-22 21:56:26,571] {dag.py:2935} INFO - Setting next_dagrun for example_bash_operator to 2022-07-21 00:00:00+00:00
[2022-07-22 21:56:26,577] {processor.py:171} INFO - Processing /home/airflow/.local/lib/python3.7/site-packages/airflow/example_dags/example_bash_operator.py took 0.057 seconds
[2022-07-22 21:56:57,512] {processor.py:163} INFO - Started process (PID=108) to work on /home/airflow/.local/lib/python3.7/site-packages/airflow/example_dags/example_bash_operator.py
[2022-07-22 21:56:57,513] {processor.py:642} INFO - Processing file /home/airflow/.local/lib/python3.7/site-packages/airflow/example_dags/example_bash_operator.py for tasks to queue
[2022-07-22 21:56:57,514] {logging_mixin.py:109} INFO - [2022-07-22 21:56:57,514] {dagbag.py:500} INFO - Filling up the DagBag from /home/airflow/.local/lib/python3.7/site-packages/airflow/example_dags/example_bash_operator.py
[2022-07-22 21:56:57,533] {processor.py:654} INFO - DAG(s) dict_keys(['example_bash_operator']) retrieved from /home/airflow/.local/lib/python3.7/site-packages/airflow/example_dags/example_bash_operator.py
[2022-07-22 21:56:57,540] {logging_mixin.py:109} INFO - [2022-07-22 21:56:57,540] {dag.py:2396} INFO - Sync 1 DAGs
[2022-07-22 21:56:57,551] {logging_mixin.py:109} INFO - [2022-07-22 21:56:57,551] {dag.py:2935} INFO - Setting next_dagrun for example_bash_operator to 2022-07-21 00:00:00+00:00
[2022-07-22 21:56:57,557] {processor.py:171} INFO - Processing /home/airflow/.local/lib/python3.7/site-packages/airflow/example_dags/example_bash_operator.py took 0.046 seconds
[2022-07-22 21:57:28,152] {processor.py:163} INFO - Started process (PID=167) to work on /home/airflow/.local/lib/python3.7/site-packages/airflow/example_dags/example_bash_operator.py
[2022-07-22 21:57:28,153] {processor.py:642} INFO - Processing file /home/airflow/.local/lib/python3.7/site-packages/airflow/example_dags/example_bash_operator.py for tasks to queue
[2022-07-22 21:57:28,154] {logging_mixin.py:109} INFO - [2022-07-22 21:57:28,154] {dagbag.py:500} INFO - Filling up the DagBag from /home/airflow/.local/lib/python3.7/site-packages/airflow/example_dags/example_bash_operator.py
[2022-07-22 21:57:28,174] {processor.py:654} INFO - DAG(s) dict_keys(['example_bash_operator']) retrieved from /home/airflow/.local/lib/python3.7/site-packages/airflow/example_dags/example_bash_operator.py
[2022-07-22 21:57:28,181] {logging_mixin.py:109} INFO - [2022-07-22 21:57:28,181] {dag.py:2396} INFO - Sync 1 DAGs
[2022-07-22 21:57:28,192] {logging_mixin.py:109} INFO - [2022-07-22 21:57:28,192] {dag.py:2935} INFO - Setting next_dagrun for example_bash_operator to 2022-07-21 00:00:00+00:00
[2022-07-22 21:57:28,199] {processor.py:171} INFO - Processing /home/airflow/.local/lib/python3.7/site-packages/airflow/example_dags/example_bash_operator.py took 0.048 seconds
[2022-07-22 21:57:58,938] {processor.py:163} INFO - Started process (PID=217) to work on /home/airflow/.local/lib/python3.7/site-packages/airflow/example_dags/example_bash_operator.py
[2022-07-22 21:57:58,938] {processor.py:642} INFO - Processing file /home/airflow/.local/lib/python3.7/site-packages/airflow/example_dags/example_bash_operator.py for tasks to queue
[2022-07-22 21:57:58,939] {logging_mixin.py:109} INFO - [2022-07-22 21:57:58,939] {dagbag.py:500} INFO - Filling up the DagBag from /home/airflow/.local/lib/python3.7/site-packages/airflow/example_dags/example_bash_operator.py
[2022-07-22 21:57:58,960] {processor.py:654} INFO - DAG(s) dict_keys(['example_bash_operator']) retrieved from /home/airflow/.local/lib/python3.7/site-packages/airflow/example_dags/example_bash_operator.py
[2022-07-22 21:57:58,967] {logging_mixin.py:109} INFO - [2022-07-22 21:57:58,967] {dag.py:2396} INFO - Sync 1 DAGs
[2022-07-22 21:57:58,980] {logging_mixin.py:109} INFO - [2022-07-22 21:57:58,980] {dag.py:2935} INFO - Setting next_dagrun for example_bash_operator to 2022-07-21 00:00:00+00:00
[2022-07-22 21:57:58,986] {processor.py:171} INFO - Processing /home/airflow/.local/lib/python3.7/site-packages/airflow/example_dags/example_bash_operator.py took 0.051 seconds
[2022-07-22 21:58:29,874] {processor.py:163} INFO - Started process (PID=276) to work on /home/airflow/.local/lib/python3.7/site-packages/airflow/example_dags/example_bash_operator.py
[2022-07-22 21:58:29,874] {processor.py:642} INFO - Processing file /home/airflow/.local/lib/python3.7/site-packages/airflow/example_dags/example_bash_operator.py for tasks to queue
[2022-07-22 21:58:29,875] {logging_mixin.py:109} INFO - [2022-07-22 21:58:29,875] {dagbag.py:500} INFO - Filling up the DagBag from /home/airflow/.local/lib/python3.7/site-packages/airflow/example_dags/example_bash_operator.py
[2022-07-22 21:58:29,894] {processor.py:654} INFO - DAG(s) dict_keys(['example_bash_operator']) retrieved from /home/airflow/.local/lib/python3.7/site-packages/airflow/example_dags/example_bash_operator.py
[2022-07-22 21:58:29,901] {logging_mixin.py:109} INFO - [2022-07-22 21:58:29,901] {dag.py:2396} INFO - Sync 1 DAGs
[2022-07-22 21:58:29,912] {logging_mixin.py:109} INFO - [2022-07-22 21:58:29,912] {dag.py:2935} INFO - Setting next_dagrun for example_bash_operator to 2022-07-21 00:00:00+00:00
[2022-07-22 21:58:29,919] {processor.py:171} INFO - Processing /home/airflow/.local/lib/python3.7/site-packages/airflow/example_dags/example_bash_operator.py took 0.047 seconds
[2022-07-22 21:59:00,593] {processor.py:163} INFO - Started process (PID=326) to work on /home/airflow/.local/lib/python3.7/site-packages/airflow/example_dags/example_bash_operator.py
[2022-07-22 21:59:00,594] {processor.py:642} INFO - Processing file /home/airflow/.local/lib/python3.7/site-packages/airflow/example_dags/example_bash_operator.py for tasks to queue
[2022-07-22 21:59:00,594] {logging_mixin.py:109} INFO - [2022-07-22 21:59:00,594] {dagbag.py:500} INFO - Filling up the DagBag from /home/airflow/.local/lib/python3.7/site-packages/airflow/example_dags/example_bash_operator.py
[2022-07-22 21:59:00,615] {processor.py:654} INFO - DAG(s) dict_keys(['example_bash_operator']) retrieved from /home/airflow/.local/lib/python3.7/site-packages/airflow/example_dags/example_bash_operator.py
[2022-07-22 21:59:00,622] {logging_mixin.py:109} INFO - [2022-07-22 21:59:00,622] {dag.py:2396} INFO - Sync 1 DAGs
[2022-07-22 21:59:00,633] {logging_mixin.py:109} INFO - [2022-07-22 21:59:00,633] {dag.py:2935} INFO - Setting next_dagrun for example_bash_operator to 2022-07-21 00:00:00+00:00
[2022-07-22 21:59:00,639] {processor.py:171} INFO - Processing /home/airflow/.local/lib/python3.7/site-packages/airflow/example_dags/example_bash_operator.py took 0.048 seconds
[2022-07-22 21:59:31,393] {processor.py:163} INFO - Started process (PID=385) to work on /home/airflow/.local/lib/python3.7/site-packages/airflow/example_dags/example_bash_operator.py
[2022-07-22 21:59:31,393] {processor.py:642} INFO - Processing file /home/airflow/.local/lib/python3.7/site-packages/airflow/example_dags/example_bash_operator.py for tasks to queue
[2022-07-22 21:59:31,394] {logging_mixin.py:109} INFO - [2022-07-22 21:59:31,394] {dagbag.py:500} INFO - Filling up the DagBag from /home/airflow/.local/lib/python3.7/site-packages/airflow/example_dags/example_bash_operator.py
[2022-07-22 21:59:31,414] {processor.py:654} INFO - DAG(s) dict_keys(['example_bash_operator']) retrieved from /home/airflow/.local/lib/python3.7/site-packages/airflow/example_dags/example_bash_operator.py
[2022-07-22 21:59:31,421] {logging_mixin.py:109} INFO - [2022-07-22 21:59:31,421] {dag.py:2396} INFO - Sync 1 DAGs
[2022-07-22 21:59:31,433] {logging_mixin.py:109} INFO - [2022-07-22 21:59:31,433] {dag.py:2935} INFO - Setting next_dagrun for example_bash_operator to 2022-07-21 00:00:00+00:00
[2022-07-22 21:59:31,438] {processor.py:171} INFO - Processing /home/airflow/.local/lib/python3.7/site-packages/airflow/example_dags/example_bash_operator.py took 0.048 seconds
[2022-07-22 22:00:02,169] {processor.py:163} INFO - Started process (PID=444) to work on /home/airflow/.local/lib/python3.7/site-packages/airflow/example_dags/example_bash_operator.py
[2022-07-22 22:00:02,170] {processor.py:642} INFO - Processing file /home/airflow/.local/lib/python3.7/site-packages/airflow/example_dags/example_bash_operator.py for tasks to queue
[2022-07-22 22:00:02,170] {logging_mixin.py:109} INFO - [2022-07-22 22:00:02,170] {dagbag.py:500} INFO - Filling up the DagBag from /home/airflow/.local/lib/python3.7/site-packages/airflow/example_dags/example_bash_operator.py
[2022-07-22 22:00:02,190] {processor.py:654} INFO - DAG(s) dict_keys(['example_bash_operator']) retrieved from /home/airflow/.local/lib/python3.7/site-packages/airflow/example_dags/example_bash_operator.py
[2022-07-22 22:00:02,197] {logging_mixin.py:109} INFO - [2022-07-22 22:00:02,197] {dag.py:2396} INFO - Sync 1 DAGs
[2022-07-22 22:00:02,210] {logging_mixin.py:109} INFO - [2022-07-22 22:00:02,210] {dag.py:2935} INFO - Setting next_dagrun for example_bash_operator to 2022-07-21 00:00:00+00:00
[2022-07-22 22:00:02,216] {processor.py:171} INFO - Processing /home/airflow/.local/lib/python3.7/site-packages/airflow/example_dags/example_bash_operator.py took 0.049 seconds
[2022-07-22 22:00:32,822] {processor.py:163} INFO - Started process (PID=494) to work on /home/airflow/.local/lib/python3.7/site-packages/airflow/example_dags/example_bash_operator.py
[2022-07-22 22:00:32,823] {processor.py:642} INFO - Processing file /home/airflow/.local/lib/python3.7/site-packages/airflow/example_dags/example_bash_operator.py for tasks to queue
[2022-07-22 22:00:32,823] {logging_mixin.py:109} INFO - [2022-07-22 22:00:32,823] {dagbag.py:500} INFO - Filling up the DagBag from /home/airflow/.local/lib/python3.7/site-packages/airflow/example_dags/example_bash_operator.py
[2022-07-22 22:00:32,843] {processor.py:654} INFO - DAG(s) dict_keys(['example_bash_operator']) retrieved from /home/airflow/.local/lib/python3.7/site-packages/airflow/example_dags/example_bash_operator.py
[2022-07-22 22:00:32,851] {logging_mixin.py:109} INFO - [2022-07-22 22:00:32,851] {dag.py:2396} INFO - Sync 1 DAGs
[2022-07-22 22:00:32,862] {logging_mixin.py:109} INFO - [2022-07-22 22:00:32,862] {dag.py:2935} INFO - Setting next_dagrun for example_bash_operator to 2022-07-21 00:00:00+00:00
[2022-07-22 22:00:32,868] {processor.py:171} INFO - Processing /home/airflow/.local/lib/python3.7/site-packages/airflow/example_dags/example_bash_operator.py took 0.047 seconds
[2022-07-22 22:01:03,486] {processor.py:163} INFO - Started process (PID=553) to work on /home/airflow/.local/lib/python3.7/site-packages/airflow/example_dags/example_bash_operator.py
[2022-07-22 22:01:03,487] {processor.py:642} INFO - Processing file /home/airflow/.local/lib/python3.7/site-packages/airflow/example_dags/example_bash_operator.py for tasks to queue
[2022-07-22 22:01:03,488] {logging_mixin.py:109} INFO - [2022-07-22 22:01:03,488] {dagbag.py:500} INFO - Filling up the DagBag from /home/airflow/.local/lib/python3.7/site-packages/airflow/example_dags/example_bash_operator.py
[2022-07-22 22:01:03,507] {processor.py:654} INFO - DAG(s) dict_keys(['example_bash_operator']) retrieved from /home/airflow/.local/lib/python3.7/site-packages/airflow/example_dags/example_bash_operator.py
[2022-07-22 22:01:03,514] {logging_mixin.py:109} INFO - [2022-07-22 22:01:03,514] {dag.py:2396} INFO - Sync 1 DAGs
[2022-07-22 22:01:03,526] {logging_mixin.py:109} INFO - [2022-07-22 22:01:03,526] {dag.py:2935} INFO - Setting next_dagrun for example_bash_operator to 2022-07-21 00:00:00+00:00
[2022-07-22 22:01:03,531] {processor.py:171} INFO - Processing /home/airflow/.local/lib/python3.7/site-packages/airflow/example_dags/example_bash_operator.py took 0.047 seconds
[2022-07-22 22:01:34,148] {processor.py:163} INFO - Started process (PID=612) to work on /home/airflow/.local/lib/python3.7/site-packages/airflow/example_dags/example_bash_operator.py
[2022-07-22 22:01:34,149] {processor.py:642} INFO - Processing file /home/airflow/.local/lib/python3.7/site-packages/airflow/example_dags/example_bash_operator.py for tasks to queue
[2022-07-22 22:01:34,149] {logging_mixin.py:109} INFO - [2022-07-22 22:01:34,149] {dagbag.py:500} INFO - Filling up the DagBag from /home/airflow/.local/lib/python3.7/site-packages/airflow/example_dags/example_bash_operator.py
[2022-07-22 22:01:34,170] {processor.py:654} INFO - DAG(s) dict_keys(['example_bash_operator']) retrieved from /home/airflow/.local/lib/python3.7/site-packages/airflow/example_dags/example_bash_operator.py
[2022-07-22 22:01:34,177] {logging_mixin.py:109} INFO - [2022-07-22 22:01:34,177] {dag.py:2396} INFO - Sync 1 DAGs
[2022-07-22 22:01:34,189] {logging_mixin.py:109} INFO - [2022-07-22 22:01:34,189] {dag.py:2935} INFO - Setting next_dagrun for example_bash_operator to 2022-07-21 00:00:00+00:00
[2022-07-22 22:01:34,195] {processor.py:171} INFO - Processing /home/airflow/.local/lib/python3.7/site-packages/airflow/example_dags/example_bash_operator.py took 0.049 seconds
[2022-07-22 22:02:04,831] {processor.py:163} INFO - Started process (PID=662) to work on /home/airflow/.local/lib/python3.7/site-packages/airflow/example_dags/example_bash_operator.py
[2022-07-22 22:02:04,832] {processor.py:642} INFO - Processing file /home/airflow/.local/lib/python3.7/site-packages/airflow/example_dags/example_bash_operator.py for tasks to queue
[2022-07-22 22:02:04,833] {logging_mixin.py:109} INFO - [2022-07-22 22:02:04,833] {dagbag.py:500} INFO - Filling up the DagBag from /home/airflow/.local/lib/python3.7/site-packages/airflow/example_dags/example_bash_operator.py
[2022-07-22 22:02:04,852] {processor.py:654} INFO - DAG(s) dict_keys(['example_bash_operator']) retrieved from /home/airflow/.local/lib/python3.7/site-packages/airflow/example_dags/example_bash_operator.py
[2022-07-22 22:02:04,859] {logging_mixin.py:109} INFO - [2022-07-22 22:02:04,859] {dag.py:2396} INFO - Sync 1 DAGs
[2022-07-22 22:02:04,871] {logging_mixin.py:109} INFO - [2022-07-22 22:02:04,871] {dag.py:2935} INFO - Setting next_dagrun for example_bash_operator to 2022-07-21 00:00:00+00:00
[2022-07-22 22:02:04,877] {processor.py:171} INFO - Processing /home/airflow/.local/lib/python3.7/site-packages/airflow/example_dags/example_bash_operator.py took 0.047 seconds
[2022-07-22 22:02:35,415] {processor.py:163} INFO - Started process (PID=721) to work on /home/airflow/.local/lib/python3.7/site-packages/airflow/example_dags/example_bash_operator.py
[2022-07-22 22:02:35,416] {processor.py:642} INFO - Processing file /home/airflow/.local/lib/python3.7/site-packages/airflow/example_dags/example_bash_operator.py for tasks to queue
[2022-07-22 22:02:35,416] {logging_mixin.py:109} INFO - [2022-07-22 22:02:35,416] {dagbag.py:500} INFO - Filling up the DagBag from /home/airflow/.local/lib/python3.7/site-packages/airflow/example_dags/example_bash_operator.py
[2022-07-22 22:02:35,438] {processor.py:654} INFO - DAG(s) dict_keys(['example_bash_operator']) retrieved from /home/airflow/.local/lib/python3.7/site-packages/airflow/example_dags/example_bash_operator.py
[2022-07-22 22:02:35,446] {logging_mixin.py:109} INFO - [2022-07-22 22:02:35,446] {dag.py:2396} INFO - Sync 1 DAGs
[2022-07-22 22:02:35,458] {logging_mixin.py:109} INFO - [2022-07-22 22:02:35,458] {dag.py:2935} INFO - Setting next_dagrun for example_bash_operator to 2022-07-21 00:00:00+00:00
[2022-07-22 22:02:35,464] {processor.py:171} INFO - Processing /home/airflow/.local/lib/python3.7/site-packages/airflow/example_dags/example_bash_operator.py took 0.051 seconds
[2022-07-22 22:03:06,084] {processor.py:163} INFO - Started process (PID=771) to work on /home/airflow/.local/lib/python3.7/site-packages/airflow/example_dags/example_bash_operator.py
[2022-07-22 22:03:06,085] {processor.py:642} INFO - Processing file /home/airflow/.local/lib/python3.7/site-packages/airflow/example_dags/example_bash_operator.py for tasks to queue
[2022-07-22 22:03:06,085] {logging_mixin.py:109} INFO - [2022-07-22 22:03:06,085] {dagbag.py:500} INFO - Filling up the DagBag from /home/airflow/.local/lib/python3.7/site-packages/airflow/example_dags/example_bash_operator.py
[2022-07-22 22:03:06,105] {processor.py:654} INFO - DAG(s) dict_keys(['example_bash_operator']) retrieved from /home/airflow/.local/lib/python3.7/site-packages/airflow/example_dags/example_bash_operator.py
[2022-07-22 22:03:06,112] {logging_mixin.py:109} INFO - [2022-07-22 22:03:06,112] {dag.py:2396} INFO - Sync 1 DAGs
[2022-07-22 22:03:06,123] {logging_mixin.py:109} INFO - [2022-07-22 22:03:06,123] {dag.py:2935} INFO - Setting next_dagrun for example_bash_operator to 2022-07-21 00:00:00+00:00
[2022-07-22 22:03:06,129] {processor.py:171} INFO - Processing /home/airflow/.local/lib/python3.7/site-packages/airflow/example_dags/example_bash_operator.py took 0.047 seconds
[2022-07-22 22:03:36,688] {processor.py:163} INFO - Started process (PID=830) to work on /home/airflow/.local/lib/python3.7/site-packages/airflow/example_dags/example_bash_operator.py
[2022-07-22 22:03:36,689] {processor.py:642} INFO - Processing file /home/airflow/.local/lib/python3.7/site-packages/airflow/example_dags/example_bash_operator.py for tasks to queue
[2022-07-22 22:03:36,689] {logging_mixin.py:109} INFO - [2022-07-22 22:03:36,689] {dagbag.py:500} INFO - Filling up the DagBag from /home/airflow/.local/lib/python3.7/site-packages/airflow/example_dags/example_bash_operator.py
[2022-07-22 22:03:36,711] {processor.py:654} INFO - DAG(s) dict_keys(['example_bash_operator']) retrieved from /home/airflow/.local/lib/python3.7/site-packages/airflow/example_dags/example_bash_operator.py
[2022-07-22 22:03:36,721] {logging_mixin.py:109} INFO - [2022-07-22 22:03:36,721] {dag.py:2396} INFO - Sync 1 DAGs
[2022-07-22 22:03:36,739] {logging_mixin.py:109} INFO - [2022-07-22 22:03:36,738] {dag.py:2935} INFO - Setting next_dagrun for example_bash_operator to 2022-07-21 00:00:00+00:00
[2022-07-22 22:03:36,748] {processor.py:171} INFO - Processing /home/airflow/.local/lib/python3.7/site-packages/airflow/example_dags/example_bash_operator.py took 0.062 seconds
[2022-07-22 22:04:07,327] {processor.py:163} INFO - Started process (PID=880) to work on /home/airflow/.local/lib/python3.7/site-packages/airflow/example_dags/example_bash_operator.py
[2022-07-22 22:04:07,328] {processor.py:642} INFO - Processing file /home/airflow/.local/lib/python3.7/site-packages/airflow/example_dags/example_bash_operator.py for tasks to queue
[2022-07-22 22:04:07,328] {logging_mixin.py:109} INFO - [2022-07-22 22:04:07,328] {dagbag.py:500} INFO - Filling up the DagBag from /home/airflow/.local/lib/python3.7/site-packages/airflow/example_dags/example_bash_operator.py
[2022-07-22 22:04:07,348] {processor.py:654} INFO - DAG(s) dict_keys(['example_bash_operator']) retrieved from /home/airflow/.local/lib/python3.7/site-packages/airflow/example_dags/example_bash_operator.py
[2022-07-22 22:04:07,355] {logging_mixin.py:109} INFO - [2022-07-22 22:04:07,355] {dag.py:2396} INFO - Sync 1 DAGs
[2022-07-22 22:04:07,367] {logging_mixin.py:109} INFO - [2022-07-22 22:04:07,367] {dag.py:2935} INFO - Setting next_dagrun for example_bash_operator to 2022-07-21 00:00:00+00:00
[2022-07-22 22:04:07,372] {processor.py:171} INFO - Processing /home/airflow/.local/lib/python3.7/site-packages/airflow/example_dags/example_bash_operator.py took 0.048 seconds
[2022-07-22 22:04:38,093] {processor.py:163} INFO - Started process (PID=939) to work on /home/airflow/.local/lib/python3.7/site-packages/airflow/example_dags/example_bash_operator.py
[2022-07-22 22:04:38,094] {processor.py:642} INFO - Processing file /home/airflow/.local/lib/python3.7/site-packages/airflow/example_dags/example_bash_operator.py for tasks to queue
[2022-07-22 22:04:38,094] {logging_mixin.py:109} INFO - [2022-07-22 22:04:38,094] {dagbag.py:500} INFO - Filling up the DagBag from /home/airflow/.local/lib/python3.7/site-packages/airflow/example_dags/example_bash_operator.py
[2022-07-22 22:04:38,116] {processor.py:654} INFO - DAG(s) dict_keys(['example_bash_operator']) retrieved from /home/airflow/.local/lib/python3.7/site-packages/airflow/example_dags/example_bash_operator.py
[2022-07-22 22:04:38,124] {logging_mixin.py:109} INFO - [2022-07-22 22:04:38,123] {dag.py:2396} INFO - Sync 1 DAGs
[2022-07-22 22:04:38,136] {logging_mixin.py:109} INFO - [2022-07-22 22:04:38,136] {dag.py:2935} INFO - Setting next_dagrun for example_bash_operator to 2022-07-21 00:00:00+00:00
[2022-07-22 22:04:38,142] {processor.py:171} INFO - Processing /home/airflow/.local/lib/python3.7/site-packages/airflow/example_dags/example_bash_operator.py took 0.052 seconds
[2022-07-22 22:05:08,749] {processor.py:163} INFO - Started process (PID=998) to work on /home/airflow/.local/lib/python3.7/site-packages/airflow/example_dags/example_bash_operator.py
[2022-07-22 22:05:08,750] {processor.py:642} INFO - Processing file /home/airflow/.local/lib/python3.7/site-packages/airflow/example_dags/example_bash_operator.py for tasks to queue
[2022-07-22 22:05:08,751] {logging_mixin.py:109} INFO - [2022-07-22 22:05:08,751] {dagbag.py:500} INFO - Filling up the DagBag from /home/airflow/.local/lib/python3.7/site-packages/airflow/example_dags/example_bash_operator.py
[2022-07-22 22:05:08,771] {processor.py:654} INFO - DAG(s) dict_keys(['example_bash_operator']) retrieved from /home/airflow/.local/lib/python3.7/site-packages/airflow/example_dags/example_bash_operator.py
[2022-07-22 22:05:08,778] {logging_mixin.py:109} INFO - [2022-07-22 22:05:08,778] {dag.py:2396} INFO - Sync 1 DAGs
[2022-07-22 22:05:08,790] {logging_mixin.py:109} INFO - [2022-07-22 22:05:08,790] {dag.py:2935} INFO - Setting next_dagrun for example_bash_operator to 2022-07-21 00:00:00+00:00
[2022-07-22 22:05:08,795] {processor.py:171} INFO - Processing /home/airflow/.local/lib/python3.7/site-packages/airflow/example_dags/example_bash_operator.py took 0.048 seconds
[2022-07-22 22:05:39,303] {processor.py:163} INFO - Started process (PID=1048) to work on /home/airflow/.local/lib/python3.7/site-packages/airflow/example_dags/example_bash_operator.py
[2022-07-22 22:05:39,304] {processor.py:642} INFO - Processing file /home/airflow/.local/lib/python3.7/site-packages/airflow/example_dags/example_bash_operator.py for tasks to queue
[2022-07-22 22:05:39,305] {logging_mixin.py:109} INFO - [2022-07-22 22:05:39,305] {dagbag.py:500} INFO - Filling up the DagBag from /home/airflow/.local/lib/python3.7/site-packages/airflow/example_dags/example_bash_operator.py
[2022-07-22 22:05:39,326] {processor.py:654} INFO - DAG(s) dict_keys(['example_bash_operator']) retrieved from /home/airflow/.local/lib/python3.7/site-packages/airflow/example_dags/example_bash_operator.py
[2022-07-22 22:05:39,333] {logging_mixin.py:109} INFO - [2022-07-22 22:05:39,333] {dag.py:2396} INFO - Sync 1 DAGs
[2022-07-22 22:05:39,346] {logging_mixin.py:109} INFO - [2022-07-22 22:05:39,345] {dag.py:2935} INFO - Setting next_dagrun for example_bash_operator to 2022-07-21 00:00:00+00:00
[2022-07-22 22:05:39,351] {processor.py:171} INFO - Processing /home/airflow/.local/lib/python3.7/site-packages/airflow/example_dags/example_bash_operator.py took 0.050 seconds
[2022-07-22 22:06:09,931] {processor.py:163} INFO - Started process (PID=1107) to work on /home/airflow/.local/lib/python3.7/site-packages/airflow/example_dags/example_bash_operator.py
[2022-07-22 22:06:09,932] {processor.py:642} INFO - Processing file /home/airflow/.local/lib/python3.7/site-packages/airflow/example_dags/example_bash_operator.py for tasks to queue
[2022-07-22 22:06:09,932] {logging_mixin.py:109} INFO - [2022-07-22 22:06:09,932] {dagbag.py:500} INFO - Filling up the DagBag from /home/airflow/.local/lib/python3.7/site-packages/airflow/example_dags/example_bash_operator.py
[2022-07-22 22:06:09,953] {processor.py:654} INFO - DAG(s) dict_keys(['example_bash_operator']) retrieved from /home/airflow/.local/lib/python3.7/site-packages/airflow/example_dags/example_bash_operator.py
[2022-07-22 22:06:09,961] {logging_mixin.py:109} INFO - [2022-07-22 22:06:09,961] {dag.py:2396} INFO - Sync 1 DAGs
[2022-07-22 22:06:09,972] {logging_mixin.py:109} INFO - [2022-07-22 22:06:09,972] {dag.py:2935} INFO - Setting next_dagrun for example_bash_operator to 2022-07-21 00:00:00+00:00
[2022-07-22 22:06:09,978] {processor.py:171} INFO - Processing /home/airflow/.local/lib/python3.7/site-packages/airflow/example_dags/example_bash_operator.py took 0.048 seconds
[2022-07-22 22:06:40,565] {processor.py:163} INFO - Started process (PID=1157) to work on /home/airflow/.local/lib/python3.7/site-packages/airflow/example_dags/example_bash_operator.py
[2022-07-22 22:06:40,566] {processor.py:642} INFO - Processing file /home/airflow/.local/lib/python3.7/site-packages/airflow/example_dags/example_bash_operator.py for tasks to queue
[2022-07-22 22:06:40,567] {logging_mixin.py:109} INFO - [2022-07-22 22:06:40,567] {dagbag.py:500} INFO - Filling up the DagBag from /home/airflow/.local/lib/python3.7/site-packages/airflow/example_dags/example_bash_operator.py
[2022-07-22 22:06:40,587] {processor.py:654} INFO - DAG(s) dict_keys(['example_bash_operator']) retrieved from /home/airflow/.local/lib/python3.7/site-packages/airflow/example_dags/example_bash_operator.py
[2022-07-22 22:06:40,594] {logging_mixin.py:109} INFO - [2022-07-22 22:06:40,594] {dag.py:2396} INFO - Sync 1 DAGs
[2022-07-22 22:06:40,606] {logging_mixin.py:109} INFO - [2022-07-22 22:06:40,605] {dag.py:2935} INFO - Setting next_dagrun for example_bash_operator to 2022-07-21 00:00:00+00:00
[2022-07-22 22:06:40,612] {processor.py:171} INFO - Processing /home/airflow/.local/lib/python3.7/site-packages/airflow/example_dags/example_bash_operator.py took 0.049 seconds
[2022-07-22 22:07:11,202] {processor.py:163} INFO - Started process (PID=1216) to work on /home/airflow/.local/lib/python3.7/site-packages/airflow/example_dags/example_bash_operator.py
[2022-07-22 22:07:11,203] {processor.py:642} INFO - Processing file /home/airflow/.local/lib/python3.7/site-packages/airflow/example_dags/example_bash_operator.py for tasks to queue
[2022-07-22 22:07:11,203] {logging_mixin.py:109} INFO - [2022-07-22 22:07:11,203] {dagbag.py:500} INFO - Filling up the DagBag from /home/airflow/.local/lib/python3.7/site-packages/airflow/example_dags/example_bash_operator.py
[2022-07-22 22:07:11,223] {processor.py:654} INFO - DAG(s) dict_keys(['example_bash_operator']) retrieved from /home/airflow/.local/lib/python3.7/site-packages/airflow/example_dags/example_bash_operator.py
[2022-07-22 22:07:11,230] {logging_mixin.py:109} INFO - [2022-07-22 22:07:11,230] {dag.py:2396} INFO - Sync 1 DAGs
[2022-07-22 22:07:11,241] {logging_mixin.py:109} INFO - [2022-07-22 22:07:11,241] {dag.py:2935} INFO - Setting next_dagrun for example_bash_operator to 2022-07-21 00:00:00+00:00
[2022-07-22 22:07:11,247] {processor.py:171} INFO - Processing /home/airflow/.local/lib/python3.7/site-packages/airflow/example_dags/example_bash_operator.py took 0.047 seconds
[2022-07-22 22:07:41,763] {processor.py:163} INFO - Started process (PID=1275) to work on /home/airflow/.local/lib/python3.7/site-packages/airflow/example_dags/example_bash_operator.py
[2022-07-22 22:07:41,764] {processor.py:642} INFO - Processing file /home/airflow/.local/lib/python3.7/site-packages/airflow/example_dags/example_bash_operator.py for tasks to queue
[2022-07-22 22:07:41,764] {logging_mixin.py:109} INFO - [2022-07-22 22:07:41,764] {dagbag.py:500} INFO - Filling up the DagBag from /home/airflow/.local/lib/python3.7/site-packages/airflow/example_dags/example_bash_operator.py
[2022-07-22 22:07:41,783] {processor.py:654} INFO - DAG(s) dict_keys(['example_bash_operator']) retrieved from /home/airflow/.local/lib/python3.7/site-packages/airflow/example_dags/example_bash_operator.py
[2022-07-22 22:07:41,790] {logging_mixin.py:109} INFO - [2022-07-22 22:07:41,790] {dag.py:2396} INFO - Sync 1 DAGs
[2022-07-22 22:07:41,802] {logging_mixin.py:109} INFO - [2022-07-22 22:07:41,802] {dag.py:2935} INFO - Setting next_dagrun for example_bash_operator to 2022-07-21 00:00:00+00:00
[2022-07-22 22:07:41,808] {processor.py:171} INFO - Processing /home/airflow/.local/lib/python3.7/site-packages/airflow/example_dags/example_bash_operator.py took 0.047 seconds
[2022-07-22 22:08:12,376] {processor.py:163} INFO - Started process (PID=1325) to work on /home/airflow/.local/lib/python3.7/site-packages/airflow/example_dags/example_bash_operator.py
[2022-07-22 22:08:12,377] {processor.py:642} INFO - Processing file /home/airflow/.local/lib/python3.7/site-packages/airflow/example_dags/example_bash_operator.py for tasks to queue
[2022-07-22 22:08:12,377] {logging_mixin.py:109} INFO - [2022-07-22 22:08:12,377] {dagbag.py:500} INFO - Filling up the DagBag from /home/airflow/.local/lib/python3.7/site-packages/airflow/example_dags/example_bash_operator.py
[2022-07-22 22:08:12,398] {processor.py:654} INFO - DAG(s) dict_keys(['example_bash_operator']) retrieved from /home/airflow/.local/lib/python3.7/site-packages/airflow/example_dags/example_bash_operator.py
[2022-07-22 22:08:12,406] {logging_mixin.py:109} INFO - [2022-07-22 22:08:12,406] {dag.py:2396} INFO - Sync 1 DAGs
[2022-07-22 22:08:12,420] {logging_mixin.py:109} INFO - [2022-07-22 22:08:12,420] {dag.py:2935} INFO - Setting next_dagrun for example_bash_operator to 2022-07-21 00:00:00+00:00
[2022-07-22 22:08:12,430] {processor.py:171} INFO - Processing /home/airflow/.local/lib/python3.7/site-packages/airflow/example_dags/example_bash_operator.py took 0.056 seconds
[2022-07-22 22:08:43,290] {processor.py:163} INFO - Started process (PID=1384) to work on /home/airflow/.local/lib/python3.7/site-packages/airflow/example_dags/example_bash_operator.py
[2022-07-22 22:08:43,292] {processor.py:642} INFO - Processing file /home/airflow/.local/lib/python3.7/site-packages/airflow/example_dags/example_bash_operator.py for tasks to queue
[2022-07-22 22:08:43,292] {logging_mixin.py:109} INFO - [2022-07-22 22:08:43,292] {dagbag.py:500} INFO - Filling up the DagBag from /home/airflow/.local/lib/python3.7/site-packages/airflow/example_dags/example_bash_operator.py
[2022-07-22 22:08:43,323] {processor.py:654} INFO - DAG(s) dict_keys(['example_bash_operator']) retrieved from /home/airflow/.local/lib/python3.7/site-packages/airflow/example_dags/example_bash_operator.py
[2022-07-22 22:08:43,334] {logging_mixin.py:109} INFO - [2022-07-22 22:08:43,334] {dag.py:2396} INFO - Sync 1 DAGs
[2022-07-22 22:08:43,352] {logging_mixin.py:109} INFO - [2022-07-22 22:08:43,352] {dag.py:2935} INFO - Setting next_dagrun for example_bash_operator to 2022-07-21 00:00:00+00:00
[2022-07-22 22:08:43,361] {processor.py:171} INFO - Processing /home/airflow/.local/lib/python3.7/site-packages/airflow/example_dags/example_bash_operator.py took 0.074 seconds
[2022-07-22 22:09:14,138] {processor.py:163} INFO - Started process (PID=1434) to work on /home/airflow/.local/lib/python3.7/site-packages/airflow/example_dags/example_bash_operator.py
[2022-07-22 22:09:14,139] {processor.py:642} INFO - Processing file /home/airflow/.local/lib/python3.7/site-packages/airflow/example_dags/example_bash_operator.py for tasks to queue
[2022-07-22 22:09:14,139] {logging_mixin.py:109} INFO - [2022-07-22 22:09:14,139] {dagbag.py:500} INFO - Filling up the DagBag from /home/airflow/.local/lib/python3.7/site-packages/airflow/example_dags/example_bash_operator.py
[2022-07-22 22:09:14,166] {processor.py:654} INFO - DAG(s) dict_keys(['example_bash_operator']) retrieved from /home/airflow/.local/lib/python3.7/site-packages/airflow/example_dags/example_bash_operator.py
[2022-07-22 22:09:14,175] {logging_mixin.py:109} INFO - [2022-07-22 22:09:14,175] {dag.py:2396} INFO - Sync 1 DAGs
[2022-07-22 22:09:14,192] {logging_mixin.py:109} INFO - [2022-07-22 22:09:14,191] {dag.py:2935} INFO - Setting next_dagrun for example_bash_operator to 2022-07-21 00:00:00+00:00
[2022-07-22 22:09:14,201] {processor.py:171} INFO - Processing /home/airflow/.local/lib/python3.7/site-packages/airflow/example_dags/example_bash_operator.py took 0.065 seconds
[2022-07-22 22:09:44,256] {processor.py:163} INFO - Started process (PID=1493) to work on /home/airflow/.local/lib/python3.7/site-packages/airflow/example_dags/example_bash_operator.py
[2022-07-22 22:09:44,257] {processor.py:642} INFO - Processing file /home/airflow/.local/lib/python3.7/site-packages/airflow/example_dags/example_bash_operator.py for tasks to queue
[2022-07-22 22:09:44,257] {logging_mixin.py:109} INFO - [2022-07-22 22:09:44,257] {dagbag.py:500} INFO - Filling up the DagBag from /home/airflow/.local/lib/python3.7/site-packages/airflow/example_dags/example_bash_operator.py
[2022-07-22 22:09:44,283] {processor.py:654} INFO - DAG(s) dict_keys(['example_bash_operator']) retrieved from /home/airflow/.local/lib/python3.7/site-packages/airflow/example_dags/example_bash_operator.py
[2022-07-22 22:09:44,294] {logging_mixin.py:109} INFO - [2022-07-22 22:09:44,293] {dag.py:2396} INFO - Sync 1 DAGs
[2022-07-22 22:09:44,309] {logging_mixin.py:109} INFO - [2022-07-22 22:09:44,309] {dag.py:2935} INFO - Setting next_dagrun for example_bash_operator to 2022-07-21 00:00:00+00:00
[2022-07-22 22:09:44,316] {processor.py:171} INFO - Processing /home/airflow/.local/lib/python3.7/site-packages/airflow/example_dags/example_bash_operator.py took 0.062 seconds
[2022-07-22 22:10:14,329] {processor.py:163} INFO - Started process (PID=1543) to work on /home/airflow/.local/lib/python3.7/site-packages/airflow/example_dags/example_bash_operator.py
[2022-07-22 22:10:14,329] {processor.py:642} INFO - Processing file /home/airflow/.local/lib/python3.7/site-packages/airflow/example_dags/example_bash_operator.py for tasks to queue
[2022-07-22 22:10:14,330] {logging_mixin.py:109} INFO - [2022-07-22 22:10:14,330] {dagbag.py:500} INFO - Filling up the DagBag from /home/airflow/.local/lib/python3.7/site-packages/airflow/example_dags/example_bash_operator.py
[2022-07-22 22:10:14,350] {processor.py:654} INFO - DAG(s) dict_keys(['example_bash_operator']) retrieved from /home/airflow/.local/lib/python3.7/site-packages/airflow/example_dags/example_bash_operator.py
[2022-07-22 22:10:14,357] {logging_mixin.py:109} INFO - [2022-07-22 22:10:14,357] {dag.py:2396} INFO - Sync 1 DAGs
[2022-07-22 22:10:14,370] {logging_mixin.py:109} INFO - [2022-07-22 22:10:14,370] {dag.py:2935} INFO - Setting next_dagrun for example_bash_operator to 2022-07-21 00:00:00+00:00
[2022-07-22 22:10:14,376] {processor.py:171} INFO - Processing /home/airflow/.local/lib/python3.7/site-packages/airflow/example_dags/example_bash_operator.py took 0.049 seconds
[2022-07-22 22:10:45,038] {processor.py:163} INFO - Started process (PID=1602) to work on /home/airflow/.local/lib/python3.7/site-packages/airflow/example_dags/example_bash_operator.py
[2022-07-22 22:10:45,039] {processor.py:642} INFO - Processing file /home/airflow/.local/lib/python3.7/site-packages/airflow/example_dags/example_bash_operator.py for tasks to queue
[2022-07-22 22:10:45,039] {logging_mixin.py:109} INFO - [2022-07-22 22:10:45,039] {dagbag.py:500} INFO - Filling up the DagBag from /home/airflow/.local/lib/python3.7/site-packages/airflow/example_dags/example_bash_operator.py
[2022-07-22 22:10:45,065] {processor.py:654} INFO - DAG(s) dict_keys(['example_bash_operator']) retrieved from /home/airflow/.local/lib/python3.7/site-packages/airflow/example_dags/example_bash_operator.py
[2022-07-22 22:10:45,074] {logging_mixin.py:109} INFO - [2022-07-22 22:10:45,074] {dag.py:2396} INFO - Sync 1 DAGs
[2022-07-22 22:10:45,086] {logging_mixin.py:109} INFO - [2022-07-22 22:10:45,086] {dag.py:2935} INFO - Setting next_dagrun for example_bash_operator to 2022-07-21 00:00:00+00:00
[2022-07-22 22:10:45,093] {processor.py:171} INFO - Processing /home/airflow/.local/lib/python3.7/site-packages/airflow/example_dags/example_bash_operator.py took 0.058 seconds
[2022-07-22 22:11:16,002] {processor.py:163} INFO - Started process (PID=1652) to work on /home/airflow/.local/lib/python3.7/site-packages/airflow/example_dags/example_bash_operator.py
[2022-07-22 22:11:16,003] {processor.py:642} INFO - Processing file /home/airflow/.local/lib/python3.7/site-packages/airflow/example_dags/example_bash_operator.py for tasks to queue
[2022-07-22 22:11:16,003] {logging_mixin.py:109} INFO - [2022-07-22 22:11:16,003] {dagbag.py:500} INFO - Filling up the DagBag from /home/airflow/.local/lib/python3.7/site-packages/airflow/example_dags/example_bash_operator.py
[2022-07-22 22:11:16,023] {processor.py:654} INFO - DAG(s) dict_keys(['example_bash_operator']) retrieved from /home/airflow/.local/lib/python3.7/site-packages/airflow/example_dags/example_bash_operator.py
[2022-07-22 22:11:16,030] {logging_mixin.py:109} INFO - [2022-07-22 22:11:16,030] {dag.py:2396} INFO - Sync 1 DAGs
[2022-07-22 22:11:16,042] {logging_mixin.py:109} INFO - [2022-07-22 22:11:16,042] {dag.py:2935} INFO - Setting next_dagrun for example_bash_operator to 2022-07-21 00:00:00+00:00
[2022-07-22 22:11:16,048] {processor.py:171} INFO - Processing /home/airflow/.local/lib/python3.7/site-packages/airflow/example_dags/example_bash_operator.py took 0.049 seconds
[2022-07-22 22:11:46,698] {processor.py:163} INFO - Started process (PID=1711) to work on /home/airflow/.local/lib/python3.7/site-packages/airflow/example_dags/example_bash_operator.py
[2022-07-22 22:11:46,699] {processor.py:642} INFO - Processing file /home/airflow/.local/lib/python3.7/site-packages/airflow/example_dags/example_bash_operator.py for tasks to queue
[2022-07-22 22:11:46,700] {logging_mixin.py:109} INFO - [2022-07-22 22:11:46,699] {dagbag.py:500} INFO - Filling up the DagBag from /home/airflow/.local/lib/python3.7/site-packages/airflow/example_dags/example_bash_operator.py
[2022-07-22 22:11:46,721] {processor.py:654} INFO - DAG(s) dict_keys(['example_bash_operator']) retrieved from /home/airflow/.local/lib/python3.7/site-packages/airflow/example_dags/example_bash_operator.py
[2022-07-22 22:11:46,729] {logging_mixin.py:109} INFO - [2022-07-22 22:11:46,729] {dag.py:2396} INFO - Sync 1 DAGs
[2022-07-22 22:11:46,743] {logging_mixin.py:109} INFO - [2022-07-22 22:11:46,742] {dag.py:2935} INFO - Setting next_dagrun for example_bash_operator to 2022-07-21 00:00:00+00:00
[2022-07-22 22:11:46,753] {processor.py:171} INFO - Processing /home/airflow/.local/lib/python3.7/site-packages/airflow/example_dags/example_bash_operator.py took 0.057 seconds
[2022-07-22 22:12:17,597] {processor.py:163} INFO - Started process (PID=1761) to work on /home/airflow/.local/lib/python3.7/site-packages/airflow/example_dags/example_bash_operator.py
[2022-07-22 22:12:17,598] {processor.py:642} INFO - Processing file /home/airflow/.local/lib/python3.7/site-packages/airflow/example_dags/example_bash_operator.py for tasks to queue
[2022-07-22 22:12:17,599] {logging_mixin.py:109} INFO - [2022-07-22 22:12:17,599] {dagbag.py:500} INFO - Filling up the DagBag from /home/airflow/.local/lib/python3.7/site-packages/airflow/example_dags/example_bash_operator.py
[2022-07-22 22:12:17,627] {processor.py:654} INFO - DAG(s) dict_keys(['example_bash_operator']) retrieved from /home/airflow/.local/lib/python3.7/site-packages/airflow/example_dags/example_bash_operator.py
[2022-07-22 22:12:17,635] {logging_mixin.py:109} INFO - [2022-07-22 22:12:17,635] {dag.py:2396} INFO - Sync 1 DAGs
[2022-07-22 22:12:17,648] {logging_mixin.py:109} INFO - [2022-07-22 22:12:17,648] {dag.py:2935} INFO - Setting next_dagrun for example_bash_operator to 2022-07-21 00:00:00+00:00
[2022-07-22 22:12:17,655] {processor.py:171} INFO - Processing /home/airflow/.local/lib/python3.7/site-packages/airflow/example_dags/example_bash_operator.py took 0.060 seconds
[2022-07-22 22:12:48,423] {processor.py:163} INFO - Started process (PID=1820) to work on /home/airflow/.local/lib/python3.7/site-packages/airflow/example_dags/example_bash_operator.py
[2022-07-22 22:12:48,424] {processor.py:642} INFO - Processing file /home/airflow/.local/lib/python3.7/site-packages/airflow/example_dags/example_bash_operator.py for tasks to queue
[2022-07-22 22:12:48,424] {logging_mixin.py:109} INFO - [2022-07-22 22:12:48,424] {dagbag.py:500} INFO - Filling up the DagBag from /home/airflow/.local/lib/python3.7/site-packages/airflow/example_dags/example_bash_operator.py
[2022-07-22 22:12:48,444] {processor.py:654} INFO - DAG(s) dict_keys(['example_bash_operator']) retrieved from /home/airflow/.local/lib/python3.7/site-packages/airflow/example_dags/example_bash_operator.py
[2022-07-22 22:12:48,451] {logging_mixin.py:109} INFO - [2022-07-22 22:12:48,451] {dag.py:2396} INFO - Sync 1 DAGs
[2022-07-22 22:12:48,462] {logging_mixin.py:109} INFO - [2022-07-22 22:12:48,462] {dag.py:2935} INFO - Setting next_dagrun for example_bash_operator to 2022-07-21 00:00:00+00:00
[2022-07-22 22:12:48,468] {processor.py:171} INFO - Processing /home/airflow/.local/lib/python3.7/site-packages/airflow/example_dags/example_bash_operator.py took 0.047 seconds
[2022-07-22 22:13:19,408] {processor.py:163} INFO - Started process (PID=1879) to work on /home/airflow/.local/lib/python3.7/site-packages/airflow/example_dags/example_bash_operator.py
[2022-07-22 22:13:19,409] {processor.py:642} INFO - Processing file /home/airflow/.local/lib/python3.7/site-packages/airflow/example_dags/example_bash_operator.py for tasks to queue
[2022-07-22 22:13:19,409] {logging_mixin.py:109} INFO - [2022-07-22 22:13:19,409] {dagbag.py:500} INFO - Filling up the DagBag from /home/airflow/.local/lib/python3.7/site-packages/airflow/example_dags/example_bash_operator.py
[2022-07-22 22:13:19,429] {processor.py:654} INFO - DAG(s) dict_keys(['example_bash_operator']) retrieved from /home/airflow/.local/lib/python3.7/site-packages/airflow/example_dags/example_bash_operator.py
[2022-07-22 22:13:19,436] {logging_mixin.py:109} INFO - [2022-07-22 22:13:19,436] {dag.py:2396} INFO - Sync 1 DAGs
[2022-07-22 22:13:19,447] {logging_mixin.py:109} INFO - [2022-07-22 22:13:19,447] {dag.py:2935} INFO - Setting next_dagrun for example_bash_operator to 2022-07-21 00:00:00+00:00
[2022-07-22 22:13:19,452] {processor.py:171} INFO - Processing /home/airflow/.local/lib/python3.7/site-packages/airflow/example_dags/example_bash_operator.py took 0.046 seconds
[2022-07-22 22:13:49,965] {processor.py:163} INFO - Started process (PID=1929) to work on /home/airflow/.local/lib/python3.7/site-packages/airflow/example_dags/example_bash_operator.py
[2022-07-22 22:13:49,966] {processor.py:642} INFO - Processing file /home/airflow/.local/lib/python3.7/site-packages/airflow/example_dags/example_bash_operator.py for tasks to queue
[2022-07-22 22:13:49,966] {logging_mixin.py:109} INFO - [2022-07-22 22:13:49,966] {dagbag.py:500} INFO - Filling up the DagBag from /home/airflow/.local/lib/python3.7/site-packages/airflow/example_dags/example_bash_operator.py
[2022-07-22 22:13:49,987] {processor.py:654} INFO - DAG(s) dict_keys(['example_bash_operator']) retrieved from /home/airflow/.local/lib/python3.7/site-packages/airflow/example_dags/example_bash_operator.py
[2022-07-22 22:13:49,994] {logging_mixin.py:109} INFO - [2022-07-22 22:13:49,994] {dag.py:2396} INFO - Sync 1 DAGs
[2022-07-22 22:13:50,005] {logging_mixin.py:109} INFO - [2022-07-22 22:13:50,005] {dag.py:2935} INFO - Setting next_dagrun for example_bash_operator to 2022-07-21 00:00:00+00:00
[2022-07-22 22:13:50,011] {processor.py:171} INFO - Processing /home/airflow/.local/lib/python3.7/site-packages/airflow/example_dags/example_bash_operator.py took 0.048 seconds
[2022-07-22 22:14:20,676] {processor.py:163} INFO - Started process (PID=1988) to work on /home/airflow/.local/lib/python3.7/site-packages/airflow/example_dags/example_bash_operator.py
[2022-07-22 22:14:20,677] {processor.py:642} INFO - Processing file /home/airflow/.local/lib/python3.7/site-packages/airflow/example_dags/example_bash_operator.py for tasks to queue
[2022-07-22 22:14:20,677] {logging_mixin.py:109} INFO - [2022-07-22 22:14:20,677] {dagbag.py:500} INFO - Filling up the DagBag from /home/airflow/.local/lib/python3.7/site-packages/airflow/example_dags/example_bash_operator.py
[2022-07-22 22:14:20,697] {processor.py:654} INFO - DAG(s) dict_keys(['example_bash_operator']) retrieved from /home/airflow/.local/lib/python3.7/site-packages/airflow/example_dags/example_bash_operator.py
[2022-07-22 22:14:20,704] {logging_mixin.py:109} INFO - [2022-07-22 22:14:20,704] {dag.py:2396} INFO - Sync 1 DAGs
[2022-07-22 22:14:20,715] {logging_mixin.py:109} INFO - [2022-07-22 22:14:20,715] {dag.py:2935} INFO - Setting next_dagrun for example_bash_operator to 2022-07-21 00:00:00+00:00
[2022-07-22 22:14:20,721] {processor.py:171} INFO - Processing /home/airflow/.local/lib/python3.7/site-packages/airflow/example_dags/example_bash_operator.py took 0.047 seconds
[2022-07-22 22:14:51,240] {processor.py:163} INFO - Started process (PID=2039) to work on /home/airflow/.local/lib/python3.7/site-packages/airflow/example_dags/example_bash_operator.py
[2022-07-22 22:14:51,241] {processor.py:642} INFO - Processing file /home/airflow/.local/lib/python3.7/site-packages/airflow/example_dags/example_bash_operator.py for tasks to queue
[2022-07-22 22:14:51,241] {logging_mixin.py:109} INFO - [2022-07-22 22:14:51,241] {dagbag.py:500} INFO - Filling up the DagBag from /home/airflow/.local/lib/python3.7/site-packages/airflow/example_dags/example_bash_operator.py
[2022-07-22 22:14:51,261] {processor.py:654} INFO - DAG(s) dict_keys(['example_bash_operator']) retrieved from /home/airflow/.local/lib/python3.7/site-packages/airflow/example_dags/example_bash_operator.py
[2022-07-22 22:14:51,268] {logging_mixin.py:109} INFO - [2022-07-22 22:14:51,268] {dag.py:2396} INFO - Sync 1 DAGs
[2022-07-22 22:14:51,280] {logging_mixin.py:109} INFO - [2022-07-22 22:14:51,280] {dag.py:2935} INFO - Setting next_dagrun for example_bash_operator to 2022-07-21 00:00:00+00:00
[2022-07-22 22:14:51,285] {processor.py:171} INFO - Processing /home/airflow/.local/lib/python3.7/site-packages/airflow/example_dags/example_bash_operator.py took 0.047 seconds
[2022-07-22 22:15:21,800] {processor.py:163} INFO - Started process (PID=2098) to work on /home/airflow/.local/lib/python3.7/site-packages/airflow/example_dags/example_bash_operator.py
[2022-07-22 22:15:21,801] {processor.py:642} INFO - Processing file /home/airflow/.local/lib/python3.7/site-packages/airflow/example_dags/example_bash_operator.py for tasks to queue
[2022-07-22 22:15:21,802] {logging_mixin.py:109} INFO - [2022-07-22 22:15:21,802] {dagbag.py:500} INFO - Filling up the DagBag from /home/airflow/.local/lib/python3.7/site-packages/airflow/example_dags/example_bash_operator.py
[2022-07-22 22:15:21,822] {processor.py:654} INFO - DAG(s) dict_keys(['example_bash_operator']) retrieved from /home/airflow/.local/lib/python3.7/site-packages/airflow/example_dags/example_bash_operator.py
[2022-07-22 22:15:21,829] {logging_mixin.py:109} INFO - [2022-07-22 22:15:21,828] {dag.py:2396} INFO - Sync 1 DAGs
[2022-07-22 22:15:21,841] {logging_mixin.py:109} INFO - [2022-07-22 22:15:21,841] {dag.py:2935} INFO - Setting next_dagrun for example_bash_operator to 2022-07-21 00:00:00+00:00
[2022-07-22 22:15:21,847] {processor.py:171} INFO - Processing /home/airflow/.local/lib/python3.7/site-packages/airflow/example_dags/example_bash_operator.py took 0.048 seconds
[2022-07-22 22:15:52,516] {processor.py:163} INFO - Started process (PID=2157) to work on /home/airflow/.local/lib/python3.7/site-packages/airflow/example_dags/example_bash_operator.py
[2022-07-22 22:15:52,517] {processor.py:642} INFO - Processing file /home/airflow/.local/lib/python3.7/site-packages/airflow/example_dags/example_bash_operator.py for tasks to queue
[2022-07-22 22:15:52,518] {logging_mixin.py:109} INFO - [2022-07-22 22:15:52,518] {dagbag.py:500} INFO - Filling up the DagBag from /home/airflow/.local/lib/python3.7/site-packages/airflow/example_dags/example_bash_operator.py
[2022-07-22 22:15:52,542] {processor.py:654} INFO - DAG(s) dict_keys(['example_bash_operator']) retrieved from /home/airflow/.local/lib/python3.7/site-packages/airflow/example_dags/example_bash_operator.py
[2022-07-22 22:15:52,551] {logging_mixin.py:109} INFO - [2022-07-22 22:15:52,551] {dag.py:2396} INFO - Sync 1 DAGs
[2022-07-22 22:15:52,564] {logging_mixin.py:109} INFO - [2022-07-22 22:15:52,563] {dag.py:2935} INFO - Setting next_dagrun for example_bash_operator to 2022-07-21 00:00:00+00:00
[2022-07-22 22:15:52,569] {processor.py:171} INFO - Processing /home/airflow/.local/lib/python3.7/site-packages/airflow/example_dags/example_bash_operator.py took 0.055 seconds
[2022-07-22 22:16:23,153] {processor.py:163} INFO - Started process (PID=2207) to work on /home/airflow/.local/lib/python3.7/site-packages/airflow/example_dags/example_bash_operator.py
[2022-07-22 22:16:23,154] {processor.py:642} INFO - Processing file /home/airflow/.local/lib/python3.7/site-packages/airflow/example_dags/example_bash_operator.py for tasks to queue
[2022-07-22 22:16:23,154] {logging_mixin.py:109} INFO - [2022-07-22 22:16:23,154] {dagbag.py:500} INFO - Filling up the DagBag from /home/airflow/.local/lib/python3.7/site-packages/airflow/example_dags/example_bash_operator.py
[2022-07-22 22:16:23,174] {processor.py:654} INFO - DAG(s) dict_keys(['example_bash_operator']) retrieved from /home/airflow/.local/lib/python3.7/site-packages/airflow/example_dags/example_bash_operator.py
[2022-07-22 22:16:23,181] {logging_mixin.py:109} INFO - [2022-07-22 22:16:23,181] {dag.py:2396} INFO - Sync 1 DAGs
[2022-07-22 22:16:23,192] {logging_mixin.py:109} INFO - [2022-07-22 22:16:23,192] {dag.py:2935} INFO - Setting next_dagrun for example_bash_operator to 2022-07-21 00:00:00+00:00
[2022-07-22 22:16:23,198] {processor.py:171} INFO - Processing /home/airflow/.local/lib/python3.7/site-packages/airflow/example_dags/example_bash_operator.py took 0.046 seconds
[2022-07-22 22:16:53,568] {processor.py:163} INFO - Started process (PID=2266) to work on /home/airflow/.local/lib/python3.7/site-packages/airflow/example_dags/example_bash_operator.py
[2022-07-22 22:16:53,568] {processor.py:642} INFO - Processing file /home/airflow/.local/lib/python3.7/site-packages/airflow/example_dags/example_bash_operator.py for tasks to queue
[2022-07-22 22:16:53,569] {logging_mixin.py:109} INFO - [2022-07-22 22:16:53,569] {dagbag.py:500} INFO - Filling up the DagBag from /home/airflow/.local/lib/python3.7/site-packages/airflow/example_dags/example_bash_operator.py
[2022-07-22 22:16:53,589] {processor.py:654} INFO - DAG(s) dict_keys(['example_bash_operator']) retrieved from /home/airflow/.local/lib/python3.7/site-packages/airflow/example_dags/example_bash_operator.py
[2022-07-22 22:16:53,597] {logging_mixin.py:109} INFO - [2022-07-22 22:16:53,597] {dag.py:2396} INFO - Sync 1 DAGs
[2022-07-22 22:16:53,608] {logging_mixin.py:109} INFO - [2022-07-22 22:16:53,608] {dag.py:2935} INFO - Setting next_dagrun for example_bash_operator to 2022-07-21 00:00:00+00:00
[2022-07-22 22:16:53,614] {processor.py:171} INFO - Processing /home/airflow/.local/lib/python3.7/site-packages/airflow/example_dags/example_bash_operator.py took 0.048 seconds
[2022-07-22 22:17:24,156] {processor.py:163} INFO - Started process (PID=2316) to work on /home/airflow/.local/lib/python3.7/site-packages/airflow/example_dags/example_bash_operator.py
[2022-07-22 22:17:24,157] {processor.py:642} INFO - Processing file /home/airflow/.local/lib/python3.7/site-packages/airflow/example_dags/example_bash_operator.py for tasks to queue
[2022-07-22 22:17:24,158] {logging_mixin.py:109} INFO - [2022-07-22 22:17:24,157] {dagbag.py:500} INFO - Filling up the DagBag from /home/airflow/.local/lib/python3.7/site-packages/airflow/example_dags/example_bash_operator.py
[2022-07-22 22:17:24,179] {processor.py:654} INFO - DAG(s) dict_keys(['example_bash_operator']) retrieved from /home/airflow/.local/lib/python3.7/site-packages/airflow/example_dags/example_bash_operator.py
[2022-07-22 22:17:24,187] {logging_mixin.py:109} INFO - [2022-07-22 22:17:24,187] {dag.py:2396} INFO - Sync 1 DAGs
[2022-07-22 22:17:24,199] {logging_mixin.py:109} INFO - [2022-07-22 22:17:24,199] {dag.py:2935} INFO - Setting next_dagrun for example_bash_operator to 2022-07-21 00:00:00+00:00
[2022-07-22 22:17:24,205] {processor.py:171} INFO - Processing /home/airflow/.local/lib/python3.7/site-packages/airflow/example_dags/example_bash_operator.py took 0.051 seconds
[2022-07-22 22:17:55,040] {processor.py:163} INFO - Started process (PID=2375) to work on /home/airflow/.local/lib/python3.7/site-packages/airflow/example_dags/example_bash_operator.py
[2022-07-22 22:17:55,040] {processor.py:642} INFO - Processing file /home/airflow/.local/lib/python3.7/site-packages/airflow/example_dags/example_bash_operator.py for tasks to queue
[2022-07-22 22:17:55,041] {logging_mixin.py:109} INFO - [2022-07-22 22:17:55,040] {dagbag.py:500} INFO - Filling up the DagBag from /home/airflow/.local/lib/python3.7/site-packages/airflow/example_dags/example_bash_operator.py
[2022-07-22 22:17:55,061] {processor.py:654} INFO - DAG(s) dict_keys(['example_bash_operator']) retrieved from /home/airflow/.local/lib/python3.7/site-packages/airflow/example_dags/example_bash_operator.py
[2022-07-22 22:17:55,068] {logging_mixin.py:109} INFO - [2022-07-22 22:17:55,068] {dag.py:2396} INFO - Sync 1 DAGs
[2022-07-22 22:17:55,079] {logging_mixin.py:109} INFO - [2022-07-22 22:17:55,079] {dag.py:2935} INFO - Setting next_dagrun for example_bash_operator to 2022-07-21 00:00:00+00:00
[2022-07-22 22:17:55,085] {processor.py:171} INFO - Processing /home/airflow/.local/lib/python3.7/site-packages/airflow/example_dags/example_bash_operator.py took 0.047 seconds
[2022-07-22 22:18:25,676] {processor.py:163} INFO - Started process (PID=2434) to work on /home/airflow/.local/lib/python3.7/site-packages/airflow/example_dags/example_bash_operator.py
[2022-07-22 22:18:25,677] {processor.py:642} INFO - Processing file /home/airflow/.local/lib/python3.7/site-packages/airflow/example_dags/example_bash_operator.py for tasks to queue
[2022-07-22 22:18:25,677] {logging_mixin.py:109} INFO - [2022-07-22 22:18:25,677] {dagbag.py:500} INFO - Filling up the DagBag from /home/airflow/.local/lib/python3.7/site-packages/airflow/example_dags/example_bash_operator.py
[2022-07-22 22:18:25,698] {processor.py:654} INFO - DAG(s) dict_keys(['example_bash_operator']) retrieved from /home/airflow/.local/lib/python3.7/site-packages/airflow/example_dags/example_bash_operator.py
[2022-07-22 22:18:25,705] {logging_mixin.py:109} INFO - [2022-07-22 22:18:25,705] {dag.py:2396} INFO - Sync 1 DAGs
[2022-07-22 22:18:25,716] {logging_mixin.py:109} INFO - [2022-07-22 22:18:25,716] {dag.py:2935} INFO - Setting next_dagrun for example_bash_operator to 2022-07-21 00:00:00+00:00
[2022-07-22 22:18:25,722] {processor.py:171} INFO - Processing /home/airflow/.local/lib/python3.7/site-packages/airflow/example_dags/example_bash_operator.py took 0.048 seconds
[2022-07-22 22:18:56,430] {processor.py:163} INFO - Started process (PID=2484) to work on /home/airflow/.local/lib/python3.7/site-packages/airflow/example_dags/example_bash_operator.py
[2022-07-22 22:18:56,430] {processor.py:642} INFO - Processing file /home/airflow/.local/lib/python3.7/site-packages/airflow/example_dags/example_bash_operator.py for tasks to queue
[2022-07-22 22:18:56,431] {logging_mixin.py:109} INFO - [2022-07-22 22:18:56,431] {dagbag.py:500} INFO - Filling up the DagBag from /home/airflow/.local/lib/python3.7/site-packages/airflow/example_dags/example_bash_operator.py
[2022-07-22 22:18:56,450] {processor.py:654} INFO - DAG(s) dict_keys(['example_bash_operator']) retrieved from /home/airflow/.local/lib/python3.7/site-packages/airflow/example_dags/example_bash_operator.py
[2022-07-22 22:18:56,458] {logging_mixin.py:109} INFO - [2022-07-22 22:18:56,457] {dag.py:2396} INFO - Sync 1 DAGs
[2022-07-22 22:18:56,470] {logging_mixin.py:109} INFO - [2022-07-22 22:18:56,470] {dag.py:2935} INFO - Setting next_dagrun for example_bash_operator to 2022-07-21 00:00:00+00:00
[2022-07-22 22:18:56,475] {processor.py:171} INFO - Processing /home/airflow/.local/lib/python3.7/site-packages/airflow/example_dags/example_bash_operator.py took 0.047 seconds
[2022-07-22 22:19:27,304] {processor.py:163} INFO - Started process (PID=2543) to work on /home/airflow/.local/lib/python3.7/site-packages/airflow/example_dags/example_bash_operator.py
[2022-07-22 22:19:27,305] {processor.py:642} INFO - Processing file /home/airflow/.local/lib/python3.7/site-packages/airflow/example_dags/example_bash_operator.py for tasks to queue
[2022-07-22 22:19:27,305] {logging_mixin.py:109} INFO - [2022-07-22 22:19:27,305] {dagbag.py:500} INFO - Filling up the DagBag from /home/airflow/.local/lib/python3.7/site-packages/airflow/example_dags/example_bash_operator.py
[2022-07-22 22:19:27,327] {processor.py:654} INFO - DAG(s) dict_keys(['example_bash_operator']) retrieved from /home/airflow/.local/lib/python3.7/site-packages/airflow/example_dags/example_bash_operator.py
[2022-07-22 22:19:27,334] {logging_mixin.py:109} INFO - [2022-07-22 22:19:27,334] {dag.py:2396} INFO - Sync 1 DAGs
[2022-07-22 22:19:27,346] {logging_mixin.py:109} INFO - [2022-07-22 22:19:27,346] {dag.py:2935} INFO - Setting next_dagrun for example_bash_operator to 2022-07-21 00:00:00+00:00
[2022-07-22 22:19:27,352] {processor.py:171} INFO - Processing /home/airflow/.local/lib/python3.7/site-packages/airflow/example_dags/example_bash_operator.py took 0.050 seconds
[2022-07-22 22:19:57,968] {processor.py:163} INFO - Started process (PID=2593) to work on /home/airflow/.local/lib/python3.7/site-packages/airflow/example_dags/example_bash_operator.py
[2022-07-22 22:19:57,969] {processor.py:642} INFO - Processing file /home/airflow/.local/lib/python3.7/site-packages/airflow/example_dags/example_bash_operator.py for tasks to queue
[2022-07-22 22:19:57,969] {logging_mixin.py:109} INFO - [2022-07-22 22:19:57,969] {dagbag.py:500} INFO - Filling up the DagBag from /home/airflow/.local/lib/python3.7/site-packages/airflow/example_dags/example_bash_operator.py
[2022-07-22 22:19:57,990] {processor.py:654} INFO - DAG(s) dict_keys(['example_bash_operator']) retrieved from /home/airflow/.local/lib/python3.7/site-packages/airflow/example_dags/example_bash_operator.py
[2022-07-22 22:19:57,998] {logging_mixin.py:109} INFO - [2022-07-22 22:19:57,997] {dag.py:2396} INFO - Sync 1 DAGs
[2022-07-22 22:19:58,009] {logging_mixin.py:109} INFO - [2022-07-22 22:19:58,009] {dag.py:2935} INFO - Setting next_dagrun for example_bash_operator to 2022-07-21 00:00:00+00:00
[2022-07-22 22:19:58,079] {processor.py:171} INFO - Processing /home/airflow/.local/lib/python3.7/site-packages/airflow/example_dags/example_bash_operator.py took 0.113 seconds
[2022-07-22 22:20:28,966] {processor.py:163} INFO - Started process (PID=2652) to work on /home/airflow/.local/lib/python3.7/site-packages/airflow/example_dags/example_bash_operator.py
[2022-07-22 22:20:28,967] {processor.py:642} INFO - Processing file /home/airflow/.local/lib/python3.7/site-packages/airflow/example_dags/example_bash_operator.py for tasks to queue
[2022-07-22 22:20:28,967] {logging_mixin.py:109} INFO - [2022-07-22 22:20:28,967] {dagbag.py:500} INFO - Filling up the DagBag from /home/airflow/.local/lib/python3.7/site-packages/airflow/example_dags/example_bash_operator.py
[2022-07-22 22:20:28,987] {processor.py:654} INFO - DAG(s) dict_keys(['example_bash_operator']) retrieved from /home/airflow/.local/lib/python3.7/site-packages/airflow/example_dags/example_bash_operator.py
[2022-07-22 22:20:28,994] {logging_mixin.py:109} INFO - [2022-07-22 22:20:28,994] {dag.py:2396} INFO - Sync 1 DAGs
[2022-07-22 22:20:29,077] {logging_mixin.py:109} INFO - [2022-07-22 22:20:29,077] {dag.py:2935} INFO - Setting next_dagrun for example_bash_operator to 2022-07-21 00:00:00+00:00
[2022-07-22 22:20:29,083] {processor.py:171} INFO - Processing /home/airflow/.local/lib/python3.7/site-packages/airflow/example_dags/example_bash_operator.py took 0.119 seconds
[2022-07-22 22:20:59,300] {processor.py:163} INFO - Started process (PID=2711) to work on /home/airflow/.local/lib/python3.7/site-packages/airflow/example_dags/example_bash_operator.py
[2022-07-22 22:20:59,301] {processor.py:642} INFO - Processing file /home/airflow/.local/lib/python3.7/site-packages/airflow/example_dags/example_bash_operator.py for tasks to queue
[2022-07-22 22:20:59,302] {logging_mixin.py:109} INFO - [2022-07-22 22:20:59,301] {dagbag.py:500} INFO - Filling up the DagBag from /home/airflow/.local/lib/python3.7/site-packages/airflow/example_dags/example_bash_operator.py
[2022-07-22 22:20:59,324] {processor.py:654} INFO - DAG(s) dict_keys(['example_bash_operator']) retrieved from /home/airflow/.local/lib/python3.7/site-packages/airflow/example_dags/example_bash_operator.py
[2022-07-22 22:20:59,332] {logging_mixin.py:109} INFO - [2022-07-22 22:20:59,332] {dag.py:2396} INFO - Sync 1 DAGs
[2022-07-22 22:20:59,424] {logging_mixin.py:109} INFO - [2022-07-22 22:20:59,424] {dag.py:2935} INFO - Setting next_dagrun for example_bash_operator to 2022-07-21 00:00:00+00:00
[2022-07-22 22:20:59,430] {processor.py:171} INFO - Processing /home/airflow/.local/lib/python3.7/site-packages/airflow/example_dags/example_bash_operator.py took 0.132 seconds
[2022-07-22 22:21:29,629] {processor.py:163} INFO - Started process (PID=2761) to work on /home/airflow/.local/lib/python3.7/site-packages/airflow/example_dags/example_bash_operator.py
[2022-07-22 22:21:29,630] {processor.py:642} INFO - Processing file /home/airflow/.local/lib/python3.7/site-packages/airflow/example_dags/example_bash_operator.py for tasks to queue
[2022-07-22 22:21:29,630] {logging_mixin.py:109} INFO - [2022-07-22 22:21:29,630] {dagbag.py:500} INFO - Filling up the DagBag from /home/airflow/.local/lib/python3.7/site-packages/airflow/example_dags/example_bash_operator.py
[2022-07-22 22:21:29,651] {processor.py:654} INFO - DAG(s) dict_keys(['example_bash_operator']) retrieved from /home/airflow/.local/lib/python3.7/site-packages/airflow/example_dags/example_bash_operator.py
[2022-07-22 22:21:29,658] {logging_mixin.py:109} INFO - [2022-07-22 22:21:29,658] {dag.py:2396} INFO - Sync 1 DAGs
[2022-07-22 22:21:29,741] {logging_mixin.py:109} INFO - [2022-07-22 22:21:29,741] {dag.py:2935} INFO - Setting next_dagrun for example_bash_operator to 2022-07-21 00:00:00+00:00
[2022-07-22 22:21:29,747] {processor.py:171} INFO - Processing /home/airflow/.local/lib/python3.7/site-packages/airflow/example_dags/example_bash_operator.py took 0.120 seconds
[2022-07-22 22:22:00,555] {processor.py:163} INFO - Started process (PID=2820) to work on /home/airflow/.local/lib/python3.7/site-packages/airflow/example_dags/example_bash_operator.py
[2022-07-22 22:22:00,556] {processor.py:642} INFO - Processing file /home/airflow/.local/lib/python3.7/site-packages/airflow/example_dags/example_bash_operator.py for tasks to queue
[2022-07-22 22:22:00,556] {logging_mixin.py:109} INFO - [2022-07-22 22:22:00,556] {dagbag.py:500} INFO - Filling up the DagBag from /home/airflow/.local/lib/python3.7/site-packages/airflow/example_dags/example_bash_operator.py
[2022-07-22 22:22:00,577] {processor.py:654} INFO - DAG(s) dict_keys(['example_bash_operator']) retrieved from /home/airflow/.local/lib/python3.7/site-packages/airflow/example_dags/example_bash_operator.py
[2022-07-22 22:22:00,656] {logging_mixin.py:109} INFO - [2022-07-22 22:22:00,656] {dag.py:2396} INFO - Sync 1 DAGs
[2022-07-22 22:22:00,667] {logging_mixin.py:109} INFO - [2022-07-22 22:22:00,667] {dag.py:2935} INFO - Setting next_dagrun for example_bash_operator to 2022-07-21 00:00:00+00:00
[2022-07-22 22:22:00,672] {processor.py:171} INFO - Processing /home/airflow/.local/lib/python3.7/site-packages/airflow/example_dags/example_bash_operator.py took 0.119 seconds
[2022-07-22 22:22:31,156] {processor.py:163} INFO - Started process (PID=2870) to work on /home/airflow/.local/lib/python3.7/site-packages/airflow/example_dags/example_bash_operator.py
[2022-07-22 22:22:31,156] {processor.py:642} INFO - Processing file /home/airflow/.local/lib/python3.7/site-packages/airflow/example_dags/example_bash_operator.py for tasks to queue
[2022-07-22 22:22:31,157] {logging_mixin.py:109} INFO - [2022-07-22 22:22:31,157] {dagbag.py:500} INFO - Filling up the DagBag from /home/airflow/.local/lib/python3.7/site-packages/airflow/example_dags/example_bash_operator.py
[2022-07-22 22:22:31,247] {processor.py:654} INFO - DAG(s) dict_keys(['example_bash_operator']) retrieved from /home/airflow/.local/lib/python3.7/site-packages/airflow/example_dags/example_bash_operator.py
[2022-07-22 22:22:31,254] {logging_mixin.py:109} INFO - [2022-07-22 22:22:31,254] {dag.py:2396} INFO - Sync 1 DAGs
[2022-07-22 22:22:31,265] {logging_mixin.py:109} INFO - [2022-07-22 22:22:31,264] {dag.py:2935} INFO - Setting next_dagrun for example_bash_operator to 2022-07-21 00:00:00+00:00
[2022-07-22 22:22:31,270] {processor.py:171} INFO - Processing /home/airflow/.local/lib/python3.7/site-packages/airflow/example_dags/example_bash_operator.py took 0.116 seconds
[2022-07-22 22:23:02,020] {processor.py:163} INFO - Started process (PID=2929) to work on /home/airflow/.local/lib/python3.7/site-packages/airflow/example_dags/example_bash_operator.py
[2022-07-22 22:23:02,021] {processor.py:642} INFO - Processing file /home/airflow/.local/lib/python3.7/site-packages/airflow/example_dags/example_bash_operator.py for tasks to queue
[2022-07-22 22:23:02,022] {logging_mixin.py:109} INFO - [2022-07-22 22:23:02,022] {dagbag.py:500} INFO - Filling up the DagBag from /home/airflow/.local/lib/python3.7/site-packages/airflow/example_dags/example_bash_operator.py
[2022-07-22 22:23:02,116] {processor.py:654} INFO - DAG(s) dict_keys(['example_bash_operator']) retrieved from /home/airflow/.local/lib/python3.7/site-packages/airflow/example_dags/example_bash_operator.py
[2022-07-22 22:23:02,123] {logging_mixin.py:109} INFO - [2022-07-22 22:23:02,123] {dag.py:2396} INFO - Sync 1 DAGs
[2022-07-22 22:23:02,134] {logging_mixin.py:109} INFO - [2022-07-22 22:23:02,133] {dag.py:2935} INFO - Setting next_dagrun for example_bash_operator to 2022-07-21 00:00:00+00:00
[2022-07-22 22:23:02,139] {processor.py:171} INFO - Processing /home/airflow/.local/lib/python3.7/site-packages/airflow/example_dags/example_bash_operator.py took 0.120 seconds
[2022-07-22 22:23:32,544] {processor.py:163} INFO - Started process (PID=2988) to work on /home/airflow/.local/lib/python3.7/site-packages/airflow/example_dags/example_bash_operator.py
[2022-07-22 22:23:32,545] {processor.py:642} INFO - Processing file /home/airflow/.local/lib/python3.7/site-packages/airflow/example_dags/example_bash_operator.py for tasks to queue
[2022-07-22 22:23:32,545] {logging_mixin.py:109} INFO - [2022-07-22 22:23:32,545] {dagbag.py:500} INFO - Filling up the DagBag from /home/airflow/.local/lib/python3.7/site-packages/airflow/example_dags/example_bash_operator.py
[2022-07-22 22:23:32,636] {processor.py:654} INFO - DAG(s) dict_keys(['example_bash_operator']) retrieved from /home/airflow/.local/lib/python3.7/site-packages/airflow/example_dags/example_bash_operator.py
[2022-07-22 22:23:32,643] {logging_mixin.py:109} INFO - [2022-07-22 22:23:32,643] {dag.py:2396} INFO - Sync 1 DAGs
[2022-07-22 22:23:32,654] {logging_mixin.py:109} INFO - [2022-07-22 22:23:32,654] {dag.py:2935} INFO - Setting next_dagrun for example_bash_operator to 2022-07-21 00:00:00+00:00
[2022-07-22 22:23:32,659] {processor.py:171} INFO - Processing /home/airflow/.local/lib/python3.7/site-packages/airflow/example_dags/example_bash_operator.py took 0.117 seconds
[2022-07-22 22:24:03,228] {processor.py:163} INFO - Started process (PID=3038) to work on /home/airflow/.local/lib/python3.7/site-packages/airflow/example_dags/example_bash_operator.py
[2022-07-22 22:24:03,229] {processor.py:642} INFO - Processing file /home/airflow/.local/lib/python3.7/site-packages/airflow/example_dags/example_bash_operator.py for tasks to queue
[2022-07-22 22:24:03,229] {logging_mixin.py:109} INFO - [2022-07-22 22:24:03,229] {dagbag.py:500} INFO - Filling up the DagBag from /home/airflow/.local/lib/python3.7/site-packages/airflow/example_dags/example_bash_operator.py
[2022-07-22 22:24:03,327] {processor.py:654} INFO - DAG(s) dict_keys(['example_bash_operator']) retrieved from /home/airflow/.local/lib/python3.7/site-packages/airflow/example_dags/example_bash_operator.py
[2022-07-22 22:24:03,335] {logging_mixin.py:109} INFO - [2022-07-22 22:24:03,334] {dag.py:2396} INFO - Sync 1 DAGs
[2022-07-22 22:24:03,347] {logging_mixin.py:109} INFO - [2022-07-22 22:24:03,347] {dag.py:2935} INFO - Setting next_dagrun for example_bash_operator to 2022-07-21 00:00:00+00:00
[2022-07-22 22:24:03,354] {processor.py:171} INFO - Processing /home/airflow/.local/lib/python3.7/site-packages/airflow/example_dags/example_bash_operator.py took 0.129 seconds
[2022-07-22 22:24:34,264] {processor.py:163} INFO - Started process (PID=3097) to work on /home/airflow/.local/lib/python3.7/site-packages/airflow/example_dags/example_bash_operator.py
[2022-07-22 22:24:34,265] {processor.py:642} INFO - Processing file /home/airflow/.local/lib/python3.7/site-packages/airflow/example_dags/example_bash_operator.py for tasks to queue
[2022-07-22 22:24:34,265] {logging_mixin.py:109} INFO - [2022-07-22 22:24:34,265] {dagbag.py:500} INFO - Filling up the DagBag from /home/airflow/.local/lib/python3.7/site-packages/airflow/example_dags/example_bash_operator.py
[2022-07-22 22:24:34,353] {processor.py:654} INFO - DAG(s) dict_keys(['example_bash_operator']) retrieved from /home/airflow/.local/lib/python3.7/site-packages/airflow/example_dags/example_bash_operator.py
[2022-07-22 22:24:34,359] {logging_mixin.py:109} INFO - [2022-07-22 22:24:34,359] {dag.py:2396} INFO - Sync 1 DAGs
[2022-07-22 22:24:34,370] {logging_mixin.py:109} INFO - [2022-07-22 22:24:34,370] {dag.py:2935} INFO - Setting next_dagrun for example_bash_operator to 2022-07-21 00:00:00+00:00
[2022-07-22 22:24:34,375] {processor.py:171} INFO - Processing /home/airflow/.local/lib/python3.7/site-packages/airflow/example_dags/example_bash_operator.py took 0.113 seconds
[2022-07-22 22:25:04,876] {processor.py:163} INFO - Started process (PID=3146) to work on /home/airflow/.local/lib/python3.7/site-packages/airflow/example_dags/example_bash_operator.py
[2022-07-22 22:25:04,877] {processor.py:642} INFO - Processing file /home/airflow/.local/lib/python3.7/site-packages/airflow/example_dags/example_bash_operator.py for tasks to queue
[2022-07-22 22:25:04,877] {logging_mixin.py:109} INFO - [2022-07-22 22:25:04,877] {dagbag.py:500} INFO - Filling up the DagBag from /home/airflow/.local/lib/python3.7/site-packages/airflow/example_dags/example_bash_operator.py
[2022-07-22 22:25:04,967] {processor.py:654} INFO - DAG(s) dict_keys(['example_bash_operator']) retrieved from /home/airflow/.local/lib/python3.7/site-packages/airflow/example_dags/example_bash_operator.py
[2022-07-22 22:25:04,973] {logging_mixin.py:109} INFO - [2022-07-22 22:25:04,973] {dag.py:2396} INFO - Sync 1 DAGs
[2022-07-22 22:25:04,984] {logging_mixin.py:109} INFO - [2022-07-22 22:25:04,984] {dag.py:2935} INFO - Setting next_dagrun for example_bash_operator to 2022-07-21 00:00:00+00:00
[2022-07-22 22:25:04,989] {processor.py:171} INFO - Processing /home/airflow/.local/lib/python3.7/site-packages/airflow/example_dags/example_bash_operator.py took 0.115 seconds
[2022-07-22 22:25:35,568] {processor.py:163} INFO - Started process (PID=3205) to work on /home/airflow/.local/lib/python3.7/site-packages/airflow/example_dags/example_bash_operator.py
[2022-07-22 22:25:35,569] {processor.py:642} INFO - Processing file /home/airflow/.local/lib/python3.7/site-packages/airflow/example_dags/example_bash_operator.py for tasks to queue
[2022-07-22 22:25:35,569] {logging_mixin.py:109} INFO - [2022-07-22 22:25:35,569] {dagbag.py:500} INFO - Filling up the DagBag from /home/airflow/.local/lib/python3.7/site-packages/airflow/example_dags/example_bash_operator.py
[2022-07-22 22:25:35,589] {processor.py:654} INFO - DAG(s) dict_keys(['example_bash_operator']) retrieved from /home/airflow/.local/lib/python3.7/site-packages/airflow/example_dags/example_bash_operator.py
[2022-07-22 22:25:35,596] {logging_mixin.py:109} INFO - [2022-07-22 22:25:35,596] {dag.py:2396} INFO - Sync 1 DAGs
[2022-07-22 22:25:35,608] {logging_mixin.py:109} INFO - [2022-07-22 22:25:35,608] {dag.py:2935} INFO - Setting next_dagrun for example_bash_operator to 2022-07-21 00:00:00+00:00
[2022-07-22 22:25:35,613] {processor.py:171} INFO - Processing /home/airflow/.local/lib/python3.7/site-packages/airflow/example_dags/example_bash_operator.py took 0.047 seconds
[2022-07-22 22:26:06,069] {processor.py:163} INFO - Started process (PID=3264) to work on /home/airflow/.local/lib/python3.7/site-packages/airflow/example_dags/example_bash_operator.py
[2022-07-22 22:26:06,070] {processor.py:642} INFO - Processing file /home/airflow/.local/lib/python3.7/site-packages/airflow/example_dags/example_bash_operator.py for tasks to queue
[2022-07-22 22:26:06,070] {logging_mixin.py:109} INFO - [2022-07-22 22:26:06,070] {dagbag.py:500} INFO - Filling up the DagBag from /home/airflow/.local/lib/python3.7/site-packages/airflow/example_dags/example_bash_operator.py
[2022-07-22 22:26:06,092] {processor.py:654} INFO - DAG(s) dict_keys(['example_bash_operator']) retrieved from /home/airflow/.local/lib/python3.7/site-packages/airflow/example_dags/example_bash_operator.py
[2022-07-22 22:26:06,100] {logging_mixin.py:109} INFO - [2022-07-22 22:26:06,100] {dag.py:2396} INFO - Sync 1 DAGs
[2022-07-22 22:26:06,112] {logging_mixin.py:109} INFO - [2022-07-22 22:26:06,112] {dag.py:2935} INFO - Setting next_dagrun for example_bash_operator to 2022-07-21 00:00:00+00:00
[2022-07-22 22:26:06,118] {processor.py:171} INFO - Processing /home/airflow/.local/lib/python3.7/site-packages/airflow/example_dags/example_bash_operator.py took 0.051 seconds
[2022-07-22 22:26:36,590] {processor.py:163} INFO - Started process (PID=3314) to work on /home/airflow/.local/lib/python3.7/site-packages/airflow/example_dags/example_bash_operator.py
[2022-07-22 22:26:36,591] {processor.py:642} INFO - Processing file /home/airflow/.local/lib/python3.7/site-packages/airflow/example_dags/example_bash_operator.py for tasks to queue
[2022-07-22 22:26:36,591] {logging_mixin.py:109} INFO - [2022-07-22 22:26:36,591] {dagbag.py:500} INFO - Filling up the DagBag from /home/airflow/.local/lib/python3.7/site-packages/airflow/example_dags/example_bash_operator.py
[2022-07-22 22:26:36,611] {processor.py:654} INFO - DAG(s) dict_keys(['example_bash_operator']) retrieved from /home/airflow/.local/lib/python3.7/site-packages/airflow/example_dags/example_bash_operator.py
[2022-07-22 22:26:36,618] {logging_mixin.py:109} INFO - [2022-07-22 22:26:36,618] {dag.py:2396} INFO - Sync 1 DAGs
[2022-07-22 22:26:36,629] {logging_mixin.py:109} INFO - [2022-07-22 22:26:36,629] {dag.py:2935} INFO - Setting next_dagrun for example_bash_operator to 2022-07-21 00:00:00+00:00
[2022-07-22 22:26:36,635] {processor.py:171} INFO - Processing /home/airflow/.local/lib/python3.7/site-packages/airflow/example_dags/example_bash_operator.py took 0.047 seconds
[2022-07-22 22:27:07,028] {processor.py:163} INFO - Started process (PID=3373) to work on /home/airflow/.local/lib/python3.7/site-packages/airflow/example_dags/example_bash_operator.py
[2022-07-22 22:27:07,029] {processor.py:642} INFO - Processing file /home/airflow/.local/lib/python3.7/site-packages/airflow/example_dags/example_bash_operator.py for tasks to queue
[2022-07-22 22:27:07,029] {logging_mixin.py:109} INFO - [2022-07-22 22:27:07,029] {dagbag.py:500} INFO - Filling up the DagBag from /home/airflow/.local/lib/python3.7/site-packages/airflow/example_dags/example_bash_operator.py
[2022-07-22 22:27:07,049] {processor.py:654} INFO - DAG(s) dict_keys(['example_bash_operator']) retrieved from /home/airflow/.local/lib/python3.7/site-packages/airflow/example_dags/example_bash_operator.py
[2022-07-22 22:27:07,056] {logging_mixin.py:109} INFO - [2022-07-22 22:27:07,056] {dag.py:2396} INFO - Sync 1 DAGs
[2022-07-22 22:27:07,067] {logging_mixin.py:109} INFO - [2022-07-22 22:27:07,067] {dag.py:2935} INFO - Setting next_dagrun for example_bash_operator to 2022-07-21 00:00:00+00:00
[2022-07-22 22:27:07,073] {processor.py:171} INFO - Processing /home/airflow/.local/lib/python3.7/site-packages/airflow/example_dags/example_bash_operator.py took 0.047 seconds
[2022-07-22 22:27:37,445] {processor.py:163} INFO - Started process (PID=3423) to work on /home/airflow/.local/lib/python3.7/site-packages/airflow/example_dags/example_bash_operator.py
[2022-07-22 22:27:37,445] {processor.py:642} INFO - Processing file /home/airflow/.local/lib/python3.7/site-packages/airflow/example_dags/example_bash_operator.py for tasks to queue
[2022-07-22 22:27:37,446] {logging_mixin.py:109} INFO - [2022-07-22 22:27:37,446] {dagbag.py:500} INFO - Filling up the DagBag from /home/airflow/.local/lib/python3.7/site-packages/airflow/example_dags/example_bash_operator.py
[2022-07-22 22:27:37,465] {processor.py:654} INFO - DAG(s) dict_keys(['example_bash_operator']) retrieved from /home/airflow/.local/lib/python3.7/site-packages/airflow/example_dags/example_bash_operator.py
[2022-07-22 22:27:37,472] {logging_mixin.py:109} INFO - [2022-07-22 22:27:37,472] {dag.py:2396} INFO - Sync 1 DAGs
[2022-07-22 22:27:37,483] {logging_mixin.py:109} INFO - [2022-07-22 22:27:37,483] {dag.py:2935} INFO - Setting next_dagrun for example_bash_operator to 2022-07-21 00:00:00+00:00
[2022-07-22 22:27:37,488] {processor.py:171} INFO - Processing /home/airflow/.local/lib/python3.7/site-packages/airflow/example_dags/example_bash_operator.py took 0.045 seconds
[2022-07-22 22:28:07,757] {processor.py:163} INFO - Started process (PID=3482) to work on /home/airflow/.local/lib/python3.7/site-packages/airflow/example_dags/example_bash_operator.py
[2022-07-22 22:28:07,758] {processor.py:642} INFO - Processing file /home/airflow/.local/lib/python3.7/site-packages/airflow/example_dags/example_bash_operator.py for tasks to queue
[2022-07-22 22:28:07,758] {logging_mixin.py:109} INFO - [2022-07-22 22:28:07,758] {dagbag.py:500} INFO - Filling up the DagBag from /home/airflow/.local/lib/python3.7/site-packages/airflow/example_dags/example_bash_operator.py
[2022-07-22 22:28:07,779] {processor.py:654} INFO - DAG(s) dict_keys(['example_bash_operator']) retrieved from /home/airflow/.local/lib/python3.7/site-packages/airflow/example_dags/example_bash_operator.py
[2022-07-22 22:28:07,786] {logging_mixin.py:109} INFO - [2022-07-22 22:28:07,786] {dag.py:2396} INFO - Sync 1 DAGs
[2022-07-22 22:28:07,797] {logging_mixin.py:109} INFO - [2022-07-22 22:28:07,797] {dag.py:2935} INFO - Setting next_dagrun for example_bash_operator to 2022-07-21 00:00:00+00:00
[2022-07-22 22:28:07,803] {processor.py:171} INFO - Processing /home/airflow/.local/lib/python3.7/site-packages/airflow/example_dags/example_bash_operator.py took 0.047 seconds
