[2022-07-22 21:54:00,273] {processor.py:163} INFO - Started process (PID=125) to work on /home/airflow/.local/lib/python3.7/site-packages/airflow/example_dags/example_branch_operator.py
[2022-07-22 21:54:00,274] {processor.py:642} INFO - Processing file /home/airflow/.local/lib/python3.7/site-packages/airflow/example_dags/example_branch_operator.py for tasks to queue
[2022-07-22 21:54:00,275] {logging_mixin.py:109} INFO - [2022-07-22 21:54:00,274] {dagbag.py:500} INFO - Filling up the DagBag from /home/airflow/.local/lib/python3.7/site-packages/airflow/example_dags/example_branch_operator.py
[2022-07-22 21:54:00,298] {processor.py:654} INFO - DAG(s) dict_keys(['example_branch_operator']) retrieved from /home/airflow/.local/lib/python3.7/site-packages/airflow/example_dags/example_branch_operator.py
[2022-07-22 21:54:01,914] {logging_mixin.py:109} INFO - [2022-07-22 21:54:01,914] {manager.py:496} INFO - Created Permission View: can read on DAG:example_branch_operator
[2022-07-22 21:54:01,921] {logging_mixin.py:109} INFO - [2022-07-22 21:54:01,921] {manager.py:496} INFO - Created Permission View: can edit on DAG:example_branch_operator
[2022-07-22 21:54:01,921] {logging_mixin.py:109} INFO - [2022-07-22 21:54:01,921] {dag.py:2396} INFO - Sync 1 DAGs
[2022-07-22 21:54:01,928] {logging_mixin.py:109} INFO - [2022-07-22 21:54:01,928] {dag.py:2415} INFO - Creating ORM DAG for example_branch_operator
[2022-07-22 21:54:01,937] {logging_mixin.py:109} INFO - [2022-07-22 21:54:01,937] {dag.py:2935} INFO - Setting next_dagrun for example_branch_operator to 2022-07-21 00:00:00+00:00
[2022-07-22 21:54:01,949] {processor.py:171} INFO - Processing /home/airflow/.local/lib/python3.7/site-packages/airflow/example_dags/example_branch_operator.py took 1.678 seconds
[2022-07-22 21:54:32,461] {processor.py:163} INFO - Started process (PID=600) to work on /home/airflow/.local/lib/python3.7/site-packages/airflow/example_dags/example_branch_operator.py
[2022-07-22 21:54:32,462] {processor.py:642} INFO - Processing file /home/airflow/.local/lib/python3.7/site-packages/airflow/example_dags/example_branch_operator.py for tasks to queue
[2022-07-22 21:54:32,463] {logging_mixin.py:109} INFO - [2022-07-22 21:54:32,463] {dagbag.py:500} INFO - Filling up the DagBag from /home/airflow/.local/lib/python3.7/site-packages/airflow/example_dags/example_branch_operator.py
[2022-07-22 21:54:32,483] {processor.py:654} INFO - DAG(s) dict_keys(['example_branch_operator']) retrieved from /home/airflow/.local/lib/python3.7/site-packages/airflow/example_dags/example_branch_operator.py
[2022-07-22 21:54:32,493] {logging_mixin.py:109} INFO - [2022-07-22 21:54:32,493] {dag.py:2396} INFO - Sync 1 DAGs
[2022-07-22 21:54:32,510] {logging_mixin.py:109} INFO - [2022-07-22 21:54:32,510] {dag.py:2935} INFO - Setting next_dagrun for example_branch_operator to 2022-07-21 00:00:00+00:00
[2022-07-22 21:54:32,517] {processor.py:171} INFO - Processing /home/airflow/.local/lib/python3.7/site-packages/airflow/example_dags/example_branch_operator.py took 0.058 seconds
[2022-07-22 21:55:02,702] {processor.py:163} INFO - Started process (PID=650) to work on /home/airflow/.local/lib/python3.7/site-packages/airflow/example_dags/example_branch_operator.py
[2022-07-22 21:55:02,703] {processor.py:642} INFO - Processing file /home/airflow/.local/lib/python3.7/site-packages/airflow/example_dags/example_branch_operator.py for tasks to queue
[2022-07-22 21:55:02,703] {logging_mixin.py:109} INFO - [2022-07-22 21:55:02,703] {dagbag.py:500} INFO - Filling up the DagBag from /home/airflow/.local/lib/python3.7/site-packages/airflow/example_dags/example_branch_operator.py
[2022-07-22 21:55:02,723] {processor.py:654} INFO - DAG(s) dict_keys(['example_branch_operator']) retrieved from /home/airflow/.local/lib/python3.7/site-packages/airflow/example_dags/example_branch_operator.py
[2022-07-22 21:55:02,731] {logging_mixin.py:109} INFO - [2022-07-22 21:55:02,731] {dag.py:2396} INFO - Sync 1 DAGs
[2022-07-22 21:55:02,743] {logging_mixin.py:109} INFO - [2022-07-22 21:55:02,743] {dag.py:2935} INFO - Setting next_dagrun for example_branch_operator to 2022-07-21 00:00:00+00:00
[2022-07-22 21:55:02,749] {processor.py:171} INFO - Processing /home/airflow/.local/lib/python3.7/site-packages/airflow/example_dags/example_branch_operator.py took 0.050 seconds
[2022-07-22 21:55:32,976] {processor.py:163} INFO - Started process (PID=709) to work on /home/airflow/.local/lib/python3.7/site-packages/airflow/example_dags/example_branch_operator.py
[2022-07-22 21:55:32,977] {processor.py:642} INFO - Processing file /home/airflow/.local/lib/python3.7/site-packages/airflow/example_dags/example_branch_operator.py for tasks to queue
[2022-07-22 21:55:32,977] {logging_mixin.py:109} INFO - [2022-07-22 21:55:32,977] {dagbag.py:500} INFO - Filling up the DagBag from /home/airflow/.local/lib/python3.7/site-packages/airflow/example_dags/example_branch_operator.py
[2022-07-22 21:55:32,996] {processor.py:654} INFO - DAG(s) dict_keys(['example_branch_operator']) retrieved from /home/airflow/.local/lib/python3.7/site-packages/airflow/example_dags/example_branch_operator.py
[2022-07-22 21:55:33,003] {logging_mixin.py:109} INFO - [2022-07-22 21:55:33,003] {dag.py:2396} INFO - Sync 1 DAGs
[2022-07-22 21:55:33,014] {logging_mixin.py:109} INFO - [2022-07-22 21:55:33,014] {dag.py:2935} INFO - Setting next_dagrun for example_branch_operator to 2022-07-21 00:00:00+00:00
[2022-07-22 21:55:33,020] {processor.py:171} INFO - Processing /home/airflow/.local/lib/python3.7/site-packages/airflow/example_dags/example_branch_operator.py took 0.047 seconds
[2022-07-22 21:56:26,653] {processor.py:163} INFO - Started process (PID=52) to work on /home/airflow/.local/lib/python3.7/site-packages/airflow/example_dags/example_branch_operator.py
[2022-07-22 21:56:26,654] {processor.py:642} INFO - Processing file /home/airflow/.local/lib/python3.7/site-packages/airflow/example_dags/example_branch_operator.py for tasks to queue
[2022-07-22 21:56:26,654] {logging_mixin.py:109} INFO - [2022-07-22 21:56:26,654] {dagbag.py:500} INFO - Filling up the DagBag from /home/airflow/.local/lib/python3.7/site-packages/airflow/example_dags/example_branch_operator.py
[2022-07-22 21:56:26,676] {processor.py:654} INFO - DAG(s) dict_keys(['example_branch_operator']) retrieved from /home/airflow/.local/lib/python3.7/site-packages/airflow/example_dags/example_branch_operator.py
[2022-07-22 21:56:26,683] {logging_mixin.py:109} INFO - [2022-07-22 21:56:26,683] {dag.py:2396} INFO - Sync 1 DAGs
[2022-07-22 21:56:26,695] {logging_mixin.py:109} INFO - [2022-07-22 21:56:26,695] {dag.py:2935} INFO - Setting next_dagrun for example_branch_operator to 2022-07-21 00:00:00+00:00
[2022-07-22 21:56:26,701] {processor.py:171} INFO - Processing /home/airflow/.local/lib/python3.7/site-packages/airflow/example_dags/example_branch_operator.py took 0.050 seconds
[2022-07-22 21:56:57,622] {processor.py:163} INFO - Started process (PID=112) to work on /home/airflow/.local/lib/python3.7/site-packages/airflow/example_dags/example_branch_operator.py
[2022-07-22 21:56:57,623] {processor.py:642} INFO - Processing file /home/airflow/.local/lib/python3.7/site-packages/airflow/example_dags/example_branch_operator.py for tasks to queue
[2022-07-22 21:56:57,624] {logging_mixin.py:109} INFO - [2022-07-22 21:56:57,624] {dagbag.py:500} INFO - Filling up the DagBag from /home/airflow/.local/lib/python3.7/site-packages/airflow/example_dags/example_branch_operator.py
[2022-07-22 21:56:57,643] {processor.py:654} INFO - DAG(s) dict_keys(['example_branch_operator']) retrieved from /home/airflow/.local/lib/python3.7/site-packages/airflow/example_dags/example_branch_operator.py
[2022-07-22 21:56:57,650] {logging_mixin.py:109} INFO - [2022-07-22 21:56:57,650] {dag.py:2396} INFO - Sync 1 DAGs
[2022-07-22 21:56:57,661] {logging_mixin.py:109} INFO - [2022-07-22 21:56:57,661] {dag.py:2935} INFO - Setting next_dagrun for example_branch_operator to 2022-07-21 00:00:00+00:00
[2022-07-22 21:56:57,667] {processor.py:171} INFO - Processing /home/airflow/.local/lib/python3.7/site-packages/airflow/example_dags/example_branch_operator.py took 0.046 seconds
[2022-07-22 21:57:28,293] {processor.py:163} INFO - Started process (PID=171) to work on /home/airflow/.local/lib/python3.7/site-packages/airflow/example_dags/example_branch_operator.py
[2022-07-22 21:57:28,294] {processor.py:642} INFO - Processing file /home/airflow/.local/lib/python3.7/site-packages/airflow/example_dags/example_branch_operator.py for tasks to queue
[2022-07-22 21:57:28,294] {logging_mixin.py:109} INFO - [2022-07-22 21:57:28,294] {dagbag.py:500} INFO - Filling up the DagBag from /home/airflow/.local/lib/python3.7/site-packages/airflow/example_dags/example_branch_operator.py
[2022-07-22 21:57:28,312] {processor.py:654} INFO - DAG(s) dict_keys(['example_branch_operator']) retrieved from /home/airflow/.local/lib/python3.7/site-packages/airflow/example_dags/example_branch_operator.py
[2022-07-22 21:57:28,320] {logging_mixin.py:109} INFO - [2022-07-22 21:57:28,320] {dag.py:2396} INFO - Sync 1 DAGs
[2022-07-22 21:57:28,331] {logging_mixin.py:109} INFO - [2022-07-22 21:57:28,331] {dag.py:2935} INFO - Setting next_dagrun for example_branch_operator to 2022-07-21 00:00:00+00:00
[2022-07-22 21:57:28,337] {processor.py:171} INFO - Processing /home/airflow/.local/lib/python3.7/site-packages/airflow/example_dags/example_branch_operator.py took 0.046 seconds
[2022-07-22 21:57:59,059] {processor.py:163} INFO - Started process (PID=221) to work on /home/airflow/.local/lib/python3.7/site-packages/airflow/example_dags/example_branch_operator.py
[2022-07-22 21:57:59,060] {processor.py:642} INFO - Processing file /home/airflow/.local/lib/python3.7/site-packages/airflow/example_dags/example_branch_operator.py for tasks to queue
[2022-07-22 21:57:59,061] {logging_mixin.py:109} INFO - [2022-07-22 21:57:59,061] {dagbag.py:500} INFO - Filling up the DagBag from /home/airflow/.local/lib/python3.7/site-packages/airflow/example_dags/example_branch_operator.py
[2022-07-22 21:57:59,079] {processor.py:654} INFO - DAG(s) dict_keys(['example_branch_operator']) retrieved from /home/airflow/.local/lib/python3.7/site-packages/airflow/example_dags/example_branch_operator.py
[2022-07-22 21:57:59,087] {logging_mixin.py:109} INFO - [2022-07-22 21:57:59,087] {dag.py:2396} INFO - Sync 1 DAGs
[2022-07-22 21:57:59,099] {logging_mixin.py:109} INFO - [2022-07-22 21:57:59,099] {dag.py:2935} INFO - Setting next_dagrun for example_branch_operator to 2022-07-21 00:00:00+00:00
[2022-07-22 21:57:59,105] {processor.py:171} INFO - Processing /home/airflow/.local/lib/python3.7/site-packages/airflow/example_dags/example_branch_operator.py took 0.048 seconds
[2022-07-22 21:58:29,999] {processor.py:163} INFO - Started process (PID=280) to work on /home/airflow/.local/lib/python3.7/site-packages/airflow/example_dags/example_branch_operator.py
[2022-07-22 21:58:30,000] {processor.py:642} INFO - Processing file /home/airflow/.local/lib/python3.7/site-packages/airflow/example_dags/example_branch_operator.py for tasks to queue
[2022-07-22 21:58:30,000] {logging_mixin.py:109} INFO - [2022-07-22 21:58:30,000] {dagbag.py:500} INFO - Filling up the DagBag from /home/airflow/.local/lib/python3.7/site-packages/airflow/example_dags/example_branch_operator.py
[2022-07-22 21:58:30,018] {processor.py:654} INFO - DAG(s) dict_keys(['example_branch_operator']) retrieved from /home/airflow/.local/lib/python3.7/site-packages/airflow/example_dags/example_branch_operator.py
[2022-07-22 21:58:30,026] {logging_mixin.py:109} INFO - [2022-07-22 21:58:30,026] {dag.py:2396} INFO - Sync 1 DAGs
[2022-07-22 21:58:30,038] {logging_mixin.py:109} INFO - [2022-07-22 21:58:30,038] {dag.py:2935} INFO - Setting next_dagrun for example_branch_operator to 2022-07-21 00:00:00+00:00
[2022-07-22 21:58:30,045] {processor.py:171} INFO - Processing /home/airflow/.local/lib/python3.7/site-packages/airflow/example_dags/example_branch_operator.py took 0.047 seconds
[2022-07-22 21:59:00,705] {processor.py:163} INFO - Started process (PID=330) to work on /home/airflow/.local/lib/python3.7/site-packages/airflow/example_dags/example_branch_operator.py
[2022-07-22 21:59:00,705] {processor.py:642} INFO - Processing file /home/airflow/.local/lib/python3.7/site-packages/airflow/example_dags/example_branch_operator.py for tasks to queue
[2022-07-22 21:59:00,706] {logging_mixin.py:109} INFO - [2022-07-22 21:59:00,706] {dagbag.py:500} INFO - Filling up the DagBag from /home/airflow/.local/lib/python3.7/site-packages/airflow/example_dags/example_branch_operator.py
[2022-07-22 21:59:00,724] {processor.py:654} INFO - DAG(s) dict_keys(['example_branch_operator']) retrieved from /home/airflow/.local/lib/python3.7/site-packages/airflow/example_dags/example_branch_operator.py
[2022-07-22 21:59:00,731] {logging_mixin.py:109} INFO - [2022-07-22 21:59:00,731] {dag.py:2396} INFO - Sync 1 DAGs
[2022-07-22 21:59:00,742] {logging_mixin.py:109} INFO - [2022-07-22 21:59:00,742] {dag.py:2935} INFO - Setting next_dagrun for example_branch_operator to 2022-07-21 00:00:00+00:00
[2022-07-22 21:59:00,748] {processor.py:171} INFO - Processing /home/airflow/.local/lib/python3.7/site-packages/airflow/example_dags/example_branch_operator.py took 0.045 seconds
[2022-07-22 21:59:31,504] {processor.py:163} INFO - Started process (PID=389) to work on /home/airflow/.local/lib/python3.7/site-packages/airflow/example_dags/example_branch_operator.py
[2022-07-22 21:59:31,505] {processor.py:642} INFO - Processing file /home/airflow/.local/lib/python3.7/site-packages/airflow/example_dags/example_branch_operator.py for tasks to queue
[2022-07-22 21:59:31,505] {logging_mixin.py:109} INFO - [2022-07-22 21:59:31,505] {dagbag.py:500} INFO - Filling up the DagBag from /home/airflow/.local/lib/python3.7/site-packages/airflow/example_dags/example_branch_operator.py
[2022-07-22 21:59:31,523] {processor.py:654} INFO - DAG(s) dict_keys(['example_branch_operator']) retrieved from /home/airflow/.local/lib/python3.7/site-packages/airflow/example_dags/example_branch_operator.py
[2022-07-22 21:59:31,530] {logging_mixin.py:109} INFO - [2022-07-22 21:59:31,530] {dag.py:2396} INFO - Sync 1 DAGs
[2022-07-22 21:59:31,542] {logging_mixin.py:109} INFO - [2022-07-22 21:59:31,542] {dag.py:2935} INFO - Setting next_dagrun for example_branch_operator to 2022-07-21 00:00:00+00:00
[2022-07-22 21:59:31,548] {processor.py:171} INFO - Processing /home/airflow/.local/lib/python3.7/site-packages/airflow/example_dags/example_branch_operator.py took 0.046 seconds
[2022-07-22 22:00:02,282] {processor.py:163} INFO - Started process (PID=448) to work on /home/airflow/.local/lib/python3.7/site-packages/airflow/example_dags/example_branch_operator.py
[2022-07-22 22:00:02,283] {processor.py:642} INFO - Processing file /home/airflow/.local/lib/python3.7/site-packages/airflow/example_dags/example_branch_operator.py for tasks to queue
[2022-07-22 22:00:02,283] {logging_mixin.py:109} INFO - [2022-07-22 22:00:02,283] {dagbag.py:500} INFO - Filling up the DagBag from /home/airflow/.local/lib/python3.7/site-packages/airflow/example_dags/example_branch_operator.py
[2022-07-22 22:00:02,301] {processor.py:654} INFO - DAG(s) dict_keys(['example_branch_operator']) retrieved from /home/airflow/.local/lib/python3.7/site-packages/airflow/example_dags/example_branch_operator.py
[2022-07-22 22:00:02,308] {logging_mixin.py:109} INFO - [2022-07-22 22:00:02,308] {dag.py:2396} INFO - Sync 1 DAGs
[2022-07-22 22:00:02,320] {logging_mixin.py:109} INFO - [2022-07-22 22:00:02,320] {dag.py:2935} INFO - Setting next_dagrun for example_branch_operator to 2022-07-21 00:00:00+00:00
[2022-07-22 22:00:02,326] {processor.py:171} INFO - Processing /home/airflow/.local/lib/python3.7/site-packages/airflow/example_dags/example_branch_operator.py took 0.045 seconds
[2022-07-22 22:00:32,932] {processor.py:163} INFO - Started process (PID=498) to work on /home/airflow/.local/lib/python3.7/site-packages/airflow/example_dags/example_branch_operator.py
[2022-07-22 22:00:32,933] {processor.py:642} INFO - Processing file /home/airflow/.local/lib/python3.7/site-packages/airflow/example_dags/example_branch_operator.py for tasks to queue
[2022-07-22 22:00:32,934] {logging_mixin.py:109} INFO - [2022-07-22 22:00:32,934] {dagbag.py:500} INFO - Filling up the DagBag from /home/airflow/.local/lib/python3.7/site-packages/airflow/example_dags/example_branch_operator.py
[2022-07-22 22:00:32,951] {processor.py:654} INFO - DAG(s) dict_keys(['example_branch_operator']) retrieved from /home/airflow/.local/lib/python3.7/site-packages/airflow/example_dags/example_branch_operator.py
[2022-07-22 22:00:32,959] {logging_mixin.py:109} INFO - [2022-07-22 22:00:32,959] {dag.py:2396} INFO - Sync 1 DAGs
[2022-07-22 22:00:32,971] {logging_mixin.py:109} INFO - [2022-07-22 22:00:32,971] {dag.py:2935} INFO - Setting next_dagrun for example_branch_operator to 2022-07-21 00:00:00+00:00
[2022-07-22 22:00:32,977] {processor.py:171} INFO - Processing /home/airflow/.local/lib/python3.7/site-packages/airflow/example_dags/example_branch_operator.py took 0.046 seconds
[2022-07-22 22:01:03,595] {processor.py:163} INFO - Started process (PID=557) to work on /home/airflow/.local/lib/python3.7/site-packages/airflow/example_dags/example_branch_operator.py
[2022-07-22 22:01:03,595] {processor.py:642} INFO - Processing file /home/airflow/.local/lib/python3.7/site-packages/airflow/example_dags/example_branch_operator.py for tasks to queue
[2022-07-22 22:01:03,596] {logging_mixin.py:109} INFO - [2022-07-22 22:01:03,596] {dagbag.py:500} INFO - Filling up the DagBag from /home/airflow/.local/lib/python3.7/site-packages/airflow/example_dags/example_branch_operator.py
[2022-07-22 22:01:03,614] {processor.py:654} INFO - DAG(s) dict_keys(['example_branch_operator']) retrieved from /home/airflow/.local/lib/python3.7/site-packages/airflow/example_dags/example_branch_operator.py
[2022-07-22 22:01:03,621] {logging_mixin.py:109} INFO - [2022-07-22 22:01:03,621] {dag.py:2396} INFO - Sync 1 DAGs
[2022-07-22 22:01:03,633] {logging_mixin.py:109} INFO - [2022-07-22 22:01:03,633] {dag.py:2935} INFO - Setting next_dagrun for example_branch_operator to 2022-07-21 00:00:00+00:00
[2022-07-22 22:01:03,638] {processor.py:171} INFO - Processing /home/airflow/.local/lib/python3.7/site-packages/airflow/example_dags/example_branch_operator.py took 0.045 seconds
[2022-07-22 22:01:34,266] {processor.py:163} INFO - Started process (PID=616) to work on /home/airflow/.local/lib/python3.7/site-packages/airflow/example_dags/example_branch_operator.py
[2022-07-22 22:01:34,267] {processor.py:642} INFO - Processing file /home/airflow/.local/lib/python3.7/site-packages/airflow/example_dags/example_branch_operator.py for tasks to queue
[2022-07-22 22:01:34,267] {logging_mixin.py:109} INFO - [2022-07-22 22:01:34,267] {dagbag.py:500} INFO - Filling up the DagBag from /home/airflow/.local/lib/python3.7/site-packages/airflow/example_dags/example_branch_operator.py
[2022-07-22 22:01:34,287] {processor.py:654} INFO - DAG(s) dict_keys(['example_branch_operator']) retrieved from /home/airflow/.local/lib/python3.7/site-packages/airflow/example_dags/example_branch_operator.py
[2022-07-22 22:01:34,295] {logging_mixin.py:109} INFO - [2022-07-22 22:01:34,295] {dag.py:2396} INFO - Sync 1 DAGs
[2022-07-22 22:01:34,307] {logging_mixin.py:109} INFO - [2022-07-22 22:01:34,307] {dag.py:2935} INFO - Setting next_dagrun for example_branch_operator to 2022-07-21 00:00:00+00:00
[2022-07-22 22:01:34,313] {processor.py:171} INFO - Processing /home/airflow/.local/lib/python3.7/site-packages/airflow/example_dags/example_branch_operator.py took 0.049 seconds
[2022-07-22 22:02:04,945] {processor.py:163} INFO - Started process (PID=666) to work on /home/airflow/.local/lib/python3.7/site-packages/airflow/example_dags/example_branch_operator.py
[2022-07-22 22:02:04,946] {processor.py:642} INFO - Processing file /home/airflow/.local/lib/python3.7/site-packages/airflow/example_dags/example_branch_operator.py for tasks to queue
[2022-07-22 22:02:04,946] {logging_mixin.py:109} INFO - [2022-07-22 22:02:04,946] {dagbag.py:500} INFO - Filling up the DagBag from /home/airflow/.local/lib/python3.7/site-packages/airflow/example_dags/example_branch_operator.py
[2022-07-22 22:02:04,964] {processor.py:654} INFO - DAG(s) dict_keys(['example_branch_operator']) retrieved from /home/airflow/.local/lib/python3.7/site-packages/airflow/example_dags/example_branch_operator.py
[2022-07-22 22:02:04,972] {logging_mixin.py:109} INFO - [2022-07-22 22:02:04,972] {dag.py:2396} INFO - Sync 1 DAGs
[2022-07-22 22:02:04,983] {logging_mixin.py:109} INFO - [2022-07-22 22:02:04,983] {dag.py:2935} INFO - Setting next_dagrun for example_branch_operator to 2022-07-21 00:00:00+00:00
[2022-07-22 22:02:04,989] {processor.py:171} INFO - Processing /home/airflow/.local/lib/python3.7/site-packages/airflow/example_dags/example_branch_operator.py took 0.045 seconds
[2022-07-22 22:02:35,532] {processor.py:163} INFO - Started process (PID=725) to work on /home/airflow/.local/lib/python3.7/site-packages/airflow/example_dags/example_branch_operator.py
[2022-07-22 22:02:35,533] {processor.py:642} INFO - Processing file /home/airflow/.local/lib/python3.7/site-packages/airflow/example_dags/example_branch_operator.py for tasks to queue
[2022-07-22 22:02:35,533] {logging_mixin.py:109} INFO - [2022-07-22 22:02:35,533] {dagbag.py:500} INFO - Filling up the DagBag from /home/airflow/.local/lib/python3.7/site-packages/airflow/example_dags/example_branch_operator.py
[2022-07-22 22:02:35,552] {processor.py:654} INFO - DAG(s) dict_keys(['example_branch_operator']) retrieved from /home/airflow/.local/lib/python3.7/site-packages/airflow/example_dags/example_branch_operator.py
[2022-07-22 22:02:35,559] {logging_mixin.py:109} INFO - [2022-07-22 22:02:35,559] {dag.py:2396} INFO - Sync 1 DAGs
[2022-07-22 22:02:35,571] {logging_mixin.py:109} INFO - [2022-07-22 22:02:35,571] {dag.py:2935} INFO - Setting next_dagrun for example_branch_operator to 2022-07-21 00:00:00+00:00
[2022-07-22 22:02:35,577] {processor.py:171} INFO - Processing /home/airflow/.local/lib/python3.7/site-packages/airflow/example_dags/example_branch_operator.py took 0.047 seconds
[2022-07-22 22:03:06,193] {processor.py:163} INFO - Started process (PID=775) to work on /home/airflow/.local/lib/python3.7/site-packages/airflow/example_dags/example_branch_operator.py
[2022-07-22 22:03:06,193] {processor.py:642} INFO - Processing file /home/airflow/.local/lib/python3.7/site-packages/airflow/example_dags/example_branch_operator.py for tasks to queue
[2022-07-22 22:03:06,194] {logging_mixin.py:109} INFO - [2022-07-22 22:03:06,194] {dagbag.py:500} INFO - Filling up the DagBag from /home/airflow/.local/lib/python3.7/site-packages/airflow/example_dags/example_branch_operator.py
[2022-07-22 22:03:06,211] {processor.py:654} INFO - DAG(s) dict_keys(['example_branch_operator']) retrieved from /home/airflow/.local/lib/python3.7/site-packages/airflow/example_dags/example_branch_operator.py
[2022-07-22 22:03:06,218] {logging_mixin.py:109} INFO - [2022-07-22 22:03:06,218] {dag.py:2396} INFO - Sync 1 DAGs
[2022-07-22 22:03:06,229] {logging_mixin.py:109} INFO - [2022-07-22 22:03:06,229] {dag.py:2935} INFO - Setting next_dagrun for example_branch_operator to 2022-07-21 00:00:00+00:00
[2022-07-22 22:03:06,235] {processor.py:171} INFO - Processing /home/airflow/.local/lib/python3.7/site-packages/airflow/example_dags/example_branch_operator.py took 0.044 seconds
[2022-07-22 22:03:36,803] {processor.py:163} INFO - Started process (PID=834) to work on /home/airflow/.local/lib/python3.7/site-packages/airflow/example_dags/example_branch_operator.py
[2022-07-22 22:03:36,804] {processor.py:642} INFO - Processing file /home/airflow/.local/lib/python3.7/site-packages/airflow/example_dags/example_branch_operator.py for tasks to queue
[2022-07-22 22:03:36,804] {logging_mixin.py:109} INFO - [2022-07-22 22:03:36,804] {dagbag.py:500} INFO - Filling up the DagBag from /home/airflow/.local/lib/python3.7/site-packages/airflow/example_dags/example_branch_operator.py
[2022-07-22 22:03:36,824] {processor.py:654} INFO - DAG(s) dict_keys(['example_branch_operator']) retrieved from /home/airflow/.local/lib/python3.7/site-packages/airflow/example_dags/example_branch_operator.py
[2022-07-22 22:03:36,832] {logging_mixin.py:109} INFO - [2022-07-22 22:03:36,832] {dag.py:2396} INFO - Sync 1 DAGs
[2022-07-22 22:03:36,845] {logging_mixin.py:109} INFO - [2022-07-22 22:03:36,845] {dag.py:2935} INFO - Setting next_dagrun for example_branch_operator to 2022-07-21 00:00:00+00:00
[2022-07-22 22:03:36,851] {processor.py:171} INFO - Processing /home/airflow/.local/lib/python3.7/site-packages/airflow/example_dags/example_branch_operator.py took 0.050 seconds
[2022-07-22 22:04:07,443] {processor.py:163} INFO - Started process (PID=884) to work on /home/airflow/.local/lib/python3.7/site-packages/airflow/example_dags/example_branch_operator.py
[2022-07-22 22:04:07,444] {processor.py:642} INFO - Processing file /home/airflow/.local/lib/python3.7/site-packages/airflow/example_dags/example_branch_operator.py for tasks to queue
[2022-07-22 22:04:07,444] {logging_mixin.py:109} INFO - [2022-07-22 22:04:07,444] {dagbag.py:500} INFO - Filling up the DagBag from /home/airflow/.local/lib/python3.7/site-packages/airflow/example_dags/example_branch_operator.py
[2022-07-22 22:04:07,470] {processor.py:654} INFO - DAG(s) dict_keys(['example_branch_operator']) retrieved from /home/airflow/.local/lib/python3.7/site-packages/airflow/example_dags/example_branch_operator.py
[2022-07-22 22:04:07,478] {logging_mixin.py:109} INFO - [2022-07-22 22:04:07,478] {dag.py:2396} INFO - Sync 1 DAGs
[2022-07-22 22:04:07,491] {logging_mixin.py:109} INFO - [2022-07-22 22:04:07,491] {dag.py:2935} INFO - Setting next_dagrun for example_branch_operator to 2022-07-21 00:00:00+00:00
[2022-07-22 22:04:07,497] {processor.py:171} INFO - Processing /home/airflow/.local/lib/python3.7/site-packages/airflow/example_dags/example_branch_operator.py took 0.056 seconds
[2022-07-22 22:04:38,239] {processor.py:163} INFO - Started process (PID=943) to work on /home/airflow/.local/lib/python3.7/site-packages/airflow/example_dags/example_branch_operator.py
[2022-07-22 22:04:38,240] {processor.py:642} INFO - Processing file /home/airflow/.local/lib/python3.7/site-packages/airflow/example_dags/example_branch_operator.py for tasks to queue
[2022-07-22 22:04:38,240] {logging_mixin.py:109} INFO - [2022-07-22 22:04:38,240] {dagbag.py:500} INFO - Filling up the DagBag from /home/airflow/.local/lib/python3.7/site-packages/airflow/example_dags/example_branch_operator.py
[2022-07-22 22:04:38,259] {processor.py:654} INFO - DAG(s) dict_keys(['example_branch_operator']) retrieved from /home/airflow/.local/lib/python3.7/site-packages/airflow/example_dags/example_branch_operator.py
[2022-07-22 22:04:38,267] {logging_mixin.py:109} INFO - [2022-07-22 22:04:38,266] {dag.py:2396} INFO - Sync 1 DAGs
[2022-07-22 22:04:38,279] {logging_mixin.py:109} INFO - [2022-07-22 22:04:38,279] {dag.py:2935} INFO - Setting next_dagrun for example_branch_operator to 2022-07-21 00:00:00+00:00
[2022-07-22 22:04:38,285] {processor.py:171} INFO - Processing /home/airflow/.local/lib/python3.7/site-packages/airflow/example_dags/example_branch_operator.py took 0.048 seconds
[2022-07-22 22:05:08,859] {processor.py:163} INFO - Started process (PID=1002) to work on /home/airflow/.local/lib/python3.7/site-packages/airflow/example_dags/example_branch_operator.py
[2022-07-22 22:05:08,860] {processor.py:642} INFO - Processing file /home/airflow/.local/lib/python3.7/site-packages/airflow/example_dags/example_branch_operator.py for tasks to queue
[2022-07-22 22:05:08,861] {logging_mixin.py:109} INFO - [2022-07-22 22:05:08,861] {dagbag.py:500} INFO - Filling up the DagBag from /home/airflow/.local/lib/python3.7/site-packages/airflow/example_dags/example_branch_operator.py
[2022-07-22 22:05:08,878] {processor.py:654} INFO - DAG(s) dict_keys(['example_branch_operator']) retrieved from /home/airflow/.local/lib/python3.7/site-packages/airflow/example_dags/example_branch_operator.py
[2022-07-22 22:05:08,886] {logging_mixin.py:109} INFO - [2022-07-22 22:05:08,886] {dag.py:2396} INFO - Sync 1 DAGs
[2022-07-22 22:05:08,898] {logging_mixin.py:109} INFO - [2022-07-22 22:05:08,898] {dag.py:2935} INFO - Setting next_dagrun for example_branch_operator to 2022-07-21 00:00:00+00:00
[2022-07-22 22:05:08,903] {processor.py:171} INFO - Processing /home/airflow/.local/lib/python3.7/site-packages/airflow/example_dags/example_branch_operator.py took 0.046 seconds
[2022-07-22 22:05:39,425] {processor.py:163} INFO - Started process (PID=1052) to work on /home/airflow/.local/lib/python3.7/site-packages/airflow/example_dags/example_branch_operator.py
[2022-07-22 22:05:39,426] {processor.py:642} INFO - Processing file /home/airflow/.local/lib/python3.7/site-packages/airflow/example_dags/example_branch_operator.py for tasks to queue
[2022-07-22 22:05:39,426] {logging_mixin.py:109} INFO - [2022-07-22 22:05:39,426] {dagbag.py:500} INFO - Filling up the DagBag from /home/airflow/.local/lib/python3.7/site-packages/airflow/example_dags/example_branch_operator.py
[2022-07-22 22:05:39,444] {processor.py:654} INFO - DAG(s) dict_keys(['example_branch_operator']) retrieved from /home/airflow/.local/lib/python3.7/site-packages/airflow/example_dags/example_branch_operator.py
[2022-07-22 22:05:39,451] {logging_mixin.py:109} INFO - [2022-07-22 22:05:39,451] {dag.py:2396} INFO - Sync 1 DAGs
[2022-07-22 22:05:39,464] {logging_mixin.py:109} INFO - [2022-07-22 22:05:39,464] {dag.py:2935} INFO - Setting next_dagrun for example_branch_operator to 2022-07-21 00:00:00+00:00
[2022-07-22 22:05:39,469] {processor.py:171} INFO - Processing /home/airflow/.local/lib/python3.7/site-packages/airflow/example_dags/example_branch_operator.py took 0.046 seconds
[2022-07-22 22:06:10,044] {processor.py:163} INFO - Started process (PID=1111) to work on /home/airflow/.local/lib/python3.7/site-packages/airflow/example_dags/example_branch_operator.py
[2022-07-22 22:06:10,045] {processor.py:642} INFO - Processing file /home/airflow/.local/lib/python3.7/site-packages/airflow/example_dags/example_branch_operator.py for tasks to queue
[2022-07-22 22:06:10,046] {logging_mixin.py:109} INFO - [2022-07-22 22:06:10,046] {dagbag.py:500} INFO - Filling up the DagBag from /home/airflow/.local/lib/python3.7/site-packages/airflow/example_dags/example_branch_operator.py
[2022-07-22 22:06:10,063] {processor.py:654} INFO - DAG(s) dict_keys(['example_branch_operator']) retrieved from /home/airflow/.local/lib/python3.7/site-packages/airflow/example_dags/example_branch_operator.py
[2022-07-22 22:06:10,071] {logging_mixin.py:109} INFO - [2022-07-22 22:06:10,071] {dag.py:2396} INFO - Sync 1 DAGs
[2022-07-22 22:06:10,082] {logging_mixin.py:109} INFO - [2022-07-22 22:06:10,082] {dag.py:2935} INFO - Setting next_dagrun for example_branch_operator to 2022-07-21 00:00:00+00:00
[2022-07-22 22:06:10,088] {processor.py:171} INFO - Processing /home/airflow/.local/lib/python3.7/site-packages/airflow/example_dags/example_branch_operator.py took 0.045 seconds
[2022-07-22 22:06:40,678] {processor.py:163} INFO - Started process (PID=1161) to work on /home/airflow/.local/lib/python3.7/site-packages/airflow/example_dags/example_branch_operator.py
[2022-07-22 22:06:40,679] {processor.py:642} INFO - Processing file /home/airflow/.local/lib/python3.7/site-packages/airflow/example_dags/example_branch_operator.py for tasks to queue
[2022-07-22 22:06:40,679] {logging_mixin.py:109} INFO - [2022-07-22 22:06:40,679] {dagbag.py:500} INFO - Filling up the DagBag from /home/airflow/.local/lib/python3.7/site-packages/airflow/example_dags/example_branch_operator.py
[2022-07-22 22:06:40,697] {processor.py:654} INFO - DAG(s) dict_keys(['example_branch_operator']) retrieved from /home/airflow/.local/lib/python3.7/site-packages/airflow/example_dags/example_branch_operator.py
[2022-07-22 22:06:40,704] {logging_mixin.py:109} INFO - [2022-07-22 22:06:40,704] {dag.py:2396} INFO - Sync 1 DAGs
[2022-07-22 22:06:40,716] {logging_mixin.py:109} INFO - [2022-07-22 22:06:40,716] {dag.py:2935} INFO - Setting next_dagrun for example_branch_operator to 2022-07-21 00:00:00+00:00
[2022-07-22 22:06:40,723] {processor.py:171} INFO - Processing /home/airflow/.local/lib/python3.7/site-packages/airflow/example_dags/example_branch_operator.py took 0.047 seconds
[2022-07-22 22:07:11,311] {processor.py:163} INFO - Started process (PID=1220) to work on /home/airflow/.local/lib/python3.7/site-packages/airflow/example_dags/example_branch_operator.py
[2022-07-22 22:07:11,312] {processor.py:642} INFO - Processing file /home/airflow/.local/lib/python3.7/site-packages/airflow/example_dags/example_branch_operator.py for tasks to queue
[2022-07-22 22:07:11,312] {logging_mixin.py:109} INFO - [2022-07-22 22:07:11,312] {dagbag.py:500} INFO - Filling up the DagBag from /home/airflow/.local/lib/python3.7/site-packages/airflow/example_dags/example_branch_operator.py
[2022-07-22 22:07:11,330] {processor.py:654} INFO - DAG(s) dict_keys(['example_branch_operator']) retrieved from /home/airflow/.local/lib/python3.7/site-packages/airflow/example_dags/example_branch_operator.py
[2022-07-22 22:07:11,338] {logging_mixin.py:109} INFO - [2022-07-22 22:07:11,338] {dag.py:2396} INFO - Sync 1 DAGs
[2022-07-22 22:07:11,349] {logging_mixin.py:109} INFO - [2022-07-22 22:07:11,349] {dag.py:2935} INFO - Setting next_dagrun for example_branch_operator to 2022-07-21 00:00:00+00:00
[2022-07-22 22:07:11,354] {processor.py:171} INFO - Processing /home/airflow/.local/lib/python3.7/site-packages/airflow/example_dags/example_branch_operator.py took 0.045 seconds
[2022-07-22 22:07:41,881] {processor.py:163} INFO - Started process (PID=1279) to work on /home/airflow/.local/lib/python3.7/site-packages/airflow/example_dags/example_branch_operator.py
[2022-07-22 22:07:41,882] {processor.py:642} INFO - Processing file /home/airflow/.local/lib/python3.7/site-packages/airflow/example_dags/example_branch_operator.py for tasks to queue
[2022-07-22 22:07:41,882] {logging_mixin.py:109} INFO - [2022-07-22 22:07:41,882] {dagbag.py:500} INFO - Filling up the DagBag from /home/airflow/.local/lib/python3.7/site-packages/airflow/example_dags/example_branch_operator.py
[2022-07-22 22:07:41,903] {processor.py:654} INFO - DAG(s) dict_keys(['example_branch_operator']) retrieved from /home/airflow/.local/lib/python3.7/site-packages/airflow/example_dags/example_branch_operator.py
[2022-07-22 22:07:41,911] {logging_mixin.py:109} INFO - [2022-07-22 22:07:41,911] {dag.py:2396} INFO - Sync 1 DAGs
[2022-07-22 22:07:41,925] {logging_mixin.py:109} INFO - [2022-07-22 22:07:41,925] {dag.py:2935} INFO - Setting next_dagrun for example_branch_operator to 2022-07-21 00:00:00+00:00
[2022-07-22 22:07:41,931] {processor.py:171} INFO - Processing /home/airflow/.local/lib/python3.7/site-packages/airflow/example_dags/example_branch_operator.py took 0.052 seconds
[2022-07-22 22:08:12,598] {processor.py:163} INFO - Started process (PID=1329) to work on /home/airflow/.local/lib/python3.7/site-packages/airflow/example_dags/example_branch_operator.py
[2022-07-22 22:08:12,599] {processor.py:642} INFO - Processing file /home/airflow/.local/lib/python3.7/site-packages/airflow/example_dags/example_branch_operator.py for tasks to queue
[2022-07-22 22:08:12,599] {logging_mixin.py:109} INFO - [2022-07-22 22:08:12,599] {dagbag.py:500} INFO - Filling up the DagBag from /home/airflow/.local/lib/python3.7/site-packages/airflow/example_dags/example_branch_operator.py
[2022-07-22 22:08:12,621] {processor.py:654} INFO - DAG(s) dict_keys(['example_branch_operator']) retrieved from /home/airflow/.local/lib/python3.7/site-packages/airflow/example_dags/example_branch_operator.py
[2022-07-22 22:08:12,629] {logging_mixin.py:109} INFO - [2022-07-22 22:08:12,629] {dag.py:2396} INFO - Sync 1 DAGs
[2022-07-22 22:08:12,642] {logging_mixin.py:109} INFO - [2022-07-22 22:08:12,642] {dag.py:2935} INFO - Setting next_dagrun for example_branch_operator to 2022-07-21 00:00:00+00:00
[2022-07-22 22:08:12,650] {processor.py:171} INFO - Processing /home/airflow/.local/lib/python3.7/site-packages/airflow/example_dags/example_branch_operator.py took 0.053 seconds
[2022-07-22 22:08:43,465] {processor.py:163} INFO - Started process (PID=1388) to work on /home/airflow/.local/lib/python3.7/site-packages/airflow/example_dags/example_branch_operator.py
[2022-07-22 22:08:43,466] {processor.py:642} INFO - Processing file /home/airflow/.local/lib/python3.7/site-packages/airflow/example_dags/example_branch_operator.py for tasks to queue
[2022-07-22 22:08:43,467] {logging_mixin.py:109} INFO - [2022-07-22 22:08:43,467] {dagbag.py:500} INFO - Filling up the DagBag from /home/airflow/.local/lib/python3.7/site-packages/airflow/example_dags/example_branch_operator.py
[2022-07-22 22:08:43,497] {processor.py:654} INFO - DAG(s) dict_keys(['example_branch_operator']) retrieved from /home/airflow/.local/lib/python3.7/site-packages/airflow/example_dags/example_branch_operator.py
[2022-07-22 22:08:43,510] {logging_mixin.py:109} INFO - [2022-07-22 22:08:43,510] {dag.py:2396} INFO - Sync 1 DAGs
[2022-07-22 22:08:43,529] {logging_mixin.py:109} INFO - [2022-07-22 22:08:43,529] {dag.py:2935} INFO - Setting next_dagrun for example_branch_operator to 2022-07-21 00:00:00+00:00
[2022-07-22 22:08:43,537] {processor.py:171} INFO - Processing /home/airflow/.local/lib/python3.7/site-packages/airflow/example_dags/example_branch_operator.py took 0.075 seconds
[2022-07-22 22:09:14,332] {processor.py:163} INFO - Started process (PID=1438) to work on /home/airflow/.local/lib/python3.7/site-packages/airflow/example_dags/example_branch_operator.py
[2022-07-22 22:09:14,333] {processor.py:642} INFO - Processing file /home/airflow/.local/lib/python3.7/site-packages/airflow/example_dags/example_branch_operator.py for tasks to queue
[2022-07-22 22:09:14,333] {logging_mixin.py:109} INFO - [2022-07-22 22:09:14,333] {dagbag.py:500} INFO - Filling up the DagBag from /home/airflow/.local/lib/python3.7/site-packages/airflow/example_dags/example_branch_operator.py
[2022-07-22 22:09:14,360] {processor.py:654} INFO - DAG(s) dict_keys(['example_branch_operator']) retrieved from /home/airflow/.local/lib/python3.7/site-packages/airflow/example_dags/example_branch_operator.py
[2022-07-22 22:09:14,370] {logging_mixin.py:109} INFO - [2022-07-22 22:09:14,370] {dag.py:2396} INFO - Sync 1 DAGs
[2022-07-22 22:09:14,385] {logging_mixin.py:109} INFO - [2022-07-22 22:09:14,385] {dag.py:2935} INFO - Setting next_dagrun for example_branch_operator to 2022-07-21 00:00:00+00:00
[2022-07-22 22:09:14,393] {processor.py:171} INFO - Processing /home/airflow/.local/lib/python3.7/site-packages/airflow/example_dags/example_branch_operator.py took 0.064 seconds
[2022-07-22 22:09:44,477] {processor.py:163} INFO - Started process (PID=1497) to work on /home/airflow/.local/lib/python3.7/site-packages/airflow/example_dags/example_branch_operator.py
[2022-07-22 22:09:44,478] {processor.py:642} INFO - Processing file /home/airflow/.local/lib/python3.7/site-packages/airflow/example_dags/example_branch_operator.py for tasks to queue
[2022-07-22 22:09:44,478] {logging_mixin.py:109} INFO - [2022-07-22 22:09:44,478] {dagbag.py:500} INFO - Filling up the DagBag from /home/airflow/.local/lib/python3.7/site-packages/airflow/example_dags/example_branch_operator.py
[2022-07-22 22:09:44,505] {processor.py:654} INFO - DAG(s) dict_keys(['example_branch_operator']) retrieved from /home/airflow/.local/lib/python3.7/site-packages/airflow/example_dags/example_branch_operator.py
[2022-07-22 22:09:44,517] {logging_mixin.py:109} INFO - [2022-07-22 22:09:44,517] {dag.py:2396} INFO - Sync 1 DAGs
[2022-07-22 22:09:44,536] {logging_mixin.py:109} INFO - [2022-07-22 22:09:44,536] {dag.py:2935} INFO - Setting next_dagrun for example_branch_operator to 2022-07-21 00:00:00+00:00
[2022-07-22 22:09:44,546] {processor.py:171} INFO - Processing /home/airflow/.local/lib/python3.7/site-packages/airflow/example_dags/example_branch_operator.py took 0.071 seconds
[2022-07-22 22:10:15,506] {processor.py:163} INFO - Started process (PID=1547) to work on /home/airflow/.local/lib/python3.7/site-packages/airflow/example_dags/example_branch_operator.py
[2022-07-22 22:10:15,507] {processor.py:642} INFO - Processing file /home/airflow/.local/lib/python3.7/site-packages/airflow/example_dags/example_branch_operator.py for tasks to queue
[2022-07-22 22:10:15,507] {logging_mixin.py:109} INFO - [2022-07-22 22:10:15,507] {dagbag.py:500} INFO - Filling up the DagBag from /home/airflow/.local/lib/python3.7/site-packages/airflow/example_dags/example_branch_operator.py
[2022-07-22 22:10:15,526] {processor.py:654} INFO - DAG(s) dict_keys(['example_branch_operator']) retrieved from /home/airflow/.local/lib/python3.7/site-packages/airflow/example_dags/example_branch_operator.py
[2022-07-22 22:10:15,533] {logging_mixin.py:109} INFO - [2022-07-22 22:10:15,533] {dag.py:2396} INFO - Sync 1 DAGs
[2022-07-22 22:10:15,545] {logging_mixin.py:109} INFO - [2022-07-22 22:10:15,545] {dag.py:2935} INFO - Setting next_dagrun for example_branch_operator to 2022-07-21 00:00:00+00:00
[2022-07-22 22:10:15,550] {processor.py:171} INFO - Processing /home/airflow/.local/lib/python3.7/site-packages/airflow/example_dags/example_branch_operator.py took 0.046 seconds
[2022-07-22 22:10:46,122] {processor.py:163} INFO - Started process (PID=1606) to work on /home/airflow/.local/lib/python3.7/site-packages/airflow/example_dags/example_branch_operator.py
[2022-07-22 22:10:46,123] {processor.py:642} INFO - Processing file /home/airflow/.local/lib/python3.7/site-packages/airflow/example_dags/example_branch_operator.py for tasks to queue
[2022-07-22 22:10:46,123] {logging_mixin.py:109} INFO - [2022-07-22 22:10:46,123] {dagbag.py:500} INFO - Filling up the DagBag from /home/airflow/.local/lib/python3.7/site-packages/airflow/example_dags/example_branch_operator.py
[2022-07-22 22:10:46,145] {processor.py:654} INFO - DAG(s) dict_keys(['example_branch_operator']) retrieved from /home/airflow/.local/lib/python3.7/site-packages/airflow/example_dags/example_branch_operator.py
[2022-07-22 22:10:46,154] {logging_mixin.py:109} INFO - [2022-07-22 22:10:46,154] {dag.py:2396} INFO - Sync 1 DAGs
[2022-07-22 22:10:46,167] {logging_mixin.py:109} INFO - [2022-07-22 22:10:46,167] {dag.py:2935} INFO - Setting next_dagrun for example_branch_operator to 2022-07-21 00:00:00+00:00
[2022-07-22 22:10:46,173] {processor.py:171} INFO - Processing /home/airflow/.local/lib/python3.7/site-packages/airflow/example_dags/example_branch_operator.py took 0.053 seconds
[2022-07-22 22:11:17,072] {processor.py:163} INFO - Started process (PID=1656) to work on /home/airflow/.local/lib/python3.7/site-packages/airflow/example_dags/example_branch_operator.py
[2022-07-22 22:11:17,073] {processor.py:642} INFO - Processing file /home/airflow/.local/lib/python3.7/site-packages/airflow/example_dags/example_branch_operator.py for tasks to queue
[2022-07-22 22:11:17,073] {logging_mixin.py:109} INFO - [2022-07-22 22:11:17,073] {dagbag.py:500} INFO - Filling up the DagBag from /home/airflow/.local/lib/python3.7/site-packages/airflow/example_dags/example_branch_operator.py
[2022-07-22 22:11:17,093] {processor.py:654} INFO - DAG(s) dict_keys(['example_branch_operator']) retrieved from /home/airflow/.local/lib/python3.7/site-packages/airflow/example_dags/example_branch_operator.py
[2022-07-22 22:11:17,101] {logging_mixin.py:109} INFO - [2022-07-22 22:11:17,101] {dag.py:2396} INFO - Sync 1 DAGs
[2022-07-22 22:11:17,112] {logging_mixin.py:109} INFO - [2022-07-22 22:11:17,112] {dag.py:2935} INFO - Setting next_dagrun for example_branch_operator to 2022-07-21 00:00:00+00:00
[2022-07-22 22:11:17,118] {processor.py:171} INFO - Processing /home/airflow/.local/lib/python3.7/site-packages/airflow/example_dags/example_branch_operator.py took 0.047 seconds
[2022-07-22 22:11:47,825] {processor.py:163} INFO - Started process (PID=1715) to work on /home/airflow/.local/lib/python3.7/site-packages/airflow/example_dags/example_branch_operator.py
[2022-07-22 22:11:47,826] {processor.py:642} INFO - Processing file /home/airflow/.local/lib/python3.7/site-packages/airflow/example_dags/example_branch_operator.py for tasks to queue
[2022-07-22 22:11:47,826] {logging_mixin.py:109} INFO - [2022-07-22 22:11:47,826] {dagbag.py:500} INFO - Filling up the DagBag from /home/airflow/.local/lib/python3.7/site-packages/airflow/example_dags/example_branch_operator.py
[2022-07-22 22:11:47,845] {processor.py:654} INFO - DAG(s) dict_keys(['example_branch_operator']) retrieved from /home/airflow/.local/lib/python3.7/site-packages/airflow/example_dags/example_branch_operator.py
[2022-07-22 22:11:47,853] {logging_mixin.py:109} INFO - [2022-07-22 22:11:47,853] {dag.py:2396} INFO - Sync 1 DAGs
[2022-07-22 22:11:47,865] {logging_mixin.py:109} INFO - [2022-07-22 22:11:47,865] {dag.py:2935} INFO - Setting next_dagrun for example_branch_operator to 2022-07-21 00:00:00+00:00
[2022-07-22 22:11:47,871] {processor.py:171} INFO - Processing /home/airflow/.local/lib/python3.7/site-packages/airflow/example_dags/example_branch_operator.py took 0.047 seconds
[2022-07-22 22:12:18,742] {processor.py:163} INFO - Started process (PID=1774) to work on /home/airflow/.local/lib/python3.7/site-packages/airflow/example_dags/example_branch_operator.py
[2022-07-22 22:12:18,743] {processor.py:642} INFO - Processing file /home/airflow/.local/lib/python3.7/site-packages/airflow/example_dags/example_branch_operator.py for tasks to queue
[2022-07-22 22:12:18,743] {logging_mixin.py:109} INFO - [2022-07-22 22:12:18,743] {dagbag.py:500} INFO - Filling up the DagBag from /home/airflow/.local/lib/python3.7/site-packages/airflow/example_dags/example_branch_operator.py
[2022-07-22 22:12:18,765] {processor.py:654} INFO - DAG(s) dict_keys(['example_branch_operator']) retrieved from /home/airflow/.local/lib/python3.7/site-packages/airflow/example_dags/example_branch_operator.py
[2022-07-22 22:12:18,774] {logging_mixin.py:109} INFO - [2022-07-22 22:12:18,774] {dag.py:2396} INFO - Sync 1 DAGs
[2022-07-22 22:12:18,787] {logging_mixin.py:109} INFO - [2022-07-22 22:12:18,787] {dag.py:2935} INFO - Setting next_dagrun for example_branch_operator to 2022-07-21 00:00:00+00:00
[2022-07-22 22:12:18,794] {processor.py:171} INFO - Processing /home/airflow/.local/lib/python3.7/site-packages/airflow/example_dags/example_branch_operator.py took 0.054 seconds
[2022-07-22 22:12:49,502] {processor.py:163} INFO - Started process (PID=1824) to work on /home/airflow/.local/lib/python3.7/site-packages/airflow/example_dags/example_branch_operator.py
[2022-07-22 22:12:49,502] {processor.py:642} INFO - Processing file /home/airflow/.local/lib/python3.7/site-packages/airflow/example_dags/example_branch_operator.py for tasks to queue
[2022-07-22 22:12:49,503] {logging_mixin.py:109} INFO - [2022-07-22 22:12:49,503] {dagbag.py:500} INFO - Filling up the DagBag from /home/airflow/.local/lib/python3.7/site-packages/airflow/example_dags/example_branch_operator.py
[2022-07-22 22:12:49,525] {processor.py:654} INFO - DAG(s) dict_keys(['example_branch_operator']) retrieved from /home/airflow/.local/lib/python3.7/site-packages/airflow/example_dags/example_branch_operator.py
[2022-07-22 22:12:49,533] {logging_mixin.py:109} INFO - [2022-07-22 22:12:49,533] {dag.py:2396} INFO - Sync 1 DAGs
[2022-07-22 22:12:49,548] {logging_mixin.py:109} INFO - [2022-07-22 22:12:49,548] {dag.py:2935} INFO - Setting next_dagrun for example_branch_operator to 2022-07-21 00:00:00+00:00
[2022-07-22 22:12:49,555] {processor.py:171} INFO - Processing /home/airflow/.local/lib/python3.7/site-packages/airflow/example_dags/example_branch_operator.py took 0.056 seconds
[2022-07-22 22:13:20,476] {processor.py:163} INFO - Started process (PID=1883) to work on /home/airflow/.local/lib/python3.7/site-packages/airflow/example_dags/example_branch_operator.py
[2022-07-22 22:13:20,476] {processor.py:642} INFO - Processing file /home/airflow/.local/lib/python3.7/site-packages/airflow/example_dags/example_branch_operator.py for tasks to queue
[2022-07-22 22:13:20,477] {logging_mixin.py:109} INFO - [2022-07-22 22:13:20,477] {dagbag.py:500} INFO - Filling up the DagBag from /home/airflow/.local/lib/python3.7/site-packages/airflow/example_dags/example_branch_operator.py
[2022-07-22 22:13:20,496] {processor.py:654} INFO - DAG(s) dict_keys(['example_branch_operator']) retrieved from /home/airflow/.local/lib/python3.7/site-packages/airflow/example_dags/example_branch_operator.py
[2022-07-22 22:13:20,503] {logging_mixin.py:109} INFO - [2022-07-22 22:13:20,503] {dag.py:2396} INFO - Sync 1 DAGs
[2022-07-22 22:13:20,515] {logging_mixin.py:109} INFO - [2022-07-22 22:13:20,515] {dag.py:2935} INFO - Setting next_dagrun for example_branch_operator to 2022-07-21 00:00:00+00:00
[2022-07-22 22:13:20,520] {processor.py:171} INFO - Processing /home/airflow/.local/lib/python3.7/site-packages/airflow/example_dags/example_branch_operator.py took 0.047 seconds
[2022-07-22 22:13:51,036] {processor.py:163} INFO - Started process (PID=1933) to work on /home/airflow/.local/lib/python3.7/site-packages/airflow/example_dags/example_branch_operator.py
[2022-07-22 22:13:51,037] {processor.py:642} INFO - Processing file /home/airflow/.local/lib/python3.7/site-packages/airflow/example_dags/example_branch_operator.py for tasks to queue
[2022-07-22 22:13:51,037] {logging_mixin.py:109} INFO - [2022-07-22 22:13:51,037] {dagbag.py:500} INFO - Filling up the DagBag from /home/airflow/.local/lib/python3.7/site-packages/airflow/example_dags/example_branch_operator.py
[2022-07-22 22:13:51,056] {processor.py:654} INFO - DAG(s) dict_keys(['example_branch_operator']) retrieved from /home/airflow/.local/lib/python3.7/site-packages/airflow/example_dags/example_branch_operator.py
[2022-07-22 22:13:51,063] {logging_mixin.py:109} INFO - [2022-07-22 22:13:51,063] {dag.py:2396} INFO - Sync 1 DAGs
[2022-07-22 22:13:51,075] {logging_mixin.py:109} INFO - [2022-07-22 22:13:51,075] {dag.py:2935} INFO - Setting next_dagrun for example_branch_operator to 2022-07-21 00:00:00+00:00
[2022-07-22 22:13:51,081] {processor.py:171} INFO - Processing /home/airflow/.local/lib/python3.7/site-packages/airflow/example_dags/example_branch_operator.py took 0.047 seconds
[2022-07-22 22:14:21,746] {processor.py:163} INFO - Started process (PID=1992) to work on /home/airflow/.local/lib/python3.7/site-packages/airflow/example_dags/example_branch_operator.py
[2022-07-22 22:14:21,747] {processor.py:642} INFO - Processing file /home/airflow/.local/lib/python3.7/site-packages/airflow/example_dags/example_branch_operator.py for tasks to queue
[2022-07-22 22:14:21,748] {logging_mixin.py:109} INFO - [2022-07-22 22:14:21,748] {dagbag.py:500} INFO - Filling up the DagBag from /home/airflow/.local/lib/python3.7/site-packages/airflow/example_dags/example_branch_operator.py
[2022-07-22 22:14:21,767] {processor.py:654} INFO - DAG(s) dict_keys(['example_branch_operator']) retrieved from /home/airflow/.local/lib/python3.7/site-packages/airflow/example_dags/example_branch_operator.py
[2022-07-22 22:14:21,774] {logging_mixin.py:109} INFO - [2022-07-22 22:14:21,774] {dag.py:2396} INFO - Sync 1 DAGs
[2022-07-22 22:14:21,786] {logging_mixin.py:109} INFO - [2022-07-22 22:14:21,785] {dag.py:2935} INFO - Setting next_dagrun for example_branch_operator to 2022-07-21 00:00:00+00:00
[2022-07-22 22:14:21,791] {processor.py:171} INFO - Processing /home/airflow/.local/lib/python3.7/site-packages/airflow/example_dags/example_branch_operator.py took 0.047 seconds
[2022-07-22 22:14:52,311] {processor.py:163} INFO - Started process (PID=2052) to work on /home/airflow/.local/lib/python3.7/site-packages/airflow/example_dags/example_branch_operator.py
[2022-07-22 22:14:52,312] {processor.py:642} INFO - Processing file /home/airflow/.local/lib/python3.7/site-packages/airflow/example_dags/example_branch_operator.py for tasks to queue
[2022-07-22 22:14:52,312] {logging_mixin.py:109} INFO - [2022-07-22 22:14:52,312] {dagbag.py:500} INFO - Filling up the DagBag from /home/airflow/.local/lib/python3.7/site-packages/airflow/example_dags/example_branch_operator.py
[2022-07-22 22:14:52,331] {processor.py:654} INFO - DAG(s) dict_keys(['example_branch_operator']) retrieved from /home/airflow/.local/lib/python3.7/site-packages/airflow/example_dags/example_branch_operator.py
[2022-07-22 22:14:52,339] {logging_mixin.py:109} INFO - [2022-07-22 22:14:52,339] {dag.py:2396} INFO - Sync 1 DAGs
[2022-07-22 22:14:52,351] {logging_mixin.py:109} INFO - [2022-07-22 22:14:52,351] {dag.py:2935} INFO - Setting next_dagrun for example_branch_operator to 2022-07-21 00:00:00+00:00
[2022-07-22 22:14:52,356] {processor.py:171} INFO - Processing /home/airflow/.local/lib/python3.7/site-packages/airflow/example_dags/example_branch_operator.py took 0.047 seconds
[2022-07-22 22:15:22,870] {processor.py:163} INFO - Started process (PID=2102) to work on /home/airflow/.local/lib/python3.7/site-packages/airflow/example_dags/example_branch_operator.py
[2022-07-22 22:15:22,871] {processor.py:642} INFO - Processing file /home/airflow/.local/lib/python3.7/site-packages/airflow/example_dags/example_branch_operator.py for tasks to queue
[2022-07-22 22:15:22,871] {logging_mixin.py:109} INFO - [2022-07-22 22:15:22,871] {dagbag.py:500} INFO - Filling up the DagBag from /home/airflow/.local/lib/python3.7/site-packages/airflow/example_dags/example_branch_operator.py
[2022-07-22 22:15:22,892] {processor.py:654} INFO - DAG(s) dict_keys(['example_branch_operator']) retrieved from /home/airflow/.local/lib/python3.7/site-packages/airflow/example_dags/example_branch_operator.py
[2022-07-22 22:15:22,901] {logging_mixin.py:109} INFO - [2022-07-22 22:15:22,900] {dag.py:2396} INFO - Sync 1 DAGs
[2022-07-22 22:15:22,913] {logging_mixin.py:109} INFO - [2022-07-22 22:15:22,913] {dag.py:2935} INFO - Setting next_dagrun for example_branch_operator to 2022-07-21 00:00:00+00:00
[2022-07-22 22:15:22,919] {processor.py:171} INFO - Processing /home/airflow/.local/lib/python3.7/site-packages/airflow/example_dags/example_branch_operator.py took 0.051 seconds
[2022-07-22 22:15:53,595] {processor.py:163} INFO - Started process (PID=2161) to work on /home/airflow/.local/lib/python3.7/site-packages/airflow/example_dags/example_branch_operator.py
[2022-07-22 22:15:53,596] {processor.py:642} INFO - Processing file /home/airflow/.local/lib/python3.7/site-packages/airflow/example_dags/example_branch_operator.py for tasks to queue
[2022-07-22 22:15:53,596] {logging_mixin.py:109} INFO - [2022-07-22 22:15:53,596] {dagbag.py:500} INFO - Filling up the DagBag from /home/airflow/.local/lib/python3.7/site-packages/airflow/example_dags/example_branch_operator.py
[2022-07-22 22:15:53,615] {processor.py:654} INFO - DAG(s) dict_keys(['example_branch_operator']) retrieved from /home/airflow/.local/lib/python3.7/site-packages/airflow/example_dags/example_branch_operator.py
[2022-07-22 22:15:53,622] {logging_mixin.py:109} INFO - [2022-07-22 22:15:53,622] {dag.py:2396} INFO - Sync 1 DAGs
[2022-07-22 22:15:53,634] {logging_mixin.py:109} INFO - [2022-07-22 22:15:53,634] {dag.py:2935} INFO - Setting next_dagrun for example_branch_operator to 2022-07-21 00:00:00+00:00
[2022-07-22 22:15:53,639] {processor.py:171} INFO - Processing /home/airflow/.local/lib/python3.7/site-packages/airflow/example_dags/example_branch_operator.py took 0.046 seconds
[2022-07-22 22:16:24,224] {processor.py:163} INFO - Started process (PID=2211) to work on /home/airflow/.local/lib/python3.7/site-packages/airflow/example_dags/example_branch_operator.py
[2022-07-22 22:16:24,225] {processor.py:642} INFO - Processing file /home/airflow/.local/lib/python3.7/site-packages/airflow/example_dags/example_branch_operator.py for tasks to queue
[2022-07-22 22:16:24,225] {logging_mixin.py:109} INFO - [2022-07-22 22:16:24,225] {dagbag.py:500} INFO - Filling up the DagBag from /home/airflow/.local/lib/python3.7/site-packages/airflow/example_dags/example_branch_operator.py
[2022-07-22 22:16:24,244] {processor.py:654} INFO - DAG(s) dict_keys(['example_branch_operator']) retrieved from /home/airflow/.local/lib/python3.7/site-packages/airflow/example_dags/example_branch_operator.py
[2022-07-22 22:16:24,252] {logging_mixin.py:109} INFO - [2022-07-22 22:16:24,252] {dag.py:2396} INFO - Sync 1 DAGs
[2022-07-22 22:16:24,263] {logging_mixin.py:109} INFO - [2022-07-22 22:16:24,263] {dag.py:2935} INFO - Setting next_dagrun for example_branch_operator to 2022-07-21 00:00:00+00:00
[2022-07-22 22:16:24,269] {processor.py:171} INFO - Processing /home/airflow/.local/lib/python3.7/site-packages/airflow/example_dags/example_branch_operator.py took 0.047 seconds
[2022-07-22 22:16:54,641] {processor.py:163} INFO - Started process (PID=2270) to work on /home/airflow/.local/lib/python3.7/site-packages/airflow/example_dags/example_branch_operator.py
[2022-07-22 22:16:54,642] {processor.py:642} INFO - Processing file /home/airflow/.local/lib/python3.7/site-packages/airflow/example_dags/example_branch_operator.py for tasks to queue
[2022-07-22 22:16:54,642] {logging_mixin.py:109} INFO - [2022-07-22 22:16:54,642] {dagbag.py:500} INFO - Filling up the DagBag from /home/airflow/.local/lib/python3.7/site-packages/airflow/example_dags/example_branch_operator.py
[2022-07-22 22:16:54,661] {processor.py:654} INFO - DAG(s) dict_keys(['example_branch_operator']) retrieved from /home/airflow/.local/lib/python3.7/site-packages/airflow/example_dags/example_branch_operator.py
[2022-07-22 22:16:54,668] {logging_mixin.py:109} INFO - [2022-07-22 22:16:54,668] {dag.py:2396} INFO - Sync 1 DAGs
[2022-07-22 22:16:54,680] {logging_mixin.py:109} INFO - [2022-07-22 22:16:54,680] {dag.py:2935} INFO - Setting next_dagrun for example_branch_operator to 2022-07-21 00:00:00+00:00
[2022-07-22 22:16:54,685] {processor.py:171} INFO - Processing /home/airflow/.local/lib/python3.7/site-packages/airflow/example_dags/example_branch_operator.py took 0.046 seconds
[2022-07-22 22:17:25,241] {processor.py:163} INFO - Started process (PID=2327) to work on /home/airflow/.local/lib/python3.7/site-packages/airflow/example_dags/example_branch_operator.py
[2022-07-22 22:17:25,242] {processor.py:642} INFO - Processing file /home/airflow/.local/lib/python3.7/site-packages/airflow/example_dags/example_branch_operator.py for tasks to queue
[2022-07-22 22:17:25,242] {logging_mixin.py:109} INFO - [2022-07-22 22:17:25,242] {dagbag.py:500} INFO - Filling up the DagBag from /home/airflow/.local/lib/python3.7/site-packages/airflow/example_dags/example_branch_operator.py
[2022-07-22 22:17:25,262] {processor.py:654} INFO - DAG(s) dict_keys(['example_branch_operator']) retrieved from /home/airflow/.local/lib/python3.7/site-packages/airflow/example_dags/example_branch_operator.py
[2022-07-22 22:17:25,270] {logging_mixin.py:109} INFO - [2022-07-22 22:17:25,270] {dag.py:2396} INFO - Sync 1 DAGs
[2022-07-22 22:17:25,283] {logging_mixin.py:109} INFO - [2022-07-22 22:17:25,283] {dag.py:2935} INFO - Setting next_dagrun for example_branch_operator to 2022-07-21 00:00:00+00:00
[2022-07-22 22:17:25,289] {processor.py:171} INFO - Processing /home/airflow/.local/lib/python3.7/site-packages/airflow/example_dags/example_branch_operator.py took 0.050 seconds
[2022-07-22 22:17:56,119] {processor.py:163} INFO - Started process (PID=2379) to work on /home/airflow/.local/lib/python3.7/site-packages/airflow/example_dags/example_branch_operator.py
[2022-07-22 22:17:56,119] {processor.py:642} INFO - Processing file /home/airflow/.local/lib/python3.7/site-packages/airflow/example_dags/example_branch_operator.py for tasks to queue
[2022-07-22 22:17:56,120] {logging_mixin.py:109} INFO - [2022-07-22 22:17:56,120] {dagbag.py:500} INFO - Filling up the DagBag from /home/airflow/.local/lib/python3.7/site-packages/airflow/example_dags/example_branch_operator.py
[2022-07-22 22:17:56,140] {processor.py:654} INFO - DAG(s) dict_keys(['example_branch_operator']) retrieved from /home/airflow/.local/lib/python3.7/site-packages/airflow/example_dags/example_branch_operator.py
[2022-07-22 22:17:56,147] {logging_mixin.py:109} INFO - [2022-07-22 22:17:56,147] {dag.py:2396} INFO - Sync 1 DAGs
[2022-07-22 22:17:56,160] {logging_mixin.py:109} INFO - [2022-07-22 22:17:56,160] {dag.py:2935} INFO - Setting next_dagrun for example_branch_operator to 2022-07-21 00:00:00+00:00
[2022-07-22 22:17:56,166] {processor.py:171} INFO - Processing /home/airflow/.local/lib/python3.7/site-packages/airflow/example_dags/example_branch_operator.py took 0.049 seconds
[2022-07-22 22:18:26,750] {processor.py:163} INFO - Started process (PID=2438) to work on /home/airflow/.local/lib/python3.7/site-packages/airflow/example_dags/example_branch_operator.py
[2022-07-22 22:18:26,751] {processor.py:642} INFO - Processing file /home/airflow/.local/lib/python3.7/site-packages/airflow/example_dags/example_branch_operator.py for tasks to queue
[2022-07-22 22:18:26,751] {logging_mixin.py:109} INFO - [2022-07-22 22:18:26,751] {dagbag.py:500} INFO - Filling up the DagBag from /home/airflow/.local/lib/python3.7/site-packages/airflow/example_dags/example_branch_operator.py
[2022-07-22 22:18:26,770] {processor.py:654} INFO - DAG(s) dict_keys(['example_branch_operator']) retrieved from /home/airflow/.local/lib/python3.7/site-packages/airflow/example_dags/example_branch_operator.py
[2022-07-22 22:18:26,777] {logging_mixin.py:109} INFO - [2022-07-22 22:18:26,777] {dag.py:2396} INFO - Sync 1 DAGs
[2022-07-22 22:18:26,789] {logging_mixin.py:109} INFO - [2022-07-22 22:18:26,789] {dag.py:2935} INFO - Setting next_dagrun for example_branch_operator to 2022-07-21 00:00:00+00:00
[2022-07-22 22:18:26,795] {processor.py:171} INFO - Processing /home/airflow/.local/lib/python3.7/site-packages/airflow/example_dags/example_branch_operator.py took 0.047 seconds
[2022-07-22 22:18:57,503] {processor.py:163} INFO - Started process (PID=2488) to work on /home/airflow/.local/lib/python3.7/site-packages/airflow/example_dags/example_branch_operator.py
[2022-07-22 22:18:57,503] {processor.py:642} INFO - Processing file /home/airflow/.local/lib/python3.7/site-packages/airflow/example_dags/example_branch_operator.py for tasks to queue
[2022-07-22 22:18:57,504] {logging_mixin.py:109} INFO - [2022-07-22 22:18:57,504] {dagbag.py:500} INFO - Filling up the DagBag from /home/airflow/.local/lib/python3.7/site-packages/airflow/example_dags/example_branch_operator.py
[2022-07-22 22:18:57,523] {processor.py:654} INFO - DAG(s) dict_keys(['example_branch_operator']) retrieved from /home/airflow/.local/lib/python3.7/site-packages/airflow/example_dags/example_branch_operator.py
[2022-07-22 22:18:57,531] {logging_mixin.py:109} INFO - [2022-07-22 22:18:57,531] {dag.py:2396} INFO - Sync 1 DAGs
[2022-07-22 22:18:57,544] {logging_mixin.py:109} INFO - [2022-07-22 22:18:57,544] {dag.py:2935} INFO - Setting next_dagrun for example_branch_operator to 2022-07-21 00:00:00+00:00
[2022-07-22 22:18:57,550] {processor.py:171} INFO - Processing /home/airflow/.local/lib/python3.7/site-packages/airflow/example_dags/example_branch_operator.py took 0.049 seconds
[2022-07-22 22:19:28,376] {processor.py:163} INFO - Started process (PID=2547) to work on /home/airflow/.local/lib/python3.7/site-packages/airflow/example_dags/example_branch_operator.py
[2022-07-22 22:19:28,377] {processor.py:642} INFO - Processing file /home/airflow/.local/lib/python3.7/site-packages/airflow/example_dags/example_branch_operator.py for tasks to queue
[2022-07-22 22:19:28,377] {logging_mixin.py:109} INFO - [2022-07-22 22:19:28,377] {dagbag.py:500} INFO - Filling up the DagBag from /home/airflow/.local/lib/python3.7/site-packages/airflow/example_dags/example_branch_operator.py
[2022-07-22 22:19:28,396] {processor.py:654} INFO - DAG(s) dict_keys(['example_branch_operator']) retrieved from /home/airflow/.local/lib/python3.7/site-packages/airflow/example_dags/example_branch_operator.py
[2022-07-22 22:19:28,404] {logging_mixin.py:109} INFO - [2022-07-22 22:19:28,403] {dag.py:2396} INFO - Sync 1 DAGs
[2022-07-22 22:19:28,416] {logging_mixin.py:109} INFO - [2022-07-22 22:19:28,416] {dag.py:2935} INFO - Setting next_dagrun for example_branch_operator to 2022-07-21 00:00:00+00:00
[2022-07-22 22:19:28,422] {processor.py:171} INFO - Processing /home/airflow/.local/lib/python3.7/site-packages/airflow/example_dags/example_branch_operator.py took 0.048 seconds
[2022-07-22 22:19:59,093] {processor.py:163} INFO - Started process (PID=2606) to work on /home/airflow/.local/lib/python3.7/site-packages/airflow/example_dags/example_branch_operator.py
[2022-07-22 22:19:59,094] {processor.py:642} INFO - Processing file /home/airflow/.local/lib/python3.7/site-packages/airflow/example_dags/example_branch_operator.py for tasks to queue
[2022-07-22 22:19:59,095] {logging_mixin.py:109} INFO - [2022-07-22 22:19:59,094] {dagbag.py:500} INFO - Filling up the DagBag from /home/airflow/.local/lib/python3.7/site-packages/airflow/example_dags/example_branch_operator.py
[2022-07-22 22:19:59,115] {processor.py:654} INFO - DAG(s) dict_keys(['example_branch_operator']) retrieved from /home/airflow/.local/lib/python3.7/site-packages/airflow/example_dags/example_branch_operator.py
[2022-07-22 22:19:59,123] {logging_mixin.py:109} INFO - [2022-07-22 22:19:59,123] {dag.py:2396} INFO - Sync 1 DAGs
[2022-07-22 22:19:59,137] {logging_mixin.py:109} INFO - [2022-07-22 22:19:59,137] {dag.py:2935} INFO - Setting next_dagrun for example_branch_operator to 2022-07-21 00:00:00+00:00
[2022-07-22 22:19:59,219] {processor.py:171} INFO - Processing /home/airflow/.local/lib/python3.7/site-packages/airflow/example_dags/example_branch_operator.py took 0.127 seconds
[2022-07-22 22:20:29,265] {processor.py:163} INFO - Started process (PID=2656) to work on /home/airflow/.local/lib/python3.7/site-packages/airflow/example_dags/example_branch_operator.py
[2022-07-22 22:20:29,266] {processor.py:642} INFO - Processing file /home/airflow/.local/lib/python3.7/site-packages/airflow/example_dags/example_branch_operator.py for tasks to queue
[2022-07-22 22:20:29,266] {logging_mixin.py:109} INFO - [2022-07-22 22:20:29,266] {dagbag.py:500} INFO - Filling up the DagBag from /home/airflow/.local/lib/python3.7/site-packages/airflow/example_dags/example_branch_operator.py
[2022-07-22 22:20:29,286] {processor.py:654} INFO - DAG(s) dict_keys(['example_branch_operator']) retrieved from /home/airflow/.local/lib/python3.7/site-packages/airflow/example_dags/example_branch_operator.py
[2022-07-22 22:20:29,293] {logging_mixin.py:109} INFO - [2022-07-22 22:20:29,293] {dag.py:2396} INFO - Sync 1 DAGs
[2022-07-22 22:20:29,375] {logging_mixin.py:109} INFO - [2022-07-22 22:20:29,375] {dag.py:2935} INFO - Setting next_dagrun for example_branch_operator to 2022-07-21 00:00:00+00:00
[2022-07-22 22:20:29,381] {processor.py:171} INFO - Processing /home/airflow/.local/lib/python3.7/site-packages/airflow/example_dags/example_branch_operator.py took 0.117 seconds
[2022-07-22 22:20:59,506] {processor.py:163} INFO - Started process (PID=2715) to work on /home/airflow/.local/lib/python3.7/site-packages/airflow/example_dags/example_branch_operator.py
[2022-07-22 22:20:59,507] {processor.py:642} INFO - Processing file /home/airflow/.local/lib/python3.7/site-packages/airflow/example_dags/example_branch_operator.py for tasks to queue
[2022-07-22 22:20:59,507] {logging_mixin.py:109} INFO - [2022-07-22 22:20:59,507] {dagbag.py:500} INFO - Filling up the DagBag from /home/airflow/.local/lib/python3.7/site-packages/airflow/example_dags/example_branch_operator.py
[2022-07-22 22:20:59,529] {processor.py:654} INFO - DAG(s) dict_keys(['example_branch_operator']) retrieved from /home/airflow/.local/lib/python3.7/site-packages/airflow/example_dags/example_branch_operator.py
[2022-07-22 22:20:59,539] {logging_mixin.py:109} INFO - [2022-07-22 22:20:59,539] {dag.py:2396} INFO - Sync 1 DAGs
[2022-07-22 22:20:59,630] {logging_mixin.py:109} INFO - [2022-07-22 22:20:59,630] {dag.py:2935} INFO - Setting next_dagrun for example_branch_operator to 2022-07-21 00:00:00+00:00
[2022-07-22 22:20:59,639] {processor.py:171} INFO - Processing /home/airflow/.local/lib/python3.7/site-packages/airflow/example_dags/example_branch_operator.py took 0.134 seconds
[2022-07-22 22:21:30,030] {processor.py:163} INFO - Started process (PID=2765) to work on /home/airflow/.local/lib/python3.7/site-packages/airflow/example_dags/example_branch_operator.py
[2022-07-22 22:21:30,031] {processor.py:642} INFO - Processing file /home/airflow/.local/lib/python3.7/site-packages/airflow/example_dags/example_branch_operator.py for tasks to queue
[2022-07-22 22:21:30,032] {logging_mixin.py:109} INFO - [2022-07-22 22:21:30,032] {dagbag.py:500} INFO - Filling up the DagBag from /home/airflow/.local/lib/python3.7/site-packages/airflow/example_dags/example_branch_operator.py
[2022-07-22 22:21:30,055] {processor.py:654} INFO - DAG(s) dict_keys(['example_branch_operator']) retrieved from /home/airflow/.local/lib/python3.7/site-packages/airflow/example_dags/example_branch_operator.py
[2022-07-22 22:21:30,064] {logging_mixin.py:109} INFO - [2022-07-22 22:21:30,064] {dag.py:2396} INFO - Sync 1 DAGs
[2022-07-22 22:21:30,149] {logging_mixin.py:109} INFO - [2022-07-22 22:21:30,149] {dag.py:2935} INFO - Setting next_dagrun for example_branch_operator to 2022-07-21 00:00:00+00:00
[2022-07-22 22:21:30,155] {processor.py:171} INFO - Processing /home/airflow/.local/lib/python3.7/site-packages/airflow/example_dags/example_branch_operator.py took 0.127 seconds
[2022-07-22 22:22:00,808] {processor.py:163} INFO - Started process (PID=2824) to work on /home/airflow/.local/lib/python3.7/site-packages/airflow/example_dags/example_branch_operator.py
[2022-07-22 22:22:00,809] {processor.py:642} INFO - Processing file /home/airflow/.local/lib/python3.7/site-packages/airflow/example_dags/example_branch_operator.py for tasks to queue
[2022-07-22 22:22:00,809] {logging_mixin.py:109} INFO - [2022-07-22 22:22:00,809] {dagbag.py:500} INFO - Filling up the DagBag from /home/airflow/.local/lib/python3.7/site-packages/airflow/example_dags/example_branch_operator.py
[2022-07-22 22:22:00,829] {processor.py:654} INFO - DAG(s) dict_keys(['example_branch_operator']) retrieved from /home/airflow/.local/lib/python3.7/site-packages/airflow/example_dags/example_branch_operator.py
[2022-07-22 22:22:00,908] {logging_mixin.py:109} INFO - [2022-07-22 22:22:00,908] {dag.py:2396} INFO - Sync 1 DAGs
[2022-07-22 22:22:00,919] {logging_mixin.py:109} INFO - [2022-07-22 22:22:00,919] {dag.py:2935} INFO - Setting next_dagrun for example_branch_operator to 2022-07-21 00:00:00+00:00
[2022-07-22 22:22:00,925] {processor.py:171} INFO - Processing /home/airflow/.local/lib/python3.7/site-packages/airflow/example_dags/example_branch_operator.py took 0.118 seconds
[2022-07-22 22:22:31,403] {processor.py:163} INFO - Started process (PID=2874) to work on /home/airflow/.local/lib/python3.7/site-packages/airflow/example_dags/example_branch_operator.py
[2022-07-22 22:22:31,403] {processor.py:642} INFO - Processing file /home/airflow/.local/lib/python3.7/site-packages/airflow/example_dags/example_branch_operator.py for tasks to queue
[2022-07-22 22:22:31,403] {logging_mixin.py:109} INFO - [2022-07-22 22:22:31,403] {dagbag.py:500} INFO - Filling up the DagBag from /home/airflow/.local/lib/python3.7/site-packages/airflow/example_dags/example_branch_operator.py
[2022-07-22 22:22:31,486] {processor.py:654} INFO - DAG(s) dict_keys(['example_branch_operator']) retrieved from /home/airflow/.local/lib/python3.7/site-packages/airflow/example_dags/example_branch_operator.py
[2022-07-22 22:22:31,493] {logging_mixin.py:109} INFO - [2022-07-22 22:22:31,493] {dag.py:2396} INFO - Sync 1 DAGs
[2022-07-22 22:22:31,504] {logging_mixin.py:109} INFO - [2022-07-22 22:22:31,504] {dag.py:2935} INFO - Setting next_dagrun for example_branch_operator to 2022-07-21 00:00:00+00:00
[2022-07-22 22:22:31,510] {processor.py:171} INFO - Processing /home/airflow/.local/lib/python3.7/site-packages/airflow/example_dags/example_branch_operator.py took 0.109 seconds
[2022-07-22 22:23:02,276] {processor.py:163} INFO - Started process (PID=2933) to work on /home/airflow/.local/lib/python3.7/site-packages/airflow/example_dags/example_branch_operator.py
[2022-07-22 22:23:02,277] {processor.py:642} INFO - Processing file /home/airflow/.local/lib/python3.7/site-packages/airflow/example_dags/example_branch_operator.py for tasks to queue
[2022-07-22 22:23:02,277] {logging_mixin.py:109} INFO - [2022-07-22 22:23:02,277] {dagbag.py:500} INFO - Filling up the DagBag from /home/airflow/.local/lib/python3.7/site-packages/airflow/example_dags/example_branch_operator.py
[2022-07-22 22:23:02,371] {processor.py:654} INFO - DAG(s) dict_keys(['example_branch_operator']) retrieved from /home/airflow/.local/lib/python3.7/site-packages/airflow/example_dags/example_branch_operator.py
[2022-07-22 22:23:02,378] {logging_mixin.py:109} INFO - [2022-07-22 22:23:02,378] {dag.py:2396} INFO - Sync 1 DAGs
[2022-07-22 22:23:02,389] {logging_mixin.py:109} INFO - [2022-07-22 22:23:02,389] {dag.py:2935} INFO - Setting next_dagrun for example_branch_operator to 2022-07-21 00:00:00+00:00
[2022-07-22 22:23:02,395] {processor.py:171} INFO - Processing /home/airflow/.local/lib/python3.7/site-packages/airflow/example_dags/example_branch_operator.py took 0.121 seconds
[2022-07-22 22:23:32,802] {processor.py:163} INFO - Started process (PID=2992) to work on /home/airflow/.local/lib/python3.7/site-packages/airflow/example_dags/example_branch_operator.py
[2022-07-22 22:23:32,802] {processor.py:642} INFO - Processing file /home/airflow/.local/lib/python3.7/site-packages/airflow/example_dags/example_branch_operator.py for tasks to queue
[2022-07-22 22:23:32,803] {logging_mixin.py:109} INFO - [2022-07-22 22:23:32,803] {dagbag.py:500} INFO - Filling up the DagBag from /home/airflow/.local/lib/python3.7/site-packages/airflow/example_dags/example_branch_operator.py
[2022-07-22 22:23:32,894] {processor.py:654} INFO - DAG(s) dict_keys(['example_branch_operator']) retrieved from /home/airflow/.local/lib/python3.7/site-packages/airflow/example_dags/example_branch_operator.py
[2022-07-22 22:23:32,901] {logging_mixin.py:109} INFO - [2022-07-22 22:23:32,901] {dag.py:2396} INFO - Sync 1 DAGs
[2022-07-22 22:23:32,912] {logging_mixin.py:109} INFO - [2022-07-22 22:23:32,912] {dag.py:2935} INFO - Setting next_dagrun for example_branch_operator to 2022-07-21 00:00:00+00:00
[2022-07-22 22:23:32,918] {processor.py:171} INFO - Processing /home/airflow/.local/lib/python3.7/site-packages/airflow/example_dags/example_branch_operator.py took 0.118 seconds
[2022-07-22 22:24:03,502] {processor.py:163} INFO - Started process (PID=3042) to work on /home/airflow/.local/lib/python3.7/site-packages/airflow/example_dags/example_branch_operator.py
[2022-07-22 22:24:03,503] {processor.py:642} INFO - Processing file /home/airflow/.local/lib/python3.7/site-packages/airflow/example_dags/example_branch_operator.py for tasks to queue
[2022-07-22 22:24:03,503] {logging_mixin.py:109} INFO - [2022-07-22 22:24:03,503] {dagbag.py:500} INFO - Filling up the DagBag from /home/airflow/.local/lib/python3.7/site-packages/airflow/example_dags/example_branch_operator.py
[2022-07-22 22:24:03,593] {processor.py:654} INFO - DAG(s) dict_keys(['example_branch_operator']) retrieved from /home/airflow/.local/lib/python3.7/site-packages/airflow/example_dags/example_branch_operator.py
[2022-07-22 22:24:03,600] {logging_mixin.py:109} INFO - [2022-07-22 22:24:03,600] {dag.py:2396} INFO - Sync 1 DAGs
[2022-07-22 22:24:03,612] {logging_mixin.py:109} INFO - [2022-07-22 22:24:03,612] {dag.py:2935} INFO - Setting next_dagrun for example_branch_operator to 2022-07-21 00:00:00+00:00
[2022-07-22 22:24:03,618] {processor.py:171} INFO - Processing /home/airflow/.local/lib/python3.7/site-packages/airflow/example_dags/example_branch_operator.py took 0.118 seconds
[2022-07-22 22:24:34,507] {processor.py:163} INFO - Started process (PID=3101) to work on /home/airflow/.local/lib/python3.7/site-packages/airflow/example_dags/example_branch_operator.py
[2022-07-22 22:24:34,507] {processor.py:642} INFO - Processing file /home/airflow/.local/lib/python3.7/site-packages/airflow/example_dags/example_branch_operator.py for tasks to queue
[2022-07-22 22:24:34,507] {logging_mixin.py:109} INFO - [2022-07-22 22:24:34,507] {dagbag.py:500} INFO - Filling up the DagBag from /home/airflow/.local/lib/python3.7/site-packages/airflow/example_dags/example_branch_operator.py
[2022-07-22 22:24:34,596] {processor.py:654} INFO - DAG(s) dict_keys(['example_branch_operator']) retrieved from /home/airflow/.local/lib/python3.7/site-packages/airflow/example_dags/example_branch_operator.py
[2022-07-22 22:24:34,604] {logging_mixin.py:109} INFO - [2022-07-22 22:24:34,604] {dag.py:2396} INFO - Sync 1 DAGs
[2022-07-22 22:24:34,616] {logging_mixin.py:109} INFO - [2022-07-22 22:24:34,616] {dag.py:2935} INFO - Setting next_dagrun for example_branch_operator to 2022-07-21 00:00:00+00:00
[2022-07-22 22:24:34,622] {processor.py:171} INFO - Processing /home/airflow/.local/lib/python3.7/site-packages/airflow/example_dags/example_branch_operator.py took 0.117 seconds
[2022-07-22 22:25:05,121] {processor.py:163} INFO - Started process (PID=3150) to work on /home/airflow/.local/lib/python3.7/site-packages/airflow/example_dags/example_branch_operator.py
[2022-07-22 22:25:05,122] {processor.py:642} INFO - Processing file /home/airflow/.local/lib/python3.7/site-packages/airflow/example_dags/example_branch_operator.py for tasks to queue
[2022-07-22 22:25:05,122] {logging_mixin.py:109} INFO - [2022-07-22 22:25:05,122] {dagbag.py:500} INFO - Filling up the DagBag from /home/airflow/.local/lib/python3.7/site-packages/airflow/example_dags/example_branch_operator.py
[2022-07-22 22:25:05,206] {processor.py:654} INFO - DAG(s) dict_keys(['example_branch_operator']) retrieved from /home/airflow/.local/lib/python3.7/site-packages/airflow/example_dags/example_branch_operator.py
[2022-07-22 22:25:05,214] {logging_mixin.py:109} INFO - [2022-07-22 22:25:05,214] {dag.py:2396} INFO - Sync 1 DAGs
[2022-07-22 22:25:05,225] {logging_mixin.py:109} INFO - [2022-07-22 22:25:05,225] {dag.py:2935} INFO - Setting next_dagrun for example_branch_operator to 2022-07-21 00:00:00+00:00
[2022-07-22 22:25:05,230] {processor.py:171} INFO - Processing /home/airflow/.local/lib/python3.7/site-packages/airflow/example_dags/example_branch_operator.py took 0.111 seconds
[2022-07-22 22:25:35,678] {processor.py:163} INFO - Started process (PID=3209) to work on /home/airflow/.local/lib/python3.7/site-packages/airflow/example_dags/example_branch_operator.py
[2022-07-22 22:25:35,679] {processor.py:642} INFO - Processing file /home/airflow/.local/lib/python3.7/site-packages/airflow/example_dags/example_branch_operator.py for tasks to queue
[2022-07-22 22:25:35,679] {logging_mixin.py:109} INFO - [2022-07-22 22:25:35,679] {dagbag.py:500} INFO - Filling up the DagBag from /home/airflow/.local/lib/python3.7/site-packages/airflow/example_dags/example_branch_operator.py
[2022-07-22 22:25:35,724] {processor.py:654} INFO - DAG(s) dict_keys(['example_branch_operator']) retrieved from /home/airflow/.local/lib/python3.7/site-packages/airflow/example_dags/example_branch_operator.py
[2022-07-22 22:25:35,732] {logging_mixin.py:109} INFO - [2022-07-22 22:25:35,732] {dag.py:2396} INFO - Sync 1 DAGs
[2022-07-22 22:25:35,744] {logging_mixin.py:109} INFO - [2022-07-22 22:25:35,744] {dag.py:2935} INFO - Setting next_dagrun for example_branch_operator to 2022-07-21 00:00:00+00:00
[2022-07-22 22:25:35,750] {processor.py:171} INFO - Processing /home/airflow/.local/lib/python3.7/site-packages/airflow/example_dags/example_branch_operator.py took 0.073 seconds
[2022-07-22 22:26:06,189] {processor.py:163} INFO - Started process (PID=3268) to work on /home/airflow/.local/lib/python3.7/site-packages/airflow/example_dags/example_branch_operator.py
[2022-07-22 22:26:06,190] {processor.py:642} INFO - Processing file /home/airflow/.local/lib/python3.7/site-packages/airflow/example_dags/example_branch_operator.py for tasks to queue
[2022-07-22 22:26:06,190] {logging_mixin.py:109} INFO - [2022-07-22 22:26:06,190] {dagbag.py:500} INFO - Filling up the DagBag from /home/airflow/.local/lib/python3.7/site-packages/airflow/example_dags/example_branch_operator.py
[2022-07-22 22:26:06,211] {processor.py:654} INFO - DAG(s) dict_keys(['example_branch_operator']) retrieved from /home/airflow/.local/lib/python3.7/site-packages/airflow/example_dags/example_branch_operator.py
[2022-07-22 22:26:06,220] {logging_mixin.py:109} INFO - [2022-07-22 22:26:06,220] {dag.py:2396} INFO - Sync 1 DAGs
[2022-07-22 22:26:06,232] {logging_mixin.py:109} INFO - [2022-07-22 22:26:06,232] {dag.py:2935} INFO - Setting next_dagrun for example_branch_operator to 2022-07-21 00:00:00+00:00
[2022-07-22 22:26:06,238] {processor.py:171} INFO - Processing /home/airflow/.local/lib/python3.7/site-packages/airflow/example_dags/example_branch_operator.py took 0.051 seconds
[2022-07-22 22:26:36,700] {processor.py:163} INFO - Started process (PID=3318) to work on /home/airflow/.local/lib/python3.7/site-packages/airflow/example_dags/example_branch_operator.py
[2022-07-22 22:26:36,701] {processor.py:642} INFO - Processing file /home/airflow/.local/lib/python3.7/site-packages/airflow/example_dags/example_branch_operator.py for tasks to queue
[2022-07-22 22:26:36,701] {logging_mixin.py:109} INFO - [2022-07-22 22:26:36,701] {dagbag.py:500} INFO - Filling up the DagBag from /home/airflow/.local/lib/python3.7/site-packages/airflow/example_dags/example_branch_operator.py
[2022-07-22 22:26:36,719] {processor.py:654} INFO - DAG(s) dict_keys(['example_branch_operator']) retrieved from /home/airflow/.local/lib/python3.7/site-packages/airflow/example_dags/example_branch_operator.py
[2022-07-22 22:26:36,726] {logging_mixin.py:109} INFO - [2022-07-22 22:26:36,726] {dag.py:2396} INFO - Sync 1 DAGs
[2022-07-22 22:26:36,738] {logging_mixin.py:109} INFO - [2022-07-22 22:26:36,738] {dag.py:2935} INFO - Setting next_dagrun for example_branch_operator to 2022-07-21 00:00:00+00:00
[2022-07-22 22:26:36,744] {processor.py:171} INFO - Processing /home/airflow/.local/lib/python3.7/site-packages/airflow/example_dags/example_branch_operator.py took 0.046 seconds
[2022-07-22 22:27:07,138] {processor.py:163} INFO - Started process (PID=3377) to work on /home/airflow/.local/lib/python3.7/site-packages/airflow/example_dags/example_branch_operator.py
[2022-07-22 22:27:07,139] {processor.py:642} INFO - Processing file /home/airflow/.local/lib/python3.7/site-packages/airflow/example_dags/example_branch_operator.py for tasks to queue
[2022-07-22 22:27:07,139] {logging_mixin.py:109} INFO - [2022-07-22 22:27:07,139] {dagbag.py:500} INFO - Filling up the DagBag from /home/airflow/.local/lib/python3.7/site-packages/airflow/example_dags/example_branch_operator.py
[2022-07-22 22:27:07,157] {processor.py:654} INFO - DAG(s) dict_keys(['example_branch_operator']) retrieved from /home/airflow/.local/lib/python3.7/site-packages/airflow/example_dags/example_branch_operator.py
[2022-07-22 22:27:07,164] {logging_mixin.py:109} INFO - [2022-07-22 22:27:07,164] {dag.py:2396} INFO - Sync 1 DAGs
[2022-07-22 22:27:07,176] {logging_mixin.py:109} INFO - [2022-07-22 22:27:07,176] {dag.py:2935} INFO - Setting next_dagrun for example_branch_operator to 2022-07-21 00:00:00+00:00
[2022-07-22 22:27:07,181] {processor.py:171} INFO - Processing /home/airflow/.local/lib/python3.7/site-packages/airflow/example_dags/example_branch_operator.py took 0.045 seconds
[2022-07-22 22:27:37,552] {processor.py:163} INFO - Started process (PID=3427) to work on /home/airflow/.local/lib/python3.7/site-packages/airflow/example_dags/example_branch_operator.py
[2022-07-22 22:27:37,553] {processor.py:642} INFO - Processing file /home/airflow/.local/lib/python3.7/site-packages/airflow/example_dags/example_branch_operator.py for tasks to queue
[2022-07-22 22:27:37,554] {logging_mixin.py:109} INFO - [2022-07-22 22:27:37,553] {dagbag.py:500} INFO - Filling up the DagBag from /home/airflow/.local/lib/python3.7/site-packages/airflow/example_dags/example_branch_operator.py
[2022-07-22 22:27:37,574] {processor.py:654} INFO - DAG(s) dict_keys(['example_branch_operator']) retrieved from /home/airflow/.local/lib/python3.7/site-packages/airflow/example_dags/example_branch_operator.py
[2022-07-22 22:27:37,581] {logging_mixin.py:109} INFO - [2022-07-22 22:27:37,581] {dag.py:2396} INFO - Sync 1 DAGs
[2022-07-22 22:27:37,593] {logging_mixin.py:109} INFO - [2022-07-22 22:27:37,592] {dag.py:2935} INFO - Setting next_dagrun for example_branch_operator to 2022-07-21 00:00:00+00:00
[2022-07-22 22:27:37,598] {processor.py:171} INFO - Processing /home/airflow/.local/lib/python3.7/site-packages/airflow/example_dags/example_branch_operator.py took 0.048 seconds
[2022-07-22 22:28:07,865] {processor.py:163} INFO - Started process (PID=3486) to work on /home/airflow/.local/lib/python3.7/site-packages/airflow/example_dags/example_branch_operator.py
[2022-07-22 22:28:07,865] {processor.py:642} INFO - Processing file /home/airflow/.local/lib/python3.7/site-packages/airflow/example_dags/example_branch_operator.py for tasks to queue
[2022-07-22 22:28:07,866] {logging_mixin.py:109} INFO - [2022-07-22 22:28:07,865] {dagbag.py:500} INFO - Filling up the DagBag from /home/airflow/.local/lib/python3.7/site-packages/airflow/example_dags/example_branch_operator.py
[2022-07-22 22:28:07,885] {processor.py:654} INFO - DAG(s) dict_keys(['example_branch_operator']) retrieved from /home/airflow/.local/lib/python3.7/site-packages/airflow/example_dags/example_branch_operator.py
[2022-07-22 22:28:07,893] {logging_mixin.py:109} INFO - [2022-07-22 22:28:07,893] {dag.py:2396} INFO - Sync 1 DAGs
[2022-07-22 22:28:07,904] {logging_mixin.py:109} INFO - [2022-07-22 22:28:07,904] {dag.py:2935} INFO - Setting next_dagrun for example_branch_operator to 2022-07-21 00:00:00+00:00
[2022-07-22 22:28:07,910] {processor.py:171} INFO - Processing /home/airflow/.local/lib/python3.7/site-packages/airflow/example_dags/example_branch_operator.py took 0.047 seconds
