[2022-07-22 21:54:16,276] {processor.py:163} INFO - Started process (PID=474) to work on /home/airflow/.local/lib/python3.7/site-packages/airflow/example_dags/example_xcom.py
[2022-07-22 21:54:16,277] {processor.py:642} INFO - Processing file /home/airflow/.local/lib/python3.7/site-packages/airflow/example_dags/example_xcom.py for tasks to queue
[2022-07-22 21:54:16,277] {logging_mixin.py:109} INFO - [2022-07-22 21:54:16,277] {dagbag.py:500} INFO - Filling up the DagBag from /home/airflow/.local/lib/python3.7/site-packages/airflow/example_dags/example_xcom.py
[2022-07-22 21:54:16,299] {processor.py:654} INFO - DAG(s) dict_keys(['example_xcom']) retrieved from /home/airflow/.local/lib/python3.7/site-packages/airflow/example_dags/example_xcom.py
[2022-07-22 21:54:17,773] {logging_mixin.py:109} INFO - [2022-07-22 21:54:17,773] {manager.py:496} INFO - Created Permission View: can read on DAG:example_xcom
[2022-07-22 21:54:17,778] {logging_mixin.py:109} INFO - [2022-07-22 21:54:17,778] {manager.py:496} INFO - Created Permission View: can edit on DAG:example_xcom
[2022-07-22 21:54:17,778] {logging_mixin.py:109} INFO - [2022-07-22 21:54:17,778] {dag.py:2396} INFO - Sync 1 DAGs
[2022-07-22 21:54:17,783] {logging_mixin.py:109} INFO - [2022-07-22 21:54:17,783] {dag.py:2415} INFO - Creating ORM DAG for example_xcom
[2022-07-22 21:54:17,788] {logging_mixin.py:109} INFO - [2022-07-22 21:54:17,788] {dag.py:2935} INFO - Setting next_dagrun for example_xcom to 2021-01-01T00:00:00+00:00
[2022-07-22 21:54:17,795] {processor.py:171} INFO - Processing /home/airflow/.local/lib/python3.7/site-packages/airflow/example_dags/example_xcom.py took 1.521 seconds
[2022-07-22 21:54:48,009] {processor.py:163} INFO - Started process (PID=629) to work on /home/airflow/.local/lib/python3.7/site-packages/airflow/example_dags/example_xcom.py
[2022-07-22 21:54:48,010] {processor.py:642} INFO - Processing file /home/airflow/.local/lib/python3.7/site-packages/airflow/example_dags/example_xcom.py for tasks to queue
[2022-07-22 21:54:48,010] {logging_mixin.py:109} INFO - [2022-07-22 21:54:48,010] {dagbag.py:500} INFO - Filling up the DagBag from /home/airflow/.local/lib/python3.7/site-packages/airflow/example_dags/example_xcom.py
[2022-07-22 21:54:48,031] {processor.py:654} INFO - DAG(s) dict_keys(['example_xcom']) retrieved from /home/airflow/.local/lib/python3.7/site-packages/airflow/example_dags/example_xcom.py
[2022-07-22 21:54:48,232] {logging_mixin.py:109} INFO - [2022-07-22 21:54:48,232] {dag.py:2396} INFO - Sync 1 DAGs
[2022-07-22 21:54:48,242] {logging_mixin.py:109} INFO - [2022-07-22 21:54:48,242] {dag.py:2935} INFO - Setting next_dagrun for example_xcom to 2021-01-01T00:00:00+00:00
[2022-07-22 21:54:48,249] {processor.py:171} INFO - Processing /home/airflow/.local/lib/python3.7/site-packages/airflow/example_dags/example_xcom.py took 0.242 seconds
[2022-07-22 21:55:18,269] {processor.py:163} INFO - Started process (PID=679) to work on /home/airflow/.local/lib/python3.7/site-packages/airflow/example_dags/example_xcom.py
[2022-07-22 21:55:18,270] {processor.py:642} INFO - Processing file /home/airflow/.local/lib/python3.7/site-packages/airflow/example_dags/example_xcom.py for tasks to queue
[2022-07-22 21:55:18,271] {logging_mixin.py:109} INFO - [2022-07-22 21:55:18,271] {dagbag.py:500} INFO - Filling up the DagBag from /home/airflow/.local/lib/python3.7/site-packages/airflow/example_dags/example_xcom.py
[2022-07-22 21:55:18,292] {processor.py:654} INFO - DAG(s) dict_keys(['example_xcom']) retrieved from /home/airflow/.local/lib/python3.7/site-packages/airflow/example_dags/example_xcom.py
[2022-07-22 21:55:18,499] {logging_mixin.py:109} INFO - [2022-07-22 21:55:18,499] {dag.py:2396} INFO - Sync 1 DAGs
[2022-07-22 21:55:18,509] {logging_mixin.py:109} INFO - [2022-07-22 21:55:18,508] {dag.py:2935} INFO - Setting next_dagrun for example_xcom to 2021-01-01T00:00:00+00:00
[2022-07-22 21:55:18,515] {processor.py:171} INFO - Processing /home/airflow/.local/lib/python3.7/site-packages/airflow/example_dags/example_xcom.py took 0.248 seconds
[2022-07-22 21:56:27,687] {processor.py:163} INFO - Started process (PID=72) to work on /home/airflow/.local/lib/python3.7/site-packages/airflow/example_dags/example_xcom.py
[2022-07-22 21:56:27,688] {processor.py:642} INFO - Processing file /home/airflow/.local/lib/python3.7/site-packages/airflow/example_dags/example_xcom.py for tasks to queue
[2022-07-22 21:56:27,689] {logging_mixin.py:109} INFO - [2022-07-22 21:56:27,689] {dagbag.py:500} INFO - Filling up the DagBag from /home/airflow/.local/lib/python3.7/site-packages/airflow/example_dags/example_xcom.py
[2022-07-22 21:56:27,711] {processor.py:654} INFO - DAG(s) dict_keys(['example_xcom']) retrieved from /home/airflow/.local/lib/python3.7/site-packages/airflow/example_dags/example_xcom.py
[2022-07-22 21:56:27,931] {logging_mixin.py:109} INFO - [2022-07-22 21:56:27,931] {dag.py:2396} INFO - Sync 1 DAGs
[2022-07-22 21:56:27,942] {logging_mixin.py:109} INFO - [2022-07-22 21:56:27,941] {dag.py:2935} INFO - Setting next_dagrun for example_xcom to 2021-01-01T00:00:00+00:00
[2022-07-22 21:56:27,949] {processor.py:171} INFO - Processing /home/airflow/.local/lib/python3.7/site-packages/airflow/example_dags/example_xcom.py took 0.263 seconds
[2022-07-22 21:56:58,406] {processor.py:163} INFO - Started process (PID=132) to work on /home/airflow/.local/lib/python3.7/site-packages/airflow/example_dags/example_xcom.py
[2022-07-22 21:56:58,407] {processor.py:642} INFO - Processing file /home/airflow/.local/lib/python3.7/site-packages/airflow/example_dags/example_xcom.py for tasks to queue
[2022-07-22 21:56:58,407] {logging_mixin.py:109} INFO - [2022-07-22 21:56:58,407] {dagbag.py:500} INFO - Filling up the DagBag from /home/airflow/.local/lib/python3.7/site-packages/airflow/example_dags/example_xcom.py
[2022-07-22 21:56:58,428] {processor.py:654} INFO - DAG(s) dict_keys(['example_xcom']) retrieved from /home/airflow/.local/lib/python3.7/site-packages/airflow/example_dags/example_xcom.py
[2022-07-22 21:56:58,636] {logging_mixin.py:109} INFO - [2022-07-22 21:56:58,636] {dag.py:2396} INFO - Sync 1 DAGs
[2022-07-22 21:56:58,646] {logging_mixin.py:109} INFO - [2022-07-22 21:56:58,646] {dag.py:2935} INFO - Setting next_dagrun for example_xcom to 2021-01-01T00:00:00+00:00
[2022-07-22 21:56:58,653] {processor.py:171} INFO - Processing /home/airflow/.local/lib/python3.7/site-packages/airflow/example_dags/example_xcom.py took 0.249 seconds
[2022-07-22 21:57:29,195] {processor.py:163} INFO - Started process (PID=191) to work on /home/airflow/.local/lib/python3.7/site-packages/airflow/example_dags/example_xcom.py
[2022-07-22 21:57:29,196] {processor.py:642} INFO - Processing file /home/airflow/.local/lib/python3.7/site-packages/airflow/example_dags/example_xcom.py for tasks to queue
[2022-07-22 21:57:29,196] {logging_mixin.py:109} INFO - [2022-07-22 21:57:29,196] {dagbag.py:500} INFO - Filling up the DagBag from /home/airflow/.local/lib/python3.7/site-packages/airflow/example_dags/example_xcom.py
[2022-07-22 21:57:29,218] {processor.py:654} INFO - DAG(s) dict_keys(['example_xcom']) retrieved from /home/airflow/.local/lib/python3.7/site-packages/airflow/example_dags/example_xcom.py
[2022-07-22 21:57:29,433] {logging_mixin.py:109} INFO - [2022-07-22 21:57:29,433] {dag.py:2396} INFO - Sync 1 DAGs
[2022-07-22 21:57:29,443] {logging_mixin.py:109} INFO - [2022-07-22 21:57:29,443] {dag.py:2935} INFO - Setting next_dagrun for example_xcom to 2021-01-01T00:00:00+00:00
[2022-07-22 21:57:29,450] {processor.py:171} INFO - Processing /home/airflow/.local/lib/python3.7/site-packages/airflow/example_dags/example_xcom.py took 0.257 seconds
[2022-07-22 21:58:00,099] {processor.py:163} INFO - Started process (PID=241) to work on /home/airflow/.local/lib/python3.7/site-packages/airflow/example_dags/example_xcom.py
[2022-07-22 21:58:00,100] {processor.py:642} INFO - Processing file /home/airflow/.local/lib/python3.7/site-packages/airflow/example_dags/example_xcom.py for tasks to queue
[2022-07-22 21:58:00,100] {logging_mixin.py:109} INFO - [2022-07-22 21:58:00,100] {dagbag.py:500} INFO - Filling up the DagBag from /home/airflow/.local/lib/python3.7/site-packages/airflow/example_dags/example_xcom.py
[2022-07-22 21:58:00,122] {processor.py:654} INFO - DAG(s) dict_keys(['example_xcom']) retrieved from /home/airflow/.local/lib/python3.7/site-packages/airflow/example_dags/example_xcom.py
[2022-07-22 21:58:00,336] {logging_mixin.py:109} INFO - [2022-07-22 21:58:00,336] {dag.py:2396} INFO - Sync 1 DAGs
[2022-07-22 21:58:00,346] {logging_mixin.py:109} INFO - [2022-07-22 21:58:00,346] {dag.py:2935} INFO - Setting next_dagrun for example_xcom to 2021-01-01T00:00:00+00:00
[2022-07-22 21:58:00,353] {processor.py:171} INFO - Processing /home/airflow/.local/lib/python3.7/site-packages/airflow/example_dags/example_xcom.py took 0.255 seconds
[2022-07-22 21:58:30,795] {processor.py:163} INFO - Started process (PID=300) to work on /home/airflow/.local/lib/python3.7/site-packages/airflow/example_dags/example_xcom.py
[2022-07-22 21:58:30,796] {processor.py:642} INFO - Processing file /home/airflow/.local/lib/python3.7/site-packages/airflow/example_dags/example_xcom.py for tasks to queue
[2022-07-22 21:58:30,796] {logging_mixin.py:109} INFO - [2022-07-22 21:58:30,796] {dagbag.py:500} INFO - Filling up the DagBag from /home/airflow/.local/lib/python3.7/site-packages/airflow/example_dags/example_xcom.py
[2022-07-22 21:58:30,819] {processor.py:654} INFO - DAG(s) dict_keys(['example_xcom']) retrieved from /home/airflow/.local/lib/python3.7/site-packages/airflow/example_dags/example_xcom.py
[2022-07-22 21:58:31,042] {logging_mixin.py:109} INFO - [2022-07-22 21:58:31,042] {dag.py:2396} INFO - Sync 1 DAGs
[2022-07-22 21:58:31,054] {logging_mixin.py:109} INFO - [2022-07-22 21:58:31,054] {dag.py:2935} INFO - Setting next_dagrun for example_xcom to 2021-01-01T00:00:00+00:00
[2022-07-22 21:58:31,062] {processor.py:171} INFO - Processing /home/airflow/.local/lib/python3.7/site-packages/airflow/example_dags/example_xcom.py took 0.270 seconds
[2022-07-22 21:59:01,609] {processor.py:163} INFO - Started process (PID=359) to work on /home/airflow/.local/lib/python3.7/site-packages/airflow/example_dags/example_xcom.py
[2022-07-22 21:59:01,610] {processor.py:642} INFO - Processing file /home/airflow/.local/lib/python3.7/site-packages/airflow/example_dags/example_xcom.py for tasks to queue
[2022-07-22 21:59:01,610] {logging_mixin.py:109} INFO - [2022-07-22 21:59:01,610] {dagbag.py:500} INFO - Filling up the DagBag from /home/airflow/.local/lib/python3.7/site-packages/airflow/example_dags/example_xcom.py
[2022-07-22 21:59:01,632] {processor.py:654} INFO - DAG(s) dict_keys(['example_xcom']) retrieved from /home/airflow/.local/lib/python3.7/site-packages/airflow/example_dags/example_xcom.py
[2022-07-22 21:59:01,850] {logging_mixin.py:109} INFO - [2022-07-22 21:59:01,850] {dag.py:2396} INFO - Sync 1 DAGs
[2022-07-22 21:59:01,859] {logging_mixin.py:109} INFO - [2022-07-22 21:59:01,859] {dag.py:2935} INFO - Setting next_dagrun for example_xcom to 2021-01-01T00:00:00+00:00
[2022-07-22 21:59:01,866] {processor.py:171} INFO - Processing /home/airflow/.local/lib/python3.7/site-packages/airflow/example_dags/example_xcom.py took 0.259 seconds
[2022-07-22 21:59:32,401] {processor.py:163} INFO - Started process (PID=409) to work on /home/airflow/.local/lib/python3.7/site-packages/airflow/example_dags/example_xcom.py
[2022-07-22 21:59:32,402] {processor.py:642} INFO - Processing file /home/airflow/.local/lib/python3.7/site-packages/airflow/example_dags/example_xcom.py for tasks to queue
[2022-07-22 21:59:32,403] {logging_mixin.py:109} INFO - [2022-07-22 21:59:32,403] {dagbag.py:500} INFO - Filling up the DagBag from /home/airflow/.local/lib/python3.7/site-packages/airflow/example_dags/example_xcom.py
[2022-07-22 21:59:32,424] {processor.py:654} INFO - DAG(s) dict_keys(['example_xcom']) retrieved from /home/airflow/.local/lib/python3.7/site-packages/airflow/example_dags/example_xcom.py
[2022-07-22 21:59:32,636] {logging_mixin.py:109} INFO - [2022-07-22 21:59:32,636] {dag.py:2396} INFO - Sync 1 DAGs
[2022-07-22 21:59:32,646] {logging_mixin.py:109} INFO - [2022-07-22 21:59:32,646] {dag.py:2935} INFO - Setting next_dagrun for example_xcom to 2021-01-01T00:00:00+00:00
[2022-07-22 21:59:32,655] {processor.py:171} INFO - Processing /home/airflow/.local/lib/python3.7/site-packages/airflow/example_dags/example_xcom.py took 0.256 seconds
[2022-07-22 22:00:03,085] {processor.py:163} INFO - Started process (PID=468) to work on /home/airflow/.local/lib/python3.7/site-packages/airflow/example_dags/example_xcom.py
[2022-07-22 22:00:03,086] {processor.py:642} INFO - Processing file /home/airflow/.local/lib/python3.7/site-packages/airflow/example_dags/example_xcom.py for tasks to queue
[2022-07-22 22:00:03,086] {logging_mixin.py:109} INFO - [2022-07-22 22:00:03,086] {dagbag.py:500} INFO - Filling up the DagBag from /home/airflow/.local/lib/python3.7/site-packages/airflow/example_dags/example_xcom.py
[2022-07-22 22:00:03,108] {processor.py:654} INFO - DAG(s) dict_keys(['example_xcom']) retrieved from /home/airflow/.local/lib/python3.7/site-packages/airflow/example_dags/example_xcom.py
[2022-07-22 22:00:03,326] {logging_mixin.py:109} INFO - [2022-07-22 22:00:03,326] {dag.py:2396} INFO - Sync 1 DAGs
[2022-07-22 22:00:03,335] {logging_mixin.py:109} INFO - [2022-07-22 22:00:03,335] {dag.py:2935} INFO - Setting next_dagrun for example_xcom to 2021-01-01T00:00:00+00:00
[2022-07-22 22:00:03,342] {processor.py:171} INFO - Processing /home/airflow/.local/lib/python3.7/site-packages/airflow/example_dags/example_xcom.py took 0.259 seconds
[2022-07-22 22:00:33,769] {processor.py:163} INFO - Started process (PID=518) to work on /home/airflow/.local/lib/python3.7/site-packages/airflow/example_dags/example_xcom.py
[2022-07-22 22:00:33,770] {processor.py:642} INFO - Processing file /home/airflow/.local/lib/python3.7/site-packages/airflow/example_dags/example_xcom.py for tasks to queue
[2022-07-22 22:00:33,770] {logging_mixin.py:109} INFO - [2022-07-22 22:00:33,770] {dagbag.py:500} INFO - Filling up the DagBag from /home/airflow/.local/lib/python3.7/site-packages/airflow/example_dags/example_xcom.py
[2022-07-22 22:00:33,792] {processor.py:654} INFO - DAG(s) dict_keys(['example_xcom']) retrieved from /home/airflow/.local/lib/python3.7/site-packages/airflow/example_dags/example_xcom.py
[2022-07-22 22:00:34,000] {logging_mixin.py:109} INFO - [2022-07-22 22:00:34,000] {dag.py:2396} INFO - Sync 1 DAGs
[2022-07-22 22:00:34,010] {logging_mixin.py:109} INFO - [2022-07-22 22:00:34,010] {dag.py:2935} INFO - Setting next_dagrun for example_xcom to 2021-01-01T00:00:00+00:00
[2022-07-22 22:00:34,016] {processor.py:171} INFO - Processing /home/airflow/.local/lib/python3.7/site-packages/airflow/example_dags/example_xcom.py took 0.249 seconds
[2022-07-22 22:01:04,389] {processor.py:163} INFO - Started process (PID=577) to work on /home/airflow/.local/lib/python3.7/site-packages/airflow/example_dags/example_xcom.py
[2022-07-22 22:01:04,390] {processor.py:642} INFO - Processing file /home/airflow/.local/lib/python3.7/site-packages/airflow/example_dags/example_xcom.py for tasks to queue
[2022-07-22 22:01:04,390] {logging_mixin.py:109} INFO - [2022-07-22 22:01:04,390] {dagbag.py:500} INFO - Filling up the DagBag from /home/airflow/.local/lib/python3.7/site-packages/airflow/example_dags/example_xcom.py
[2022-07-22 22:01:04,412] {processor.py:654} INFO - DAG(s) dict_keys(['example_xcom']) retrieved from /home/airflow/.local/lib/python3.7/site-packages/airflow/example_dags/example_xcom.py
[2022-07-22 22:01:04,635] {logging_mixin.py:109} INFO - [2022-07-22 22:01:04,635] {dag.py:2396} INFO - Sync 1 DAGs
[2022-07-22 22:01:04,644] {logging_mixin.py:109} INFO - [2022-07-22 22:01:04,644] {dag.py:2935} INFO - Setting next_dagrun for example_xcom to 2021-01-01T00:00:00+00:00
[2022-07-22 22:01:04,651] {processor.py:171} INFO - Processing /home/airflow/.local/lib/python3.7/site-packages/airflow/example_dags/example_xcom.py took 0.264 seconds
[2022-07-22 22:01:35,079] {processor.py:163} INFO - Started process (PID=636) to work on /home/airflow/.local/lib/python3.7/site-packages/airflow/example_dags/example_xcom.py
[2022-07-22 22:01:35,080] {processor.py:642} INFO - Processing file /home/airflow/.local/lib/python3.7/site-packages/airflow/example_dags/example_xcom.py for tasks to queue
[2022-07-22 22:01:35,081] {logging_mixin.py:109} INFO - [2022-07-22 22:01:35,081] {dagbag.py:500} INFO - Filling up the DagBag from /home/airflow/.local/lib/python3.7/site-packages/airflow/example_dags/example_xcom.py
[2022-07-22 22:01:35,107] {processor.py:654} INFO - DAG(s) dict_keys(['example_xcom']) retrieved from /home/airflow/.local/lib/python3.7/site-packages/airflow/example_dags/example_xcom.py
[2022-07-22 22:01:35,335] {logging_mixin.py:109} INFO - [2022-07-22 22:01:35,335] {dag.py:2396} INFO - Sync 1 DAGs
[2022-07-22 22:01:35,347] {logging_mixin.py:109} INFO - [2022-07-22 22:01:35,347] {dag.py:2935} INFO - Setting next_dagrun for example_xcom to 2021-01-01T00:00:00+00:00
[2022-07-22 22:01:35,356] {processor.py:171} INFO - Processing /home/airflow/.local/lib/python3.7/site-packages/airflow/example_dags/example_xcom.py took 0.279 seconds
[2022-07-22 22:02:05,749] {processor.py:163} INFO - Started process (PID=686) to work on /home/airflow/.local/lib/python3.7/site-packages/airflow/example_dags/example_xcom.py
[2022-07-22 22:02:05,750] {processor.py:642} INFO - Processing file /home/airflow/.local/lib/python3.7/site-packages/airflow/example_dags/example_xcom.py for tasks to queue
[2022-07-22 22:02:05,751] {logging_mixin.py:109} INFO - [2022-07-22 22:02:05,750] {dagbag.py:500} INFO - Filling up the DagBag from /home/airflow/.local/lib/python3.7/site-packages/airflow/example_dags/example_xcom.py
[2022-07-22 22:02:05,774] {processor.py:654} INFO - DAG(s) dict_keys(['example_xcom']) retrieved from /home/airflow/.local/lib/python3.7/site-packages/airflow/example_dags/example_xcom.py
[2022-07-22 22:02:05,987] {logging_mixin.py:109} INFO - [2022-07-22 22:02:05,987] {dag.py:2396} INFO - Sync 1 DAGs
[2022-07-22 22:02:05,996] {logging_mixin.py:109} INFO - [2022-07-22 22:02:05,996] {dag.py:2935} INFO - Setting next_dagrun for example_xcom to 2021-01-01T00:00:00+00:00
[2022-07-22 22:02:06,003] {processor.py:171} INFO - Processing /home/airflow/.local/lib/python3.7/site-packages/airflow/example_dags/example_xcom.py took 0.256 seconds
[2022-07-22 22:02:36,387] {processor.py:163} INFO - Started process (PID=746) to work on /home/airflow/.local/lib/python3.7/site-packages/airflow/example_dags/example_xcom.py
[2022-07-22 22:02:36,388] {processor.py:642} INFO - Processing file /home/airflow/.local/lib/python3.7/site-packages/airflow/example_dags/example_xcom.py for tasks to queue
[2022-07-22 22:02:36,388] {logging_mixin.py:109} INFO - [2022-07-22 22:02:36,388] {dagbag.py:500} INFO - Filling up the DagBag from /home/airflow/.local/lib/python3.7/site-packages/airflow/example_dags/example_xcom.py
[2022-07-22 22:02:36,409] {processor.py:654} INFO - DAG(s) dict_keys(['example_xcom']) retrieved from /home/airflow/.local/lib/python3.7/site-packages/airflow/example_dags/example_xcom.py
[2022-07-22 22:02:36,625] {logging_mixin.py:109} INFO - [2022-07-22 22:02:36,625] {dag.py:2396} INFO - Sync 1 DAGs
[2022-07-22 22:02:36,635] {logging_mixin.py:109} INFO - [2022-07-22 22:02:36,635] {dag.py:2935} INFO - Setting next_dagrun for example_xcom to 2021-01-01T00:00:00+00:00
[2022-07-22 22:02:36,643] {processor.py:171} INFO - Processing /home/airflow/.local/lib/python3.7/site-packages/airflow/example_dags/example_xcom.py took 0.257 seconds
[2022-07-22 22:03:06,967] {processor.py:163} INFO - Started process (PID=795) to work on /home/airflow/.local/lib/python3.7/site-packages/airflow/example_dags/example_xcom.py
[2022-07-22 22:03:06,968] {processor.py:642} INFO - Processing file /home/airflow/.local/lib/python3.7/site-packages/airflow/example_dags/example_xcom.py for tasks to queue
[2022-07-22 22:03:06,968] {logging_mixin.py:109} INFO - [2022-07-22 22:03:06,968] {dagbag.py:500} INFO - Filling up the DagBag from /home/airflow/.local/lib/python3.7/site-packages/airflow/example_dags/example_xcom.py
[2022-07-22 22:03:06,989] {processor.py:654} INFO - DAG(s) dict_keys(['example_xcom']) retrieved from /home/airflow/.local/lib/python3.7/site-packages/airflow/example_dags/example_xcom.py
[2022-07-22 22:03:07,200] {logging_mixin.py:109} INFO - [2022-07-22 22:03:07,200] {dag.py:2396} INFO - Sync 1 DAGs
[2022-07-22 22:03:07,209] {logging_mixin.py:109} INFO - [2022-07-22 22:03:07,209] {dag.py:2935} INFO - Setting next_dagrun for example_xcom to 2021-01-01T00:00:00+00:00
[2022-07-22 22:03:07,216] {processor.py:171} INFO - Processing /home/airflow/.local/lib/python3.7/site-packages/airflow/example_dags/example_xcom.py took 0.251 seconds
[2022-07-22 22:03:37,610] {processor.py:163} INFO - Started process (PID=855) to work on /home/airflow/.local/lib/python3.7/site-packages/airflow/example_dags/example_xcom.py
[2022-07-22 22:03:37,611] {processor.py:642} INFO - Processing file /home/airflow/.local/lib/python3.7/site-packages/airflow/example_dags/example_xcom.py for tasks to queue
[2022-07-22 22:03:37,612] {logging_mixin.py:109} INFO - [2022-07-22 22:03:37,611] {dagbag.py:500} INFO - Filling up the DagBag from /home/airflow/.local/lib/python3.7/site-packages/airflow/example_dags/example_xcom.py
[2022-07-22 22:03:37,634] {processor.py:654} INFO - DAG(s) dict_keys(['example_xcom']) retrieved from /home/airflow/.local/lib/python3.7/site-packages/airflow/example_dags/example_xcom.py
[2022-07-22 22:03:37,850] {logging_mixin.py:109} INFO - [2022-07-22 22:03:37,850] {dag.py:2396} INFO - Sync 1 DAGs
[2022-07-22 22:03:37,860] {logging_mixin.py:109} INFO - [2022-07-22 22:03:37,860] {dag.py:2935} INFO - Setting next_dagrun for example_xcom to 2021-01-01T00:00:00+00:00
[2022-07-22 22:03:37,867] {processor.py:171} INFO - Processing /home/airflow/.local/lib/python3.7/site-packages/airflow/example_dags/example_xcom.py took 0.258 seconds
[2022-07-22 22:04:08,358] {processor.py:163} INFO - Started process (PID=913) to work on /home/airflow/.local/lib/python3.7/site-packages/airflow/example_dags/example_xcom.py
[2022-07-22 22:04:08,359] {processor.py:642} INFO - Processing file /home/airflow/.local/lib/python3.7/site-packages/airflow/example_dags/example_xcom.py for tasks to queue
[2022-07-22 22:04:08,360] {logging_mixin.py:109} INFO - [2022-07-22 22:04:08,359] {dagbag.py:500} INFO - Filling up the DagBag from /home/airflow/.local/lib/python3.7/site-packages/airflow/example_dags/example_xcom.py
[2022-07-22 22:04:08,381] {processor.py:654} INFO - DAG(s) dict_keys(['example_xcom']) retrieved from /home/airflow/.local/lib/python3.7/site-packages/airflow/example_dags/example_xcom.py
[2022-07-22 22:04:08,595] {logging_mixin.py:109} INFO - [2022-07-22 22:04:08,595] {dag.py:2396} INFO - Sync 1 DAGs
[2022-07-22 22:04:08,604] {logging_mixin.py:109} INFO - [2022-07-22 22:04:08,604] {dag.py:2935} INFO - Setting next_dagrun for example_xcom to 2021-01-01T00:00:00+00:00
[2022-07-22 22:04:08,611] {processor.py:171} INFO - Processing /home/airflow/.local/lib/python3.7/site-packages/airflow/example_dags/example_xcom.py took 0.255 seconds
[2022-07-22 22:04:39,012] {processor.py:163} INFO - Started process (PID=963) to work on /home/airflow/.local/lib/python3.7/site-packages/airflow/example_dags/example_xcom.py
[2022-07-22 22:04:39,013] {processor.py:642} INFO - Processing file /home/airflow/.local/lib/python3.7/site-packages/airflow/example_dags/example_xcom.py for tasks to queue
[2022-07-22 22:04:39,013] {logging_mixin.py:109} INFO - [2022-07-22 22:04:39,013] {dagbag.py:500} INFO - Filling up the DagBag from /home/airflow/.local/lib/python3.7/site-packages/airflow/example_dags/example_xcom.py
[2022-07-22 22:04:39,035] {processor.py:654} INFO - DAG(s) dict_keys(['example_xcom']) retrieved from /home/airflow/.local/lib/python3.7/site-packages/airflow/example_dags/example_xcom.py
[2022-07-22 22:04:39,253] {logging_mixin.py:109} INFO - [2022-07-22 22:04:39,253] {dag.py:2396} INFO - Sync 1 DAGs
[2022-07-22 22:04:39,262] {logging_mixin.py:109} INFO - [2022-07-22 22:04:39,262] {dag.py:2935} INFO - Setting next_dagrun for example_xcom to 2021-01-01T00:00:00+00:00
[2022-07-22 22:04:39,269] {processor.py:171} INFO - Processing /home/airflow/.local/lib/python3.7/site-packages/airflow/example_dags/example_xcom.py took 0.259 seconds
[2022-07-22 22:05:09,655] {processor.py:163} INFO - Started process (PID=1022) to work on /home/airflow/.local/lib/python3.7/site-packages/airflow/example_dags/example_xcom.py
[2022-07-22 22:05:09,656] {processor.py:642} INFO - Processing file /home/airflow/.local/lib/python3.7/site-packages/airflow/example_dags/example_xcom.py for tasks to queue
[2022-07-22 22:05:09,656] {logging_mixin.py:109} INFO - [2022-07-22 22:05:09,656] {dagbag.py:500} INFO - Filling up the DagBag from /home/airflow/.local/lib/python3.7/site-packages/airflow/example_dags/example_xcom.py
[2022-07-22 22:05:09,683] {processor.py:654} INFO - DAG(s) dict_keys(['example_xcom']) retrieved from /home/airflow/.local/lib/python3.7/site-packages/airflow/example_dags/example_xcom.py
[2022-07-22 22:05:09,887] {logging_mixin.py:109} INFO - [2022-07-22 22:05:09,887] {dag.py:2396} INFO - Sync 1 DAGs
[2022-07-22 22:05:09,897] {logging_mixin.py:109} INFO - [2022-07-22 22:05:09,897] {dag.py:2935} INFO - Setting next_dagrun for example_xcom to 2021-01-01T00:00:00+00:00
[2022-07-22 22:05:09,904] {processor.py:171} INFO - Processing /home/airflow/.local/lib/python3.7/site-packages/airflow/example_dags/example_xcom.py took 0.250 seconds
[2022-07-22 22:05:40,260] {processor.py:163} INFO - Started process (PID=1073) to work on /home/airflow/.local/lib/python3.7/site-packages/airflow/example_dags/example_xcom.py
[2022-07-22 22:05:40,261] {processor.py:642} INFO - Processing file /home/airflow/.local/lib/python3.7/site-packages/airflow/example_dags/example_xcom.py for tasks to queue
[2022-07-22 22:05:40,261] {logging_mixin.py:109} INFO - [2022-07-22 22:05:40,261] {dagbag.py:500} INFO - Filling up the DagBag from /home/airflow/.local/lib/python3.7/site-packages/airflow/example_dags/example_xcom.py
[2022-07-22 22:05:40,282] {processor.py:654} INFO - DAG(s) dict_keys(['example_xcom']) retrieved from /home/airflow/.local/lib/python3.7/site-packages/airflow/example_dags/example_xcom.py
[2022-07-22 22:05:40,489] {logging_mixin.py:109} INFO - [2022-07-22 22:05:40,489] {dag.py:2396} INFO - Sync 1 DAGs
[2022-07-22 22:05:40,499] {logging_mixin.py:109} INFO - [2022-07-22 22:05:40,499] {dag.py:2935} INFO - Setting next_dagrun for example_xcom to 2021-01-01T00:00:00+00:00
[2022-07-22 22:05:40,506] {processor.py:171} INFO - Processing /home/airflow/.local/lib/python3.7/site-packages/airflow/example_dags/example_xcom.py took 0.248 seconds
[2022-07-22 22:06:10,875] {processor.py:163} INFO - Started process (PID=1132) to work on /home/airflow/.local/lib/python3.7/site-packages/airflow/example_dags/example_xcom.py
[2022-07-22 22:06:10,876] {processor.py:642} INFO - Processing file /home/airflow/.local/lib/python3.7/site-packages/airflow/example_dags/example_xcom.py for tasks to queue
[2022-07-22 22:06:10,876] {logging_mixin.py:109} INFO - [2022-07-22 22:06:10,876] {dagbag.py:500} INFO - Filling up the DagBag from /home/airflow/.local/lib/python3.7/site-packages/airflow/example_dags/example_xcom.py
[2022-07-22 22:06:10,898] {processor.py:654} INFO - DAG(s) dict_keys(['example_xcom']) retrieved from /home/airflow/.local/lib/python3.7/site-packages/airflow/example_dags/example_xcom.py
[2022-07-22 22:06:11,112] {logging_mixin.py:109} INFO - [2022-07-22 22:06:11,112] {dag.py:2396} INFO - Sync 1 DAGs
[2022-07-22 22:06:11,123] {logging_mixin.py:109} INFO - [2022-07-22 22:06:11,123] {dag.py:2935} INFO - Setting next_dagrun for example_xcom to 2021-01-01T00:00:00+00:00
[2022-07-22 22:06:11,130] {processor.py:171} INFO - Processing /home/airflow/.local/lib/python3.7/site-packages/airflow/example_dags/example_xcom.py took 0.256 seconds
[2022-07-22 22:06:41,460] {processor.py:163} INFO - Started process (PID=1190) to work on /home/airflow/.local/lib/python3.7/site-packages/airflow/example_dags/example_xcom.py
[2022-07-22 22:06:41,461] {processor.py:642} INFO - Processing file /home/airflow/.local/lib/python3.7/site-packages/airflow/example_dags/example_xcom.py for tasks to queue
[2022-07-22 22:06:41,461] {logging_mixin.py:109} INFO - [2022-07-22 22:06:41,461] {dagbag.py:500} INFO - Filling up the DagBag from /home/airflow/.local/lib/python3.7/site-packages/airflow/example_dags/example_xcom.py
[2022-07-22 22:06:41,484] {processor.py:654} INFO - DAG(s) dict_keys(['example_xcom']) retrieved from /home/airflow/.local/lib/python3.7/site-packages/airflow/example_dags/example_xcom.py
[2022-07-22 22:06:41,684] {logging_mixin.py:109} INFO - [2022-07-22 22:06:41,684] {dag.py:2396} INFO - Sync 1 DAGs
[2022-07-22 22:06:41,694] {logging_mixin.py:109} INFO - [2022-07-22 22:06:41,694] {dag.py:2935} INFO - Setting next_dagrun for example_xcom to 2021-01-01T00:00:00+00:00
[2022-07-22 22:06:41,701] {processor.py:171} INFO - Processing /home/airflow/.local/lib/python3.7/site-packages/airflow/example_dags/example_xcom.py took 0.244 seconds
[2022-07-22 22:07:12,111] {processor.py:163} INFO - Started process (PID=1240) to work on /home/airflow/.local/lib/python3.7/site-packages/airflow/example_dags/example_xcom.py
[2022-07-22 22:07:12,112] {processor.py:642} INFO - Processing file /home/airflow/.local/lib/python3.7/site-packages/airflow/example_dags/example_xcom.py for tasks to queue
[2022-07-22 22:07:12,112] {logging_mixin.py:109} INFO - [2022-07-22 22:07:12,112] {dagbag.py:500} INFO - Filling up the DagBag from /home/airflow/.local/lib/python3.7/site-packages/airflow/example_dags/example_xcom.py
[2022-07-22 22:07:12,136] {processor.py:654} INFO - DAG(s) dict_keys(['example_xcom']) retrieved from /home/airflow/.local/lib/python3.7/site-packages/airflow/example_dags/example_xcom.py
[2022-07-22 22:07:12,335] {logging_mixin.py:109} INFO - [2022-07-22 22:07:12,335] {dag.py:2396} INFO - Sync 1 DAGs
[2022-07-22 22:07:12,347] {logging_mixin.py:109} INFO - [2022-07-22 22:07:12,346] {dag.py:2935} INFO - Setting next_dagrun for example_xcom to 2021-01-01T00:00:00+00:00
[2022-07-22 22:07:12,355] {processor.py:171} INFO - Processing /home/airflow/.local/lib/python3.7/site-packages/airflow/example_dags/example_xcom.py took 0.246 seconds
[2022-07-22 22:07:42,725] {processor.py:163} INFO - Started process (PID=1300) to work on /home/airflow/.local/lib/python3.7/site-packages/airflow/example_dags/example_xcom.py
[2022-07-22 22:07:42,726] {processor.py:642} INFO - Processing file /home/airflow/.local/lib/python3.7/site-packages/airflow/example_dags/example_xcom.py for tasks to queue
[2022-07-22 22:07:42,727] {logging_mixin.py:109} INFO - [2022-07-22 22:07:42,727] {dagbag.py:500} INFO - Filling up the DagBag from /home/airflow/.local/lib/python3.7/site-packages/airflow/example_dags/example_xcom.py
[2022-07-22 22:07:42,749] {processor.py:654} INFO - DAG(s) dict_keys(['example_xcom']) retrieved from /home/airflow/.local/lib/python3.7/site-packages/airflow/example_dags/example_xcom.py
[2022-07-22 22:07:42,963] {logging_mixin.py:109} INFO - [2022-07-22 22:07:42,963] {dag.py:2396} INFO - Sync 1 DAGs
[2022-07-22 22:07:42,973] {logging_mixin.py:109} INFO - [2022-07-22 22:07:42,973] {dag.py:2935} INFO - Setting next_dagrun for example_xcom to 2021-01-01T00:00:00+00:00
[2022-07-22 22:07:42,980] {processor.py:171} INFO - Processing /home/airflow/.local/lib/python3.7/site-packages/airflow/example_dags/example_xcom.py took 0.256 seconds
[2022-07-22 22:08:13,478] {processor.py:163} INFO - Started process (PID=1349) to work on /home/airflow/.local/lib/python3.7/site-packages/airflow/example_dags/example_xcom.py
[2022-07-22 22:08:13,479] {processor.py:642} INFO - Processing file /home/airflow/.local/lib/python3.7/site-packages/airflow/example_dags/example_xcom.py for tasks to queue
[2022-07-22 22:08:13,479] {logging_mixin.py:109} INFO - [2022-07-22 22:08:13,479] {dagbag.py:500} INFO - Filling up the DagBag from /home/airflow/.local/lib/python3.7/site-packages/airflow/example_dags/example_xcom.py
[2022-07-22 22:08:13,501] {processor.py:654} INFO - DAG(s) dict_keys(['example_xcom']) retrieved from /home/airflow/.local/lib/python3.7/site-packages/airflow/example_dags/example_xcom.py
[2022-07-22 22:08:13,736] {logging_mixin.py:109} INFO - [2022-07-22 22:08:13,736] {dag.py:2396} INFO - Sync 1 DAGs
[2022-07-22 22:08:13,748] {logging_mixin.py:109} INFO - [2022-07-22 22:08:13,748] {dag.py:2935} INFO - Setting next_dagrun for example_xcom to 2021-01-01T00:00:00+00:00
[2022-07-22 22:08:13,756] {processor.py:171} INFO - Processing /home/airflow/.local/lib/python3.7/site-packages/airflow/example_dags/example_xcom.py took 0.280 seconds
[2022-07-22 22:08:44,866] {processor.py:163} INFO - Started process (PID=1408) to work on /home/airflow/.local/lib/python3.7/site-packages/airflow/example_dags/example_xcom.py
[2022-07-22 22:08:44,867] {processor.py:642} INFO - Processing file /home/airflow/.local/lib/python3.7/site-packages/airflow/example_dags/example_xcom.py for tasks to queue
[2022-07-22 22:08:44,868] {logging_mixin.py:109} INFO - [2022-07-22 22:08:44,868] {dagbag.py:500} INFO - Filling up the DagBag from /home/airflow/.local/lib/python3.7/site-packages/airflow/example_dags/example_xcom.py
[2022-07-22 22:08:44,900] {processor.py:654} INFO - DAG(s) dict_keys(['example_xcom']) retrieved from /home/airflow/.local/lib/python3.7/site-packages/airflow/example_dags/example_xcom.py
[2022-07-22 22:08:45,215] {logging_mixin.py:109} INFO - [2022-07-22 22:08:45,215] {dag.py:2396} INFO - Sync 1 DAGs
[2022-07-22 22:08:45,237] {logging_mixin.py:109} INFO - [2022-07-22 22:08:45,237] {dag.py:2935} INFO - Setting next_dagrun for example_xcom to 2021-01-01T00:00:00+00:00
[2022-07-22 22:08:45,249] {processor.py:171} INFO - Processing /home/airflow/.local/lib/python3.7/site-packages/airflow/example_dags/example_xcom.py took 0.386 seconds
[2022-07-22 22:09:15,434] {processor.py:163} INFO - Started process (PID=1458) to work on /home/airflow/.local/lib/python3.7/site-packages/airflow/example_dags/example_xcom.py
[2022-07-22 22:09:15,435] {processor.py:642} INFO - Processing file /home/airflow/.local/lib/python3.7/site-packages/airflow/example_dags/example_xcom.py for tasks to queue
[2022-07-22 22:09:15,435] {logging_mixin.py:109} INFO - [2022-07-22 22:09:15,435] {dagbag.py:500} INFO - Filling up the DagBag from /home/airflow/.local/lib/python3.7/site-packages/airflow/example_dags/example_xcom.py
[2022-07-22 22:09:15,463] {processor.py:654} INFO - DAG(s) dict_keys(['example_xcom']) retrieved from /home/airflow/.local/lib/python3.7/site-packages/airflow/example_dags/example_xcom.py
[2022-07-22 22:09:15,739] {logging_mixin.py:109} INFO - [2022-07-22 22:09:15,739] {dag.py:2396} INFO - Sync 1 DAGs
[2022-07-22 22:09:15,751] {logging_mixin.py:109} INFO - [2022-07-22 22:09:15,751] {dag.py:2935} INFO - Setting next_dagrun for example_xcom to 2021-01-01T00:00:00+00:00
[2022-07-22 22:09:15,759] {processor.py:171} INFO - Processing /home/airflow/.local/lib/python3.7/site-packages/airflow/example_dags/example_xcom.py took 0.328 seconds
[2022-07-22 22:09:46,472] {processor.py:163} INFO - Started process (PID=1517) to work on /home/airflow/.local/lib/python3.7/site-packages/airflow/example_dags/example_xcom.py
[2022-07-22 22:09:46,473] {processor.py:642} INFO - Processing file /home/airflow/.local/lib/python3.7/site-packages/airflow/example_dags/example_xcom.py for tasks to queue
[2022-07-22 22:09:46,473] {logging_mixin.py:109} INFO - [2022-07-22 22:09:46,473] {dagbag.py:500} INFO - Filling up the DagBag from /home/airflow/.local/lib/python3.7/site-packages/airflow/example_dags/example_xcom.py
[2022-07-22 22:09:46,498] {processor.py:654} INFO - DAG(s) dict_keys(['example_xcom']) retrieved from /home/airflow/.local/lib/python3.7/site-packages/airflow/example_dags/example_xcom.py
[2022-07-22 22:09:46,757] {logging_mixin.py:109} INFO - [2022-07-22 22:09:46,757] {dag.py:2396} INFO - Sync 1 DAGs
[2022-07-22 22:09:46,768] {logging_mixin.py:109} INFO - [2022-07-22 22:09:46,768] {dag.py:2935} INFO - Setting next_dagrun for example_xcom to 2021-01-01T00:00:00+00:00
[2022-07-22 22:09:46,778] {processor.py:171} INFO - Processing /home/airflow/.local/lib/python3.7/site-packages/airflow/example_dags/example_xcom.py took 0.308 seconds
[2022-07-22 22:10:17,286] {processor.py:163} INFO - Started process (PID=1567) to work on /home/airflow/.local/lib/python3.7/site-packages/airflow/example_dags/example_xcom.py
[2022-07-22 22:10:17,287] {processor.py:642} INFO - Processing file /home/airflow/.local/lib/python3.7/site-packages/airflow/example_dags/example_xcom.py for tasks to queue
[2022-07-22 22:10:17,287] {logging_mixin.py:109} INFO - [2022-07-22 22:10:17,287] {dagbag.py:500} INFO - Filling up the DagBag from /home/airflow/.local/lib/python3.7/site-packages/airflow/example_dags/example_xcom.py
[2022-07-22 22:10:17,309] {processor.py:654} INFO - DAG(s) dict_keys(['example_xcom']) retrieved from /home/airflow/.local/lib/python3.7/site-packages/airflow/example_dags/example_xcom.py
[2022-07-22 22:10:17,525] {logging_mixin.py:109} INFO - [2022-07-22 22:10:17,525] {dag.py:2396} INFO - Sync 1 DAGs
[2022-07-22 22:10:17,535] {logging_mixin.py:109} INFO - [2022-07-22 22:10:17,535] {dag.py:2935} INFO - Setting next_dagrun for example_xcom to 2021-01-01T00:00:00+00:00
[2022-07-22 22:10:17,542] {processor.py:171} INFO - Processing /home/airflow/.local/lib/python3.7/site-packages/airflow/example_dags/example_xcom.py took 0.257 seconds
[2022-07-22 22:10:48,173] {processor.py:163} INFO - Started process (PID=1626) to work on /home/airflow/.local/lib/python3.7/site-packages/airflow/example_dags/example_xcom.py
[2022-07-22 22:10:48,174] {processor.py:642} INFO - Processing file /home/airflow/.local/lib/python3.7/site-packages/airflow/example_dags/example_xcom.py for tasks to queue
[2022-07-22 22:10:48,175] {logging_mixin.py:109} INFO - [2022-07-22 22:10:48,175] {dagbag.py:500} INFO - Filling up the DagBag from /home/airflow/.local/lib/python3.7/site-packages/airflow/example_dags/example_xcom.py
[2022-07-22 22:10:48,203] {processor.py:654} INFO - DAG(s) dict_keys(['example_xcom']) retrieved from /home/airflow/.local/lib/python3.7/site-packages/airflow/example_dags/example_xcom.py
[2022-07-22 22:10:48,458] {logging_mixin.py:109} INFO - [2022-07-22 22:10:48,458] {dag.py:2396} INFO - Sync 1 DAGs
[2022-07-22 22:10:48,468] {logging_mixin.py:109} INFO - [2022-07-22 22:10:48,468] {dag.py:2935} INFO - Setting next_dagrun for example_xcom to 2021-01-01T00:00:00+00:00
[2022-07-22 22:10:48,476] {processor.py:171} INFO - Processing /home/airflow/.local/lib/python3.7/site-packages/airflow/example_dags/example_xcom.py took 0.305 seconds
[2022-07-22 22:11:18,908] {processor.py:163} INFO - Started process (PID=1685) to work on /home/airflow/.local/lib/python3.7/site-packages/airflow/example_dags/example_xcom.py
[2022-07-22 22:11:18,909] {processor.py:642} INFO - Processing file /home/airflow/.local/lib/python3.7/site-packages/airflow/example_dags/example_xcom.py for tasks to queue
[2022-07-22 22:11:18,909] {logging_mixin.py:109} INFO - [2022-07-22 22:11:18,909] {dagbag.py:500} INFO - Filling up the DagBag from /home/airflow/.local/lib/python3.7/site-packages/airflow/example_dags/example_xcom.py
[2022-07-22 22:11:18,934] {processor.py:654} INFO - DAG(s) dict_keys(['example_xcom']) retrieved from /home/airflow/.local/lib/python3.7/site-packages/airflow/example_dags/example_xcom.py
[2022-07-22 22:11:19,190] {logging_mixin.py:109} INFO - [2022-07-22 22:11:19,190] {dag.py:2396} INFO - Sync 1 DAGs
[2022-07-22 22:11:19,200] {logging_mixin.py:109} INFO - [2022-07-22 22:11:19,200] {dag.py:2935} INFO - Setting next_dagrun for example_xcom to 2021-01-01T00:00:00+00:00
[2022-07-22 22:11:19,207] {processor.py:171} INFO - Processing /home/airflow/.local/lib/python3.7/site-packages/airflow/example_dags/example_xcom.py took 0.301 seconds
[2022-07-22 22:11:49,705] {processor.py:163} INFO - Started process (PID=1735) to work on /home/airflow/.local/lib/python3.7/site-packages/airflow/example_dags/example_xcom.py
[2022-07-22 22:11:49,706] {processor.py:642} INFO - Processing file /home/airflow/.local/lib/python3.7/site-packages/airflow/example_dags/example_xcom.py for tasks to queue
[2022-07-22 22:11:49,706] {logging_mixin.py:109} INFO - [2022-07-22 22:11:49,706] {dagbag.py:500} INFO - Filling up the DagBag from /home/airflow/.local/lib/python3.7/site-packages/airflow/example_dags/example_xcom.py
[2022-07-22 22:11:49,729] {processor.py:654} INFO - DAG(s) dict_keys(['example_xcom']) retrieved from /home/airflow/.local/lib/python3.7/site-packages/airflow/example_dags/example_xcom.py
[2022-07-22 22:11:50,046] {logging_mixin.py:109} INFO - [2022-07-22 22:11:50,046] {dag.py:2396} INFO - Sync 1 DAGs
[2022-07-22 22:11:50,071] {logging_mixin.py:109} INFO - [2022-07-22 22:11:50,071] {dag.py:2935} INFO - Setting next_dagrun for example_xcom to 2021-01-01T00:00:00+00:00
[2022-07-22 22:11:50,081] {processor.py:171} INFO - Processing /home/airflow/.local/lib/python3.7/site-packages/airflow/example_dags/example_xcom.py took 0.377 seconds
[2022-07-22 22:12:20,634] {processor.py:163} INFO - Started process (PID=1794) to work on /home/airflow/.local/lib/python3.7/site-packages/airflow/example_dags/example_xcom.py
[2022-07-22 22:12:20,635] {processor.py:642} INFO - Processing file /home/airflow/.local/lib/python3.7/site-packages/airflow/example_dags/example_xcom.py for tasks to queue
[2022-07-22 22:12:20,635] {logging_mixin.py:109} INFO - [2022-07-22 22:12:20,635] {dagbag.py:500} INFO - Filling up the DagBag from /home/airflow/.local/lib/python3.7/site-packages/airflow/example_dags/example_xcom.py
[2022-07-22 22:12:20,662] {processor.py:654} INFO - DAG(s) dict_keys(['example_xcom']) retrieved from /home/airflow/.local/lib/python3.7/site-packages/airflow/example_dags/example_xcom.py
[2022-07-22 22:12:20,909] {logging_mixin.py:109} INFO - [2022-07-22 22:12:20,909] {dag.py:2396} INFO - Sync 1 DAGs
[2022-07-22 22:12:20,920] {logging_mixin.py:109} INFO - [2022-07-22 22:12:20,920] {dag.py:2935} INFO - Setting next_dagrun for example_xcom to 2021-01-01T00:00:00+00:00
[2022-07-22 22:12:20,928] {processor.py:171} INFO - Processing /home/airflow/.local/lib/python3.7/site-packages/airflow/example_dags/example_xcom.py took 0.296 seconds
[2022-07-22 22:12:51,504] {processor.py:163} INFO - Started process (PID=1844) to work on /home/airflow/.local/lib/python3.7/site-packages/airflow/example_dags/example_xcom.py
[2022-07-22 22:12:51,505] {processor.py:642} INFO - Processing file /home/airflow/.local/lib/python3.7/site-packages/airflow/example_dags/example_xcom.py for tasks to queue
[2022-07-22 22:12:51,505] {logging_mixin.py:109} INFO - [2022-07-22 22:12:51,505] {dagbag.py:500} INFO - Filling up the DagBag from /home/airflow/.local/lib/python3.7/site-packages/airflow/example_dags/example_xcom.py
[2022-07-22 22:12:51,527] {processor.py:654} INFO - DAG(s) dict_keys(['example_xcom']) retrieved from /home/airflow/.local/lib/python3.7/site-packages/airflow/example_dags/example_xcom.py
[2022-07-22 22:12:51,782] {logging_mixin.py:109} INFO - [2022-07-22 22:12:51,782] {dag.py:2396} INFO - Sync 1 DAGs
[2022-07-22 22:12:51,796] {logging_mixin.py:109} INFO - [2022-07-22 22:12:51,795] {dag.py:2935} INFO - Setting next_dagrun for example_xcom to 2021-01-01T00:00:00+00:00
[2022-07-22 22:12:51,802] {processor.py:171} INFO - Processing /home/airflow/.local/lib/python3.7/site-packages/airflow/example_dags/example_xcom.py took 0.300 seconds
[2022-07-22 22:13:22,230] {processor.py:163} INFO - Started process (PID=1903) to work on /home/airflow/.local/lib/python3.7/site-packages/airflow/example_dags/example_xcom.py
[2022-07-22 22:13:22,231] {processor.py:642} INFO - Processing file /home/airflow/.local/lib/python3.7/site-packages/airflow/example_dags/example_xcom.py for tasks to queue
[2022-07-22 22:13:22,231] {logging_mixin.py:109} INFO - [2022-07-22 22:13:22,231] {dagbag.py:500} INFO - Filling up the DagBag from /home/airflow/.local/lib/python3.7/site-packages/airflow/example_dags/example_xcom.py
[2022-07-22 22:13:22,251] {processor.py:654} INFO - DAG(s) dict_keys(['example_xcom']) retrieved from /home/airflow/.local/lib/python3.7/site-packages/airflow/example_dags/example_xcom.py
[2022-07-22 22:13:22,457] {logging_mixin.py:109} INFO - [2022-07-22 22:13:22,457] {dag.py:2396} INFO - Sync 1 DAGs
[2022-07-22 22:13:22,468] {logging_mixin.py:109} INFO - [2022-07-22 22:13:22,467] {dag.py:2935} INFO - Setting next_dagrun for example_xcom to 2021-01-01T00:00:00+00:00
[2022-07-22 22:13:22,474] {processor.py:171} INFO - Processing /home/airflow/.local/lib/python3.7/site-packages/airflow/example_dags/example_xcom.py took 0.246 seconds
[2022-07-22 22:13:52,959] {processor.py:163} INFO - Started process (PID=1962) to work on /home/airflow/.local/lib/python3.7/site-packages/airflow/example_dags/example_xcom.py
[2022-07-22 22:13:52,960] {processor.py:642} INFO - Processing file /home/airflow/.local/lib/python3.7/site-packages/airflow/example_dags/example_xcom.py for tasks to queue
[2022-07-22 22:13:52,960] {logging_mixin.py:109} INFO - [2022-07-22 22:13:52,960] {dagbag.py:500} INFO - Filling up the DagBag from /home/airflow/.local/lib/python3.7/site-packages/airflow/example_dags/example_xcom.py
[2022-07-22 22:13:52,983] {processor.py:654} INFO - DAG(s) dict_keys(['example_xcom']) retrieved from /home/airflow/.local/lib/python3.7/site-packages/airflow/example_dags/example_xcom.py
[2022-07-22 22:13:53,200] {logging_mixin.py:109} INFO - [2022-07-22 22:13:53,200] {dag.py:2396} INFO - Sync 1 DAGs
[2022-07-22 22:13:53,210] {logging_mixin.py:109} INFO - [2022-07-22 22:13:53,209] {dag.py:2935} INFO - Setting next_dagrun for example_xcom to 2021-01-01T00:00:00+00:00
[2022-07-22 22:13:53,217] {processor.py:171} INFO - Processing /home/airflow/.local/lib/python3.7/site-packages/airflow/example_dags/example_xcom.py took 0.259 seconds
[2022-07-22 22:14:23,541] {processor.py:163} INFO - Started process (PID=2012) to work on /home/airflow/.local/lib/python3.7/site-packages/airflow/example_dags/example_xcom.py
[2022-07-22 22:14:23,542] {processor.py:642} INFO - Processing file /home/airflow/.local/lib/python3.7/site-packages/airflow/example_dags/example_xcom.py for tasks to queue
[2022-07-22 22:14:23,542] {logging_mixin.py:109} INFO - [2022-07-22 22:14:23,542] {dagbag.py:500} INFO - Filling up the DagBag from /home/airflow/.local/lib/python3.7/site-packages/airflow/example_dags/example_xcom.py
[2022-07-22 22:14:23,563] {processor.py:654} INFO - DAG(s) dict_keys(['example_xcom']) retrieved from /home/airflow/.local/lib/python3.7/site-packages/airflow/example_dags/example_xcom.py
[2022-07-22 22:14:23,773] {logging_mixin.py:109} INFO - [2022-07-22 22:14:23,773] {dag.py:2396} INFO - Sync 1 DAGs
[2022-07-22 22:14:23,783] {logging_mixin.py:109} INFO - [2022-07-22 22:14:23,782] {dag.py:2935} INFO - Setting next_dagrun for example_xcom to 2021-01-01T00:00:00+00:00
[2022-07-22 22:14:23,790] {processor.py:171} INFO - Processing /home/airflow/.local/lib/python3.7/site-packages/airflow/example_dags/example_xcom.py took 0.250 seconds
[2022-07-22 22:14:54,032] {processor.py:163} INFO - Started process (PID=2072) to work on /home/airflow/.local/lib/python3.7/site-packages/airflow/example_dags/example_xcom.py
[2022-07-22 22:14:54,033] {processor.py:642} INFO - Processing file /home/airflow/.local/lib/python3.7/site-packages/airflow/example_dags/example_xcom.py for tasks to queue
[2022-07-22 22:14:54,033] {logging_mixin.py:109} INFO - [2022-07-22 22:14:54,033] {dagbag.py:500} INFO - Filling up the DagBag from /home/airflow/.local/lib/python3.7/site-packages/airflow/example_dags/example_xcom.py
[2022-07-22 22:14:54,055] {processor.py:654} INFO - DAG(s) dict_keys(['example_xcom']) retrieved from /home/airflow/.local/lib/python3.7/site-packages/airflow/example_dags/example_xcom.py
[2022-07-22 22:14:54,263] {logging_mixin.py:109} INFO - [2022-07-22 22:14:54,263] {dag.py:2396} INFO - Sync 1 DAGs
[2022-07-22 22:14:54,274] {logging_mixin.py:109} INFO - [2022-07-22 22:14:54,274] {dag.py:2935} INFO - Setting next_dagrun for example_xcom to 2021-01-01T00:00:00+00:00
[2022-07-22 22:14:54,282] {processor.py:171} INFO - Processing /home/airflow/.local/lib/python3.7/site-packages/airflow/example_dags/example_xcom.py took 0.251 seconds
[2022-07-22 22:15:24,598] {processor.py:163} INFO - Started process (PID=2122) to work on /home/airflow/.local/lib/python3.7/site-packages/airflow/example_dags/example_xcom.py
[2022-07-22 22:15:24,599] {processor.py:642} INFO - Processing file /home/airflow/.local/lib/python3.7/site-packages/airflow/example_dags/example_xcom.py for tasks to queue
[2022-07-22 22:15:24,600] {logging_mixin.py:109} INFO - [2022-07-22 22:15:24,600] {dagbag.py:500} INFO - Filling up the DagBag from /home/airflow/.local/lib/python3.7/site-packages/airflow/example_dags/example_xcom.py
[2022-07-22 22:15:24,620] {processor.py:654} INFO - DAG(s) dict_keys(['example_xcom']) retrieved from /home/airflow/.local/lib/python3.7/site-packages/airflow/example_dags/example_xcom.py
[2022-07-22 22:15:24,837] {logging_mixin.py:109} INFO - [2022-07-22 22:15:24,837] {dag.py:2396} INFO - Sync 1 DAGs
[2022-07-22 22:15:24,846] {logging_mixin.py:109} INFO - [2022-07-22 22:15:24,846] {dag.py:2935} INFO - Setting next_dagrun for example_xcom to 2021-01-01T00:00:00+00:00
[2022-07-22 22:15:24,854] {processor.py:171} INFO - Processing /home/airflow/.local/lib/python3.7/site-packages/airflow/example_dags/example_xcom.py took 0.257 seconds
[2022-07-22 22:15:55,338] {processor.py:163} INFO - Started process (PID=2181) to work on /home/airflow/.local/lib/python3.7/site-packages/airflow/example_dags/example_xcom.py
[2022-07-22 22:15:55,339] {processor.py:642} INFO - Processing file /home/airflow/.local/lib/python3.7/site-packages/airflow/example_dags/example_xcom.py for tasks to queue
[2022-07-22 22:15:55,339] {logging_mixin.py:109} INFO - [2022-07-22 22:15:55,339] {dagbag.py:500} INFO - Filling up the DagBag from /home/airflow/.local/lib/python3.7/site-packages/airflow/example_dags/example_xcom.py
[2022-07-22 22:15:55,367] {processor.py:654} INFO - DAG(s) dict_keys(['example_xcom']) retrieved from /home/airflow/.local/lib/python3.7/site-packages/airflow/example_dags/example_xcom.py
[2022-07-22 22:15:55,580] {logging_mixin.py:109} INFO - [2022-07-22 22:15:55,580] {dag.py:2396} INFO - Sync 1 DAGs
[2022-07-22 22:15:55,593] {logging_mixin.py:109} INFO - [2022-07-22 22:15:55,592] {dag.py:2935} INFO - Setting next_dagrun for example_xcom to 2021-01-01T00:00:00+00:00
[2022-07-22 22:15:55,600] {processor.py:171} INFO - Processing /home/airflow/.local/lib/python3.7/site-packages/airflow/example_dags/example_xcom.py took 0.264 seconds
[2022-07-22 22:16:25,976] {processor.py:163} INFO - Started process (PID=2238) to work on /home/airflow/.local/lib/python3.7/site-packages/airflow/example_dags/example_xcom.py
[2022-07-22 22:16:25,977] {processor.py:642} INFO - Processing file /home/airflow/.local/lib/python3.7/site-packages/airflow/example_dags/example_xcom.py for tasks to queue
[2022-07-22 22:16:25,978] {logging_mixin.py:109} INFO - [2022-07-22 22:16:25,978] {dagbag.py:500} INFO - Filling up the DagBag from /home/airflow/.local/lib/python3.7/site-packages/airflow/example_dags/example_xcom.py
[2022-07-22 22:16:26,001] {processor.py:654} INFO - DAG(s) dict_keys(['example_xcom']) retrieved from /home/airflow/.local/lib/python3.7/site-packages/airflow/example_dags/example_xcom.py
[2022-07-22 22:16:26,237] {logging_mixin.py:109} INFO - [2022-07-22 22:16:26,237] {dag.py:2396} INFO - Sync 1 DAGs
[2022-07-22 22:16:26,249] {logging_mixin.py:109} INFO - [2022-07-22 22:16:26,249] {dag.py:2935} INFO - Setting next_dagrun for example_xcom to 2021-01-01T00:00:00+00:00
[2022-07-22 22:16:26,257] {processor.py:171} INFO - Processing /home/airflow/.local/lib/python3.7/site-packages/airflow/example_dags/example_xcom.py took 0.282 seconds
[2022-07-22 22:16:56,338] {processor.py:163} INFO - Started process (PID=2290) to work on /home/airflow/.local/lib/python3.7/site-packages/airflow/example_dags/example_xcom.py
[2022-07-22 22:16:56,338] {processor.py:642} INFO - Processing file /home/airflow/.local/lib/python3.7/site-packages/airflow/example_dags/example_xcom.py for tasks to queue
[2022-07-22 22:16:56,339] {logging_mixin.py:109} INFO - [2022-07-22 22:16:56,339] {dagbag.py:500} INFO - Filling up the DagBag from /home/airflow/.local/lib/python3.7/site-packages/airflow/example_dags/example_xcom.py
[2022-07-22 22:16:56,362] {processor.py:654} INFO - DAG(s) dict_keys(['example_xcom']) retrieved from /home/airflow/.local/lib/python3.7/site-packages/airflow/example_dags/example_xcom.py
[2022-07-22 22:16:56,599] {logging_mixin.py:109} INFO - [2022-07-22 22:16:56,598] {dag.py:2396} INFO - Sync 1 DAGs
[2022-07-22 22:16:56,609] {logging_mixin.py:109} INFO - [2022-07-22 22:16:56,609] {dag.py:2935} INFO - Setting next_dagrun for example_xcom to 2021-01-01T00:00:00+00:00
[2022-07-22 22:16:56,617] {processor.py:171} INFO - Processing /home/airflow/.local/lib/python3.7/site-packages/airflow/example_dags/example_xcom.py took 0.281 seconds
[2022-07-22 22:17:27,338] {processor.py:163} INFO - Started process (PID=2349) to work on /home/airflow/.local/lib/python3.7/site-packages/airflow/example_dags/example_xcom.py
[2022-07-22 22:17:27,339] {processor.py:642} INFO - Processing file /home/airflow/.local/lib/python3.7/site-packages/airflow/example_dags/example_xcom.py for tasks to queue
[2022-07-22 22:17:27,339] {logging_mixin.py:109} INFO - [2022-07-22 22:17:27,339] {dagbag.py:500} INFO - Filling up the DagBag from /home/airflow/.local/lib/python3.7/site-packages/airflow/example_dags/example_xcom.py
[2022-07-22 22:17:27,362] {processor.py:654} INFO - DAG(s) dict_keys(['example_xcom']) retrieved from /home/airflow/.local/lib/python3.7/site-packages/airflow/example_dags/example_xcom.py
[2022-07-22 22:17:27,576] {logging_mixin.py:109} INFO - [2022-07-22 22:17:27,576] {dag.py:2396} INFO - Sync 1 DAGs
[2022-07-22 22:17:27,587] {logging_mixin.py:109} INFO - [2022-07-22 22:17:27,587] {dag.py:2935} INFO - Setting next_dagrun for example_xcom to 2021-01-01T00:00:00+00:00
[2022-07-22 22:17:27,594] {processor.py:171} INFO - Processing /home/airflow/.local/lib/python3.7/site-packages/airflow/example_dags/example_xcom.py took 0.258 seconds
[2022-07-22 22:17:57,946] {processor.py:163} INFO - Started process (PID=2399) to work on /home/airflow/.local/lib/python3.7/site-packages/airflow/example_dags/example_xcom.py
[2022-07-22 22:17:57,947] {processor.py:642} INFO - Processing file /home/airflow/.local/lib/python3.7/site-packages/airflow/example_dags/example_xcom.py for tasks to queue
[2022-07-22 22:17:57,947] {logging_mixin.py:109} INFO - [2022-07-22 22:17:57,947] {dagbag.py:500} INFO - Filling up the DagBag from /home/airflow/.local/lib/python3.7/site-packages/airflow/example_dags/example_xcom.py
[2022-07-22 22:17:57,969] {processor.py:654} INFO - DAG(s) dict_keys(['example_xcom']) retrieved from /home/airflow/.local/lib/python3.7/site-packages/airflow/example_dags/example_xcom.py
[2022-07-22 22:17:58,189] {logging_mixin.py:109} INFO - [2022-07-22 22:17:58,189] {dag.py:2396} INFO - Sync 1 DAGs
[2022-07-22 22:17:58,201] {logging_mixin.py:109} INFO - [2022-07-22 22:17:58,201] {dag.py:2935} INFO - Setting next_dagrun for example_xcom to 2021-01-01T00:00:00+00:00
[2022-07-22 22:17:58,209] {processor.py:171} INFO - Processing /home/airflow/.local/lib/python3.7/site-packages/airflow/example_dags/example_xcom.py took 0.264 seconds
[2022-07-22 22:18:28,728] {processor.py:163} INFO - Started process (PID=2458) to work on /home/airflow/.local/lib/python3.7/site-packages/airflow/example_dags/example_xcom.py
[2022-07-22 22:18:28,729] {processor.py:642} INFO - Processing file /home/airflow/.local/lib/python3.7/site-packages/airflow/example_dags/example_xcom.py for tasks to queue
[2022-07-22 22:18:28,729] {logging_mixin.py:109} INFO - [2022-07-22 22:18:28,729] {dagbag.py:500} INFO - Filling up the DagBag from /home/airflow/.local/lib/python3.7/site-packages/airflow/example_dags/example_xcom.py
[2022-07-22 22:18:28,751] {processor.py:654} INFO - DAG(s) dict_keys(['example_xcom']) retrieved from /home/airflow/.local/lib/python3.7/site-packages/airflow/example_dags/example_xcom.py
[2022-07-22 22:18:28,960] {logging_mixin.py:109} INFO - [2022-07-22 22:18:28,960] {dag.py:2396} INFO - Sync 1 DAGs
[2022-07-22 22:18:28,969] {logging_mixin.py:109} INFO - [2022-07-22 22:18:28,969] {dag.py:2935} INFO - Setting next_dagrun for example_xcom to 2021-01-01T00:00:00+00:00
[2022-07-22 22:18:28,976] {processor.py:171} INFO - Processing /home/airflow/.local/lib/python3.7/site-packages/airflow/example_dags/example_xcom.py took 0.250 seconds
[2022-07-22 22:18:59,528] {processor.py:163} INFO - Started process (PID=2514) to work on /home/airflow/.local/lib/python3.7/site-packages/airflow/example_dags/example_xcom.py
[2022-07-22 22:18:59,529] {processor.py:642} INFO - Processing file /home/airflow/.local/lib/python3.7/site-packages/airflow/example_dags/example_xcom.py for tasks to queue
[2022-07-22 22:18:59,529] {logging_mixin.py:109} INFO - [2022-07-22 22:18:59,529] {dagbag.py:500} INFO - Filling up the DagBag from /home/airflow/.local/lib/python3.7/site-packages/airflow/example_dags/example_xcom.py
[2022-07-22 22:18:59,553] {processor.py:654} INFO - DAG(s) dict_keys(['example_xcom']) retrieved from /home/airflow/.local/lib/python3.7/site-packages/airflow/example_dags/example_xcom.py
[2022-07-22 22:18:59,782] {logging_mixin.py:109} INFO - [2022-07-22 22:18:59,782] {dag.py:2396} INFO - Sync 1 DAGs
[2022-07-22 22:18:59,792] {logging_mixin.py:109} INFO - [2022-07-22 22:18:59,792] {dag.py:2935} INFO - Setting next_dagrun for example_xcom to 2021-01-01T00:00:00+00:00
[2022-07-22 22:18:59,800] {processor.py:171} INFO - Processing /home/airflow/.local/lib/python3.7/site-packages/airflow/example_dags/example_xcom.py took 0.275 seconds
[2022-07-22 22:19:30,212] {processor.py:163} INFO - Started process (PID=2567) to work on /home/airflow/.local/lib/python3.7/site-packages/airflow/example_dags/example_xcom.py
[2022-07-22 22:19:30,213] {processor.py:642} INFO - Processing file /home/airflow/.local/lib/python3.7/site-packages/airflow/example_dags/example_xcom.py for tasks to queue
[2022-07-22 22:19:30,213] {logging_mixin.py:109} INFO - [2022-07-22 22:19:30,213] {dagbag.py:500} INFO - Filling up the DagBag from /home/airflow/.local/lib/python3.7/site-packages/airflow/example_dags/example_xcom.py
[2022-07-22 22:19:30,235] {processor.py:654} INFO - DAG(s) dict_keys(['example_xcom']) retrieved from /home/airflow/.local/lib/python3.7/site-packages/airflow/example_dags/example_xcom.py
[2022-07-22 22:19:30,432] {logging_mixin.py:109} INFO - [2022-07-22 22:19:30,432] {dag.py:2396} INFO - Sync 1 DAGs
[2022-07-22 22:19:30,442] {logging_mixin.py:109} INFO - [2022-07-22 22:19:30,442] {dag.py:2935} INFO - Setting next_dagrun for example_xcom to 2021-01-01T00:00:00+00:00
[2022-07-22 22:19:30,449] {processor.py:171} INFO - Processing /home/airflow/.local/lib/python3.7/site-packages/airflow/example_dags/example_xcom.py took 0.239 seconds
[2022-07-22 22:20:01,224] {processor.py:163} INFO - Started process (PID=2626) to work on /home/airflow/.local/lib/python3.7/site-packages/airflow/example_dags/example_xcom.py
[2022-07-22 22:20:01,224] {processor.py:642} INFO - Processing file /home/airflow/.local/lib/python3.7/site-packages/airflow/example_dags/example_xcom.py for tasks to queue
[2022-07-22 22:20:01,225] {logging_mixin.py:109} INFO - [2022-07-22 22:20:01,224] {dagbag.py:500} INFO - Filling up the DagBag from /home/airflow/.local/lib/python3.7/site-packages/airflow/example_dags/example_xcom.py
[2022-07-22 22:20:01,246] {processor.py:654} INFO - DAG(s) dict_keys(['example_xcom']) retrieved from /home/airflow/.local/lib/python3.7/site-packages/airflow/example_dags/example_xcom.py
[2022-07-22 22:20:01,445] {logging_mixin.py:109} INFO - [2022-07-22 22:20:01,445] {dag.py:2396} INFO - Sync 1 DAGs
[2022-07-22 22:20:01,454] {logging_mixin.py:109} INFO - [2022-07-22 22:20:01,454] {dag.py:2935} INFO - Setting next_dagrun for example_xcom to 2021-01-01T00:00:00+00:00
[2022-07-22 22:20:01,462] {processor.py:171} INFO - Processing /home/airflow/.local/lib/python3.7/site-packages/airflow/example_dags/example_xcom.py took 0.240 seconds
[2022-07-22 22:20:31,571] {processor.py:163} INFO - Started process (PID=2676) to work on /home/airflow/.local/lib/python3.7/site-packages/airflow/example_dags/example_xcom.py
[2022-07-22 22:20:31,572] {processor.py:642} INFO - Processing file /home/airflow/.local/lib/python3.7/site-packages/airflow/example_dags/example_xcom.py for tasks to queue
[2022-07-22 22:20:31,573] {logging_mixin.py:109} INFO - [2022-07-22 22:20:31,573] {dagbag.py:500} INFO - Filling up the DagBag from /home/airflow/.local/lib/python3.7/site-packages/airflow/example_dags/example_xcom.py
[2022-07-22 22:20:31,595] {processor.py:654} INFO - DAG(s) dict_keys(['example_xcom']) retrieved from /home/airflow/.local/lib/python3.7/site-packages/airflow/example_dags/example_xcom.py
[2022-07-22 22:20:31,806] {logging_mixin.py:109} INFO - [2022-07-22 22:20:31,806] {dag.py:2396} INFO - Sync 1 DAGs
[2022-07-22 22:20:31,817] {logging_mixin.py:109} INFO - [2022-07-22 22:20:31,817] {dag.py:2935} INFO - Setting next_dagrun for example_xcom to 2021-01-01T00:00:00+00:00
[2022-07-22 22:20:31,824] {processor.py:171} INFO - Processing /home/airflow/.local/lib/python3.7/site-packages/airflow/example_dags/example_xcom.py took 0.254 seconds
[2022-07-22 22:21:01,942] {processor.py:163} INFO - Started process (PID=2735) to work on /home/airflow/.local/lib/python3.7/site-packages/airflow/example_dags/example_xcom.py
[2022-07-22 22:21:01,942] {processor.py:642} INFO - Processing file /home/airflow/.local/lib/python3.7/site-packages/airflow/example_dags/example_xcom.py for tasks to queue
[2022-07-22 22:21:01,943] {logging_mixin.py:109} INFO - [2022-07-22 22:21:01,942] {dagbag.py:500} INFO - Filling up the DagBag from /home/airflow/.local/lib/python3.7/site-packages/airflow/example_dags/example_xcom.py
[2022-07-22 22:21:01,965] {processor.py:654} INFO - DAG(s) dict_keys(['example_xcom']) retrieved from /home/airflow/.local/lib/python3.7/site-packages/airflow/example_dags/example_xcom.py
[2022-07-22 22:21:02,182] {logging_mixin.py:109} INFO - [2022-07-22 22:21:02,182] {dag.py:2396} INFO - Sync 1 DAGs
[2022-07-22 22:21:02,194] {logging_mixin.py:109} INFO - [2022-07-22 22:21:02,194] {dag.py:2935} INFO - Setting next_dagrun for example_xcom to 2021-01-01T00:00:00+00:00
[2022-07-22 22:21:02,201] {processor.py:171} INFO - Processing /home/airflow/.local/lib/python3.7/site-packages/airflow/example_dags/example_xcom.py took 0.262 seconds
[2022-07-22 22:21:32,805] {processor.py:163} INFO - Started process (PID=2786) to work on /home/airflow/.local/lib/python3.7/site-packages/airflow/example_dags/example_xcom.py
[2022-07-22 22:21:32,806] {processor.py:642} INFO - Processing file /home/airflow/.local/lib/python3.7/site-packages/airflow/example_dags/example_xcom.py for tasks to queue
[2022-07-22 22:21:32,806] {logging_mixin.py:109} INFO - [2022-07-22 22:21:32,806] {dagbag.py:500} INFO - Filling up the DagBag from /home/airflow/.local/lib/python3.7/site-packages/airflow/example_dags/example_xcom.py
[2022-07-22 22:21:32,828] {processor.py:654} INFO - DAG(s) dict_keys(['example_xcom']) retrieved from /home/airflow/.local/lib/python3.7/site-packages/airflow/example_dags/example_xcom.py
[2022-07-22 22:21:33,043] {logging_mixin.py:109} INFO - [2022-07-22 22:21:33,043] {dag.py:2396} INFO - Sync 1 DAGs
[2022-07-22 22:21:33,055] {logging_mixin.py:109} INFO - [2022-07-22 22:21:33,054] {dag.py:2935} INFO - Setting next_dagrun for example_xcom to 2021-01-01T00:00:00+00:00
[2022-07-22 22:21:33,062] {processor.py:171} INFO - Processing /home/airflow/.local/lib/python3.7/site-packages/airflow/example_dags/example_xcom.py took 0.259 seconds
[2022-07-22 22:22:03,367] {processor.py:163} INFO - Started process (PID=2844) to work on /home/airflow/.local/lib/python3.7/site-packages/airflow/example_dags/example_xcom.py
[2022-07-22 22:22:03,368] {processor.py:642} INFO - Processing file /home/airflow/.local/lib/python3.7/site-packages/airflow/example_dags/example_xcom.py for tasks to queue
[2022-07-22 22:22:03,369] {logging_mixin.py:109} INFO - [2022-07-22 22:22:03,368] {dagbag.py:500} INFO - Filling up the DagBag from /home/airflow/.local/lib/python3.7/site-packages/airflow/example_dags/example_xcom.py
[2022-07-22 22:22:03,459] {processor.py:654} INFO - DAG(s) dict_keys(['example_xcom']) retrieved from /home/airflow/.local/lib/python3.7/site-packages/airflow/example_dags/example_xcom.py
[2022-07-22 22:22:03,602] {logging_mixin.py:109} INFO - [2022-07-22 22:22:03,602] {dag.py:2396} INFO - Sync 1 DAGs
[2022-07-22 22:22:03,612] {logging_mixin.py:109} INFO - [2022-07-22 22:22:03,612] {dag.py:2935} INFO - Setting next_dagrun for example_xcom to 2021-01-01T00:00:00+00:00
[2022-07-22 22:22:03,621] {processor.py:171} INFO - Processing /home/airflow/.local/lib/python3.7/site-packages/airflow/example_dags/example_xcom.py took 0.255 seconds
[2022-07-22 22:22:34,248] {processor.py:163} INFO - Started process (PID=2903) to work on /home/airflow/.local/lib/python3.7/site-packages/airflow/example_dags/example_xcom.py
[2022-07-22 22:22:34,248] {processor.py:642} INFO - Processing file /home/airflow/.local/lib/python3.7/site-packages/airflow/example_dags/example_xcom.py for tasks to queue
[2022-07-22 22:22:34,249] {logging_mixin.py:109} INFO - [2022-07-22 22:22:34,249] {dagbag.py:500} INFO - Filling up the DagBag from /home/airflow/.local/lib/python3.7/site-packages/airflow/example_dags/example_xcom.py
[2022-07-22 22:22:34,348] {processor.py:654} INFO - DAG(s) dict_keys(['example_xcom']) retrieved from /home/airflow/.local/lib/python3.7/site-packages/airflow/example_dags/example_xcom.py
[2022-07-22 22:22:34,490] {logging_mixin.py:109} INFO - [2022-07-22 22:22:34,490] {dag.py:2396} INFO - Sync 1 DAGs
[2022-07-22 22:22:34,499] {logging_mixin.py:109} INFO - [2022-07-22 22:22:34,499] {dag.py:2935} INFO - Setting next_dagrun for example_xcom to 2021-01-01T00:00:00+00:00
[2022-07-22 22:22:34,506] {processor.py:171} INFO - Processing /home/airflow/.local/lib/python3.7/site-packages/airflow/example_dags/example_xcom.py took 0.260 seconds
[2022-07-22 22:23:04,790] {processor.py:163} INFO - Started process (PID=2953) to work on /home/airflow/.local/lib/python3.7/site-packages/airflow/example_dags/example_xcom.py
[2022-07-22 22:23:04,791] {processor.py:642} INFO - Processing file /home/airflow/.local/lib/python3.7/site-packages/airflow/example_dags/example_xcom.py for tasks to queue
[2022-07-22 22:23:04,791] {logging_mixin.py:109} INFO - [2022-07-22 22:23:04,791] {dagbag.py:500} INFO - Filling up the DagBag from /home/airflow/.local/lib/python3.7/site-packages/airflow/example_dags/example_xcom.py
[2022-07-22 22:23:04,879] {processor.py:654} INFO - DAG(s) dict_keys(['example_xcom']) retrieved from /home/airflow/.local/lib/python3.7/site-packages/airflow/example_dags/example_xcom.py
[2022-07-22 22:23:05,018] {logging_mixin.py:109} INFO - [2022-07-22 22:23:05,018] {dag.py:2396} INFO - Sync 1 DAGs
[2022-07-22 22:23:05,027] {logging_mixin.py:109} INFO - [2022-07-22 22:23:05,027] {dag.py:2935} INFO - Setting next_dagrun for example_xcom to 2021-01-01T00:00:00+00:00
[2022-07-22 22:23:05,034] {processor.py:171} INFO - Processing /home/airflow/.local/lib/python3.7/site-packages/airflow/example_dags/example_xcom.py took 0.246 seconds
[2022-07-22 22:23:35,459] {processor.py:163} INFO - Started process (PID=3012) to work on /home/airflow/.local/lib/python3.7/site-packages/airflow/example_dags/example_xcom.py
[2022-07-22 22:23:35,460] {processor.py:642} INFO - Processing file /home/airflow/.local/lib/python3.7/site-packages/airflow/example_dags/example_xcom.py for tasks to queue
[2022-07-22 22:23:35,461] {logging_mixin.py:109} INFO - [2022-07-22 22:23:35,460] {dagbag.py:500} INFO - Filling up the DagBag from /home/airflow/.local/lib/python3.7/site-packages/airflow/example_dags/example_xcom.py
[2022-07-22 22:23:35,552] {processor.py:654} INFO - DAG(s) dict_keys(['example_xcom']) retrieved from /home/airflow/.local/lib/python3.7/site-packages/airflow/example_dags/example_xcom.py
[2022-07-22 22:23:35,693] {logging_mixin.py:109} INFO - [2022-07-22 22:23:35,693] {dag.py:2396} INFO - Sync 1 DAGs
[2022-07-22 22:23:35,703] {logging_mixin.py:109} INFO - [2022-07-22 22:23:35,703] {dag.py:2935} INFO - Setting next_dagrun for example_xcom to 2021-01-01T00:00:00+00:00
[2022-07-22 22:23:35,710] {processor.py:171} INFO - Processing /home/airflow/.local/lib/python3.7/site-packages/airflow/example_dags/example_xcom.py took 0.252 seconds
[2022-07-22 22:24:06,421] {processor.py:163} INFO - Started process (PID=3062) to work on /home/airflow/.local/lib/python3.7/site-packages/airflow/example_dags/example_xcom.py
[2022-07-22 22:24:06,422] {processor.py:642} INFO - Processing file /home/airflow/.local/lib/python3.7/site-packages/airflow/example_dags/example_xcom.py for tasks to queue
[2022-07-22 22:24:06,423] {logging_mixin.py:109} INFO - [2022-07-22 22:24:06,422] {dagbag.py:500} INFO - Filling up the DagBag from /home/airflow/.local/lib/python3.7/site-packages/airflow/example_dags/example_xcom.py
[2022-07-22 22:24:06,522] {processor.py:654} INFO - DAG(s) dict_keys(['example_xcom']) retrieved from /home/airflow/.local/lib/python3.7/site-packages/airflow/example_dags/example_xcom.py
[2022-07-22 22:24:06,690] {logging_mixin.py:109} INFO - [2022-07-22 22:24:06,690] {dag.py:2396} INFO - Sync 1 DAGs
[2022-07-22 22:24:06,700] {logging_mixin.py:109} INFO - [2022-07-22 22:24:06,700] {dag.py:2935} INFO - Setting next_dagrun for example_xcom to 2021-01-01T00:00:00+00:00
[2022-07-22 22:24:06,707] {processor.py:171} INFO - Processing /home/airflow/.local/lib/python3.7/site-packages/airflow/example_dags/example_xcom.py took 0.288 seconds
[2022-07-22 22:24:37,033] {processor.py:163} INFO - Started process (PID=3121) to work on /home/airflow/.local/lib/python3.7/site-packages/airflow/example_dags/example_xcom.py
[2022-07-22 22:24:37,033] {processor.py:642} INFO - Processing file /home/airflow/.local/lib/python3.7/site-packages/airflow/example_dags/example_xcom.py for tasks to queue
[2022-07-22 22:24:37,034] {logging_mixin.py:109} INFO - [2022-07-22 22:24:37,034] {dagbag.py:500} INFO - Filling up the DagBag from /home/airflow/.local/lib/python3.7/site-packages/airflow/example_dags/example_xcom.py
[2022-07-22 22:24:37,123] {processor.py:654} INFO - DAG(s) dict_keys(['example_xcom']) retrieved from /home/airflow/.local/lib/python3.7/site-packages/airflow/example_dags/example_xcom.py
[2022-07-22 22:24:37,262] {logging_mixin.py:109} INFO - [2022-07-22 22:24:37,261] {dag.py:2396} INFO - Sync 1 DAGs
[2022-07-22 22:24:37,271] {logging_mixin.py:109} INFO - [2022-07-22 22:24:37,271] {dag.py:2935} INFO - Setting next_dagrun for example_xcom to 2021-01-01T00:00:00+00:00
[2022-07-22 22:24:37,278] {processor.py:171} INFO - Processing /home/airflow/.local/lib/python3.7/site-packages/airflow/example_dags/example_xcom.py took 0.247 seconds
[2022-07-22 22:25:07,676] {processor.py:163} INFO - Started process (PID=3179) to work on /home/airflow/.local/lib/python3.7/site-packages/airflow/example_dags/example_xcom.py
[2022-07-22 22:25:07,677] {processor.py:642} INFO - Processing file /home/airflow/.local/lib/python3.7/site-packages/airflow/example_dags/example_xcom.py for tasks to queue
[2022-07-22 22:25:07,678] {logging_mixin.py:109} INFO - [2022-07-22 22:25:07,678] {dagbag.py:500} INFO - Filling up the DagBag from /home/airflow/.local/lib/python3.7/site-packages/airflow/example_dags/example_xcom.py
[2022-07-22 22:25:07,773] {processor.py:654} INFO - DAG(s) dict_keys(['example_xcom']) retrieved from /home/airflow/.local/lib/python3.7/site-packages/airflow/example_dags/example_xcom.py
[2022-07-22 22:25:07,917] {logging_mixin.py:109} INFO - [2022-07-22 22:25:07,917] {dag.py:2396} INFO - Sync 1 DAGs
[2022-07-22 22:25:07,927] {logging_mixin.py:109} INFO - [2022-07-22 22:25:07,927] {dag.py:2935} INFO - Setting next_dagrun for example_xcom to 2021-01-01T00:00:00+00:00
[2022-07-22 22:25:07,934] {processor.py:171} INFO - Processing /home/airflow/.local/lib/python3.7/site-packages/airflow/example_dags/example_xcom.py took 0.259 seconds
[2022-07-22 22:25:38,456] {processor.py:163} INFO - Started process (PID=3229) to work on /home/airflow/.local/lib/python3.7/site-packages/airflow/example_dags/example_xcom.py
[2022-07-22 22:25:38,457] {processor.py:642} INFO - Processing file /home/airflow/.local/lib/python3.7/site-packages/airflow/example_dags/example_xcom.py for tasks to queue
[2022-07-22 22:25:38,457] {logging_mixin.py:109} INFO - [2022-07-22 22:25:38,457] {dagbag.py:500} INFO - Filling up the DagBag from /home/airflow/.local/lib/python3.7/site-packages/airflow/example_dags/example_xcom.py
[2022-07-22 22:25:38,478] {processor.py:654} INFO - DAG(s) dict_keys(['example_xcom']) retrieved from /home/airflow/.local/lib/python3.7/site-packages/airflow/example_dags/example_xcom.py
[2022-07-22 22:25:38,619] {logging_mixin.py:109} INFO - [2022-07-22 22:25:38,618] {dag.py:2396} INFO - Sync 1 DAGs
[2022-07-22 22:25:38,628] {logging_mixin.py:109} INFO - [2022-07-22 22:25:38,628] {dag.py:2935} INFO - Setting next_dagrun for example_xcom to 2021-01-01T00:00:00+00:00
[2022-07-22 22:25:38,636] {processor.py:171} INFO - Processing /home/airflow/.local/lib/python3.7/site-packages/airflow/example_dags/example_xcom.py took 0.181 seconds
[2022-07-22 22:26:09,046] {processor.py:163} INFO - Started process (PID=3288) to work on /home/airflow/.local/lib/python3.7/site-packages/airflow/example_dags/example_xcom.py
[2022-07-22 22:26:09,047] {processor.py:642} INFO - Processing file /home/airflow/.local/lib/python3.7/site-packages/airflow/example_dags/example_xcom.py for tasks to queue
[2022-07-22 22:26:09,048] {logging_mixin.py:109} INFO - [2022-07-22 22:26:09,048] {dagbag.py:500} INFO - Filling up the DagBag from /home/airflow/.local/lib/python3.7/site-packages/airflow/example_dags/example_xcom.py
[2022-07-22 22:26:09,070] {processor.py:654} INFO - DAG(s) dict_keys(['example_xcom']) retrieved from /home/airflow/.local/lib/python3.7/site-packages/airflow/example_dags/example_xcom.py
[2022-07-22 22:26:09,216] {logging_mixin.py:109} INFO - [2022-07-22 22:26:09,215] {dag.py:2396} INFO - Sync 1 DAGs
[2022-07-22 22:26:09,226] {logging_mixin.py:109} INFO - [2022-07-22 22:26:09,226] {dag.py:2935} INFO - Setting next_dagrun for example_xcom to 2021-01-01T00:00:00+00:00
[2022-07-22 22:26:09,233] {processor.py:171} INFO - Processing /home/airflow/.local/lib/python3.7/site-packages/airflow/example_dags/example_xcom.py took 0.188 seconds
[2022-07-22 22:26:39,512] {processor.py:163} INFO - Started process (PID=3340) to work on /home/airflow/.local/lib/python3.7/site-packages/airflow/example_dags/example_xcom.py
[2022-07-22 22:26:39,513] {processor.py:642} INFO - Processing file /home/airflow/.local/lib/python3.7/site-packages/airflow/example_dags/example_xcom.py for tasks to queue
[2022-07-22 22:26:39,513] {logging_mixin.py:109} INFO - [2022-07-22 22:26:39,513] {dagbag.py:500} INFO - Filling up the DagBag from /home/airflow/.local/lib/python3.7/site-packages/airflow/example_dags/example_xcom.py
[2022-07-22 22:26:39,534] {processor.py:654} INFO - DAG(s) dict_keys(['example_xcom']) retrieved from /home/airflow/.local/lib/python3.7/site-packages/airflow/example_dags/example_xcom.py
[2022-07-22 22:26:39,679] {logging_mixin.py:109} INFO - [2022-07-22 22:26:39,679] {dag.py:2396} INFO - Sync 1 DAGs
[2022-07-22 22:26:39,689] {logging_mixin.py:109} INFO - [2022-07-22 22:26:39,689] {dag.py:2935} INFO - Setting next_dagrun for example_xcom to 2021-01-01T00:00:00+00:00
[2022-07-22 22:26:39,696] {processor.py:171} INFO - Processing /home/airflow/.local/lib/python3.7/site-packages/airflow/example_dags/example_xcom.py took 0.186 seconds
[2022-07-22 22:27:09,935] {processor.py:163} INFO - Started process (PID=3399) to work on /home/airflow/.local/lib/python3.7/site-packages/airflow/example_dags/example_xcom.py
[2022-07-22 22:27:09,936] {processor.py:642} INFO - Processing file /home/airflow/.local/lib/python3.7/site-packages/airflow/example_dags/example_xcom.py for tasks to queue
[2022-07-22 22:27:09,937] {logging_mixin.py:109} INFO - [2022-07-22 22:27:09,937] {dagbag.py:500} INFO - Filling up the DagBag from /home/airflow/.local/lib/python3.7/site-packages/airflow/example_dags/example_xcom.py
[2022-07-22 22:27:09,958] {processor.py:654} INFO - DAG(s) dict_keys(['example_xcom']) retrieved from /home/airflow/.local/lib/python3.7/site-packages/airflow/example_dags/example_xcom.py
[2022-07-22 22:27:10,101] {logging_mixin.py:109} INFO - [2022-07-22 22:27:10,101] {dag.py:2396} INFO - Sync 1 DAGs
[2022-07-22 22:27:10,111] {logging_mixin.py:109} INFO - [2022-07-22 22:27:10,111] {dag.py:2935} INFO - Setting next_dagrun for example_xcom to 2021-01-01T00:00:00+00:00
[2022-07-22 22:27:10,118] {processor.py:171} INFO - Processing /home/airflow/.local/lib/python3.7/site-packages/airflow/example_dags/example_xcom.py took 0.184 seconds
[2022-07-22 22:27:40,350] {processor.py:163} INFO - Started process (PID=3458) to work on /home/airflow/.local/lib/python3.7/site-packages/airflow/example_dags/example_xcom.py
[2022-07-22 22:27:40,351] {processor.py:642} INFO - Processing file /home/airflow/.local/lib/python3.7/site-packages/airflow/example_dags/example_xcom.py for tasks to queue
[2022-07-22 22:27:40,351] {logging_mixin.py:109} INFO - [2022-07-22 22:27:40,351] {dagbag.py:500} INFO - Filling up the DagBag from /home/airflow/.local/lib/python3.7/site-packages/airflow/example_dags/example_xcom.py
[2022-07-22 22:27:40,373] {processor.py:654} INFO - DAG(s) dict_keys(['example_xcom']) retrieved from /home/airflow/.local/lib/python3.7/site-packages/airflow/example_dags/example_xcom.py
[2022-07-22 22:27:40,514] {logging_mixin.py:109} INFO - [2022-07-22 22:27:40,514] {dag.py:2396} INFO - Sync 1 DAGs
[2022-07-22 22:27:40,524] {logging_mixin.py:109} INFO - [2022-07-22 22:27:40,524] {dag.py:2935} INFO - Setting next_dagrun for example_xcom to 2021-01-01T00:00:00+00:00
[2022-07-22 22:27:40,531] {processor.py:171} INFO - Processing /home/airflow/.local/lib/python3.7/site-packages/airflow/example_dags/example_xcom.py took 0.182 seconds
[2022-07-22 22:28:10,578] {processor.py:163} INFO - Started process (PID=3506) to work on /home/airflow/.local/lib/python3.7/site-packages/airflow/example_dags/example_xcom.py
[2022-07-22 22:28:10,579] {processor.py:642} INFO - Processing file /home/airflow/.local/lib/python3.7/site-packages/airflow/example_dags/example_xcom.py for tasks to queue
[2022-07-22 22:28:10,579] {logging_mixin.py:109} INFO - [2022-07-22 22:28:10,579] {dagbag.py:500} INFO - Filling up the DagBag from /home/airflow/.local/lib/python3.7/site-packages/airflow/example_dags/example_xcom.py
[2022-07-22 22:28:10,600] {processor.py:654} INFO - DAG(s) dict_keys(['example_xcom']) retrieved from /home/airflow/.local/lib/python3.7/site-packages/airflow/example_dags/example_xcom.py
[2022-07-22 22:28:10,741] {logging_mixin.py:109} INFO - [2022-07-22 22:28:10,741] {dag.py:2396} INFO - Sync 1 DAGs
[2022-07-22 22:28:10,751] {logging_mixin.py:109} INFO - [2022-07-22 22:28:10,751] {dag.py:2935} INFO - Setting next_dagrun for example_xcom to 2021-01-01T00:00:00+00:00
[2022-07-22 22:28:10,758] {processor.py:171} INFO - Processing /home/airflow/.local/lib/python3.7/site-packages/airflow/example_dags/example_xcom.py took 0.182 seconds
