[2022-07-22 21:53:59,039] {processor.py:163} INFO - Started process (PID=107) to work on /home/airflow/.local/lib/python3.7/site-packages/airflow/example_dags/example_branch_labels.py
[2022-07-22 21:53:59,039] {processor.py:642} INFO - Processing file /home/airflow/.local/lib/python3.7/site-packages/airflow/example_dags/example_branch_labels.py for tasks to queue
[2022-07-22 21:53:59,040] {logging_mixin.py:109} INFO - [2022-07-22 21:53:59,040] {dagbag.py:500} INFO - Filling up the DagBag from /home/airflow/.local/lib/python3.7/site-packages/airflow/example_dags/example_branch_labels.py
[2022-07-22 21:53:59,058] {processor.py:654} INFO - DAG(s) dict_keys(['example_branch_labels']) retrieved from /home/airflow/.local/lib/python3.7/site-packages/airflow/example_dags/example_branch_labels.py
[2022-07-22 21:54:00,971] {logging_mixin.py:109} INFO - [2022-07-22 21:54:00,971] {manager.py:496} INFO - Created Permission View: can read on DAG:example_branch_labels
[2022-07-22 21:54:00,976] {logging_mixin.py:109} INFO - [2022-07-22 21:54:00,976] {manager.py:496} INFO - Created Permission View: can edit on DAG:example_branch_labels
[2022-07-22 21:54:00,977] {logging_mixin.py:109} INFO - [2022-07-22 21:54:00,976] {dag.py:2396} INFO - Sync 1 DAGs
[2022-07-22 21:54:00,982] {logging_mixin.py:109} INFO - [2022-07-22 21:54:00,982] {dag.py:2415} INFO - Creating ORM DAG for example_branch_labels
[2022-07-22 21:54:00,988] {logging_mixin.py:109} INFO - [2022-07-22 21:54:00,988] {dag.py:2935} INFO - Setting next_dagrun for example_branch_labels to 2022-07-21 00:00:00+00:00
[2022-07-22 21:54:00,995] {processor.py:171} INFO - Processing /home/airflow/.local/lib/python3.7/site-packages/airflow/example_dags/example_branch_labels.py took 1.958 seconds
[2022-07-22 21:54:31,453] {processor.py:163} INFO - Started process (PID=590) to work on /home/airflow/.local/lib/python3.7/site-packages/airflow/example_dags/example_branch_labels.py
[2022-07-22 21:54:31,454] {processor.py:642} INFO - Processing file /home/airflow/.local/lib/python3.7/site-packages/airflow/example_dags/example_branch_labels.py for tasks to queue
[2022-07-22 21:54:31,454] {logging_mixin.py:109} INFO - [2022-07-22 21:54:31,454] {dagbag.py:500} INFO - Filling up the DagBag from /home/airflow/.local/lib/python3.7/site-packages/airflow/example_dags/example_branch_labels.py
[2022-07-22 21:54:31,471] {processor.py:654} INFO - DAG(s) dict_keys(['example_branch_labels']) retrieved from /home/airflow/.local/lib/python3.7/site-packages/airflow/example_dags/example_branch_labels.py
[2022-07-22 21:54:31,478] {logging_mixin.py:109} INFO - [2022-07-22 21:54:31,478] {dag.py:2396} INFO - Sync 1 DAGs
[2022-07-22 21:54:31,489] {logging_mixin.py:109} INFO - [2022-07-22 21:54:31,489] {dag.py:2935} INFO - Setting next_dagrun for example_branch_labels to 2022-07-21 00:00:00+00:00
[2022-07-22 21:54:31,494] {processor.py:171} INFO - Processing /home/airflow/.local/lib/python3.7/site-packages/airflow/example_dags/example_branch_labels.py took 0.043 seconds
[2022-07-22 21:55:01,649] {processor.py:163} INFO - Started process (PID=649) to work on /home/airflow/.local/lib/python3.7/site-packages/airflow/example_dags/example_branch_labels.py
[2022-07-22 21:55:01,650] {processor.py:642} INFO - Processing file /home/airflow/.local/lib/python3.7/site-packages/airflow/example_dags/example_branch_labels.py for tasks to queue
[2022-07-22 21:55:01,650] {logging_mixin.py:109} INFO - [2022-07-22 21:55:01,650] {dagbag.py:500} INFO - Filling up the DagBag from /home/airflow/.local/lib/python3.7/site-packages/airflow/example_dags/example_branch_labels.py
[2022-07-22 21:55:01,670] {processor.py:654} INFO - DAG(s) dict_keys(['example_branch_labels']) retrieved from /home/airflow/.local/lib/python3.7/site-packages/airflow/example_dags/example_branch_labels.py
[2022-07-22 21:55:01,679] {logging_mixin.py:109} INFO - [2022-07-22 21:55:01,679] {dag.py:2396} INFO - Sync 1 DAGs
[2022-07-22 21:55:01,693] {logging_mixin.py:109} INFO - [2022-07-22 21:55:01,692] {dag.py:2935} INFO - Setting next_dagrun for example_branch_labels to 2022-07-21 00:00:00+00:00
[2022-07-22 21:55:01,698] {processor.py:171} INFO - Processing /home/airflow/.local/lib/python3.7/site-packages/airflow/example_dags/example_branch_labels.py took 0.051 seconds
[2022-07-22 21:55:31,966] {processor.py:163} INFO - Started process (PID=708) to work on /home/airflow/.local/lib/python3.7/site-packages/airflow/example_dags/example_branch_labels.py
[2022-07-22 21:55:31,967] {processor.py:642} INFO - Processing file /home/airflow/.local/lib/python3.7/site-packages/airflow/example_dags/example_branch_labels.py for tasks to queue
[2022-07-22 21:55:31,967] {logging_mixin.py:109} INFO - [2022-07-22 21:55:31,967] {dagbag.py:500} INFO - Filling up the DagBag from /home/airflow/.local/lib/python3.7/site-packages/airflow/example_dags/example_branch_labels.py
[2022-07-22 21:55:31,985] {processor.py:654} INFO - DAG(s) dict_keys(['example_branch_labels']) retrieved from /home/airflow/.local/lib/python3.7/site-packages/airflow/example_dags/example_branch_labels.py
[2022-07-22 21:55:31,992] {logging_mixin.py:109} INFO - [2022-07-22 21:55:31,992] {dag.py:2396} INFO - Sync 1 DAGs
[2022-07-22 21:55:32,004] {logging_mixin.py:109} INFO - [2022-07-22 21:55:32,004] {dag.py:2935} INFO - Setting next_dagrun for example_branch_labels to 2022-07-21 00:00:00+00:00
[2022-07-22 21:55:32,010] {processor.py:171} INFO - Processing /home/airflow/.local/lib/python3.7/site-packages/airflow/example_dags/example_branch_labels.py took 0.045 seconds
[2022-07-22 21:56:26,650] {processor.py:163} INFO - Started process (PID=51) to work on /home/airflow/.local/lib/python3.7/site-packages/airflow/example_dags/example_branch_labels.py
[2022-07-22 21:56:26,651] {processor.py:642} INFO - Processing file /home/airflow/.local/lib/python3.7/site-packages/airflow/example_dags/example_branch_labels.py for tasks to queue
[2022-07-22 21:56:26,651] {logging_mixin.py:109} INFO - [2022-07-22 21:56:26,651] {dagbag.py:500} INFO - Filling up the DagBag from /home/airflow/.local/lib/python3.7/site-packages/airflow/example_dags/example_branch_labels.py
[2022-07-22 21:56:26,670] {processor.py:654} INFO - DAG(s) dict_keys(['example_branch_labels']) retrieved from /home/airflow/.local/lib/python3.7/site-packages/airflow/example_dags/example_branch_labels.py
[2022-07-22 21:56:26,677] {logging_mixin.py:109} INFO - [2022-07-22 21:56:26,676] {dag.py:2396} INFO - Sync 1 DAGs
[2022-07-22 21:56:26,688] {logging_mixin.py:109} INFO - [2022-07-22 21:56:26,688] {dag.py:2935} INFO - Setting next_dagrun for example_branch_labels to 2022-07-21 00:00:00+00:00
[2022-07-22 21:56:26,694] {processor.py:171} INFO - Processing /home/airflow/.local/lib/python3.7/site-packages/airflow/example_dags/example_branch_labels.py took 0.046 seconds
[2022-07-22 21:56:57,620] {processor.py:163} INFO - Started process (PID=111) to work on /home/airflow/.local/lib/python3.7/site-packages/airflow/example_dags/example_branch_labels.py
[2022-07-22 21:56:57,621] {processor.py:642} INFO - Processing file /home/airflow/.local/lib/python3.7/site-packages/airflow/example_dags/example_branch_labels.py for tasks to queue
[2022-07-22 21:56:57,621] {logging_mixin.py:109} INFO - [2022-07-22 21:56:57,621] {dagbag.py:500} INFO - Filling up the DagBag from /home/airflow/.local/lib/python3.7/site-packages/airflow/example_dags/example_branch_labels.py
[2022-07-22 21:56:57,639] {processor.py:654} INFO - DAG(s) dict_keys(['example_branch_labels']) retrieved from /home/airflow/.local/lib/python3.7/site-packages/airflow/example_dags/example_branch_labels.py
[2022-07-22 21:56:57,646] {logging_mixin.py:109} INFO - [2022-07-22 21:56:57,646] {dag.py:2396} INFO - Sync 1 DAGs
[2022-07-22 21:56:57,658] {logging_mixin.py:109} INFO - [2022-07-22 21:56:57,657] {dag.py:2935} INFO - Setting next_dagrun for example_branch_labels to 2022-07-21 00:00:00+00:00
[2022-07-22 21:56:57,663] {processor.py:171} INFO - Processing /home/airflow/.local/lib/python3.7/site-packages/airflow/example_dags/example_branch_labels.py took 0.045 seconds
[2022-07-22 21:57:28,291] {processor.py:163} INFO - Started process (PID=170) to work on /home/airflow/.local/lib/python3.7/site-packages/airflow/example_dags/example_branch_labels.py
[2022-07-22 21:57:28,292] {processor.py:642} INFO - Processing file /home/airflow/.local/lib/python3.7/site-packages/airflow/example_dags/example_branch_labels.py for tasks to queue
[2022-07-22 21:57:28,292] {logging_mixin.py:109} INFO - [2022-07-22 21:57:28,292] {dagbag.py:500} INFO - Filling up the DagBag from /home/airflow/.local/lib/python3.7/site-packages/airflow/example_dags/example_branch_labels.py
[2022-07-22 21:57:28,310] {processor.py:654} INFO - DAG(s) dict_keys(['example_branch_labels']) retrieved from /home/airflow/.local/lib/python3.7/site-packages/airflow/example_dags/example_branch_labels.py
[2022-07-22 21:57:28,317] {logging_mixin.py:109} INFO - [2022-07-22 21:57:28,317] {dag.py:2396} INFO - Sync 1 DAGs
[2022-07-22 21:57:28,328] {logging_mixin.py:109} INFO - [2022-07-22 21:57:28,328] {dag.py:2935} INFO - Setting next_dagrun for example_branch_labels to 2022-07-21 00:00:00+00:00
[2022-07-22 21:57:28,334] {processor.py:171} INFO - Processing /home/airflow/.local/lib/python3.7/site-packages/airflow/example_dags/example_branch_labels.py took 0.045 seconds
[2022-07-22 21:57:59,056] {processor.py:163} INFO - Started process (PID=220) to work on /home/airflow/.local/lib/python3.7/site-packages/airflow/example_dags/example_branch_labels.py
[2022-07-22 21:57:59,057] {processor.py:642} INFO - Processing file /home/airflow/.local/lib/python3.7/site-packages/airflow/example_dags/example_branch_labels.py for tasks to queue
[2022-07-22 21:57:59,058] {logging_mixin.py:109} INFO - [2022-07-22 21:57:59,058] {dagbag.py:500} INFO - Filling up the DagBag from /home/airflow/.local/lib/python3.7/site-packages/airflow/example_dags/example_branch_labels.py
[2022-07-22 21:57:59,077] {processor.py:654} INFO - DAG(s) dict_keys(['example_branch_labels']) retrieved from /home/airflow/.local/lib/python3.7/site-packages/airflow/example_dags/example_branch_labels.py
[2022-07-22 21:57:59,084] {logging_mixin.py:109} INFO - [2022-07-22 21:57:59,084] {dag.py:2396} INFO - Sync 1 DAGs
[2022-07-22 21:57:59,097] {logging_mixin.py:109} INFO - [2022-07-22 21:57:59,097] {dag.py:2935} INFO - Setting next_dagrun for example_branch_labels to 2022-07-21 00:00:00+00:00
[2022-07-22 21:57:59,103] {processor.py:171} INFO - Processing /home/airflow/.local/lib/python3.7/site-packages/airflow/example_dags/example_branch_labels.py took 0.048 seconds
[2022-07-22 21:58:29,997] {processor.py:163} INFO - Started process (PID=279) to work on /home/airflow/.local/lib/python3.7/site-packages/airflow/example_dags/example_branch_labels.py
[2022-07-22 21:58:29,998] {processor.py:642} INFO - Processing file /home/airflow/.local/lib/python3.7/site-packages/airflow/example_dags/example_branch_labels.py for tasks to queue
[2022-07-22 21:58:29,999] {logging_mixin.py:109} INFO - [2022-07-22 21:58:29,999] {dagbag.py:500} INFO - Filling up the DagBag from /home/airflow/.local/lib/python3.7/site-packages/airflow/example_dags/example_branch_labels.py
[2022-07-22 21:58:30,016] {processor.py:654} INFO - DAG(s) dict_keys(['example_branch_labels']) retrieved from /home/airflow/.local/lib/python3.7/site-packages/airflow/example_dags/example_branch_labels.py
[2022-07-22 21:58:30,023] {logging_mixin.py:109} INFO - [2022-07-22 21:58:30,023] {dag.py:2396} INFO - Sync 1 DAGs
[2022-07-22 21:58:30,035] {logging_mixin.py:109} INFO - [2022-07-22 21:58:30,034] {dag.py:2935} INFO - Setting next_dagrun for example_branch_labels to 2022-07-21 00:00:00+00:00
[2022-07-22 21:58:30,041] {processor.py:171} INFO - Processing /home/airflow/.local/lib/python3.7/site-packages/airflow/example_dags/example_branch_labels.py took 0.045 seconds
[2022-07-22 21:59:00,703] {processor.py:163} INFO - Started process (PID=329) to work on /home/airflow/.local/lib/python3.7/site-packages/airflow/example_dags/example_branch_labels.py
[2022-07-22 21:59:00,704] {processor.py:642} INFO - Processing file /home/airflow/.local/lib/python3.7/site-packages/airflow/example_dags/example_branch_labels.py for tasks to queue
[2022-07-22 21:59:00,704] {logging_mixin.py:109} INFO - [2022-07-22 21:59:00,704] {dagbag.py:500} INFO - Filling up the DagBag from /home/airflow/.local/lib/python3.7/site-packages/airflow/example_dags/example_branch_labels.py
[2022-07-22 21:59:00,721] {processor.py:654} INFO - DAG(s) dict_keys(['example_branch_labels']) retrieved from /home/airflow/.local/lib/python3.7/site-packages/airflow/example_dags/example_branch_labels.py
[2022-07-22 21:59:00,728] {logging_mixin.py:109} INFO - [2022-07-22 21:59:00,728] {dag.py:2396} INFO - Sync 1 DAGs
[2022-07-22 21:59:00,739] {logging_mixin.py:109} INFO - [2022-07-22 21:59:00,739] {dag.py:2935} INFO - Setting next_dagrun for example_branch_labels to 2022-07-21 00:00:00+00:00
[2022-07-22 21:59:00,745] {processor.py:171} INFO - Processing /home/airflow/.local/lib/python3.7/site-packages/airflow/example_dags/example_branch_labels.py took 0.044 seconds
[2022-07-22 21:59:31,502] {processor.py:163} INFO - Started process (PID=388) to work on /home/airflow/.local/lib/python3.7/site-packages/airflow/example_dags/example_branch_labels.py
[2022-07-22 21:59:31,503] {processor.py:642} INFO - Processing file /home/airflow/.local/lib/python3.7/site-packages/airflow/example_dags/example_branch_labels.py for tasks to queue
[2022-07-22 21:59:31,503] {logging_mixin.py:109} INFO - [2022-07-22 21:59:31,503] {dagbag.py:500} INFO - Filling up the DagBag from /home/airflow/.local/lib/python3.7/site-packages/airflow/example_dags/example_branch_labels.py
[2022-07-22 21:59:31,520] {processor.py:654} INFO - DAG(s) dict_keys(['example_branch_labels']) retrieved from /home/airflow/.local/lib/python3.7/site-packages/airflow/example_dags/example_branch_labels.py
[2022-07-22 21:59:31,527] {logging_mixin.py:109} INFO - [2022-07-22 21:59:31,527] {dag.py:2396} INFO - Sync 1 DAGs
[2022-07-22 21:59:31,539] {logging_mixin.py:109} INFO - [2022-07-22 21:59:31,539] {dag.py:2935} INFO - Setting next_dagrun for example_branch_labels to 2022-07-21 00:00:00+00:00
[2022-07-22 21:59:31,545] {processor.py:171} INFO - Processing /home/airflow/.local/lib/python3.7/site-packages/airflow/example_dags/example_branch_labels.py took 0.045 seconds
[2022-07-22 22:00:02,280] {processor.py:163} INFO - Started process (PID=447) to work on /home/airflow/.local/lib/python3.7/site-packages/airflow/example_dags/example_branch_labels.py
[2022-07-22 22:00:02,281] {processor.py:642} INFO - Processing file /home/airflow/.local/lib/python3.7/site-packages/airflow/example_dags/example_branch_labels.py for tasks to queue
[2022-07-22 22:00:02,282] {logging_mixin.py:109} INFO - [2022-07-22 22:00:02,281] {dagbag.py:500} INFO - Filling up the DagBag from /home/airflow/.local/lib/python3.7/site-packages/airflow/example_dags/example_branch_labels.py
[2022-07-22 22:00:02,299] {processor.py:654} INFO - DAG(s) dict_keys(['example_branch_labels']) retrieved from /home/airflow/.local/lib/python3.7/site-packages/airflow/example_dags/example_branch_labels.py
[2022-07-22 22:00:02,305] {logging_mixin.py:109} INFO - [2022-07-22 22:00:02,305] {dag.py:2396} INFO - Sync 1 DAGs
[2022-07-22 22:00:02,317] {logging_mixin.py:109} INFO - [2022-07-22 22:00:02,317] {dag.py:2935} INFO - Setting next_dagrun for example_branch_labels to 2022-07-21 00:00:00+00:00
[2022-07-22 22:00:02,323] {processor.py:171} INFO - Processing /home/airflow/.local/lib/python3.7/site-packages/airflow/example_dags/example_branch_labels.py took 0.044 seconds
[2022-07-22 22:00:32,931] {processor.py:163} INFO - Started process (PID=497) to work on /home/airflow/.local/lib/python3.7/site-packages/airflow/example_dags/example_branch_labels.py
[2022-07-22 22:00:32,931] {processor.py:642} INFO - Processing file /home/airflow/.local/lib/python3.7/site-packages/airflow/example_dags/example_branch_labels.py for tasks to queue
[2022-07-22 22:00:32,932] {logging_mixin.py:109} INFO - [2022-07-22 22:00:32,932] {dagbag.py:500} INFO - Filling up the DagBag from /home/airflow/.local/lib/python3.7/site-packages/airflow/example_dags/example_branch_labels.py
[2022-07-22 22:00:32,949] {processor.py:654} INFO - DAG(s) dict_keys(['example_branch_labels']) retrieved from /home/airflow/.local/lib/python3.7/site-packages/airflow/example_dags/example_branch_labels.py
[2022-07-22 22:00:32,956] {logging_mixin.py:109} INFO - [2022-07-22 22:00:32,956] {dag.py:2396} INFO - Sync 1 DAGs
[2022-07-22 22:00:32,968] {logging_mixin.py:109} INFO - [2022-07-22 22:00:32,968] {dag.py:2935} INFO - Setting next_dagrun for example_branch_labels to 2022-07-21 00:00:00+00:00
[2022-07-22 22:00:32,974] {processor.py:171} INFO - Processing /home/airflow/.local/lib/python3.7/site-packages/airflow/example_dags/example_branch_labels.py took 0.045 seconds
[2022-07-22 22:01:03,593] {processor.py:163} INFO - Started process (PID=556) to work on /home/airflow/.local/lib/python3.7/site-packages/airflow/example_dags/example_branch_labels.py
[2022-07-22 22:01:03,594] {processor.py:642} INFO - Processing file /home/airflow/.local/lib/python3.7/site-packages/airflow/example_dags/example_branch_labels.py for tasks to queue
[2022-07-22 22:01:03,594] {logging_mixin.py:109} INFO - [2022-07-22 22:01:03,594] {dagbag.py:500} INFO - Filling up the DagBag from /home/airflow/.local/lib/python3.7/site-packages/airflow/example_dags/example_branch_labels.py
[2022-07-22 22:01:03,611] {processor.py:654} INFO - DAG(s) dict_keys(['example_branch_labels']) retrieved from /home/airflow/.local/lib/python3.7/site-packages/airflow/example_dags/example_branch_labels.py
[2022-07-22 22:01:03,618] {logging_mixin.py:109} INFO - [2022-07-22 22:01:03,618] {dag.py:2396} INFO - Sync 1 DAGs
[2022-07-22 22:01:03,629] {logging_mixin.py:109} INFO - [2022-07-22 22:01:03,629] {dag.py:2935} INFO - Setting next_dagrun for example_branch_labels to 2022-07-21 00:00:00+00:00
[2022-07-22 22:01:03,635] {processor.py:171} INFO - Processing /home/airflow/.local/lib/python3.7/site-packages/airflow/example_dags/example_branch_labels.py took 0.044 seconds
[2022-07-22 22:01:34,264] {processor.py:163} INFO - Started process (PID=615) to work on /home/airflow/.local/lib/python3.7/site-packages/airflow/example_dags/example_branch_labels.py
[2022-07-22 22:01:34,265] {processor.py:642} INFO - Processing file /home/airflow/.local/lib/python3.7/site-packages/airflow/example_dags/example_branch_labels.py for tasks to queue
[2022-07-22 22:01:34,266] {logging_mixin.py:109} INFO - [2022-07-22 22:01:34,266] {dagbag.py:500} INFO - Filling up the DagBag from /home/airflow/.local/lib/python3.7/site-packages/airflow/example_dags/example_branch_labels.py
[2022-07-22 22:01:34,286] {processor.py:654} INFO - DAG(s) dict_keys(['example_branch_labels']) retrieved from /home/airflow/.local/lib/python3.7/site-packages/airflow/example_dags/example_branch_labels.py
[2022-07-22 22:01:34,293] {logging_mixin.py:109} INFO - [2022-07-22 22:01:34,293] {dag.py:2396} INFO - Sync 1 DAGs
[2022-07-22 22:01:34,306] {logging_mixin.py:109} INFO - [2022-07-22 22:01:34,306] {dag.py:2935} INFO - Setting next_dagrun for example_branch_labels to 2022-07-21 00:00:00+00:00
[2022-07-22 22:01:34,313] {processor.py:171} INFO - Processing /home/airflow/.local/lib/python3.7/site-packages/airflow/example_dags/example_branch_labels.py took 0.051 seconds
[2022-07-22 22:02:04,943] {processor.py:163} INFO - Started process (PID=665) to work on /home/airflow/.local/lib/python3.7/site-packages/airflow/example_dags/example_branch_labels.py
[2022-07-22 22:02:04,944] {processor.py:642} INFO - Processing file /home/airflow/.local/lib/python3.7/site-packages/airflow/example_dags/example_branch_labels.py for tasks to queue
[2022-07-22 22:02:04,944] {logging_mixin.py:109} INFO - [2022-07-22 22:02:04,944] {dagbag.py:500} INFO - Filling up the DagBag from /home/airflow/.local/lib/python3.7/site-packages/airflow/example_dags/example_branch_labels.py
[2022-07-22 22:02:04,962] {processor.py:654} INFO - DAG(s) dict_keys(['example_branch_labels']) retrieved from /home/airflow/.local/lib/python3.7/site-packages/airflow/example_dags/example_branch_labels.py
[2022-07-22 22:02:04,969] {logging_mixin.py:109} INFO - [2022-07-22 22:02:04,969] {dag.py:2396} INFO - Sync 1 DAGs
[2022-07-22 22:02:04,980] {logging_mixin.py:109} INFO - [2022-07-22 22:02:04,980] {dag.py:2935} INFO - Setting next_dagrun for example_branch_labels to 2022-07-21 00:00:00+00:00
[2022-07-22 22:02:04,986] {processor.py:171} INFO - Processing /home/airflow/.local/lib/python3.7/site-packages/airflow/example_dags/example_branch_labels.py took 0.044 seconds
[2022-07-22 22:02:35,530] {processor.py:163} INFO - Started process (PID=724) to work on /home/airflow/.local/lib/python3.7/site-packages/airflow/example_dags/example_branch_labels.py
[2022-07-22 22:02:35,530] {processor.py:642} INFO - Processing file /home/airflow/.local/lib/python3.7/site-packages/airflow/example_dags/example_branch_labels.py for tasks to queue
[2022-07-22 22:02:35,531] {logging_mixin.py:109} INFO - [2022-07-22 22:02:35,531] {dagbag.py:500} INFO - Filling up the DagBag from /home/airflow/.local/lib/python3.7/site-packages/airflow/example_dags/example_branch_labels.py
[2022-07-22 22:02:35,549] {processor.py:654} INFO - DAG(s) dict_keys(['example_branch_labels']) retrieved from /home/airflow/.local/lib/python3.7/site-packages/airflow/example_dags/example_branch_labels.py
[2022-07-22 22:02:35,557] {logging_mixin.py:109} INFO - [2022-07-22 22:02:35,557] {dag.py:2396} INFO - Sync 1 DAGs
[2022-07-22 22:02:35,570] {logging_mixin.py:109} INFO - [2022-07-22 22:02:35,570] {dag.py:2935} INFO - Setting next_dagrun for example_branch_labels to 2022-07-21 00:00:00+00:00
[2022-07-22 22:02:35,576] {processor.py:171} INFO - Processing /home/airflow/.local/lib/python3.7/site-packages/airflow/example_dags/example_branch_labels.py took 0.048 seconds
[2022-07-22 22:03:06,191] {processor.py:163} INFO - Started process (PID=774) to work on /home/airflow/.local/lib/python3.7/site-packages/airflow/example_dags/example_branch_labels.py
[2022-07-22 22:03:06,192] {processor.py:642} INFO - Processing file /home/airflow/.local/lib/python3.7/site-packages/airflow/example_dags/example_branch_labels.py for tasks to queue
[2022-07-22 22:03:06,192] {logging_mixin.py:109} INFO - [2022-07-22 22:03:06,192] {dagbag.py:500} INFO - Filling up the DagBag from /home/airflow/.local/lib/python3.7/site-packages/airflow/example_dags/example_branch_labels.py
[2022-07-22 22:03:06,209] {processor.py:654} INFO - DAG(s) dict_keys(['example_branch_labels']) retrieved from /home/airflow/.local/lib/python3.7/site-packages/airflow/example_dags/example_branch_labels.py
[2022-07-22 22:03:06,216] {logging_mixin.py:109} INFO - [2022-07-22 22:03:06,215] {dag.py:2396} INFO - Sync 1 DAGs
[2022-07-22 22:03:06,227] {logging_mixin.py:109} INFO - [2022-07-22 22:03:06,227] {dag.py:2935} INFO - Setting next_dagrun for example_branch_labels to 2022-07-21 00:00:00+00:00
[2022-07-22 22:03:06,232] {processor.py:171} INFO - Processing /home/airflow/.local/lib/python3.7/site-packages/airflow/example_dags/example_branch_labels.py took 0.043 seconds
[2022-07-22 22:03:36,762] {processor.py:163} INFO - Started process (PID=833) to work on /home/airflow/.local/lib/python3.7/site-packages/airflow/example_dags/example_branch_labels.py
[2022-07-22 22:03:36,763] {processor.py:642} INFO - Processing file /home/airflow/.local/lib/python3.7/site-packages/airflow/example_dags/example_branch_labels.py for tasks to queue
[2022-07-22 22:03:36,763] {logging_mixin.py:109} INFO - [2022-07-22 22:03:36,763] {dagbag.py:500} INFO - Filling up the DagBag from /home/airflow/.local/lib/python3.7/site-packages/airflow/example_dags/example_branch_labels.py
[2022-07-22 22:03:36,781] {processor.py:654} INFO - DAG(s) dict_keys(['example_branch_labels']) retrieved from /home/airflow/.local/lib/python3.7/site-packages/airflow/example_dags/example_branch_labels.py
[2022-07-22 22:03:36,787] {logging_mixin.py:109} INFO - [2022-07-22 22:03:36,787] {dag.py:2396} INFO - Sync 1 DAGs
[2022-07-22 22:03:36,799] {logging_mixin.py:109} INFO - [2022-07-22 22:03:36,799] {dag.py:2935} INFO - Setting next_dagrun for example_branch_labels to 2022-07-21 00:00:00+00:00
[2022-07-22 22:03:36,805] {processor.py:171} INFO - Processing /home/airflow/.local/lib/python3.7/site-packages/airflow/example_dags/example_branch_labels.py took 0.045 seconds
[2022-07-22 22:04:07,439] {processor.py:163} INFO - Started process (PID=883) to work on /home/airflow/.local/lib/python3.7/site-packages/airflow/example_dags/example_branch_labels.py
[2022-07-22 22:04:07,440] {processor.py:642} INFO - Processing file /home/airflow/.local/lib/python3.7/site-packages/airflow/example_dags/example_branch_labels.py for tasks to queue
[2022-07-22 22:04:07,441] {logging_mixin.py:109} INFO - [2022-07-22 22:04:07,441] {dagbag.py:500} INFO - Filling up the DagBag from /home/airflow/.local/lib/python3.7/site-packages/airflow/example_dags/example_branch_labels.py
[2022-07-22 22:04:07,462] {processor.py:654} INFO - DAG(s) dict_keys(['example_branch_labels']) retrieved from /home/airflow/.local/lib/python3.7/site-packages/airflow/example_dags/example_branch_labels.py
[2022-07-22 22:04:07,471] {logging_mixin.py:109} INFO - [2022-07-22 22:04:07,471] {dag.py:2396} INFO - Sync 1 DAGs
[2022-07-22 22:04:07,485] {logging_mixin.py:109} INFO - [2022-07-22 22:04:07,484] {dag.py:2935} INFO - Setting next_dagrun for example_branch_labels to 2022-07-21 00:00:00+00:00
[2022-07-22 22:04:07,492] {processor.py:171} INFO - Processing /home/airflow/.local/lib/python3.7/site-packages/airflow/example_dags/example_branch_labels.py took 0.055 seconds
[2022-07-22 22:04:38,236] {processor.py:163} INFO - Started process (PID=942) to work on /home/airflow/.local/lib/python3.7/site-packages/airflow/example_dags/example_branch_labels.py
[2022-07-22 22:04:38,237] {processor.py:642} INFO - Processing file /home/airflow/.local/lib/python3.7/site-packages/airflow/example_dags/example_branch_labels.py for tasks to queue
[2022-07-22 22:04:38,237] {logging_mixin.py:109} INFO - [2022-07-22 22:04:38,237] {dagbag.py:500} INFO - Filling up the DagBag from /home/airflow/.local/lib/python3.7/site-packages/airflow/example_dags/example_branch_labels.py
[2022-07-22 22:04:38,255] {processor.py:654} INFO - DAG(s) dict_keys(['example_branch_labels']) retrieved from /home/airflow/.local/lib/python3.7/site-packages/airflow/example_dags/example_branch_labels.py
[2022-07-22 22:04:38,262] {logging_mixin.py:109} INFO - [2022-07-22 22:04:38,262] {dag.py:2396} INFO - Sync 1 DAGs
[2022-07-22 22:04:38,274] {logging_mixin.py:109} INFO - [2022-07-22 22:04:38,274] {dag.py:2935} INFO - Setting next_dagrun for example_branch_labels to 2022-07-21 00:00:00+00:00
[2022-07-22 22:04:38,280] {processor.py:171} INFO - Processing /home/airflow/.local/lib/python3.7/site-packages/airflow/example_dags/example_branch_labels.py took 0.046 seconds
[2022-07-22 22:05:08,857] {processor.py:163} INFO - Started process (PID=1001) to work on /home/airflow/.local/lib/python3.7/site-packages/airflow/example_dags/example_branch_labels.py
[2022-07-22 22:05:08,858] {processor.py:642} INFO - Processing file /home/airflow/.local/lib/python3.7/site-packages/airflow/example_dags/example_branch_labels.py for tasks to queue
[2022-07-22 22:05:08,859] {logging_mixin.py:109} INFO - [2022-07-22 22:05:08,859] {dagbag.py:500} INFO - Filling up the DagBag from /home/airflow/.local/lib/python3.7/site-packages/airflow/example_dags/example_branch_labels.py
[2022-07-22 22:05:08,876] {processor.py:654} INFO - DAG(s) dict_keys(['example_branch_labels']) retrieved from /home/airflow/.local/lib/python3.7/site-packages/airflow/example_dags/example_branch_labels.py
[2022-07-22 22:05:08,882] {logging_mixin.py:109} INFO - [2022-07-22 22:05:08,882] {dag.py:2396} INFO - Sync 1 DAGs
[2022-07-22 22:05:08,894] {logging_mixin.py:109} INFO - [2022-07-22 22:05:08,894] {dag.py:2935} INFO - Setting next_dagrun for example_branch_labels to 2022-07-21 00:00:00+00:00
[2022-07-22 22:05:08,900] {processor.py:171} INFO - Processing /home/airflow/.local/lib/python3.7/site-packages/airflow/example_dags/example_branch_labels.py took 0.044 seconds
[2022-07-22 22:05:39,423] {processor.py:163} INFO - Started process (PID=1051) to work on /home/airflow/.local/lib/python3.7/site-packages/airflow/example_dags/example_branch_labels.py
[2022-07-22 22:05:39,424] {processor.py:642} INFO - Processing file /home/airflow/.local/lib/python3.7/site-packages/airflow/example_dags/example_branch_labels.py for tasks to queue
[2022-07-22 22:05:39,424] {logging_mixin.py:109} INFO - [2022-07-22 22:05:39,424] {dagbag.py:500} INFO - Filling up the DagBag from /home/airflow/.local/lib/python3.7/site-packages/airflow/example_dags/example_branch_labels.py
[2022-07-22 22:05:39,442] {processor.py:654} INFO - DAG(s) dict_keys(['example_branch_labels']) retrieved from /home/airflow/.local/lib/python3.7/site-packages/airflow/example_dags/example_branch_labels.py
[2022-07-22 22:05:39,449] {logging_mixin.py:109} INFO - [2022-07-22 22:05:39,449] {dag.py:2396} INFO - Sync 1 DAGs
[2022-07-22 22:05:39,462] {logging_mixin.py:109} INFO - [2022-07-22 22:05:39,461] {dag.py:2935} INFO - Setting next_dagrun for example_branch_labels to 2022-07-21 00:00:00+00:00
[2022-07-22 22:05:39,467] {processor.py:171} INFO - Processing /home/airflow/.local/lib/python3.7/site-packages/airflow/example_dags/example_branch_labels.py took 0.046 seconds
[2022-07-22 22:06:10,043] {processor.py:163} INFO - Started process (PID=1110) to work on /home/airflow/.local/lib/python3.7/site-packages/airflow/example_dags/example_branch_labels.py
[2022-07-22 22:06:10,044] {processor.py:642} INFO - Processing file /home/airflow/.local/lib/python3.7/site-packages/airflow/example_dags/example_branch_labels.py for tasks to queue
[2022-07-22 22:06:10,044] {logging_mixin.py:109} INFO - [2022-07-22 22:06:10,044] {dagbag.py:500} INFO - Filling up the DagBag from /home/airflow/.local/lib/python3.7/site-packages/airflow/example_dags/example_branch_labels.py
[2022-07-22 22:06:10,061] {processor.py:654} INFO - DAG(s) dict_keys(['example_branch_labels']) retrieved from /home/airflow/.local/lib/python3.7/site-packages/airflow/example_dags/example_branch_labels.py
[2022-07-22 22:06:10,068] {logging_mixin.py:109} INFO - [2022-07-22 22:06:10,068] {dag.py:2396} INFO - Sync 1 DAGs
[2022-07-22 22:06:10,080] {logging_mixin.py:109} INFO - [2022-07-22 22:06:10,080] {dag.py:2935} INFO - Setting next_dagrun for example_branch_labels to 2022-07-21 00:00:00+00:00
[2022-07-22 22:06:10,086] {processor.py:171} INFO - Processing /home/airflow/.local/lib/python3.7/site-packages/airflow/example_dags/example_branch_labels.py took 0.045 seconds
[2022-07-22 22:06:40,675] {processor.py:163} INFO - Started process (PID=1160) to work on /home/airflow/.local/lib/python3.7/site-packages/airflow/example_dags/example_branch_labels.py
[2022-07-22 22:06:40,676] {processor.py:642} INFO - Processing file /home/airflow/.local/lib/python3.7/site-packages/airflow/example_dags/example_branch_labels.py for tasks to queue
[2022-07-22 22:06:40,677] {logging_mixin.py:109} INFO - [2022-07-22 22:06:40,677] {dagbag.py:500} INFO - Filling up the DagBag from /home/airflow/.local/lib/python3.7/site-packages/airflow/example_dags/example_branch_labels.py
[2022-07-22 22:06:40,694] {processor.py:654} INFO - DAG(s) dict_keys(['example_branch_labels']) retrieved from /home/airflow/.local/lib/python3.7/site-packages/airflow/example_dags/example_branch_labels.py
[2022-07-22 22:06:40,701] {logging_mixin.py:109} INFO - [2022-07-22 22:06:40,701] {dag.py:2396} INFO - Sync 1 DAGs
[2022-07-22 22:06:40,713] {logging_mixin.py:109} INFO - [2022-07-22 22:06:40,712] {dag.py:2935} INFO - Setting next_dagrun for example_branch_labels to 2022-07-21 00:00:00+00:00
[2022-07-22 22:06:40,718] {processor.py:171} INFO - Processing /home/airflow/.local/lib/python3.7/site-packages/airflow/example_dags/example_branch_labels.py took 0.044 seconds
[2022-07-22 22:07:11,309] {processor.py:163} INFO - Started process (PID=1219) to work on /home/airflow/.local/lib/python3.7/site-packages/airflow/example_dags/example_branch_labels.py
[2022-07-22 22:07:11,309] {processor.py:642} INFO - Processing file /home/airflow/.local/lib/python3.7/site-packages/airflow/example_dags/example_branch_labels.py for tasks to queue
[2022-07-22 22:07:11,310] {logging_mixin.py:109} INFO - [2022-07-22 22:07:11,310] {dagbag.py:500} INFO - Filling up the DagBag from /home/airflow/.local/lib/python3.7/site-packages/airflow/example_dags/example_branch_labels.py
[2022-07-22 22:07:11,328] {processor.py:654} INFO - DAG(s) dict_keys(['example_branch_labels']) retrieved from /home/airflow/.local/lib/python3.7/site-packages/airflow/example_dags/example_branch_labels.py
[2022-07-22 22:07:11,334] {logging_mixin.py:109} INFO - [2022-07-22 22:07:11,334] {dag.py:2396} INFO - Sync 1 DAGs
[2022-07-22 22:07:11,346] {logging_mixin.py:109} INFO - [2022-07-22 22:07:11,346] {dag.py:2935} INFO - Setting next_dagrun for example_branch_labels to 2022-07-21 00:00:00+00:00
[2022-07-22 22:07:11,351] {processor.py:171} INFO - Processing /home/airflow/.local/lib/python3.7/site-packages/airflow/example_dags/example_branch_labels.py took 0.044 seconds
[2022-07-22 22:07:41,879] {processor.py:163} INFO - Started process (PID=1278) to work on /home/airflow/.local/lib/python3.7/site-packages/airflow/example_dags/example_branch_labels.py
[2022-07-22 22:07:41,880] {processor.py:642} INFO - Processing file /home/airflow/.local/lib/python3.7/site-packages/airflow/example_dags/example_branch_labels.py for tasks to queue
[2022-07-22 22:07:41,880] {logging_mixin.py:109} INFO - [2022-07-22 22:07:41,880] {dagbag.py:500} INFO - Filling up the DagBag from /home/airflow/.local/lib/python3.7/site-packages/airflow/example_dags/example_branch_labels.py
[2022-07-22 22:07:41,898] {processor.py:654} INFO - DAG(s) dict_keys(['example_branch_labels']) retrieved from /home/airflow/.local/lib/python3.7/site-packages/airflow/example_dags/example_branch_labels.py
[2022-07-22 22:07:41,907] {logging_mixin.py:109} INFO - [2022-07-22 22:07:41,907] {dag.py:2396} INFO - Sync 1 DAGs
[2022-07-22 22:07:41,920] {logging_mixin.py:109} INFO - [2022-07-22 22:07:41,920] {dag.py:2935} INFO - Setting next_dagrun for example_branch_labels to 2022-07-21 00:00:00+00:00
[2022-07-22 22:07:41,926] {processor.py:171} INFO - Processing /home/airflow/.local/lib/python3.7/site-packages/airflow/example_dags/example_branch_labels.py took 0.049 seconds
[2022-07-22 22:08:12,528] {processor.py:163} INFO - Started process (PID=1328) to work on /home/airflow/.local/lib/python3.7/site-packages/airflow/example_dags/example_branch_labels.py
[2022-07-22 22:08:12,530] {processor.py:642} INFO - Processing file /home/airflow/.local/lib/python3.7/site-packages/airflow/example_dags/example_branch_labels.py for tasks to queue
[2022-07-22 22:08:12,530] {logging_mixin.py:109} INFO - [2022-07-22 22:08:12,530] {dagbag.py:500} INFO - Filling up the DagBag from /home/airflow/.local/lib/python3.7/site-packages/airflow/example_dags/example_branch_labels.py
[2022-07-22 22:08:12,552] {processor.py:654} INFO - DAG(s) dict_keys(['example_branch_labels']) retrieved from /home/airflow/.local/lib/python3.7/site-packages/airflow/example_dags/example_branch_labels.py
[2022-07-22 22:08:12,562] {logging_mixin.py:109} INFO - [2022-07-22 22:08:12,562] {dag.py:2396} INFO - Sync 1 DAGs
[2022-07-22 22:08:12,579] {logging_mixin.py:109} INFO - [2022-07-22 22:08:12,578] {dag.py:2935} INFO - Setting next_dagrun for example_branch_labels to 2022-07-21 00:00:00+00:00
[2022-07-22 22:08:12,585] {processor.py:171} INFO - Processing /home/airflow/.local/lib/python3.7/site-packages/airflow/example_dags/example_branch_labels.py took 0.060 seconds
[2022-07-22 22:08:43,462] {processor.py:163} INFO - Started process (PID=1387) to work on /home/airflow/.local/lib/python3.7/site-packages/airflow/example_dags/example_branch_labels.py
[2022-07-22 22:08:43,463] {processor.py:642} INFO - Processing file /home/airflow/.local/lib/python3.7/site-packages/airflow/example_dags/example_branch_labels.py for tasks to queue
[2022-07-22 22:08:43,464] {logging_mixin.py:109} INFO - [2022-07-22 22:08:43,464] {dagbag.py:500} INFO - Filling up the DagBag from /home/airflow/.local/lib/python3.7/site-packages/airflow/example_dags/example_branch_labels.py
[2022-07-22 22:08:43,495] {processor.py:654} INFO - DAG(s) dict_keys(['example_branch_labels']) retrieved from /home/airflow/.local/lib/python3.7/site-packages/airflow/example_dags/example_branch_labels.py
[2022-07-22 22:08:43,506] {logging_mixin.py:109} INFO - [2022-07-22 22:08:43,506] {dag.py:2396} INFO - Sync 1 DAGs
[2022-07-22 22:08:43,527] {logging_mixin.py:109} INFO - [2022-07-22 22:08:43,527] {dag.py:2935} INFO - Setting next_dagrun for example_branch_labels to 2022-07-21 00:00:00+00:00
[2022-07-22 22:08:43,536] {processor.py:171} INFO - Processing /home/airflow/.local/lib/python3.7/site-packages/airflow/example_dags/example_branch_labels.py took 0.077 seconds
[2022-07-22 22:09:14,258] {processor.py:163} INFO - Started process (PID=1437) to work on /home/airflow/.local/lib/python3.7/site-packages/airflow/example_dags/example_branch_labels.py
[2022-07-22 22:09:14,259] {processor.py:642} INFO - Processing file /home/airflow/.local/lib/python3.7/site-packages/airflow/example_dags/example_branch_labels.py for tasks to queue
[2022-07-22 22:09:14,259] {logging_mixin.py:109} INFO - [2022-07-22 22:09:14,259] {dagbag.py:500} INFO - Filling up the DagBag from /home/airflow/.local/lib/python3.7/site-packages/airflow/example_dags/example_branch_labels.py
[2022-07-22 22:09:14,283] {processor.py:654} INFO - DAG(s) dict_keys(['example_branch_labels']) retrieved from /home/airflow/.local/lib/python3.7/site-packages/airflow/example_dags/example_branch_labels.py
[2022-07-22 22:09:14,293] {logging_mixin.py:109} INFO - [2022-07-22 22:09:14,293] {dag.py:2396} INFO - Sync 1 DAGs
[2022-07-22 22:09:14,310] {logging_mixin.py:109} INFO - [2022-07-22 22:09:14,310] {dag.py:2935} INFO - Setting next_dagrun for example_branch_labels to 2022-07-21 00:00:00+00:00
[2022-07-22 22:09:14,318] {processor.py:171} INFO - Processing /home/airflow/.local/lib/python3.7/site-packages/airflow/example_dags/example_branch_labels.py took 0.062 seconds
[2022-07-22 22:09:44,409] {processor.py:163} INFO - Started process (PID=1496) to work on /home/airflow/.local/lib/python3.7/site-packages/airflow/example_dags/example_branch_labels.py
[2022-07-22 22:09:44,410] {processor.py:642} INFO - Processing file /home/airflow/.local/lib/python3.7/site-packages/airflow/example_dags/example_branch_labels.py for tasks to queue
[2022-07-22 22:09:44,411] {logging_mixin.py:109} INFO - [2022-07-22 22:09:44,411] {dagbag.py:500} INFO - Filling up the DagBag from /home/airflow/.local/lib/python3.7/site-packages/airflow/example_dags/example_branch_labels.py
[2022-07-22 22:09:44,431] {processor.py:654} INFO - DAG(s) dict_keys(['example_branch_labels']) retrieved from /home/airflow/.local/lib/python3.7/site-packages/airflow/example_dags/example_branch_labels.py
[2022-07-22 22:09:44,440] {logging_mixin.py:109} INFO - [2022-07-22 22:09:44,440] {dag.py:2396} INFO - Sync 1 DAGs
[2022-07-22 22:09:44,456] {logging_mixin.py:109} INFO - [2022-07-22 22:09:44,455] {dag.py:2935} INFO - Setting next_dagrun for example_branch_labels to 2022-07-21 00:00:00+00:00
[2022-07-22 22:09:44,462] {processor.py:171} INFO - Processing /home/airflow/.local/lib/python3.7/site-packages/airflow/example_dags/example_branch_labels.py took 0.057 seconds
[2022-07-22 22:10:15,445] {processor.py:163} INFO - Started process (PID=1546) to work on /home/airflow/.local/lib/python3.7/site-packages/airflow/example_dags/example_branch_labels.py
[2022-07-22 22:10:15,446] {processor.py:642} INFO - Processing file /home/airflow/.local/lib/python3.7/site-packages/airflow/example_dags/example_branch_labels.py for tasks to queue
[2022-07-22 22:10:15,446] {logging_mixin.py:109} INFO - [2022-07-22 22:10:15,446] {dagbag.py:500} INFO - Filling up the DagBag from /home/airflow/.local/lib/python3.7/site-packages/airflow/example_dags/example_branch_labels.py
[2022-07-22 22:10:15,465] {processor.py:654} INFO - DAG(s) dict_keys(['example_branch_labels']) retrieved from /home/airflow/.local/lib/python3.7/site-packages/airflow/example_dags/example_branch_labels.py
[2022-07-22 22:10:15,475] {logging_mixin.py:109} INFO - [2022-07-22 22:10:15,475] {dag.py:2396} INFO - Sync 1 DAGs
[2022-07-22 22:10:15,489] {logging_mixin.py:109} INFO - [2022-07-22 22:10:15,489] {dag.py:2935} INFO - Setting next_dagrun for example_branch_labels to 2022-07-21 00:00:00+00:00
[2022-07-22 22:10:15,496] {processor.py:171} INFO - Processing /home/airflow/.local/lib/python3.7/site-packages/airflow/example_dags/example_branch_labels.py took 0.053 seconds
[2022-07-22 22:10:46,060] {processor.py:163} INFO - Started process (PID=1605) to work on /home/airflow/.local/lib/python3.7/site-packages/airflow/example_dags/example_branch_labels.py
[2022-07-22 22:10:46,061] {processor.py:642} INFO - Processing file /home/airflow/.local/lib/python3.7/site-packages/airflow/example_dags/example_branch_labels.py for tasks to queue
[2022-07-22 22:10:46,062] {logging_mixin.py:109} INFO - [2022-07-22 22:10:46,061] {dagbag.py:500} INFO - Filling up the DagBag from /home/airflow/.local/lib/python3.7/site-packages/airflow/example_dags/example_branch_labels.py
[2022-07-22 22:10:46,082] {processor.py:654} INFO - DAG(s) dict_keys(['example_branch_labels']) retrieved from /home/airflow/.local/lib/python3.7/site-packages/airflow/example_dags/example_branch_labels.py
[2022-07-22 22:10:46,090] {logging_mixin.py:109} INFO - [2022-07-22 22:10:46,090] {dag.py:2396} INFO - Sync 1 DAGs
[2022-07-22 22:10:46,106] {logging_mixin.py:109} INFO - [2022-07-22 22:10:46,105] {dag.py:2935} INFO - Setting next_dagrun for example_branch_labels to 2022-07-21 00:00:00+00:00
[2022-07-22 22:10:46,113] {processor.py:171} INFO - Processing /home/airflow/.local/lib/python3.7/site-packages/airflow/example_dags/example_branch_labels.py took 0.055 seconds
[2022-07-22 22:11:17,021] {processor.py:163} INFO - Started process (PID=1655) to work on /home/airflow/.local/lib/python3.7/site-packages/airflow/example_dags/example_branch_labels.py
[2022-07-22 22:11:17,022] {processor.py:642} INFO - Processing file /home/airflow/.local/lib/python3.7/site-packages/airflow/example_dags/example_branch_labels.py for tasks to queue
[2022-07-22 22:11:17,022] {logging_mixin.py:109} INFO - [2022-07-22 22:11:17,022] {dagbag.py:500} INFO - Filling up the DagBag from /home/airflow/.local/lib/python3.7/site-packages/airflow/example_dags/example_branch_labels.py
[2022-07-22 22:11:17,039] {processor.py:654} INFO - DAG(s) dict_keys(['example_branch_labels']) retrieved from /home/airflow/.local/lib/python3.7/site-packages/airflow/example_dags/example_branch_labels.py
[2022-07-22 22:11:17,045] {logging_mixin.py:109} INFO - [2022-07-22 22:11:17,045] {dag.py:2396} INFO - Sync 1 DAGs
[2022-07-22 22:11:17,057] {logging_mixin.py:109} INFO - [2022-07-22 22:11:17,057] {dag.py:2935} INFO - Setting next_dagrun for example_branch_labels to 2022-07-21 00:00:00+00:00
[2022-07-22 22:11:17,062] {processor.py:171} INFO - Processing /home/airflow/.local/lib/python3.7/site-packages/airflow/example_dags/example_branch_labels.py took 0.043 seconds
[2022-07-22 22:11:47,773] {processor.py:163} INFO - Started process (PID=1714) to work on /home/airflow/.local/lib/python3.7/site-packages/airflow/example_dags/example_branch_labels.py
[2022-07-22 22:11:47,773] {processor.py:642} INFO - Processing file /home/airflow/.local/lib/python3.7/site-packages/airflow/example_dags/example_branch_labels.py for tasks to queue
[2022-07-22 22:11:47,774] {logging_mixin.py:109} INFO - [2022-07-22 22:11:47,774] {dagbag.py:500} INFO - Filling up the DagBag from /home/airflow/.local/lib/python3.7/site-packages/airflow/example_dags/example_branch_labels.py
[2022-07-22 22:11:47,791] {processor.py:654} INFO - DAG(s) dict_keys(['example_branch_labels']) retrieved from /home/airflow/.local/lib/python3.7/site-packages/airflow/example_dags/example_branch_labels.py
[2022-07-22 22:11:47,798] {logging_mixin.py:109} INFO - [2022-07-22 22:11:47,798] {dag.py:2396} INFO - Sync 1 DAGs
[2022-07-22 22:11:47,809] {logging_mixin.py:109} INFO - [2022-07-22 22:11:47,809] {dag.py:2935} INFO - Setting next_dagrun for example_branch_labels to 2022-07-21 00:00:00+00:00
[2022-07-22 22:11:47,815] {processor.py:171} INFO - Processing /home/airflow/.local/lib/python3.7/site-packages/airflow/example_dags/example_branch_labels.py took 0.044 seconds
[2022-07-22 22:12:18,673] {processor.py:163} INFO - Started process (PID=1773) to work on /home/airflow/.local/lib/python3.7/site-packages/airflow/example_dags/example_branch_labels.py
[2022-07-22 22:12:18,673] {processor.py:642} INFO - Processing file /home/airflow/.local/lib/python3.7/site-packages/airflow/example_dags/example_branch_labels.py for tasks to queue
[2022-07-22 22:12:18,674] {logging_mixin.py:109} INFO - [2022-07-22 22:12:18,674] {dagbag.py:500} INFO - Filling up the DagBag from /home/airflow/.local/lib/python3.7/site-packages/airflow/example_dags/example_branch_labels.py
[2022-07-22 22:12:18,696] {processor.py:654} INFO - DAG(s) dict_keys(['example_branch_labels']) retrieved from /home/airflow/.local/lib/python3.7/site-packages/airflow/example_dags/example_branch_labels.py
[2022-07-22 22:12:18,706] {logging_mixin.py:109} INFO - [2022-07-22 22:12:18,705] {dag.py:2396} INFO - Sync 1 DAGs
[2022-07-22 22:12:18,722] {logging_mixin.py:109} INFO - [2022-07-22 22:12:18,722] {dag.py:2935} INFO - Setting next_dagrun for example_branch_labels to 2022-07-21 00:00:00+00:00
[2022-07-22 22:12:18,729] {processor.py:171} INFO - Processing /home/airflow/.local/lib/python3.7/site-packages/airflow/example_dags/example_branch_labels.py took 0.058 seconds
[2022-07-22 22:12:49,443] {processor.py:163} INFO - Started process (PID=1823) to work on /home/airflow/.local/lib/python3.7/site-packages/airflow/example_dags/example_branch_labels.py
[2022-07-22 22:12:49,444] {processor.py:642} INFO - Processing file /home/airflow/.local/lib/python3.7/site-packages/airflow/example_dags/example_branch_labels.py for tasks to queue
[2022-07-22 22:12:49,445] {logging_mixin.py:109} INFO - [2022-07-22 22:12:49,445] {dagbag.py:500} INFO - Filling up the DagBag from /home/airflow/.local/lib/python3.7/site-packages/airflow/example_dags/example_branch_labels.py
[2022-07-22 22:12:49,462] {processor.py:654} INFO - DAG(s) dict_keys(['example_branch_labels']) retrieved from /home/airflow/.local/lib/python3.7/site-packages/airflow/example_dags/example_branch_labels.py
[2022-07-22 22:12:49,469] {logging_mixin.py:109} INFO - [2022-07-22 22:12:49,469] {dag.py:2396} INFO - Sync 1 DAGs
[2022-07-22 22:12:49,485] {logging_mixin.py:109} INFO - [2022-07-22 22:12:49,485] {dag.py:2935} INFO - Setting next_dagrun for example_branch_labels to 2022-07-21 00:00:00+00:00
[2022-07-22 22:12:49,491] {processor.py:171} INFO - Processing /home/airflow/.local/lib/python3.7/site-packages/airflow/example_dags/example_branch_labels.py took 0.050 seconds
[2022-07-22 22:13:20,426] {processor.py:163} INFO - Started process (PID=1882) to work on /home/airflow/.local/lib/python3.7/site-packages/airflow/example_dags/example_branch_labels.py
[2022-07-22 22:13:20,426] {processor.py:642} INFO - Processing file /home/airflow/.local/lib/python3.7/site-packages/airflow/example_dags/example_branch_labels.py for tasks to queue
[2022-07-22 22:13:20,426] {logging_mixin.py:109} INFO - [2022-07-22 22:13:20,426] {dagbag.py:500} INFO - Filling up the DagBag from /home/airflow/.local/lib/python3.7/site-packages/airflow/example_dags/example_branch_labels.py
[2022-07-22 22:13:20,442] {processor.py:654} INFO - DAG(s) dict_keys(['example_branch_labels']) retrieved from /home/airflow/.local/lib/python3.7/site-packages/airflow/example_dags/example_branch_labels.py
[2022-07-22 22:13:20,449] {logging_mixin.py:109} INFO - [2022-07-22 22:13:20,449] {dag.py:2396} INFO - Sync 1 DAGs
[2022-07-22 22:13:20,460] {logging_mixin.py:109} INFO - [2022-07-22 22:13:20,460] {dag.py:2935} INFO - Setting next_dagrun for example_branch_labels to 2022-07-21 00:00:00+00:00
[2022-07-22 22:13:20,465] {processor.py:171} INFO - Processing /home/airflow/.local/lib/python3.7/site-packages/airflow/example_dags/example_branch_labels.py took 0.042 seconds
[2022-07-22 22:13:50,984] {processor.py:163} INFO - Started process (PID=1932) to work on /home/airflow/.local/lib/python3.7/site-packages/airflow/example_dags/example_branch_labels.py
[2022-07-22 22:13:50,985] {processor.py:642} INFO - Processing file /home/airflow/.local/lib/python3.7/site-packages/airflow/example_dags/example_branch_labels.py for tasks to queue
[2022-07-22 22:13:50,985] {logging_mixin.py:109} INFO - [2022-07-22 22:13:50,985] {dagbag.py:500} INFO - Filling up the DagBag from /home/airflow/.local/lib/python3.7/site-packages/airflow/example_dags/example_branch_labels.py
[2022-07-22 22:13:51,001] {processor.py:654} INFO - DAG(s) dict_keys(['example_branch_labels']) retrieved from /home/airflow/.local/lib/python3.7/site-packages/airflow/example_dags/example_branch_labels.py
[2022-07-22 22:13:51,009] {logging_mixin.py:109} INFO - [2022-07-22 22:13:51,009] {dag.py:2396} INFO - Sync 1 DAGs
[2022-07-22 22:13:51,020] {logging_mixin.py:109} INFO - [2022-07-22 22:13:51,020] {dag.py:2935} INFO - Setting next_dagrun for example_branch_labels to 2022-07-21 00:00:00+00:00
[2022-07-22 22:13:51,026] {processor.py:171} INFO - Processing /home/airflow/.local/lib/python3.7/site-packages/airflow/example_dags/example_branch_labels.py took 0.044 seconds
[2022-07-22 22:14:21,694] {processor.py:163} INFO - Started process (PID=1991) to work on /home/airflow/.local/lib/python3.7/site-packages/airflow/example_dags/example_branch_labels.py
[2022-07-22 22:14:21,695] {processor.py:642} INFO - Processing file /home/airflow/.local/lib/python3.7/site-packages/airflow/example_dags/example_branch_labels.py for tasks to queue
[2022-07-22 22:14:21,695] {logging_mixin.py:109} INFO - [2022-07-22 22:14:21,695] {dagbag.py:500} INFO - Filling up the DagBag from /home/airflow/.local/lib/python3.7/site-packages/airflow/example_dags/example_branch_labels.py
[2022-07-22 22:14:21,711] {processor.py:654} INFO - DAG(s) dict_keys(['example_branch_labels']) retrieved from /home/airflow/.local/lib/python3.7/site-packages/airflow/example_dags/example_branch_labels.py
[2022-07-22 22:14:21,717] {logging_mixin.py:109} INFO - [2022-07-22 22:14:21,717] {dag.py:2396} INFO - Sync 1 DAGs
[2022-07-22 22:14:21,729] {logging_mixin.py:109} INFO - [2022-07-22 22:14:21,729] {dag.py:2935} INFO - Setting next_dagrun for example_branch_labels to 2022-07-21 00:00:00+00:00
[2022-07-22 22:14:21,735] {processor.py:171} INFO - Processing /home/airflow/.local/lib/python3.7/site-packages/airflow/example_dags/example_branch_labels.py took 0.043 seconds
[2022-07-22 22:14:52,260] {processor.py:163} INFO - Started process (PID=2051) to work on /home/airflow/.local/lib/python3.7/site-packages/airflow/example_dags/example_branch_labels.py
[2022-07-22 22:14:52,261] {processor.py:642} INFO - Processing file /home/airflow/.local/lib/python3.7/site-packages/airflow/example_dags/example_branch_labels.py for tasks to queue
[2022-07-22 22:14:52,261] {logging_mixin.py:109} INFO - [2022-07-22 22:14:52,261] {dagbag.py:500} INFO - Filling up the DagBag from /home/airflow/.local/lib/python3.7/site-packages/airflow/example_dags/example_branch_labels.py
[2022-07-22 22:14:52,277] {processor.py:654} INFO - DAG(s) dict_keys(['example_branch_labels']) retrieved from /home/airflow/.local/lib/python3.7/site-packages/airflow/example_dags/example_branch_labels.py
[2022-07-22 22:14:52,283] {logging_mixin.py:109} INFO - [2022-07-22 22:14:52,283] {dag.py:2396} INFO - Sync 1 DAGs
[2022-07-22 22:14:52,295] {logging_mixin.py:109} INFO - [2022-07-22 22:14:52,294] {dag.py:2935} INFO - Setting next_dagrun for example_branch_labels to 2022-07-21 00:00:00+00:00
[2022-07-22 22:14:52,300] {processor.py:171} INFO - Processing /home/airflow/.local/lib/python3.7/site-packages/airflow/example_dags/example_branch_labels.py took 0.042 seconds
[2022-07-22 22:15:22,819] {processor.py:163} INFO - Started process (PID=2101) to work on /home/airflow/.local/lib/python3.7/site-packages/airflow/example_dags/example_branch_labels.py
[2022-07-22 22:15:22,820] {processor.py:642} INFO - Processing file /home/airflow/.local/lib/python3.7/site-packages/airflow/example_dags/example_branch_labels.py for tasks to queue
[2022-07-22 22:15:22,820] {logging_mixin.py:109} INFO - [2022-07-22 22:15:22,820] {dagbag.py:500} INFO - Filling up the DagBag from /home/airflow/.local/lib/python3.7/site-packages/airflow/example_dags/example_branch_labels.py
[2022-07-22 22:15:22,836] {processor.py:654} INFO - DAG(s) dict_keys(['example_branch_labels']) retrieved from /home/airflow/.local/lib/python3.7/site-packages/airflow/example_dags/example_branch_labels.py
[2022-07-22 22:15:22,842] {logging_mixin.py:109} INFO - [2022-07-22 22:15:22,842] {dag.py:2396} INFO - Sync 1 DAGs
[2022-07-22 22:15:22,853] {logging_mixin.py:109} INFO - [2022-07-22 22:15:22,853] {dag.py:2935} INFO - Setting next_dagrun for example_branch_labels to 2022-07-21 00:00:00+00:00
[2022-07-22 22:15:22,859] {processor.py:171} INFO - Processing /home/airflow/.local/lib/python3.7/site-packages/airflow/example_dags/example_branch_labels.py took 0.041 seconds
[2022-07-22 22:15:53,539] {processor.py:163} INFO - Started process (PID=2160) to work on /home/airflow/.local/lib/python3.7/site-packages/airflow/example_dags/example_branch_labels.py
[2022-07-22 22:15:53,540] {processor.py:642} INFO - Processing file /home/airflow/.local/lib/python3.7/site-packages/airflow/example_dags/example_branch_labels.py for tasks to queue
[2022-07-22 22:15:53,540] {logging_mixin.py:109} INFO - [2022-07-22 22:15:53,540] {dagbag.py:500} INFO - Filling up the DagBag from /home/airflow/.local/lib/python3.7/site-packages/airflow/example_dags/example_branch_labels.py
[2022-07-22 22:15:53,558] {processor.py:654} INFO - DAG(s) dict_keys(['example_branch_labels']) retrieved from /home/airflow/.local/lib/python3.7/site-packages/airflow/example_dags/example_branch_labels.py
[2022-07-22 22:15:53,565] {logging_mixin.py:109} INFO - [2022-07-22 22:15:53,565] {dag.py:2396} INFO - Sync 1 DAGs
[2022-07-22 22:15:53,576] {logging_mixin.py:109} INFO - [2022-07-22 22:15:53,576] {dag.py:2935} INFO - Setting next_dagrun for example_branch_labels to 2022-07-21 00:00:00+00:00
[2022-07-22 22:15:53,582] {processor.py:171} INFO - Processing /home/airflow/.local/lib/python3.7/site-packages/airflow/example_dags/example_branch_labels.py took 0.045 seconds
[2022-07-22 22:16:24,173] {processor.py:163} INFO - Started process (PID=2210) to work on /home/airflow/.local/lib/python3.7/site-packages/airflow/example_dags/example_branch_labels.py
[2022-07-22 22:16:24,174] {processor.py:642} INFO - Processing file /home/airflow/.local/lib/python3.7/site-packages/airflow/example_dags/example_branch_labels.py for tasks to queue
[2022-07-22 22:16:24,174] {logging_mixin.py:109} INFO - [2022-07-22 22:16:24,174] {dagbag.py:500} INFO - Filling up the DagBag from /home/airflow/.local/lib/python3.7/site-packages/airflow/example_dags/example_branch_labels.py
[2022-07-22 22:16:24,190] {processor.py:654} INFO - DAG(s) dict_keys(['example_branch_labels']) retrieved from /home/airflow/.local/lib/python3.7/site-packages/airflow/example_dags/example_branch_labels.py
[2022-07-22 22:16:24,197] {logging_mixin.py:109} INFO - [2022-07-22 22:16:24,197] {dag.py:2396} INFO - Sync 1 DAGs
[2022-07-22 22:16:24,209] {logging_mixin.py:109} INFO - [2022-07-22 22:16:24,209] {dag.py:2935} INFO - Setting next_dagrun for example_branch_labels to 2022-07-21 00:00:00+00:00
[2022-07-22 22:16:24,214] {processor.py:171} INFO - Processing /home/airflow/.local/lib/python3.7/site-packages/airflow/example_dags/example_branch_labels.py took 0.043 seconds
[2022-07-22 22:16:54,586] {processor.py:163} INFO - Started process (PID=2269) to work on /home/airflow/.local/lib/python3.7/site-packages/airflow/example_dags/example_branch_labels.py
[2022-07-22 22:16:54,587] {processor.py:642} INFO - Processing file /home/airflow/.local/lib/python3.7/site-packages/airflow/example_dags/example_branch_labels.py for tasks to queue
[2022-07-22 22:16:54,587] {logging_mixin.py:109} INFO - [2022-07-22 22:16:54,587] {dagbag.py:500} INFO - Filling up the DagBag from /home/airflow/.local/lib/python3.7/site-packages/airflow/example_dags/example_branch_labels.py
[2022-07-22 22:16:54,604] {processor.py:654} INFO - DAG(s) dict_keys(['example_branch_labels']) retrieved from /home/airflow/.local/lib/python3.7/site-packages/airflow/example_dags/example_branch_labels.py
[2022-07-22 22:16:54,611] {logging_mixin.py:109} INFO - [2022-07-22 22:16:54,611] {dag.py:2396} INFO - Sync 1 DAGs
[2022-07-22 22:16:54,623] {logging_mixin.py:109} INFO - [2022-07-22 22:16:54,623] {dag.py:2935} INFO - Setting next_dagrun for example_branch_labels to 2022-07-21 00:00:00+00:00
[2022-07-22 22:16:54,628] {processor.py:171} INFO - Processing /home/airflow/.local/lib/python3.7/site-packages/airflow/example_dags/example_branch_labels.py took 0.044 seconds
[2022-07-22 22:17:25,179] {processor.py:163} INFO - Started process (PID=2325) to work on /home/airflow/.local/lib/python3.7/site-packages/airflow/example_dags/example_branch_labels.py
[2022-07-22 22:17:25,180] {processor.py:642} INFO - Processing file /home/airflow/.local/lib/python3.7/site-packages/airflow/example_dags/example_branch_labels.py for tasks to queue
[2022-07-22 22:17:25,181] {logging_mixin.py:109} INFO - [2022-07-22 22:17:25,181] {dagbag.py:500} INFO - Filling up the DagBag from /home/airflow/.local/lib/python3.7/site-packages/airflow/example_dags/example_branch_labels.py
[2022-07-22 22:17:25,201] {processor.py:654} INFO - DAG(s) dict_keys(['example_branch_labels']) retrieved from /home/airflow/.local/lib/python3.7/site-packages/airflow/example_dags/example_branch_labels.py
[2022-07-22 22:17:25,210] {logging_mixin.py:109} INFO - [2022-07-22 22:17:25,210] {dag.py:2396} INFO - Sync 1 DAGs
[2022-07-22 22:17:25,225] {logging_mixin.py:109} INFO - [2022-07-22 22:17:25,225] {dag.py:2935} INFO - Setting next_dagrun for example_branch_labels to 2022-07-21 00:00:00+00:00
[2022-07-22 22:17:25,230] {processor.py:171} INFO - Processing /home/airflow/.local/lib/python3.7/site-packages/airflow/example_dags/example_branch_labels.py took 0.053 seconds
[2022-07-22 22:17:56,068] {processor.py:163} INFO - Started process (PID=2378) to work on /home/airflow/.local/lib/python3.7/site-packages/airflow/example_dags/example_branch_labels.py
[2022-07-22 22:17:56,069] {processor.py:642} INFO - Processing file /home/airflow/.local/lib/python3.7/site-packages/airflow/example_dags/example_branch_labels.py for tasks to queue
[2022-07-22 22:17:56,069] {logging_mixin.py:109} INFO - [2022-07-22 22:17:56,069] {dagbag.py:500} INFO - Filling up the DagBag from /home/airflow/.local/lib/python3.7/site-packages/airflow/example_dags/example_branch_labels.py
[2022-07-22 22:17:56,086] {processor.py:654} INFO - DAG(s) dict_keys(['example_branch_labels']) retrieved from /home/airflow/.local/lib/python3.7/site-packages/airflow/example_dags/example_branch_labels.py
[2022-07-22 22:17:56,093] {logging_mixin.py:109} INFO - [2022-07-22 22:17:56,093] {dag.py:2396} INFO - Sync 1 DAGs
[2022-07-22 22:17:56,104] {logging_mixin.py:109} INFO - [2022-07-22 22:17:56,104] {dag.py:2935} INFO - Setting next_dagrun for example_branch_labels to 2022-07-21 00:00:00+00:00
[2022-07-22 22:17:56,110] {processor.py:171} INFO - Processing /home/airflow/.local/lib/python3.7/site-packages/airflow/example_dags/example_branch_labels.py took 0.044 seconds
[2022-07-22 22:18:26,696] {processor.py:163} INFO - Started process (PID=2437) to work on /home/airflow/.local/lib/python3.7/site-packages/airflow/example_dags/example_branch_labels.py
[2022-07-22 22:18:26,697] {processor.py:642} INFO - Processing file /home/airflow/.local/lib/python3.7/site-packages/airflow/example_dags/example_branch_labels.py for tasks to queue
[2022-07-22 22:18:26,697] {logging_mixin.py:109} INFO - [2022-07-22 22:18:26,697] {dagbag.py:500} INFO - Filling up the DagBag from /home/airflow/.local/lib/python3.7/site-packages/airflow/example_dags/example_branch_labels.py
[2022-07-22 22:18:26,714] {processor.py:654} INFO - DAG(s) dict_keys(['example_branch_labels']) retrieved from /home/airflow/.local/lib/python3.7/site-packages/airflow/example_dags/example_branch_labels.py
[2022-07-22 22:18:26,721] {logging_mixin.py:109} INFO - [2022-07-22 22:18:26,721] {dag.py:2396} INFO - Sync 1 DAGs
[2022-07-22 22:18:26,735] {logging_mixin.py:109} INFO - [2022-07-22 22:18:26,735] {dag.py:2935} INFO - Setting next_dagrun for example_branch_labels to 2022-07-21 00:00:00+00:00
[2022-07-22 22:18:26,741] {processor.py:171} INFO - Processing /home/airflow/.local/lib/python3.7/site-packages/airflow/example_dags/example_branch_labels.py took 0.047 seconds
[2022-07-22 22:18:57,448] {processor.py:163} INFO - Started process (PID=2487) to work on /home/airflow/.local/lib/python3.7/site-packages/airflow/example_dags/example_branch_labels.py
[2022-07-22 22:18:57,449] {processor.py:642} INFO - Processing file /home/airflow/.local/lib/python3.7/site-packages/airflow/example_dags/example_branch_labels.py for tasks to queue
[2022-07-22 22:18:57,449] {logging_mixin.py:109} INFO - [2022-07-22 22:18:57,449] {dagbag.py:500} INFO - Filling up the DagBag from /home/airflow/.local/lib/python3.7/site-packages/airflow/example_dags/example_branch_labels.py
[2022-07-22 22:18:57,466] {processor.py:654} INFO - DAG(s) dict_keys(['example_branch_labels']) retrieved from /home/airflow/.local/lib/python3.7/site-packages/airflow/example_dags/example_branch_labels.py
[2022-07-22 22:18:57,472] {logging_mixin.py:109} INFO - [2022-07-22 22:18:57,472] {dag.py:2396} INFO - Sync 1 DAGs
[2022-07-22 22:18:57,484] {logging_mixin.py:109} INFO - [2022-07-22 22:18:57,484] {dag.py:2935} INFO - Setting next_dagrun for example_branch_labels to 2022-07-21 00:00:00+00:00
[2022-07-22 22:18:57,490] {processor.py:171} INFO - Processing /home/airflow/.local/lib/python3.7/site-packages/airflow/example_dags/example_branch_labels.py took 0.043 seconds
[2022-07-22 22:19:28,323] {processor.py:163} INFO - Started process (PID=2546) to work on /home/airflow/.local/lib/python3.7/site-packages/airflow/example_dags/example_branch_labels.py
[2022-07-22 22:19:28,324] {processor.py:642} INFO - Processing file /home/airflow/.local/lib/python3.7/site-packages/airflow/example_dags/example_branch_labels.py for tasks to queue
[2022-07-22 22:19:28,324] {logging_mixin.py:109} INFO - [2022-07-22 22:19:28,324] {dagbag.py:500} INFO - Filling up the DagBag from /home/airflow/.local/lib/python3.7/site-packages/airflow/example_dags/example_branch_labels.py
[2022-07-22 22:19:28,340] {processor.py:654} INFO - DAG(s) dict_keys(['example_branch_labels']) retrieved from /home/airflow/.local/lib/python3.7/site-packages/airflow/example_dags/example_branch_labels.py
[2022-07-22 22:19:28,347] {logging_mixin.py:109} INFO - [2022-07-22 22:19:28,347] {dag.py:2396} INFO - Sync 1 DAGs
[2022-07-22 22:19:28,359] {logging_mixin.py:109} INFO - [2022-07-22 22:19:28,359] {dag.py:2935} INFO - Setting next_dagrun for example_branch_labels to 2022-07-21 00:00:00+00:00
[2022-07-22 22:19:28,365] {processor.py:171} INFO - Processing /home/airflow/.local/lib/python3.7/site-packages/airflow/example_dags/example_branch_labels.py took 0.044 seconds
[2022-07-22 22:19:59,036] {processor.py:163} INFO - Started process (PID=2605) to work on /home/airflow/.local/lib/python3.7/site-packages/airflow/example_dags/example_branch_labels.py
[2022-07-22 22:19:59,037] {processor.py:642} INFO - Processing file /home/airflow/.local/lib/python3.7/site-packages/airflow/example_dags/example_branch_labels.py for tasks to queue
[2022-07-22 22:19:59,037] {logging_mixin.py:109} INFO - [2022-07-22 22:19:59,037] {dagbag.py:500} INFO - Filling up the DagBag from /home/airflow/.local/lib/python3.7/site-packages/airflow/example_dags/example_branch_labels.py
[2022-07-22 22:19:59,054] {processor.py:654} INFO - DAG(s) dict_keys(['example_branch_labels']) retrieved from /home/airflow/.local/lib/python3.7/site-packages/airflow/example_dags/example_branch_labels.py
[2022-07-22 22:19:59,063] {logging_mixin.py:109} INFO - [2022-07-22 22:19:59,063] {dag.py:2396} INFO - Sync 1 DAGs
[2022-07-22 22:19:59,075] {logging_mixin.py:109} INFO - [2022-07-22 22:19:59,075] {dag.py:2935} INFO - Setting next_dagrun for example_branch_labels to 2022-07-21 00:00:00+00:00
[2022-07-22 22:19:59,082] {processor.py:171} INFO - Processing /home/airflow/.local/lib/python3.7/site-packages/airflow/example_dags/example_branch_labels.py took 0.048 seconds
[2022-07-22 22:20:29,096] {processor.py:163} INFO - Started process (PID=2654) to work on /home/airflow/.local/lib/python3.7/site-packages/airflow/example_dags/example_branch_labels.py
[2022-07-22 22:20:29,097] {processor.py:642} INFO - Processing file /home/airflow/.local/lib/python3.7/site-packages/airflow/example_dags/example_branch_labels.py for tasks to queue
[2022-07-22 22:20:29,097] {logging_mixin.py:109} INFO - [2022-07-22 22:20:29,097] {dagbag.py:500} INFO - Filling up the DagBag from /home/airflow/.local/lib/python3.7/site-packages/airflow/example_dags/example_branch_labels.py
[2022-07-22 22:20:29,114] {processor.py:654} INFO - DAG(s) dict_keys(['example_branch_labels']) retrieved from /home/airflow/.local/lib/python3.7/site-packages/airflow/example_dags/example_branch_labels.py
[2022-07-22 22:20:29,121] {logging_mixin.py:109} INFO - [2022-07-22 22:20:29,121] {dag.py:2396} INFO - Sync 1 DAGs
[2022-07-22 22:20:29,132] {logging_mixin.py:109} INFO - [2022-07-22 22:20:29,132] {dag.py:2935} INFO - Setting next_dagrun for example_branch_labels to 2022-07-21 00:00:00+00:00
[2022-07-22 22:20:29,137] {processor.py:171} INFO - Processing /home/airflow/.local/lib/python3.7/site-packages/airflow/example_dags/example_branch_labels.py took 0.043 seconds
[2022-07-22 22:20:59,446] {processor.py:163} INFO - Started process (PID=2714) to work on /home/airflow/.local/lib/python3.7/site-packages/airflow/example_dags/example_branch_labels.py
[2022-07-22 22:20:59,447] {processor.py:642} INFO - Processing file /home/airflow/.local/lib/python3.7/site-packages/airflow/example_dags/example_branch_labels.py for tasks to queue
[2022-07-22 22:20:59,447] {logging_mixin.py:109} INFO - [2022-07-22 22:20:59,447] {dagbag.py:500} INFO - Filling up the DagBag from /home/airflow/.local/lib/python3.7/site-packages/airflow/example_dags/example_branch_labels.py
[2022-07-22 22:20:59,465] {processor.py:654} INFO - DAG(s) dict_keys(['example_branch_labels']) retrieved from /home/airflow/.local/lib/python3.7/site-packages/airflow/example_dags/example_branch_labels.py
[2022-07-22 22:20:59,472] {logging_mixin.py:109} INFO - [2022-07-22 22:20:59,472] {dag.py:2396} INFO - Sync 1 DAGs
[2022-07-22 22:20:59,485] {logging_mixin.py:109} INFO - [2022-07-22 22:20:59,485] {dag.py:2935} INFO - Setting next_dagrun for example_branch_labels to 2022-07-21 00:00:00+00:00
[2022-07-22 22:20:59,492] {processor.py:171} INFO - Processing /home/airflow/.local/lib/python3.7/site-packages/airflow/example_dags/example_branch_labels.py took 0.048 seconds
[2022-07-22 22:21:29,882] {processor.py:163} INFO - Started process (PID=2764) to work on /home/airflow/.local/lib/python3.7/site-packages/airflow/example_dags/example_branch_labels.py
[2022-07-22 22:21:29,882] {processor.py:642} INFO - Processing file /home/airflow/.local/lib/python3.7/site-packages/airflow/example_dags/example_branch_labels.py for tasks to queue
[2022-07-22 22:21:29,883] {logging_mixin.py:109} INFO - [2022-07-22 22:21:29,883] {dagbag.py:500} INFO - Filling up the DagBag from /home/airflow/.local/lib/python3.7/site-packages/airflow/example_dags/example_branch_labels.py
[2022-07-22 22:21:29,921] {processor.py:654} INFO - DAG(s) dict_keys(['example_branch_labels']) retrieved from /home/airflow/.local/lib/python3.7/site-packages/airflow/example_dags/example_branch_labels.py
[2022-07-22 22:21:29,931] {logging_mixin.py:109} INFO - [2022-07-22 22:21:29,930] {dag.py:2396} INFO - Sync 1 DAGs
[2022-07-22 22:21:30,010] {logging_mixin.py:109} INFO - [2022-07-22 22:21:30,010] {dag.py:2935} INFO - Setting next_dagrun for example_branch_labels to 2022-07-21 00:00:00+00:00
[2022-07-22 22:21:30,015] {processor.py:171} INFO - Processing /home/airflow/.local/lib/python3.7/site-packages/airflow/example_dags/example_branch_labels.py took 0.136 seconds
[2022-07-22 22:22:00,805] {processor.py:163} INFO - Started process (PID=2823) to work on /home/airflow/.local/lib/python3.7/site-packages/airflow/example_dags/example_branch_labels.py
[2022-07-22 22:22:00,806] {processor.py:642} INFO - Processing file /home/airflow/.local/lib/python3.7/site-packages/airflow/example_dags/example_branch_labels.py for tasks to queue
[2022-07-22 22:22:00,806] {logging_mixin.py:109} INFO - [2022-07-22 22:22:00,806] {dagbag.py:500} INFO - Filling up the DagBag from /home/airflow/.local/lib/python3.7/site-packages/airflow/example_dags/example_branch_labels.py
[2022-07-22 22:22:00,824] {processor.py:654} INFO - DAG(s) dict_keys(['example_branch_labels']) retrieved from /home/airflow/.local/lib/python3.7/site-packages/airflow/example_dags/example_branch_labels.py
[2022-07-22 22:22:00,831] {logging_mixin.py:109} INFO - [2022-07-22 22:22:00,831] {dag.py:2396} INFO - Sync 1 DAGs
[2022-07-22 22:22:00,916] {logging_mixin.py:109} INFO - [2022-07-22 22:22:00,916] {dag.py:2935} INFO - Setting next_dagrun for example_branch_labels to 2022-07-21 00:00:00+00:00
[2022-07-22 22:22:00,921] {processor.py:171} INFO - Processing /home/airflow/.local/lib/python3.7/site-packages/airflow/example_dags/example_branch_labels.py took 0.118 seconds
[2022-07-22 22:22:31,282] {processor.py:163} INFO - Started process (PID=2873) to work on /home/airflow/.local/lib/python3.7/site-packages/airflow/example_dags/example_branch_labels.py
[2022-07-22 22:22:31,283] {processor.py:642} INFO - Processing file /home/airflow/.local/lib/python3.7/site-packages/airflow/example_dags/example_branch_labels.py for tasks to queue
[2022-07-22 22:22:31,283] {logging_mixin.py:109} INFO - [2022-07-22 22:22:31,283] {dagbag.py:500} INFO - Filling up the DagBag from /home/airflow/.local/lib/python3.7/site-packages/airflow/example_dags/example_branch_labels.py
[2022-07-22 22:22:31,299] {processor.py:654} INFO - DAG(s) dict_keys(['example_branch_labels']) retrieved from /home/airflow/.local/lib/python3.7/site-packages/airflow/example_dags/example_branch_labels.py
[2022-07-22 22:22:31,372] {logging_mixin.py:109} INFO - [2022-07-22 22:22:31,372] {dag.py:2396} INFO - Sync 1 DAGs
[2022-07-22 22:22:31,383] {logging_mixin.py:109} INFO - [2022-07-22 22:22:31,383] {dag.py:2935} INFO - Setting next_dagrun for example_branch_labels to 2022-07-21 00:00:00+00:00
[2022-07-22 22:22:31,388] {processor.py:171} INFO - Processing /home/airflow/.local/lib/python3.7/site-packages/airflow/example_dags/example_branch_labels.py took 0.108 seconds
[2022-07-22 22:23:02,273] {processor.py:163} INFO - Started process (PID=2932) to work on /home/airflow/.local/lib/python3.7/site-packages/airflow/example_dags/example_branch_labels.py
[2022-07-22 22:23:02,274] {processor.py:642} INFO - Processing file /home/airflow/.local/lib/python3.7/site-packages/airflow/example_dags/example_branch_labels.py for tasks to queue
[2022-07-22 22:23:02,274] {logging_mixin.py:109} INFO - [2022-07-22 22:23:02,274] {dagbag.py:500} INFO - Filling up the DagBag from /home/airflow/.local/lib/python3.7/site-packages/airflow/example_dags/example_branch_labels.py
[2022-07-22 22:23:02,292] {processor.py:654} INFO - DAG(s) dict_keys(['example_branch_labels']) retrieved from /home/airflow/.local/lib/python3.7/site-packages/airflow/example_dags/example_branch_labels.py
[2022-07-22 22:23:02,369] {logging_mixin.py:109} INFO - [2022-07-22 22:23:02,369] {dag.py:2396} INFO - Sync 1 DAGs
[2022-07-22 22:23:02,381] {logging_mixin.py:109} INFO - [2022-07-22 22:23:02,381] {dag.py:2935} INFO - Setting next_dagrun for example_branch_labels to 2022-07-21 00:00:00+00:00
[2022-07-22 22:23:02,386] {processor.py:171} INFO - Processing /home/airflow/.local/lib/python3.7/site-packages/airflow/example_dags/example_branch_labels.py took 0.115 seconds
[2022-07-22 22:23:32,799] {processor.py:163} INFO - Started process (PID=2991) to work on /home/airflow/.local/lib/python3.7/site-packages/airflow/example_dags/example_branch_labels.py
[2022-07-22 22:23:32,800] {processor.py:642} INFO - Processing file /home/airflow/.local/lib/python3.7/site-packages/airflow/example_dags/example_branch_labels.py for tasks to queue
[2022-07-22 22:23:32,800] {logging_mixin.py:109} INFO - [2022-07-22 22:23:32,800] {dagbag.py:500} INFO - Filling up the DagBag from /home/airflow/.local/lib/python3.7/site-packages/airflow/example_dags/example_branch_labels.py
[2022-07-22 22:23:32,895] {processor.py:654} INFO - DAG(s) dict_keys(['example_branch_labels']) retrieved from /home/airflow/.local/lib/python3.7/site-packages/airflow/example_dags/example_branch_labels.py
[2022-07-22 22:23:32,902] {logging_mixin.py:109} INFO - [2022-07-22 22:23:32,902] {dag.py:2396} INFO - Sync 1 DAGs
[2022-07-22 22:23:32,913] {logging_mixin.py:109} INFO - [2022-07-22 22:23:32,913] {dag.py:2935} INFO - Setting next_dagrun for example_branch_labels to 2022-07-21 00:00:00+00:00
[2022-07-22 22:23:32,919] {processor.py:171} INFO - Processing /home/airflow/.local/lib/python3.7/site-packages/airflow/example_dags/example_branch_labels.py took 0.122 seconds
[2022-07-22 22:24:03,499] {processor.py:163} INFO - Started process (PID=3041) to work on /home/airflow/.local/lib/python3.7/site-packages/airflow/example_dags/example_branch_labels.py
[2022-07-22 22:24:03,500] {processor.py:642} INFO - Processing file /home/airflow/.local/lib/python3.7/site-packages/airflow/example_dags/example_branch_labels.py for tasks to queue
[2022-07-22 22:24:03,501] {logging_mixin.py:109} INFO - [2022-07-22 22:24:03,501] {dagbag.py:500} INFO - Filling up the DagBag from /home/airflow/.local/lib/python3.7/site-packages/airflow/example_dags/example_branch_labels.py
[2022-07-22 22:24:03,592] {processor.py:654} INFO - DAG(s) dict_keys(['example_branch_labels']) retrieved from /home/airflow/.local/lib/python3.7/site-packages/airflow/example_dags/example_branch_labels.py
[2022-07-22 22:24:03,600] {logging_mixin.py:109} INFO - [2022-07-22 22:24:03,600] {dag.py:2396} INFO - Sync 1 DAGs
[2022-07-22 22:24:03,613] {logging_mixin.py:109} INFO - [2022-07-22 22:24:03,613] {dag.py:2935} INFO - Setting next_dagrun for example_branch_labels to 2022-07-21 00:00:00+00:00
[2022-07-22 22:24:03,619] {processor.py:171} INFO - Processing /home/airflow/.local/lib/python3.7/site-packages/airflow/example_dags/example_branch_labels.py took 0.122 seconds
[2022-07-22 22:24:34,504] {processor.py:163} INFO - Started process (PID=3100) to work on /home/airflow/.local/lib/python3.7/site-packages/airflow/example_dags/example_branch_labels.py
[2022-07-22 22:24:34,505] {processor.py:642} INFO - Processing file /home/airflow/.local/lib/python3.7/site-packages/airflow/example_dags/example_branch_labels.py for tasks to queue
[2022-07-22 22:24:34,505] {logging_mixin.py:109} INFO - [2022-07-22 22:24:34,505] {dagbag.py:500} INFO - Filling up the DagBag from /home/airflow/.local/lib/python3.7/site-packages/airflow/example_dags/example_branch_labels.py
[2022-07-22 22:24:34,596] {processor.py:654} INFO - DAG(s) dict_keys(['example_branch_labels']) retrieved from /home/airflow/.local/lib/python3.7/site-packages/airflow/example_dags/example_branch_labels.py
[2022-07-22 22:24:34,602] {logging_mixin.py:109} INFO - [2022-07-22 22:24:34,602] {dag.py:2396} INFO - Sync 1 DAGs
[2022-07-22 22:24:34,614] {logging_mixin.py:109} INFO - [2022-07-22 22:24:34,614] {dag.py:2935} INFO - Setting next_dagrun for example_branch_labels to 2022-07-21 00:00:00+00:00
[2022-07-22 22:24:34,620] {processor.py:171} INFO - Processing /home/airflow/.local/lib/python3.7/site-packages/airflow/example_dags/example_branch_labels.py took 0.118 seconds
[2022-07-22 22:25:05,002] {processor.py:163} INFO - Started process (PID=3149) to work on /home/airflow/.local/lib/python3.7/site-packages/airflow/example_dags/example_branch_labels.py
[2022-07-22 22:25:05,002] {processor.py:642} INFO - Processing file /home/airflow/.local/lib/python3.7/site-packages/airflow/example_dags/example_branch_labels.py for tasks to queue
[2022-07-22 22:25:05,003] {logging_mixin.py:109} INFO - [2022-07-22 22:25:05,003] {dagbag.py:500} INFO - Filling up the DagBag from /home/airflow/.local/lib/python3.7/site-packages/airflow/example_dags/example_branch_labels.py
[2022-07-22 22:25:05,084] {processor.py:654} INFO - DAG(s) dict_keys(['example_branch_labels']) retrieved from /home/airflow/.local/lib/python3.7/site-packages/airflow/example_dags/example_branch_labels.py
[2022-07-22 22:25:05,090] {logging_mixin.py:109} INFO - [2022-07-22 22:25:05,090] {dag.py:2396} INFO - Sync 1 DAGs
[2022-07-22 22:25:05,101] {logging_mixin.py:109} INFO - [2022-07-22 22:25:05,101] {dag.py:2935} INFO - Setting next_dagrun for example_branch_labels to 2022-07-21 00:00:00+00:00
[2022-07-22 22:25:05,106] {processor.py:171} INFO - Processing /home/airflow/.local/lib/python3.7/site-packages/airflow/example_dags/example_branch_labels.py took 0.106 seconds
[2022-07-22 22:25:35,676] {processor.py:163} INFO - Started process (PID=3208) to work on /home/airflow/.local/lib/python3.7/site-packages/airflow/example_dags/example_branch_labels.py
[2022-07-22 22:25:35,677] {processor.py:642} INFO - Processing file /home/airflow/.local/lib/python3.7/site-packages/airflow/example_dags/example_branch_labels.py for tasks to queue
[2022-07-22 22:25:35,677] {logging_mixin.py:109} INFO - [2022-07-22 22:25:35,677] {dagbag.py:500} INFO - Filling up the DagBag from /home/airflow/.local/lib/python3.7/site-packages/airflow/example_dags/example_branch_labels.py
[2022-07-22 22:25:35,724] {processor.py:654} INFO - DAG(s) dict_keys(['example_branch_labels']) retrieved from /home/airflow/.local/lib/python3.7/site-packages/airflow/example_dags/example_branch_labels.py
[2022-07-22 22:25:35,731] {logging_mixin.py:109} INFO - [2022-07-22 22:25:35,731] {dag.py:2396} INFO - Sync 1 DAGs
[2022-07-22 22:25:35,744] {logging_mixin.py:109} INFO - [2022-07-22 22:25:35,744] {dag.py:2935} INFO - Setting next_dagrun for example_branch_labels to 2022-07-21 00:00:00+00:00
[2022-07-22 22:25:35,750] {processor.py:171} INFO - Processing /home/airflow/.local/lib/python3.7/site-packages/airflow/example_dags/example_branch_labels.py took 0.075 seconds
[2022-07-22 22:26:06,188] {processor.py:163} INFO - Started process (PID=3267) to work on /home/airflow/.local/lib/python3.7/site-packages/airflow/example_dags/example_branch_labels.py
[2022-07-22 22:26:06,189] {processor.py:642} INFO - Processing file /home/airflow/.local/lib/python3.7/site-packages/airflow/example_dags/example_branch_labels.py for tasks to queue
[2022-07-22 22:26:06,189] {logging_mixin.py:109} INFO - [2022-07-22 22:26:06,189] {dagbag.py:500} INFO - Filling up the DagBag from /home/airflow/.local/lib/python3.7/site-packages/airflow/example_dags/example_branch_labels.py
[2022-07-22 22:26:06,208] {processor.py:654} INFO - DAG(s) dict_keys(['example_branch_labels']) retrieved from /home/airflow/.local/lib/python3.7/site-packages/airflow/example_dags/example_branch_labels.py
[2022-07-22 22:26:06,216] {logging_mixin.py:109} INFO - [2022-07-22 22:26:06,216] {dag.py:2396} INFO - Sync 1 DAGs
[2022-07-22 22:26:06,231] {logging_mixin.py:109} INFO - [2022-07-22 22:26:06,231] {dag.py:2935} INFO - Setting next_dagrun for example_branch_labels to 2022-07-21 00:00:00+00:00
[2022-07-22 22:26:06,237] {processor.py:171} INFO - Processing /home/airflow/.local/lib/python3.7/site-packages/airflow/example_dags/example_branch_labels.py took 0.051 seconds
[2022-07-22 22:26:36,698] {processor.py:163} INFO - Started process (PID=3317) to work on /home/airflow/.local/lib/python3.7/site-packages/airflow/example_dags/example_branch_labels.py
[2022-07-22 22:26:36,699] {processor.py:642} INFO - Processing file /home/airflow/.local/lib/python3.7/site-packages/airflow/example_dags/example_branch_labels.py for tasks to queue
[2022-07-22 22:26:36,699] {logging_mixin.py:109} INFO - [2022-07-22 22:26:36,699] {dagbag.py:500} INFO - Filling up the DagBag from /home/airflow/.local/lib/python3.7/site-packages/airflow/example_dags/example_branch_labels.py
[2022-07-22 22:26:36,717] {processor.py:654} INFO - DAG(s) dict_keys(['example_branch_labels']) retrieved from /home/airflow/.local/lib/python3.7/site-packages/airflow/example_dags/example_branch_labels.py
[2022-07-22 22:26:36,724] {logging_mixin.py:109} INFO - [2022-07-22 22:26:36,723] {dag.py:2396} INFO - Sync 1 DAGs
[2022-07-22 22:26:36,736] {logging_mixin.py:109} INFO - [2022-07-22 22:26:36,736] {dag.py:2935} INFO - Setting next_dagrun for example_branch_labels to 2022-07-21 00:00:00+00:00
[2022-07-22 22:26:36,742] {processor.py:171} INFO - Processing /home/airflow/.local/lib/python3.7/site-packages/airflow/example_dags/example_branch_labels.py took 0.046 seconds
[2022-07-22 22:27:07,136] {processor.py:163} INFO - Started process (PID=3376) to work on /home/airflow/.local/lib/python3.7/site-packages/airflow/example_dags/example_branch_labels.py
[2022-07-22 22:27:07,137] {processor.py:642} INFO - Processing file /home/airflow/.local/lib/python3.7/site-packages/airflow/example_dags/example_branch_labels.py for tasks to queue
[2022-07-22 22:27:07,137] {logging_mixin.py:109} INFO - [2022-07-22 22:27:07,137] {dagbag.py:500} INFO - Filling up the DagBag from /home/airflow/.local/lib/python3.7/site-packages/airflow/example_dags/example_branch_labels.py
[2022-07-22 22:27:07,154] {processor.py:654} INFO - DAG(s) dict_keys(['example_branch_labels']) retrieved from /home/airflow/.local/lib/python3.7/site-packages/airflow/example_dags/example_branch_labels.py
[2022-07-22 22:27:07,161] {logging_mixin.py:109} INFO - [2022-07-22 22:27:07,161] {dag.py:2396} INFO - Sync 1 DAGs
[2022-07-22 22:27:07,172] {logging_mixin.py:109} INFO - [2022-07-22 22:27:07,172] {dag.py:2935} INFO - Setting next_dagrun for example_branch_labels to 2022-07-21 00:00:00+00:00
[2022-07-22 22:27:07,178] {processor.py:171} INFO - Processing /home/airflow/.local/lib/python3.7/site-packages/airflow/example_dags/example_branch_labels.py took 0.043 seconds
[2022-07-22 22:27:37,551] {processor.py:163} INFO - Started process (PID=3426) to work on /home/airflow/.local/lib/python3.7/site-packages/airflow/example_dags/example_branch_labels.py
[2022-07-22 22:27:37,552] {processor.py:642} INFO - Processing file /home/airflow/.local/lib/python3.7/site-packages/airflow/example_dags/example_branch_labels.py for tasks to queue
[2022-07-22 22:27:37,552] {logging_mixin.py:109} INFO - [2022-07-22 22:27:37,552] {dagbag.py:500} INFO - Filling up the DagBag from /home/airflow/.local/lib/python3.7/site-packages/airflow/example_dags/example_branch_labels.py
[2022-07-22 22:27:37,569] {processor.py:654} INFO - DAG(s) dict_keys(['example_branch_labels']) retrieved from /home/airflow/.local/lib/python3.7/site-packages/airflow/example_dags/example_branch_labels.py
[2022-07-22 22:27:37,577] {logging_mixin.py:109} INFO - [2022-07-22 22:27:37,577] {dag.py:2396} INFO - Sync 1 DAGs
[2022-07-22 22:27:37,589] {logging_mixin.py:109} INFO - [2022-07-22 22:27:37,589] {dag.py:2935} INFO - Setting next_dagrun for example_branch_labels to 2022-07-21 00:00:00+00:00
[2022-07-22 22:27:37,594] {processor.py:171} INFO - Processing /home/airflow/.local/lib/python3.7/site-packages/airflow/example_dags/example_branch_labels.py took 0.045 seconds
[2022-07-22 22:28:07,863] {processor.py:163} INFO - Started process (PID=3485) to work on /home/airflow/.local/lib/python3.7/site-packages/airflow/example_dags/example_branch_labels.py
[2022-07-22 22:28:07,863] {processor.py:642} INFO - Processing file /home/airflow/.local/lib/python3.7/site-packages/airflow/example_dags/example_branch_labels.py for tasks to queue
[2022-07-22 22:28:07,864] {logging_mixin.py:109} INFO - [2022-07-22 22:28:07,864] {dagbag.py:500} INFO - Filling up the DagBag from /home/airflow/.local/lib/python3.7/site-packages/airflow/example_dags/example_branch_labels.py
[2022-07-22 22:28:07,881] {processor.py:654} INFO - DAG(s) dict_keys(['example_branch_labels']) retrieved from /home/airflow/.local/lib/python3.7/site-packages/airflow/example_dags/example_branch_labels.py
[2022-07-22 22:28:07,888] {logging_mixin.py:109} INFO - [2022-07-22 22:28:07,888] {dag.py:2396} INFO - Sync 1 DAGs
[2022-07-22 22:28:07,899] {logging_mixin.py:109} INFO - [2022-07-22 22:28:07,899] {dag.py:2935} INFO - Setting next_dagrun for example_branch_labels to 2022-07-21 00:00:00+00:00
[2022-07-22 22:28:07,905] {processor.py:171} INFO - Processing /home/airflow/.local/lib/python3.7/site-packages/airflow/example_dags/example_branch_labels.py took 0.044 seconds
