[2022-07-22 21:53:53,988] {processor.py:163} INFO - Started process (PID=49) to work on /home/airflow/.local/lib/python3.7/site-packages/airflow/example_dags/example_branch_datetime_operator.py
[2022-07-22 21:53:53,988] {processor.py:642} INFO - Processing file /home/airflow/.local/lib/python3.7/site-packages/airflow/example_dags/example_branch_datetime_operator.py for tasks to queue
[2022-07-22 21:53:53,989] {logging_mixin.py:109} INFO - [2022-07-22 21:53:53,989] {dagbag.py:500} INFO - Filling up the DagBag from /home/airflow/.local/lib/python3.7/site-packages/airflow/example_dags/example_branch_datetime_operator.py
[2022-07-22 21:53:54,018] {processor.py:654} INFO - DAG(s) dict_keys(['example_branch_datetime_operator_2']) retrieved from /home/airflow/.local/lib/python3.7/site-packages/airflow/example_dags/example_branch_datetime_operator.py
[2022-07-22 21:53:58,287] {logging_mixin.py:109} INFO - [2022-07-22 21:53:58,287] {manager.py:496} INFO - Created Permission View: can read on DAG:example_branch_datetime_operator_2
[2022-07-22 21:53:58,293] {logging_mixin.py:109} INFO - [2022-07-22 21:53:58,293] {manager.py:496} INFO - Created Permission View: can edit on DAG:example_branch_datetime_operator_2
[2022-07-22 21:53:58,293] {logging_mixin.py:109} INFO - [2022-07-22 21:53:58,293] {dag.py:2396} INFO - Sync 1 DAGs
[2022-07-22 21:53:58,299] {logging_mixin.py:109} INFO - [2022-07-22 21:53:58,299] {dag.py:2415} INFO - Creating ORM DAG for example_branch_datetime_operator_2
[2022-07-22 21:53:58,308] {logging_mixin.py:109} INFO - [2022-07-22 21:53:58,308] {dag.py:2935} INFO - Setting next_dagrun for example_branch_datetime_operator_2 to 2022-07-21 00:00:00+00:00
[2022-07-22 21:53:58,317] {processor.py:171} INFO - Processing /home/airflow/.local/lib/python3.7/site-packages/airflow/example_dags/example_branch_datetime_operator.py took 4.331 seconds
[2022-07-22 21:54:28,392] {processor.py:163} INFO - Started process (PID=588) to work on /home/airflow/.local/lib/python3.7/site-packages/airflow/example_dags/example_branch_datetime_operator.py
[2022-07-22 21:54:28,393] {processor.py:642} INFO - Processing file /home/airflow/.local/lib/python3.7/site-packages/airflow/example_dags/example_branch_datetime_operator.py for tasks to queue
[2022-07-22 21:54:28,393] {logging_mixin.py:109} INFO - [2022-07-22 21:54:28,393] {dagbag.py:500} INFO - Filling up the DagBag from /home/airflow/.local/lib/python3.7/site-packages/airflow/example_dags/example_branch_datetime_operator.py
[2022-07-22 21:54:28,411] {processor.py:654} INFO - DAG(s) dict_keys(['example_branch_datetime_operator_2']) retrieved from /home/airflow/.local/lib/python3.7/site-packages/airflow/example_dags/example_branch_datetime_operator.py
[2022-07-22 21:54:28,417] {logging_mixin.py:109} INFO - [2022-07-22 21:54:28,417] {dag.py:2396} INFO - Sync 1 DAGs
[2022-07-22 21:54:28,429] {logging_mixin.py:109} INFO - [2022-07-22 21:54:28,429] {dag.py:2935} INFO - Setting next_dagrun for example_branch_datetime_operator_2 to 2022-07-21 00:00:00+00:00
[2022-07-22 21:54:28,435] {processor.py:171} INFO - Processing /home/airflow/.local/lib/python3.7/site-packages/airflow/example_dags/example_branch_datetime_operator.py took 0.045 seconds
[2022-07-22 21:54:58,580] {processor.py:163} INFO - Started process (PID=647) to work on /home/airflow/.local/lib/python3.7/site-packages/airflow/example_dags/example_branch_datetime_operator.py
[2022-07-22 21:54:58,581] {processor.py:642} INFO - Processing file /home/airflow/.local/lib/python3.7/site-packages/airflow/example_dags/example_branch_datetime_operator.py for tasks to queue
[2022-07-22 21:54:58,582] {logging_mixin.py:109} INFO - [2022-07-22 21:54:58,582] {dagbag.py:500} INFO - Filling up the DagBag from /home/airflow/.local/lib/python3.7/site-packages/airflow/example_dags/example_branch_datetime_operator.py
[2022-07-22 21:54:58,600] {processor.py:654} INFO - DAG(s) dict_keys(['example_branch_datetime_operator_2']) retrieved from /home/airflow/.local/lib/python3.7/site-packages/airflow/example_dags/example_branch_datetime_operator.py
[2022-07-22 21:54:58,606] {logging_mixin.py:109} INFO - [2022-07-22 21:54:58,606] {dag.py:2396} INFO - Sync 1 DAGs
[2022-07-22 21:54:58,618] {logging_mixin.py:109} INFO - [2022-07-22 21:54:58,618] {dag.py:2935} INFO - Setting next_dagrun for example_branch_datetime_operator_2 to 2022-07-21 00:00:00+00:00
[2022-07-22 21:54:58,624] {processor.py:171} INFO - Processing /home/airflow/.local/lib/python3.7/site-packages/airflow/example_dags/example_branch_datetime_operator.py took 0.046 seconds
[2022-07-22 21:55:28,904] {processor.py:163} INFO - Started process (PID=697) to work on /home/airflow/.local/lib/python3.7/site-packages/airflow/example_dags/example_branch_datetime_operator.py
[2022-07-22 21:55:28,905] {processor.py:642} INFO - Processing file /home/airflow/.local/lib/python3.7/site-packages/airflow/example_dags/example_branch_datetime_operator.py for tasks to queue
[2022-07-22 21:55:28,906] {logging_mixin.py:109} INFO - [2022-07-22 21:55:28,906] {dagbag.py:500} INFO - Filling up the DagBag from /home/airflow/.local/lib/python3.7/site-packages/airflow/example_dags/example_branch_datetime_operator.py
[2022-07-22 21:55:28,923] {processor.py:654} INFO - DAG(s) dict_keys(['example_branch_datetime_operator_2']) retrieved from /home/airflow/.local/lib/python3.7/site-packages/airflow/example_dags/example_branch_datetime_operator.py
[2022-07-22 21:55:28,929] {logging_mixin.py:109} INFO - [2022-07-22 21:55:28,929] {dag.py:2396} INFO - Sync 1 DAGs
[2022-07-22 21:55:28,941] {logging_mixin.py:109} INFO - [2022-07-22 21:55:28,941] {dag.py:2935} INFO - Setting next_dagrun for example_branch_datetime_operator_2 to 2022-07-21 00:00:00+00:00
[2022-07-22 21:55:28,947] {processor.py:171} INFO - Processing /home/airflow/.local/lib/python3.7/site-packages/airflow/example_dags/example_branch_datetime_operator.py took 0.045 seconds
[2022-07-22 21:56:26,526] {processor.py:163} INFO - Started process (PID=49) to work on /home/airflow/.local/lib/python3.7/site-packages/airflow/example_dags/example_branch_datetime_operator.py
[2022-07-22 21:56:26,526] {processor.py:642} INFO - Processing file /home/airflow/.local/lib/python3.7/site-packages/airflow/example_dags/example_branch_datetime_operator.py for tasks to queue
[2022-07-22 21:56:26,527] {logging_mixin.py:109} INFO - [2022-07-22 21:56:26,527] {dagbag.py:500} INFO - Filling up the DagBag from /home/airflow/.local/lib/python3.7/site-packages/airflow/example_dags/example_branch_datetime_operator.py
[2022-07-22 21:56:26,552] {processor.py:654} INFO - DAG(s) dict_keys(['example_branch_datetime_operator_2']) retrieved from /home/airflow/.local/lib/python3.7/site-packages/airflow/example_dags/example_branch_datetime_operator.py
[2022-07-22 21:56:26,558] {logging_mixin.py:109} INFO - [2022-07-22 21:56:26,558] {dag.py:2396} INFO - Sync 1 DAGs
[2022-07-22 21:56:26,571] {logging_mixin.py:109} INFO - [2022-07-22 21:56:26,571] {dag.py:2935} INFO - Setting next_dagrun for example_branch_datetime_operator_2 to 2022-07-21 00:00:00+00:00
[2022-07-22 21:56:26,577] {processor.py:171} INFO - Processing /home/airflow/.local/lib/python3.7/site-packages/airflow/example_dags/example_branch_datetime_operator.py took 0.053 seconds
[2022-07-22 21:56:57,516] {processor.py:163} INFO - Started process (PID=109) to work on /home/airflow/.local/lib/python3.7/site-packages/airflow/example_dags/example_branch_datetime_operator.py
[2022-07-22 21:56:57,517] {processor.py:642} INFO - Processing file /home/airflow/.local/lib/python3.7/site-packages/airflow/example_dags/example_branch_datetime_operator.py for tasks to queue
[2022-07-22 21:56:57,517] {logging_mixin.py:109} INFO - [2022-07-22 21:56:57,517] {dagbag.py:500} INFO - Filling up the DagBag from /home/airflow/.local/lib/python3.7/site-packages/airflow/example_dags/example_branch_datetime_operator.py
[2022-07-22 21:56:57,533] {processor.py:654} INFO - DAG(s) dict_keys(['example_branch_datetime_operator_2']) retrieved from /home/airflow/.local/lib/python3.7/site-packages/airflow/example_dags/example_branch_datetime_operator.py
[2022-07-22 21:56:57,539] {logging_mixin.py:109} INFO - [2022-07-22 21:56:57,539] {dag.py:2396} INFO - Sync 1 DAGs
[2022-07-22 21:56:57,551] {logging_mixin.py:109} INFO - [2022-07-22 21:56:57,550] {dag.py:2935} INFO - Setting next_dagrun for example_branch_datetime_operator_2 to 2022-07-21 00:00:00+00:00
[2022-07-22 21:56:57,556] {processor.py:171} INFO - Processing /home/airflow/.local/lib/python3.7/site-packages/airflow/example_dags/example_branch_datetime_operator.py took 0.042 seconds
[2022-07-22 21:57:28,156] {processor.py:163} INFO - Started process (PID=168) to work on /home/airflow/.local/lib/python3.7/site-packages/airflow/example_dags/example_branch_datetime_operator.py
[2022-07-22 21:57:28,157] {processor.py:642} INFO - Processing file /home/airflow/.local/lib/python3.7/site-packages/airflow/example_dags/example_branch_datetime_operator.py for tasks to queue
[2022-07-22 21:57:28,157] {logging_mixin.py:109} INFO - [2022-07-22 21:57:28,157] {dagbag.py:500} INFO - Filling up the DagBag from /home/airflow/.local/lib/python3.7/site-packages/airflow/example_dags/example_branch_datetime_operator.py
[2022-07-22 21:57:28,174] {processor.py:654} INFO - DAG(s) dict_keys(['example_branch_datetime_operator_2']) retrieved from /home/airflow/.local/lib/python3.7/site-packages/airflow/example_dags/example_branch_datetime_operator.py
[2022-07-22 21:57:28,181] {logging_mixin.py:109} INFO - [2022-07-22 21:57:28,180] {dag.py:2396} INFO - Sync 1 DAGs
[2022-07-22 21:57:28,192] {logging_mixin.py:109} INFO - [2022-07-22 21:57:28,192] {dag.py:2935} INFO - Setting next_dagrun for example_branch_datetime_operator_2 to 2022-07-21 00:00:00+00:00
[2022-07-22 21:57:28,200] {processor.py:171} INFO - Processing /home/airflow/.local/lib/python3.7/site-packages/airflow/example_dags/example_branch_datetime_operator.py took 0.045 seconds
[2022-07-22 21:57:58,941] {processor.py:163} INFO - Started process (PID=218) to work on /home/airflow/.local/lib/python3.7/site-packages/airflow/example_dags/example_branch_datetime_operator.py
[2022-07-22 21:57:58,942] {processor.py:642} INFO - Processing file /home/airflow/.local/lib/python3.7/site-packages/airflow/example_dags/example_branch_datetime_operator.py for tasks to queue
[2022-07-22 21:57:58,942] {logging_mixin.py:109} INFO - [2022-07-22 21:57:58,942] {dagbag.py:500} INFO - Filling up the DagBag from /home/airflow/.local/lib/python3.7/site-packages/airflow/example_dags/example_branch_datetime_operator.py
[2022-07-22 21:57:58,959] {processor.py:654} INFO - DAG(s) dict_keys(['example_branch_datetime_operator_2']) retrieved from /home/airflow/.local/lib/python3.7/site-packages/airflow/example_dags/example_branch_datetime_operator.py
[2022-07-22 21:57:58,967] {logging_mixin.py:109} INFO - [2022-07-22 21:57:58,967] {dag.py:2396} INFO - Sync 1 DAGs
[2022-07-22 21:57:58,980] {logging_mixin.py:109} INFO - [2022-07-22 21:57:58,980] {dag.py:2935} INFO - Setting next_dagrun for example_branch_datetime_operator_2 to 2022-07-21 00:00:00+00:00
[2022-07-22 21:57:58,987] {processor.py:171} INFO - Processing /home/airflow/.local/lib/python3.7/site-packages/airflow/example_dags/example_branch_datetime_operator.py took 0.047 seconds
[2022-07-22 21:58:29,877] {processor.py:163} INFO - Started process (PID=277) to work on /home/airflow/.local/lib/python3.7/site-packages/airflow/example_dags/example_branch_datetime_operator.py
[2022-07-22 21:58:29,878] {processor.py:642} INFO - Processing file /home/airflow/.local/lib/python3.7/site-packages/airflow/example_dags/example_branch_datetime_operator.py for tasks to queue
[2022-07-22 21:58:29,878] {logging_mixin.py:109} INFO - [2022-07-22 21:58:29,878] {dagbag.py:500} INFO - Filling up the DagBag from /home/airflow/.local/lib/python3.7/site-packages/airflow/example_dags/example_branch_datetime_operator.py
[2022-07-22 21:58:29,894] {processor.py:654} INFO - DAG(s) dict_keys(['example_branch_datetime_operator_2']) retrieved from /home/airflow/.local/lib/python3.7/site-packages/airflow/example_dags/example_branch_datetime_operator.py
[2022-07-22 21:58:29,901] {logging_mixin.py:109} INFO - [2022-07-22 21:58:29,900] {dag.py:2396} INFO - Sync 1 DAGs
[2022-07-22 21:58:29,912] {logging_mixin.py:109} INFO - [2022-07-22 21:58:29,912] {dag.py:2935} INFO - Setting next_dagrun for example_branch_datetime_operator_2 to 2022-07-21 00:00:00+00:00
[2022-07-22 21:58:29,919] {processor.py:171} INFO - Processing /home/airflow/.local/lib/python3.7/site-packages/airflow/example_dags/example_branch_datetime_operator.py took 0.043 seconds
[2022-07-22 21:59:00,596] {processor.py:163} INFO - Started process (PID=327) to work on /home/airflow/.local/lib/python3.7/site-packages/airflow/example_dags/example_branch_datetime_operator.py
[2022-07-22 21:59:00,597] {processor.py:642} INFO - Processing file /home/airflow/.local/lib/python3.7/site-packages/airflow/example_dags/example_branch_datetime_operator.py for tasks to queue
[2022-07-22 21:59:00,598] {logging_mixin.py:109} INFO - [2022-07-22 21:59:00,598] {dagbag.py:500} INFO - Filling up the DagBag from /home/airflow/.local/lib/python3.7/site-packages/airflow/example_dags/example_branch_datetime_operator.py
[2022-07-22 21:59:00,615] {processor.py:654} INFO - DAG(s) dict_keys(['example_branch_datetime_operator_2']) retrieved from /home/airflow/.local/lib/python3.7/site-packages/airflow/example_dags/example_branch_datetime_operator.py
[2022-07-22 21:59:00,621] {logging_mixin.py:109} INFO - [2022-07-22 21:59:00,621] {dag.py:2396} INFO - Sync 1 DAGs
[2022-07-22 21:59:00,633] {logging_mixin.py:109} INFO - [2022-07-22 21:59:00,633] {dag.py:2935} INFO - Setting next_dagrun for example_branch_datetime_operator_2 to 2022-07-21 00:00:00+00:00
[2022-07-22 21:59:00,639] {processor.py:171} INFO - Processing /home/airflow/.local/lib/python3.7/site-packages/airflow/example_dags/example_branch_datetime_operator.py took 0.044 seconds
[2022-07-22 21:59:31,395] {processor.py:163} INFO - Started process (PID=386) to work on /home/airflow/.local/lib/python3.7/site-packages/airflow/example_dags/example_branch_datetime_operator.py
[2022-07-22 21:59:31,396] {processor.py:642} INFO - Processing file /home/airflow/.local/lib/python3.7/site-packages/airflow/example_dags/example_branch_datetime_operator.py for tasks to queue
[2022-07-22 21:59:31,396] {logging_mixin.py:109} INFO - [2022-07-22 21:59:31,396] {dagbag.py:500} INFO - Filling up the DagBag from /home/airflow/.local/lib/python3.7/site-packages/airflow/example_dags/example_branch_datetime_operator.py
[2022-07-22 21:59:31,414] {processor.py:654} INFO - DAG(s) dict_keys(['example_branch_datetime_operator_2']) retrieved from /home/airflow/.local/lib/python3.7/site-packages/airflow/example_dags/example_branch_datetime_operator.py
[2022-07-22 21:59:31,421] {logging_mixin.py:109} INFO - [2022-07-22 21:59:31,421] {dag.py:2396} INFO - Sync 1 DAGs
[2022-07-22 21:59:31,432] {logging_mixin.py:109} INFO - [2022-07-22 21:59:31,432] {dag.py:2935} INFO - Setting next_dagrun for example_branch_datetime_operator_2 to 2022-07-21 00:00:00+00:00
[2022-07-22 21:59:31,438] {processor.py:171} INFO - Processing /home/airflow/.local/lib/python3.7/site-packages/airflow/example_dags/example_branch_datetime_operator.py took 0.045 seconds
[2022-07-22 22:00:02,171] {processor.py:163} INFO - Started process (PID=445) to work on /home/airflow/.local/lib/python3.7/site-packages/airflow/example_dags/example_branch_datetime_operator.py
[2022-07-22 22:00:02,172] {processor.py:642} INFO - Processing file /home/airflow/.local/lib/python3.7/site-packages/airflow/example_dags/example_branch_datetime_operator.py for tasks to queue
[2022-07-22 22:00:02,172] {logging_mixin.py:109} INFO - [2022-07-22 22:00:02,172] {dagbag.py:500} INFO - Filling up the DagBag from /home/airflow/.local/lib/python3.7/site-packages/airflow/example_dags/example_branch_datetime_operator.py
[2022-07-22 22:00:02,190] {processor.py:654} INFO - DAG(s) dict_keys(['example_branch_datetime_operator_2']) retrieved from /home/airflow/.local/lib/python3.7/site-packages/airflow/example_dags/example_branch_datetime_operator.py
[2022-07-22 22:00:02,196] {logging_mixin.py:109} INFO - [2022-07-22 22:00:02,196] {dag.py:2396} INFO - Sync 1 DAGs
[2022-07-22 22:00:02,208] {logging_mixin.py:109} INFO - [2022-07-22 22:00:02,208] {dag.py:2935} INFO - Setting next_dagrun for example_branch_datetime_operator_2 to 2022-07-21 00:00:00+00:00
[2022-07-22 22:00:02,214] {processor.py:171} INFO - Processing /home/airflow/.local/lib/python3.7/site-packages/airflow/example_dags/example_branch_datetime_operator.py took 0.044 seconds
[2022-07-22 22:00:32,824] {processor.py:163} INFO - Started process (PID=495) to work on /home/airflow/.local/lib/python3.7/site-packages/airflow/example_dags/example_branch_datetime_operator.py
[2022-07-22 22:00:32,825] {processor.py:642} INFO - Processing file /home/airflow/.local/lib/python3.7/site-packages/airflow/example_dags/example_branch_datetime_operator.py for tasks to queue
[2022-07-22 22:00:32,825] {logging_mixin.py:109} INFO - [2022-07-22 22:00:32,825] {dagbag.py:500} INFO - Filling up the DagBag from /home/airflow/.local/lib/python3.7/site-packages/airflow/example_dags/example_branch_datetime_operator.py
[2022-07-22 22:00:32,843] {processor.py:654} INFO - DAG(s) dict_keys(['example_branch_datetime_operator_2']) retrieved from /home/airflow/.local/lib/python3.7/site-packages/airflow/example_dags/example_branch_datetime_operator.py
[2022-07-22 22:00:32,850] {logging_mixin.py:109} INFO - [2022-07-22 22:00:32,850] {dag.py:2396} INFO - Sync 1 DAGs
[2022-07-22 22:00:32,862] {logging_mixin.py:109} INFO - [2022-07-22 22:00:32,862] {dag.py:2935} INFO - Setting next_dagrun for example_branch_datetime_operator_2 to 2022-07-21 00:00:00+00:00
[2022-07-22 22:00:32,867] {processor.py:171} INFO - Processing /home/airflow/.local/lib/python3.7/site-packages/airflow/example_dags/example_branch_datetime_operator.py took 0.045 seconds
[2022-07-22 22:01:03,489] {processor.py:163} INFO - Started process (PID=554) to work on /home/airflow/.local/lib/python3.7/site-packages/airflow/example_dags/example_branch_datetime_operator.py
[2022-07-22 22:01:03,490] {processor.py:642} INFO - Processing file /home/airflow/.local/lib/python3.7/site-packages/airflow/example_dags/example_branch_datetime_operator.py for tasks to queue
[2022-07-22 22:01:03,490] {logging_mixin.py:109} INFO - [2022-07-22 22:01:03,490] {dagbag.py:500} INFO - Filling up the DagBag from /home/airflow/.local/lib/python3.7/site-packages/airflow/example_dags/example_branch_datetime_operator.py
[2022-07-22 22:01:03,507] {processor.py:654} INFO - DAG(s) dict_keys(['example_branch_datetime_operator_2']) retrieved from /home/airflow/.local/lib/python3.7/site-packages/airflow/example_dags/example_branch_datetime_operator.py
[2022-07-22 22:01:03,513] {logging_mixin.py:109} INFO - [2022-07-22 22:01:03,513] {dag.py:2396} INFO - Sync 1 DAGs
[2022-07-22 22:01:03,525] {logging_mixin.py:109} INFO - [2022-07-22 22:01:03,525] {dag.py:2935} INFO - Setting next_dagrun for example_branch_datetime_operator_2 to 2022-07-21 00:00:00+00:00
[2022-07-22 22:01:03,532] {processor.py:171} INFO - Processing /home/airflow/.local/lib/python3.7/site-packages/airflow/example_dags/example_branch_datetime_operator.py took 0.045 seconds
[2022-07-22 22:01:34,152] {processor.py:163} INFO - Started process (PID=613) to work on /home/airflow/.local/lib/python3.7/site-packages/airflow/example_dags/example_branch_datetime_operator.py
[2022-07-22 22:01:34,153] {processor.py:642} INFO - Processing file /home/airflow/.local/lib/python3.7/site-packages/airflow/example_dags/example_branch_datetime_operator.py for tasks to queue
[2022-07-22 22:01:34,153] {logging_mixin.py:109} INFO - [2022-07-22 22:01:34,153] {dagbag.py:500} INFO - Filling up the DagBag from /home/airflow/.local/lib/python3.7/site-packages/airflow/example_dags/example_branch_datetime_operator.py
[2022-07-22 22:01:34,170] {processor.py:654} INFO - DAG(s) dict_keys(['example_branch_datetime_operator_2']) retrieved from /home/airflow/.local/lib/python3.7/site-packages/airflow/example_dags/example_branch_datetime_operator.py
[2022-07-22 22:01:34,176] {logging_mixin.py:109} INFO - [2022-07-22 22:01:34,176] {dag.py:2396} INFO - Sync 1 DAGs
[2022-07-22 22:01:34,189] {logging_mixin.py:109} INFO - [2022-07-22 22:01:34,189] {dag.py:2935} INFO - Setting next_dagrun for example_branch_datetime_operator_2 to 2022-07-21 00:00:00+00:00
[2022-07-22 22:01:34,195] {processor.py:171} INFO - Processing /home/airflow/.local/lib/python3.7/site-packages/airflow/example_dags/example_branch_datetime_operator.py took 0.045 seconds
[2022-07-22 22:02:04,835] {processor.py:163} INFO - Started process (PID=663) to work on /home/airflow/.local/lib/python3.7/site-packages/airflow/example_dags/example_branch_datetime_operator.py
[2022-07-22 22:02:04,836] {processor.py:642} INFO - Processing file /home/airflow/.local/lib/python3.7/site-packages/airflow/example_dags/example_branch_datetime_operator.py for tasks to queue
[2022-07-22 22:02:04,836] {logging_mixin.py:109} INFO - [2022-07-22 22:02:04,836] {dagbag.py:500} INFO - Filling up the DagBag from /home/airflow/.local/lib/python3.7/site-packages/airflow/example_dags/example_branch_datetime_operator.py
[2022-07-22 22:02:04,853] {processor.py:654} INFO - DAG(s) dict_keys(['example_branch_datetime_operator_2']) retrieved from /home/airflow/.local/lib/python3.7/site-packages/airflow/example_dags/example_branch_datetime_operator.py
[2022-07-22 22:02:04,859] {logging_mixin.py:109} INFO - [2022-07-22 22:02:04,859] {dag.py:2396} INFO - Sync 1 DAGs
[2022-07-22 22:02:04,871] {logging_mixin.py:109} INFO - [2022-07-22 22:02:04,871] {dag.py:2935} INFO - Setting next_dagrun for example_branch_datetime_operator_2 to 2022-07-21 00:00:00+00:00
[2022-07-22 22:02:04,877] {processor.py:171} INFO - Processing /home/airflow/.local/lib/python3.7/site-packages/airflow/example_dags/example_branch_datetime_operator.py took 0.045 seconds
[2022-07-22 22:02:35,418] {processor.py:163} INFO - Started process (PID=722) to work on /home/airflow/.local/lib/python3.7/site-packages/airflow/example_dags/example_branch_datetime_operator.py
[2022-07-22 22:02:35,419] {processor.py:642} INFO - Processing file /home/airflow/.local/lib/python3.7/site-packages/airflow/example_dags/example_branch_datetime_operator.py for tasks to queue
[2022-07-22 22:02:35,420] {logging_mixin.py:109} INFO - [2022-07-22 22:02:35,420] {dagbag.py:500} INFO - Filling up the DagBag from /home/airflow/.local/lib/python3.7/site-packages/airflow/example_dags/example_branch_datetime_operator.py
[2022-07-22 22:02:35,438] {processor.py:654} INFO - DAG(s) dict_keys(['example_branch_datetime_operator_2']) retrieved from /home/airflow/.local/lib/python3.7/site-packages/airflow/example_dags/example_branch_datetime_operator.py
[2022-07-22 22:02:35,447] {logging_mixin.py:109} INFO - [2022-07-22 22:02:35,446] {dag.py:2396} INFO - Sync 1 DAGs
[2022-07-22 22:02:35,459] {logging_mixin.py:109} INFO - [2022-07-22 22:02:35,459] {dag.py:2935} INFO - Setting next_dagrun for example_branch_datetime_operator_2 to 2022-07-21 00:00:00+00:00
[2022-07-22 22:02:35,465] {processor.py:171} INFO - Processing /home/airflow/.local/lib/python3.7/site-packages/airflow/example_dags/example_branch_datetime_operator.py took 0.048 seconds
[2022-07-22 22:03:06,086] {processor.py:163} INFO - Started process (PID=772) to work on /home/airflow/.local/lib/python3.7/site-packages/airflow/example_dags/example_branch_datetime_operator.py
[2022-07-22 22:03:06,087] {processor.py:642} INFO - Processing file /home/airflow/.local/lib/python3.7/site-packages/airflow/example_dags/example_branch_datetime_operator.py for tasks to queue
[2022-07-22 22:03:06,087] {logging_mixin.py:109} INFO - [2022-07-22 22:03:06,087] {dagbag.py:500} INFO - Filling up the DagBag from /home/airflow/.local/lib/python3.7/site-packages/airflow/example_dags/example_branch_datetime_operator.py
[2022-07-22 22:03:06,105] {processor.py:654} INFO - DAG(s) dict_keys(['example_branch_datetime_operator_2']) retrieved from /home/airflow/.local/lib/python3.7/site-packages/airflow/example_dags/example_branch_datetime_operator.py
[2022-07-22 22:03:06,111] {logging_mixin.py:109} INFO - [2022-07-22 22:03:06,111] {dag.py:2396} INFO - Sync 1 DAGs
[2022-07-22 22:03:06,123] {logging_mixin.py:109} INFO - [2022-07-22 22:03:06,123] {dag.py:2935} INFO - Setting next_dagrun for example_branch_datetime_operator_2 to 2022-07-21 00:00:00+00:00
[2022-07-22 22:03:06,129] {processor.py:171} INFO - Processing /home/airflow/.local/lib/python3.7/site-packages/airflow/example_dags/example_branch_datetime_operator.py took 0.044 seconds
[2022-07-22 22:03:36,692] {processor.py:163} INFO - Started process (PID=831) to work on /home/airflow/.local/lib/python3.7/site-packages/airflow/example_dags/example_branch_datetime_operator.py
[2022-07-22 22:03:36,693] {processor.py:642} INFO - Processing file /home/airflow/.local/lib/python3.7/site-packages/airflow/example_dags/example_branch_datetime_operator.py for tasks to queue
[2022-07-22 22:03:36,694] {logging_mixin.py:109} INFO - [2022-07-22 22:03:36,693] {dagbag.py:500} INFO - Filling up the DagBag from /home/airflow/.local/lib/python3.7/site-packages/airflow/example_dags/example_branch_datetime_operator.py
[2022-07-22 22:03:36,711] {processor.py:654} INFO - DAG(s) dict_keys(['example_branch_datetime_operator_2']) retrieved from /home/airflow/.local/lib/python3.7/site-packages/airflow/example_dags/example_branch_datetime_operator.py
[2022-07-22 22:03:36,717] {logging_mixin.py:109} INFO - [2022-07-22 22:03:36,717] {dag.py:2396} INFO - Sync 1 DAGs
[2022-07-22 22:03:36,729] {logging_mixin.py:109} INFO - [2022-07-22 22:03:36,729] {dag.py:2935} INFO - Setting next_dagrun for example_branch_datetime_operator_2 to 2022-07-21 00:00:00+00:00
[2022-07-22 22:03:36,736] {processor.py:171} INFO - Processing /home/airflow/.local/lib/python3.7/site-packages/airflow/example_dags/example_branch_datetime_operator.py took 0.045 seconds
[2022-07-22 22:04:07,329] {processor.py:163} INFO - Started process (PID=881) to work on /home/airflow/.local/lib/python3.7/site-packages/airflow/example_dags/example_branch_datetime_operator.py
[2022-07-22 22:04:07,330] {processor.py:642} INFO - Processing file /home/airflow/.local/lib/python3.7/site-packages/airflow/example_dags/example_branch_datetime_operator.py for tasks to queue
[2022-07-22 22:04:07,330] {logging_mixin.py:109} INFO - [2022-07-22 22:04:07,330] {dagbag.py:500} INFO - Filling up the DagBag from /home/airflow/.local/lib/python3.7/site-packages/airflow/example_dags/example_branch_datetime_operator.py
[2022-07-22 22:04:07,348] {processor.py:654} INFO - DAG(s) dict_keys(['example_branch_datetime_operator_2']) retrieved from /home/airflow/.local/lib/python3.7/site-packages/airflow/example_dags/example_branch_datetime_operator.py
[2022-07-22 22:04:07,354] {logging_mixin.py:109} INFO - [2022-07-22 22:04:07,354] {dag.py:2396} INFO - Sync 1 DAGs
[2022-07-22 22:04:07,366] {logging_mixin.py:109} INFO - [2022-07-22 22:04:07,366] {dag.py:2935} INFO - Setting next_dagrun for example_branch_datetime_operator_2 to 2022-07-21 00:00:00+00:00
[2022-07-22 22:04:07,372] {processor.py:171} INFO - Processing /home/airflow/.local/lib/python3.7/site-packages/airflow/example_dags/example_branch_datetime_operator.py took 0.045 seconds
[2022-07-22 22:04:38,096] {processor.py:163} INFO - Started process (PID=940) to work on /home/airflow/.local/lib/python3.7/site-packages/airflow/example_dags/example_branch_datetime_operator.py
[2022-07-22 22:04:38,097] {processor.py:642} INFO - Processing file /home/airflow/.local/lib/python3.7/site-packages/airflow/example_dags/example_branch_datetime_operator.py for tasks to queue
[2022-07-22 22:04:38,097] {logging_mixin.py:109} INFO - [2022-07-22 22:04:38,097] {dagbag.py:500} INFO - Filling up the DagBag from /home/airflow/.local/lib/python3.7/site-packages/airflow/example_dags/example_branch_datetime_operator.py
[2022-07-22 22:04:38,116] {processor.py:654} INFO - DAG(s) dict_keys(['example_branch_datetime_operator_2']) retrieved from /home/airflow/.local/lib/python3.7/site-packages/airflow/example_dags/example_branch_datetime_operator.py
[2022-07-22 22:04:38,122] {logging_mixin.py:109} INFO - [2022-07-22 22:04:38,122] {dag.py:2396} INFO - Sync 1 DAGs
[2022-07-22 22:04:38,135] {logging_mixin.py:109} INFO - [2022-07-22 22:04:38,135] {dag.py:2935} INFO - Setting next_dagrun for example_branch_datetime_operator_2 to 2022-07-21 00:00:00+00:00
[2022-07-22 22:04:38,142] {processor.py:171} INFO - Processing /home/airflow/.local/lib/python3.7/site-packages/airflow/example_dags/example_branch_datetime_operator.py took 0.048 seconds
[2022-07-22 22:05:08,752] {processor.py:163} INFO - Started process (PID=999) to work on /home/airflow/.local/lib/python3.7/site-packages/airflow/example_dags/example_branch_datetime_operator.py
[2022-07-22 22:05:08,752] {processor.py:642} INFO - Processing file /home/airflow/.local/lib/python3.7/site-packages/airflow/example_dags/example_branch_datetime_operator.py for tasks to queue
[2022-07-22 22:05:08,753] {logging_mixin.py:109} INFO - [2022-07-22 22:05:08,753] {dagbag.py:500} INFO - Filling up the DagBag from /home/airflow/.local/lib/python3.7/site-packages/airflow/example_dags/example_branch_datetime_operator.py
[2022-07-22 22:05:08,771] {processor.py:654} INFO - DAG(s) dict_keys(['example_branch_datetime_operator_2']) retrieved from /home/airflow/.local/lib/python3.7/site-packages/airflow/example_dags/example_branch_datetime_operator.py
[2022-07-22 22:05:08,777] {logging_mixin.py:109} INFO - [2022-07-22 22:05:08,777] {dag.py:2396} INFO - Sync 1 DAGs
[2022-07-22 22:05:08,789] {logging_mixin.py:109} INFO - [2022-07-22 22:05:08,789] {dag.py:2935} INFO - Setting next_dagrun for example_branch_datetime_operator_2 to 2022-07-21 00:00:00+00:00
[2022-07-22 22:05:08,794] {processor.py:171} INFO - Processing /home/airflow/.local/lib/python3.7/site-packages/airflow/example_dags/example_branch_datetime_operator.py took 0.045 seconds
[2022-07-22 22:05:39,307] {processor.py:163} INFO - Started process (PID=1049) to work on /home/airflow/.local/lib/python3.7/site-packages/airflow/example_dags/example_branch_datetime_operator.py
[2022-07-22 22:05:39,308] {processor.py:642} INFO - Processing file /home/airflow/.local/lib/python3.7/site-packages/airflow/example_dags/example_branch_datetime_operator.py for tasks to queue
[2022-07-22 22:05:39,308] {logging_mixin.py:109} INFO - [2022-07-22 22:05:39,308] {dagbag.py:500} INFO - Filling up the DagBag from /home/airflow/.local/lib/python3.7/site-packages/airflow/example_dags/example_branch_datetime_operator.py
[2022-07-22 22:05:39,325] {processor.py:654} INFO - DAG(s) dict_keys(['example_branch_datetime_operator_2']) retrieved from /home/airflow/.local/lib/python3.7/site-packages/airflow/example_dags/example_branch_datetime_operator.py
[2022-07-22 22:05:39,332] {logging_mixin.py:109} INFO - [2022-07-22 22:05:39,332] {dag.py:2396} INFO - Sync 1 DAGs
[2022-07-22 22:05:39,344] {logging_mixin.py:109} INFO - [2022-07-22 22:05:39,344] {dag.py:2935} INFO - Setting next_dagrun for example_branch_datetime_operator_2 to 2022-07-21 00:00:00+00:00
[2022-07-22 22:05:39,350] {processor.py:171} INFO - Processing /home/airflow/.local/lib/python3.7/site-packages/airflow/example_dags/example_branch_datetime_operator.py took 0.045 seconds
[2022-07-22 22:06:09,934] {processor.py:163} INFO - Started process (PID=1108) to work on /home/airflow/.local/lib/python3.7/site-packages/airflow/example_dags/example_branch_datetime_operator.py
[2022-07-22 22:06:09,935] {processor.py:642} INFO - Processing file /home/airflow/.local/lib/python3.7/site-packages/airflow/example_dags/example_branch_datetime_operator.py for tasks to queue
[2022-07-22 22:06:09,935] {logging_mixin.py:109} INFO - [2022-07-22 22:06:09,935] {dagbag.py:500} INFO - Filling up the DagBag from /home/airflow/.local/lib/python3.7/site-packages/airflow/example_dags/example_branch_datetime_operator.py
[2022-07-22 22:06:09,953] {processor.py:654} INFO - DAG(s) dict_keys(['example_branch_datetime_operator_2']) retrieved from /home/airflow/.local/lib/python3.7/site-packages/airflow/example_dags/example_branch_datetime_operator.py
[2022-07-22 22:06:09,959] {logging_mixin.py:109} INFO - [2022-07-22 22:06:09,959] {dag.py:2396} INFO - Sync 1 DAGs
[2022-07-22 22:06:09,972] {logging_mixin.py:109} INFO - [2022-07-22 22:06:09,972] {dag.py:2935} INFO - Setting next_dagrun for example_branch_datetime_operator_2 to 2022-07-21 00:00:00+00:00
[2022-07-22 22:06:09,978] {processor.py:171} INFO - Processing /home/airflow/.local/lib/python3.7/site-packages/airflow/example_dags/example_branch_datetime_operator.py took 0.045 seconds
[2022-07-22 22:06:40,569] {processor.py:163} INFO - Started process (PID=1158) to work on /home/airflow/.local/lib/python3.7/site-packages/airflow/example_dags/example_branch_datetime_operator.py
[2022-07-22 22:06:40,570] {processor.py:642} INFO - Processing file /home/airflow/.local/lib/python3.7/site-packages/airflow/example_dags/example_branch_datetime_operator.py for tasks to queue
[2022-07-22 22:06:40,570] {logging_mixin.py:109} INFO - [2022-07-22 22:06:40,570] {dagbag.py:500} INFO - Filling up the DagBag from /home/airflow/.local/lib/python3.7/site-packages/airflow/example_dags/example_branch_datetime_operator.py
[2022-07-22 22:06:40,588] {processor.py:654} INFO - DAG(s) dict_keys(['example_branch_datetime_operator_2']) retrieved from /home/airflow/.local/lib/python3.7/site-packages/airflow/example_dags/example_branch_datetime_operator.py
[2022-07-22 22:06:40,594] {logging_mixin.py:109} INFO - [2022-07-22 22:06:40,594] {dag.py:2396} INFO - Sync 1 DAGs
[2022-07-22 22:06:40,606] {logging_mixin.py:109} INFO - [2022-07-22 22:06:40,605] {dag.py:2935} INFO - Setting next_dagrun for example_branch_datetime_operator_2 to 2022-07-21 00:00:00+00:00
[2022-07-22 22:06:40,613] {processor.py:171} INFO - Processing /home/airflow/.local/lib/python3.7/site-packages/airflow/example_dags/example_branch_datetime_operator.py took 0.045 seconds
[2022-07-22 22:07:11,204] {processor.py:163} INFO - Started process (PID=1217) to work on /home/airflow/.local/lib/python3.7/site-packages/airflow/example_dags/example_branch_datetime_operator.py
[2022-07-22 22:07:11,205] {processor.py:642} INFO - Processing file /home/airflow/.local/lib/python3.7/site-packages/airflow/example_dags/example_branch_datetime_operator.py for tasks to queue
[2022-07-22 22:07:11,205] {logging_mixin.py:109} INFO - [2022-07-22 22:07:11,205] {dagbag.py:500} INFO - Filling up the DagBag from /home/airflow/.local/lib/python3.7/site-packages/airflow/example_dags/example_branch_datetime_operator.py
[2022-07-22 22:07:11,223] {processor.py:654} INFO - DAG(s) dict_keys(['example_branch_datetime_operator_2']) retrieved from /home/airflow/.local/lib/python3.7/site-packages/airflow/example_dags/example_branch_datetime_operator.py
[2022-07-22 22:07:11,229] {logging_mixin.py:109} INFO - [2022-07-22 22:07:11,229] {dag.py:2396} INFO - Sync 1 DAGs
[2022-07-22 22:07:11,240] {logging_mixin.py:109} INFO - [2022-07-22 22:07:11,240] {dag.py:2935} INFO - Setting next_dagrun for example_branch_datetime_operator_2 to 2022-07-21 00:00:00+00:00
[2022-07-22 22:07:11,246] {processor.py:171} INFO - Processing /home/airflow/.local/lib/python3.7/site-packages/airflow/example_dags/example_branch_datetime_operator.py took 0.044 seconds
[2022-07-22 22:07:41,766] {processor.py:163} INFO - Started process (PID=1276) to work on /home/airflow/.local/lib/python3.7/site-packages/airflow/example_dags/example_branch_datetime_operator.py
[2022-07-22 22:07:41,767] {processor.py:642} INFO - Processing file /home/airflow/.local/lib/python3.7/site-packages/airflow/example_dags/example_branch_datetime_operator.py for tasks to queue
[2022-07-22 22:07:41,768] {logging_mixin.py:109} INFO - [2022-07-22 22:07:41,768] {dagbag.py:500} INFO - Filling up the DagBag from /home/airflow/.local/lib/python3.7/site-packages/airflow/example_dags/example_branch_datetime_operator.py
[2022-07-22 22:07:41,786] {processor.py:654} INFO - DAG(s) dict_keys(['example_branch_datetime_operator_2']) retrieved from /home/airflow/.local/lib/python3.7/site-packages/airflow/example_dags/example_branch_datetime_operator.py
[2022-07-22 22:07:41,792] {logging_mixin.py:109} INFO - [2022-07-22 22:07:41,792] {dag.py:2396} INFO - Sync 1 DAGs
[2022-07-22 22:07:41,804] {logging_mixin.py:109} INFO - [2022-07-22 22:07:41,804] {dag.py:2935} INFO - Setting next_dagrun for example_branch_datetime_operator_2 to 2022-07-21 00:00:00+00:00
[2022-07-22 22:07:41,809] {processor.py:171} INFO - Processing /home/airflow/.local/lib/python3.7/site-packages/airflow/example_dags/example_branch_datetime_operator.py took 0.045 seconds
[2022-07-22 22:08:12,380] {processor.py:163} INFO - Started process (PID=1326) to work on /home/airflow/.local/lib/python3.7/site-packages/airflow/example_dags/example_branch_datetime_operator.py
[2022-07-22 22:08:12,381] {processor.py:642} INFO - Processing file /home/airflow/.local/lib/python3.7/site-packages/airflow/example_dags/example_branch_datetime_operator.py for tasks to queue
[2022-07-22 22:08:12,382] {logging_mixin.py:109} INFO - [2022-07-22 22:08:12,381] {dagbag.py:500} INFO - Filling up the DagBag from /home/airflow/.local/lib/python3.7/site-packages/airflow/example_dags/example_branch_datetime_operator.py
[2022-07-22 22:08:12,400] {processor.py:654} INFO - DAG(s) dict_keys(['example_branch_datetime_operator_2']) retrieved from /home/airflow/.local/lib/python3.7/site-packages/airflow/example_dags/example_branch_datetime_operator.py
[2022-07-22 22:08:12,407] {logging_mixin.py:109} INFO - [2022-07-22 22:08:12,407] {dag.py:2396} INFO - Sync 1 DAGs
[2022-07-22 22:08:12,421] {logging_mixin.py:109} INFO - [2022-07-22 22:08:12,421] {dag.py:2935} INFO - Setting next_dagrun for example_branch_datetime_operator_2 to 2022-07-21 00:00:00+00:00
[2022-07-22 22:08:12,515] {processor.py:171} INFO - Processing /home/airflow/.local/lib/python3.7/site-packages/airflow/example_dags/example_branch_datetime_operator.py took 0.137 seconds
[2022-07-22 22:08:43,290] {processor.py:163} INFO - Started process (PID=1385) to work on /home/airflow/.local/lib/python3.7/site-packages/airflow/example_dags/example_branch_datetime_operator.py
[2022-07-22 22:08:43,292] {processor.py:642} INFO - Processing file /home/airflow/.local/lib/python3.7/site-packages/airflow/example_dags/example_branch_datetime_operator.py for tasks to queue
[2022-07-22 22:08:43,292] {logging_mixin.py:109} INFO - [2022-07-22 22:08:43,292] {dagbag.py:500} INFO - Filling up the DagBag from /home/airflow/.local/lib/python3.7/site-packages/airflow/example_dags/example_branch_datetime_operator.py
[2022-07-22 22:08:43,321] {processor.py:654} INFO - DAG(s) dict_keys(['example_branch_datetime_operator_2']) retrieved from /home/airflow/.local/lib/python3.7/site-packages/airflow/example_dags/example_branch_datetime_operator.py
[2022-07-22 22:08:43,330] {logging_mixin.py:109} INFO - [2022-07-22 22:08:43,330] {dag.py:2396} INFO - Sync 1 DAGs
[2022-07-22 22:08:43,348] {logging_mixin.py:109} INFO - [2022-07-22 22:08:43,348] {dag.py:2935} INFO - Setting next_dagrun for example_branch_datetime_operator_2 to 2022-07-21 00:00:00+00:00
[2022-07-22 22:08:43,356] {processor.py:171} INFO - Processing /home/airflow/.local/lib/python3.7/site-packages/airflow/example_dags/example_branch_datetime_operator.py took 0.069 seconds
[2022-07-22 22:09:14,142] {processor.py:163} INFO - Started process (PID=1435) to work on /home/airflow/.local/lib/python3.7/site-packages/airflow/example_dags/example_branch_datetime_operator.py
[2022-07-22 22:09:14,143] {processor.py:642} INFO - Processing file /home/airflow/.local/lib/python3.7/site-packages/airflow/example_dags/example_branch_datetime_operator.py for tasks to queue
[2022-07-22 22:09:14,144] {logging_mixin.py:109} INFO - [2022-07-22 22:09:14,144] {dagbag.py:500} INFO - Filling up the DagBag from /home/airflow/.local/lib/python3.7/site-packages/airflow/example_dags/example_branch_datetime_operator.py
[2022-07-22 22:09:14,167] {processor.py:654} INFO - DAG(s) dict_keys(['example_branch_datetime_operator_2']) retrieved from /home/airflow/.local/lib/python3.7/site-packages/airflow/example_dags/example_branch_datetime_operator.py
[2022-07-22 22:09:14,175] {logging_mixin.py:109} INFO - [2022-07-22 22:09:14,175] {dag.py:2396} INFO - Sync 1 DAGs
[2022-07-22 22:09:14,194] {logging_mixin.py:109} INFO - [2022-07-22 22:09:14,194] {dag.py:2935} INFO - Setting next_dagrun for example_branch_datetime_operator_2 to 2022-07-21 00:00:00+00:00
[2022-07-22 22:09:14,203] {processor.py:171} INFO - Processing /home/airflow/.local/lib/python3.7/site-packages/airflow/example_dags/example_branch_datetime_operator.py took 0.063 seconds
[2022-07-22 22:09:44,259] {processor.py:163} INFO - Started process (PID=1494) to work on /home/airflow/.local/lib/python3.7/site-packages/airflow/example_dags/example_branch_datetime_operator.py
[2022-07-22 22:09:44,260] {processor.py:642} INFO - Processing file /home/airflow/.local/lib/python3.7/site-packages/airflow/example_dags/example_branch_datetime_operator.py for tasks to queue
[2022-07-22 22:09:44,260] {logging_mixin.py:109} INFO - [2022-07-22 22:09:44,260] {dagbag.py:500} INFO - Filling up the DagBag from /home/airflow/.local/lib/python3.7/site-packages/airflow/example_dags/example_branch_datetime_operator.py
[2022-07-22 22:09:44,284] {processor.py:654} INFO - DAG(s) dict_keys(['example_branch_datetime_operator_2']) retrieved from /home/airflow/.local/lib/python3.7/site-packages/airflow/example_dags/example_branch_datetime_operator.py
[2022-07-22 22:09:44,293] {logging_mixin.py:109} INFO - [2022-07-22 22:09:44,293] {dag.py:2396} INFO - Sync 1 DAGs
[2022-07-22 22:09:44,312] {logging_mixin.py:109} INFO - [2022-07-22 22:09:44,312] {dag.py:2935} INFO - Setting next_dagrun for example_branch_datetime_operator_2 to 2022-07-21 00:00:00+00:00
[2022-07-22 22:09:44,320] {processor.py:171} INFO - Processing /home/airflow/.local/lib/python3.7/site-packages/airflow/example_dags/example_branch_datetime_operator.py took 0.064 seconds
[2022-07-22 22:10:14,338] {processor.py:163} INFO - Started process (PID=1544) to work on /home/airflow/.local/lib/python3.7/site-packages/airflow/example_dags/example_branch_datetime_operator.py
[2022-07-22 22:10:14,339] {processor.py:642} INFO - Processing file /home/airflow/.local/lib/python3.7/site-packages/airflow/example_dags/example_branch_datetime_operator.py for tasks to queue
[2022-07-22 22:10:14,340] {logging_mixin.py:109} INFO - [2022-07-22 22:10:14,340] {dagbag.py:500} INFO - Filling up the DagBag from /home/airflow/.local/lib/python3.7/site-packages/airflow/example_dags/example_branch_datetime_operator.py
[2022-07-22 22:10:14,357] {processor.py:654} INFO - DAG(s) dict_keys(['example_branch_datetime_operator_2']) retrieved from /home/airflow/.local/lib/python3.7/site-packages/airflow/example_dags/example_branch_datetime_operator.py
[2022-07-22 22:10:14,365] {logging_mixin.py:109} INFO - [2022-07-22 22:10:14,364] {dag.py:2396} INFO - Sync 1 DAGs
[2022-07-22 22:10:14,377] {logging_mixin.py:109} INFO - [2022-07-22 22:10:14,376] {dag.py:2935} INFO - Setting next_dagrun for example_branch_datetime_operator_2 to 2022-07-21 00:00:00+00:00
[2022-07-22 22:10:14,383] {processor.py:171} INFO - Processing /home/airflow/.local/lib/python3.7/site-packages/airflow/example_dags/example_branch_datetime_operator.py took 0.046 seconds
[2022-07-22 22:10:45,041] {processor.py:163} INFO - Started process (PID=1603) to work on /home/airflow/.local/lib/python3.7/site-packages/airflow/example_dags/example_branch_datetime_operator.py
[2022-07-22 22:10:45,042] {processor.py:642} INFO - Processing file /home/airflow/.local/lib/python3.7/site-packages/airflow/example_dags/example_branch_datetime_operator.py for tasks to queue
[2022-07-22 22:10:45,042] {logging_mixin.py:109} INFO - [2022-07-22 22:10:45,042] {dagbag.py:500} INFO - Filling up the DagBag from /home/airflow/.local/lib/python3.7/site-packages/airflow/example_dags/example_branch_datetime_operator.py
[2022-07-22 22:10:45,063] {processor.py:654} INFO - DAG(s) dict_keys(['example_branch_datetime_operator_2']) retrieved from /home/airflow/.local/lib/python3.7/site-packages/airflow/example_dags/example_branch_datetime_operator.py
[2022-07-22 22:10:45,073] {logging_mixin.py:109} INFO - [2022-07-22 22:10:45,073] {dag.py:2396} INFO - Sync 1 DAGs
[2022-07-22 22:10:45,086] {logging_mixin.py:109} INFO - [2022-07-22 22:10:45,086] {dag.py:2935} INFO - Setting next_dagrun for example_branch_datetime_operator_2 to 2022-07-21 00:00:00+00:00
[2022-07-22 22:10:45,093] {processor.py:171} INFO - Processing /home/airflow/.local/lib/python3.7/site-packages/airflow/example_dags/example_branch_datetime_operator.py took 0.054 seconds
[2022-07-22 22:11:16,004] {processor.py:163} INFO - Started process (PID=1653) to work on /home/airflow/.local/lib/python3.7/site-packages/airflow/example_dags/example_branch_datetime_operator.py
[2022-07-22 22:11:16,005] {processor.py:642} INFO - Processing file /home/airflow/.local/lib/python3.7/site-packages/airflow/example_dags/example_branch_datetime_operator.py for tasks to queue
[2022-07-22 22:11:16,006] {logging_mixin.py:109} INFO - [2022-07-22 22:11:16,006] {dagbag.py:500} INFO - Filling up the DagBag from /home/airflow/.local/lib/python3.7/site-packages/airflow/example_dags/example_branch_datetime_operator.py
[2022-07-22 22:11:16,023] {processor.py:654} INFO - DAG(s) dict_keys(['example_branch_datetime_operator_2']) retrieved from /home/airflow/.local/lib/python3.7/site-packages/airflow/example_dags/example_branch_datetime_operator.py
[2022-07-22 22:11:16,030] {logging_mixin.py:109} INFO - [2022-07-22 22:11:16,030] {dag.py:2396} INFO - Sync 1 DAGs
[2022-07-22 22:11:16,042] {logging_mixin.py:109} INFO - [2022-07-22 22:11:16,042] {dag.py:2935} INFO - Setting next_dagrun for example_branch_datetime_operator_2 to 2022-07-21 00:00:00+00:00
[2022-07-22 22:11:16,048] {processor.py:171} INFO - Processing /home/airflow/.local/lib/python3.7/site-packages/airflow/example_dags/example_branch_datetime_operator.py took 0.046 seconds
[2022-07-22 22:11:46,703] {processor.py:163} INFO - Started process (PID=1712) to work on /home/airflow/.local/lib/python3.7/site-packages/airflow/example_dags/example_branch_datetime_operator.py
[2022-07-22 22:11:46,704] {processor.py:642} INFO - Processing file /home/airflow/.local/lib/python3.7/site-packages/airflow/example_dags/example_branch_datetime_operator.py for tasks to queue
[2022-07-22 22:11:46,705] {logging_mixin.py:109} INFO - [2022-07-22 22:11:46,704] {dagbag.py:500} INFO - Filling up the DagBag from /home/airflow/.local/lib/python3.7/site-packages/airflow/example_dags/example_branch_datetime_operator.py
[2022-07-22 22:11:46,727] {processor.py:654} INFO - DAG(s) dict_keys(['example_branch_datetime_operator_2']) retrieved from /home/airflow/.local/lib/python3.7/site-packages/airflow/example_dags/example_branch_datetime_operator.py
[2022-07-22 22:11:46,736] {logging_mixin.py:109} INFO - [2022-07-22 22:11:46,736] {dag.py:2396} INFO - Sync 1 DAGs
[2022-07-22 22:11:46,752] {logging_mixin.py:109} INFO - [2022-07-22 22:11:46,752] {dag.py:2935} INFO - Setting next_dagrun for example_branch_datetime_operator_2 to 2022-07-21 00:00:00+00:00
[2022-07-22 22:11:46,759] {processor.py:171} INFO - Processing /home/airflow/.local/lib/python3.7/site-packages/airflow/example_dags/example_branch_datetime_operator.py took 0.058 seconds
[2022-07-22 22:12:17,599] {processor.py:163} INFO - Started process (PID=1762) to work on /home/airflow/.local/lib/python3.7/site-packages/airflow/example_dags/example_branch_datetime_operator.py
[2022-07-22 22:12:17,601] {processor.py:642} INFO - Processing file /home/airflow/.local/lib/python3.7/site-packages/airflow/example_dags/example_branch_datetime_operator.py for tasks to queue
[2022-07-22 22:12:17,601] {logging_mixin.py:109} INFO - [2022-07-22 22:12:17,601] {dagbag.py:500} INFO - Filling up the DagBag from /home/airflow/.local/lib/python3.7/site-packages/airflow/example_dags/example_branch_datetime_operator.py
[2022-07-22 22:12:17,625] {processor.py:654} INFO - DAG(s) dict_keys(['example_branch_datetime_operator_2']) retrieved from /home/airflow/.local/lib/python3.7/site-packages/airflow/example_dags/example_branch_datetime_operator.py
[2022-07-22 22:12:17,632] {logging_mixin.py:109} INFO - [2022-07-22 22:12:17,632] {dag.py:2396} INFO - Sync 1 DAGs
[2022-07-22 22:12:17,645] {logging_mixin.py:109} INFO - [2022-07-22 22:12:17,645] {dag.py:2935} INFO - Setting next_dagrun for example_branch_datetime_operator_2 to 2022-07-21 00:00:00+00:00
[2022-07-22 22:12:17,651] {processor.py:171} INFO - Processing /home/airflow/.local/lib/python3.7/site-packages/airflow/example_dags/example_branch_datetime_operator.py took 0.054 seconds
[2022-07-22 22:12:48,425] {processor.py:163} INFO - Started process (PID=1821) to work on /home/airflow/.local/lib/python3.7/site-packages/airflow/example_dags/example_branch_datetime_operator.py
[2022-07-22 22:12:48,426] {processor.py:642} INFO - Processing file /home/airflow/.local/lib/python3.7/site-packages/airflow/example_dags/example_branch_datetime_operator.py for tasks to queue
[2022-07-22 22:12:48,426] {logging_mixin.py:109} INFO - [2022-07-22 22:12:48,426] {dagbag.py:500} INFO - Filling up the DagBag from /home/airflow/.local/lib/python3.7/site-packages/airflow/example_dags/example_branch_datetime_operator.py
[2022-07-22 22:12:48,444] {processor.py:654} INFO - DAG(s) dict_keys(['example_branch_datetime_operator_2']) retrieved from /home/airflow/.local/lib/python3.7/site-packages/airflow/example_dags/example_branch_datetime_operator.py
[2022-07-22 22:12:48,450] {logging_mixin.py:109} INFO - [2022-07-22 22:12:48,450] {dag.py:2396} INFO - Sync 1 DAGs
[2022-07-22 22:12:48,462] {logging_mixin.py:109} INFO - [2022-07-22 22:12:48,462] {dag.py:2935} INFO - Setting next_dagrun for example_branch_datetime_operator_2 to 2022-07-21 00:00:00+00:00
[2022-07-22 22:12:48,467] {processor.py:171} INFO - Processing /home/airflow/.local/lib/python3.7/site-packages/airflow/example_dags/example_branch_datetime_operator.py took 0.044 seconds
[2022-07-22 22:13:19,410] {processor.py:163} INFO - Started process (PID=1880) to work on /home/airflow/.local/lib/python3.7/site-packages/airflow/example_dags/example_branch_datetime_operator.py
[2022-07-22 22:13:19,411] {processor.py:642} INFO - Processing file /home/airflow/.local/lib/python3.7/site-packages/airflow/example_dags/example_branch_datetime_operator.py for tasks to queue
[2022-07-22 22:13:19,411] {logging_mixin.py:109} INFO - [2022-07-22 22:13:19,411] {dagbag.py:500} INFO - Filling up the DagBag from /home/airflow/.local/lib/python3.7/site-packages/airflow/example_dags/example_branch_datetime_operator.py
[2022-07-22 22:13:19,429] {processor.py:654} INFO - DAG(s) dict_keys(['example_branch_datetime_operator_2']) retrieved from /home/airflow/.local/lib/python3.7/site-packages/airflow/example_dags/example_branch_datetime_operator.py
[2022-07-22 22:13:19,435] {logging_mixin.py:109} INFO - [2022-07-22 22:13:19,434] {dag.py:2396} INFO - Sync 1 DAGs
[2022-07-22 22:13:19,446] {logging_mixin.py:109} INFO - [2022-07-22 22:13:19,446] {dag.py:2935} INFO - Setting next_dagrun for example_branch_datetime_operator_2 to 2022-07-21 00:00:00+00:00
[2022-07-22 22:13:19,452] {processor.py:171} INFO - Processing /home/airflow/.local/lib/python3.7/site-packages/airflow/example_dags/example_branch_datetime_operator.py took 0.043 seconds
[2022-07-22 22:13:49,968] {processor.py:163} INFO - Started process (PID=1930) to work on /home/airflow/.local/lib/python3.7/site-packages/airflow/example_dags/example_branch_datetime_operator.py
[2022-07-22 22:13:49,969] {processor.py:642} INFO - Processing file /home/airflow/.local/lib/python3.7/site-packages/airflow/example_dags/example_branch_datetime_operator.py for tasks to queue
[2022-07-22 22:13:49,969] {logging_mixin.py:109} INFO - [2022-07-22 22:13:49,969] {dagbag.py:500} INFO - Filling up the DagBag from /home/airflow/.local/lib/python3.7/site-packages/airflow/example_dags/example_branch_datetime_operator.py
[2022-07-22 22:13:49,987] {processor.py:654} INFO - DAG(s) dict_keys(['example_branch_datetime_operator_2']) retrieved from /home/airflow/.local/lib/python3.7/site-packages/airflow/example_dags/example_branch_datetime_operator.py
[2022-07-22 22:13:49,993] {logging_mixin.py:109} INFO - [2022-07-22 22:13:49,993] {dag.py:2396} INFO - Sync 1 DAGs
[2022-07-22 22:13:50,005] {logging_mixin.py:109} INFO - [2022-07-22 22:13:50,005] {dag.py:2935} INFO - Setting next_dagrun for example_branch_datetime_operator_2 to 2022-07-21 00:00:00+00:00
[2022-07-22 22:13:50,010] {processor.py:171} INFO - Processing /home/airflow/.local/lib/python3.7/site-packages/airflow/example_dags/example_branch_datetime_operator.py took 0.044 seconds
[2022-07-22 22:14:20,678] {processor.py:163} INFO - Started process (PID=1989) to work on /home/airflow/.local/lib/python3.7/site-packages/airflow/example_dags/example_branch_datetime_operator.py
[2022-07-22 22:14:20,679] {processor.py:642} INFO - Processing file /home/airflow/.local/lib/python3.7/site-packages/airflow/example_dags/example_branch_datetime_operator.py for tasks to queue
[2022-07-22 22:14:20,679] {logging_mixin.py:109} INFO - [2022-07-22 22:14:20,679] {dagbag.py:500} INFO - Filling up the DagBag from /home/airflow/.local/lib/python3.7/site-packages/airflow/example_dags/example_branch_datetime_operator.py
[2022-07-22 22:14:20,697] {processor.py:654} INFO - DAG(s) dict_keys(['example_branch_datetime_operator_2']) retrieved from /home/airflow/.local/lib/python3.7/site-packages/airflow/example_dags/example_branch_datetime_operator.py
[2022-07-22 22:14:20,703] {logging_mixin.py:109} INFO - [2022-07-22 22:14:20,703] {dag.py:2396} INFO - Sync 1 DAGs
[2022-07-22 22:14:20,715] {logging_mixin.py:109} INFO - [2022-07-22 22:14:20,715] {dag.py:2935} INFO - Setting next_dagrun for example_branch_datetime_operator_2 to 2022-07-21 00:00:00+00:00
[2022-07-22 22:14:20,720] {processor.py:171} INFO - Processing /home/airflow/.local/lib/python3.7/site-packages/airflow/example_dags/example_branch_datetime_operator.py took 0.044 seconds
[2022-07-22 22:14:51,244] {processor.py:163} INFO - Started process (PID=2040) to work on /home/airflow/.local/lib/python3.7/site-packages/airflow/example_dags/example_branch_datetime_operator.py
[2022-07-22 22:14:51,245] {processor.py:642} INFO - Processing file /home/airflow/.local/lib/python3.7/site-packages/airflow/example_dags/example_branch_datetime_operator.py for tasks to queue
[2022-07-22 22:14:51,245] {logging_mixin.py:109} INFO - [2022-07-22 22:14:51,245] {dagbag.py:500} INFO - Filling up the DagBag from /home/airflow/.local/lib/python3.7/site-packages/airflow/example_dags/example_branch_datetime_operator.py
[2022-07-22 22:14:51,262] {processor.py:654} INFO - DAG(s) dict_keys(['example_branch_datetime_operator_2']) retrieved from /home/airflow/.local/lib/python3.7/site-packages/airflow/example_dags/example_branch_datetime_operator.py
[2022-07-22 22:14:51,268] {logging_mixin.py:109} INFO - [2022-07-22 22:14:51,268] {dag.py:2396} INFO - Sync 1 DAGs
[2022-07-22 22:14:51,279] {logging_mixin.py:109} INFO - [2022-07-22 22:14:51,279] {dag.py:2935} INFO - Setting next_dagrun for example_branch_datetime_operator_2 to 2022-07-21 00:00:00+00:00
[2022-07-22 22:14:51,285] {processor.py:171} INFO - Processing /home/airflow/.local/lib/python3.7/site-packages/airflow/example_dags/example_branch_datetime_operator.py took 0.043 seconds
[2022-07-22 22:15:21,803] {processor.py:163} INFO - Started process (PID=2099) to work on /home/airflow/.local/lib/python3.7/site-packages/airflow/example_dags/example_branch_datetime_operator.py
[2022-07-22 22:15:21,804] {processor.py:642} INFO - Processing file /home/airflow/.local/lib/python3.7/site-packages/airflow/example_dags/example_branch_datetime_operator.py for tasks to queue
[2022-07-22 22:15:21,805] {logging_mixin.py:109} INFO - [2022-07-22 22:15:21,805] {dagbag.py:500} INFO - Filling up the DagBag from /home/airflow/.local/lib/python3.7/site-packages/airflow/example_dags/example_branch_datetime_operator.py
[2022-07-22 22:15:21,822] {processor.py:654} INFO - DAG(s) dict_keys(['example_branch_datetime_operator_2']) retrieved from /home/airflow/.local/lib/python3.7/site-packages/airflow/example_dags/example_branch_datetime_operator.py
[2022-07-22 22:15:21,828] {logging_mixin.py:109} INFO - [2022-07-22 22:15:21,828] {dag.py:2396} INFO - Sync 1 DAGs
[2022-07-22 22:15:21,841] {logging_mixin.py:109} INFO - [2022-07-22 22:15:21,840] {dag.py:2935} INFO - Setting next_dagrun for example_branch_datetime_operator_2 to 2022-07-21 00:00:00+00:00
[2022-07-22 22:15:21,847] {processor.py:171} INFO - Processing /home/airflow/.local/lib/python3.7/site-packages/airflow/example_dags/example_branch_datetime_operator.py took 0.045 seconds
[2022-07-22 22:15:52,521] {processor.py:163} INFO - Started process (PID=2158) to work on /home/airflow/.local/lib/python3.7/site-packages/airflow/example_dags/example_branch_datetime_operator.py
[2022-07-22 22:15:52,521] {processor.py:642} INFO - Processing file /home/airflow/.local/lib/python3.7/site-packages/airflow/example_dags/example_branch_datetime_operator.py for tasks to queue
[2022-07-22 22:15:52,522] {logging_mixin.py:109} INFO - [2022-07-22 22:15:52,522] {dagbag.py:500} INFO - Filling up the DagBag from /home/airflow/.local/lib/python3.7/site-packages/airflow/example_dags/example_branch_datetime_operator.py
[2022-07-22 22:15:52,543] {processor.py:654} INFO - DAG(s) dict_keys(['example_branch_datetime_operator_2']) retrieved from /home/airflow/.local/lib/python3.7/site-packages/airflow/example_dags/example_branch_datetime_operator.py
[2022-07-22 22:15:52,551] {logging_mixin.py:109} INFO - [2022-07-22 22:15:52,551] {dag.py:2396} INFO - Sync 1 DAGs
[2022-07-22 22:15:52,563] {logging_mixin.py:109} INFO - [2022-07-22 22:15:52,563] {dag.py:2935} INFO - Setting next_dagrun for example_branch_datetime_operator_2 to 2022-07-21 00:00:00+00:00
[2022-07-22 22:15:52,569] {processor.py:171} INFO - Processing /home/airflow/.local/lib/python3.7/site-packages/airflow/example_dags/example_branch_datetime_operator.py took 0.050 seconds
[2022-07-22 22:16:23,156] {processor.py:163} INFO - Started process (PID=2208) to work on /home/airflow/.local/lib/python3.7/site-packages/airflow/example_dags/example_branch_datetime_operator.py
[2022-07-22 22:16:23,157] {processor.py:642} INFO - Processing file /home/airflow/.local/lib/python3.7/site-packages/airflow/example_dags/example_branch_datetime_operator.py for tasks to queue
[2022-07-22 22:16:23,157] {logging_mixin.py:109} INFO - [2022-07-22 22:16:23,157] {dagbag.py:500} INFO - Filling up the DagBag from /home/airflow/.local/lib/python3.7/site-packages/airflow/example_dags/example_branch_datetime_operator.py
[2022-07-22 22:16:23,174] {processor.py:654} INFO - DAG(s) dict_keys(['example_branch_datetime_operator_2']) retrieved from /home/airflow/.local/lib/python3.7/site-packages/airflow/example_dags/example_branch_datetime_operator.py
[2022-07-22 22:16:23,180] {logging_mixin.py:109} INFO - [2022-07-22 22:16:23,180] {dag.py:2396} INFO - Sync 1 DAGs
[2022-07-22 22:16:23,192] {logging_mixin.py:109} INFO - [2022-07-22 22:16:23,192] {dag.py:2935} INFO - Setting next_dagrun for example_branch_datetime_operator_2 to 2022-07-21 00:00:00+00:00
[2022-07-22 22:16:23,198] {processor.py:171} INFO - Processing /home/airflow/.local/lib/python3.7/site-packages/airflow/example_dags/example_branch_datetime_operator.py took 0.043 seconds
[2022-07-22 22:16:53,571] {processor.py:163} INFO - Started process (PID=2267) to work on /home/airflow/.local/lib/python3.7/site-packages/airflow/example_dags/example_branch_datetime_operator.py
[2022-07-22 22:16:53,572] {processor.py:642} INFO - Processing file /home/airflow/.local/lib/python3.7/site-packages/airflow/example_dags/example_branch_datetime_operator.py for tasks to queue
[2022-07-22 22:16:53,572] {logging_mixin.py:109} INFO - [2022-07-22 22:16:53,572] {dagbag.py:500} INFO - Filling up the DagBag from /home/airflow/.local/lib/python3.7/site-packages/airflow/example_dags/example_branch_datetime_operator.py
[2022-07-22 22:16:53,589] {processor.py:654} INFO - DAG(s) dict_keys(['example_branch_datetime_operator_2']) retrieved from /home/airflow/.local/lib/python3.7/site-packages/airflow/example_dags/example_branch_datetime_operator.py
[2022-07-22 22:16:53,596] {logging_mixin.py:109} INFO - [2022-07-22 22:16:53,595] {dag.py:2396} INFO - Sync 1 DAGs
[2022-07-22 22:16:53,607] {logging_mixin.py:109} INFO - [2022-07-22 22:16:53,607] {dag.py:2935} INFO - Setting next_dagrun for example_branch_datetime_operator_2 to 2022-07-21 00:00:00+00:00
[2022-07-22 22:16:53,613] {processor.py:171} INFO - Processing /home/airflow/.local/lib/python3.7/site-packages/airflow/example_dags/example_branch_datetime_operator.py took 0.044 seconds
[2022-07-22 22:17:24,160] {processor.py:163} INFO - Started process (PID=2317) to work on /home/airflow/.local/lib/python3.7/site-packages/airflow/example_dags/example_branch_datetime_operator.py
[2022-07-22 22:17:24,161] {processor.py:642} INFO - Processing file /home/airflow/.local/lib/python3.7/site-packages/airflow/example_dags/example_branch_datetime_operator.py for tasks to queue
[2022-07-22 22:17:24,161] {logging_mixin.py:109} INFO - [2022-07-22 22:17:24,161] {dagbag.py:500} INFO - Filling up the DagBag from /home/airflow/.local/lib/python3.7/site-packages/airflow/example_dags/example_branch_datetime_operator.py
[2022-07-22 22:17:24,179] {processor.py:654} INFO - DAG(s) dict_keys(['example_branch_datetime_operator_2']) retrieved from /home/airflow/.local/lib/python3.7/site-packages/airflow/example_dags/example_branch_datetime_operator.py
[2022-07-22 22:17:24,186] {logging_mixin.py:109} INFO - [2022-07-22 22:17:24,186] {dag.py:2396} INFO - Sync 1 DAGs
[2022-07-22 22:17:24,198] {logging_mixin.py:109} INFO - [2022-07-22 22:17:24,198] {dag.py:2935} INFO - Setting next_dagrun for example_branch_datetime_operator_2 to 2022-07-21 00:00:00+00:00
[2022-07-22 22:17:24,205] {processor.py:171} INFO - Processing /home/airflow/.local/lib/python3.7/site-packages/airflow/example_dags/example_branch_datetime_operator.py took 0.047 seconds
[2022-07-22 22:17:55,042] {processor.py:163} INFO - Started process (PID=2376) to work on /home/airflow/.local/lib/python3.7/site-packages/airflow/example_dags/example_branch_datetime_operator.py
[2022-07-22 22:17:55,042] {processor.py:642} INFO - Processing file /home/airflow/.local/lib/python3.7/site-packages/airflow/example_dags/example_branch_datetime_operator.py for tasks to queue
[2022-07-22 22:17:55,043] {logging_mixin.py:109} INFO - [2022-07-22 22:17:55,043] {dagbag.py:500} INFO - Filling up the DagBag from /home/airflow/.local/lib/python3.7/site-packages/airflow/example_dags/example_branch_datetime_operator.py
[2022-07-22 22:17:55,061] {processor.py:654} INFO - DAG(s) dict_keys(['example_branch_datetime_operator_2']) retrieved from /home/airflow/.local/lib/python3.7/site-packages/airflow/example_dags/example_branch_datetime_operator.py
[2022-07-22 22:17:55,067] {logging_mixin.py:109} INFO - [2022-07-22 22:17:55,067] {dag.py:2396} INFO - Sync 1 DAGs
[2022-07-22 22:17:55,079] {logging_mixin.py:109} INFO - [2022-07-22 22:17:55,079] {dag.py:2935} INFO - Setting next_dagrun for example_branch_datetime_operator_2 to 2022-07-21 00:00:00+00:00
[2022-07-22 22:17:55,085] {processor.py:171} INFO - Processing /home/airflow/.local/lib/python3.7/site-packages/airflow/example_dags/example_branch_datetime_operator.py took 0.045 seconds
[2022-07-22 22:18:25,679] {processor.py:163} INFO - Started process (PID=2435) to work on /home/airflow/.local/lib/python3.7/site-packages/airflow/example_dags/example_branch_datetime_operator.py
[2022-07-22 22:18:25,680] {processor.py:642} INFO - Processing file /home/airflow/.local/lib/python3.7/site-packages/airflow/example_dags/example_branch_datetime_operator.py for tasks to queue
[2022-07-22 22:18:25,681] {logging_mixin.py:109} INFO - [2022-07-22 22:18:25,681] {dagbag.py:500} INFO - Filling up the DagBag from /home/airflow/.local/lib/python3.7/site-packages/airflow/example_dags/example_branch_datetime_operator.py
[2022-07-22 22:18:25,698] {processor.py:654} INFO - DAG(s) dict_keys(['example_branch_datetime_operator_2']) retrieved from /home/airflow/.local/lib/python3.7/site-packages/airflow/example_dags/example_branch_datetime_operator.py
[2022-07-22 22:18:25,704] {logging_mixin.py:109} INFO - [2022-07-22 22:18:25,704] {dag.py:2396} INFO - Sync 1 DAGs
[2022-07-22 22:18:25,716] {logging_mixin.py:109} INFO - [2022-07-22 22:18:25,716] {dag.py:2935} INFO - Setting next_dagrun for example_branch_datetime_operator_2 to 2022-07-21 00:00:00+00:00
[2022-07-22 22:18:25,722] {processor.py:171} INFO - Processing /home/airflow/.local/lib/python3.7/site-packages/airflow/example_dags/example_branch_datetime_operator.py took 0.044 seconds
[2022-07-22 22:18:56,432] {processor.py:163} INFO - Started process (PID=2485) to work on /home/airflow/.local/lib/python3.7/site-packages/airflow/example_dags/example_branch_datetime_operator.py
[2022-07-22 22:18:56,433] {processor.py:642} INFO - Processing file /home/airflow/.local/lib/python3.7/site-packages/airflow/example_dags/example_branch_datetime_operator.py for tasks to queue
[2022-07-22 22:18:56,433] {logging_mixin.py:109} INFO - [2022-07-22 22:18:56,433] {dagbag.py:500} INFO - Filling up the DagBag from /home/airflow/.local/lib/python3.7/site-packages/airflow/example_dags/example_branch_datetime_operator.py
[2022-07-22 22:18:56,450] {processor.py:654} INFO - DAG(s) dict_keys(['example_branch_datetime_operator_2']) retrieved from /home/airflow/.local/lib/python3.7/site-packages/airflow/example_dags/example_branch_datetime_operator.py
[2022-07-22 22:18:56,457] {logging_mixin.py:109} INFO - [2022-07-22 22:18:56,457] {dag.py:2396} INFO - Sync 1 DAGs
[2022-07-22 22:18:56,469] {logging_mixin.py:109} INFO - [2022-07-22 22:18:56,469] {dag.py:2935} INFO - Setting next_dagrun for example_branch_datetime_operator_2 to 2022-07-21 00:00:00+00:00
[2022-07-22 22:18:56,475] {processor.py:171} INFO - Processing /home/airflow/.local/lib/python3.7/site-packages/airflow/example_dags/example_branch_datetime_operator.py took 0.045 seconds
[2022-07-22 22:19:27,306] {processor.py:163} INFO - Started process (PID=2544) to work on /home/airflow/.local/lib/python3.7/site-packages/airflow/example_dags/example_branch_datetime_operator.py
[2022-07-22 22:19:27,307] {processor.py:642} INFO - Processing file /home/airflow/.local/lib/python3.7/site-packages/airflow/example_dags/example_branch_datetime_operator.py for tasks to queue
[2022-07-22 22:19:27,308] {logging_mixin.py:109} INFO - [2022-07-22 22:19:27,307] {dagbag.py:500} INFO - Filling up the DagBag from /home/airflow/.local/lib/python3.7/site-packages/airflow/example_dags/example_branch_datetime_operator.py
[2022-07-22 22:19:27,327] {processor.py:654} INFO - DAG(s) dict_keys(['example_branch_datetime_operator_2']) retrieved from /home/airflow/.local/lib/python3.7/site-packages/airflow/example_dags/example_branch_datetime_operator.py
[2022-07-22 22:19:27,333] {logging_mixin.py:109} INFO - [2022-07-22 22:19:27,333] {dag.py:2396} INFO - Sync 1 DAGs
[2022-07-22 22:19:27,345] {logging_mixin.py:109} INFO - [2022-07-22 22:19:27,345] {dag.py:2935} INFO - Setting next_dagrun for example_branch_datetime_operator_2 to 2022-07-21 00:00:00+00:00
[2022-07-22 22:19:27,352] {processor.py:171} INFO - Processing /home/airflow/.local/lib/python3.7/site-packages/airflow/example_dags/example_branch_datetime_operator.py took 0.047 seconds
[2022-07-22 22:19:57,971] {processor.py:163} INFO - Started process (PID=2594) to work on /home/airflow/.local/lib/python3.7/site-packages/airflow/example_dags/example_branch_datetime_operator.py
[2022-07-22 22:19:57,971] {processor.py:642} INFO - Processing file /home/airflow/.local/lib/python3.7/site-packages/airflow/example_dags/example_branch_datetime_operator.py for tasks to queue
[2022-07-22 22:19:57,972] {logging_mixin.py:109} INFO - [2022-07-22 22:19:57,972] {dagbag.py:500} INFO - Filling up the DagBag from /home/airflow/.local/lib/python3.7/site-packages/airflow/example_dags/example_branch_datetime_operator.py
[2022-07-22 22:19:57,990] {processor.py:654} INFO - DAG(s) dict_keys(['example_branch_datetime_operator_2']) retrieved from /home/airflow/.local/lib/python3.7/site-packages/airflow/example_dags/example_branch_datetime_operator.py
[2022-07-22 22:19:57,997] {logging_mixin.py:109} INFO - [2022-07-22 22:19:57,997] {dag.py:2396} INFO - Sync 1 DAGs
[2022-07-22 22:19:58,010] {logging_mixin.py:109} INFO - [2022-07-22 22:19:58,010] {dag.py:2935} INFO - Setting next_dagrun for example_branch_datetime_operator_2 to 2022-07-21 00:00:00+00:00
[2022-07-22 22:19:58,016] {processor.py:171} INFO - Processing /home/airflow/.local/lib/python3.7/site-packages/airflow/example_dags/example_branch_datetime_operator.py took 0.047 seconds
[2022-07-22 22:20:28,970] {processor.py:163} INFO - Started process (PID=2653) to work on /home/airflow/.local/lib/python3.7/site-packages/airflow/example_dags/example_branch_datetime_operator.py
[2022-07-22 22:20:28,970] {processor.py:642} INFO - Processing file /home/airflow/.local/lib/python3.7/site-packages/airflow/example_dags/example_branch_datetime_operator.py for tasks to queue
[2022-07-22 22:20:28,971] {logging_mixin.py:109} INFO - [2022-07-22 22:20:28,971] {dagbag.py:500} INFO - Filling up the DagBag from /home/airflow/.local/lib/python3.7/site-packages/airflow/example_dags/example_branch_datetime_operator.py
[2022-07-22 22:20:28,987] {processor.py:654} INFO - DAG(s) dict_keys(['example_branch_datetime_operator_2']) retrieved from /home/airflow/.local/lib/python3.7/site-packages/airflow/example_dags/example_branch_datetime_operator.py
[2022-07-22 22:20:28,994] {logging_mixin.py:109} INFO - [2022-07-22 22:20:28,994] {dag.py:2396} INFO - Sync 1 DAGs
[2022-07-22 22:20:29,006] {logging_mixin.py:109} INFO - [2022-07-22 22:20:29,006] {dag.py:2935} INFO - Setting next_dagrun for example_branch_datetime_operator_2 to 2022-07-21 00:00:00+00:00
[2022-07-22 22:20:29,081] {processor.py:171} INFO - Processing /home/airflow/.local/lib/python3.7/site-packages/airflow/example_dags/example_branch_datetime_operator.py took 0.113 seconds
[2022-07-22 22:20:59,304] {processor.py:163} INFO - Started process (PID=2712) to work on /home/airflow/.local/lib/python3.7/site-packages/airflow/example_dags/example_branch_datetime_operator.py
[2022-07-22 22:20:59,305] {processor.py:642} INFO - Processing file /home/airflow/.local/lib/python3.7/site-packages/airflow/example_dags/example_branch_datetime_operator.py for tasks to queue
[2022-07-22 22:20:59,305] {logging_mixin.py:109} INFO - [2022-07-22 22:20:59,305] {dagbag.py:500} INFO - Filling up the DagBag from /home/airflow/.local/lib/python3.7/site-packages/airflow/example_dags/example_branch_datetime_operator.py
[2022-07-22 22:20:59,325] {processor.py:654} INFO - DAG(s) dict_keys(['example_branch_datetime_operator_2']) retrieved from /home/airflow/.local/lib/python3.7/site-packages/airflow/example_dags/example_branch_datetime_operator.py
[2022-07-22 22:20:59,331] {logging_mixin.py:109} INFO - [2022-07-22 22:20:59,331] {dag.py:2396} INFO - Sync 1 DAGs
[2022-07-22 22:20:59,344] {logging_mixin.py:109} INFO - [2022-07-22 22:20:59,344] {dag.py:2935} INFO - Setting next_dagrun for example_branch_datetime_operator_2 to 2022-07-21 00:00:00+00:00
[2022-07-22 22:20:59,423] {processor.py:171} INFO - Processing /home/airflow/.local/lib/python3.7/site-packages/airflow/example_dags/example_branch_datetime_operator.py took 0.121 seconds
[2022-07-22 22:21:29,632] {processor.py:163} INFO - Started process (PID=2762) to work on /home/airflow/.local/lib/python3.7/site-packages/airflow/example_dags/example_branch_datetime_operator.py
[2022-07-22 22:21:29,633] {processor.py:642} INFO - Processing file /home/airflow/.local/lib/python3.7/site-packages/airflow/example_dags/example_branch_datetime_operator.py for tasks to queue
[2022-07-22 22:21:29,633] {logging_mixin.py:109} INFO - [2022-07-22 22:21:29,633] {dagbag.py:500} INFO - Filling up the DagBag from /home/airflow/.local/lib/python3.7/site-packages/airflow/example_dags/example_branch_datetime_operator.py
[2022-07-22 22:21:29,651] {processor.py:654} INFO - DAG(s) dict_keys(['example_branch_datetime_operator_2']) retrieved from /home/airflow/.local/lib/python3.7/site-packages/airflow/example_dags/example_branch_datetime_operator.py
[2022-07-22 22:21:29,658] {logging_mixin.py:109} INFO - [2022-07-22 22:21:29,658] {dag.py:2396} INFO - Sync 1 DAGs
[2022-07-22 22:21:29,739] {logging_mixin.py:109} INFO - [2022-07-22 22:21:29,739] {dag.py:2935} INFO - Setting next_dagrun for example_branch_datetime_operator_2 to 2022-07-21 00:00:00+00:00
[2022-07-22 22:21:29,746] {processor.py:171} INFO - Processing /home/airflow/.local/lib/python3.7/site-packages/airflow/example_dags/example_branch_datetime_operator.py took 0.116 seconds
[2022-07-22 22:22:00,559] {processor.py:163} INFO - Started process (PID=2821) to work on /home/airflow/.local/lib/python3.7/site-packages/airflow/example_dags/example_branch_datetime_operator.py
[2022-07-22 22:22:00,559] {processor.py:642} INFO - Processing file /home/airflow/.local/lib/python3.7/site-packages/airflow/example_dags/example_branch_datetime_operator.py for tasks to queue
[2022-07-22 22:22:00,560] {logging_mixin.py:109} INFO - [2022-07-22 22:22:00,560] {dagbag.py:500} INFO - Filling up the DagBag from /home/airflow/.local/lib/python3.7/site-packages/airflow/example_dags/example_branch_datetime_operator.py
[2022-07-22 22:22:00,577] {processor.py:654} INFO - DAG(s) dict_keys(['example_branch_datetime_operator_2']) retrieved from /home/airflow/.local/lib/python3.7/site-packages/airflow/example_dags/example_branch_datetime_operator.py
[2022-07-22 22:22:00,583] {logging_mixin.py:109} INFO - [2022-07-22 22:22:00,583] {dag.py:2396} INFO - Sync 1 DAGs
[2022-07-22 22:22:00,663] {logging_mixin.py:109} INFO - [2022-07-22 22:22:00,663] {dag.py:2935} INFO - Setting next_dagrun for example_branch_datetime_operator_2 to 2022-07-21 00:00:00+00:00
[2022-07-22 22:22:00,669] {processor.py:171} INFO - Processing /home/airflow/.local/lib/python3.7/site-packages/airflow/example_dags/example_branch_datetime_operator.py took 0.112 seconds
[2022-07-22 22:22:31,158] {processor.py:163} INFO - Started process (PID=2871) to work on /home/airflow/.local/lib/python3.7/site-packages/airflow/example_dags/example_branch_datetime_operator.py
[2022-07-22 22:22:31,159] {processor.py:642} INFO - Processing file /home/airflow/.local/lib/python3.7/site-packages/airflow/example_dags/example_branch_datetime_operator.py for tasks to queue
[2022-07-22 22:22:31,159] {logging_mixin.py:109} INFO - [2022-07-22 22:22:31,159] {dagbag.py:500} INFO - Filling up the DagBag from /home/airflow/.local/lib/python3.7/site-packages/airflow/example_dags/example_branch_datetime_operator.py
[2022-07-22 22:22:31,177] {processor.py:654} INFO - DAG(s) dict_keys(['example_branch_datetime_operator_2']) retrieved from /home/airflow/.local/lib/python3.7/site-packages/airflow/example_dags/example_branch_datetime_operator.py
[2022-07-22 22:22:31,249] {logging_mixin.py:109} INFO - [2022-07-22 22:22:31,248] {dag.py:2396} INFO - Sync 1 DAGs
[2022-07-22 22:22:31,259] {logging_mixin.py:109} INFO - [2022-07-22 22:22:31,259] {dag.py:2935} INFO - Setting next_dagrun for example_branch_datetime_operator_2 to 2022-07-21 00:00:00+00:00
[2022-07-22 22:22:31,265] {processor.py:171} INFO - Processing /home/airflow/.local/lib/python3.7/site-packages/airflow/example_dags/example_branch_datetime_operator.py took 0.108 seconds
[2022-07-22 22:23:02,023] {processor.py:163} INFO - Started process (PID=2930) to work on /home/airflow/.local/lib/python3.7/site-packages/airflow/example_dags/example_branch_datetime_operator.py
[2022-07-22 22:23:02,024] {processor.py:642} INFO - Processing file /home/airflow/.local/lib/python3.7/site-packages/airflow/example_dags/example_branch_datetime_operator.py for tasks to queue
[2022-07-22 22:23:02,024] {logging_mixin.py:109} INFO - [2022-07-22 22:23:02,024] {dagbag.py:500} INFO - Filling up the DagBag from /home/airflow/.local/lib/python3.7/site-packages/airflow/example_dags/example_branch_datetime_operator.py
[2022-07-22 22:23:02,042] {processor.py:654} INFO - DAG(s) dict_keys(['example_branch_datetime_operator_2']) retrieved from /home/airflow/.local/lib/python3.7/site-packages/airflow/example_dags/example_branch_datetime_operator.py
[2022-07-22 22:23:02,120] {logging_mixin.py:109} INFO - [2022-07-22 22:23:02,120] {dag.py:2396} INFO - Sync 1 DAGs
[2022-07-22 22:23:02,131] {logging_mixin.py:109} INFO - [2022-07-22 22:23:02,131] {dag.py:2935} INFO - Setting next_dagrun for example_branch_datetime_operator_2 to 2022-07-21 00:00:00+00:00
[2022-07-22 22:23:02,137] {processor.py:171} INFO - Processing /home/airflow/.local/lib/python3.7/site-packages/airflow/example_dags/example_branch_datetime_operator.py took 0.115 seconds
[2022-07-22 22:23:32,546] {processor.py:163} INFO - Started process (PID=2989) to work on /home/airflow/.local/lib/python3.7/site-packages/airflow/example_dags/example_branch_datetime_operator.py
[2022-07-22 22:23:32,547] {processor.py:642} INFO - Processing file /home/airflow/.local/lib/python3.7/site-packages/airflow/example_dags/example_branch_datetime_operator.py for tasks to queue
[2022-07-22 22:23:32,547] {logging_mixin.py:109} INFO - [2022-07-22 22:23:32,547] {dagbag.py:500} INFO - Filling up the DagBag from /home/airflow/.local/lib/python3.7/site-packages/airflow/example_dags/example_branch_datetime_operator.py
[2022-07-22 22:23:32,638] {processor.py:654} INFO - DAG(s) dict_keys(['example_branch_datetime_operator_2']) retrieved from /home/airflow/.local/lib/python3.7/site-packages/airflow/example_dags/example_branch_datetime_operator.py
[2022-07-22 22:23:32,644] {logging_mixin.py:109} INFO - [2022-07-22 22:23:32,643] {dag.py:2396} INFO - Sync 1 DAGs
[2022-07-22 22:23:32,654] {logging_mixin.py:109} INFO - [2022-07-22 22:23:32,654] {dag.py:2935} INFO - Setting next_dagrun for example_branch_datetime_operator_2 to 2022-07-21 00:00:00+00:00
[2022-07-22 22:23:32,660] {processor.py:171} INFO - Processing /home/airflow/.local/lib/python3.7/site-packages/airflow/example_dags/example_branch_datetime_operator.py took 0.115 seconds
[2022-07-22 22:24:03,231] {processor.py:163} INFO - Started process (PID=3039) to work on /home/airflow/.local/lib/python3.7/site-packages/airflow/example_dags/example_branch_datetime_operator.py
[2022-07-22 22:24:03,232] {processor.py:642} INFO - Processing file /home/airflow/.local/lib/python3.7/site-packages/airflow/example_dags/example_branch_datetime_operator.py for tasks to queue
[2022-07-22 22:24:03,232] {logging_mixin.py:109} INFO - [2022-07-22 22:24:03,232] {dagbag.py:500} INFO - Filling up the DagBag from /home/airflow/.local/lib/python3.7/site-packages/airflow/example_dags/example_branch_datetime_operator.py
[2022-07-22 22:24:03,327] {processor.py:654} INFO - DAG(s) dict_keys(['example_branch_datetime_operator_2']) retrieved from /home/airflow/.local/lib/python3.7/site-packages/airflow/example_dags/example_branch_datetime_operator.py
[2022-07-22 22:24:03,334] {logging_mixin.py:109} INFO - [2022-07-22 22:24:03,334] {dag.py:2396} INFO - Sync 1 DAGs
[2022-07-22 22:24:03,348] {logging_mixin.py:109} INFO - [2022-07-22 22:24:03,347] {dag.py:2935} INFO - Setting next_dagrun for example_branch_datetime_operator_2 to 2022-07-21 00:00:00+00:00
[2022-07-22 22:24:03,355] {processor.py:171} INFO - Processing /home/airflow/.local/lib/python3.7/site-packages/airflow/example_dags/example_branch_datetime_operator.py took 0.126 seconds
[2022-07-22 22:24:34,266] {processor.py:163} INFO - Started process (PID=3098) to work on /home/airflow/.local/lib/python3.7/site-packages/airflow/example_dags/example_branch_datetime_operator.py
[2022-07-22 22:24:34,267] {processor.py:642} INFO - Processing file /home/airflow/.local/lib/python3.7/site-packages/airflow/example_dags/example_branch_datetime_operator.py for tasks to queue
[2022-07-22 22:24:34,267] {logging_mixin.py:109} INFO - [2022-07-22 22:24:34,267] {dagbag.py:500} INFO - Filling up the DagBag from /home/airflow/.local/lib/python3.7/site-packages/airflow/example_dags/example_branch_datetime_operator.py
[2022-07-22 22:24:34,350] {processor.py:654} INFO - DAG(s) dict_keys(['example_branch_datetime_operator_2']) retrieved from /home/airflow/.local/lib/python3.7/site-packages/airflow/example_dags/example_branch_datetime_operator.py
[2022-07-22 22:24:34,356] {logging_mixin.py:109} INFO - [2022-07-22 22:24:34,356] {dag.py:2396} INFO - Sync 1 DAGs
[2022-07-22 22:24:34,367] {logging_mixin.py:109} INFO - [2022-07-22 22:24:34,367] {dag.py:2935} INFO - Setting next_dagrun for example_branch_datetime_operator_2 to 2022-07-21 00:00:00+00:00
[2022-07-22 22:24:34,373] {processor.py:171} INFO - Processing /home/airflow/.local/lib/python3.7/site-packages/airflow/example_dags/example_branch_datetime_operator.py took 0.108 seconds
[2022-07-22 22:25:04,879] {processor.py:163} INFO - Started process (PID=3147) to work on /home/airflow/.local/lib/python3.7/site-packages/airflow/example_dags/example_branch_datetime_operator.py
[2022-07-22 22:25:04,880] {processor.py:642} INFO - Processing file /home/airflow/.local/lib/python3.7/site-packages/airflow/example_dags/example_branch_datetime_operator.py for tasks to queue
[2022-07-22 22:25:04,881] {logging_mixin.py:109} INFO - [2022-07-22 22:25:04,881] {dagbag.py:500} INFO - Filling up the DagBag from /home/airflow/.local/lib/python3.7/site-packages/airflow/example_dags/example_branch_datetime_operator.py
[2022-07-22 22:25:04,963] {processor.py:654} INFO - DAG(s) dict_keys(['example_branch_datetime_operator_2']) retrieved from /home/airflow/.local/lib/python3.7/site-packages/airflow/example_dags/example_branch_datetime_operator.py
[2022-07-22 22:25:04,969] {logging_mixin.py:109} INFO - [2022-07-22 22:25:04,969] {dag.py:2396} INFO - Sync 1 DAGs
[2022-07-22 22:25:04,979] {logging_mixin.py:109} INFO - [2022-07-22 22:25:04,979] {dag.py:2935} INFO - Setting next_dagrun for example_branch_datetime_operator_2 to 2022-07-21 00:00:00+00:00
[2022-07-22 22:25:04,985] {processor.py:171} INFO - Processing /home/airflow/.local/lib/python3.7/site-packages/airflow/example_dags/example_branch_datetime_operator.py took 0.107 seconds
[2022-07-22 22:25:35,571] {processor.py:163} INFO - Started process (PID=3206) to work on /home/airflow/.local/lib/python3.7/site-packages/airflow/example_dags/example_branch_datetime_operator.py
[2022-07-22 22:25:35,571] {processor.py:642} INFO - Processing file /home/airflow/.local/lib/python3.7/site-packages/airflow/example_dags/example_branch_datetime_operator.py for tasks to queue
[2022-07-22 22:25:35,571] {logging_mixin.py:109} INFO - [2022-07-22 22:25:35,571] {dagbag.py:500} INFO - Filling up the DagBag from /home/airflow/.local/lib/python3.7/site-packages/airflow/example_dags/example_branch_datetime_operator.py
[2022-07-22 22:25:35,589] {processor.py:654} INFO - DAG(s) dict_keys(['example_branch_datetime_operator_2']) retrieved from /home/airflow/.local/lib/python3.7/site-packages/airflow/example_dags/example_branch_datetime_operator.py
[2022-07-22 22:25:35,595] {logging_mixin.py:109} INFO - [2022-07-22 22:25:35,595] {dag.py:2396} INFO - Sync 1 DAGs
[2022-07-22 22:25:35,607] {logging_mixin.py:109} INFO - [2022-07-22 22:25:35,607] {dag.py:2935} INFO - Setting next_dagrun for example_branch_datetime_operator_2 to 2022-07-21 00:00:00+00:00
[2022-07-22 22:25:35,613] {processor.py:171} INFO - Processing /home/airflow/.local/lib/python3.7/site-packages/airflow/example_dags/example_branch_datetime_operator.py took 0.044 seconds
[2022-07-22 22:26:06,071] {processor.py:163} INFO - Started process (PID=3265) to work on /home/airflow/.local/lib/python3.7/site-packages/airflow/example_dags/example_branch_datetime_operator.py
[2022-07-22 22:26:06,072] {processor.py:642} INFO - Processing file /home/airflow/.local/lib/python3.7/site-packages/airflow/example_dags/example_branch_datetime_operator.py for tasks to queue
[2022-07-22 22:26:06,072] {logging_mixin.py:109} INFO - [2022-07-22 22:26:06,072] {dagbag.py:500} INFO - Filling up the DagBag from /home/airflow/.local/lib/python3.7/site-packages/airflow/example_dags/example_branch_datetime_operator.py
[2022-07-22 22:26:06,092] {processor.py:654} INFO - DAG(s) dict_keys(['example_branch_datetime_operator_2']) retrieved from /home/airflow/.local/lib/python3.7/site-packages/airflow/example_dags/example_branch_datetime_operator.py
[2022-07-22 22:26:06,099] {logging_mixin.py:109} INFO - [2022-07-22 22:26:06,099] {dag.py:2396} INFO - Sync 1 DAGs
[2022-07-22 22:26:06,111] {logging_mixin.py:109} INFO - [2022-07-22 22:26:06,111] {dag.py:2935} INFO - Setting next_dagrun for example_branch_datetime_operator_2 to 2022-07-21 00:00:00+00:00
[2022-07-22 22:26:06,118] {processor.py:171} INFO - Processing /home/airflow/.local/lib/python3.7/site-packages/airflow/example_dags/example_branch_datetime_operator.py took 0.048 seconds
[2022-07-22 22:26:36,592] {processor.py:163} INFO - Started process (PID=3315) to work on /home/airflow/.local/lib/python3.7/site-packages/airflow/example_dags/example_branch_datetime_operator.py
[2022-07-22 22:26:36,593] {processor.py:642} INFO - Processing file /home/airflow/.local/lib/python3.7/site-packages/airflow/example_dags/example_branch_datetime_operator.py for tasks to queue
[2022-07-22 22:26:36,593] {logging_mixin.py:109} INFO - [2022-07-22 22:26:36,593] {dagbag.py:500} INFO - Filling up the DagBag from /home/airflow/.local/lib/python3.7/site-packages/airflow/example_dags/example_branch_datetime_operator.py
[2022-07-22 22:26:36,611] {processor.py:654} INFO - DAG(s) dict_keys(['example_branch_datetime_operator_2']) retrieved from /home/airflow/.local/lib/python3.7/site-packages/airflow/example_dags/example_branch_datetime_operator.py
[2022-07-22 22:26:36,617] {logging_mixin.py:109} INFO - [2022-07-22 22:26:36,617] {dag.py:2396} INFO - Sync 1 DAGs
[2022-07-22 22:26:36,629] {logging_mixin.py:109} INFO - [2022-07-22 22:26:36,629] {dag.py:2935} INFO - Setting next_dagrun for example_branch_datetime_operator_2 to 2022-07-21 00:00:00+00:00
[2022-07-22 22:26:36,635] {processor.py:171} INFO - Processing /home/airflow/.local/lib/python3.7/site-packages/airflow/example_dags/example_branch_datetime_operator.py took 0.044 seconds
[2022-07-22 22:27:07,031] {processor.py:163} INFO - Started process (PID=3374) to work on /home/airflow/.local/lib/python3.7/site-packages/airflow/example_dags/example_branch_datetime_operator.py
[2022-07-22 22:27:07,032] {processor.py:642} INFO - Processing file /home/airflow/.local/lib/python3.7/site-packages/airflow/example_dags/example_branch_datetime_operator.py for tasks to queue
[2022-07-22 22:27:07,032] {logging_mixin.py:109} INFO - [2022-07-22 22:27:07,032] {dagbag.py:500} INFO - Filling up the DagBag from /home/airflow/.local/lib/python3.7/site-packages/airflow/example_dags/example_branch_datetime_operator.py
[2022-07-22 22:27:07,049] {processor.py:654} INFO - DAG(s) dict_keys(['example_branch_datetime_operator_2']) retrieved from /home/airflow/.local/lib/python3.7/site-packages/airflow/example_dags/example_branch_datetime_operator.py
[2022-07-22 22:27:07,055] {logging_mixin.py:109} INFO - [2022-07-22 22:27:07,055] {dag.py:2396} INFO - Sync 1 DAGs
[2022-07-22 22:27:07,067] {logging_mixin.py:109} INFO - [2022-07-22 22:27:07,067] {dag.py:2935} INFO - Setting next_dagrun for example_branch_datetime_operator_2 to 2022-07-21 00:00:00+00:00
[2022-07-22 22:27:07,073] {processor.py:171} INFO - Processing /home/airflow/.local/lib/python3.7/site-packages/airflow/example_dags/example_branch_datetime_operator.py took 0.044 seconds
[2022-07-22 22:27:37,447] {processor.py:163} INFO - Started process (PID=3424) to work on /home/airflow/.local/lib/python3.7/site-packages/airflow/example_dags/example_branch_datetime_operator.py
[2022-07-22 22:27:37,447] {processor.py:642} INFO - Processing file /home/airflow/.local/lib/python3.7/site-packages/airflow/example_dags/example_branch_datetime_operator.py for tasks to queue
[2022-07-22 22:27:37,448] {logging_mixin.py:109} INFO - [2022-07-22 22:27:37,448] {dagbag.py:500} INFO - Filling up the DagBag from /home/airflow/.local/lib/python3.7/site-packages/airflow/example_dags/example_branch_datetime_operator.py
[2022-07-22 22:27:37,465] {processor.py:654} INFO - DAG(s) dict_keys(['example_branch_datetime_operator_2']) retrieved from /home/airflow/.local/lib/python3.7/site-packages/airflow/example_dags/example_branch_datetime_operator.py
[2022-07-22 22:27:37,471] {logging_mixin.py:109} INFO - [2022-07-22 22:27:37,471] {dag.py:2396} INFO - Sync 1 DAGs
[2022-07-22 22:27:37,483] {logging_mixin.py:109} INFO - [2022-07-22 22:27:37,482] {dag.py:2935} INFO - Setting next_dagrun for example_branch_datetime_operator_2 to 2022-07-21 00:00:00+00:00
[2022-07-22 22:27:37,488] {processor.py:171} INFO - Processing /home/airflow/.local/lib/python3.7/site-packages/airflow/example_dags/example_branch_datetime_operator.py took 0.043 seconds
[2022-07-22 22:28:07,760] {processor.py:163} INFO - Started process (PID=3483) to work on /home/airflow/.local/lib/python3.7/site-packages/airflow/example_dags/example_branch_datetime_operator.py
[2022-07-22 22:28:07,761] {processor.py:642} INFO - Processing file /home/airflow/.local/lib/python3.7/site-packages/airflow/example_dags/example_branch_datetime_operator.py for tasks to queue
[2022-07-22 22:28:07,761] {logging_mixin.py:109} INFO - [2022-07-22 22:28:07,761] {dagbag.py:500} INFO - Filling up the DagBag from /home/airflow/.local/lib/python3.7/site-packages/airflow/example_dags/example_branch_datetime_operator.py
[2022-07-22 22:28:07,779] {processor.py:654} INFO - DAG(s) dict_keys(['example_branch_datetime_operator_2']) retrieved from /home/airflow/.local/lib/python3.7/site-packages/airflow/example_dags/example_branch_datetime_operator.py
[2022-07-22 22:28:07,785] {logging_mixin.py:109} INFO - [2022-07-22 22:28:07,785] {dag.py:2396} INFO - Sync 1 DAGs
[2022-07-22 22:28:07,796] {logging_mixin.py:109} INFO - [2022-07-22 22:28:07,796] {dag.py:2935} INFO - Setting next_dagrun for example_branch_datetime_operator_2 to 2022-07-21 00:00:00+00:00
[2022-07-22 22:28:07,802] {processor.py:171} INFO - Processing /home/airflow/.local/lib/python3.7/site-packages/airflow/example_dags/example_branch_datetime_operator.py took 0.044 seconds
