[2022-07-22 21:54:09,131] {processor.py:163} INFO - Started process (PID=320) to work on /home/airflow/.local/lib/python3.7/site-packages/airflow/example_dags/example_short_circuit_operator.py
[2022-07-22 21:54:09,132] {processor.py:642} INFO - Processing file /home/airflow/.local/lib/python3.7/site-packages/airflow/example_dags/example_short_circuit_operator.py for tasks to queue
[2022-07-22 21:54:09,132] {logging_mixin.py:109} INFO - [2022-07-22 21:54:09,132] {dagbag.py:500} INFO - Filling up the DagBag from /home/airflow/.local/lib/python3.7/site-packages/airflow/example_dags/example_short_circuit_operator.py
[2022-07-22 21:54:09,151] {processor.py:654} INFO - DAG(s) dict_keys(['example_short_circuit_operator']) retrieved from /home/airflow/.local/lib/python3.7/site-packages/airflow/example_dags/example_short_circuit_operator.py
[2022-07-22 21:54:10,662] {logging_mixin.py:109} INFO - [2022-07-22 21:54:10,662] {manager.py:496} INFO - Created Permission View: can read on DAG:example_short_circuit_operator
[2022-07-22 21:54:10,668] {logging_mixin.py:109} INFO - [2022-07-22 21:54:10,668] {manager.py:496} INFO - Created Permission View: can edit on DAG:example_short_circuit_operator
[2022-07-22 21:54:10,668] {logging_mixin.py:109} INFO - [2022-07-22 21:54:10,668] {dag.py:2396} INFO - Sync 1 DAGs
[2022-07-22 21:54:10,673] {logging_mixin.py:109} INFO - [2022-07-22 21:54:10,673] {dag.py:2415} INFO - Creating ORM DAG for example_short_circuit_operator
[2022-07-22 21:54:10,678] {logging_mixin.py:109} INFO - [2022-07-22 21:54:10,678] {dag.py:2935} INFO - Setting next_dagrun for example_short_circuit_operator to 2022-07-21T21:54:10.678433+00:00
[2022-07-22 21:54:10,686] {processor.py:171} INFO - Processing /home/airflow/.local/lib/python3.7/site-packages/airflow/example_dags/example_short_circuit_operator.py took 1.556 seconds
[2022-07-22 21:54:40,790] {processor.py:163} INFO - Started process (PID=611) to work on /home/airflow/.local/lib/python3.7/site-packages/airflow/example_dags/example_short_circuit_operator.py
[2022-07-22 21:54:40,791] {processor.py:642} INFO - Processing file /home/airflow/.local/lib/python3.7/site-packages/airflow/example_dags/example_short_circuit_operator.py for tasks to queue
[2022-07-22 21:54:40,791] {logging_mixin.py:109} INFO - [2022-07-22 21:54:40,791] {dagbag.py:500} INFO - Filling up the DagBag from /home/airflow/.local/lib/python3.7/site-packages/airflow/example_dags/example_short_circuit_operator.py
[2022-07-22 21:54:40,809] {processor.py:654} INFO - DAG(s) dict_keys(['example_short_circuit_operator']) retrieved from /home/airflow/.local/lib/python3.7/site-packages/airflow/example_dags/example_short_circuit_operator.py
[2022-07-22 21:54:40,816] {logging_mixin.py:109} INFO - [2022-07-22 21:54:40,816] {dag.py:2396} INFO - Sync 1 DAGs
[2022-07-22 21:54:40,827] {logging_mixin.py:109} INFO - [2022-07-22 21:54:40,827] {dag.py:2935} INFO - Setting next_dagrun for example_short_circuit_operator to 2022-07-21T21:54:40.827384+00:00
[2022-07-22 21:54:40,833] {processor.py:171} INFO - Processing /home/airflow/.local/lib/python3.7/site-packages/airflow/example_dags/example_short_circuit_operator.py took 0.045 seconds
[2022-07-22 21:55:11,010] {processor.py:163} INFO - Started process (PID=670) to work on /home/airflow/.local/lib/python3.7/site-packages/airflow/example_dags/example_short_circuit_operator.py
[2022-07-22 21:55:11,011] {processor.py:642} INFO - Processing file /home/airflow/.local/lib/python3.7/site-packages/airflow/example_dags/example_short_circuit_operator.py for tasks to queue
[2022-07-22 21:55:11,012] {logging_mixin.py:109} INFO - [2022-07-22 21:55:11,012] {dagbag.py:500} INFO - Filling up the DagBag from /home/airflow/.local/lib/python3.7/site-packages/airflow/example_dags/example_short_circuit_operator.py
[2022-07-22 21:55:11,029] {processor.py:654} INFO - DAG(s) dict_keys(['example_short_circuit_operator']) retrieved from /home/airflow/.local/lib/python3.7/site-packages/airflow/example_dags/example_short_circuit_operator.py
[2022-07-22 21:55:11,037] {logging_mixin.py:109} INFO - [2022-07-22 21:55:11,036] {dag.py:2396} INFO - Sync 1 DAGs
[2022-07-22 21:55:11,047] {logging_mixin.py:109} INFO - [2022-07-22 21:55:11,047] {dag.py:2935} INFO - Setting next_dagrun for example_short_circuit_operator to 2022-07-21T21:55:11.047491+00:00
[2022-07-22 21:55:11,053] {processor.py:171} INFO - Processing /home/airflow/.local/lib/python3.7/site-packages/airflow/example_dags/example_short_circuit_operator.py took 0.044 seconds
[2022-07-22 21:55:41,245] {processor.py:163} INFO - Started process (PID=720) to work on /home/airflow/.local/lib/python3.7/site-packages/airflow/example_dags/example_short_circuit_operator.py
[2022-07-22 21:55:41,246] {processor.py:642} INFO - Processing file /home/airflow/.local/lib/python3.7/site-packages/airflow/example_dags/example_short_circuit_operator.py for tasks to queue
[2022-07-22 21:55:41,246] {logging_mixin.py:109} INFO - [2022-07-22 21:55:41,246] {dagbag.py:500} INFO - Filling up the DagBag from /home/airflow/.local/lib/python3.7/site-packages/airflow/example_dags/example_short_circuit_operator.py
[2022-07-22 21:55:41,264] {processor.py:654} INFO - DAG(s) dict_keys(['example_short_circuit_operator']) retrieved from /home/airflow/.local/lib/python3.7/site-packages/airflow/example_dags/example_short_circuit_operator.py
[2022-07-22 21:55:41,271] {logging_mixin.py:109} INFO - [2022-07-22 21:55:41,271] {dag.py:2396} INFO - Sync 1 DAGs
[2022-07-22 21:55:41,282] {logging_mixin.py:109} INFO - [2022-07-22 21:55:41,282] {dag.py:2935} INFO - Setting next_dagrun for example_short_circuit_operator to 2022-07-21T21:55:41.282068+00:00
[2022-07-22 21:55:41,288] {processor.py:171} INFO - Processing /home/airflow/.local/lib/python3.7/site-packages/airflow/example_dags/example_short_circuit_operator.py took 0.044 seconds
[2022-07-22 21:56:27,203] {processor.py:163} INFO - Started process (PID=63) to work on /home/airflow/.local/lib/python3.7/site-packages/airflow/example_dags/example_short_circuit_operator.py
[2022-07-22 21:56:27,204] {processor.py:642} INFO - Processing file /home/airflow/.local/lib/python3.7/site-packages/airflow/example_dags/example_short_circuit_operator.py for tasks to queue
[2022-07-22 21:56:27,204] {logging_mixin.py:109} INFO - [2022-07-22 21:56:27,204] {dagbag.py:500} INFO - Filling up the DagBag from /home/airflow/.local/lib/python3.7/site-packages/airflow/example_dags/example_short_circuit_operator.py
[2022-07-22 21:56:27,223] {processor.py:654} INFO - DAG(s) dict_keys(['example_short_circuit_operator']) retrieved from /home/airflow/.local/lib/python3.7/site-packages/airflow/example_dags/example_short_circuit_operator.py
[2022-07-22 21:56:27,230] {logging_mixin.py:109} INFO - [2022-07-22 21:56:27,230] {dag.py:2396} INFO - Sync 1 DAGs
[2022-07-22 21:56:27,242] {logging_mixin.py:109} INFO - [2022-07-22 21:56:27,242] {dag.py:2935} INFO - Setting next_dagrun for example_short_circuit_operator to 2022-07-21T21:56:27.241876+00:00
[2022-07-22 21:56:27,248] {processor.py:171} INFO - Processing /home/airflow/.local/lib/python3.7/site-packages/airflow/example_dags/example_short_circuit_operator.py took 0.047 seconds
[2022-07-22 21:56:58,065] {processor.py:163} INFO - Started process (PID=123) to work on /home/airflow/.local/lib/python3.7/site-packages/airflow/example_dags/example_short_circuit_operator.py
[2022-07-22 21:56:58,066] {processor.py:642} INFO - Processing file /home/airflow/.local/lib/python3.7/site-packages/airflow/example_dags/example_short_circuit_operator.py for tasks to queue
[2022-07-22 21:56:58,066] {logging_mixin.py:109} INFO - [2022-07-22 21:56:58,066] {dagbag.py:500} INFO - Filling up the DagBag from /home/airflow/.local/lib/python3.7/site-packages/airflow/example_dags/example_short_circuit_operator.py
[2022-07-22 21:56:58,083] {processor.py:654} INFO - DAG(s) dict_keys(['example_short_circuit_operator']) retrieved from /home/airflow/.local/lib/python3.7/site-packages/airflow/example_dags/example_short_circuit_operator.py
[2022-07-22 21:56:58,090] {logging_mixin.py:109} INFO - [2022-07-22 21:56:58,090] {dag.py:2396} INFO - Sync 1 DAGs
[2022-07-22 21:56:58,100] {logging_mixin.py:109} INFO - [2022-07-22 21:56:58,100] {dag.py:2935} INFO - Setting next_dagrun for example_short_circuit_operator to 2022-07-21T21:56:58.100617+00:00
[2022-07-22 21:56:58,106] {processor.py:171} INFO - Processing /home/airflow/.local/lib/python3.7/site-packages/airflow/example_dags/example_short_circuit_operator.py took 0.043 seconds
[2022-07-22 21:57:28,854] {processor.py:163} INFO - Started process (PID=182) to work on /home/airflow/.local/lib/python3.7/site-packages/airflow/example_dags/example_short_circuit_operator.py
[2022-07-22 21:57:28,855] {processor.py:642} INFO - Processing file /home/airflow/.local/lib/python3.7/site-packages/airflow/example_dags/example_short_circuit_operator.py for tasks to queue
[2022-07-22 21:57:28,856] {logging_mixin.py:109} INFO - [2022-07-22 21:57:28,856] {dagbag.py:500} INFO - Filling up the DagBag from /home/airflow/.local/lib/python3.7/site-packages/airflow/example_dags/example_short_circuit_operator.py
[2022-07-22 21:57:28,874] {processor.py:654} INFO - DAG(s) dict_keys(['example_short_circuit_operator']) retrieved from /home/airflow/.local/lib/python3.7/site-packages/airflow/example_dags/example_short_circuit_operator.py
[2022-07-22 21:57:28,881] {logging_mixin.py:109} INFO - [2022-07-22 21:57:28,881] {dag.py:2396} INFO - Sync 1 DAGs
[2022-07-22 21:57:28,892] {logging_mixin.py:109} INFO - [2022-07-22 21:57:28,892] {dag.py:2935} INFO - Setting next_dagrun for example_short_circuit_operator to 2022-07-21T21:57:28.892660+00:00
[2022-07-22 21:57:28,898] {processor.py:171} INFO - Processing /home/airflow/.local/lib/python3.7/site-packages/airflow/example_dags/example_short_circuit_operator.py took 0.046 seconds
[2022-07-22 21:57:59,540] {processor.py:163} INFO - Started process (PID=232) to work on /home/airflow/.local/lib/python3.7/site-packages/airflow/example_dags/example_short_circuit_operator.py
[2022-07-22 21:57:59,541] {processor.py:642} INFO - Processing file /home/airflow/.local/lib/python3.7/site-packages/airflow/example_dags/example_short_circuit_operator.py for tasks to queue
[2022-07-22 21:57:59,542] {logging_mixin.py:109} INFO - [2022-07-22 21:57:59,542] {dagbag.py:500} INFO - Filling up the DagBag from /home/airflow/.local/lib/python3.7/site-packages/airflow/example_dags/example_short_circuit_operator.py
[2022-07-22 21:57:59,560] {processor.py:654} INFO - DAG(s) dict_keys(['example_short_circuit_operator']) retrieved from /home/airflow/.local/lib/python3.7/site-packages/airflow/example_dags/example_short_circuit_operator.py
[2022-07-22 21:57:59,568] {logging_mixin.py:109} INFO - [2022-07-22 21:57:59,568] {dag.py:2396} INFO - Sync 1 DAGs
[2022-07-22 21:57:59,580] {logging_mixin.py:109} INFO - [2022-07-22 21:57:59,580] {dag.py:2935} INFO - Setting next_dagrun for example_short_circuit_operator to 2022-07-21T21:57:59.579832+00:00
[2022-07-22 21:57:59,586] {processor.py:171} INFO - Processing /home/airflow/.local/lib/python3.7/site-packages/airflow/example_dags/example_short_circuit_operator.py took 0.047 seconds
[2022-07-22 21:58:30,470] {processor.py:163} INFO - Started process (PID=291) to work on /home/airflow/.local/lib/python3.7/site-packages/airflow/example_dags/example_short_circuit_operator.py
[2022-07-22 21:58:30,470] {processor.py:642} INFO - Processing file /home/airflow/.local/lib/python3.7/site-packages/airflow/example_dags/example_short_circuit_operator.py for tasks to queue
[2022-07-22 21:58:30,471] {logging_mixin.py:109} INFO - [2022-07-22 21:58:30,471] {dagbag.py:500} INFO - Filling up the DagBag from /home/airflow/.local/lib/python3.7/site-packages/airflow/example_dags/example_short_circuit_operator.py
[2022-07-22 21:58:30,488] {processor.py:654} INFO - DAG(s) dict_keys(['example_short_circuit_operator']) retrieved from /home/airflow/.local/lib/python3.7/site-packages/airflow/example_dags/example_short_circuit_operator.py
[2022-07-22 21:58:30,495] {logging_mixin.py:109} INFO - [2022-07-22 21:58:30,495] {dag.py:2396} INFO - Sync 1 DAGs
[2022-07-22 21:58:30,506] {logging_mixin.py:109} INFO - [2022-07-22 21:58:30,506] {dag.py:2935} INFO - Setting next_dagrun for example_short_circuit_operator to 2022-07-21T21:58:30.506695+00:00
[2022-07-22 21:58:30,513] {processor.py:171} INFO - Processing /home/airflow/.local/lib/python3.7/site-packages/airflow/example_dags/example_short_circuit_operator.py took 0.045 seconds
[2022-07-22 21:59:01,271] {processor.py:163} INFO - Started process (PID=350) to work on /home/airflow/.local/lib/python3.7/site-packages/airflow/example_dags/example_short_circuit_operator.py
[2022-07-22 21:59:01,272] {processor.py:642} INFO - Processing file /home/airflow/.local/lib/python3.7/site-packages/airflow/example_dags/example_short_circuit_operator.py for tasks to queue
[2022-07-22 21:59:01,272] {logging_mixin.py:109} INFO - [2022-07-22 21:59:01,272] {dagbag.py:500} INFO - Filling up the DagBag from /home/airflow/.local/lib/python3.7/site-packages/airflow/example_dags/example_short_circuit_operator.py
[2022-07-22 21:59:01,291] {processor.py:654} INFO - DAG(s) dict_keys(['example_short_circuit_operator']) retrieved from /home/airflow/.local/lib/python3.7/site-packages/airflow/example_dags/example_short_circuit_operator.py
[2022-07-22 21:59:01,298] {logging_mixin.py:109} INFO - [2022-07-22 21:59:01,298] {dag.py:2396} INFO - Sync 1 DAGs
[2022-07-22 21:59:01,308] {logging_mixin.py:109} INFO - [2022-07-22 21:59:01,308] {dag.py:2935} INFO - Setting next_dagrun for example_short_circuit_operator to 2022-07-21T21:59:01.308456+00:00
[2022-07-22 21:59:01,314] {processor.py:171} INFO - Processing /home/airflow/.local/lib/python3.7/site-packages/airflow/example_dags/example_short_circuit_operator.py took 0.045 seconds
[2022-07-22 21:59:32,008] {processor.py:163} INFO - Started process (PID=400) to work on /home/airflow/.local/lib/python3.7/site-packages/airflow/example_dags/example_short_circuit_operator.py
[2022-07-22 21:59:32,009] {processor.py:642} INFO - Processing file /home/airflow/.local/lib/python3.7/site-packages/airflow/example_dags/example_short_circuit_operator.py for tasks to queue
[2022-07-22 21:59:32,009] {logging_mixin.py:109} INFO - [2022-07-22 21:59:32,009] {dagbag.py:500} INFO - Filling up the DagBag from /home/airflow/.local/lib/python3.7/site-packages/airflow/example_dags/example_short_circuit_operator.py
[2022-07-22 21:59:32,027] {processor.py:654} INFO - DAG(s) dict_keys(['example_short_circuit_operator']) retrieved from /home/airflow/.local/lib/python3.7/site-packages/airflow/example_dags/example_short_circuit_operator.py
[2022-07-22 21:59:32,035] {logging_mixin.py:109} INFO - [2022-07-22 21:59:32,034] {dag.py:2396} INFO - Sync 1 DAGs
[2022-07-22 21:59:32,046] {logging_mixin.py:109} INFO - [2022-07-22 21:59:32,046] {dag.py:2935} INFO - Setting next_dagrun for example_short_circuit_operator to 2022-07-21T21:59:32.045800+00:00
[2022-07-22 21:59:32,051] {processor.py:171} INFO - Processing /home/airflow/.local/lib/python3.7/site-packages/airflow/example_dags/example_short_circuit_operator.py took 0.045 seconds
[2022-07-22 22:00:02,751] {processor.py:163} INFO - Started process (PID=459) to work on /home/airflow/.local/lib/python3.7/site-packages/airflow/example_dags/example_short_circuit_operator.py
[2022-07-22 22:00:02,752] {processor.py:642} INFO - Processing file /home/airflow/.local/lib/python3.7/site-packages/airflow/example_dags/example_short_circuit_operator.py for tasks to queue
[2022-07-22 22:00:02,752] {logging_mixin.py:109} INFO - [2022-07-22 22:00:02,752] {dagbag.py:500} INFO - Filling up the DagBag from /home/airflow/.local/lib/python3.7/site-packages/airflow/example_dags/example_short_circuit_operator.py
[2022-07-22 22:00:02,770] {processor.py:654} INFO - DAG(s) dict_keys(['example_short_circuit_operator']) retrieved from /home/airflow/.local/lib/python3.7/site-packages/airflow/example_dags/example_short_circuit_operator.py
[2022-07-22 22:00:02,777] {logging_mixin.py:109} INFO - [2022-07-22 22:00:02,777] {dag.py:2396} INFO - Sync 1 DAGs
[2022-07-22 22:00:02,788] {logging_mixin.py:109} INFO - [2022-07-22 22:00:02,788] {dag.py:2935} INFO - Setting next_dagrun for example_short_circuit_operator to 2022-07-21T22:00:02.788449+00:00
[2022-07-22 22:00:02,794] {processor.py:171} INFO - Processing /home/airflow/.local/lib/python3.7/site-packages/airflow/example_dags/example_short_circuit_operator.py took 0.045 seconds
[2022-07-22 22:00:33,385] {processor.py:163} INFO - Started process (PID=509) to work on /home/airflow/.local/lib/python3.7/site-packages/airflow/example_dags/example_short_circuit_operator.py
[2022-07-22 22:00:33,386] {processor.py:642} INFO - Processing file /home/airflow/.local/lib/python3.7/site-packages/airflow/example_dags/example_short_circuit_operator.py for tasks to queue
[2022-07-22 22:00:33,386] {logging_mixin.py:109} INFO - [2022-07-22 22:00:33,386] {dagbag.py:500} INFO - Filling up the DagBag from /home/airflow/.local/lib/python3.7/site-packages/airflow/example_dags/example_short_circuit_operator.py
[2022-07-22 22:00:33,404] {processor.py:654} INFO - DAG(s) dict_keys(['example_short_circuit_operator']) retrieved from /home/airflow/.local/lib/python3.7/site-packages/airflow/example_dags/example_short_circuit_operator.py
[2022-07-22 22:00:33,411] {logging_mixin.py:109} INFO - [2022-07-22 22:00:33,411] {dag.py:2396} INFO - Sync 1 DAGs
[2022-07-22 22:00:33,423] {logging_mixin.py:109} INFO - [2022-07-22 22:00:33,422] {dag.py:2935} INFO - Setting next_dagrun for example_short_circuit_operator to 2022-07-21T22:00:33.422740+00:00
[2022-07-22 22:00:33,429] {processor.py:171} INFO - Processing /home/airflow/.local/lib/python3.7/site-packages/airflow/example_dags/example_short_circuit_operator.py took 0.046 seconds
[2022-07-22 22:01:04,059] {processor.py:163} INFO - Started process (PID=568) to work on /home/airflow/.local/lib/python3.7/site-packages/airflow/example_dags/example_short_circuit_operator.py
[2022-07-22 22:01:04,060] {processor.py:642} INFO - Processing file /home/airflow/.local/lib/python3.7/site-packages/airflow/example_dags/example_short_circuit_operator.py for tasks to queue
[2022-07-22 22:01:04,060] {logging_mixin.py:109} INFO - [2022-07-22 22:01:04,060] {dagbag.py:500} INFO - Filling up the DagBag from /home/airflow/.local/lib/python3.7/site-packages/airflow/example_dags/example_short_circuit_operator.py
[2022-07-22 22:01:04,077] {processor.py:654} INFO - DAG(s) dict_keys(['example_short_circuit_operator']) retrieved from /home/airflow/.local/lib/python3.7/site-packages/airflow/example_dags/example_short_circuit_operator.py
[2022-07-22 22:01:04,083] {logging_mixin.py:109} INFO - [2022-07-22 22:01:04,083] {dag.py:2396} INFO - Sync 1 DAGs
[2022-07-22 22:01:04,094] {logging_mixin.py:109} INFO - [2022-07-22 22:01:04,094] {dag.py:2935} INFO - Setting next_dagrun for example_short_circuit_operator to 2022-07-21T22:01:04.094161+00:00
[2022-07-22 22:01:04,100] {processor.py:171} INFO - Processing /home/airflow/.local/lib/python3.7/site-packages/airflow/example_dags/example_short_circuit_operator.py took 0.043 seconds
[2022-07-22 22:01:34,736] {processor.py:163} INFO - Started process (PID=627) to work on /home/airflow/.local/lib/python3.7/site-packages/airflow/example_dags/example_short_circuit_operator.py
[2022-07-22 22:01:34,737] {processor.py:642} INFO - Processing file /home/airflow/.local/lib/python3.7/site-packages/airflow/example_dags/example_short_circuit_operator.py for tasks to queue
[2022-07-22 22:01:34,737] {logging_mixin.py:109} INFO - [2022-07-22 22:01:34,737] {dagbag.py:500} INFO - Filling up the DagBag from /home/airflow/.local/lib/python3.7/site-packages/airflow/example_dags/example_short_circuit_operator.py
[2022-07-22 22:01:34,757] {processor.py:654} INFO - DAG(s) dict_keys(['example_short_circuit_operator']) retrieved from /home/airflow/.local/lib/python3.7/site-packages/airflow/example_dags/example_short_circuit_operator.py
[2022-07-22 22:01:34,764] {logging_mixin.py:109} INFO - [2022-07-22 22:01:34,764] {dag.py:2396} INFO - Sync 1 DAGs
[2022-07-22 22:01:34,775] {logging_mixin.py:109} INFO - [2022-07-22 22:01:34,774] {dag.py:2935} INFO - Setting next_dagrun for example_short_circuit_operator to 2022-07-21T22:01:34.774749+00:00
[2022-07-22 22:01:34,781] {processor.py:171} INFO - Processing /home/airflow/.local/lib/python3.7/site-packages/airflow/example_dags/example_short_circuit_operator.py took 0.047 seconds
[2022-07-22 22:02:05,423] {processor.py:163} INFO - Started process (PID=677) to work on /home/airflow/.local/lib/python3.7/site-packages/airflow/example_dags/example_short_circuit_operator.py
[2022-07-22 22:02:05,424] {processor.py:642} INFO - Processing file /home/airflow/.local/lib/python3.7/site-packages/airflow/example_dags/example_short_circuit_operator.py for tasks to queue
[2022-07-22 22:02:05,424] {logging_mixin.py:109} INFO - [2022-07-22 22:02:05,424] {dagbag.py:500} INFO - Filling up the DagBag from /home/airflow/.local/lib/python3.7/site-packages/airflow/example_dags/example_short_circuit_operator.py
[2022-07-22 22:02:05,443] {processor.py:654} INFO - DAG(s) dict_keys(['example_short_circuit_operator']) retrieved from /home/airflow/.local/lib/python3.7/site-packages/airflow/example_dags/example_short_circuit_operator.py
[2022-07-22 22:02:05,451] {logging_mixin.py:109} INFO - [2022-07-22 22:02:05,451] {dag.py:2396} INFO - Sync 1 DAGs
[2022-07-22 22:02:05,462] {logging_mixin.py:109} INFO - [2022-07-22 22:02:05,462] {dag.py:2935} INFO - Setting next_dagrun for example_short_circuit_operator to 2022-07-21T22:02:05.462453+00:00
[2022-07-22 22:02:05,468] {processor.py:171} INFO - Processing /home/airflow/.local/lib/python3.7/site-packages/airflow/example_dags/example_short_circuit_operator.py took 0.047 seconds
[2022-07-22 22:02:36,003] {processor.py:163} INFO - Started process (PID=736) to work on /home/airflow/.local/lib/python3.7/site-packages/airflow/example_dags/example_short_circuit_operator.py
[2022-07-22 22:02:36,003] {processor.py:642} INFO - Processing file /home/airflow/.local/lib/python3.7/site-packages/airflow/example_dags/example_short_circuit_operator.py for tasks to queue
[2022-07-22 22:02:36,004] {logging_mixin.py:109} INFO - [2022-07-22 22:02:36,004] {dagbag.py:500} INFO - Filling up the DagBag from /home/airflow/.local/lib/python3.7/site-packages/airflow/example_dags/example_short_circuit_operator.py
[2022-07-22 22:02:36,022] {processor.py:654} INFO - DAG(s) dict_keys(['example_short_circuit_operator']) retrieved from /home/airflow/.local/lib/python3.7/site-packages/airflow/example_dags/example_short_circuit_operator.py
[2022-07-22 22:02:36,028] {logging_mixin.py:109} INFO - [2022-07-22 22:02:36,028] {dag.py:2396} INFO - Sync 1 DAGs
[2022-07-22 22:02:36,039] {logging_mixin.py:109} INFO - [2022-07-22 22:02:36,039] {dag.py:2935} INFO - Setting next_dagrun for example_short_circuit_operator to 2022-07-21T22:02:36.039361+00:00
[2022-07-22 22:02:36,045] {processor.py:171} INFO - Processing /home/airflow/.local/lib/python3.7/site-packages/airflow/example_dags/example_short_circuit_operator.py took 0.044 seconds
[2022-07-22 22:03:06,645] {processor.py:163} INFO - Started process (PID=786) to work on /home/airflow/.local/lib/python3.7/site-packages/airflow/example_dags/example_short_circuit_operator.py
[2022-07-22 22:03:06,646] {processor.py:642} INFO - Processing file /home/airflow/.local/lib/python3.7/site-packages/airflow/example_dags/example_short_circuit_operator.py for tasks to queue
[2022-07-22 22:03:06,646] {logging_mixin.py:109} INFO - [2022-07-22 22:03:06,646] {dagbag.py:500} INFO - Filling up the DagBag from /home/airflow/.local/lib/python3.7/site-packages/airflow/example_dags/example_short_circuit_operator.py
[2022-07-22 22:03:06,663] {processor.py:654} INFO - DAG(s) dict_keys(['example_short_circuit_operator']) retrieved from /home/airflow/.local/lib/python3.7/site-packages/airflow/example_dags/example_short_circuit_operator.py
[2022-07-22 22:03:06,670] {logging_mixin.py:109} INFO - [2022-07-22 22:03:06,670] {dag.py:2396} INFO - Sync 1 DAGs
[2022-07-22 22:03:06,680] {logging_mixin.py:109} INFO - [2022-07-22 22:03:06,680] {dag.py:2935} INFO - Setting next_dagrun for example_short_circuit_operator to 2022-07-21T22:03:06.680430+00:00
[2022-07-22 22:03:06,686] {processor.py:171} INFO - Processing /home/airflow/.local/lib/python3.7/site-packages/airflow/example_dags/example_short_circuit_operator.py took 0.043 seconds
[2022-07-22 22:03:37,235] {processor.py:163} INFO - Started process (PID=845) to work on /home/airflow/.local/lib/python3.7/site-packages/airflow/example_dags/example_short_circuit_operator.py
[2022-07-22 22:03:37,236] {processor.py:642} INFO - Processing file /home/airflow/.local/lib/python3.7/site-packages/airflow/example_dags/example_short_circuit_operator.py for tasks to queue
[2022-07-22 22:03:37,236] {logging_mixin.py:109} INFO - [2022-07-22 22:03:37,236] {dagbag.py:500} INFO - Filling up the DagBag from /home/airflow/.local/lib/python3.7/site-packages/airflow/example_dags/example_short_circuit_operator.py
[2022-07-22 22:03:37,253] {processor.py:654} INFO - DAG(s) dict_keys(['example_short_circuit_operator']) retrieved from /home/airflow/.local/lib/python3.7/site-packages/airflow/example_dags/example_short_circuit_operator.py
[2022-07-22 22:03:37,260] {logging_mixin.py:109} INFO - [2022-07-22 22:03:37,260] {dag.py:2396} INFO - Sync 1 DAGs
[2022-07-22 22:03:37,271] {logging_mixin.py:109} INFO - [2022-07-22 22:03:37,271] {dag.py:2935} INFO - Setting next_dagrun for example_short_circuit_operator to 2022-07-21T22:03:37.271022+00:00
[2022-07-22 22:03:37,277] {processor.py:171} INFO - Processing /home/airflow/.local/lib/python3.7/site-packages/airflow/example_dags/example_short_circuit_operator.py took 0.044 seconds
[2022-07-22 22:04:07,914] {processor.py:163} INFO - Started process (PID=895) to work on /home/airflow/.local/lib/python3.7/site-packages/airflow/example_dags/example_short_circuit_operator.py
[2022-07-22 22:04:07,915] {processor.py:642} INFO - Processing file /home/airflow/.local/lib/python3.7/site-packages/airflow/example_dags/example_short_circuit_operator.py for tasks to queue
[2022-07-22 22:04:07,915] {logging_mixin.py:109} INFO - [2022-07-22 22:04:07,915] {dagbag.py:500} INFO - Filling up the DagBag from /home/airflow/.local/lib/python3.7/site-packages/airflow/example_dags/example_short_circuit_operator.py
[2022-07-22 22:04:07,933] {processor.py:654} INFO - DAG(s) dict_keys(['example_short_circuit_operator']) retrieved from /home/airflow/.local/lib/python3.7/site-packages/airflow/example_dags/example_short_circuit_operator.py
[2022-07-22 22:04:07,941] {logging_mixin.py:109} INFO - [2022-07-22 22:04:07,941] {dag.py:2396} INFO - Sync 1 DAGs
[2022-07-22 22:04:07,953] {logging_mixin.py:109} INFO - [2022-07-22 22:04:07,953] {dag.py:2935} INFO - Setting next_dagrun for example_short_circuit_operator to 2022-07-21T22:04:07.952802+00:00
[2022-07-22 22:04:07,959] {processor.py:171} INFO - Processing /home/airflow/.local/lib/python3.7/site-packages/airflow/example_dags/example_short_circuit_operator.py took 0.046 seconds
[2022-07-22 22:04:38,681] {processor.py:163} INFO - Started process (PID=954) to work on /home/airflow/.local/lib/python3.7/site-packages/airflow/example_dags/example_short_circuit_operator.py
[2022-07-22 22:04:38,682] {processor.py:642} INFO - Processing file /home/airflow/.local/lib/python3.7/site-packages/airflow/example_dags/example_short_circuit_operator.py for tasks to queue
[2022-07-22 22:04:38,682] {logging_mixin.py:109} INFO - [2022-07-22 22:04:38,682] {dagbag.py:500} INFO - Filling up the DagBag from /home/airflow/.local/lib/python3.7/site-packages/airflow/example_dags/example_short_circuit_operator.py
[2022-07-22 22:04:38,700] {processor.py:654} INFO - DAG(s) dict_keys(['example_short_circuit_operator']) retrieved from /home/airflow/.local/lib/python3.7/site-packages/airflow/example_dags/example_short_circuit_operator.py
[2022-07-22 22:04:38,707] {logging_mixin.py:109} INFO - [2022-07-22 22:04:38,707] {dag.py:2396} INFO - Sync 1 DAGs
[2022-07-22 22:04:38,719] {logging_mixin.py:109} INFO - [2022-07-22 22:04:38,719] {dag.py:2935} INFO - Setting next_dagrun for example_short_circuit_operator to 2022-07-21T22:04:38.719597+00:00
[2022-07-22 22:04:38,726] {processor.py:171} INFO - Processing /home/airflow/.local/lib/python3.7/site-packages/airflow/example_dags/example_short_circuit_operator.py took 0.047 seconds
[2022-07-22 22:05:09,326] {processor.py:163} INFO - Started process (PID=1013) to work on /home/airflow/.local/lib/python3.7/site-packages/airflow/example_dags/example_short_circuit_operator.py
[2022-07-22 22:05:09,327] {processor.py:642} INFO - Processing file /home/airflow/.local/lib/python3.7/site-packages/airflow/example_dags/example_short_circuit_operator.py for tasks to queue
[2022-07-22 22:05:09,328] {logging_mixin.py:109} INFO - [2022-07-22 22:05:09,328] {dagbag.py:500} INFO - Filling up the DagBag from /home/airflow/.local/lib/python3.7/site-packages/airflow/example_dags/example_short_circuit_operator.py
[2022-07-22 22:05:09,348] {processor.py:654} INFO - DAG(s) dict_keys(['example_short_circuit_operator']) retrieved from /home/airflow/.local/lib/python3.7/site-packages/airflow/example_dags/example_short_circuit_operator.py
[2022-07-22 22:05:09,356] {logging_mixin.py:109} INFO - [2022-07-22 22:05:09,356] {dag.py:2396} INFO - Sync 1 DAGs
[2022-07-22 22:05:09,369] {logging_mixin.py:109} INFO - [2022-07-22 22:05:09,369] {dag.py:2935} INFO - Setting next_dagrun for example_short_circuit_operator to 2022-07-21T22:05:09.369590+00:00
[2022-07-22 22:05:09,376] {processor.py:171} INFO - Processing /home/airflow/.local/lib/python3.7/site-packages/airflow/example_dags/example_short_circuit_operator.py took 0.052 seconds
[2022-07-22 22:05:39,887] {processor.py:163} INFO - Started process (PID=1063) to work on /home/airflow/.local/lib/python3.7/site-packages/airflow/example_dags/example_short_circuit_operator.py
[2022-07-22 22:05:39,888] {processor.py:642} INFO - Processing file /home/airflow/.local/lib/python3.7/site-packages/airflow/example_dags/example_short_circuit_operator.py for tasks to queue
[2022-07-22 22:05:39,888] {logging_mixin.py:109} INFO - [2022-07-22 22:05:39,888] {dagbag.py:500} INFO - Filling up the DagBag from /home/airflow/.local/lib/python3.7/site-packages/airflow/example_dags/example_short_circuit_operator.py
[2022-07-22 22:05:39,907] {processor.py:654} INFO - DAG(s) dict_keys(['example_short_circuit_operator']) retrieved from /home/airflow/.local/lib/python3.7/site-packages/airflow/example_dags/example_short_circuit_operator.py
[2022-07-22 22:05:39,914] {logging_mixin.py:109} INFO - [2022-07-22 22:05:39,914] {dag.py:2396} INFO - Sync 1 DAGs
[2022-07-22 22:05:39,926] {logging_mixin.py:109} INFO - [2022-07-22 22:05:39,926] {dag.py:2935} INFO - Setting next_dagrun for example_short_circuit_operator to 2022-07-21T22:05:39.926256+00:00
[2022-07-22 22:05:39,933] {processor.py:171} INFO - Processing /home/airflow/.local/lib/python3.7/site-packages/airflow/example_dags/example_short_circuit_operator.py took 0.047 seconds
[2022-07-22 22:06:10,494] {processor.py:163} INFO - Started process (PID=1122) to work on /home/airflow/.local/lib/python3.7/site-packages/airflow/example_dags/example_short_circuit_operator.py
[2022-07-22 22:06:10,495] {processor.py:642} INFO - Processing file /home/airflow/.local/lib/python3.7/site-packages/airflow/example_dags/example_short_circuit_operator.py for tasks to queue
[2022-07-22 22:06:10,496] {logging_mixin.py:109} INFO - [2022-07-22 22:06:10,496] {dagbag.py:500} INFO - Filling up the DagBag from /home/airflow/.local/lib/python3.7/site-packages/airflow/example_dags/example_short_circuit_operator.py
[2022-07-22 22:06:10,514] {processor.py:654} INFO - DAG(s) dict_keys(['example_short_circuit_operator']) retrieved from /home/airflow/.local/lib/python3.7/site-packages/airflow/example_dags/example_short_circuit_operator.py
[2022-07-22 22:06:10,520] {logging_mixin.py:109} INFO - [2022-07-22 22:06:10,520] {dag.py:2396} INFO - Sync 1 DAGs
[2022-07-22 22:06:10,531] {logging_mixin.py:109} INFO - [2022-07-22 22:06:10,531] {dag.py:2935} INFO - Setting next_dagrun for example_short_circuit_operator to 2022-07-21T22:06:10.531610+00:00
[2022-07-22 22:06:10,537] {processor.py:171} INFO - Processing /home/airflow/.local/lib/python3.7/site-packages/airflow/example_dags/example_short_circuit_operator.py took 0.044 seconds
[2022-07-22 22:06:41,111] {processor.py:163} INFO - Started process (PID=1172) to work on /home/airflow/.local/lib/python3.7/site-packages/airflow/example_dags/example_short_circuit_operator.py
[2022-07-22 22:06:41,112] {processor.py:642} INFO - Processing file /home/airflow/.local/lib/python3.7/site-packages/airflow/example_dags/example_short_circuit_operator.py for tasks to queue
[2022-07-22 22:06:41,112] {logging_mixin.py:109} INFO - [2022-07-22 22:06:41,112] {dagbag.py:500} INFO - Filling up the DagBag from /home/airflow/.local/lib/python3.7/site-packages/airflow/example_dags/example_short_circuit_operator.py
[2022-07-22 22:06:41,129] {processor.py:654} INFO - DAG(s) dict_keys(['example_short_circuit_operator']) retrieved from /home/airflow/.local/lib/python3.7/site-packages/airflow/example_dags/example_short_circuit_operator.py
[2022-07-22 22:06:41,136] {logging_mixin.py:109} INFO - [2022-07-22 22:06:41,136] {dag.py:2396} INFO - Sync 1 DAGs
[2022-07-22 22:06:41,147] {logging_mixin.py:109} INFO - [2022-07-22 22:06:41,147] {dag.py:2935} INFO - Setting next_dagrun for example_short_circuit_operator to 2022-07-21T22:06:41.146897+00:00
[2022-07-22 22:06:41,153] {processor.py:171} INFO - Processing /home/airflow/.local/lib/python3.7/site-packages/airflow/example_dags/example_short_circuit_operator.py took 0.043 seconds
[2022-07-22 22:07:11,767] {processor.py:163} INFO - Started process (PID=1231) to work on /home/airflow/.local/lib/python3.7/site-packages/airflow/example_dags/example_short_circuit_operator.py
[2022-07-22 22:07:11,768] {processor.py:642} INFO - Processing file /home/airflow/.local/lib/python3.7/site-packages/airflow/example_dags/example_short_circuit_operator.py for tasks to queue
[2022-07-22 22:07:11,768] {logging_mixin.py:109} INFO - [2022-07-22 22:07:11,768] {dagbag.py:500} INFO - Filling up the DagBag from /home/airflow/.local/lib/python3.7/site-packages/airflow/example_dags/example_short_circuit_operator.py
[2022-07-22 22:07:11,786] {processor.py:654} INFO - DAG(s) dict_keys(['example_short_circuit_operator']) retrieved from /home/airflow/.local/lib/python3.7/site-packages/airflow/example_dags/example_short_circuit_operator.py
[2022-07-22 22:07:11,793] {logging_mixin.py:109} INFO - [2022-07-22 22:07:11,793] {dag.py:2396} INFO - Sync 1 DAGs
[2022-07-22 22:07:11,804] {logging_mixin.py:109} INFO - [2022-07-22 22:07:11,804] {dag.py:2935} INFO - Setting next_dagrun for example_short_circuit_operator to 2022-07-21T22:07:11.804631+00:00
[2022-07-22 22:07:11,810] {processor.py:171} INFO - Processing /home/airflow/.local/lib/python3.7/site-packages/airflow/example_dags/example_short_circuit_operator.py took 0.045 seconds
[2022-07-22 22:07:42,352] {processor.py:163} INFO - Started process (PID=1290) to work on /home/airflow/.local/lib/python3.7/site-packages/airflow/example_dags/example_short_circuit_operator.py
[2022-07-22 22:07:42,353] {processor.py:642} INFO - Processing file /home/airflow/.local/lib/python3.7/site-packages/airflow/example_dags/example_short_circuit_operator.py for tasks to queue
[2022-07-22 22:07:42,354] {logging_mixin.py:109} INFO - [2022-07-22 22:07:42,354] {dagbag.py:500} INFO - Filling up the DagBag from /home/airflow/.local/lib/python3.7/site-packages/airflow/example_dags/example_short_circuit_operator.py
[2022-07-22 22:07:42,372] {processor.py:654} INFO - DAG(s) dict_keys(['example_short_circuit_operator']) retrieved from /home/airflow/.local/lib/python3.7/site-packages/airflow/example_dags/example_short_circuit_operator.py
[2022-07-22 22:07:42,379] {logging_mixin.py:109} INFO - [2022-07-22 22:07:42,379] {dag.py:2396} INFO - Sync 1 DAGs
[2022-07-22 22:07:42,390] {logging_mixin.py:109} INFO - [2022-07-22 22:07:42,390] {dag.py:2935} INFO - Setting next_dagrun for example_short_circuit_operator to 2022-07-21T22:07:42.389824+00:00
[2022-07-22 22:07:42,396] {processor.py:171} INFO - Processing /home/airflow/.local/lib/python3.7/site-packages/airflow/example_dags/example_short_circuit_operator.py took 0.045 seconds
[2022-07-22 22:08:13,084] {processor.py:163} INFO - Started process (PID=1340) to work on /home/airflow/.local/lib/python3.7/site-packages/airflow/example_dags/example_short_circuit_operator.py
[2022-07-22 22:08:13,085] {processor.py:642} INFO - Processing file /home/airflow/.local/lib/python3.7/site-packages/airflow/example_dags/example_short_circuit_operator.py for tasks to queue
[2022-07-22 22:08:13,085] {logging_mixin.py:109} INFO - [2022-07-22 22:08:13,085] {dagbag.py:500} INFO - Filling up the DagBag from /home/airflow/.local/lib/python3.7/site-packages/airflow/example_dags/example_short_circuit_operator.py
[2022-07-22 22:08:13,107] {processor.py:654} INFO - DAG(s) dict_keys(['example_short_circuit_operator']) retrieved from /home/airflow/.local/lib/python3.7/site-packages/airflow/example_dags/example_short_circuit_operator.py
[2022-07-22 22:08:13,117] {logging_mixin.py:109} INFO - [2022-07-22 22:08:13,117] {dag.py:2396} INFO - Sync 1 DAGs
[2022-07-22 22:08:13,132] {logging_mixin.py:109} INFO - [2022-07-22 22:08:13,132] {dag.py:2935} INFO - Setting next_dagrun for example_short_circuit_operator to 2022-07-21T22:08:13.132011+00:00
[2022-07-22 22:08:13,139] {processor.py:171} INFO - Processing /home/airflow/.local/lib/python3.7/site-packages/airflow/example_dags/example_short_circuit_operator.py took 0.057 seconds
[2022-07-22 22:08:44,356] {processor.py:163} INFO - Started process (PID=1399) to work on /home/airflow/.local/lib/python3.7/site-packages/airflow/example_dags/example_short_circuit_operator.py
[2022-07-22 22:08:44,357] {processor.py:642} INFO - Processing file /home/airflow/.local/lib/python3.7/site-packages/airflow/example_dags/example_short_circuit_operator.py for tasks to queue
[2022-07-22 22:08:44,357] {logging_mixin.py:109} INFO - [2022-07-22 22:08:44,357] {dagbag.py:500} INFO - Filling up the DagBag from /home/airflow/.local/lib/python3.7/site-packages/airflow/example_dags/example_short_circuit_operator.py
[2022-07-22 22:08:44,385] {processor.py:654} INFO - DAG(s) dict_keys(['example_short_circuit_operator']) retrieved from /home/airflow/.local/lib/python3.7/site-packages/airflow/example_dags/example_short_circuit_operator.py
[2022-07-22 22:08:44,396] {logging_mixin.py:109} INFO - [2022-07-22 22:08:44,396] {dag.py:2396} INFO - Sync 1 DAGs
[2022-07-22 22:08:44,414] {logging_mixin.py:109} INFO - [2022-07-22 22:08:44,414] {dag.py:2935} INFO - Setting next_dagrun for example_short_circuit_operator to 2022-07-21T22:08:44.414036+00:00
[2022-07-22 22:08:44,423] {processor.py:171} INFO - Processing /home/airflow/.local/lib/python3.7/site-packages/airflow/example_dags/example_short_circuit_operator.py took 0.070 seconds
[2022-07-22 22:09:14,945] {processor.py:163} INFO - Started process (PID=1449) to work on /home/airflow/.local/lib/python3.7/site-packages/airflow/example_dags/example_short_circuit_operator.py
[2022-07-22 22:09:14,946] {processor.py:642} INFO - Processing file /home/airflow/.local/lib/python3.7/site-packages/airflow/example_dags/example_short_circuit_operator.py for tasks to queue
[2022-07-22 22:09:14,947] {logging_mixin.py:109} INFO - [2022-07-22 22:09:14,947] {dagbag.py:500} INFO - Filling up the DagBag from /home/airflow/.local/lib/python3.7/site-packages/airflow/example_dags/example_short_circuit_operator.py
[2022-07-22 22:09:14,972] {processor.py:654} INFO - DAG(s) dict_keys(['example_short_circuit_operator']) retrieved from /home/airflow/.local/lib/python3.7/site-packages/airflow/example_dags/example_short_circuit_operator.py
[2022-07-22 22:09:14,982] {logging_mixin.py:109} INFO - [2022-07-22 22:09:14,982] {dag.py:2396} INFO - Sync 1 DAGs
[2022-07-22 22:09:14,997] {logging_mixin.py:109} INFO - [2022-07-22 22:09:14,997] {dag.py:2935} INFO - Setting next_dagrun for example_short_circuit_operator to 2022-07-21T22:09:14.997584+00:00
[2022-07-22 22:09:15,005] {processor.py:171} INFO - Processing /home/airflow/.local/lib/python3.7/site-packages/airflow/example_dags/example_short_circuit_operator.py took 0.062 seconds
[2022-07-22 22:09:46,027] {processor.py:163} INFO - Started process (PID=1508) to work on /home/airflow/.local/lib/python3.7/site-packages/airflow/example_dags/example_short_circuit_operator.py
[2022-07-22 22:09:46,028] {processor.py:642} INFO - Processing file /home/airflow/.local/lib/python3.7/site-packages/airflow/example_dags/example_short_circuit_operator.py for tasks to queue
[2022-07-22 22:09:46,029] {logging_mixin.py:109} INFO - [2022-07-22 22:09:46,029] {dagbag.py:500} INFO - Filling up the DagBag from /home/airflow/.local/lib/python3.7/site-packages/airflow/example_dags/example_short_circuit_operator.py
[2022-07-22 22:09:46,048] {processor.py:654} INFO - DAG(s) dict_keys(['example_short_circuit_operator']) retrieved from /home/airflow/.local/lib/python3.7/site-packages/airflow/example_dags/example_short_circuit_operator.py
[2022-07-22 22:09:46,056] {logging_mixin.py:109} INFO - [2022-07-22 22:09:46,056] {dag.py:2396} INFO - Sync 1 DAGs
[2022-07-22 22:09:46,068] {logging_mixin.py:109} INFO - [2022-07-22 22:09:46,068] {dag.py:2935} INFO - Setting next_dagrun for example_short_circuit_operator to 2022-07-21T22:09:46.068305+00:00
[2022-07-22 22:09:46,075] {processor.py:171} INFO - Processing /home/airflow/.local/lib/python3.7/site-packages/airflow/example_dags/example_short_circuit_operator.py took 0.050 seconds
[2022-07-22 22:10:16,923] {processor.py:163} INFO - Started process (PID=1558) to work on /home/airflow/.local/lib/python3.7/site-packages/airflow/example_dags/example_short_circuit_operator.py
[2022-07-22 22:10:16,923] {processor.py:642} INFO - Processing file /home/airflow/.local/lib/python3.7/site-packages/airflow/example_dags/example_short_circuit_operator.py for tasks to queue
[2022-07-22 22:10:16,924] {logging_mixin.py:109} INFO - [2022-07-22 22:10:16,924] {dagbag.py:500} INFO - Filling up the DagBag from /home/airflow/.local/lib/python3.7/site-packages/airflow/example_dags/example_short_circuit_operator.py
[2022-07-22 22:10:16,942] {processor.py:654} INFO - DAG(s) dict_keys(['example_short_circuit_operator']) retrieved from /home/airflow/.local/lib/python3.7/site-packages/airflow/example_dags/example_short_circuit_operator.py
[2022-07-22 22:10:16,950] {logging_mixin.py:109} INFO - [2022-07-22 22:10:16,950] {dag.py:2396} INFO - Sync 1 DAGs
[2022-07-22 22:10:16,961] {logging_mixin.py:109} INFO - [2022-07-22 22:10:16,961] {dag.py:2935} INFO - Setting next_dagrun for example_short_circuit_operator to 2022-07-21T22:10:16.960943+00:00
[2022-07-22 22:10:16,967] {processor.py:171} INFO - Processing /home/airflow/.local/lib/python3.7/site-packages/airflow/example_dags/example_short_circuit_operator.py took 0.046 seconds
[2022-07-22 22:10:47,702] {processor.py:163} INFO - Started process (PID=1617) to work on /home/airflow/.local/lib/python3.7/site-packages/airflow/example_dags/example_short_circuit_operator.py
[2022-07-22 22:10:47,703] {processor.py:642} INFO - Processing file /home/airflow/.local/lib/python3.7/site-packages/airflow/example_dags/example_short_circuit_operator.py for tasks to queue
[2022-07-22 22:10:47,703] {logging_mixin.py:109} INFO - [2022-07-22 22:10:47,703] {dagbag.py:500} INFO - Filling up the DagBag from /home/airflow/.local/lib/python3.7/site-packages/airflow/example_dags/example_short_circuit_operator.py
[2022-07-22 22:10:47,722] {processor.py:654} INFO - DAG(s) dict_keys(['example_short_circuit_operator']) retrieved from /home/airflow/.local/lib/python3.7/site-packages/airflow/example_dags/example_short_circuit_operator.py
[2022-07-22 22:10:47,730] {logging_mixin.py:109} INFO - [2022-07-22 22:10:47,730] {dag.py:2396} INFO - Sync 1 DAGs
[2022-07-22 22:10:47,743] {logging_mixin.py:109} INFO - [2022-07-22 22:10:47,743] {dag.py:2935} INFO - Setting next_dagrun for example_short_circuit_operator to 2022-07-21T22:10:47.742772+00:00
[2022-07-22 22:10:47,749] {processor.py:171} INFO - Processing /home/airflow/.local/lib/python3.7/site-packages/airflow/example_dags/example_short_circuit_operator.py took 0.049 seconds
[2022-07-22 22:11:18,508] {processor.py:163} INFO - Started process (PID=1676) to work on /home/airflow/.local/lib/python3.7/site-packages/airflow/example_dags/example_short_circuit_operator.py
[2022-07-22 22:11:18,509] {processor.py:642} INFO - Processing file /home/airflow/.local/lib/python3.7/site-packages/airflow/example_dags/example_short_circuit_operator.py for tasks to queue
[2022-07-22 22:11:18,510] {logging_mixin.py:109} INFO - [2022-07-22 22:11:18,509] {dagbag.py:500} INFO - Filling up the DagBag from /home/airflow/.local/lib/python3.7/site-packages/airflow/example_dags/example_short_circuit_operator.py
[2022-07-22 22:11:18,529] {processor.py:654} INFO - DAG(s) dict_keys(['example_short_circuit_operator']) retrieved from /home/airflow/.local/lib/python3.7/site-packages/airflow/example_dags/example_short_circuit_operator.py
[2022-07-22 22:11:18,536] {logging_mixin.py:109} INFO - [2022-07-22 22:11:18,536] {dag.py:2396} INFO - Sync 1 DAGs
[2022-07-22 22:11:18,548] {logging_mixin.py:109} INFO - [2022-07-22 22:11:18,548] {dag.py:2935} INFO - Setting next_dagrun for example_short_circuit_operator to 2022-07-21T22:11:18.548471+00:00
[2022-07-22 22:11:18,555] {processor.py:171} INFO - Processing /home/airflow/.local/lib/python3.7/site-packages/airflow/example_dags/example_short_circuit_operator.py took 0.048 seconds
[2022-07-22 22:11:49,236] {processor.py:163} INFO - Started process (PID=1726) to work on /home/airflow/.local/lib/python3.7/site-packages/airflow/example_dags/example_short_circuit_operator.py
[2022-07-22 22:11:49,237] {processor.py:642} INFO - Processing file /home/airflow/.local/lib/python3.7/site-packages/airflow/example_dags/example_short_circuit_operator.py for tasks to queue
[2022-07-22 22:11:49,237] {logging_mixin.py:109} INFO - [2022-07-22 22:11:49,237] {dagbag.py:500} INFO - Filling up the DagBag from /home/airflow/.local/lib/python3.7/site-packages/airflow/example_dags/example_short_circuit_operator.py
[2022-07-22 22:11:49,258] {processor.py:654} INFO - DAG(s) dict_keys(['example_short_circuit_operator']) retrieved from /home/airflow/.local/lib/python3.7/site-packages/airflow/example_dags/example_short_circuit_operator.py
[2022-07-22 22:11:49,266] {logging_mixin.py:109} INFO - [2022-07-22 22:11:49,266] {dag.py:2396} INFO - Sync 1 DAGs
[2022-07-22 22:11:49,280] {logging_mixin.py:109} INFO - [2022-07-22 22:11:49,280] {dag.py:2935} INFO - Setting next_dagrun for example_short_circuit_operator to 2022-07-21T22:11:49.280040+00:00
[2022-07-22 22:11:49,287] {processor.py:171} INFO - Processing /home/airflow/.local/lib/python3.7/site-packages/airflow/example_dags/example_short_circuit_operator.py took 0.053 seconds
[2022-07-22 22:12:20,202] {processor.py:163} INFO - Started process (PID=1785) to work on /home/airflow/.local/lib/python3.7/site-packages/airflow/example_dags/example_short_circuit_operator.py
[2022-07-22 22:12:20,203] {processor.py:642} INFO - Processing file /home/airflow/.local/lib/python3.7/site-packages/airflow/example_dags/example_short_circuit_operator.py for tasks to queue
[2022-07-22 22:12:20,203] {logging_mixin.py:109} INFO - [2022-07-22 22:12:20,203] {dagbag.py:500} INFO - Filling up the DagBag from /home/airflow/.local/lib/python3.7/site-packages/airflow/example_dags/example_short_circuit_operator.py
[2022-07-22 22:12:20,222] {processor.py:654} INFO - DAG(s) dict_keys(['example_short_circuit_operator']) retrieved from /home/airflow/.local/lib/python3.7/site-packages/airflow/example_dags/example_short_circuit_operator.py
[2022-07-22 22:12:20,230] {logging_mixin.py:109} INFO - [2022-07-22 22:12:20,230] {dag.py:2396} INFO - Sync 1 DAGs
[2022-07-22 22:12:20,243] {logging_mixin.py:109} INFO - [2022-07-22 22:12:20,243] {dag.py:2935} INFO - Setting next_dagrun for example_short_circuit_operator to 2022-07-21T22:12:20.243170+00:00
[2022-07-22 22:12:20,250] {processor.py:171} INFO - Processing /home/airflow/.local/lib/python3.7/site-packages/airflow/example_dags/example_short_circuit_operator.py took 0.050 seconds
[2022-07-22 22:12:51,066] {processor.py:163} INFO - Started process (PID=1835) to work on /home/airflow/.local/lib/python3.7/site-packages/airflow/example_dags/example_short_circuit_operator.py
[2022-07-22 22:12:51,067] {processor.py:642} INFO - Processing file /home/airflow/.local/lib/python3.7/site-packages/airflow/example_dags/example_short_circuit_operator.py for tasks to queue
[2022-07-22 22:12:51,067] {logging_mixin.py:109} INFO - [2022-07-22 22:12:51,067] {dagbag.py:500} INFO - Filling up the DagBag from /home/airflow/.local/lib/python3.7/site-packages/airflow/example_dags/example_short_circuit_operator.py
[2022-07-22 22:12:51,096] {processor.py:654} INFO - DAG(s) dict_keys(['example_short_circuit_operator']) retrieved from /home/airflow/.local/lib/python3.7/site-packages/airflow/example_dags/example_short_circuit_operator.py
[2022-07-22 22:12:51,104] {logging_mixin.py:109} INFO - [2022-07-22 22:12:51,104] {dag.py:2396} INFO - Sync 1 DAGs
[2022-07-22 22:12:51,115] {logging_mixin.py:109} INFO - [2022-07-22 22:12:51,115] {dag.py:2935} INFO - Setting next_dagrun for example_short_circuit_operator to 2022-07-21T22:12:51.115371+00:00
[2022-07-22 22:12:51,121] {processor.py:171} INFO - Processing /home/airflow/.local/lib/python3.7/site-packages/airflow/example_dags/example_short_circuit_operator.py took 0.058 seconds
[2022-07-22 22:13:21,883] {processor.py:163} INFO - Started process (PID=1894) to work on /home/airflow/.local/lib/python3.7/site-packages/airflow/example_dags/example_short_circuit_operator.py
[2022-07-22 22:13:21,884] {processor.py:642} INFO - Processing file /home/airflow/.local/lib/python3.7/site-packages/airflow/example_dags/example_short_circuit_operator.py for tasks to queue
[2022-07-22 22:13:21,885] {logging_mixin.py:109} INFO - [2022-07-22 22:13:21,885] {dagbag.py:500} INFO - Filling up the DagBag from /home/airflow/.local/lib/python3.7/site-packages/airflow/example_dags/example_short_circuit_operator.py
[2022-07-22 22:13:21,904] {processor.py:654} INFO - DAG(s) dict_keys(['example_short_circuit_operator']) retrieved from /home/airflow/.local/lib/python3.7/site-packages/airflow/example_dags/example_short_circuit_operator.py
[2022-07-22 22:13:21,911] {logging_mixin.py:109} INFO - [2022-07-22 22:13:21,911] {dag.py:2396} INFO - Sync 1 DAGs
[2022-07-22 22:13:21,922] {logging_mixin.py:109} INFO - [2022-07-22 22:13:21,922] {dag.py:2935} INFO - Setting next_dagrun for example_short_circuit_operator to 2022-07-21T22:13:21.922213+00:00
[2022-07-22 22:13:21,928] {processor.py:171} INFO - Processing /home/airflow/.local/lib/python3.7/site-packages/airflow/example_dags/example_short_circuit_operator.py took 0.047 seconds
[2022-07-22 22:13:52,392] {processor.py:163} INFO - Started process (PID=1944) to work on /home/airflow/.local/lib/python3.7/site-packages/airflow/example_dags/example_short_circuit_operator.py
[2022-07-22 22:13:52,392] {processor.py:642} INFO - Processing file /home/airflow/.local/lib/python3.7/site-packages/airflow/example_dags/example_short_circuit_operator.py for tasks to queue
[2022-07-22 22:13:52,393] {logging_mixin.py:109} INFO - [2022-07-22 22:13:52,393] {dagbag.py:500} INFO - Filling up the DagBag from /home/airflow/.local/lib/python3.7/site-packages/airflow/example_dags/example_short_circuit_operator.py
[2022-07-22 22:13:52,410] {processor.py:654} INFO - DAG(s) dict_keys(['example_short_circuit_operator']) retrieved from /home/airflow/.local/lib/python3.7/site-packages/airflow/example_dags/example_short_circuit_operator.py
[2022-07-22 22:13:52,417] {logging_mixin.py:109} INFO - [2022-07-22 22:13:52,417] {dag.py:2396} INFO - Sync 1 DAGs
[2022-07-22 22:13:52,428] {logging_mixin.py:109} INFO - [2022-07-22 22:13:52,428] {dag.py:2935} INFO - Setting next_dagrun for example_short_circuit_operator to 2022-07-21T22:13:52.428272+00:00
[2022-07-22 22:13:52,434] {processor.py:171} INFO - Processing /home/airflow/.local/lib/python3.7/site-packages/airflow/example_dags/example_short_circuit_operator.py took 0.044 seconds
[2022-07-22 22:14:23,196] {processor.py:163} INFO - Started process (PID=2003) to work on /home/airflow/.local/lib/python3.7/site-packages/airflow/example_dags/example_short_circuit_operator.py
[2022-07-22 22:14:23,197] {processor.py:642} INFO - Processing file /home/airflow/.local/lib/python3.7/site-packages/airflow/example_dags/example_short_circuit_operator.py for tasks to queue
[2022-07-22 22:14:23,197] {logging_mixin.py:109} INFO - [2022-07-22 22:14:23,197] {dagbag.py:500} INFO - Filling up the DagBag from /home/airflow/.local/lib/python3.7/site-packages/airflow/example_dags/example_short_circuit_operator.py
[2022-07-22 22:14:23,216] {processor.py:654} INFO - DAG(s) dict_keys(['example_short_circuit_operator']) retrieved from /home/airflow/.local/lib/python3.7/site-packages/airflow/example_dags/example_short_circuit_operator.py
[2022-07-22 22:14:23,222] {logging_mixin.py:109} INFO - [2022-07-22 22:14:23,222] {dag.py:2396} INFO - Sync 1 DAGs
[2022-07-22 22:14:23,233] {logging_mixin.py:109} INFO - [2022-07-22 22:14:23,233] {dag.py:2935} INFO - Setting next_dagrun for example_short_circuit_operator to 2022-07-21T22:14:23.233237+00:00
[2022-07-22 22:14:23,239] {processor.py:171} INFO - Processing /home/airflow/.local/lib/python3.7/site-packages/airflow/example_dags/example_short_circuit_operator.py took 0.045 seconds
[2022-07-22 22:14:53,716] {processor.py:163} INFO - Started process (PID=2063) to work on /home/airflow/.local/lib/python3.7/site-packages/airflow/example_dags/example_short_circuit_operator.py
[2022-07-22 22:14:53,717] {processor.py:642} INFO - Processing file /home/airflow/.local/lib/python3.7/site-packages/airflow/example_dags/example_short_circuit_operator.py for tasks to queue
[2022-07-22 22:14:53,717] {logging_mixin.py:109} INFO - [2022-07-22 22:14:53,717] {dagbag.py:500} INFO - Filling up the DagBag from /home/airflow/.local/lib/python3.7/site-packages/airflow/example_dags/example_short_circuit_operator.py
[2022-07-22 22:14:53,735] {processor.py:654} INFO - DAG(s) dict_keys(['example_short_circuit_operator']) retrieved from /home/airflow/.local/lib/python3.7/site-packages/airflow/example_dags/example_short_circuit_operator.py
[2022-07-22 22:14:53,743] {logging_mixin.py:109} INFO - [2022-07-22 22:14:53,743] {dag.py:2396} INFO - Sync 1 DAGs
[2022-07-22 22:14:53,754] {logging_mixin.py:109} INFO - [2022-07-22 22:14:53,754] {dag.py:2935} INFO - Setting next_dagrun for example_short_circuit_operator to 2022-07-21T22:14:53.754032+00:00
[2022-07-22 22:14:53,760] {processor.py:171} INFO - Processing /home/airflow/.local/lib/python3.7/site-packages/airflow/example_dags/example_short_circuit_operator.py took 0.045 seconds
[2022-07-22 22:15:24,312] {processor.py:163} INFO - Started process (PID=2113) to work on /home/airflow/.local/lib/python3.7/site-packages/airflow/example_dags/example_short_circuit_operator.py
[2022-07-22 22:15:24,312] {processor.py:642} INFO - Processing file /home/airflow/.local/lib/python3.7/site-packages/airflow/example_dags/example_short_circuit_operator.py for tasks to queue
[2022-07-22 22:15:24,313] {logging_mixin.py:109} INFO - [2022-07-22 22:15:24,313] {dagbag.py:500} INFO - Filling up the DagBag from /home/airflow/.local/lib/python3.7/site-packages/airflow/example_dags/example_short_circuit_operator.py
[2022-07-22 22:15:24,331] {processor.py:654} INFO - DAG(s) dict_keys(['example_short_circuit_operator']) retrieved from /home/airflow/.local/lib/python3.7/site-packages/airflow/example_dags/example_short_circuit_operator.py
[2022-07-22 22:15:24,338] {logging_mixin.py:109} INFO - [2022-07-22 22:15:24,338] {dag.py:2396} INFO - Sync 1 DAGs
[2022-07-22 22:15:24,349] {logging_mixin.py:109} INFO - [2022-07-22 22:15:24,349] {dag.py:2935} INFO - Setting next_dagrun for example_short_circuit_operator to 2022-07-21T22:15:24.349658+00:00
[2022-07-22 22:15:24,355] {processor.py:171} INFO - Processing /home/airflow/.local/lib/python3.7/site-packages/airflow/example_dags/example_short_circuit_operator.py took 0.046 seconds
[2022-07-22 22:15:55,012] {processor.py:163} INFO - Started process (PID=2172) to work on /home/airflow/.local/lib/python3.7/site-packages/airflow/example_dags/example_short_circuit_operator.py
[2022-07-22 22:15:55,013] {processor.py:642} INFO - Processing file /home/airflow/.local/lib/python3.7/site-packages/airflow/example_dags/example_short_circuit_operator.py for tasks to queue
[2022-07-22 22:15:55,013] {logging_mixin.py:109} INFO - [2022-07-22 22:15:55,013] {dagbag.py:500} INFO - Filling up the DagBag from /home/airflow/.local/lib/python3.7/site-packages/airflow/example_dags/example_short_circuit_operator.py
[2022-07-22 22:15:55,032] {processor.py:654} INFO - DAG(s) dict_keys(['example_short_circuit_operator']) retrieved from /home/airflow/.local/lib/python3.7/site-packages/airflow/example_dags/example_short_circuit_operator.py
[2022-07-22 22:15:55,039] {logging_mixin.py:109} INFO - [2022-07-22 22:15:55,039] {dag.py:2396} INFO - Sync 1 DAGs
[2022-07-22 22:15:55,050] {logging_mixin.py:109} INFO - [2022-07-22 22:15:55,050] {dag.py:2935} INFO - Setting next_dagrun for example_short_circuit_operator to 2022-07-21T22:15:55.050290+00:00
[2022-07-22 22:15:55,056] {processor.py:171} INFO - Processing /home/airflow/.local/lib/python3.7/site-packages/airflow/example_dags/example_short_circuit_operator.py took 0.046 seconds
[2022-07-22 22:16:25,656] {processor.py:163} INFO - Started process (PID=2222) to work on /home/airflow/.local/lib/python3.7/site-packages/airflow/example_dags/example_short_circuit_operator.py
[2022-07-22 22:16:25,657] {processor.py:642} INFO - Processing file /home/airflow/.local/lib/python3.7/site-packages/airflow/example_dags/example_short_circuit_operator.py for tasks to queue
[2022-07-22 22:16:25,657] {logging_mixin.py:109} INFO - [2022-07-22 22:16:25,657] {dagbag.py:500} INFO - Filling up the DagBag from /home/airflow/.local/lib/python3.7/site-packages/airflow/example_dags/example_short_circuit_operator.py
[2022-07-22 22:16:25,677] {processor.py:654} INFO - DAG(s) dict_keys(['example_short_circuit_operator']) retrieved from /home/airflow/.local/lib/python3.7/site-packages/airflow/example_dags/example_short_circuit_operator.py
[2022-07-22 22:16:25,684] {logging_mixin.py:109} INFO - [2022-07-22 22:16:25,684] {dag.py:2396} INFO - Sync 1 DAGs
[2022-07-22 22:16:25,696] {logging_mixin.py:109} INFO - [2022-07-22 22:16:25,696] {dag.py:2935} INFO - Setting next_dagrun for example_short_circuit_operator to 2022-07-21T22:16:25.695965+00:00
[2022-07-22 22:16:25,702] {processor.py:171} INFO - Processing /home/airflow/.local/lib/python3.7/site-packages/airflow/example_dags/example_short_circuit_operator.py took 0.048 seconds
[2022-07-22 22:16:56,014] {processor.py:163} INFO - Started process (PID=2281) to work on /home/airflow/.local/lib/python3.7/site-packages/airflow/example_dags/example_short_circuit_operator.py
[2022-07-22 22:16:56,014] {processor.py:642} INFO - Processing file /home/airflow/.local/lib/python3.7/site-packages/airflow/example_dags/example_short_circuit_operator.py for tasks to queue
[2022-07-22 22:16:56,015] {logging_mixin.py:109} INFO - [2022-07-22 22:16:56,014] {dagbag.py:500} INFO - Filling up the DagBag from /home/airflow/.local/lib/python3.7/site-packages/airflow/example_dags/example_short_circuit_operator.py
[2022-07-22 22:16:56,035] {processor.py:654} INFO - DAG(s) dict_keys(['example_short_circuit_operator']) retrieved from /home/airflow/.local/lib/python3.7/site-packages/airflow/example_dags/example_short_circuit_operator.py
[2022-07-22 22:16:56,044] {logging_mixin.py:109} INFO - [2022-07-22 22:16:56,044] {dag.py:2396} INFO - Sync 1 DAGs
[2022-07-22 22:16:56,060] {logging_mixin.py:109} INFO - [2022-07-22 22:16:56,059] {dag.py:2935} INFO - Setting next_dagrun for example_short_circuit_operator to 2022-07-21T22:16:56.059639+00:00
[2022-07-22 22:16:56,067] {processor.py:171} INFO - Processing /home/airflow/.local/lib/python3.7/site-packages/airflow/example_dags/example_short_circuit_operator.py took 0.056 seconds
[2022-07-22 22:17:26,701] {processor.py:163} INFO - Started process (PID=2340) to work on /home/airflow/.local/lib/python3.7/site-packages/airflow/example_dags/example_short_circuit_operator.py
[2022-07-22 22:17:26,701] {processor.py:642} INFO - Processing file /home/airflow/.local/lib/python3.7/site-packages/airflow/example_dags/example_short_circuit_operator.py for tasks to queue
[2022-07-22 22:17:26,702] {logging_mixin.py:109} INFO - [2022-07-22 22:17:26,702] {dagbag.py:500} INFO - Filling up the DagBag from /home/airflow/.local/lib/python3.7/site-packages/airflow/example_dags/example_short_circuit_operator.py
[2022-07-22 22:17:26,722] {processor.py:654} INFO - DAG(s) dict_keys(['example_short_circuit_operator']) retrieved from /home/airflow/.local/lib/python3.7/site-packages/airflow/example_dags/example_short_circuit_operator.py
[2022-07-22 22:17:26,731] {logging_mixin.py:109} INFO - [2022-07-22 22:17:26,731] {dag.py:2396} INFO - Sync 1 DAGs
[2022-07-22 22:17:26,745] {logging_mixin.py:109} INFO - [2022-07-22 22:17:26,745] {dag.py:2935} INFO - Setting next_dagrun for example_short_circuit_operator to 2022-07-21T22:17:26.744986+00:00
[2022-07-22 22:17:26,753] {processor.py:171} INFO - Processing /home/airflow/.local/lib/python3.7/site-packages/airflow/example_dags/example_short_circuit_operator.py took 0.055 seconds
[2022-07-22 22:17:57,529] {processor.py:163} INFO - Started process (PID=2390) to work on /home/airflow/.local/lib/python3.7/site-packages/airflow/example_dags/example_short_circuit_operator.py
[2022-07-22 22:17:57,530] {processor.py:642} INFO - Processing file /home/airflow/.local/lib/python3.7/site-packages/airflow/example_dags/example_short_circuit_operator.py for tasks to queue
[2022-07-22 22:17:57,530] {logging_mixin.py:109} INFO - [2022-07-22 22:17:57,530] {dagbag.py:500} INFO - Filling up the DagBag from /home/airflow/.local/lib/python3.7/site-packages/airflow/example_dags/example_short_circuit_operator.py
[2022-07-22 22:17:57,577] {processor.py:654} INFO - DAG(s) dict_keys(['example_short_circuit_operator']) retrieved from /home/airflow/.local/lib/python3.7/site-packages/airflow/example_dags/example_short_circuit_operator.py
[2022-07-22 22:17:57,586] {logging_mixin.py:109} INFO - [2022-07-22 22:17:57,586] {dag.py:2396} INFO - Sync 1 DAGs
[2022-07-22 22:17:57,601] {logging_mixin.py:109} INFO - [2022-07-22 22:17:57,601] {dag.py:2935} INFO - Setting next_dagrun for example_short_circuit_operator to 2022-07-21T22:17:57.601490+00:00
[2022-07-22 22:17:57,609] {processor.py:171} INFO - Processing /home/airflow/.local/lib/python3.7/site-packages/airflow/example_dags/example_short_circuit_operator.py took 0.081 seconds
[2022-07-22 22:18:28,156] {processor.py:163} INFO - Started process (PID=2449) to work on /home/airflow/.local/lib/python3.7/site-packages/airflow/example_dags/example_short_circuit_operator.py
[2022-07-22 22:18:28,157] {processor.py:642} INFO - Processing file /home/airflow/.local/lib/python3.7/site-packages/airflow/example_dags/example_short_circuit_operator.py for tasks to queue
[2022-07-22 22:18:28,157] {logging_mixin.py:109} INFO - [2022-07-22 22:18:28,157] {dagbag.py:500} INFO - Filling up the DagBag from /home/airflow/.local/lib/python3.7/site-packages/airflow/example_dags/example_short_circuit_operator.py
[2022-07-22 22:18:28,174] {processor.py:654} INFO - DAG(s) dict_keys(['example_short_circuit_operator']) retrieved from /home/airflow/.local/lib/python3.7/site-packages/airflow/example_dags/example_short_circuit_operator.py
[2022-07-22 22:18:28,181] {logging_mixin.py:109} INFO - [2022-07-22 22:18:28,181] {dag.py:2396} INFO - Sync 1 DAGs
[2022-07-22 22:18:28,192] {logging_mixin.py:109} INFO - [2022-07-22 22:18:28,192] {dag.py:2935} INFO - Setting next_dagrun for example_short_circuit_operator to 2022-07-21T22:18:28.191818+00:00
[2022-07-22 22:18:28,198] {processor.py:171} INFO - Processing /home/airflow/.local/lib/python3.7/site-packages/airflow/example_dags/example_short_circuit_operator.py took 0.043 seconds
[2022-07-22 22:18:59,116] {processor.py:163} INFO - Started process (PID=2499) to work on /home/airflow/.local/lib/python3.7/site-packages/airflow/example_dags/example_short_circuit_operator.py
[2022-07-22 22:18:59,116] {processor.py:642} INFO - Processing file /home/airflow/.local/lib/python3.7/site-packages/airflow/example_dags/example_short_circuit_operator.py for tasks to queue
[2022-07-22 22:18:59,117] {logging_mixin.py:109} INFO - [2022-07-22 22:18:59,117] {dagbag.py:500} INFO - Filling up the DagBag from /home/airflow/.local/lib/python3.7/site-packages/airflow/example_dags/example_short_circuit_operator.py
[2022-07-22 22:18:59,136] {processor.py:654} INFO - DAG(s) dict_keys(['example_short_circuit_operator']) retrieved from /home/airflow/.local/lib/python3.7/site-packages/airflow/example_dags/example_short_circuit_operator.py
[2022-07-22 22:18:59,144] {logging_mixin.py:109} INFO - [2022-07-22 22:18:59,144] {dag.py:2396} INFO - Sync 1 DAGs
[2022-07-22 22:18:59,157] {logging_mixin.py:109} INFO - [2022-07-22 22:18:59,157] {dag.py:2935} INFO - Setting next_dagrun for example_short_circuit_operator to 2022-07-21T22:18:59.157195+00:00
[2022-07-22 22:18:59,165] {processor.py:171} INFO - Processing /home/airflow/.local/lib/python3.7/site-packages/airflow/example_dags/example_short_circuit_operator.py took 0.051 seconds
[2022-07-22 22:19:29,874] {processor.py:163} INFO - Started process (PID=2558) to work on /home/airflow/.local/lib/python3.7/site-packages/airflow/example_dags/example_short_circuit_operator.py
[2022-07-22 22:19:29,875] {processor.py:642} INFO - Processing file /home/airflow/.local/lib/python3.7/site-packages/airflow/example_dags/example_short_circuit_operator.py for tasks to queue
[2022-07-22 22:19:29,875] {logging_mixin.py:109} INFO - [2022-07-22 22:19:29,875] {dagbag.py:500} INFO - Filling up the DagBag from /home/airflow/.local/lib/python3.7/site-packages/airflow/example_dags/example_short_circuit_operator.py
[2022-07-22 22:19:29,893] {processor.py:654} INFO - DAG(s) dict_keys(['example_short_circuit_operator']) retrieved from /home/airflow/.local/lib/python3.7/site-packages/airflow/example_dags/example_short_circuit_operator.py
[2022-07-22 22:19:29,900] {logging_mixin.py:109} INFO - [2022-07-22 22:19:29,900] {dag.py:2396} INFO - Sync 1 DAGs
[2022-07-22 22:19:29,911] {logging_mixin.py:109} INFO - [2022-07-22 22:19:29,911] {dag.py:2935} INFO - Setting next_dagrun for example_short_circuit_operator to 2022-07-21T22:19:29.911018+00:00
[2022-07-22 22:19:29,916] {processor.py:171} INFO - Processing /home/airflow/.local/lib/python3.7/site-packages/airflow/example_dags/example_short_circuit_operator.py took 0.044 seconds
[2022-07-22 22:20:00,706] {processor.py:163} INFO - Started process (PID=2617) to work on /home/airflow/.local/lib/python3.7/site-packages/airflow/example_dags/example_short_circuit_operator.py
[2022-07-22 22:20:00,706] {processor.py:642} INFO - Processing file /home/airflow/.local/lib/python3.7/site-packages/airflow/example_dags/example_short_circuit_operator.py for tasks to queue
[2022-07-22 22:20:00,707] {logging_mixin.py:109} INFO - [2022-07-22 22:20:00,707] {dagbag.py:500} INFO - Filling up the DagBag from /home/airflow/.local/lib/python3.7/site-packages/airflow/example_dags/example_short_circuit_operator.py
[2022-07-22 22:20:00,725] {processor.py:654} INFO - DAG(s) dict_keys(['example_short_circuit_operator']) retrieved from /home/airflow/.local/lib/python3.7/site-packages/airflow/example_dags/example_short_circuit_operator.py
[2022-07-22 22:20:00,733] {logging_mixin.py:109} INFO - [2022-07-22 22:20:00,733] {dag.py:2396} INFO - Sync 1 DAGs
[2022-07-22 22:20:00,744] {logging_mixin.py:109} INFO - [2022-07-22 22:20:00,744] {dag.py:2935} INFO - Setting next_dagrun for example_short_circuit_operator to 2022-07-21T22:20:00.744514+00:00
[2022-07-22 22:20:00,750] {processor.py:171} INFO - Processing /home/airflow/.local/lib/python3.7/site-packages/airflow/example_dags/example_short_circuit_operator.py took 0.046 seconds
[2022-07-22 22:20:30,987] {processor.py:163} INFO - Started process (PID=2667) to work on /home/airflow/.local/lib/python3.7/site-packages/airflow/example_dags/example_short_circuit_operator.py
[2022-07-22 22:20:30,988] {processor.py:642} INFO - Processing file /home/airflow/.local/lib/python3.7/site-packages/airflow/example_dags/example_short_circuit_operator.py for tasks to queue
[2022-07-22 22:20:30,988] {logging_mixin.py:109} INFO - [2022-07-22 22:20:30,988] {dagbag.py:500} INFO - Filling up the DagBag from /home/airflow/.local/lib/python3.7/site-packages/airflow/example_dags/example_short_circuit_operator.py
[2022-07-22 22:20:31,005] {processor.py:654} INFO - DAG(s) dict_keys(['example_short_circuit_operator']) retrieved from /home/airflow/.local/lib/python3.7/site-packages/airflow/example_dags/example_short_circuit_operator.py
[2022-07-22 22:20:31,012] {logging_mixin.py:109} INFO - [2022-07-22 22:20:31,012] {dag.py:2396} INFO - Sync 1 DAGs
[2022-07-22 22:20:31,024] {logging_mixin.py:109} INFO - [2022-07-22 22:20:31,024] {dag.py:2935} INFO - Setting next_dagrun for example_short_circuit_operator to 2022-07-21T22:20:31.023870+00:00
[2022-07-22 22:20:31,096] {processor.py:171} INFO - Processing /home/airflow/.local/lib/python3.7/site-packages/airflow/example_dags/example_short_circuit_operator.py took 0.111 seconds
[2022-07-22 22:21:01,354] {processor.py:163} INFO - Started process (PID=2726) to work on /home/airflow/.local/lib/python3.7/site-packages/airflow/example_dags/example_short_circuit_operator.py
[2022-07-22 22:21:01,355] {processor.py:642} INFO - Processing file /home/airflow/.local/lib/python3.7/site-packages/airflow/example_dags/example_short_circuit_operator.py for tasks to queue
[2022-07-22 22:21:01,355] {logging_mixin.py:109} INFO - [2022-07-22 22:21:01,355] {dagbag.py:500} INFO - Filling up the DagBag from /home/airflow/.local/lib/python3.7/site-packages/airflow/example_dags/example_short_circuit_operator.py
[2022-07-22 22:21:01,373] {processor.py:654} INFO - DAG(s) dict_keys(['example_short_circuit_operator']) retrieved from /home/airflow/.local/lib/python3.7/site-packages/airflow/example_dags/example_short_circuit_operator.py
[2022-07-22 22:21:01,380] {logging_mixin.py:109} INFO - [2022-07-22 22:21:01,380] {dag.py:2396} INFO - Sync 1 DAGs
[2022-07-22 22:21:01,459] {logging_mixin.py:109} INFO - [2022-07-22 22:21:01,459] {dag.py:2935} INFO - Setting next_dagrun for example_short_circuit_operator to 2022-07-21T22:21:01.459176+00:00
[2022-07-22 22:21:01,465] {processor.py:171} INFO - Processing /home/airflow/.local/lib/python3.7/site-packages/airflow/example_dags/example_short_circuit_operator.py took 0.113 seconds
[2022-07-22 22:21:31,725] {processor.py:163} INFO - Started process (PID=2776) to work on /home/airflow/.local/lib/python3.7/site-packages/airflow/example_dags/example_short_circuit_operator.py
[2022-07-22 22:21:31,726] {processor.py:642} INFO - Processing file /home/airflow/.local/lib/python3.7/site-packages/airflow/example_dags/example_short_circuit_operator.py for tasks to queue
[2022-07-22 22:21:31,727] {logging_mixin.py:109} INFO - [2022-07-22 22:21:31,727] {dagbag.py:500} INFO - Filling up the DagBag from /home/airflow/.local/lib/python3.7/site-packages/airflow/example_dags/example_short_circuit_operator.py
[2022-07-22 22:21:31,748] {processor.py:654} INFO - DAG(s) dict_keys(['example_short_circuit_operator']) retrieved from /home/airflow/.local/lib/python3.7/site-packages/airflow/example_dags/example_short_circuit_operator.py
[2022-07-22 22:21:31,756] {logging_mixin.py:109} INFO - [2022-07-22 22:21:31,756] {dag.py:2396} INFO - Sync 1 DAGs
[2022-07-22 22:21:31,844] {logging_mixin.py:109} INFO - [2022-07-22 22:21:31,844] {dag.py:2935} INFO - Setting next_dagrun for example_short_circuit_operator to 2022-07-21T22:21:31.844339+00:00
[2022-07-22 22:21:31,850] {processor.py:171} INFO - Processing /home/airflow/.local/lib/python3.7/site-packages/airflow/example_dags/example_short_circuit_operator.py took 0.127 seconds
[2022-07-22 22:22:02,717] {processor.py:163} INFO - Started process (PID=2835) to work on /home/airflow/.local/lib/python3.7/site-packages/airflow/example_dags/example_short_circuit_operator.py
[2022-07-22 22:22:02,717] {processor.py:642} INFO - Processing file /home/airflow/.local/lib/python3.7/site-packages/airflow/example_dags/example_short_circuit_operator.py for tasks to queue
[2022-07-22 22:22:02,718] {logging_mixin.py:109} INFO - [2022-07-22 22:22:02,718] {dagbag.py:500} INFO - Filling up the DagBag from /home/airflow/.local/lib/python3.7/site-packages/airflow/example_dags/example_short_circuit_operator.py
[2022-07-22 22:22:02,736] {processor.py:654} INFO - DAG(s) dict_keys(['example_short_circuit_operator']) retrieved from /home/airflow/.local/lib/python3.7/site-packages/airflow/example_dags/example_short_circuit_operator.py
[2022-07-22 22:22:02,743] {logging_mixin.py:109} INFO - [2022-07-22 22:22:02,743] {dag.py:2396} INFO - Sync 1 DAGs
[2022-07-22 22:22:02,820] {logging_mixin.py:109} INFO - [2022-07-22 22:22:02,820] {dag.py:2935} INFO - Setting next_dagrun for example_short_circuit_operator to 2022-07-21T22:22:02.820658+00:00
[2022-07-22 22:22:02,826] {processor.py:171} INFO - Processing /home/airflow/.local/lib/python3.7/site-packages/airflow/example_dags/example_short_circuit_operator.py took 0.111 seconds
[2022-07-22 22:22:33,329] {processor.py:163} INFO - Started process (PID=2894) to work on /home/airflow/.local/lib/python3.7/site-packages/airflow/example_dags/example_short_circuit_operator.py
[2022-07-22 22:22:33,330] {processor.py:642} INFO - Processing file /home/airflow/.local/lib/python3.7/site-packages/airflow/example_dags/example_short_circuit_operator.py for tasks to queue
[2022-07-22 22:22:33,330] {logging_mixin.py:109} INFO - [2022-07-22 22:22:33,330] {dagbag.py:500} INFO - Filling up the DagBag from /home/airflow/.local/lib/python3.7/site-packages/airflow/example_dags/example_short_circuit_operator.py
[2022-07-22 22:22:33,350] {processor.py:654} INFO - DAG(s) dict_keys(['example_short_circuit_operator']) retrieved from /home/airflow/.local/lib/python3.7/site-packages/airflow/example_dags/example_short_circuit_operator.py
[2022-07-22 22:22:33,418] {logging_mixin.py:109} INFO - [2022-07-22 22:22:33,418] {dag.py:2396} INFO - Sync 1 DAGs
[2022-07-22 22:22:33,429] {logging_mixin.py:109} INFO - [2022-07-22 22:22:33,429] {dag.py:2935} INFO - Setting next_dagrun for example_short_circuit_operator to 2022-07-21T22:22:33.429043+00:00
[2022-07-22 22:22:33,435] {processor.py:171} INFO - Processing /home/airflow/.local/lib/python3.7/site-packages/airflow/example_dags/example_short_circuit_operator.py took 0.108 seconds
[2022-07-22 22:23:04,058] {processor.py:163} INFO - Started process (PID=2944) to work on /home/airflow/.local/lib/python3.7/site-packages/airflow/example_dags/example_short_circuit_operator.py
[2022-07-22 22:23:04,059] {processor.py:642} INFO - Processing file /home/airflow/.local/lib/python3.7/site-packages/airflow/example_dags/example_short_circuit_operator.py for tasks to queue
[2022-07-22 22:23:04,059] {logging_mixin.py:109} INFO - [2022-07-22 22:23:04,059] {dagbag.py:500} INFO - Filling up the DagBag from /home/airflow/.local/lib/python3.7/site-packages/airflow/example_dags/example_short_circuit_operator.py
[2022-07-22 22:23:04,144] {processor.py:654} INFO - DAG(s) dict_keys(['example_short_circuit_operator']) retrieved from /home/airflow/.local/lib/python3.7/site-packages/airflow/example_dags/example_short_circuit_operator.py
[2022-07-22 22:23:04,151] {logging_mixin.py:109} INFO - [2022-07-22 22:23:04,151] {dag.py:2396} INFO - Sync 1 DAGs
[2022-07-22 22:23:04,160] {logging_mixin.py:109} INFO - [2022-07-22 22:23:04,160] {dag.py:2935} INFO - Setting next_dagrun for example_short_circuit_operator to 2022-07-21T22:23:04.160720+00:00
[2022-07-22 22:23:04,166] {processor.py:171} INFO - Processing /home/airflow/.local/lib/python3.7/site-packages/airflow/example_dags/example_short_circuit_operator.py took 0.110 seconds
[2022-07-22 22:23:34,718] {processor.py:163} INFO - Started process (PID=3003) to work on /home/airflow/.local/lib/python3.7/site-packages/airflow/example_dags/example_short_circuit_operator.py
[2022-07-22 22:23:34,719] {processor.py:642} INFO - Processing file /home/airflow/.local/lib/python3.7/site-packages/airflow/example_dags/example_short_circuit_operator.py for tasks to queue
[2022-07-22 22:23:34,719] {logging_mixin.py:109} INFO - [2022-07-22 22:23:34,719] {dagbag.py:500} INFO - Filling up the DagBag from /home/airflow/.local/lib/python3.7/site-packages/airflow/example_dags/example_short_circuit_operator.py
[2022-07-22 22:23:34,800] {processor.py:654} INFO - DAG(s) dict_keys(['example_short_circuit_operator']) retrieved from /home/airflow/.local/lib/python3.7/site-packages/airflow/example_dags/example_short_circuit_operator.py
[2022-07-22 22:23:34,806] {logging_mixin.py:109} INFO - [2022-07-22 22:23:34,806] {dag.py:2396} INFO - Sync 1 DAGs
[2022-07-22 22:23:34,816] {logging_mixin.py:109} INFO - [2022-07-22 22:23:34,816] {dag.py:2935} INFO - Setting next_dagrun for example_short_circuit_operator to 2022-07-21T22:23:34.816697+00:00
[2022-07-22 22:23:34,822] {processor.py:171} INFO - Processing /home/airflow/.local/lib/python3.7/site-packages/airflow/example_dags/example_short_circuit_operator.py took 0.106 seconds
[2022-07-22 22:24:05,607] {processor.py:163} INFO - Started process (PID=3053) to work on /home/airflow/.local/lib/python3.7/site-packages/airflow/example_dags/example_short_circuit_operator.py
[2022-07-22 22:24:05,608] {processor.py:642} INFO - Processing file /home/airflow/.local/lib/python3.7/site-packages/airflow/example_dags/example_short_circuit_operator.py for tasks to queue
[2022-07-22 22:24:05,608] {logging_mixin.py:109} INFO - [2022-07-22 22:24:05,608] {dagbag.py:500} INFO - Filling up the DagBag from /home/airflow/.local/lib/python3.7/site-packages/airflow/example_dags/example_short_circuit_operator.py
[2022-07-22 22:24:05,701] {processor.py:654} INFO - DAG(s) dict_keys(['example_short_circuit_operator']) retrieved from /home/airflow/.local/lib/python3.7/site-packages/airflow/example_dags/example_short_circuit_operator.py
[2022-07-22 22:24:05,708] {logging_mixin.py:109} INFO - [2022-07-22 22:24:05,708] {dag.py:2396} INFO - Sync 1 DAGs
[2022-07-22 22:24:05,719] {logging_mixin.py:109} INFO - [2022-07-22 22:24:05,719] {dag.py:2935} INFO - Setting next_dagrun for example_short_circuit_operator to 2022-07-21T22:24:05.719465+00:00
[2022-07-22 22:24:05,726] {processor.py:171} INFO - Processing /home/airflow/.local/lib/python3.7/site-packages/airflow/example_dags/example_short_circuit_operator.py took 0.121 seconds
[2022-07-22 22:24:36,289] {processor.py:163} INFO - Started process (PID=3112) to work on /home/airflow/.local/lib/python3.7/site-packages/airflow/example_dags/example_short_circuit_operator.py
[2022-07-22 22:24:36,290] {processor.py:642} INFO - Processing file /home/airflow/.local/lib/python3.7/site-packages/airflow/example_dags/example_short_circuit_operator.py for tasks to queue
[2022-07-22 22:24:36,290] {logging_mixin.py:109} INFO - [2022-07-22 22:24:36,290] {dagbag.py:500} INFO - Filling up the DagBag from /home/airflow/.local/lib/python3.7/site-packages/airflow/example_dags/example_short_circuit_operator.py
[2022-07-22 22:24:36,373] {processor.py:654} INFO - DAG(s) dict_keys(['example_short_circuit_operator']) retrieved from /home/airflow/.local/lib/python3.7/site-packages/airflow/example_dags/example_short_circuit_operator.py
[2022-07-22 22:24:36,380] {logging_mixin.py:109} INFO - [2022-07-22 22:24:36,379] {dag.py:2396} INFO - Sync 1 DAGs
[2022-07-22 22:24:36,389] {logging_mixin.py:109} INFO - [2022-07-22 22:24:36,389] {dag.py:2935} INFO - Setting next_dagrun for example_short_circuit_operator to 2022-07-21T22:24:36.389728+00:00
[2022-07-22 22:24:36,395] {processor.py:171} INFO - Processing /home/airflow/.local/lib/python3.7/site-packages/airflow/example_dags/example_short_circuit_operator.py took 0.107 seconds
[2022-07-22 22:25:06,891] {processor.py:163} INFO - Started process (PID=3170) to work on /home/airflow/.local/lib/python3.7/site-packages/airflow/example_dags/example_short_circuit_operator.py
[2022-07-22 22:25:06,892] {processor.py:642} INFO - Processing file /home/airflow/.local/lib/python3.7/site-packages/airflow/example_dags/example_short_circuit_operator.py for tasks to queue
[2022-07-22 22:25:06,893] {logging_mixin.py:109} INFO - [2022-07-22 22:25:06,893] {dagbag.py:500} INFO - Filling up the DagBag from /home/airflow/.local/lib/python3.7/site-packages/airflow/example_dags/example_short_circuit_operator.py
[2022-07-22 22:25:06,979] {processor.py:654} INFO - DAG(s) dict_keys(['example_short_circuit_operator']) retrieved from /home/airflow/.local/lib/python3.7/site-packages/airflow/example_dags/example_short_circuit_operator.py
[2022-07-22 22:25:06,985] {logging_mixin.py:109} INFO - [2022-07-22 22:25:06,985] {dag.py:2396} INFO - Sync 1 DAGs
[2022-07-22 22:25:06,996] {logging_mixin.py:109} INFO - [2022-07-22 22:25:06,996] {dag.py:2935} INFO - Setting next_dagrun for example_short_circuit_operator to 2022-07-21T22:25:06.996356+00:00
[2022-07-22 22:25:07,003] {processor.py:171} INFO - Processing /home/airflow/.local/lib/python3.7/site-packages/airflow/example_dags/example_short_circuit_operator.py took 0.113 seconds
[2022-07-22 22:25:37,120] {processor.py:163} INFO - Started process (PID=3220) to work on /home/airflow/.local/lib/python3.7/site-packages/airflow/example_dags/example_short_circuit_operator.py
[2022-07-22 22:25:37,121] {processor.py:642} INFO - Processing file /home/airflow/.local/lib/python3.7/site-packages/airflow/example_dags/example_short_circuit_operator.py for tasks to queue
[2022-07-22 22:25:37,121] {logging_mixin.py:109} INFO - [2022-07-22 22:25:37,121] {dagbag.py:500} INFO - Filling up the DagBag from /home/airflow/.local/lib/python3.7/site-packages/airflow/example_dags/example_short_circuit_operator.py
[2022-07-22 22:25:37,138] {processor.py:654} INFO - DAG(s) dict_keys(['example_short_circuit_operator']) retrieved from /home/airflow/.local/lib/python3.7/site-packages/airflow/example_dags/example_short_circuit_operator.py
[2022-07-22 22:25:37,145] {logging_mixin.py:109} INFO - [2022-07-22 22:25:37,145] {dag.py:2396} INFO - Sync 1 DAGs
[2022-07-22 22:25:37,156] {logging_mixin.py:109} INFO - [2022-07-22 22:25:37,156] {dag.py:2935} INFO - Setting next_dagrun for example_short_circuit_operator to 2022-07-21T22:25:37.155862+00:00
[2022-07-22 22:25:37,161] {processor.py:171} INFO - Processing /home/airflow/.local/lib/python3.7/site-packages/airflow/example_dags/example_short_circuit_operator.py took 0.043 seconds
[2022-07-22 22:26:07,713] {processor.py:163} INFO - Started process (PID=3279) to work on /home/airflow/.local/lib/python3.7/site-packages/airflow/example_dags/example_short_circuit_operator.py
[2022-07-22 22:26:07,714] {processor.py:642} INFO - Processing file /home/airflow/.local/lib/python3.7/site-packages/airflow/example_dags/example_short_circuit_operator.py for tasks to queue
[2022-07-22 22:26:07,715] {logging_mixin.py:109} INFO - [2022-07-22 22:26:07,714] {dagbag.py:500} INFO - Filling up the DagBag from /home/airflow/.local/lib/python3.7/site-packages/airflow/example_dags/example_short_circuit_operator.py
[2022-07-22 22:26:07,733] {processor.py:654} INFO - DAG(s) dict_keys(['example_short_circuit_operator']) retrieved from /home/airflow/.local/lib/python3.7/site-packages/airflow/example_dags/example_short_circuit_operator.py
[2022-07-22 22:26:07,740] {logging_mixin.py:109} INFO - [2022-07-22 22:26:07,740] {dag.py:2396} INFO - Sync 1 DAGs
[2022-07-22 22:26:07,751] {logging_mixin.py:109} INFO - [2022-07-22 22:26:07,750] {dag.py:2935} INFO - Setting next_dagrun for example_short_circuit_operator to 2022-07-21T22:26:07.750750+00:00
[2022-07-22 22:26:07,756] {processor.py:171} INFO - Processing /home/airflow/.local/lib/python3.7/site-packages/airflow/example_dags/example_short_circuit_operator.py took 0.045 seconds
[2022-07-22 22:26:38,129] {processor.py:163} INFO - Started process (PID=3329) to work on /home/airflow/.local/lib/python3.7/site-packages/airflow/example_dags/example_short_circuit_operator.py
[2022-07-22 22:26:38,129] {processor.py:642} INFO - Processing file /home/airflow/.local/lib/python3.7/site-packages/airflow/example_dags/example_short_circuit_operator.py for tasks to queue
[2022-07-22 22:26:38,129] {logging_mixin.py:109} INFO - [2022-07-22 22:26:38,129] {dagbag.py:500} INFO - Filling up the DagBag from /home/airflow/.local/lib/python3.7/site-packages/airflow/example_dags/example_short_circuit_operator.py
[2022-07-22 22:26:38,148] {processor.py:654} INFO - DAG(s) dict_keys(['example_short_circuit_operator']) retrieved from /home/airflow/.local/lib/python3.7/site-packages/airflow/example_dags/example_short_circuit_operator.py
[2022-07-22 22:26:38,154] {logging_mixin.py:109} INFO - [2022-07-22 22:26:38,154] {dag.py:2396} INFO - Sync 1 DAGs
[2022-07-22 22:26:38,165] {logging_mixin.py:109} INFO - [2022-07-22 22:26:38,165] {dag.py:2935} INFO - Setting next_dagrun for example_short_circuit_operator to 2022-07-21T22:26:38.165141+00:00
[2022-07-22 22:26:38,171] {processor.py:171} INFO - Processing /home/airflow/.local/lib/python3.7/site-packages/airflow/example_dags/example_short_circuit_operator.py took 0.044 seconds
[2022-07-22 22:27:08,560] {processor.py:163} INFO - Started process (PID=3388) to work on /home/airflow/.local/lib/python3.7/site-packages/airflow/example_dags/example_short_circuit_operator.py
[2022-07-22 22:27:08,560] {processor.py:642} INFO - Processing file /home/airflow/.local/lib/python3.7/site-packages/airflow/example_dags/example_short_circuit_operator.py for tasks to queue
[2022-07-22 22:27:08,561] {logging_mixin.py:109} INFO - [2022-07-22 22:27:08,561] {dagbag.py:500} INFO - Filling up the DagBag from /home/airflow/.local/lib/python3.7/site-packages/airflow/example_dags/example_short_circuit_operator.py
[2022-07-22 22:27:08,578] {processor.py:654} INFO - DAG(s) dict_keys(['example_short_circuit_operator']) retrieved from /home/airflow/.local/lib/python3.7/site-packages/airflow/example_dags/example_short_circuit_operator.py
[2022-07-22 22:27:08,585] {logging_mixin.py:109} INFO - [2022-07-22 22:27:08,585] {dag.py:2396} INFO - Sync 1 DAGs
[2022-07-22 22:27:08,596] {logging_mixin.py:109} INFO - [2022-07-22 22:27:08,596] {dag.py:2935} INFO - Setting next_dagrun for example_short_circuit_operator to 2022-07-21T22:27:08.596626+00:00
[2022-07-22 22:27:08,602] {processor.py:171} INFO - Processing /home/airflow/.local/lib/python3.7/site-packages/airflow/example_dags/example_short_circuit_operator.py took 0.044 seconds
[2022-07-22 22:27:38,961] {processor.py:163} INFO - Started process (PID=3438) to work on /home/airflow/.local/lib/python3.7/site-packages/airflow/example_dags/example_short_circuit_operator.py
[2022-07-22 22:27:38,962] {processor.py:642} INFO - Processing file /home/airflow/.local/lib/python3.7/site-packages/airflow/example_dags/example_short_circuit_operator.py for tasks to queue
[2022-07-22 22:27:38,962] {logging_mixin.py:109} INFO - [2022-07-22 22:27:38,962] {dagbag.py:500} INFO - Filling up the DagBag from /home/airflow/.local/lib/python3.7/site-packages/airflow/example_dags/example_short_circuit_operator.py
[2022-07-22 22:27:38,980] {processor.py:654} INFO - DAG(s) dict_keys(['example_short_circuit_operator']) retrieved from /home/airflow/.local/lib/python3.7/site-packages/airflow/example_dags/example_short_circuit_operator.py
[2022-07-22 22:27:38,991] {logging_mixin.py:109} INFO - [2022-07-22 22:27:38,990] {dag.py:2396} INFO - Sync 1 DAGs
[2022-07-22 22:27:39,003] {logging_mixin.py:109} INFO - [2022-07-22 22:27:39,003] {dag.py:2935} INFO - Setting next_dagrun for example_short_circuit_operator to 2022-07-21T22:27:39.003546+00:00
[2022-07-22 22:27:39,009] {processor.py:171} INFO - Processing /home/airflow/.local/lib/python3.7/site-packages/airflow/example_dags/example_short_circuit_operator.py took 0.050 seconds
[2022-07-22 22:28:09,256] {processor.py:163} INFO - Started process (PID=3497) to work on /home/airflow/.local/lib/python3.7/site-packages/airflow/example_dags/example_short_circuit_operator.py
[2022-07-22 22:28:09,257] {processor.py:642} INFO - Processing file /home/airflow/.local/lib/python3.7/site-packages/airflow/example_dags/example_short_circuit_operator.py for tasks to queue
[2022-07-22 22:28:09,257] {logging_mixin.py:109} INFO - [2022-07-22 22:28:09,257] {dagbag.py:500} INFO - Filling up the DagBag from /home/airflow/.local/lib/python3.7/site-packages/airflow/example_dags/example_short_circuit_operator.py
[2022-07-22 22:28:09,275] {processor.py:654} INFO - DAG(s) dict_keys(['example_short_circuit_operator']) retrieved from /home/airflow/.local/lib/python3.7/site-packages/airflow/example_dags/example_short_circuit_operator.py
[2022-07-22 22:28:09,282] {logging_mixin.py:109} INFO - [2022-07-22 22:28:09,282] {dag.py:2396} INFO - Sync 1 DAGs
[2022-07-22 22:28:09,293] {logging_mixin.py:109} INFO - [2022-07-22 22:28:09,293] {dag.py:2935} INFO - Setting next_dagrun for example_short_circuit_operator to 2022-07-21T22:28:09.293204+00:00
[2022-07-22 22:28:09,299] {processor.py:171} INFO - Processing /home/airflow/.local/lib/python3.7/site-packages/airflow/example_dags/example_short_circuit_operator.py took 0.045 seconds
