[2022-07-22 21:54:01,021] {processor.py:163} INFO - Started process (PID=141) to work on /home/airflow/.local/lib/python3.7/site-packages/airflow/example_dags/example_branch_python_dop_operator_3.py
[2022-07-22 21:54:01,022] {processor.py:642} INFO - Processing file /home/airflow/.local/lib/python3.7/site-packages/airflow/example_dags/example_branch_python_dop_operator_3.py for tasks to queue
[2022-07-22 21:54:01,022] {logging_mixin.py:109} INFO - [2022-07-22 21:54:01,022] {dagbag.py:500} INFO - Filling up the DagBag from /home/airflow/.local/lib/python3.7/site-packages/airflow/example_dags/example_branch_python_dop_operator_3.py
[2022-07-22 21:54:01,042] {processor.py:654} INFO - DAG(s) dict_keys(['example_branch_dop_operator_v3']) retrieved from /home/airflow/.local/lib/python3.7/site-packages/airflow/example_dags/example_branch_python_dop_operator_3.py
[2022-07-22 21:54:02,617] {logging_mixin.py:109} INFO - [2022-07-22 21:54:02,617] {manager.py:496} INFO - Created Permission View: can read on DAG:example_branch_dop_operator_v3
[2022-07-22 21:54:02,626] {logging_mixin.py:109} INFO - [2022-07-22 21:54:02,626] {manager.py:496} INFO - Created Permission View: can edit on DAG:example_branch_dop_operator_v3
[2022-07-22 21:54:02,627] {logging_mixin.py:109} INFO - [2022-07-22 21:54:02,627] {dag.py:2396} INFO - Sync 1 DAGs
[2022-07-22 21:54:02,632] {logging_mixin.py:109} INFO - [2022-07-22 21:54:02,632] {dag.py:2415} INFO - Creating ORM DAG for example_branch_dop_operator_v3
[2022-07-22 21:54:02,641] {logging_mixin.py:109} INFO - [2022-07-22 21:54:02,641] {dag.py:2935} INFO - Setting next_dagrun for example_branch_dop_operator_v3 to 2022-07-22T21:53:00+00:00
[2022-07-22 21:54:02,649] {processor.py:171} INFO - Processing /home/airflow/.local/lib/python3.7/site-packages/airflow/example_dags/example_branch_python_dop_operator_3.py took 1.630 seconds
[2022-07-22 21:54:33,512] {processor.py:163} INFO - Started process (PID=601) to work on /home/airflow/.local/lib/python3.7/site-packages/airflow/example_dags/example_branch_python_dop_operator_3.py
[2022-07-22 21:54:33,513] {processor.py:642} INFO - Processing file /home/airflow/.local/lib/python3.7/site-packages/airflow/example_dags/example_branch_python_dop_operator_3.py for tasks to queue
[2022-07-22 21:54:33,513] {logging_mixin.py:109} INFO - [2022-07-22 21:54:33,513] {dagbag.py:500} INFO - Filling up the DagBag from /home/airflow/.local/lib/python3.7/site-packages/airflow/example_dags/example_branch_python_dop_operator_3.py
[2022-07-22 21:54:33,532] {processor.py:654} INFO - DAG(s) dict_keys(['example_branch_dop_operator_v3']) retrieved from /home/airflow/.local/lib/python3.7/site-packages/airflow/example_dags/example_branch_python_dop_operator_3.py
[2022-07-22 21:54:33,539] {logging_mixin.py:109} INFO - [2022-07-22 21:54:33,539] {dag.py:2396} INFO - Sync 1 DAGs
[2022-07-22 21:54:33,553] {logging_mixin.py:109} INFO - [2022-07-22 21:54:33,553] {dag.py:2935} INFO - Setting next_dagrun for example_branch_dop_operator_v3 to 2022-07-22T21:53:00+00:00
[2022-07-22 21:54:33,560] {processor.py:171} INFO - Processing /home/airflow/.local/lib/python3.7/site-packages/airflow/example_dags/example_branch_python_dop_operator_3.py took 0.050 seconds
[2022-07-22 21:55:03,715] {processor.py:163} INFO - Started process (PID=651) to work on /home/airflow/.local/lib/python3.7/site-packages/airflow/example_dags/example_branch_python_dop_operator_3.py
[2022-07-22 21:55:03,716] {processor.py:642} INFO - Processing file /home/airflow/.local/lib/python3.7/site-packages/airflow/example_dags/example_branch_python_dop_operator_3.py for tasks to queue
[2022-07-22 21:55:03,716] {logging_mixin.py:109} INFO - [2022-07-22 21:55:03,716] {dagbag.py:500} INFO - Filling up the DagBag from /home/airflow/.local/lib/python3.7/site-packages/airflow/example_dags/example_branch_python_dop_operator_3.py
[2022-07-22 21:55:03,738] {processor.py:654} INFO - DAG(s) dict_keys(['example_branch_dop_operator_v3']) retrieved from /home/airflow/.local/lib/python3.7/site-packages/airflow/example_dags/example_branch_python_dop_operator_3.py
[2022-07-22 21:55:03,745] {logging_mixin.py:109} INFO - [2022-07-22 21:55:03,745] {dag.py:2396} INFO - Sync 1 DAGs
[2022-07-22 21:55:03,760] {logging_mixin.py:109} INFO - [2022-07-22 21:55:03,760] {dag.py:2935} INFO - Setting next_dagrun for example_branch_dop_operator_v3 to 2022-07-22T21:54:00+00:00
[2022-07-22 21:55:03,766] {processor.py:171} INFO - Processing /home/airflow/.local/lib/python3.7/site-packages/airflow/example_dags/example_branch_python_dop_operator_3.py took 0.052 seconds
[2022-07-22 21:55:34,027] {processor.py:163} INFO - Started process (PID=710) to work on /home/airflow/.local/lib/python3.7/site-packages/airflow/example_dags/example_branch_python_dop_operator_3.py
[2022-07-22 21:55:34,028] {processor.py:642} INFO - Processing file /home/airflow/.local/lib/python3.7/site-packages/airflow/example_dags/example_branch_python_dop_operator_3.py for tasks to queue
[2022-07-22 21:55:34,028] {logging_mixin.py:109} INFO - [2022-07-22 21:55:34,028] {dagbag.py:500} INFO - Filling up the DagBag from /home/airflow/.local/lib/python3.7/site-packages/airflow/example_dags/example_branch_python_dop_operator_3.py
[2022-07-22 21:55:34,048] {processor.py:654} INFO - DAG(s) dict_keys(['example_branch_dop_operator_v3']) retrieved from /home/airflow/.local/lib/python3.7/site-packages/airflow/example_dags/example_branch_python_dop_operator_3.py
[2022-07-22 21:55:34,054] {logging_mixin.py:109} INFO - [2022-07-22 21:55:34,054] {dag.py:2396} INFO - Sync 1 DAGs
[2022-07-22 21:55:34,069] {logging_mixin.py:109} INFO - [2022-07-22 21:55:34,069] {dag.py:2935} INFO - Setting next_dagrun for example_branch_dop_operator_v3 to 2022-07-22T21:54:00+00:00
[2022-07-22 21:55:34,075] {processor.py:171} INFO - Processing /home/airflow/.local/lib/python3.7/site-packages/airflow/example_dags/example_branch_python_dop_operator_3.py took 0.050 seconds
[2022-07-22 21:56:26,706] {processor.py:163} INFO - Started process (PID=53) to work on /home/airflow/.local/lib/python3.7/site-packages/airflow/example_dags/example_branch_python_dop_operator_3.py
[2022-07-22 21:56:26,707] {processor.py:642} INFO - Processing file /home/airflow/.local/lib/python3.7/site-packages/airflow/example_dags/example_branch_python_dop_operator_3.py for tasks to queue
[2022-07-22 21:56:26,707] {logging_mixin.py:109} INFO - [2022-07-22 21:56:26,707] {dagbag.py:500} INFO - Filling up the DagBag from /home/airflow/.local/lib/python3.7/site-packages/airflow/example_dags/example_branch_python_dop_operator_3.py
[2022-07-22 21:56:26,726] {processor.py:654} INFO - DAG(s) dict_keys(['example_branch_dop_operator_v3']) retrieved from /home/airflow/.local/lib/python3.7/site-packages/airflow/example_dags/example_branch_python_dop_operator_3.py
[2022-07-22 21:56:26,734] {logging_mixin.py:109} INFO - [2022-07-22 21:56:26,734] {dag.py:2396} INFO - Sync 1 DAGs
[2022-07-22 21:56:26,750] {logging_mixin.py:109} INFO - [2022-07-22 21:56:26,750] {dag.py:2935} INFO - Setting next_dagrun for example_branch_dop_operator_v3 to 2022-07-22T21:55:00+00:00
[2022-07-22 21:56:26,757] {processor.py:171} INFO - Processing /home/airflow/.local/lib/python3.7/site-packages/airflow/example_dags/example_branch_python_dop_operator_3.py took 0.053 seconds
[2022-07-22 21:56:57,674] {processor.py:163} INFO - Started process (PID=113) to work on /home/airflow/.local/lib/python3.7/site-packages/airflow/example_dags/example_branch_python_dop_operator_3.py
[2022-07-22 21:56:57,674] {processor.py:642} INFO - Processing file /home/airflow/.local/lib/python3.7/site-packages/airflow/example_dags/example_branch_python_dop_operator_3.py for tasks to queue
[2022-07-22 21:56:57,675] {logging_mixin.py:109} INFO - [2022-07-22 21:56:57,675] {dagbag.py:500} INFO - Filling up the DagBag from /home/airflow/.local/lib/python3.7/site-packages/airflow/example_dags/example_branch_python_dop_operator_3.py
[2022-07-22 21:56:57,692] {processor.py:654} INFO - DAG(s) dict_keys(['example_branch_dop_operator_v3']) retrieved from /home/airflow/.local/lib/python3.7/site-packages/airflow/example_dags/example_branch_python_dop_operator_3.py
[2022-07-22 21:56:57,698] {logging_mixin.py:109} INFO - [2022-07-22 21:56:57,698] {dag.py:2396} INFO - Sync 1 DAGs
[2022-07-22 21:56:57,712] {logging_mixin.py:109} INFO - [2022-07-22 21:56:57,712] {dag.py:2935} INFO - Setting next_dagrun for example_branch_dop_operator_v3 to 2022-07-22T21:55:00+00:00
[2022-07-22 21:56:57,718] {processor.py:171} INFO - Processing /home/airflow/.local/lib/python3.7/site-packages/airflow/example_dags/example_branch_python_dop_operator_3.py took 0.046 seconds
[2022-07-22 21:57:28,345] {processor.py:163} INFO - Started process (PID=172) to work on /home/airflow/.local/lib/python3.7/site-packages/airflow/example_dags/example_branch_python_dop_operator_3.py
[2022-07-22 21:57:28,346] {processor.py:642} INFO - Processing file /home/airflow/.local/lib/python3.7/site-packages/airflow/example_dags/example_branch_python_dop_operator_3.py for tasks to queue
[2022-07-22 21:57:28,346] {logging_mixin.py:109} INFO - [2022-07-22 21:57:28,346] {dagbag.py:500} INFO - Filling up the DagBag from /home/airflow/.local/lib/python3.7/site-packages/airflow/example_dags/example_branch_python_dop_operator_3.py
[2022-07-22 21:57:28,365] {processor.py:654} INFO - DAG(s) dict_keys(['example_branch_dop_operator_v3']) retrieved from /home/airflow/.local/lib/python3.7/site-packages/airflow/example_dags/example_branch_python_dop_operator_3.py
[2022-07-22 21:57:28,371] {logging_mixin.py:109} INFO - [2022-07-22 21:57:28,371] {dag.py:2396} INFO - Sync 1 DAGs
[2022-07-22 21:57:28,385] {logging_mixin.py:109} INFO - [2022-07-22 21:57:28,385] {dag.py:2935} INFO - Setting next_dagrun for example_branch_dop_operator_v3 to 2022-07-22T21:56:00+00:00
[2022-07-22 21:57:28,391] {processor.py:171} INFO - Processing /home/airflow/.local/lib/python3.7/site-packages/airflow/example_dags/example_branch_python_dop_operator_3.py took 0.048 seconds
[2022-07-22 21:57:59,114] {processor.py:163} INFO - Started process (PID=222) to work on /home/airflow/.local/lib/python3.7/site-packages/airflow/example_dags/example_branch_python_dop_operator_3.py
[2022-07-22 21:57:59,115] {processor.py:642} INFO - Processing file /home/airflow/.local/lib/python3.7/site-packages/airflow/example_dags/example_branch_python_dop_operator_3.py for tasks to queue
[2022-07-22 21:57:59,116] {logging_mixin.py:109} INFO - [2022-07-22 21:57:59,116] {dagbag.py:500} INFO - Filling up the DagBag from /home/airflow/.local/lib/python3.7/site-packages/airflow/example_dags/example_branch_python_dop_operator_3.py
[2022-07-22 21:57:59,135] {processor.py:654} INFO - DAG(s) dict_keys(['example_branch_dop_operator_v3']) retrieved from /home/airflow/.local/lib/python3.7/site-packages/airflow/example_dags/example_branch_python_dop_operator_3.py
[2022-07-22 21:57:59,142] {logging_mixin.py:109} INFO - [2022-07-22 21:57:59,142] {dag.py:2396} INFO - Sync 1 DAGs
[2022-07-22 21:57:59,157] {logging_mixin.py:109} INFO - [2022-07-22 21:57:59,157] {dag.py:2935} INFO - Setting next_dagrun for example_branch_dop_operator_v3 to 2022-07-22T21:56:00+00:00
[2022-07-22 21:57:59,164] {processor.py:171} INFO - Processing /home/airflow/.local/lib/python3.7/site-packages/airflow/example_dags/example_branch_python_dop_operator_3.py took 0.051 seconds
[2022-07-22 21:58:30,052] {processor.py:163} INFO - Started process (PID=281) to work on /home/airflow/.local/lib/python3.7/site-packages/airflow/example_dags/example_branch_python_dop_operator_3.py
[2022-07-22 21:58:30,053] {processor.py:642} INFO - Processing file /home/airflow/.local/lib/python3.7/site-packages/airflow/example_dags/example_branch_python_dop_operator_3.py for tasks to queue
[2022-07-22 21:58:30,053] {logging_mixin.py:109} INFO - [2022-07-22 21:58:30,053] {dagbag.py:500} INFO - Filling up the DagBag from /home/airflow/.local/lib/python3.7/site-packages/airflow/example_dags/example_branch_python_dop_operator_3.py
[2022-07-22 21:58:30,073] {processor.py:654} INFO - DAG(s) dict_keys(['example_branch_dop_operator_v3']) retrieved from /home/airflow/.local/lib/python3.7/site-packages/airflow/example_dags/example_branch_python_dop_operator_3.py
[2022-07-22 21:58:30,080] {logging_mixin.py:109} INFO - [2022-07-22 21:58:30,080] {dag.py:2396} INFO - Sync 1 DAGs
[2022-07-22 21:58:30,096] {logging_mixin.py:109} INFO - [2022-07-22 21:58:30,095] {dag.py:2935} INFO - Setting next_dagrun for example_branch_dop_operator_v3 to 2022-07-22T21:57:00+00:00
[2022-07-22 21:58:30,102] {processor.py:171} INFO - Processing /home/airflow/.local/lib/python3.7/site-packages/airflow/example_dags/example_branch_python_dop_operator_3.py took 0.052 seconds
[2022-07-22 21:59:00,756] {processor.py:163} INFO - Started process (PID=331) to work on /home/airflow/.local/lib/python3.7/site-packages/airflow/example_dags/example_branch_python_dop_operator_3.py
[2022-07-22 21:59:00,756] {processor.py:642} INFO - Processing file /home/airflow/.local/lib/python3.7/site-packages/airflow/example_dags/example_branch_python_dop_operator_3.py for tasks to queue
[2022-07-22 21:59:00,757] {logging_mixin.py:109} INFO - [2022-07-22 21:59:00,757] {dagbag.py:500} INFO - Filling up the DagBag from /home/airflow/.local/lib/python3.7/site-packages/airflow/example_dags/example_branch_python_dop_operator_3.py
[2022-07-22 21:59:00,775] {processor.py:654} INFO - DAG(s) dict_keys(['example_branch_dop_operator_v3']) retrieved from /home/airflow/.local/lib/python3.7/site-packages/airflow/example_dags/example_branch_python_dop_operator_3.py
[2022-07-22 21:59:00,781] {logging_mixin.py:109} INFO - [2022-07-22 21:59:00,781] {dag.py:2396} INFO - Sync 1 DAGs
[2022-07-22 21:59:00,795] {logging_mixin.py:109} INFO - [2022-07-22 21:59:00,795] {dag.py:2935} INFO - Setting next_dagrun for example_branch_dop_operator_v3 to 2022-07-22T21:58:00+00:00
[2022-07-22 21:59:00,801] {processor.py:171} INFO - Processing /home/airflow/.local/lib/python3.7/site-packages/airflow/example_dags/example_branch_python_dop_operator_3.py took 0.047 seconds
[2022-07-22 21:59:31,556] {processor.py:163} INFO - Started process (PID=390) to work on /home/airflow/.local/lib/python3.7/site-packages/airflow/example_dags/example_branch_python_dop_operator_3.py
[2022-07-22 21:59:31,557] {processor.py:642} INFO - Processing file /home/airflow/.local/lib/python3.7/site-packages/airflow/example_dags/example_branch_python_dop_operator_3.py for tasks to queue
[2022-07-22 21:59:31,557] {logging_mixin.py:109} INFO - [2022-07-22 21:59:31,557] {dagbag.py:500} INFO - Filling up the DagBag from /home/airflow/.local/lib/python3.7/site-packages/airflow/example_dags/example_branch_python_dop_operator_3.py
[2022-07-22 21:59:31,576] {processor.py:654} INFO - DAG(s) dict_keys(['example_branch_dop_operator_v3']) retrieved from /home/airflow/.local/lib/python3.7/site-packages/airflow/example_dags/example_branch_python_dop_operator_3.py
[2022-07-22 21:59:31,583] {logging_mixin.py:109} INFO - [2022-07-22 21:59:31,583] {dag.py:2396} INFO - Sync 1 DAGs
[2022-07-22 21:59:31,597] {logging_mixin.py:109} INFO - [2022-07-22 21:59:31,597] {dag.py:2935} INFO - Setting next_dagrun for example_branch_dop_operator_v3 to 2022-07-22T21:58:00+00:00
[2022-07-22 21:59:31,604] {processor.py:171} INFO - Processing /home/airflow/.local/lib/python3.7/site-packages/airflow/example_dags/example_branch_python_dop_operator_3.py took 0.049 seconds
[2022-07-22 22:00:02,335] {processor.py:163} INFO - Started process (PID=449) to work on /home/airflow/.local/lib/python3.7/site-packages/airflow/example_dags/example_branch_python_dop_operator_3.py
[2022-07-22 22:00:02,336] {processor.py:642} INFO - Processing file /home/airflow/.local/lib/python3.7/site-packages/airflow/example_dags/example_branch_python_dop_operator_3.py for tasks to queue
[2022-07-22 22:00:02,337] {logging_mixin.py:109} INFO - [2022-07-22 22:00:02,336] {dagbag.py:500} INFO - Filling up the DagBag from /home/airflow/.local/lib/python3.7/site-packages/airflow/example_dags/example_branch_python_dop_operator_3.py
[2022-07-22 22:00:02,355] {processor.py:654} INFO - DAG(s) dict_keys(['example_branch_dop_operator_v3']) retrieved from /home/airflow/.local/lib/python3.7/site-packages/airflow/example_dags/example_branch_python_dop_operator_3.py
[2022-07-22 22:00:02,362] {logging_mixin.py:109} INFO - [2022-07-22 22:00:02,362] {dag.py:2396} INFO - Sync 1 DAGs
[2022-07-22 22:00:02,376] {logging_mixin.py:109} INFO - [2022-07-22 22:00:02,375] {dag.py:2935} INFO - Setting next_dagrun for example_branch_dop_operator_v3 to 2022-07-22T21:59:00+00:00
[2022-07-22 22:00:02,382] {processor.py:171} INFO - Processing /home/airflow/.local/lib/python3.7/site-packages/airflow/example_dags/example_branch_python_dop_operator_3.py took 0.048 seconds
[2022-07-22 22:00:32,984] {processor.py:163} INFO - Started process (PID=499) to work on /home/airflow/.local/lib/python3.7/site-packages/airflow/example_dags/example_branch_python_dop_operator_3.py
[2022-07-22 22:00:32,985] {processor.py:642} INFO - Processing file /home/airflow/.local/lib/python3.7/site-packages/airflow/example_dags/example_branch_python_dop_operator_3.py for tasks to queue
[2022-07-22 22:00:32,985] {logging_mixin.py:109} INFO - [2022-07-22 22:00:32,985] {dagbag.py:500} INFO - Filling up the DagBag from /home/airflow/.local/lib/python3.7/site-packages/airflow/example_dags/example_branch_python_dop_operator_3.py
[2022-07-22 22:00:33,004] {processor.py:654} INFO - DAG(s) dict_keys(['example_branch_dop_operator_v3']) retrieved from /home/airflow/.local/lib/python3.7/site-packages/airflow/example_dags/example_branch_python_dop_operator_3.py
[2022-07-22 22:00:33,010] {logging_mixin.py:109} INFO - [2022-07-22 22:00:33,010] {dag.py:2396} INFO - Sync 1 DAGs
[2022-07-22 22:00:33,023] {logging_mixin.py:109} INFO - [2022-07-22 22:00:33,023] {dag.py:2935} INFO - Setting next_dagrun for example_branch_dop_operator_v3 to 2022-07-22T21:59:00+00:00
[2022-07-22 22:00:33,029] {processor.py:171} INFO - Processing /home/airflow/.local/lib/python3.7/site-packages/airflow/example_dags/example_branch_python_dop_operator_3.py took 0.046 seconds
[2022-07-22 22:01:03,645] {processor.py:163} INFO - Started process (PID=558) to work on /home/airflow/.local/lib/python3.7/site-packages/airflow/example_dags/example_branch_python_dop_operator_3.py
[2022-07-22 22:01:03,646] {processor.py:642} INFO - Processing file /home/airflow/.local/lib/python3.7/site-packages/airflow/example_dags/example_branch_python_dop_operator_3.py for tasks to queue
[2022-07-22 22:01:03,646] {logging_mixin.py:109} INFO - [2022-07-22 22:01:03,646] {dagbag.py:500} INFO - Filling up the DagBag from /home/airflow/.local/lib/python3.7/site-packages/airflow/example_dags/example_branch_python_dop_operator_3.py
[2022-07-22 22:01:03,665] {processor.py:654} INFO - DAG(s) dict_keys(['example_branch_dop_operator_v3']) retrieved from /home/airflow/.local/lib/python3.7/site-packages/airflow/example_dags/example_branch_python_dop_operator_3.py
[2022-07-22 22:01:03,673] {logging_mixin.py:109} INFO - [2022-07-22 22:01:03,673] {dag.py:2396} INFO - Sync 1 DAGs
[2022-07-22 22:01:03,689] {logging_mixin.py:109} INFO - [2022-07-22 22:01:03,689] {dag.py:2935} INFO - Setting next_dagrun for example_branch_dop_operator_v3 to 2022-07-22T22:00:00+00:00
[2022-07-22 22:01:03,695] {processor.py:171} INFO - Processing /home/airflow/.local/lib/python3.7/site-packages/airflow/example_dags/example_branch_python_dop_operator_3.py took 0.052 seconds
[2022-07-22 22:01:34,325] {processor.py:163} INFO - Started process (PID=617) to work on /home/airflow/.local/lib/python3.7/site-packages/airflow/example_dags/example_branch_python_dop_operator_3.py
[2022-07-22 22:01:34,326] {processor.py:642} INFO - Processing file /home/airflow/.local/lib/python3.7/site-packages/airflow/example_dags/example_branch_python_dop_operator_3.py for tasks to queue
[2022-07-22 22:01:34,327] {logging_mixin.py:109} INFO - [2022-07-22 22:01:34,327] {dagbag.py:500} INFO - Filling up the DagBag from /home/airflow/.local/lib/python3.7/site-packages/airflow/example_dags/example_branch_python_dop_operator_3.py
[2022-07-22 22:01:34,346] {processor.py:654} INFO - DAG(s) dict_keys(['example_branch_dop_operator_v3']) retrieved from /home/airflow/.local/lib/python3.7/site-packages/airflow/example_dags/example_branch_python_dop_operator_3.py
[2022-07-22 22:01:34,353] {logging_mixin.py:109} INFO - [2022-07-22 22:01:34,353] {dag.py:2396} INFO - Sync 1 DAGs
[2022-07-22 22:01:34,367] {logging_mixin.py:109} INFO - [2022-07-22 22:01:34,367] {dag.py:2935} INFO - Setting next_dagrun for example_branch_dop_operator_v3 to 2022-07-22T22:00:00+00:00
[2022-07-22 22:01:34,373] {processor.py:171} INFO - Processing /home/airflow/.local/lib/python3.7/site-packages/airflow/example_dags/example_branch_python_dop_operator_3.py took 0.050 seconds
[2022-07-22 22:02:04,997] {processor.py:163} INFO - Started process (PID=667) to work on /home/airflow/.local/lib/python3.7/site-packages/airflow/example_dags/example_branch_python_dop_operator_3.py
[2022-07-22 22:02:04,998] {processor.py:642} INFO - Processing file /home/airflow/.local/lib/python3.7/site-packages/airflow/example_dags/example_branch_python_dop_operator_3.py for tasks to queue
[2022-07-22 22:02:04,998] {logging_mixin.py:109} INFO - [2022-07-22 22:02:04,998] {dagbag.py:500} INFO - Filling up the DagBag from /home/airflow/.local/lib/python3.7/site-packages/airflow/example_dags/example_branch_python_dop_operator_3.py
[2022-07-22 22:02:05,016] {processor.py:654} INFO - DAG(s) dict_keys(['example_branch_dop_operator_v3']) retrieved from /home/airflow/.local/lib/python3.7/site-packages/airflow/example_dags/example_branch_python_dop_operator_3.py
[2022-07-22 22:02:05,022] {logging_mixin.py:109} INFO - [2022-07-22 22:02:05,022] {dag.py:2396} INFO - Sync 1 DAGs
[2022-07-22 22:02:05,035] {logging_mixin.py:109} INFO - [2022-07-22 22:02:05,035] {dag.py:2935} INFO - Setting next_dagrun for example_branch_dop_operator_v3 to 2022-07-22T22:01:00+00:00
[2022-07-22 22:02:05,041] {processor.py:171} INFO - Processing /home/airflow/.local/lib/python3.7/site-packages/airflow/example_dags/example_branch_python_dop_operator_3.py took 0.046 seconds
[2022-07-22 22:02:35,587] {processor.py:163} INFO - Started process (PID=726) to work on /home/airflow/.local/lib/python3.7/site-packages/airflow/example_dags/example_branch_python_dop_operator_3.py
[2022-07-22 22:02:35,588] {processor.py:642} INFO - Processing file /home/airflow/.local/lib/python3.7/site-packages/airflow/example_dags/example_branch_python_dop_operator_3.py for tasks to queue
[2022-07-22 22:02:35,589] {logging_mixin.py:109} INFO - [2022-07-22 22:02:35,589] {dagbag.py:500} INFO - Filling up the DagBag from /home/airflow/.local/lib/python3.7/site-packages/airflow/example_dags/example_branch_python_dop_operator_3.py
[2022-07-22 22:02:35,607] {processor.py:654} INFO - DAG(s) dict_keys(['example_branch_dop_operator_v3']) retrieved from /home/airflow/.local/lib/python3.7/site-packages/airflow/example_dags/example_branch_python_dop_operator_3.py
[2022-07-22 22:02:35,614] {logging_mixin.py:109} INFO - [2022-07-22 22:02:35,614] {dag.py:2396} INFO - Sync 1 DAGs
[2022-07-22 22:02:35,629] {logging_mixin.py:109} INFO - [2022-07-22 22:02:35,629] {dag.py:2935} INFO - Setting next_dagrun for example_branch_dop_operator_v3 to 2022-07-22T22:01:00+00:00
[2022-07-22 22:02:35,636] {processor.py:171} INFO - Processing /home/airflow/.local/lib/python3.7/site-packages/airflow/example_dags/example_branch_python_dop_operator_3.py took 0.051 seconds
[2022-07-22 22:03:06,243] {processor.py:163} INFO - Started process (PID=776) to work on /home/airflow/.local/lib/python3.7/site-packages/airflow/example_dags/example_branch_python_dop_operator_3.py
[2022-07-22 22:03:06,244] {processor.py:642} INFO - Processing file /home/airflow/.local/lib/python3.7/site-packages/airflow/example_dags/example_branch_python_dop_operator_3.py for tasks to queue
[2022-07-22 22:03:06,244] {logging_mixin.py:109} INFO - [2022-07-22 22:03:06,244] {dagbag.py:500} INFO - Filling up the DagBag from /home/airflow/.local/lib/python3.7/site-packages/airflow/example_dags/example_branch_python_dop_operator_3.py
[2022-07-22 22:03:06,263] {processor.py:654} INFO - DAG(s) dict_keys(['example_branch_dop_operator_v3']) retrieved from /home/airflow/.local/lib/python3.7/site-packages/airflow/example_dags/example_branch_python_dop_operator_3.py
[2022-07-22 22:03:06,271] {logging_mixin.py:109} INFO - [2022-07-22 22:03:06,271] {dag.py:2396} INFO - Sync 1 DAGs
[2022-07-22 22:03:06,285] {logging_mixin.py:109} INFO - [2022-07-22 22:03:06,285] {dag.py:2935} INFO - Setting next_dagrun for example_branch_dop_operator_v3 to 2022-07-22T22:02:00+00:00
[2022-07-22 22:03:06,292] {processor.py:171} INFO - Processing /home/airflow/.local/lib/python3.7/site-packages/airflow/example_dags/example_branch_python_dop_operator_3.py took 0.050 seconds
[2022-07-22 22:03:36,815] {processor.py:163} INFO - Started process (PID=835) to work on /home/airflow/.local/lib/python3.7/site-packages/airflow/example_dags/example_branch_python_dop_operator_3.py
[2022-07-22 22:03:36,816] {processor.py:642} INFO - Processing file /home/airflow/.local/lib/python3.7/site-packages/airflow/example_dags/example_branch_python_dop_operator_3.py for tasks to queue
[2022-07-22 22:03:36,817] {logging_mixin.py:109} INFO - [2022-07-22 22:03:36,817] {dagbag.py:500} INFO - Filling up the DagBag from /home/airflow/.local/lib/python3.7/site-packages/airflow/example_dags/example_branch_python_dop_operator_3.py
[2022-07-22 22:03:36,835] {processor.py:654} INFO - DAG(s) dict_keys(['example_branch_dop_operator_v3']) retrieved from /home/airflow/.local/lib/python3.7/site-packages/airflow/example_dags/example_branch_python_dop_operator_3.py
[2022-07-22 22:03:36,842] {logging_mixin.py:109} INFO - [2022-07-22 22:03:36,842] {dag.py:2396} INFO - Sync 1 DAGs
[2022-07-22 22:03:36,856] {logging_mixin.py:109} INFO - [2022-07-22 22:03:36,856] {dag.py:2935} INFO - Setting next_dagrun for example_branch_dop_operator_v3 to 2022-07-22T22:02:00+00:00
[2022-07-22 22:03:36,861] {processor.py:171} INFO - Processing /home/airflow/.local/lib/python3.7/site-packages/airflow/example_dags/example_branch_python_dop_operator_3.py took 0.048 seconds
[2022-07-22 22:04:07,504] {processor.py:163} INFO - Started process (PID=885) to work on /home/airflow/.local/lib/python3.7/site-packages/airflow/example_dags/example_branch_python_dop_operator_3.py
[2022-07-22 22:04:07,505] {processor.py:642} INFO - Processing file /home/airflow/.local/lib/python3.7/site-packages/airflow/example_dags/example_branch_python_dop_operator_3.py for tasks to queue
[2022-07-22 22:04:07,505] {logging_mixin.py:109} INFO - [2022-07-22 22:04:07,505] {dagbag.py:500} INFO - Filling up the DagBag from /home/airflow/.local/lib/python3.7/site-packages/airflow/example_dags/example_branch_python_dop_operator_3.py
[2022-07-22 22:04:07,523] {processor.py:654} INFO - DAG(s) dict_keys(['example_branch_dop_operator_v3']) retrieved from /home/airflow/.local/lib/python3.7/site-packages/airflow/example_dags/example_branch_python_dop_operator_3.py
[2022-07-22 22:04:07,529] {logging_mixin.py:109} INFO - [2022-07-22 22:04:07,529] {dag.py:2396} INFO - Sync 1 DAGs
[2022-07-22 22:04:07,544] {logging_mixin.py:109} INFO - [2022-07-22 22:04:07,544] {dag.py:2935} INFO - Setting next_dagrun for example_branch_dop_operator_v3 to 2022-07-22T22:03:00+00:00
[2022-07-22 22:04:07,550] {processor.py:171} INFO - Processing /home/airflow/.local/lib/python3.7/site-packages/airflow/example_dags/example_branch_python_dop_operator_3.py took 0.048 seconds
[2022-07-22 22:04:38,291] {processor.py:163} INFO - Started process (PID=944) to work on /home/airflow/.local/lib/python3.7/site-packages/airflow/example_dags/example_branch_python_dop_operator_3.py
[2022-07-22 22:04:38,292] {processor.py:642} INFO - Processing file /home/airflow/.local/lib/python3.7/site-packages/airflow/example_dags/example_branch_python_dop_operator_3.py for tasks to queue
[2022-07-22 22:04:38,292] {logging_mixin.py:109} INFO - [2022-07-22 22:04:38,292] {dagbag.py:500} INFO - Filling up the DagBag from /home/airflow/.local/lib/python3.7/site-packages/airflow/example_dags/example_branch_python_dop_operator_3.py
[2022-07-22 22:04:38,311] {processor.py:654} INFO - DAG(s) dict_keys(['example_branch_dop_operator_v3']) retrieved from /home/airflow/.local/lib/python3.7/site-packages/airflow/example_dags/example_branch_python_dop_operator_3.py
[2022-07-22 22:04:38,317] {logging_mixin.py:109} INFO - [2022-07-22 22:04:38,317] {dag.py:2396} INFO - Sync 1 DAGs
[2022-07-22 22:04:38,331] {logging_mixin.py:109} INFO - [2022-07-22 22:04:38,331] {dag.py:2935} INFO - Setting next_dagrun for example_branch_dop_operator_v3 to 2022-07-22T22:03:00+00:00
[2022-07-22 22:04:38,337] {processor.py:171} INFO - Processing /home/airflow/.local/lib/python3.7/site-packages/airflow/example_dags/example_branch_python_dop_operator_3.py took 0.048 seconds
[2022-07-22 22:05:08,910] {processor.py:163} INFO - Started process (PID=1003) to work on /home/airflow/.local/lib/python3.7/site-packages/airflow/example_dags/example_branch_python_dop_operator_3.py
[2022-07-22 22:05:08,911] {processor.py:642} INFO - Processing file /home/airflow/.local/lib/python3.7/site-packages/airflow/example_dags/example_branch_python_dop_operator_3.py for tasks to queue
[2022-07-22 22:05:08,911] {logging_mixin.py:109} INFO - [2022-07-22 22:05:08,911] {dagbag.py:500} INFO - Filling up the DagBag from /home/airflow/.local/lib/python3.7/site-packages/airflow/example_dags/example_branch_python_dop_operator_3.py
[2022-07-22 22:05:08,930] {processor.py:654} INFO - DAG(s) dict_keys(['example_branch_dop_operator_v3']) retrieved from /home/airflow/.local/lib/python3.7/site-packages/airflow/example_dags/example_branch_python_dop_operator_3.py
[2022-07-22 22:05:08,936] {logging_mixin.py:109} INFO - [2022-07-22 22:05:08,936] {dag.py:2396} INFO - Sync 1 DAGs
[2022-07-22 22:05:08,951] {logging_mixin.py:109} INFO - [2022-07-22 22:05:08,951] {dag.py:2935} INFO - Setting next_dagrun for example_branch_dop_operator_v3 to 2022-07-22T22:04:00+00:00
[2022-07-22 22:05:08,957] {processor.py:171} INFO - Processing /home/airflow/.local/lib/python3.7/site-packages/airflow/example_dags/example_branch_python_dop_operator_3.py took 0.048 seconds
[2022-07-22 22:05:39,478] {processor.py:163} INFO - Started process (PID=1053) to work on /home/airflow/.local/lib/python3.7/site-packages/airflow/example_dags/example_branch_python_dop_operator_3.py
[2022-07-22 22:05:39,479] {processor.py:642} INFO - Processing file /home/airflow/.local/lib/python3.7/site-packages/airflow/example_dags/example_branch_python_dop_operator_3.py for tasks to queue
[2022-07-22 22:05:39,479] {logging_mixin.py:109} INFO - [2022-07-22 22:05:39,479] {dagbag.py:500} INFO - Filling up the DagBag from /home/airflow/.local/lib/python3.7/site-packages/airflow/example_dags/example_branch_python_dop_operator_3.py
[2022-07-22 22:05:39,497] {processor.py:654} INFO - DAG(s) dict_keys(['example_branch_dop_operator_v3']) retrieved from /home/airflow/.local/lib/python3.7/site-packages/airflow/example_dags/example_branch_python_dop_operator_3.py
[2022-07-22 22:05:39,503] {logging_mixin.py:109} INFO - [2022-07-22 22:05:39,503] {dag.py:2396} INFO - Sync 1 DAGs
[2022-07-22 22:05:39,518] {logging_mixin.py:109} INFO - [2022-07-22 22:05:39,518] {dag.py:2935} INFO - Setting next_dagrun for example_branch_dop_operator_v3 to 2022-07-22T22:04:00+00:00
[2022-07-22 22:05:39,524] {processor.py:171} INFO - Processing /home/airflow/.local/lib/python3.7/site-packages/airflow/example_dags/example_branch_python_dop_operator_3.py took 0.048 seconds
[2022-07-22 22:06:10,096] {processor.py:163} INFO - Started process (PID=1112) to work on /home/airflow/.local/lib/python3.7/site-packages/airflow/example_dags/example_branch_python_dop_operator_3.py
[2022-07-22 22:06:10,097] {processor.py:642} INFO - Processing file /home/airflow/.local/lib/python3.7/site-packages/airflow/example_dags/example_branch_python_dop_operator_3.py for tasks to queue
[2022-07-22 22:06:10,097] {logging_mixin.py:109} INFO - [2022-07-22 22:06:10,097] {dagbag.py:500} INFO - Filling up the DagBag from /home/airflow/.local/lib/python3.7/site-packages/airflow/example_dags/example_branch_python_dop_operator_3.py
[2022-07-22 22:06:10,115] {processor.py:654} INFO - DAG(s) dict_keys(['example_branch_dop_operator_v3']) retrieved from /home/airflow/.local/lib/python3.7/site-packages/airflow/example_dags/example_branch_python_dop_operator_3.py
[2022-07-22 22:06:10,122] {logging_mixin.py:109} INFO - [2022-07-22 22:06:10,122] {dag.py:2396} INFO - Sync 1 DAGs
[2022-07-22 22:06:10,136] {logging_mixin.py:109} INFO - [2022-07-22 22:06:10,136] {dag.py:2935} INFO - Setting next_dagrun for example_branch_dop_operator_v3 to 2022-07-22T22:05:00+00:00
[2022-07-22 22:06:10,142] {processor.py:171} INFO - Processing /home/airflow/.local/lib/python3.7/site-packages/airflow/example_dags/example_branch_python_dop_operator_3.py took 0.048 seconds
[2022-07-22 22:06:40,729] {processor.py:163} INFO - Started process (PID=1162) to work on /home/airflow/.local/lib/python3.7/site-packages/airflow/example_dags/example_branch_python_dop_operator_3.py
[2022-07-22 22:06:40,730] {processor.py:642} INFO - Processing file /home/airflow/.local/lib/python3.7/site-packages/airflow/example_dags/example_branch_python_dop_operator_3.py for tasks to queue
[2022-07-22 22:06:40,730] {logging_mixin.py:109} INFO - [2022-07-22 22:06:40,730] {dagbag.py:500} INFO - Filling up the DagBag from /home/airflow/.local/lib/python3.7/site-packages/airflow/example_dags/example_branch_python_dop_operator_3.py
[2022-07-22 22:06:40,749] {processor.py:654} INFO - DAG(s) dict_keys(['example_branch_dop_operator_v3']) retrieved from /home/airflow/.local/lib/python3.7/site-packages/airflow/example_dags/example_branch_python_dop_operator_3.py
[2022-07-22 22:06:40,756] {logging_mixin.py:109} INFO - [2022-07-22 22:06:40,756] {dag.py:2396} INFO - Sync 1 DAGs
[2022-07-22 22:06:40,770] {logging_mixin.py:109} INFO - [2022-07-22 22:06:40,770] {dag.py:2935} INFO - Setting next_dagrun for example_branch_dop_operator_v3 to 2022-07-22T22:05:00+00:00
[2022-07-22 22:06:40,776] {processor.py:171} INFO - Processing /home/airflow/.local/lib/python3.7/site-packages/airflow/example_dags/example_branch_python_dop_operator_3.py took 0.048 seconds
[2022-07-22 22:07:11,362] {processor.py:163} INFO - Started process (PID=1221) to work on /home/airflow/.local/lib/python3.7/site-packages/airflow/example_dags/example_branch_python_dop_operator_3.py
[2022-07-22 22:07:11,363] {processor.py:642} INFO - Processing file /home/airflow/.local/lib/python3.7/site-packages/airflow/example_dags/example_branch_python_dop_operator_3.py for tasks to queue
[2022-07-22 22:07:11,363] {logging_mixin.py:109} INFO - [2022-07-22 22:07:11,363] {dagbag.py:500} INFO - Filling up the DagBag from /home/airflow/.local/lib/python3.7/site-packages/airflow/example_dags/example_branch_python_dop_operator_3.py
[2022-07-22 22:07:11,381] {processor.py:654} INFO - DAG(s) dict_keys(['example_branch_dop_operator_v3']) retrieved from /home/airflow/.local/lib/python3.7/site-packages/airflow/example_dags/example_branch_python_dop_operator_3.py
[2022-07-22 22:07:11,387] {logging_mixin.py:109} INFO - [2022-07-22 22:07:11,387] {dag.py:2396} INFO - Sync 1 DAGs
[2022-07-22 22:07:11,401] {logging_mixin.py:109} INFO - [2022-07-22 22:07:11,401] {dag.py:2935} INFO - Setting next_dagrun for example_branch_dop_operator_v3 to 2022-07-22T22:06:00+00:00
[2022-07-22 22:07:11,406] {processor.py:171} INFO - Processing /home/airflow/.local/lib/python3.7/site-packages/airflow/example_dags/example_branch_python_dop_operator_3.py took 0.046 seconds
[2022-07-22 22:07:41,938] {processor.py:163} INFO - Started process (PID=1280) to work on /home/airflow/.local/lib/python3.7/site-packages/airflow/example_dags/example_branch_python_dop_operator_3.py
[2022-07-22 22:07:41,939] {processor.py:642} INFO - Processing file /home/airflow/.local/lib/python3.7/site-packages/airflow/example_dags/example_branch_python_dop_operator_3.py for tasks to queue
[2022-07-22 22:07:41,940] {logging_mixin.py:109} INFO - [2022-07-22 22:07:41,940] {dagbag.py:500} INFO - Filling up the DagBag from /home/airflow/.local/lib/python3.7/site-packages/airflow/example_dags/example_branch_python_dop_operator_3.py
[2022-07-22 22:07:41,959] {processor.py:654} INFO - DAG(s) dict_keys(['example_branch_dop_operator_v3']) retrieved from /home/airflow/.local/lib/python3.7/site-packages/airflow/example_dags/example_branch_python_dop_operator_3.py
[2022-07-22 22:07:41,967] {logging_mixin.py:109} INFO - [2022-07-22 22:07:41,967] {dag.py:2396} INFO - Sync 1 DAGs
[2022-07-22 22:07:41,981] {logging_mixin.py:109} INFO - [2022-07-22 22:07:41,981] {dag.py:2935} INFO - Setting next_dagrun for example_branch_dop_operator_v3 to 2022-07-22T22:06:00+00:00
[2022-07-22 22:07:41,986] {processor.py:171} INFO - Processing /home/airflow/.local/lib/python3.7/site-packages/airflow/example_dags/example_branch_python_dop_operator_3.py took 0.050 seconds
[2022-07-22 22:08:12,600] {processor.py:163} INFO - Started process (PID=1330) to work on /home/airflow/.local/lib/python3.7/site-packages/airflow/example_dags/example_branch_python_dop_operator_3.py
[2022-07-22 22:08:12,601] {processor.py:642} INFO - Processing file /home/airflow/.local/lib/python3.7/site-packages/airflow/example_dags/example_branch_python_dop_operator_3.py for tasks to queue
[2022-07-22 22:08:12,601] {logging_mixin.py:109} INFO - [2022-07-22 22:08:12,601] {dagbag.py:500} INFO - Filling up the DagBag from /home/airflow/.local/lib/python3.7/site-packages/airflow/example_dags/example_branch_python_dop_operator_3.py
[2022-07-22 22:08:12,621] {processor.py:654} INFO - DAG(s) dict_keys(['example_branch_dop_operator_v3']) retrieved from /home/airflow/.local/lib/python3.7/site-packages/airflow/example_dags/example_branch_python_dop_operator_3.py
[2022-07-22 22:08:12,627] {logging_mixin.py:109} INFO - [2022-07-22 22:08:12,627] {dag.py:2396} INFO - Sync 1 DAGs
[2022-07-22 22:08:12,642] {logging_mixin.py:109} INFO - [2022-07-22 22:08:12,642] {dag.py:2935} INFO - Setting next_dagrun for example_branch_dop_operator_v3 to 2022-07-22T22:07:00+00:00
[2022-07-22 22:08:12,648] {processor.py:171} INFO - Processing /home/airflow/.local/lib/python3.7/site-packages/airflow/example_dags/example_branch_python_dop_operator_3.py took 0.050 seconds
[2022-07-22 22:08:43,552] {processor.py:163} INFO - Started process (PID=1389) to work on /home/airflow/.local/lib/python3.7/site-packages/airflow/example_dags/example_branch_python_dop_operator_3.py
[2022-07-22 22:08:43,553] {processor.py:642} INFO - Processing file /home/airflow/.local/lib/python3.7/site-packages/airflow/example_dags/example_branch_python_dop_operator_3.py for tasks to queue
[2022-07-22 22:08:43,554] {logging_mixin.py:109} INFO - [2022-07-22 22:08:43,553] {dagbag.py:500} INFO - Filling up the DagBag from /home/airflow/.local/lib/python3.7/site-packages/airflow/example_dags/example_branch_python_dop_operator_3.py
[2022-07-22 22:08:43,583] {processor.py:654} INFO - DAG(s) dict_keys(['example_branch_dop_operator_v3']) retrieved from /home/airflow/.local/lib/python3.7/site-packages/airflow/example_dags/example_branch_python_dop_operator_3.py
[2022-07-22 22:08:43,593] {logging_mixin.py:109} INFO - [2022-07-22 22:08:43,593] {dag.py:2396} INFO - Sync 1 DAGs
[2022-07-22 22:08:43,614] {logging_mixin.py:109} INFO - [2022-07-22 22:08:43,614] {dag.py:2935} INFO - Setting next_dagrun for example_branch_dop_operator_v3 to 2022-07-22T22:07:00+00:00
[2022-07-22 22:08:43,770] {processor.py:171} INFO - Processing /home/airflow/.local/lib/python3.7/site-packages/airflow/example_dags/example_branch_python_dop_operator_3.py took 0.221 seconds
[2022-07-22 22:09:14,407] {processor.py:163} INFO - Started process (PID=1439) to work on /home/airflow/.local/lib/python3.7/site-packages/airflow/example_dags/example_branch_python_dop_operator_3.py
[2022-07-22 22:09:14,408] {processor.py:642} INFO - Processing file /home/airflow/.local/lib/python3.7/site-packages/airflow/example_dags/example_branch_python_dop_operator_3.py for tasks to queue
[2022-07-22 22:09:14,408] {logging_mixin.py:109} INFO - [2022-07-22 22:09:14,408] {dagbag.py:500} INFO - Filling up the DagBag from /home/airflow/.local/lib/python3.7/site-packages/airflow/example_dags/example_branch_python_dop_operator_3.py
[2022-07-22 22:09:14,434] {processor.py:654} INFO - DAG(s) dict_keys(['example_branch_dop_operator_v3']) retrieved from /home/airflow/.local/lib/python3.7/site-packages/airflow/example_dags/example_branch_python_dop_operator_3.py
[2022-07-22 22:09:14,443] {logging_mixin.py:109} INFO - [2022-07-22 22:09:14,443] {dag.py:2396} INFO - Sync 1 DAGs
[2022-07-22 22:09:14,463] {logging_mixin.py:109} INFO - [2022-07-22 22:09:14,463] {dag.py:2935} INFO - Setting next_dagrun for example_branch_dop_operator_v3 to 2022-07-22T22:08:00+00:00
[2022-07-22 22:09:14,471] {processor.py:171} INFO - Processing /home/airflow/.local/lib/python3.7/site-packages/airflow/example_dags/example_branch_python_dop_operator_3.py took 0.067 seconds
[2022-07-22 22:09:44,563] {processor.py:163} INFO - Started process (PID=1498) to work on /home/airflow/.local/lib/python3.7/site-packages/airflow/example_dags/example_branch_python_dop_operator_3.py
[2022-07-22 22:09:44,564] {processor.py:642} INFO - Processing file /home/airflow/.local/lib/python3.7/site-packages/airflow/example_dags/example_branch_python_dop_operator_3.py for tasks to queue
[2022-07-22 22:09:44,565] {logging_mixin.py:109} INFO - [2022-07-22 22:09:44,565] {dagbag.py:500} INFO - Filling up the DagBag from /home/airflow/.local/lib/python3.7/site-packages/airflow/example_dags/example_branch_python_dop_operator_3.py
[2022-07-22 22:09:44,591] {processor.py:654} INFO - DAG(s) dict_keys(['example_branch_dop_operator_v3']) retrieved from /home/airflow/.local/lib/python3.7/site-packages/airflow/example_dags/example_branch_python_dop_operator_3.py
[2022-07-22 22:09:44,599] {logging_mixin.py:109} INFO - [2022-07-22 22:09:44,599] {dag.py:2396} INFO - Sync 1 DAGs
[2022-07-22 22:09:44,614] {logging_mixin.py:109} INFO - [2022-07-22 22:09:44,614] {dag.py:2935} INFO - Setting next_dagrun for example_branch_dop_operator_v3 to 2022-07-22T22:08:00+00:00
[2022-07-22 22:09:44,621] {processor.py:171} INFO - Processing /home/airflow/.local/lib/python3.7/site-packages/airflow/example_dags/example_branch_python_dop_operator_3.py took 0.061 seconds
[2022-07-22 22:10:15,563] {processor.py:163} INFO - Started process (PID=1548) to work on /home/airflow/.local/lib/python3.7/site-packages/airflow/example_dags/example_branch_python_dop_operator_3.py
[2022-07-22 22:10:15,564] {processor.py:642} INFO - Processing file /home/airflow/.local/lib/python3.7/site-packages/airflow/example_dags/example_branch_python_dop_operator_3.py for tasks to queue
[2022-07-22 22:10:15,564] {logging_mixin.py:109} INFO - [2022-07-22 22:10:15,564] {dagbag.py:500} INFO - Filling up the DagBag from /home/airflow/.local/lib/python3.7/site-packages/airflow/example_dags/example_branch_python_dop_operator_3.py
[2022-07-22 22:10:15,582] {processor.py:654} INFO - DAG(s) dict_keys(['example_branch_dop_operator_v3']) retrieved from /home/airflow/.local/lib/python3.7/site-packages/airflow/example_dags/example_branch_python_dop_operator_3.py
[2022-07-22 22:10:15,589] {logging_mixin.py:109} INFO - [2022-07-22 22:10:15,589] {dag.py:2396} INFO - Sync 1 DAGs
[2022-07-22 22:10:15,602] {logging_mixin.py:109} INFO - [2022-07-22 22:10:15,602] {dag.py:2935} INFO - Setting next_dagrun for example_branch_dop_operator_v3 to 2022-07-22T22:09:00+00:00
[2022-07-22 22:10:15,608] {processor.py:171} INFO - Processing /home/airflow/.local/lib/python3.7/site-packages/airflow/example_dags/example_branch_python_dop_operator_3.py took 0.047 seconds
[2022-07-22 22:10:46,186] {processor.py:163} INFO - Started process (PID=1607) to work on /home/airflow/.local/lib/python3.7/site-packages/airflow/example_dags/example_branch_python_dop_operator_3.py
[2022-07-22 22:10:46,187] {processor.py:642} INFO - Processing file /home/airflow/.local/lib/python3.7/site-packages/airflow/example_dags/example_branch_python_dop_operator_3.py for tasks to queue
[2022-07-22 22:10:46,187] {logging_mixin.py:109} INFO - [2022-07-22 22:10:46,187] {dagbag.py:500} INFO - Filling up the DagBag from /home/airflow/.local/lib/python3.7/site-packages/airflow/example_dags/example_branch_python_dop_operator_3.py
[2022-07-22 22:10:46,210] {processor.py:654} INFO - DAG(s) dict_keys(['example_branch_dop_operator_v3']) retrieved from /home/airflow/.local/lib/python3.7/site-packages/airflow/example_dags/example_branch_python_dop_operator_3.py
[2022-07-22 22:10:46,220] {logging_mixin.py:109} INFO - [2022-07-22 22:10:46,220] {dag.py:2396} INFO - Sync 1 DAGs
[2022-07-22 22:10:46,238] {logging_mixin.py:109} INFO - [2022-07-22 22:10:46,238] {dag.py:2935} INFO - Setting next_dagrun for example_branch_dop_operator_v3 to 2022-07-22T22:09:00+00:00
[2022-07-22 22:10:46,246] {processor.py:171} INFO - Processing /home/airflow/.local/lib/python3.7/site-packages/airflow/example_dags/example_branch_python_dop_operator_3.py took 0.063 seconds
[2022-07-22 22:11:17,128] {processor.py:163} INFO - Started process (PID=1657) to work on /home/airflow/.local/lib/python3.7/site-packages/airflow/example_dags/example_branch_python_dop_operator_3.py
[2022-07-22 22:11:17,129] {processor.py:642} INFO - Processing file /home/airflow/.local/lib/python3.7/site-packages/airflow/example_dags/example_branch_python_dop_operator_3.py for tasks to queue
[2022-07-22 22:11:17,129] {logging_mixin.py:109} INFO - [2022-07-22 22:11:17,129] {dagbag.py:500} INFO - Filling up the DagBag from /home/airflow/.local/lib/python3.7/site-packages/airflow/example_dags/example_branch_python_dop_operator_3.py
[2022-07-22 22:11:17,148] {processor.py:654} INFO - DAG(s) dict_keys(['example_branch_dop_operator_v3']) retrieved from /home/airflow/.local/lib/python3.7/site-packages/airflow/example_dags/example_branch_python_dop_operator_3.py
[2022-07-22 22:11:17,155] {logging_mixin.py:109} INFO - [2022-07-22 22:11:17,155] {dag.py:2396} INFO - Sync 1 DAGs
[2022-07-22 22:11:17,170] {logging_mixin.py:109} INFO - [2022-07-22 22:11:17,169] {dag.py:2935} INFO - Setting next_dagrun for example_branch_dop_operator_v3 to 2022-07-22T22:10:00+00:00
[2022-07-22 22:11:17,176] {processor.py:171} INFO - Processing /home/airflow/.local/lib/python3.7/site-packages/airflow/example_dags/example_branch_python_dop_operator_3.py took 0.050 seconds
[2022-07-22 22:11:47,882] {processor.py:163} INFO - Started process (PID=1716) to work on /home/airflow/.local/lib/python3.7/site-packages/airflow/example_dags/example_branch_python_dop_operator_3.py
[2022-07-22 22:11:47,883] {processor.py:642} INFO - Processing file /home/airflow/.local/lib/python3.7/site-packages/airflow/example_dags/example_branch_python_dop_operator_3.py for tasks to queue
[2022-07-22 22:11:47,883] {logging_mixin.py:109} INFO - [2022-07-22 22:11:47,883] {dagbag.py:500} INFO - Filling up the DagBag from /home/airflow/.local/lib/python3.7/site-packages/airflow/example_dags/example_branch_python_dop_operator_3.py
[2022-07-22 22:11:47,902] {processor.py:654} INFO - DAG(s) dict_keys(['example_branch_dop_operator_v3']) retrieved from /home/airflow/.local/lib/python3.7/site-packages/airflow/example_dags/example_branch_python_dop_operator_3.py
[2022-07-22 22:11:47,908] {logging_mixin.py:109} INFO - [2022-07-22 22:11:47,908] {dag.py:2396} INFO - Sync 1 DAGs
[2022-07-22 22:11:47,922] {logging_mixin.py:109} INFO - [2022-07-22 22:11:47,921] {dag.py:2935} INFO - Setting next_dagrun for example_branch_dop_operator_v3 to 2022-07-22T22:10:00+00:00
[2022-07-22 22:11:47,927] {processor.py:171} INFO - Processing /home/airflow/.local/lib/python3.7/site-packages/airflow/example_dags/example_branch_python_dop_operator_3.py took 0.047 seconds
[2022-07-22 22:12:18,806] {processor.py:163} INFO - Started process (PID=1775) to work on /home/airflow/.local/lib/python3.7/site-packages/airflow/example_dags/example_branch_python_dop_operator_3.py
[2022-07-22 22:12:18,807] {processor.py:642} INFO - Processing file /home/airflow/.local/lib/python3.7/site-packages/airflow/example_dags/example_branch_python_dop_operator_3.py for tasks to queue
[2022-07-22 22:12:18,807] {logging_mixin.py:109} INFO - [2022-07-22 22:12:18,807] {dagbag.py:500} INFO - Filling up the DagBag from /home/airflow/.local/lib/python3.7/site-packages/airflow/example_dags/example_branch_python_dop_operator_3.py
[2022-07-22 22:12:18,830] {processor.py:654} INFO - DAG(s) dict_keys(['example_branch_dop_operator_v3']) retrieved from /home/airflow/.local/lib/python3.7/site-packages/airflow/example_dags/example_branch_python_dop_operator_3.py
[2022-07-22 22:12:18,837] {logging_mixin.py:109} INFO - [2022-07-22 22:12:18,837] {dag.py:2396} INFO - Sync 1 DAGs
[2022-07-22 22:12:18,854] {logging_mixin.py:109} INFO - [2022-07-22 22:12:18,854] {dag.py:2935} INFO - Setting next_dagrun for example_branch_dop_operator_v3 to 2022-07-22T22:11:00+00:00
[2022-07-22 22:12:18,862] {processor.py:171} INFO - Processing /home/airflow/.local/lib/python3.7/site-packages/airflow/example_dags/example_branch_python_dop_operator_3.py took 0.058 seconds
[2022-07-22 22:12:49,569] {processor.py:163} INFO - Started process (PID=1825) to work on /home/airflow/.local/lib/python3.7/site-packages/airflow/example_dags/example_branch_python_dop_operator_3.py
[2022-07-22 22:12:49,570] {processor.py:642} INFO - Processing file /home/airflow/.local/lib/python3.7/site-packages/airflow/example_dags/example_branch_python_dop_operator_3.py for tasks to queue
[2022-07-22 22:12:49,570] {logging_mixin.py:109} INFO - [2022-07-22 22:12:49,570] {dagbag.py:500} INFO - Filling up the DagBag from /home/airflow/.local/lib/python3.7/site-packages/airflow/example_dags/example_branch_python_dop_operator_3.py
[2022-07-22 22:12:49,594] {processor.py:654} INFO - DAG(s) dict_keys(['example_branch_dop_operator_v3']) retrieved from /home/airflow/.local/lib/python3.7/site-packages/airflow/example_dags/example_branch_python_dop_operator_3.py
[2022-07-22 22:12:49,604] {logging_mixin.py:109} INFO - [2022-07-22 22:12:49,604] {dag.py:2396} INFO - Sync 1 DAGs
[2022-07-22 22:12:49,626] {logging_mixin.py:109} INFO - [2022-07-22 22:12:49,626] {dag.py:2935} INFO - Setting next_dagrun for example_branch_dop_operator_v3 to 2022-07-22T22:11:00+00:00
[2022-07-22 22:12:49,635] {processor.py:171} INFO - Processing /home/airflow/.local/lib/python3.7/site-packages/airflow/example_dags/example_branch_python_dop_operator_3.py took 0.068 seconds
[2022-07-22 22:13:20,530] {processor.py:163} INFO - Started process (PID=1884) to work on /home/airflow/.local/lib/python3.7/site-packages/airflow/example_dags/example_branch_python_dop_operator_3.py
[2022-07-22 22:13:20,531] {processor.py:642} INFO - Processing file /home/airflow/.local/lib/python3.7/site-packages/airflow/example_dags/example_branch_python_dop_operator_3.py for tasks to queue
[2022-07-22 22:13:20,532] {logging_mixin.py:109} INFO - [2022-07-22 22:13:20,531] {dagbag.py:500} INFO - Filling up the DagBag from /home/airflow/.local/lib/python3.7/site-packages/airflow/example_dags/example_branch_python_dop_operator_3.py
[2022-07-22 22:13:20,550] {processor.py:654} INFO - DAG(s) dict_keys(['example_branch_dop_operator_v3']) retrieved from /home/airflow/.local/lib/python3.7/site-packages/airflow/example_dags/example_branch_python_dop_operator_3.py
[2022-07-22 22:13:20,556] {logging_mixin.py:109} INFO - [2022-07-22 22:13:20,556] {dag.py:2396} INFO - Sync 1 DAGs
[2022-07-22 22:13:20,571] {logging_mixin.py:109} INFO - [2022-07-22 22:13:20,571] {dag.py:2935} INFO - Setting next_dagrun for example_branch_dop_operator_v3 to 2022-07-22T22:12:00+00:00
[2022-07-22 22:13:20,577] {processor.py:171} INFO - Processing /home/airflow/.local/lib/python3.7/site-packages/airflow/example_dags/example_branch_python_dop_operator_3.py took 0.048 seconds
[2022-07-22 22:13:51,091] {processor.py:163} INFO - Started process (PID=1934) to work on /home/airflow/.local/lib/python3.7/site-packages/airflow/example_dags/example_branch_python_dop_operator_3.py
[2022-07-22 22:13:51,092] {processor.py:642} INFO - Processing file /home/airflow/.local/lib/python3.7/site-packages/airflow/example_dags/example_branch_python_dop_operator_3.py for tasks to queue
[2022-07-22 22:13:51,092] {logging_mixin.py:109} INFO - [2022-07-22 22:13:51,092] {dagbag.py:500} INFO - Filling up the DagBag from /home/airflow/.local/lib/python3.7/site-packages/airflow/example_dags/example_branch_python_dop_operator_3.py
[2022-07-22 22:13:51,111] {processor.py:654} INFO - DAG(s) dict_keys(['example_branch_dop_operator_v3']) retrieved from /home/airflow/.local/lib/python3.7/site-packages/airflow/example_dags/example_branch_python_dop_operator_3.py
[2022-07-22 22:13:51,117] {logging_mixin.py:109} INFO - [2022-07-22 22:13:51,117] {dag.py:2396} INFO - Sync 1 DAGs
[2022-07-22 22:13:51,131] {logging_mixin.py:109} INFO - [2022-07-22 22:13:51,131] {dag.py:2935} INFO - Setting next_dagrun for example_branch_dop_operator_v3 to 2022-07-22T22:12:00+00:00
[2022-07-22 22:13:51,137] {processor.py:171} INFO - Processing /home/airflow/.local/lib/python3.7/site-packages/airflow/example_dags/example_branch_python_dop_operator_3.py took 0.048 seconds
[2022-07-22 22:14:21,802] {processor.py:163} INFO - Started process (PID=1993) to work on /home/airflow/.local/lib/python3.7/site-packages/airflow/example_dags/example_branch_python_dop_operator_3.py
[2022-07-22 22:14:21,803] {processor.py:642} INFO - Processing file /home/airflow/.local/lib/python3.7/site-packages/airflow/example_dags/example_branch_python_dop_operator_3.py for tasks to queue
[2022-07-22 22:14:21,803] {logging_mixin.py:109} INFO - [2022-07-22 22:14:21,803] {dagbag.py:500} INFO - Filling up the DagBag from /home/airflow/.local/lib/python3.7/site-packages/airflow/example_dags/example_branch_python_dop_operator_3.py
[2022-07-22 22:14:21,823] {processor.py:654} INFO - DAG(s) dict_keys(['example_branch_dop_operator_v3']) retrieved from /home/airflow/.local/lib/python3.7/site-packages/airflow/example_dags/example_branch_python_dop_operator_3.py
[2022-07-22 22:14:21,830] {logging_mixin.py:109} INFO - [2022-07-22 22:14:21,830] {dag.py:2396} INFO - Sync 1 DAGs
[2022-07-22 22:14:21,845] {logging_mixin.py:109} INFO - [2022-07-22 22:14:21,845] {dag.py:2935} INFO - Setting next_dagrun for example_branch_dop_operator_v3 to 2022-07-22T22:13:00+00:00
[2022-07-22 22:14:21,851] {processor.py:171} INFO - Processing /home/airflow/.local/lib/python3.7/site-packages/airflow/example_dags/example_branch_python_dop_operator_3.py took 0.051 seconds
[2022-07-22 22:14:52,367] {processor.py:163} INFO - Started process (PID=2053) to work on /home/airflow/.local/lib/python3.7/site-packages/airflow/example_dags/example_branch_python_dop_operator_3.py
[2022-07-22 22:14:52,368] {processor.py:642} INFO - Processing file /home/airflow/.local/lib/python3.7/site-packages/airflow/example_dags/example_branch_python_dop_operator_3.py for tasks to queue
[2022-07-22 22:14:52,368] {logging_mixin.py:109} INFO - [2022-07-22 22:14:52,368] {dagbag.py:500} INFO - Filling up the DagBag from /home/airflow/.local/lib/python3.7/site-packages/airflow/example_dags/example_branch_python_dop_operator_3.py
[2022-07-22 22:14:52,387] {processor.py:654} INFO - DAG(s) dict_keys(['example_branch_dop_operator_v3']) retrieved from /home/airflow/.local/lib/python3.7/site-packages/airflow/example_dags/example_branch_python_dop_operator_3.py
[2022-07-22 22:14:52,393] {logging_mixin.py:109} INFO - [2022-07-22 22:14:52,393] {dag.py:2396} INFO - Sync 1 DAGs
[2022-07-22 22:14:52,407] {logging_mixin.py:109} INFO - [2022-07-22 22:14:52,407] {dag.py:2935} INFO - Setting next_dagrun for example_branch_dop_operator_v3 to 2022-07-22T22:13:00+00:00
[2022-07-22 22:14:52,413] {processor.py:171} INFO - Processing /home/airflow/.local/lib/python3.7/site-packages/airflow/example_dags/example_branch_python_dop_operator_3.py took 0.048 seconds
[2022-07-22 22:15:22,930] {processor.py:163} INFO - Started process (PID=2103) to work on /home/airflow/.local/lib/python3.7/site-packages/airflow/example_dags/example_branch_python_dop_operator_3.py
[2022-07-22 22:15:22,931] {processor.py:642} INFO - Processing file /home/airflow/.local/lib/python3.7/site-packages/airflow/example_dags/example_branch_python_dop_operator_3.py for tasks to queue
[2022-07-22 22:15:22,931] {logging_mixin.py:109} INFO - [2022-07-22 22:15:22,931] {dagbag.py:500} INFO - Filling up the DagBag from /home/airflow/.local/lib/python3.7/site-packages/airflow/example_dags/example_branch_python_dop_operator_3.py
[2022-07-22 22:15:22,950] {processor.py:654} INFO - DAG(s) dict_keys(['example_branch_dop_operator_v3']) retrieved from /home/airflow/.local/lib/python3.7/site-packages/airflow/example_dags/example_branch_python_dop_operator_3.py
[2022-07-22 22:15:22,956] {logging_mixin.py:109} INFO - [2022-07-22 22:15:22,956] {dag.py:2396} INFO - Sync 1 DAGs
[2022-07-22 22:15:22,970] {logging_mixin.py:109} INFO - [2022-07-22 22:15:22,970] {dag.py:2935} INFO - Setting next_dagrun for example_branch_dop_operator_v3 to 2022-07-22T22:14:00+00:00
[2022-07-22 22:15:22,976] {processor.py:171} INFO - Processing /home/airflow/.local/lib/python3.7/site-packages/airflow/example_dags/example_branch_python_dop_operator_3.py took 0.048 seconds
[2022-07-22 22:15:53,652] {processor.py:163} INFO - Started process (PID=2162) to work on /home/airflow/.local/lib/python3.7/site-packages/airflow/example_dags/example_branch_python_dop_operator_3.py
[2022-07-22 22:15:53,653] {processor.py:642} INFO - Processing file /home/airflow/.local/lib/python3.7/site-packages/airflow/example_dags/example_branch_python_dop_operator_3.py for tasks to queue
[2022-07-22 22:15:53,653] {logging_mixin.py:109} INFO - [2022-07-22 22:15:53,653] {dagbag.py:500} INFO - Filling up the DagBag from /home/airflow/.local/lib/python3.7/site-packages/airflow/example_dags/example_branch_python_dop_operator_3.py
[2022-07-22 22:15:53,672] {processor.py:654} INFO - DAG(s) dict_keys(['example_branch_dop_operator_v3']) retrieved from /home/airflow/.local/lib/python3.7/site-packages/airflow/example_dags/example_branch_python_dop_operator_3.py
[2022-07-22 22:15:53,679] {logging_mixin.py:109} INFO - [2022-07-22 22:15:53,679] {dag.py:2396} INFO - Sync 1 DAGs
[2022-07-22 22:15:53,693] {logging_mixin.py:109} INFO - [2022-07-22 22:15:53,693] {dag.py:2935} INFO - Setting next_dagrun for example_branch_dop_operator_v3 to 2022-07-22T22:14:00+00:00
[2022-07-22 22:15:53,699] {processor.py:171} INFO - Processing /home/airflow/.local/lib/python3.7/site-packages/airflow/example_dags/example_branch_python_dop_operator_3.py took 0.049 seconds
[2022-07-22 22:16:24,280] {processor.py:163} INFO - Started process (PID=2212) to work on /home/airflow/.local/lib/python3.7/site-packages/airflow/example_dags/example_branch_python_dop_operator_3.py
[2022-07-22 22:16:24,281] {processor.py:642} INFO - Processing file /home/airflow/.local/lib/python3.7/site-packages/airflow/example_dags/example_branch_python_dop_operator_3.py for tasks to queue
[2022-07-22 22:16:24,281] {logging_mixin.py:109} INFO - [2022-07-22 22:16:24,281] {dagbag.py:500} INFO - Filling up the DagBag from /home/airflow/.local/lib/python3.7/site-packages/airflow/example_dags/example_branch_python_dop_operator_3.py
[2022-07-22 22:16:24,300] {processor.py:654} INFO - DAG(s) dict_keys(['example_branch_dop_operator_v3']) retrieved from /home/airflow/.local/lib/python3.7/site-packages/airflow/example_dags/example_branch_python_dop_operator_3.py
[2022-07-22 22:16:24,306] {logging_mixin.py:109} INFO - [2022-07-22 22:16:24,306] {dag.py:2396} INFO - Sync 1 DAGs
[2022-07-22 22:16:24,320] {logging_mixin.py:109} INFO - [2022-07-22 22:16:24,320] {dag.py:2935} INFO - Setting next_dagrun for example_branch_dop_operator_v3 to 2022-07-22T22:15:00+00:00
[2022-07-22 22:16:24,326] {processor.py:171} INFO - Processing /home/airflow/.local/lib/python3.7/site-packages/airflow/example_dags/example_branch_python_dop_operator_3.py took 0.048 seconds
[2022-07-22 22:16:54,695] {processor.py:163} INFO - Started process (PID=2271) to work on /home/airflow/.local/lib/python3.7/site-packages/airflow/example_dags/example_branch_python_dop_operator_3.py
[2022-07-22 22:16:54,696] {processor.py:642} INFO - Processing file /home/airflow/.local/lib/python3.7/site-packages/airflow/example_dags/example_branch_python_dop_operator_3.py for tasks to queue
[2022-07-22 22:16:54,696] {logging_mixin.py:109} INFO - [2022-07-22 22:16:54,696] {dagbag.py:500} INFO - Filling up the DagBag from /home/airflow/.local/lib/python3.7/site-packages/airflow/example_dags/example_branch_python_dop_operator_3.py
[2022-07-22 22:16:54,714] {processor.py:654} INFO - DAG(s) dict_keys(['example_branch_dop_operator_v3']) retrieved from /home/airflow/.local/lib/python3.7/site-packages/airflow/example_dags/example_branch_python_dop_operator_3.py
[2022-07-22 22:16:54,720] {logging_mixin.py:109} INFO - [2022-07-22 22:16:54,720] {dag.py:2396} INFO - Sync 1 DAGs
[2022-07-22 22:16:54,735] {logging_mixin.py:109} INFO - [2022-07-22 22:16:54,734] {dag.py:2935} INFO - Setting next_dagrun for example_branch_dop_operator_v3 to 2022-07-22T22:15:00+00:00
[2022-07-22 22:16:54,740] {processor.py:171} INFO - Processing /home/airflow/.local/lib/python3.7/site-packages/airflow/example_dags/example_branch_python_dop_operator_3.py took 0.047 seconds
[2022-07-22 22:17:25,244] {processor.py:163} INFO - Started process (PID=2328) to work on /home/airflow/.local/lib/python3.7/site-packages/airflow/example_dags/example_branch_python_dop_operator_3.py
[2022-07-22 22:17:25,245] {processor.py:642} INFO - Processing file /home/airflow/.local/lib/python3.7/site-packages/airflow/example_dags/example_branch_python_dop_operator_3.py for tasks to queue
[2022-07-22 22:17:25,246] {logging_mixin.py:109} INFO - [2022-07-22 22:17:25,246] {dagbag.py:500} INFO - Filling up the DagBag from /home/airflow/.local/lib/python3.7/site-packages/airflow/example_dags/example_branch_python_dop_operator_3.py
[2022-07-22 22:17:25,265] {processor.py:654} INFO - DAG(s) dict_keys(['example_branch_dop_operator_v3']) retrieved from /home/airflow/.local/lib/python3.7/site-packages/airflow/example_dags/example_branch_python_dop_operator_3.py
[2022-07-22 22:17:25,271] {logging_mixin.py:109} INFO - [2022-07-22 22:17:25,271] {dag.py:2396} INFO - Sync 1 DAGs
[2022-07-22 22:17:25,287] {logging_mixin.py:109} INFO - [2022-07-22 22:17:25,286] {dag.py:2935} INFO - Setting next_dagrun for example_branch_dop_operator_v3 to 2022-07-22T22:16:00+00:00
[2022-07-22 22:17:25,294] {processor.py:171} INFO - Processing /home/airflow/.local/lib/python3.7/site-packages/airflow/example_dags/example_branch_python_dop_operator_3.py took 0.051 seconds
[2022-07-22 22:17:56,177] {processor.py:163} INFO - Started process (PID=2380) to work on /home/airflow/.local/lib/python3.7/site-packages/airflow/example_dags/example_branch_python_dop_operator_3.py
[2022-07-22 22:17:56,178] {processor.py:642} INFO - Processing file /home/airflow/.local/lib/python3.7/site-packages/airflow/example_dags/example_branch_python_dop_operator_3.py for tasks to queue
[2022-07-22 22:17:56,178] {logging_mixin.py:109} INFO - [2022-07-22 22:17:56,178] {dagbag.py:500} INFO - Filling up the DagBag from /home/airflow/.local/lib/python3.7/site-packages/airflow/example_dags/example_branch_python_dop_operator_3.py
[2022-07-22 22:17:56,197] {processor.py:654} INFO - DAG(s) dict_keys(['example_branch_dop_operator_v3']) retrieved from /home/airflow/.local/lib/python3.7/site-packages/airflow/example_dags/example_branch_python_dop_operator_3.py
[2022-07-22 22:17:56,204] {logging_mixin.py:109} INFO - [2022-07-22 22:17:56,204] {dag.py:2396} INFO - Sync 1 DAGs
[2022-07-22 22:17:56,218] {logging_mixin.py:109} INFO - [2022-07-22 22:17:56,218] {dag.py:2935} INFO - Setting next_dagrun for example_branch_dop_operator_v3 to 2022-07-22T22:16:00+00:00
[2022-07-22 22:17:56,224] {processor.py:171} INFO - Processing /home/airflow/.local/lib/python3.7/site-packages/airflow/example_dags/example_branch_python_dop_operator_3.py took 0.049 seconds
[2022-07-22 22:18:26,805] {processor.py:163} INFO - Started process (PID=2439) to work on /home/airflow/.local/lib/python3.7/site-packages/airflow/example_dags/example_branch_python_dop_operator_3.py
[2022-07-22 22:18:26,806] {processor.py:642} INFO - Processing file /home/airflow/.local/lib/python3.7/site-packages/airflow/example_dags/example_branch_python_dop_operator_3.py for tasks to queue
[2022-07-22 22:18:26,806] {logging_mixin.py:109} INFO - [2022-07-22 22:18:26,806] {dagbag.py:500} INFO - Filling up the DagBag from /home/airflow/.local/lib/python3.7/site-packages/airflow/example_dags/example_branch_python_dop_operator_3.py
[2022-07-22 22:18:26,825] {processor.py:654} INFO - DAG(s) dict_keys(['example_branch_dop_operator_v3']) retrieved from /home/airflow/.local/lib/python3.7/site-packages/airflow/example_dags/example_branch_python_dop_operator_3.py
[2022-07-22 22:18:26,831] {logging_mixin.py:109} INFO - [2022-07-22 22:18:26,831] {dag.py:2396} INFO - Sync 1 DAGs
[2022-07-22 22:18:26,845] {logging_mixin.py:109} INFO - [2022-07-22 22:18:26,845] {dag.py:2935} INFO - Setting next_dagrun for example_branch_dop_operator_v3 to 2022-07-22T22:17:00+00:00
[2022-07-22 22:18:26,851] {processor.py:171} INFO - Processing /home/airflow/.local/lib/python3.7/site-packages/airflow/example_dags/example_branch_python_dop_operator_3.py took 0.047 seconds
[2022-07-22 22:18:57,563] {processor.py:163} INFO - Started process (PID=2489) to work on /home/airflow/.local/lib/python3.7/site-packages/airflow/example_dags/example_branch_python_dop_operator_3.py
[2022-07-22 22:18:57,564] {processor.py:642} INFO - Processing file /home/airflow/.local/lib/python3.7/site-packages/airflow/example_dags/example_branch_python_dop_operator_3.py for tasks to queue
[2022-07-22 22:18:57,564] {logging_mixin.py:109} INFO - [2022-07-22 22:18:57,564] {dagbag.py:500} INFO - Filling up the DagBag from /home/airflow/.local/lib/python3.7/site-packages/airflow/example_dags/example_branch_python_dop_operator_3.py
[2022-07-22 22:18:57,585] {processor.py:654} INFO - DAG(s) dict_keys(['example_branch_dop_operator_v3']) retrieved from /home/airflow/.local/lib/python3.7/site-packages/airflow/example_dags/example_branch_python_dop_operator_3.py
[2022-07-22 22:18:57,593] {logging_mixin.py:109} INFO - [2022-07-22 22:18:57,593] {dag.py:2396} INFO - Sync 1 DAGs
[2022-07-22 22:18:57,608] {logging_mixin.py:109} INFO - [2022-07-22 22:18:57,607] {dag.py:2935} INFO - Setting next_dagrun for example_branch_dop_operator_v3 to 2022-07-22T22:17:00+00:00
[2022-07-22 22:18:57,614] {processor.py:171} INFO - Processing /home/airflow/.local/lib/python3.7/site-packages/airflow/example_dags/example_branch_python_dop_operator_3.py took 0.053 seconds
[2022-07-22 22:19:28,432] {processor.py:163} INFO - Started process (PID=2548) to work on /home/airflow/.local/lib/python3.7/site-packages/airflow/example_dags/example_branch_python_dop_operator_3.py
[2022-07-22 22:19:28,433] {processor.py:642} INFO - Processing file /home/airflow/.local/lib/python3.7/site-packages/airflow/example_dags/example_branch_python_dop_operator_3.py for tasks to queue
[2022-07-22 22:19:28,433] {logging_mixin.py:109} INFO - [2022-07-22 22:19:28,433] {dagbag.py:500} INFO - Filling up the DagBag from /home/airflow/.local/lib/python3.7/site-packages/airflow/example_dags/example_branch_python_dop_operator_3.py
[2022-07-22 22:19:28,453] {processor.py:654} INFO - DAG(s) dict_keys(['example_branch_dop_operator_v3']) retrieved from /home/airflow/.local/lib/python3.7/site-packages/airflow/example_dags/example_branch_python_dop_operator_3.py
[2022-07-22 22:19:28,460] {logging_mixin.py:109} INFO - [2022-07-22 22:19:28,460] {dag.py:2396} INFO - Sync 1 DAGs
[2022-07-22 22:19:28,475] {logging_mixin.py:109} INFO - [2022-07-22 22:19:28,475] {dag.py:2935} INFO - Setting next_dagrun for example_branch_dop_operator_v3 to 2022-07-22T22:18:00+00:00
[2022-07-22 22:19:28,481] {processor.py:171} INFO - Processing /home/airflow/.local/lib/python3.7/site-packages/airflow/example_dags/example_branch_python_dop_operator_3.py took 0.051 seconds
[2022-07-22 22:19:59,098] {processor.py:163} INFO - Started process (PID=2607) to work on /home/airflow/.local/lib/python3.7/site-packages/airflow/example_dags/example_branch_python_dop_operator_3.py
[2022-07-22 22:19:59,099] {processor.py:642} INFO - Processing file /home/airflow/.local/lib/python3.7/site-packages/airflow/example_dags/example_branch_python_dop_operator_3.py for tasks to queue
[2022-07-22 22:19:59,099] {logging_mixin.py:109} INFO - [2022-07-22 22:19:59,099] {dagbag.py:500} INFO - Filling up the DagBag from /home/airflow/.local/lib/python3.7/site-packages/airflow/example_dags/example_branch_python_dop_operator_3.py
[2022-07-22 22:19:59,117] {processor.py:654} INFO - DAG(s) dict_keys(['example_branch_dop_operator_v3']) retrieved from /home/airflow/.local/lib/python3.7/site-packages/airflow/example_dags/example_branch_python_dop_operator_3.py
[2022-07-22 22:19:59,124] {logging_mixin.py:109} INFO - [2022-07-22 22:19:59,124] {dag.py:2396} INFO - Sync 1 DAGs
[2022-07-22 22:19:59,140] {logging_mixin.py:109} INFO - [2022-07-22 22:19:59,140] {dag.py:2935} INFO - Setting next_dagrun for example_branch_dop_operator_v3 to 2022-07-22T22:18:00+00:00
[2022-07-22 22:19:59,147] {processor.py:171} INFO - Processing /home/airflow/.local/lib/python3.7/site-packages/airflow/example_dags/example_branch_python_dop_operator_3.py took 0.050 seconds
[2022-07-22 22:20:29,267] {processor.py:163} INFO - Started process (PID=2657) to work on /home/airflow/.local/lib/python3.7/site-packages/airflow/example_dags/example_branch_python_dop_operator_3.py
[2022-07-22 22:20:29,268] {processor.py:642} INFO - Processing file /home/airflow/.local/lib/python3.7/site-packages/airflow/example_dags/example_branch_python_dop_operator_3.py for tasks to queue
[2022-07-22 22:20:29,268] {logging_mixin.py:109} INFO - [2022-07-22 22:20:29,268] {dagbag.py:500} INFO - Filling up the DagBag from /home/airflow/.local/lib/python3.7/site-packages/airflow/example_dags/example_branch_python_dop_operator_3.py
[2022-07-22 22:20:29,286] {processor.py:654} INFO - DAG(s) dict_keys(['example_branch_dop_operator_v3']) retrieved from /home/airflow/.local/lib/python3.7/site-packages/airflow/example_dags/example_branch_python_dop_operator_3.py
[2022-07-22 22:20:29,292] {logging_mixin.py:109} INFO - [2022-07-22 22:20:29,292] {dag.py:2396} INFO - Sync 1 DAGs
[2022-07-22 22:20:29,306] {logging_mixin.py:109} INFO - [2022-07-22 22:20:29,306] {dag.py:2935} INFO - Setting next_dagrun for example_branch_dop_operator_v3 to 2022-07-22T22:19:00+00:00
[2022-07-22 22:20:29,378] {processor.py:171} INFO - Processing /home/airflow/.local/lib/python3.7/site-packages/airflow/example_dags/example_branch_python_dop_operator_3.py took 0.112 seconds
[2022-07-22 22:20:59,570] {processor.py:163} INFO - Started process (PID=2716) to work on /home/airflow/.local/lib/python3.7/site-packages/airflow/example_dags/example_branch_python_dop_operator_3.py
[2022-07-22 22:20:59,571] {processor.py:642} INFO - Processing file /home/airflow/.local/lib/python3.7/site-packages/airflow/example_dags/example_branch_python_dop_operator_3.py for tasks to queue
[2022-07-22 22:20:59,571] {logging_mixin.py:109} INFO - [2022-07-22 22:20:59,571] {dagbag.py:500} INFO - Filling up the DagBag from /home/airflow/.local/lib/python3.7/site-packages/airflow/example_dags/example_branch_python_dop_operator_3.py
[2022-07-22 22:20:59,591] {processor.py:654} INFO - DAG(s) dict_keys(['example_branch_dop_operator_v3']) retrieved from /home/airflow/.local/lib/python3.7/site-packages/airflow/example_dags/example_branch_python_dop_operator_3.py
[2022-07-22 22:20:59,598] {logging_mixin.py:109} INFO - [2022-07-22 22:20:59,598] {dag.py:2396} INFO - Sync 1 DAGs
[2022-07-22 22:20:59,686] {logging_mixin.py:109} INFO - [2022-07-22 22:20:59,686] {dag.py:2935} INFO - Setting next_dagrun for example_branch_dop_operator_v3 to 2022-07-22T22:19:00+00:00
[2022-07-22 22:20:59,693] {processor.py:171} INFO - Processing /home/airflow/.local/lib/python3.7/site-packages/airflow/example_dags/example_branch_python_dop_operator_3.py took 0.124 seconds
[2022-07-22 22:21:30,033] {processor.py:163} INFO - Started process (PID=2766) to work on /home/airflow/.local/lib/python3.7/site-packages/airflow/example_dags/example_branch_python_dop_operator_3.py
[2022-07-22 22:21:30,034] {processor.py:642} INFO - Processing file /home/airflow/.local/lib/python3.7/site-packages/airflow/example_dags/example_branch_python_dop_operator_3.py for tasks to queue
[2022-07-22 22:21:30,034] {logging_mixin.py:109} INFO - [2022-07-22 22:21:30,034] {dagbag.py:500} INFO - Filling up the DagBag from /home/airflow/.local/lib/python3.7/site-packages/airflow/example_dags/example_branch_python_dop_operator_3.py
[2022-07-22 22:21:30,056] {processor.py:654} INFO - DAG(s) dict_keys(['example_branch_dop_operator_v3']) retrieved from /home/airflow/.local/lib/python3.7/site-packages/airflow/example_dags/example_branch_python_dop_operator_3.py
[2022-07-22 22:21:30,063] {logging_mixin.py:109} INFO - [2022-07-22 22:21:30,063] {dag.py:2396} INFO - Sync 1 DAGs
[2022-07-22 22:21:30,150] {logging_mixin.py:109} INFO - [2022-07-22 22:21:30,150] {dag.py:2935} INFO - Setting next_dagrun for example_branch_dop_operator_v3 to 2022-07-22T22:20:00+00:00
[2022-07-22 22:21:30,156] {processor.py:171} INFO - Processing /home/airflow/.local/lib/python3.7/site-packages/airflow/example_dags/example_branch_python_dop_operator_3.py took 0.125 seconds
[2022-07-22 22:22:00,936] {processor.py:163} INFO - Started process (PID=2825) to work on /home/airflow/.local/lib/python3.7/site-packages/airflow/example_dags/example_branch_python_dop_operator_3.py
[2022-07-22 22:22:00,937] {processor.py:642} INFO - Processing file /home/airflow/.local/lib/python3.7/site-packages/airflow/example_dags/example_branch_python_dop_operator_3.py for tasks to queue
[2022-07-22 22:22:00,937] {logging_mixin.py:109} INFO - [2022-07-22 22:22:00,937] {dagbag.py:500} INFO - Filling up the DagBag from /home/airflow/.local/lib/python3.7/site-packages/airflow/example_dags/example_branch_python_dop_operator_3.py
[2022-07-22 22:22:00,956] {processor.py:654} INFO - DAG(s) dict_keys(['example_branch_dop_operator_v3']) retrieved from /home/airflow/.local/lib/python3.7/site-packages/airflow/example_dags/example_branch_python_dop_operator_3.py
[2022-07-22 22:22:00,962] {logging_mixin.py:109} INFO - [2022-07-22 22:22:00,962] {dag.py:2396} INFO - Sync 1 DAGs
[2022-07-22 22:22:01,042] {logging_mixin.py:109} INFO - [2022-07-22 22:22:01,042] {dag.py:2935} INFO - Setting next_dagrun for example_branch_dop_operator_v3 to 2022-07-22T22:21:00+00:00
[2022-07-22 22:22:01,048] {processor.py:171} INFO - Processing /home/airflow/.local/lib/python3.7/site-packages/airflow/example_dags/example_branch_python_dop_operator_3.py took 0.114 seconds
[2022-07-22 22:22:31,524] {processor.py:163} INFO - Started process (PID=2875) to work on /home/airflow/.local/lib/python3.7/site-packages/airflow/example_dags/example_branch_python_dop_operator_3.py
[2022-07-22 22:22:31,525] {processor.py:642} INFO - Processing file /home/airflow/.local/lib/python3.7/site-packages/airflow/example_dags/example_branch_python_dop_operator_3.py for tasks to queue
[2022-07-22 22:22:31,525] {logging_mixin.py:109} INFO - [2022-07-22 22:22:31,525] {dagbag.py:500} INFO - Filling up the DagBag from /home/airflow/.local/lib/python3.7/site-packages/airflow/example_dags/example_branch_python_dop_operator_3.py
[2022-07-22 22:22:31,543] {processor.py:654} INFO - DAG(s) dict_keys(['example_branch_dop_operator_v3']) retrieved from /home/airflow/.local/lib/python3.7/site-packages/airflow/example_dags/example_branch_python_dop_operator_3.py
[2022-07-22 22:22:31,610] {logging_mixin.py:109} INFO - [2022-07-22 22:22:31,610] {dag.py:2396} INFO - Sync 1 DAGs
[2022-07-22 22:22:31,623] {logging_mixin.py:109} INFO - [2022-07-22 22:22:31,623] {dag.py:2935} INFO - Setting next_dagrun for example_branch_dop_operator_v3 to 2022-07-22T22:21:00+00:00
[2022-07-22 22:22:31,629] {processor.py:171} INFO - Processing /home/airflow/.local/lib/python3.7/site-packages/airflow/example_dags/example_branch_python_dop_operator_3.py took 0.107 seconds
[2022-07-22 22:23:02,400] {processor.py:163} INFO - Started process (PID=2934) to work on /home/airflow/.local/lib/python3.7/site-packages/airflow/example_dags/example_branch_python_dop_operator_3.py
[2022-07-22 22:23:02,401] {processor.py:642} INFO - Processing file /home/airflow/.local/lib/python3.7/site-packages/airflow/example_dags/example_branch_python_dop_operator_3.py for tasks to queue
[2022-07-22 22:23:02,401] {logging_mixin.py:109} INFO - [2022-07-22 22:23:02,401] {dagbag.py:500} INFO - Filling up the DagBag from /home/airflow/.local/lib/python3.7/site-packages/airflow/example_dags/example_branch_python_dop_operator_3.py
[2022-07-22 22:23:02,491] {processor.py:654} INFO - DAG(s) dict_keys(['example_branch_dop_operator_v3']) retrieved from /home/airflow/.local/lib/python3.7/site-packages/airflow/example_dags/example_branch_python_dop_operator_3.py
[2022-07-22 22:23:02,497] {logging_mixin.py:109} INFO - [2022-07-22 22:23:02,497] {dag.py:2396} INFO - Sync 1 DAGs
[2022-07-22 22:23:02,511] {logging_mixin.py:109} INFO - [2022-07-22 22:23:02,511] {dag.py:2935} INFO - Setting next_dagrun for example_branch_dop_operator_v3 to 2022-07-22T22:22:00+00:00
[2022-07-22 22:23:02,517] {processor.py:171} INFO - Processing /home/airflow/.local/lib/python3.7/site-packages/airflow/example_dags/example_branch_python_dop_operator_3.py took 0.119 seconds
[2022-07-22 22:23:32,933] {processor.py:163} INFO - Started process (PID=2993) to work on /home/airflow/.local/lib/python3.7/site-packages/airflow/example_dags/example_branch_python_dop_operator_3.py
[2022-07-22 22:23:32,933] {processor.py:642} INFO - Processing file /home/airflow/.local/lib/python3.7/site-packages/airflow/example_dags/example_branch_python_dop_operator_3.py for tasks to queue
[2022-07-22 22:23:32,934] {logging_mixin.py:109} INFO - [2022-07-22 22:23:32,934] {dagbag.py:500} INFO - Filling up the DagBag from /home/airflow/.local/lib/python3.7/site-packages/airflow/example_dags/example_branch_python_dop_operator_3.py
[2022-07-22 22:23:33,021] {processor.py:654} INFO - DAG(s) dict_keys(['example_branch_dop_operator_v3']) retrieved from /home/airflow/.local/lib/python3.7/site-packages/airflow/example_dags/example_branch_python_dop_operator_3.py
[2022-07-22 22:23:33,027] {logging_mixin.py:109} INFO - [2022-07-22 22:23:33,027] {dag.py:2396} INFO - Sync 1 DAGs
[2022-07-22 22:23:33,039] {logging_mixin.py:109} INFO - [2022-07-22 22:23:33,039] {dag.py:2935} INFO - Setting next_dagrun for example_branch_dop_operator_v3 to 2022-07-22T22:22:00+00:00
[2022-07-22 22:23:33,045] {processor.py:171} INFO - Processing /home/airflow/.local/lib/python3.7/site-packages/airflow/example_dags/example_branch_python_dop_operator_3.py took 0.114 seconds
[2022-07-22 22:24:03,635] {processor.py:163} INFO - Started process (PID=3043) to work on /home/airflow/.local/lib/python3.7/site-packages/airflow/example_dags/example_branch_python_dop_operator_3.py
[2022-07-22 22:24:03,636] {processor.py:642} INFO - Processing file /home/airflow/.local/lib/python3.7/site-packages/airflow/example_dags/example_branch_python_dop_operator_3.py for tasks to queue
[2022-07-22 22:24:03,637] {logging_mixin.py:109} INFO - [2022-07-22 22:24:03,637] {dagbag.py:500} INFO - Filling up the DagBag from /home/airflow/.local/lib/python3.7/site-packages/airflow/example_dags/example_branch_python_dop_operator_3.py
[2022-07-22 22:24:03,730] {processor.py:654} INFO - DAG(s) dict_keys(['example_branch_dop_operator_v3']) retrieved from /home/airflow/.local/lib/python3.7/site-packages/airflow/example_dags/example_branch_python_dop_operator_3.py
[2022-07-22 22:24:03,736] {logging_mixin.py:109} INFO - [2022-07-22 22:24:03,736] {dag.py:2396} INFO - Sync 1 DAGs
[2022-07-22 22:24:03,750] {logging_mixin.py:109} INFO - [2022-07-22 22:24:03,750] {dag.py:2935} INFO - Setting next_dagrun for example_branch_dop_operator_v3 to 2022-07-22T22:23:00+00:00
[2022-07-22 22:24:03,756] {processor.py:171} INFO - Processing /home/airflow/.local/lib/python3.7/site-packages/airflow/example_dags/example_branch_python_dop_operator_3.py took 0.123 seconds
[2022-07-22 22:24:34,642] {processor.py:163} INFO - Started process (PID=3102) to work on /home/airflow/.local/lib/python3.7/site-packages/airflow/example_dags/example_branch_python_dop_operator_3.py
[2022-07-22 22:24:34,643] {processor.py:642} INFO - Processing file /home/airflow/.local/lib/python3.7/site-packages/airflow/example_dags/example_branch_python_dop_operator_3.py for tasks to queue
[2022-07-22 22:24:34,643] {logging_mixin.py:109} INFO - [2022-07-22 22:24:34,643] {dagbag.py:500} INFO - Filling up the DagBag from /home/airflow/.local/lib/python3.7/site-packages/airflow/example_dags/example_branch_python_dop_operator_3.py
[2022-07-22 22:24:34,728] {processor.py:654} INFO - DAG(s) dict_keys(['example_branch_dop_operator_v3']) retrieved from /home/airflow/.local/lib/python3.7/site-packages/airflow/example_dags/example_branch_python_dop_operator_3.py
[2022-07-22 22:24:34,734] {logging_mixin.py:109} INFO - [2022-07-22 22:24:34,734] {dag.py:2396} INFO - Sync 1 DAGs
[2022-07-22 22:24:34,747] {logging_mixin.py:109} INFO - [2022-07-22 22:24:34,747] {dag.py:2935} INFO - Setting next_dagrun for example_branch_dop_operator_v3 to 2022-07-22T22:23:00+00:00
[2022-07-22 22:24:34,752] {processor.py:171} INFO - Processing /home/airflow/.local/lib/python3.7/site-packages/airflow/example_dags/example_branch_python_dop_operator_3.py took 0.112 seconds
[2022-07-22 22:25:05,245] {processor.py:163} INFO - Started process (PID=3151) to work on /home/airflow/.local/lib/python3.7/site-packages/airflow/example_dags/example_branch_python_dop_operator_3.py
[2022-07-22 22:25:05,246] {processor.py:642} INFO - Processing file /home/airflow/.local/lib/python3.7/site-packages/airflow/example_dags/example_branch_python_dop_operator_3.py for tasks to queue
[2022-07-22 22:25:05,246] {logging_mixin.py:109} INFO - [2022-07-22 22:25:05,246] {dagbag.py:500} INFO - Filling up the DagBag from /home/airflow/.local/lib/python3.7/site-packages/airflow/example_dags/example_branch_python_dop_operator_3.py
[2022-07-22 22:25:05,323] {processor.py:654} INFO - DAG(s) dict_keys(['example_branch_dop_operator_v3']) retrieved from /home/airflow/.local/lib/python3.7/site-packages/airflow/example_dags/example_branch_python_dop_operator_3.py
[2022-07-22 22:25:05,329] {logging_mixin.py:109} INFO - [2022-07-22 22:25:05,329] {dag.py:2396} INFO - Sync 1 DAGs
[2022-07-22 22:25:05,342] {logging_mixin.py:109} INFO - [2022-07-22 22:25:05,342] {dag.py:2935} INFO - Setting next_dagrun for example_branch_dop_operator_v3 to 2022-07-22T22:24:00+00:00
[2022-07-22 22:25:05,347] {processor.py:171} INFO - Processing /home/airflow/.local/lib/python3.7/site-packages/airflow/example_dags/example_branch_python_dop_operator_3.py took 0.104 seconds
[2022-07-22 22:25:35,762] {processor.py:163} INFO - Started process (PID=3210) to work on /home/airflow/.local/lib/python3.7/site-packages/airflow/example_dags/example_branch_python_dop_operator_3.py
[2022-07-22 22:25:35,762] {processor.py:642} INFO - Processing file /home/airflow/.local/lib/python3.7/site-packages/airflow/example_dags/example_branch_python_dop_operator_3.py for tasks to queue
[2022-07-22 22:25:35,763] {logging_mixin.py:109} INFO - [2022-07-22 22:25:35,763] {dagbag.py:500} INFO - Filling up the DagBag from /home/airflow/.local/lib/python3.7/site-packages/airflow/example_dags/example_branch_python_dop_operator_3.py
[2022-07-22 22:25:35,782] {processor.py:654} INFO - DAG(s) dict_keys(['example_branch_dop_operator_v3']) retrieved from /home/airflow/.local/lib/python3.7/site-packages/airflow/example_dags/example_branch_python_dop_operator_3.py
[2022-07-22 22:25:35,788] {logging_mixin.py:109} INFO - [2022-07-22 22:25:35,788] {dag.py:2396} INFO - Sync 1 DAGs
[2022-07-22 22:25:35,803] {logging_mixin.py:109} INFO - [2022-07-22 22:25:35,803] {dag.py:2935} INFO - Setting next_dagrun for example_branch_dop_operator_v3 to 2022-07-22T22:24:00+00:00
[2022-07-22 22:25:35,810] {processor.py:171} INFO - Processing /home/airflow/.local/lib/python3.7/site-packages/airflow/example_dags/example_branch_python_dop_operator_3.py took 0.050 seconds
[2022-07-22 22:26:06,276] {processor.py:163} INFO - Started process (PID=3269) to work on /home/airflow/.local/lib/python3.7/site-packages/airflow/example_dags/example_branch_python_dop_operator_3.py
[2022-07-22 22:26:06,277] {processor.py:642} INFO - Processing file /home/airflow/.local/lib/python3.7/site-packages/airflow/example_dags/example_branch_python_dop_operator_3.py for tasks to queue
[2022-07-22 22:26:06,277] {logging_mixin.py:109} INFO - [2022-07-22 22:26:06,277] {dagbag.py:500} INFO - Filling up the DagBag from /home/airflow/.local/lib/python3.7/site-packages/airflow/example_dags/example_branch_python_dop_operator_3.py
[2022-07-22 22:26:06,299] {processor.py:654} INFO - DAG(s) dict_keys(['example_branch_dop_operator_v3']) retrieved from /home/airflow/.local/lib/python3.7/site-packages/airflow/example_dags/example_branch_python_dop_operator_3.py
[2022-07-22 22:26:06,306] {logging_mixin.py:109} INFO - [2022-07-22 22:26:06,306] {dag.py:2396} INFO - Sync 1 DAGs
[2022-07-22 22:26:06,323] {logging_mixin.py:109} INFO - [2022-07-22 22:26:06,323] {dag.py:2935} INFO - Setting next_dagrun for example_branch_dop_operator_v3 to 2022-07-22T22:25:00+00:00
[2022-07-22 22:26:06,331] {processor.py:171} INFO - Processing /home/airflow/.local/lib/python3.7/site-packages/airflow/example_dags/example_branch_python_dop_operator_3.py took 0.057 seconds
[2022-07-22 22:26:36,753] {processor.py:163} INFO - Started process (PID=3319) to work on /home/airflow/.local/lib/python3.7/site-packages/airflow/example_dags/example_branch_python_dop_operator_3.py
[2022-07-22 22:26:36,753] {processor.py:642} INFO - Processing file /home/airflow/.local/lib/python3.7/site-packages/airflow/example_dags/example_branch_python_dop_operator_3.py for tasks to queue
[2022-07-22 22:26:36,754] {logging_mixin.py:109} INFO - [2022-07-22 22:26:36,753] {dagbag.py:500} INFO - Filling up the DagBag from /home/airflow/.local/lib/python3.7/site-packages/airflow/example_dags/example_branch_python_dop_operator_3.py
[2022-07-22 22:26:36,771] {processor.py:654} INFO - DAG(s) dict_keys(['example_branch_dop_operator_v3']) retrieved from /home/airflow/.local/lib/python3.7/site-packages/airflow/example_dags/example_branch_python_dop_operator_3.py
[2022-07-22 22:26:36,778] {logging_mixin.py:109} INFO - [2022-07-22 22:26:36,778] {dag.py:2396} INFO - Sync 1 DAGs
[2022-07-22 22:26:36,793] {logging_mixin.py:109} INFO - [2022-07-22 22:26:36,793] {dag.py:2935} INFO - Setting next_dagrun for example_branch_dop_operator_v3 to 2022-07-22T22:25:00+00:00
[2022-07-22 22:26:36,799] {processor.py:171} INFO - Processing /home/airflow/.local/lib/python3.7/site-packages/airflow/example_dags/example_branch_python_dop_operator_3.py took 0.048 seconds
[2022-07-22 22:27:07,188] {processor.py:163} INFO - Started process (PID=3378) to work on /home/airflow/.local/lib/python3.7/site-packages/airflow/example_dags/example_branch_python_dop_operator_3.py
[2022-07-22 22:27:07,189] {processor.py:642} INFO - Processing file /home/airflow/.local/lib/python3.7/site-packages/airflow/example_dags/example_branch_python_dop_operator_3.py for tasks to queue
[2022-07-22 22:27:07,189] {logging_mixin.py:109} INFO - [2022-07-22 22:27:07,189] {dagbag.py:500} INFO - Filling up the DagBag from /home/airflow/.local/lib/python3.7/site-packages/airflow/example_dags/example_branch_python_dop_operator_3.py
[2022-07-22 22:27:07,207] {processor.py:654} INFO - DAG(s) dict_keys(['example_branch_dop_operator_v3']) retrieved from /home/airflow/.local/lib/python3.7/site-packages/airflow/example_dags/example_branch_python_dop_operator_3.py
[2022-07-22 22:27:07,214] {logging_mixin.py:109} INFO - [2022-07-22 22:27:07,214] {dag.py:2396} INFO - Sync 1 DAGs
[2022-07-22 22:27:07,228] {logging_mixin.py:109} INFO - [2022-07-22 22:27:07,228] {dag.py:2935} INFO - Setting next_dagrun for example_branch_dop_operator_v3 to 2022-07-22T22:26:00+00:00
[2022-07-22 22:27:07,233] {processor.py:171} INFO - Processing /home/airflow/.local/lib/python3.7/site-packages/airflow/example_dags/example_branch_python_dop_operator_3.py took 0.047 seconds
[2022-07-22 22:27:37,605] {processor.py:163} INFO - Started process (PID=3428) to work on /home/airflow/.local/lib/python3.7/site-packages/airflow/example_dags/example_branch_python_dop_operator_3.py
[2022-07-22 22:27:37,606] {processor.py:642} INFO - Processing file /home/airflow/.local/lib/python3.7/site-packages/airflow/example_dags/example_branch_python_dop_operator_3.py for tasks to queue
[2022-07-22 22:27:37,606] {logging_mixin.py:109} INFO - [2022-07-22 22:27:37,606] {dagbag.py:500} INFO - Filling up the DagBag from /home/airflow/.local/lib/python3.7/site-packages/airflow/example_dags/example_branch_python_dop_operator_3.py
[2022-07-22 22:27:37,625] {processor.py:654} INFO - DAG(s) dict_keys(['example_branch_dop_operator_v3']) retrieved from /home/airflow/.local/lib/python3.7/site-packages/airflow/example_dags/example_branch_python_dop_operator_3.py
[2022-07-22 22:27:37,631] {logging_mixin.py:109} INFO - [2022-07-22 22:27:37,631] {dag.py:2396} INFO - Sync 1 DAGs
[2022-07-22 22:27:37,647] {logging_mixin.py:109} INFO - [2022-07-22 22:27:37,646] {dag.py:2935} INFO - Setting next_dagrun for example_branch_dop_operator_v3 to 2022-07-22T22:26:00+00:00
[2022-07-22 22:27:37,652] {processor.py:171} INFO - Processing /home/airflow/.local/lib/python3.7/site-packages/airflow/example_dags/example_branch_python_dop_operator_3.py took 0.049 seconds
[2022-07-22 22:28:07,916] {processor.py:163} INFO - Started process (PID=3487) to work on /home/airflow/.local/lib/python3.7/site-packages/airflow/example_dags/example_branch_python_dop_operator_3.py
[2022-07-22 22:28:07,917] {processor.py:642} INFO - Processing file /home/airflow/.local/lib/python3.7/site-packages/airflow/example_dags/example_branch_python_dop_operator_3.py for tasks to queue
[2022-07-22 22:28:07,917] {logging_mixin.py:109} INFO - [2022-07-22 22:28:07,917] {dagbag.py:500} INFO - Filling up the DagBag from /home/airflow/.local/lib/python3.7/site-packages/airflow/example_dags/example_branch_python_dop_operator_3.py
[2022-07-22 22:28:07,935] {processor.py:654} INFO - DAG(s) dict_keys(['example_branch_dop_operator_v3']) retrieved from /home/airflow/.local/lib/python3.7/site-packages/airflow/example_dags/example_branch_python_dop_operator_3.py
[2022-07-22 22:28:07,942] {logging_mixin.py:109} INFO - [2022-07-22 22:28:07,942] {dag.py:2396} INFO - Sync 1 DAGs
[2022-07-22 22:28:07,955] {logging_mixin.py:109} INFO - [2022-07-22 22:28:07,955] {dag.py:2935} INFO - Setting next_dagrun for example_branch_dop_operator_v3 to 2022-07-22T22:27:00+00:00
[2022-07-22 22:28:07,961] {processor.py:171} INFO - Processing /home/airflow/.local/lib/python3.7/site-packages/airflow/example_dags/example_branch_python_dop_operator_3.py took 0.047 seconds
