[2022-07-22 21:54:05,989] {processor.py:163} INFO - Started process (PID=243) to work on /home/airflow/.local/lib/python3.7/site-packages/airflow/example_dags/example_latest_only_with_trigger.py
[2022-07-22 21:54:05,989] {processor.py:642} INFO - Processing file /home/airflow/.local/lib/python3.7/site-packages/airflow/example_dags/example_latest_only_with_trigger.py for tasks to queue
[2022-07-22 21:54:05,990] {logging_mixin.py:109} INFO - [2022-07-22 21:54:05,990] {dagbag.py:500} INFO - Filling up the DagBag from /home/airflow/.local/lib/python3.7/site-packages/airflow/example_dags/example_latest_only_with_trigger.py
[2022-07-22 21:54:06,008] {processor.py:654} INFO - DAG(s) dict_keys(['latest_only_with_trigger']) retrieved from /home/airflow/.local/lib/python3.7/site-packages/airflow/example_dags/example_latest_only_with_trigger.py
[2022-07-22 21:54:07,497] {logging_mixin.py:109} INFO - [2022-07-22 21:54:07,497] {manager.py:496} INFO - Created Permission View: can read on DAG:latest_only_with_trigger
[2022-07-22 21:54:07,502] {logging_mixin.py:109} INFO - [2022-07-22 21:54:07,501] {manager.py:496} INFO - Created Permission View: can edit on DAG:latest_only_with_trigger
[2022-07-22 21:54:07,502] {logging_mixin.py:109} INFO - [2022-07-22 21:54:07,502] {dag.py:2396} INFO - Sync 1 DAGs
[2022-07-22 21:54:07,507] {logging_mixin.py:109} INFO - [2022-07-22 21:54:07,506] {dag.py:2415} INFO - Creating ORM DAG for latest_only_with_trigger
[2022-07-22 21:54:07,512] {logging_mixin.py:109} INFO - [2022-07-22 21:54:07,512] {dag.py:2935} INFO - Setting next_dagrun for latest_only_with_trigger to 2022-07-22T17:54:07.512168+00:00
[2022-07-22 21:54:07,519] {processor.py:171} INFO - Processing /home/airflow/.local/lib/python3.7/site-packages/airflow/example_dags/example_latest_only_with_trigger.py took 1.533 seconds
[2022-07-22 21:54:37,671] {processor.py:163} INFO - Started process (PID=607) to work on /home/airflow/.local/lib/python3.7/site-packages/airflow/example_dags/example_latest_only_with_trigger.py
[2022-07-22 21:54:37,672] {processor.py:642} INFO - Processing file /home/airflow/.local/lib/python3.7/site-packages/airflow/example_dags/example_latest_only_with_trigger.py for tasks to queue
[2022-07-22 21:54:37,672] {logging_mixin.py:109} INFO - [2022-07-22 21:54:37,672] {dagbag.py:500} INFO - Filling up the DagBag from /home/airflow/.local/lib/python3.7/site-packages/airflow/example_dags/example_latest_only_with_trigger.py
[2022-07-22 21:54:37,689] {processor.py:654} INFO - DAG(s) dict_keys(['latest_only_with_trigger']) retrieved from /home/airflow/.local/lib/python3.7/site-packages/airflow/example_dags/example_latest_only_with_trigger.py
[2022-07-22 21:54:37,696] {logging_mixin.py:109} INFO - [2022-07-22 21:54:37,696] {dag.py:2396} INFO - Sync 1 DAGs
[2022-07-22 21:54:37,707] {logging_mixin.py:109} INFO - [2022-07-22 21:54:37,706] {dag.py:2935} INFO - Setting next_dagrun for latest_only_with_trigger to 2022-07-22T17:54:37.706772+00:00
[2022-07-22 21:54:37,713] {processor.py:171} INFO - Processing /home/airflow/.local/lib/python3.7/site-packages/airflow/example_dags/example_latest_only_with_trigger.py took 0.044 seconds
[2022-07-22 21:55:07,901] {processor.py:163} INFO - Started process (PID=666) to work on /home/airflow/.local/lib/python3.7/site-packages/airflow/example_dags/example_latest_only_with_trigger.py
[2022-07-22 21:55:07,902] {processor.py:642} INFO - Processing file /home/airflow/.local/lib/python3.7/site-packages/airflow/example_dags/example_latest_only_with_trigger.py for tasks to queue
[2022-07-22 21:55:07,902] {logging_mixin.py:109} INFO - [2022-07-22 21:55:07,902] {dagbag.py:500} INFO - Filling up the DagBag from /home/airflow/.local/lib/python3.7/site-packages/airflow/example_dags/example_latest_only_with_trigger.py
[2022-07-22 21:55:07,919] {processor.py:654} INFO - DAG(s) dict_keys(['latest_only_with_trigger']) retrieved from /home/airflow/.local/lib/python3.7/site-packages/airflow/example_dags/example_latest_only_with_trigger.py
[2022-07-22 21:55:07,925] {logging_mixin.py:109} INFO - [2022-07-22 21:55:07,925] {dag.py:2396} INFO - Sync 1 DAGs
[2022-07-22 21:55:07,936] {logging_mixin.py:109} INFO - [2022-07-22 21:55:07,936] {dag.py:2935} INFO - Setting next_dagrun for latest_only_with_trigger to 2022-07-22T17:55:07.936086+00:00
[2022-07-22 21:55:07,942] {processor.py:171} INFO - Processing /home/airflow/.local/lib/python3.7/site-packages/airflow/example_dags/example_latest_only_with_trigger.py took 0.043 seconds
[2022-07-22 21:55:38,172] {processor.py:163} INFO - Started process (PID=716) to work on /home/airflow/.local/lib/python3.7/site-packages/airflow/example_dags/example_latest_only_with_trigger.py
[2022-07-22 21:55:38,173] {processor.py:642} INFO - Processing file /home/airflow/.local/lib/python3.7/site-packages/airflow/example_dags/example_latest_only_with_trigger.py for tasks to queue
[2022-07-22 21:55:38,173] {logging_mixin.py:109} INFO - [2022-07-22 21:55:38,173] {dagbag.py:500} INFO - Filling up the DagBag from /home/airflow/.local/lib/python3.7/site-packages/airflow/example_dags/example_latest_only_with_trigger.py
[2022-07-22 21:55:38,188] {processor.py:654} INFO - DAG(s) dict_keys(['latest_only_with_trigger']) retrieved from /home/airflow/.local/lib/python3.7/site-packages/airflow/example_dags/example_latest_only_with_trigger.py
[2022-07-22 21:55:38,195] {logging_mixin.py:109} INFO - [2022-07-22 21:55:38,195] {dag.py:2396} INFO - Sync 1 DAGs
[2022-07-22 21:55:38,206] {logging_mixin.py:109} INFO - [2022-07-22 21:55:38,206] {dag.py:2935} INFO - Setting next_dagrun for latest_only_with_trigger to 2022-07-22T17:55:38.206201+00:00
[2022-07-22 21:55:38,212] {processor.py:171} INFO - Processing /home/airflow/.local/lib/python3.7/site-packages/airflow/example_dags/example_latest_only_with_trigger.py took 0.042 seconds
[2022-07-22 21:56:26,961] {processor.py:163} INFO - Started process (PID=59) to work on /home/airflow/.local/lib/python3.7/site-packages/airflow/example_dags/example_latest_only_with_trigger.py
[2022-07-22 21:56:26,962] {processor.py:642} INFO - Processing file /home/airflow/.local/lib/python3.7/site-packages/airflow/example_dags/example_latest_only_with_trigger.py for tasks to queue
[2022-07-22 21:56:26,962] {logging_mixin.py:109} INFO - [2022-07-22 21:56:26,962] {dagbag.py:500} INFO - Filling up the DagBag from /home/airflow/.local/lib/python3.7/site-packages/airflow/example_dags/example_latest_only_with_trigger.py
[2022-07-22 21:56:26,983] {processor.py:654} INFO - DAG(s) dict_keys(['latest_only_with_trigger']) retrieved from /home/airflow/.local/lib/python3.7/site-packages/airflow/example_dags/example_latest_only_with_trigger.py
[2022-07-22 21:56:26,990] {logging_mixin.py:109} INFO - [2022-07-22 21:56:26,990] {dag.py:2396} INFO - Sync 1 DAGs
[2022-07-22 21:56:27,002] {logging_mixin.py:109} INFO - [2022-07-22 21:56:27,002] {dag.py:2935} INFO - Setting next_dagrun for latest_only_with_trigger to 2022-07-22T17:56:27.001957+00:00
[2022-07-22 21:56:27,009] {processor.py:171} INFO - Processing /home/airflow/.local/lib/python3.7/site-packages/airflow/example_dags/example_latest_only_with_trigger.py took 0.050 seconds
[2022-07-22 21:56:57,953] {processor.py:163} INFO - Started process (PID=119) to work on /home/airflow/.local/lib/python3.7/site-packages/airflow/example_dags/example_latest_only_with_trigger.py
[2022-07-22 21:56:57,954] {processor.py:642} INFO - Processing file /home/airflow/.local/lib/python3.7/site-packages/airflow/example_dags/example_latest_only_with_trigger.py for tasks to queue
[2022-07-22 21:56:57,954] {logging_mixin.py:109} INFO - [2022-07-22 21:56:57,954] {dagbag.py:500} INFO - Filling up the DagBag from /home/airflow/.local/lib/python3.7/site-packages/airflow/example_dags/example_latest_only_with_trigger.py
[2022-07-22 21:56:57,971] {processor.py:654} INFO - DAG(s) dict_keys(['latest_only_with_trigger']) retrieved from /home/airflow/.local/lib/python3.7/site-packages/airflow/example_dags/example_latest_only_with_trigger.py
[2022-07-22 21:56:57,978] {logging_mixin.py:109} INFO - [2022-07-22 21:56:57,978] {dag.py:2396} INFO - Sync 1 DAGs
[2022-07-22 21:56:57,989] {logging_mixin.py:109} INFO - [2022-07-22 21:56:57,989] {dag.py:2935} INFO - Setting next_dagrun for latest_only_with_trigger to 2022-07-22T17:56:57.988831+00:00
[2022-07-22 21:56:57,994] {processor.py:171} INFO - Processing /home/airflow/.local/lib/python3.7/site-packages/airflow/example_dags/example_latest_only_with_trigger.py took 0.043 seconds
[2022-07-22 21:57:28,680] {processor.py:163} INFO - Started process (PID=178) to work on /home/airflow/.local/lib/python3.7/site-packages/airflow/example_dags/example_latest_only_with_trigger.py
[2022-07-22 21:57:28,681] {processor.py:642} INFO - Processing file /home/airflow/.local/lib/python3.7/site-packages/airflow/example_dags/example_latest_only_with_trigger.py for tasks to queue
[2022-07-22 21:57:28,681] {logging_mixin.py:109} INFO - [2022-07-22 21:57:28,681] {dagbag.py:500} INFO - Filling up the DagBag from /home/airflow/.local/lib/python3.7/site-packages/airflow/example_dags/example_latest_only_with_trigger.py
[2022-07-22 21:57:28,703] {processor.py:654} INFO - DAG(s) dict_keys(['latest_only_with_trigger']) retrieved from /home/airflow/.local/lib/python3.7/site-packages/airflow/example_dags/example_latest_only_with_trigger.py
[2022-07-22 21:57:28,710] {logging_mixin.py:109} INFO - [2022-07-22 21:57:28,710] {dag.py:2396} INFO - Sync 1 DAGs
[2022-07-22 21:57:28,721] {logging_mixin.py:109} INFO - [2022-07-22 21:57:28,721] {dag.py:2935} INFO - Setting next_dagrun for latest_only_with_trigger to 2022-07-22T17:57:28.721613+00:00
[2022-07-22 21:57:28,728] {processor.py:171} INFO - Processing /home/airflow/.local/lib/python3.7/site-packages/airflow/example_dags/example_latest_only_with_trigger.py took 0.050 seconds
[2022-07-22 21:57:59,420] {processor.py:163} INFO - Started process (PID=228) to work on /home/airflow/.local/lib/python3.7/site-packages/airflow/example_dags/example_latest_only_with_trigger.py
[2022-07-22 21:57:59,421] {processor.py:642} INFO - Processing file /home/airflow/.local/lib/python3.7/site-packages/airflow/example_dags/example_latest_only_with_trigger.py for tasks to queue
[2022-07-22 21:57:59,422] {logging_mixin.py:109} INFO - [2022-07-22 21:57:59,421] {dagbag.py:500} INFO - Filling up the DagBag from /home/airflow/.local/lib/python3.7/site-packages/airflow/example_dags/example_latest_only_with_trigger.py
[2022-07-22 21:57:59,440] {processor.py:654} INFO - DAG(s) dict_keys(['latest_only_with_trigger']) retrieved from /home/airflow/.local/lib/python3.7/site-packages/airflow/example_dags/example_latest_only_with_trigger.py
[2022-07-22 21:57:59,447] {logging_mixin.py:109} INFO - [2022-07-22 21:57:59,447] {dag.py:2396} INFO - Sync 1 DAGs
[2022-07-22 21:57:59,458] {logging_mixin.py:109} INFO - [2022-07-22 21:57:59,458] {dag.py:2935} INFO - Setting next_dagrun for latest_only_with_trigger to 2022-07-22T17:57:59.458256+00:00
[2022-07-22 21:57:59,464] {processor.py:171} INFO - Processing /home/airflow/.local/lib/python3.7/site-packages/airflow/example_dags/example_latest_only_with_trigger.py took 0.046 seconds
[2022-07-22 21:58:30,357] {processor.py:163} INFO - Started process (PID=287) to work on /home/airflow/.local/lib/python3.7/site-packages/airflow/example_dags/example_latest_only_with_trigger.py
[2022-07-22 21:58:30,358] {processor.py:642} INFO - Processing file /home/airflow/.local/lib/python3.7/site-packages/airflow/example_dags/example_latest_only_with_trigger.py for tasks to queue
[2022-07-22 21:58:30,358] {logging_mixin.py:109} INFO - [2022-07-22 21:58:30,358] {dagbag.py:500} INFO - Filling up the DagBag from /home/airflow/.local/lib/python3.7/site-packages/airflow/example_dags/example_latest_only_with_trigger.py
[2022-07-22 21:58:30,375] {processor.py:654} INFO - DAG(s) dict_keys(['latest_only_with_trigger']) retrieved from /home/airflow/.local/lib/python3.7/site-packages/airflow/example_dags/example_latest_only_with_trigger.py
[2022-07-22 21:58:30,382] {logging_mixin.py:109} INFO - [2022-07-22 21:58:30,382] {dag.py:2396} INFO - Sync 1 DAGs
[2022-07-22 21:58:30,393] {logging_mixin.py:109} INFO - [2022-07-22 21:58:30,393] {dag.py:2935} INFO - Setting next_dagrun for latest_only_with_trigger to 2022-07-22T17:58:30.393490+00:00
[2022-07-22 21:58:30,399] {processor.py:171} INFO - Processing /home/airflow/.local/lib/python3.7/site-packages/airflow/example_dags/example_latest_only_with_trigger.py took 0.044 seconds
[2022-07-22 21:59:01,107] {processor.py:163} INFO - Started process (PID=344) to work on /home/airflow/.local/lib/python3.7/site-packages/airflow/example_dags/example_latest_only_with_trigger.py
[2022-07-22 21:59:01,108] {processor.py:642} INFO - Processing file /home/airflow/.local/lib/python3.7/site-packages/airflow/example_dags/example_latest_only_with_trigger.py for tasks to queue
[2022-07-22 21:59:01,108] {logging_mixin.py:109} INFO - [2022-07-22 21:59:01,108] {dagbag.py:500} INFO - Filling up the DagBag from /home/airflow/.local/lib/python3.7/site-packages/airflow/example_dags/example_latest_only_with_trigger.py
[2022-07-22 21:59:01,126] {processor.py:654} INFO - DAG(s) dict_keys(['latest_only_with_trigger']) retrieved from /home/airflow/.local/lib/python3.7/site-packages/airflow/example_dags/example_latest_only_with_trigger.py
[2022-07-22 21:59:01,134] {logging_mixin.py:109} INFO - [2022-07-22 21:59:01,134] {dag.py:2396} INFO - Sync 1 DAGs
[2022-07-22 21:59:01,146] {logging_mixin.py:109} INFO - [2022-07-22 21:59:01,146] {dag.py:2935} INFO - Setting next_dagrun for latest_only_with_trigger to 2022-07-22T17:59:01.146394+00:00
[2022-07-22 21:59:01,153] {processor.py:171} INFO - Processing /home/airflow/.local/lib/python3.7/site-packages/airflow/example_dags/example_latest_only_with_trigger.py took 0.048 seconds
[2022-07-22 21:59:31,889] {processor.py:163} INFO - Started process (PID=396) to work on /home/airflow/.local/lib/python3.7/site-packages/airflow/example_dags/example_latest_only_with_trigger.py
[2022-07-22 21:59:31,890] {processor.py:642} INFO - Processing file /home/airflow/.local/lib/python3.7/site-packages/airflow/example_dags/example_latest_only_with_trigger.py for tasks to queue
[2022-07-22 21:59:31,890] {logging_mixin.py:109} INFO - [2022-07-22 21:59:31,890] {dagbag.py:500} INFO - Filling up the DagBag from /home/airflow/.local/lib/python3.7/site-packages/airflow/example_dags/example_latest_only_with_trigger.py
[2022-07-22 21:59:31,909] {processor.py:654} INFO - DAG(s) dict_keys(['latest_only_with_trigger']) retrieved from /home/airflow/.local/lib/python3.7/site-packages/airflow/example_dags/example_latest_only_with_trigger.py
[2022-07-22 21:59:31,918] {logging_mixin.py:109} INFO - [2022-07-22 21:59:31,918] {dag.py:2396} INFO - Sync 1 DAGs
[2022-07-22 21:59:31,930] {logging_mixin.py:109} INFO - [2022-07-22 21:59:31,930] {dag.py:2935} INFO - Setting next_dagrun for latest_only_with_trigger to 2022-07-22T17:59:31.930328+00:00
[2022-07-22 21:59:31,936] {processor.py:171} INFO - Processing /home/airflow/.local/lib/python3.7/site-packages/airflow/example_dags/example_latest_only_with_trigger.py took 0.049 seconds
[2022-07-22 22:00:02,633] {processor.py:163} INFO - Started process (PID=455) to work on /home/airflow/.local/lib/python3.7/site-packages/airflow/example_dags/example_latest_only_with_trigger.py
[2022-07-22 22:00:02,634] {processor.py:642} INFO - Processing file /home/airflow/.local/lib/python3.7/site-packages/airflow/example_dags/example_latest_only_with_trigger.py for tasks to queue
[2022-07-22 22:00:02,634] {logging_mixin.py:109} INFO - [2022-07-22 22:00:02,634] {dagbag.py:500} INFO - Filling up the DagBag from /home/airflow/.local/lib/python3.7/site-packages/airflow/example_dags/example_latest_only_with_trigger.py
[2022-07-22 22:00:02,651] {processor.py:654} INFO - DAG(s) dict_keys(['latest_only_with_trigger']) retrieved from /home/airflow/.local/lib/python3.7/site-packages/airflow/example_dags/example_latest_only_with_trigger.py
[2022-07-22 22:00:02,657] {logging_mixin.py:109} INFO - [2022-07-22 22:00:02,657] {dag.py:2396} INFO - Sync 1 DAGs
[2022-07-22 22:00:02,668] {logging_mixin.py:109} INFO - [2022-07-22 22:00:02,668] {dag.py:2935} INFO - Setting next_dagrun for latest_only_with_trigger to 2022-07-22T18:00:02.668224+00:00
[2022-07-22 22:00:02,674] {processor.py:171} INFO - Processing /home/airflow/.local/lib/python3.7/site-packages/airflow/example_dags/example_latest_only_with_trigger.py took 0.043 seconds
[2022-07-22 22:00:33,224] {processor.py:163} INFO - Started process (PID=505) to work on /home/airflow/.local/lib/python3.7/site-packages/airflow/example_dags/example_latest_only_with_trigger.py
[2022-07-22 22:00:33,225] {processor.py:642} INFO - Processing file /home/airflow/.local/lib/python3.7/site-packages/airflow/example_dags/example_latest_only_with_trigger.py for tasks to queue
[2022-07-22 22:00:33,226] {logging_mixin.py:109} INFO - [2022-07-22 22:00:33,225] {dagbag.py:500} INFO - Filling up the DagBag from /home/airflow/.local/lib/python3.7/site-packages/airflow/example_dags/example_latest_only_with_trigger.py
[2022-07-22 22:00:33,243] {processor.py:654} INFO - DAG(s) dict_keys(['latest_only_with_trigger']) retrieved from /home/airflow/.local/lib/python3.7/site-packages/airflow/example_dags/example_latest_only_with_trigger.py
[2022-07-22 22:00:33,250] {logging_mixin.py:109} INFO - [2022-07-22 22:00:33,249] {dag.py:2396} INFO - Sync 1 DAGs
[2022-07-22 22:00:33,261] {logging_mixin.py:109} INFO - [2022-07-22 22:00:33,261] {dag.py:2935} INFO - Setting next_dagrun for latest_only_with_trigger to 2022-07-22T18:00:33.260848+00:00
[2022-07-22 22:00:33,266] {processor.py:171} INFO - Processing /home/airflow/.local/lib/python3.7/site-packages/airflow/example_dags/example_latest_only_with_trigger.py took 0.044 seconds
[2022-07-22 22:01:03,942] {processor.py:163} INFO - Started process (PID=564) to work on /home/airflow/.local/lib/python3.7/site-packages/airflow/example_dags/example_latest_only_with_trigger.py
[2022-07-22 22:01:03,943] {processor.py:642} INFO - Processing file /home/airflow/.local/lib/python3.7/site-packages/airflow/example_dags/example_latest_only_with_trigger.py for tasks to queue
[2022-07-22 22:01:03,944] {logging_mixin.py:109} INFO - [2022-07-22 22:01:03,943] {dagbag.py:500} INFO - Filling up the DagBag from /home/airflow/.local/lib/python3.7/site-packages/airflow/example_dags/example_latest_only_with_trigger.py
[2022-07-22 22:01:03,961] {processor.py:654} INFO - DAG(s) dict_keys(['latest_only_with_trigger']) retrieved from /home/airflow/.local/lib/python3.7/site-packages/airflow/example_dags/example_latest_only_with_trigger.py
[2022-07-22 22:01:03,968] {logging_mixin.py:109} INFO - [2022-07-22 22:01:03,968] {dag.py:2396} INFO - Sync 1 DAGs
[2022-07-22 22:01:03,979] {logging_mixin.py:109} INFO - [2022-07-22 22:01:03,979] {dag.py:2935} INFO - Setting next_dagrun for latest_only_with_trigger to 2022-07-22T18:01:03.979021+00:00
[2022-07-22 22:01:03,985] {processor.py:171} INFO - Processing /home/airflow/.local/lib/python3.7/site-packages/airflow/example_dags/example_latest_only_with_trigger.py took 0.045 seconds
[2022-07-22 22:01:34,621] {processor.py:163} INFO - Started process (PID=623) to work on /home/airflow/.local/lib/python3.7/site-packages/airflow/example_dags/example_latest_only_with_trigger.py
[2022-07-22 22:01:34,622] {processor.py:642} INFO - Processing file /home/airflow/.local/lib/python3.7/site-packages/airflow/example_dags/example_latest_only_with_trigger.py for tasks to queue
[2022-07-22 22:01:34,623] {logging_mixin.py:109} INFO - [2022-07-22 22:01:34,623] {dagbag.py:500} INFO - Filling up the DagBag from /home/airflow/.local/lib/python3.7/site-packages/airflow/example_dags/example_latest_only_with_trigger.py
[2022-07-22 22:01:34,640] {processor.py:654} INFO - DAG(s) dict_keys(['latest_only_with_trigger']) retrieved from /home/airflow/.local/lib/python3.7/site-packages/airflow/example_dags/example_latest_only_with_trigger.py
[2022-07-22 22:01:34,647] {logging_mixin.py:109} INFO - [2022-07-22 22:01:34,647] {dag.py:2396} INFO - Sync 1 DAGs
[2022-07-22 22:01:34,657] {logging_mixin.py:109} INFO - [2022-07-22 22:01:34,657] {dag.py:2935} INFO - Setting next_dagrun for latest_only_with_trigger to 2022-07-22T18:01:34.657451+00:00
[2022-07-22 22:01:34,663] {processor.py:171} INFO - Processing /home/airflow/.local/lib/python3.7/site-packages/airflow/example_dags/example_latest_only_with_trigger.py took 0.044 seconds
[2022-07-22 22:02:05,283] {processor.py:163} INFO - Started process (PID=673) to work on /home/airflow/.local/lib/python3.7/site-packages/airflow/example_dags/example_latest_only_with_trigger.py
[2022-07-22 22:02:05,284] {processor.py:642} INFO - Processing file /home/airflow/.local/lib/python3.7/site-packages/airflow/example_dags/example_latest_only_with_trigger.py for tasks to queue
[2022-07-22 22:02:05,284] {logging_mixin.py:109} INFO - [2022-07-22 22:02:05,284] {dagbag.py:500} INFO - Filling up the DagBag from /home/airflow/.local/lib/python3.7/site-packages/airflow/example_dags/example_latest_only_with_trigger.py
[2022-07-22 22:02:05,301] {processor.py:654} INFO - DAG(s) dict_keys(['latest_only_with_trigger']) retrieved from /home/airflow/.local/lib/python3.7/site-packages/airflow/example_dags/example_latest_only_with_trigger.py
[2022-07-22 22:02:05,308] {logging_mixin.py:109} INFO - [2022-07-22 22:02:05,308] {dag.py:2396} INFO - Sync 1 DAGs
[2022-07-22 22:02:05,319] {logging_mixin.py:109} INFO - [2022-07-22 22:02:05,319] {dag.py:2935} INFO - Setting next_dagrun for latest_only_with_trigger to 2022-07-22T18:02:05.318945+00:00
[2022-07-22 22:02:05,324] {processor.py:171} INFO - Processing /home/airflow/.local/lib/python3.7/site-packages/airflow/example_dags/example_latest_only_with_trigger.py took 0.043 seconds
[2022-07-22 22:02:35,888] {processor.py:163} INFO - Started process (PID=732) to work on /home/airflow/.local/lib/python3.7/site-packages/airflow/example_dags/example_latest_only_with_trigger.py
[2022-07-22 22:02:35,889] {processor.py:642} INFO - Processing file /home/airflow/.local/lib/python3.7/site-packages/airflow/example_dags/example_latest_only_with_trigger.py for tasks to queue
[2022-07-22 22:02:35,889] {logging_mixin.py:109} INFO - [2022-07-22 22:02:35,889] {dagbag.py:500} INFO - Filling up the DagBag from /home/airflow/.local/lib/python3.7/site-packages/airflow/example_dags/example_latest_only_with_trigger.py
[2022-07-22 22:02:35,906] {processor.py:654} INFO - DAG(s) dict_keys(['latest_only_with_trigger']) retrieved from /home/airflow/.local/lib/python3.7/site-packages/airflow/example_dags/example_latest_only_with_trigger.py
[2022-07-22 22:02:35,913] {logging_mixin.py:109} INFO - [2022-07-22 22:02:35,913] {dag.py:2396} INFO - Sync 1 DAGs
[2022-07-22 22:02:35,924] {logging_mixin.py:109} INFO - [2022-07-22 22:02:35,924] {dag.py:2935} INFO - Setting next_dagrun for latest_only_with_trigger to 2022-07-22T18:02:35.923909+00:00
[2022-07-22 22:02:35,930] {processor.py:171} INFO - Processing /home/airflow/.local/lib/python3.7/site-packages/airflow/example_dags/example_latest_only_with_trigger.py took 0.043 seconds
[2022-07-22 22:03:06,531] {processor.py:163} INFO - Started process (PID=782) to work on /home/airflow/.local/lib/python3.7/site-packages/airflow/example_dags/example_latest_only_with_trigger.py
[2022-07-22 22:03:06,532] {processor.py:642} INFO - Processing file /home/airflow/.local/lib/python3.7/site-packages/airflow/example_dags/example_latest_only_with_trigger.py for tasks to queue
[2022-07-22 22:03:06,532] {logging_mixin.py:109} INFO - [2022-07-22 22:03:06,532] {dagbag.py:500} INFO - Filling up the DagBag from /home/airflow/.local/lib/python3.7/site-packages/airflow/example_dags/example_latest_only_with_trigger.py
[2022-07-22 22:03:06,549] {processor.py:654} INFO - DAG(s) dict_keys(['latest_only_with_trigger']) retrieved from /home/airflow/.local/lib/python3.7/site-packages/airflow/example_dags/example_latest_only_with_trigger.py
[2022-07-22 22:03:06,556] {logging_mixin.py:109} INFO - [2022-07-22 22:03:06,556] {dag.py:2396} INFO - Sync 1 DAGs
[2022-07-22 22:03:06,566] {logging_mixin.py:109} INFO - [2022-07-22 22:03:06,566] {dag.py:2935} INFO - Setting next_dagrun for latest_only_with_trigger to 2022-07-22T18:03:06.566392+00:00
[2022-07-22 22:03:06,572] {processor.py:171} INFO - Processing /home/airflow/.local/lib/python3.7/site-packages/airflow/example_dags/example_latest_only_with_trigger.py took 0.043 seconds
[2022-07-22 22:03:37,113] {processor.py:163} INFO - Started process (PID=841) to work on /home/airflow/.local/lib/python3.7/site-packages/airflow/example_dags/example_latest_only_with_trigger.py
[2022-07-22 22:03:37,114] {processor.py:642} INFO - Processing file /home/airflow/.local/lib/python3.7/site-packages/airflow/example_dags/example_latest_only_with_trigger.py for tasks to queue
[2022-07-22 22:03:37,114] {logging_mixin.py:109} INFO - [2022-07-22 22:03:37,114] {dagbag.py:500} INFO - Filling up the DagBag from /home/airflow/.local/lib/python3.7/site-packages/airflow/example_dags/example_latest_only_with_trigger.py
[2022-07-22 22:03:37,134] {processor.py:654} INFO - DAG(s) dict_keys(['latest_only_with_trigger']) retrieved from /home/airflow/.local/lib/python3.7/site-packages/airflow/example_dags/example_latest_only_with_trigger.py
[2022-07-22 22:03:37,143] {logging_mixin.py:109} INFO - [2022-07-22 22:03:37,142] {dag.py:2396} INFO - Sync 1 DAGs
[2022-07-22 22:03:37,156] {logging_mixin.py:109} INFO - [2022-07-22 22:03:37,156] {dag.py:2935} INFO - Setting next_dagrun for latest_only_with_trigger to 2022-07-22T18:03:37.156466+00:00
[2022-07-22 22:03:37,162] {processor.py:171} INFO - Processing /home/airflow/.local/lib/python3.7/site-packages/airflow/example_dags/example_latest_only_with_trigger.py took 0.052 seconds
[2022-07-22 22:04:07,802] {processor.py:163} INFO - Started process (PID=891) to work on /home/airflow/.local/lib/python3.7/site-packages/airflow/example_dags/example_latest_only_with_trigger.py
[2022-07-22 22:04:07,803] {processor.py:642} INFO - Processing file /home/airflow/.local/lib/python3.7/site-packages/airflow/example_dags/example_latest_only_with_trigger.py for tasks to queue
[2022-07-22 22:04:07,804] {logging_mixin.py:109} INFO - [2022-07-22 22:04:07,804] {dagbag.py:500} INFO - Filling up the DagBag from /home/airflow/.local/lib/python3.7/site-packages/airflow/example_dags/example_latest_only_with_trigger.py
[2022-07-22 22:04:07,822] {processor.py:654} INFO - DAG(s) dict_keys(['latest_only_with_trigger']) retrieved from /home/airflow/.local/lib/python3.7/site-packages/airflow/example_dags/example_latest_only_with_trigger.py
[2022-07-22 22:04:07,829] {logging_mixin.py:109} INFO - [2022-07-22 22:04:07,829] {dag.py:2396} INFO - Sync 1 DAGs
[2022-07-22 22:04:07,840] {logging_mixin.py:109} INFO - [2022-07-22 22:04:07,840] {dag.py:2935} INFO - Setting next_dagrun for latest_only_with_trigger to 2022-07-22T18:04:07.840638+00:00
[2022-07-22 22:04:07,847] {processor.py:171} INFO - Processing /home/airflow/.local/lib/python3.7/site-packages/airflow/example_dags/example_latest_only_with_trigger.py took 0.046 seconds
[2022-07-22 22:04:38,522] {processor.py:163} INFO - Started process (PID=950) to work on /home/airflow/.local/lib/python3.7/site-packages/airflow/example_dags/example_latest_only_with_trigger.py
[2022-07-22 22:04:38,523] {processor.py:642} INFO - Processing file /home/airflow/.local/lib/python3.7/site-packages/airflow/example_dags/example_latest_only_with_trigger.py for tasks to queue
[2022-07-22 22:04:38,523] {logging_mixin.py:109} INFO - [2022-07-22 22:04:38,523] {dagbag.py:500} INFO - Filling up the DagBag from /home/airflow/.local/lib/python3.7/site-packages/airflow/example_dags/example_latest_only_with_trigger.py
[2022-07-22 22:04:38,541] {processor.py:654} INFO - DAG(s) dict_keys(['latest_only_with_trigger']) retrieved from /home/airflow/.local/lib/python3.7/site-packages/airflow/example_dags/example_latest_only_with_trigger.py
[2022-07-22 22:04:38,548] {logging_mixin.py:109} INFO - [2022-07-22 22:04:38,548] {dag.py:2396} INFO - Sync 1 DAGs
[2022-07-22 22:04:38,559] {logging_mixin.py:109} INFO - [2022-07-22 22:04:38,559] {dag.py:2935} INFO - Setting next_dagrun for latest_only_with_trigger to 2022-07-22T18:04:38.559692+00:00
[2022-07-22 22:04:38,567] {processor.py:171} INFO - Processing /home/airflow/.local/lib/python3.7/site-packages/airflow/example_dags/example_latest_only_with_trigger.py took 0.046 seconds
[2022-07-22 22:05:09,207] {processor.py:163} INFO - Started process (PID=1009) to work on /home/airflow/.local/lib/python3.7/site-packages/airflow/example_dags/example_latest_only_with_trigger.py
[2022-07-22 22:05:09,208] {processor.py:642} INFO - Processing file /home/airflow/.local/lib/python3.7/site-packages/airflow/example_dags/example_latest_only_with_trigger.py for tasks to queue
[2022-07-22 22:05:09,208] {logging_mixin.py:109} INFO - [2022-07-22 22:05:09,208] {dagbag.py:500} INFO - Filling up the DagBag from /home/airflow/.local/lib/python3.7/site-packages/airflow/example_dags/example_latest_only_with_trigger.py
[2022-07-22 22:05:09,225] {processor.py:654} INFO - DAG(s) dict_keys(['latest_only_with_trigger']) retrieved from /home/airflow/.local/lib/python3.7/site-packages/airflow/example_dags/example_latest_only_with_trigger.py
[2022-07-22 22:05:09,232] {logging_mixin.py:109} INFO - [2022-07-22 22:05:09,232] {dag.py:2396} INFO - Sync 1 DAGs
[2022-07-22 22:05:09,244] {logging_mixin.py:109} INFO - [2022-07-22 22:05:09,244] {dag.py:2935} INFO - Setting next_dagrun for latest_only_with_trigger to 2022-07-22T18:05:09.243855+00:00
[2022-07-22 22:05:09,250] {processor.py:171} INFO - Processing /home/airflow/.local/lib/python3.7/site-packages/airflow/example_dags/example_latest_only_with_trigger.py took 0.044 seconds
[2022-07-22 22:05:39,766] {processor.py:163} INFO - Started process (PID=1059) to work on /home/airflow/.local/lib/python3.7/site-packages/airflow/example_dags/example_latest_only_with_trigger.py
[2022-07-22 22:05:39,767] {processor.py:642} INFO - Processing file /home/airflow/.local/lib/python3.7/site-packages/airflow/example_dags/example_latest_only_with_trigger.py for tasks to queue
[2022-07-22 22:05:39,768] {logging_mixin.py:109} INFO - [2022-07-22 22:05:39,768] {dagbag.py:500} INFO - Filling up the DagBag from /home/airflow/.local/lib/python3.7/site-packages/airflow/example_dags/example_latest_only_with_trigger.py
[2022-07-22 22:05:39,785] {processor.py:654} INFO - DAG(s) dict_keys(['latest_only_with_trigger']) retrieved from /home/airflow/.local/lib/python3.7/site-packages/airflow/example_dags/example_latest_only_with_trigger.py
[2022-07-22 22:05:39,792] {logging_mixin.py:109} INFO - [2022-07-22 22:05:39,792] {dag.py:2396} INFO - Sync 1 DAGs
[2022-07-22 22:05:39,804] {logging_mixin.py:109} INFO - [2022-07-22 22:05:39,804] {dag.py:2935} INFO - Setting next_dagrun for latest_only_with_trigger to 2022-07-22T18:05:39.804029+00:00
[2022-07-22 22:05:39,810] {processor.py:171} INFO - Processing /home/airflow/.local/lib/python3.7/site-packages/airflow/example_dags/example_latest_only_with_trigger.py took 0.045 seconds
[2022-07-22 22:06:10,383] {processor.py:163} INFO - Started process (PID=1118) to work on /home/airflow/.local/lib/python3.7/site-packages/airflow/example_dags/example_latest_only_with_trigger.py
[2022-07-22 22:06:10,384] {processor.py:642} INFO - Processing file /home/airflow/.local/lib/python3.7/site-packages/airflow/example_dags/example_latest_only_with_trigger.py for tasks to queue
[2022-07-22 22:06:10,384] {logging_mixin.py:109} INFO - [2022-07-22 22:06:10,384] {dagbag.py:500} INFO - Filling up the DagBag from /home/airflow/.local/lib/python3.7/site-packages/airflow/example_dags/example_latest_only_with_trigger.py
[2022-07-22 22:06:10,401] {processor.py:654} INFO - DAG(s) dict_keys(['latest_only_with_trigger']) retrieved from /home/airflow/.local/lib/python3.7/site-packages/airflow/example_dags/example_latest_only_with_trigger.py
[2022-07-22 22:06:10,407] {logging_mixin.py:109} INFO - [2022-07-22 22:06:10,407] {dag.py:2396} INFO - Sync 1 DAGs
[2022-07-22 22:06:10,419] {logging_mixin.py:109} INFO - [2022-07-22 22:06:10,418] {dag.py:2935} INFO - Setting next_dagrun for latest_only_with_trigger to 2022-07-22T18:06:10.418805+00:00
[2022-07-22 22:06:10,424] {processor.py:171} INFO - Processing /home/airflow/.local/lib/python3.7/site-packages/airflow/example_dags/example_latest_only_with_trigger.py took 0.043 seconds
[2022-07-22 22:06:40,996] {processor.py:163} INFO - Started process (PID=1168) to work on /home/airflow/.local/lib/python3.7/site-packages/airflow/example_dags/example_latest_only_with_trigger.py
[2022-07-22 22:06:40,997] {processor.py:642} INFO - Processing file /home/airflow/.local/lib/python3.7/site-packages/airflow/example_dags/example_latest_only_with_trigger.py for tasks to queue
[2022-07-22 22:06:40,997] {logging_mixin.py:109} INFO - [2022-07-22 22:06:40,997] {dagbag.py:500} INFO - Filling up the DagBag from /home/airflow/.local/lib/python3.7/site-packages/airflow/example_dags/example_latest_only_with_trigger.py
[2022-07-22 22:06:41,015] {processor.py:654} INFO - DAG(s) dict_keys(['latest_only_with_trigger']) retrieved from /home/airflow/.local/lib/python3.7/site-packages/airflow/example_dags/example_latest_only_with_trigger.py
[2022-07-22 22:06:41,022] {logging_mixin.py:109} INFO - [2022-07-22 22:06:41,022] {dag.py:2396} INFO - Sync 1 DAGs
[2022-07-22 22:06:41,032] {logging_mixin.py:109} INFO - [2022-07-22 22:06:41,032] {dag.py:2935} INFO - Setting next_dagrun for latest_only_with_trigger to 2022-07-22T18:06:41.032448+00:00
[2022-07-22 22:06:41,038] {processor.py:171} INFO - Processing /home/airflow/.local/lib/python3.7/site-packages/airflow/example_dags/example_latest_only_with_trigger.py took 0.043 seconds
[2022-07-22 22:07:11,650] {processor.py:163} INFO - Started process (PID=1227) to work on /home/airflow/.local/lib/python3.7/site-packages/airflow/example_dags/example_latest_only_with_trigger.py
[2022-07-22 22:07:11,651] {processor.py:642} INFO - Processing file /home/airflow/.local/lib/python3.7/site-packages/airflow/example_dags/example_latest_only_with_trigger.py for tasks to queue
[2022-07-22 22:07:11,651] {logging_mixin.py:109} INFO - [2022-07-22 22:07:11,651] {dagbag.py:500} INFO - Filling up the DagBag from /home/airflow/.local/lib/python3.7/site-packages/airflow/example_dags/example_latest_only_with_trigger.py
[2022-07-22 22:07:11,668] {processor.py:654} INFO - DAG(s) dict_keys(['latest_only_with_trigger']) retrieved from /home/airflow/.local/lib/python3.7/site-packages/airflow/example_dags/example_latest_only_with_trigger.py
[2022-07-22 22:07:11,674] {logging_mixin.py:109} INFO - [2022-07-22 22:07:11,674] {dag.py:2396} INFO - Sync 1 DAGs
[2022-07-22 22:07:11,686] {logging_mixin.py:109} INFO - [2022-07-22 22:07:11,686] {dag.py:2935} INFO - Setting next_dagrun for latest_only_with_trigger to 2022-07-22T18:07:11.685804+00:00
[2022-07-22 22:07:11,693] {processor.py:171} INFO - Processing /home/airflow/.local/lib/python3.7/site-packages/airflow/example_dags/example_latest_only_with_trigger.py took 0.045 seconds
[2022-07-22 22:07:42,233] {processor.py:163} INFO - Started process (PID=1286) to work on /home/airflow/.local/lib/python3.7/site-packages/airflow/example_dags/example_latest_only_with_trigger.py
[2022-07-22 22:07:42,234] {processor.py:642} INFO - Processing file /home/airflow/.local/lib/python3.7/site-packages/airflow/example_dags/example_latest_only_with_trigger.py for tasks to queue
[2022-07-22 22:07:42,234] {logging_mixin.py:109} INFO - [2022-07-22 22:07:42,234] {dagbag.py:500} INFO - Filling up the DagBag from /home/airflow/.local/lib/python3.7/site-packages/airflow/example_dags/example_latest_only_with_trigger.py
[2022-07-22 22:07:42,251] {processor.py:654} INFO - DAG(s) dict_keys(['latest_only_with_trigger']) retrieved from /home/airflow/.local/lib/python3.7/site-packages/airflow/example_dags/example_latest_only_with_trigger.py
[2022-07-22 22:07:42,258] {logging_mixin.py:109} INFO - [2022-07-22 22:07:42,258] {dag.py:2396} INFO - Sync 1 DAGs
[2022-07-22 22:07:42,269] {logging_mixin.py:109} INFO - [2022-07-22 22:07:42,269] {dag.py:2935} INFO - Setting next_dagrun for latest_only_with_trigger to 2022-07-22T18:07:42.269487+00:00
[2022-07-22 22:07:42,276] {processor.py:171} INFO - Processing /home/airflow/.local/lib/python3.7/site-packages/airflow/example_dags/example_latest_only_with_trigger.py took 0.045 seconds
[2022-07-22 22:08:12,898] {processor.py:163} INFO - Started process (PID=1336) to work on /home/airflow/.local/lib/python3.7/site-packages/airflow/example_dags/example_latest_only_with_trigger.py
[2022-07-22 22:08:12,898] {processor.py:642} INFO - Processing file /home/airflow/.local/lib/python3.7/site-packages/airflow/example_dags/example_latest_only_with_trigger.py for tasks to queue
[2022-07-22 22:08:12,899] {logging_mixin.py:109} INFO - [2022-07-22 22:08:12,899] {dagbag.py:500} INFO - Filling up the DagBag from /home/airflow/.local/lib/python3.7/site-packages/airflow/example_dags/example_latest_only_with_trigger.py
[2022-07-22 22:08:12,919] {processor.py:654} INFO - DAG(s) dict_keys(['latest_only_with_trigger']) retrieved from /home/airflow/.local/lib/python3.7/site-packages/airflow/example_dags/example_latest_only_with_trigger.py
[2022-07-22 22:08:12,930] {logging_mixin.py:109} INFO - [2022-07-22 22:08:12,930] {dag.py:2396} INFO - Sync 1 DAGs
[2022-07-22 22:08:12,946] {logging_mixin.py:109} INFO - [2022-07-22 22:08:12,946] {dag.py:2935} INFO - Setting next_dagrun for latest_only_with_trigger to 2022-07-22T18:08:12.946217+00:00
[2022-07-22 22:08:12,954] {processor.py:171} INFO - Processing /home/airflow/.local/lib/python3.7/site-packages/airflow/example_dags/example_latest_only_with_trigger.py took 0.059 seconds
[2022-07-22 22:08:44,152] {processor.py:163} INFO - Started process (PID=1395) to work on /home/airflow/.local/lib/python3.7/site-packages/airflow/example_dags/example_latest_only_with_trigger.py
[2022-07-22 22:08:44,153] {processor.py:642} INFO - Processing file /home/airflow/.local/lib/python3.7/site-packages/airflow/example_dags/example_latest_only_with_trigger.py for tasks to queue
[2022-07-22 22:08:44,154] {logging_mixin.py:109} INFO - [2022-07-22 22:08:44,154] {dagbag.py:500} INFO - Filling up the DagBag from /home/airflow/.local/lib/python3.7/site-packages/airflow/example_dags/example_latest_only_with_trigger.py
[2022-07-22 22:08:44,181] {processor.py:654} INFO - DAG(s) dict_keys(['latest_only_with_trigger']) retrieved from /home/airflow/.local/lib/python3.7/site-packages/airflow/example_dags/example_latest_only_with_trigger.py
[2022-07-22 22:08:44,192] {logging_mixin.py:109} INFO - [2022-07-22 22:08:44,192] {dag.py:2396} INFO - Sync 1 DAGs
[2022-07-22 22:08:44,210] {logging_mixin.py:109} INFO - [2022-07-22 22:08:44,210] {dag.py:2935} INFO - Setting next_dagrun for latest_only_with_trigger to 2022-07-22T18:08:44.210092+00:00
[2022-07-22 22:08:44,220] {processor.py:171} INFO - Processing /home/airflow/.local/lib/python3.7/site-packages/airflow/example_dags/example_latest_only_with_trigger.py took 0.070 seconds
[2022-07-22 22:09:14,654] {processor.py:163} INFO - Started process (PID=1445) to work on /home/airflow/.local/lib/python3.7/site-packages/airflow/example_dags/example_latest_only_with_trigger.py
[2022-07-22 22:09:14,655] {processor.py:642} INFO - Processing file /home/airflow/.local/lib/python3.7/site-packages/airflow/example_dags/example_latest_only_with_trigger.py for tasks to queue
[2022-07-22 22:09:14,655] {logging_mixin.py:109} INFO - [2022-07-22 22:09:14,655] {dagbag.py:500} INFO - Filling up the DagBag from /home/airflow/.local/lib/python3.7/site-packages/airflow/example_dags/example_latest_only_with_trigger.py
[2022-07-22 22:09:14,679] {processor.py:654} INFO - DAG(s) dict_keys(['latest_only_with_trigger']) retrieved from /home/airflow/.local/lib/python3.7/site-packages/airflow/example_dags/example_latest_only_with_trigger.py
[2022-07-22 22:09:14,688] {logging_mixin.py:109} INFO - [2022-07-22 22:09:14,688] {dag.py:2396} INFO - Sync 1 DAGs
[2022-07-22 22:09:14,704] {logging_mixin.py:109} INFO - [2022-07-22 22:09:14,704] {dag.py:2935} INFO - Setting next_dagrun for latest_only_with_trigger to 2022-07-22T18:09:14.703775+00:00
[2022-07-22 22:09:14,712] {processor.py:171} INFO - Processing /home/airflow/.local/lib/python3.7/site-packages/airflow/example_dags/example_latest_only_with_trigger.py took 0.061 seconds
[2022-07-22 22:09:44,734] {processor.py:163} INFO - Started process (PID=1503) to work on /home/airflow/.local/lib/python3.7/site-packages/airflow/example_dags/example_latest_only_with_trigger.py
[2022-07-22 22:09:44,735] {processor.py:642} INFO - Processing file /home/airflow/.local/lib/python3.7/site-packages/airflow/example_dags/example_latest_only_with_trigger.py for tasks to queue
[2022-07-22 22:09:44,735] {logging_mixin.py:109} INFO - [2022-07-22 22:09:44,735] {dagbag.py:500} INFO - Filling up the DagBag from /home/airflow/.local/lib/python3.7/site-packages/airflow/example_dags/example_latest_only_with_trigger.py
[2022-07-22 22:09:44,756] {processor.py:654} INFO - DAG(s) dict_keys(['latest_only_with_trigger']) retrieved from /home/airflow/.local/lib/python3.7/site-packages/airflow/example_dags/example_latest_only_with_trigger.py
[2022-07-22 22:09:44,765] {logging_mixin.py:109} INFO - [2022-07-22 22:09:44,765] {dag.py:2396} INFO - Sync 1 DAGs
[2022-07-22 22:09:44,781] {logging_mixin.py:109} INFO - [2022-07-22 22:09:44,781] {dag.py:2935} INFO - Setting next_dagrun for latest_only_with_trigger to 2022-07-22T18:09:44.780840+00:00
[2022-07-22 22:09:44,788] {processor.py:171} INFO - Processing /home/airflow/.local/lib/python3.7/site-packages/airflow/example_dags/example_latest_only_with_trigger.py took 0.056 seconds
[2022-07-22 22:10:15,694] {processor.py:163} INFO - Started process (PID=1553) to work on /home/airflow/.local/lib/python3.7/site-packages/airflow/example_dags/example_latest_only_with_trigger.py
[2022-07-22 22:10:15,695] {processor.py:642} INFO - Processing file /home/airflow/.local/lib/python3.7/site-packages/airflow/example_dags/example_latest_only_with_trigger.py for tasks to queue
[2022-07-22 22:10:15,695] {logging_mixin.py:109} INFO - [2022-07-22 22:10:15,695] {dagbag.py:500} INFO - Filling up the DagBag from /home/airflow/.local/lib/python3.7/site-packages/airflow/example_dags/example_latest_only_with_trigger.py
[2022-07-22 22:10:15,713] {processor.py:654} INFO - DAG(s) dict_keys(['latest_only_with_trigger']) retrieved from /home/airflow/.local/lib/python3.7/site-packages/airflow/example_dags/example_latest_only_with_trigger.py
[2022-07-22 22:10:15,719] {logging_mixin.py:109} INFO - [2022-07-22 22:10:15,719] {dag.py:2396} INFO - Sync 1 DAGs
[2022-07-22 22:10:15,730] {logging_mixin.py:109} INFO - [2022-07-22 22:10:15,730] {dag.py:2935} INFO - Setting next_dagrun for latest_only_with_trigger to 2022-07-22T18:10:15.730117+00:00
[2022-07-22 22:10:15,736] {processor.py:171} INFO - Processing /home/airflow/.local/lib/python3.7/site-packages/airflow/example_dags/example_latest_only_with_trigger.py took 0.044 seconds
[2022-07-22 22:10:46,424] {processor.py:163} INFO - Started process (PID=1612) to work on /home/airflow/.local/lib/python3.7/site-packages/airflow/example_dags/example_latest_only_with_trigger.py
[2022-07-22 22:10:46,425] {processor.py:642} INFO - Processing file /home/airflow/.local/lib/python3.7/site-packages/airflow/example_dags/example_latest_only_with_trigger.py for tasks to queue
[2022-07-22 22:10:46,425] {logging_mixin.py:109} INFO - [2022-07-22 22:10:46,425] {dagbag.py:500} INFO - Filling up the DagBag from /home/airflow/.local/lib/python3.7/site-packages/airflow/example_dags/example_latest_only_with_trigger.py
[2022-07-22 22:10:46,444] {processor.py:654} INFO - DAG(s) dict_keys(['latest_only_with_trigger']) retrieved from /home/airflow/.local/lib/python3.7/site-packages/airflow/example_dags/example_latest_only_with_trigger.py
[2022-07-22 22:10:46,451] {logging_mixin.py:109} INFO - [2022-07-22 22:10:46,451] {dag.py:2396} INFO - Sync 1 DAGs
[2022-07-22 22:10:46,462] {logging_mixin.py:109} INFO - [2022-07-22 22:10:46,462] {dag.py:2935} INFO - Setting next_dagrun for latest_only_with_trigger to 2022-07-22T18:10:46.461990+00:00
[2022-07-22 22:10:46,470] {processor.py:171} INFO - Processing /home/airflow/.local/lib/python3.7/site-packages/airflow/example_dags/example_latest_only_with_trigger.py took 0.047 seconds
[2022-07-22 22:11:17,260] {processor.py:163} INFO - Started process (PID=1662) to work on /home/airflow/.local/lib/python3.7/site-packages/airflow/example_dags/example_latest_only_with_trigger.py
[2022-07-22 22:11:17,261] {processor.py:642} INFO - Processing file /home/airflow/.local/lib/python3.7/site-packages/airflow/example_dags/example_latest_only_with_trigger.py for tasks to queue
[2022-07-22 22:11:17,261] {logging_mixin.py:109} INFO - [2022-07-22 22:11:17,261] {dagbag.py:500} INFO - Filling up the DagBag from /home/airflow/.local/lib/python3.7/site-packages/airflow/example_dags/example_latest_only_with_trigger.py
[2022-07-22 22:11:17,281] {processor.py:654} INFO - DAG(s) dict_keys(['latest_only_with_trigger']) retrieved from /home/airflow/.local/lib/python3.7/site-packages/airflow/example_dags/example_latest_only_with_trigger.py
[2022-07-22 22:11:17,288] {logging_mixin.py:109} INFO - [2022-07-22 22:11:17,288] {dag.py:2396} INFO - Sync 1 DAGs
[2022-07-22 22:11:17,299] {logging_mixin.py:109} INFO - [2022-07-22 22:11:17,299] {dag.py:2935} INFO - Setting next_dagrun for latest_only_with_trigger to 2022-07-22T18:11:17.299456+00:00
[2022-07-22 22:11:17,305] {processor.py:171} INFO - Processing /home/airflow/.local/lib/python3.7/site-packages/airflow/example_dags/example_latest_only_with_trigger.py took 0.047 seconds
[2022-07-22 22:11:48,001] {processor.py:163} INFO - Started process (PID=1721) to work on /home/airflow/.local/lib/python3.7/site-packages/airflow/example_dags/example_latest_only_with_trigger.py
[2022-07-22 22:11:48,002] {processor.py:642} INFO - Processing file /home/airflow/.local/lib/python3.7/site-packages/airflow/example_dags/example_latest_only_with_trigger.py for tasks to queue
[2022-07-22 22:11:48,002] {logging_mixin.py:109} INFO - [2022-07-22 22:11:48,002] {dagbag.py:500} INFO - Filling up the DagBag from /home/airflow/.local/lib/python3.7/site-packages/airflow/example_dags/example_latest_only_with_trigger.py
[2022-07-22 22:11:48,020] {processor.py:654} INFO - DAG(s) dict_keys(['latest_only_with_trigger']) retrieved from /home/airflow/.local/lib/python3.7/site-packages/airflow/example_dags/example_latest_only_with_trigger.py
[2022-07-22 22:11:48,027] {logging_mixin.py:109} INFO - [2022-07-22 22:11:48,027] {dag.py:2396} INFO - Sync 1 DAGs
[2022-07-22 22:11:48,038] {logging_mixin.py:109} INFO - [2022-07-22 22:11:48,038] {dag.py:2935} INFO - Setting next_dagrun for latest_only_with_trigger to 2022-07-22T18:11:48.038233+00:00
[2022-07-22 22:11:48,044] {processor.py:171} INFO - Processing /home/airflow/.local/lib/python3.7/site-packages/airflow/example_dags/example_latest_only_with_trigger.py took 0.045 seconds
[2022-07-22 22:12:19,000] {processor.py:163} INFO - Started process (PID=1780) to work on /home/airflow/.local/lib/python3.7/site-packages/airflow/example_dags/example_latest_only_with_trigger.py
[2022-07-22 22:12:19,000] {processor.py:642} INFO - Processing file /home/airflow/.local/lib/python3.7/site-packages/airflow/example_dags/example_latest_only_with_trigger.py for tasks to queue
[2022-07-22 22:12:19,001] {logging_mixin.py:109} INFO - [2022-07-22 22:12:19,001] {dagbag.py:500} INFO - Filling up the DagBag from /home/airflow/.local/lib/python3.7/site-packages/airflow/example_dags/example_latest_only_with_trigger.py
[2022-07-22 22:12:19,020] {processor.py:654} INFO - DAG(s) dict_keys(['latest_only_with_trigger']) retrieved from /home/airflow/.local/lib/python3.7/site-packages/airflow/example_dags/example_latest_only_with_trigger.py
[2022-07-22 22:12:19,028] {logging_mixin.py:109} INFO - [2022-07-22 22:12:19,028] {dag.py:2396} INFO - Sync 1 DAGs
[2022-07-22 22:12:19,040] {logging_mixin.py:109} INFO - [2022-07-22 22:12:19,040] {dag.py:2935} INFO - Setting next_dagrun for latest_only_with_trigger to 2022-07-22T18:12:19.039770+00:00
[2022-07-22 22:12:19,047] {processor.py:171} INFO - Processing /home/airflow/.local/lib/python3.7/site-packages/airflow/example_dags/example_latest_only_with_trigger.py took 0.049 seconds
[2022-07-22 22:12:49,783] {processor.py:163} INFO - Started process (PID=1830) to work on /home/airflow/.local/lib/python3.7/site-packages/airflow/example_dags/example_latest_only_with_trigger.py
[2022-07-22 22:12:49,783] {processor.py:642} INFO - Processing file /home/airflow/.local/lib/python3.7/site-packages/airflow/example_dags/example_latest_only_with_trigger.py for tasks to queue
[2022-07-22 22:12:49,784] {logging_mixin.py:109} INFO - [2022-07-22 22:12:49,783] {dagbag.py:500} INFO - Filling up the DagBag from /home/airflow/.local/lib/python3.7/site-packages/airflow/example_dags/example_latest_only_with_trigger.py
[2022-07-22 22:12:49,803] {processor.py:654} INFO - DAG(s) dict_keys(['latest_only_with_trigger']) retrieved from /home/airflow/.local/lib/python3.7/site-packages/airflow/example_dags/example_latest_only_with_trigger.py
[2022-07-22 22:12:49,812] {logging_mixin.py:109} INFO - [2022-07-22 22:12:49,811] {dag.py:2396} INFO - Sync 1 DAGs
[2022-07-22 22:12:49,823] {logging_mixin.py:109} INFO - [2022-07-22 22:12:49,823] {dag.py:2935} INFO - Setting next_dagrun for latest_only_with_trigger to 2022-07-22T18:12:49.823608+00:00
[2022-07-22 22:12:49,831] {processor.py:171} INFO - Processing /home/airflow/.local/lib/python3.7/site-packages/airflow/example_dags/example_latest_only_with_trigger.py took 0.050 seconds
[2022-07-22 22:13:20,692] {processor.py:163} INFO - Started process (PID=1889) to work on /home/airflow/.local/lib/python3.7/site-packages/airflow/example_dags/example_latest_only_with_trigger.py
[2022-07-22 22:13:20,693] {processor.py:642} INFO - Processing file /home/airflow/.local/lib/python3.7/site-packages/airflow/example_dags/example_latest_only_with_trigger.py for tasks to queue
[2022-07-22 22:13:20,693] {logging_mixin.py:109} INFO - [2022-07-22 22:13:20,693] {dagbag.py:500} INFO - Filling up the DagBag from /home/airflow/.local/lib/python3.7/site-packages/airflow/example_dags/example_latest_only_with_trigger.py
[2022-07-22 22:13:20,710] {processor.py:654} INFO - DAG(s) dict_keys(['latest_only_with_trigger']) retrieved from /home/airflow/.local/lib/python3.7/site-packages/airflow/example_dags/example_latest_only_with_trigger.py
[2022-07-22 22:13:20,717] {logging_mixin.py:109} INFO - [2022-07-22 22:13:20,717] {dag.py:2396} INFO - Sync 1 DAGs
[2022-07-22 22:13:20,727] {logging_mixin.py:109} INFO - [2022-07-22 22:13:20,727] {dag.py:2935} INFO - Setting next_dagrun for latest_only_with_trigger to 2022-07-22T18:13:20.727604+00:00
[2022-07-22 22:13:20,733] {processor.py:171} INFO - Processing /home/airflow/.local/lib/python3.7/site-packages/airflow/example_dags/example_latest_only_with_trigger.py took 0.043 seconds
[2022-07-22 22:13:51,206] {processor.py:163} INFO - Started process (PID=1939) to work on /home/airflow/.local/lib/python3.7/site-packages/airflow/example_dags/example_latest_only_with_trigger.py
[2022-07-22 22:13:51,207] {processor.py:642} INFO - Processing file /home/airflow/.local/lib/python3.7/site-packages/airflow/example_dags/example_latest_only_with_trigger.py for tasks to queue
[2022-07-22 22:13:51,207] {logging_mixin.py:109} INFO - [2022-07-22 22:13:51,207] {dagbag.py:500} INFO - Filling up the DagBag from /home/airflow/.local/lib/python3.7/site-packages/airflow/example_dags/example_latest_only_with_trigger.py
[2022-07-22 22:13:51,223] {processor.py:654} INFO - DAG(s) dict_keys(['latest_only_with_trigger']) retrieved from /home/airflow/.local/lib/python3.7/site-packages/airflow/example_dags/example_latest_only_with_trigger.py
[2022-07-22 22:13:51,229] {logging_mixin.py:109} INFO - [2022-07-22 22:13:51,229] {dag.py:2396} INFO - Sync 1 DAGs
[2022-07-22 22:13:51,239] {logging_mixin.py:109} INFO - [2022-07-22 22:13:51,239] {dag.py:2935} INFO - Setting next_dagrun for latest_only_with_trigger to 2022-07-22T18:13:51.239681+00:00
[2022-07-22 22:13:51,245] {processor.py:171} INFO - Processing /home/airflow/.local/lib/python3.7/site-packages/airflow/example_dags/example_latest_only_with_trigger.py took 0.040 seconds
[2022-07-22 22:14:21,998] {processor.py:163} INFO - Started process (PID=1998) to work on /home/airflow/.local/lib/python3.7/site-packages/airflow/example_dags/example_latest_only_with_trigger.py
[2022-07-22 22:14:21,998] {processor.py:642} INFO - Processing file /home/airflow/.local/lib/python3.7/site-packages/airflow/example_dags/example_latest_only_with_trigger.py for tasks to queue
[2022-07-22 22:14:21,999] {logging_mixin.py:109} INFO - [2022-07-22 22:14:21,999] {dagbag.py:500} INFO - Filling up the DagBag from /home/airflow/.local/lib/python3.7/site-packages/airflow/example_dags/example_latest_only_with_trigger.py
[2022-07-22 22:14:22,016] {processor.py:654} INFO - DAG(s) dict_keys(['latest_only_with_trigger']) retrieved from /home/airflow/.local/lib/python3.7/site-packages/airflow/example_dags/example_latest_only_with_trigger.py
[2022-07-22 22:14:22,022] {logging_mixin.py:109} INFO - [2022-07-22 22:14:22,022] {dag.py:2396} INFO - Sync 1 DAGs
[2022-07-22 22:14:22,033] {logging_mixin.py:109} INFO - [2022-07-22 22:14:22,033] {dag.py:2935} INFO - Setting next_dagrun for latest_only_with_trigger to 2022-07-22T18:14:22.033009+00:00
[2022-07-22 22:14:22,039] {processor.py:171} INFO - Processing /home/airflow/.local/lib/python3.7/site-packages/airflow/example_dags/example_latest_only_with_trigger.py took 0.043 seconds
[2022-07-22 22:14:52,486] {processor.py:163} INFO - Started process (PID=2058) to work on /home/airflow/.local/lib/python3.7/site-packages/airflow/example_dags/example_latest_only_with_trigger.py
[2022-07-22 22:14:52,487] {processor.py:642} INFO - Processing file /home/airflow/.local/lib/python3.7/site-packages/airflow/example_dags/example_latest_only_with_trigger.py for tasks to queue
[2022-07-22 22:14:52,487] {logging_mixin.py:109} INFO - [2022-07-22 22:14:52,487] {dagbag.py:500} INFO - Filling up the DagBag from /home/airflow/.local/lib/python3.7/site-packages/airflow/example_dags/example_latest_only_with_trigger.py
[2022-07-22 22:14:52,503] {processor.py:654} INFO - DAG(s) dict_keys(['latest_only_with_trigger']) retrieved from /home/airflow/.local/lib/python3.7/site-packages/airflow/example_dags/example_latest_only_with_trigger.py
[2022-07-22 22:14:52,510] {logging_mixin.py:109} INFO - [2022-07-22 22:14:52,510] {dag.py:2396} INFO - Sync 1 DAGs
[2022-07-22 22:14:52,521] {logging_mixin.py:109} INFO - [2022-07-22 22:14:52,520] {dag.py:2935} INFO - Setting next_dagrun for latest_only_with_trigger to 2022-07-22T18:14:52.520797+00:00
[2022-07-22 22:14:52,526] {processor.py:171} INFO - Processing /home/airflow/.local/lib/python3.7/site-packages/airflow/example_dags/example_latest_only_with_trigger.py took 0.042 seconds
[2022-07-22 22:15:23,126] {processor.py:163} INFO - Started process (PID=2108) to work on /home/airflow/.local/lib/python3.7/site-packages/airflow/example_dags/example_latest_only_with_trigger.py
[2022-07-22 22:15:23,127] {processor.py:642} INFO - Processing file /home/airflow/.local/lib/python3.7/site-packages/airflow/example_dags/example_latest_only_with_trigger.py for tasks to queue
[2022-07-22 22:15:23,128] {logging_mixin.py:109} INFO - [2022-07-22 22:15:23,128] {dagbag.py:500} INFO - Filling up the DagBag from /home/airflow/.local/lib/python3.7/site-packages/airflow/example_dags/example_latest_only_with_trigger.py
[2022-07-22 22:15:23,144] {processor.py:654} INFO - DAG(s) dict_keys(['latest_only_with_trigger']) retrieved from /home/airflow/.local/lib/python3.7/site-packages/airflow/example_dags/example_latest_only_with_trigger.py
[2022-07-22 22:15:23,151] {logging_mixin.py:109} INFO - [2022-07-22 22:15:23,151] {dag.py:2396} INFO - Sync 1 DAGs
[2022-07-22 22:15:23,162] {logging_mixin.py:109} INFO - [2022-07-22 22:15:23,162] {dag.py:2935} INFO - Setting next_dagrun for latest_only_with_trigger to 2022-07-22T18:15:23.161900+00:00
[2022-07-22 22:15:23,167] {processor.py:171} INFO - Processing /home/airflow/.local/lib/python3.7/site-packages/airflow/example_dags/example_latest_only_with_trigger.py took 0.043 seconds
[2022-07-22 22:15:53,781] {processor.py:163} INFO - Started process (PID=2167) to work on /home/airflow/.local/lib/python3.7/site-packages/airflow/example_dags/example_latest_only_with_trigger.py
[2022-07-22 22:15:53,782] {processor.py:642} INFO - Processing file /home/airflow/.local/lib/python3.7/site-packages/airflow/example_dags/example_latest_only_with_trigger.py for tasks to queue
[2022-07-22 22:15:53,782] {logging_mixin.py:109} INFO - [2022-07-22 22:15:53,782] {dagbag.py:500} INFO - Filling up the DagBag from /home/airflow/.local/lib/python3.7/site-packages/airflow/example_dags/example_latest_only_with_trigger.py
[2022-07-22 22:15:53,799] {processor.py:654} INFO - DAG(s) dict_keys(['latest_only_with_trigger']) retrieved from /home/airflow/.local/lib/python3.7/site-packages/airflow/example_dags/example_latest_only_with_trigger.py
[2022-07-22 22:15:53,806] {logging_mixin.py:109} INFO - [2022-07-22 22:15:53,806] {dag.py:2396} INFO - Sync 1 DAGs
[2022-07-22 22:15:53,816] {logging_mixin.py:109} INFO - [2022-07-22 22:15:53,816] {dag.py:2935} INFO - Setting next_dagrun for latest_only_with_trigger to 2022-07-22T18:15:53.816576+00:00
[2022-07-22 22:15:53,822] {processor.py:171} INFO - Processing /home/airflow/.local/lib/python3.7/site-packages/airflow/example_dags/example_latest_only_with_trigger.py took 0.043 seconds
[2022-07-22 22:16:24,397] {processor.py:163} INFO - Started process (PID=2217) to work on /home/airflow/.local/lib/python3.7/site-packages/airflow/example_dags/example_latest_only_with_trigger.py
[2022-07-22 22:16:24,398] {processor.py:642} INFO - Processing file /home/airflow/.local/lib/python3.7/site-packages/airflow/example_dags/example_latest_only_with_trigger.py for tasks to queue
[2022-07-22 22:16:24,399] {logging_mixin.py:109} INFO - [2022-07-22 22:16:24,399] {dagbag.py:500} INFO - Filling up the DagBag from /home/airflow/.local/lib/python3.7/site-packages/airflow/example_dags/example_latest_only_with_trigger.py
[2022-07-22 22:16:24,415] {processor.py:654} INFO - DAG(s) dict_keys(['latest_only_with_trigger']) retrieved from /home/airflow/.local/lib/python3.7/site-packages/airflow/example_dags/example_latest_only_with_trigger.py
[2022-07-22 22:16:24,422] {logging_mixin.py:109} INFO - [2022-07-22 22:16:24,421] {dag.py:2396} INFO - Sync 1 DAGs
[2022-07-22 22:16:24,432] {logging_mixin.py:109} INFO - [2022-07-22 22:16:24,432] {dag.py:2935} INFO - Setting next_dagrun for latest_only_with_trigger to 2022-07-22T18:16:24.432100+00:00
[2022-07-22 22:16:24,438] {processor.py:171} INFO - Processing /home/airflow/.local/lib/python3.7/site-packages/airflow/example_dags/example_latest_only_with_trigger.py took 0.043 seconds
[2022-07-22 22:16:54,815] {processor.py:163} INFO - Started process (PID=2276) to work on /home/airflow/.local/lib/python3.7/site-packages/airflow/example_dags/example_latest_only_with_trigger.py
[2022-07-22 22:16:54,816] {processor.py:642} INFO - Processing file /home/airflow/.local/lib/python3.7/site-packages/airflow/example_dags/example_latest_only_with_trigger.py for tasks to queue
[2022-07-22 22:16:54,816] {logging_mixin.py:109} INFO - [2022-07-22 22:16:54,816] {dagbag.py:500} INFO - Filling up the DagBag from /home/airflow/.local/lib/python3.7/site-packages/airflow/example_dags/example_latest_only_with_trigger.py
[2022-07-22 22:16:54,833] {processor.py:654} INFO - DAG(s) dict_keys(['latest_only_with_trigger']) retrieved from /home/airflow/.local/lib/python3.7/site-packages/airflow/example_dags/example_latest_only_with_trigger.py
[2022-07-22 22:16:54,839] {logging_mixin.py:109} INFO - [2022-07-22 22:16:54,839] {dag.py:2396} INFO - Sync 1 DAGs
[2022-07-22 22:16:54,850] {logging_mixin.py:109} INFO - [2022-07-22 22:16:54,850] {dag.py:2935} INFO - Setting next_dagrun for latest_only_with_trigger to 2022-07-22T18:16:54.850642+00:00
[2022-07-22 22:16:54,857] {processor.py:171} INFO - Processing /home/airflow/.local/lib/python3.7/site-packages/airflow/example_dags/example_latest_only_with_trigger.py took 0.044 seconds
[2022-07-22 22:17:25,434] {processor.py:163} INFO - Started process (PID=2335) to work on /home/airflow/.local/lib/python3.7/site-packages/airflow/example_dags/example_latest_only_with_trigger.py
[2022-07-22 22:17:25,435] {processor.py:642} INFO - Processing file /home/airflow/.local/lib/python3.7/site-packages/airflow/example_dags/example_latest_only_with_trigger.py for tasks to queue
[2022-07-22 22:17:25,436] {logging_mixin.py:109} INFO - [2022-07-22 22:17:25,436] {dagbag.py:500} INFO - Filling up the DagBag from /home/airflow/.local/lib/python3.7/site-packages/airflow/example_dags/example_latest_only_with_trigger.py
[2022-07-22 22:17:25,454] {processor.py:654} INFO - DAG(s) dict_keys(['latest_only_with_trigger']) retrieved from /home/airflow/.local/lib/python3.7/site-packages/airflow/example_dags/example_latest_only_with_trigger.py
[2022-07-22 22:17:25,461] {logging_mixin.py:109} INFO - [2022-07-22 22:17:25,461] {dag.py:2396} INFO - Sync 1 DAGs
[2022-07-22 22:17:25,471] {logging_mixin.py:109} INFO - [2022-07-22 22:17:25,471] {dag.py:2935} INFO - Setting next_dagrun for latest_only_with_trigger to 2022-07-22T18:17:25.471655+00:00
[2022-07-22 22:17:25,477] {processor.py:171} INFO - Processing /home/airflow/.local/lib/python3.7/site-packages/airflow/example_dags/example_latest_only_with_trigger.py took 0.045 seconds
[2022-07-22 22:17:56,297] {processor.py:163} INFO - Started process (PID=2385) to work on /home/airflow/.local/lib/python3.7/site-packages/airflow/example_dags/example_latest_only_with_trigger.py
[2022-07-22 22:17:56,298] {processor.py:642} INFO - Processing file /home/airflow/.local/lib/python3.7/site-packages/airflow/example_dags/example_latest_only_with_trigger.py for tasks to queue
[2022-07-22 22:17:56,299] {logging_mixin.py:109} INFO - [2022-07-22 22:17:56,299] {dagbag.py:500} INFO - Filling up the DagBag from /home/airflow/.local/lib/python3.7/site-packages/airflow/example_dags/example_latest_only_with_trigger.py
[2022-07-22 22:17:56,316] {processor.py:654} INFO - DAG(s) dict_keys(['latest_only_with_trigger']) retrieved from /home/airflow/.local/lib/python3.7/site-packages/airflow/example_dags/example_latest_only_with_trigger.py
[2022-07-22 22:17:56,324] {logging_mixin.py:109} INFO - [2022-07-22 22:17:56,324] {dag.py:2396} INFO - Sync 1 DAGs
[2022-07-22 22:17:56,335] {logging_mixin.py:109} INFO - [2022-07-22 22:17:56,335] {dag.py:2935} INFO - Setting next_dagrun for latest_only_with_trigger to 2022-07-22T18:17:56.335021+00:00
[2022-07-22 22:17:56,342] {processor.py:171} INFO - Processing /home/airflow/.local/lib/python3.7/site-packages/airflow/example_dags/example_latest_only_with_trigger.py took 0.046 seconds
[2022-07-22 22:18:26,926] {processor.py:163} INFO - Started process (PID=2444) to work on /home/airflow/.local/lib/python3.7/site-packages/airflow/example_dags/example_latest_only_with_trigger.py
[2022-07-22 22:18:26,927] {processor.py:642} INFO - Processing file /home/airflow/.local/lib/python3.7/site-packages/airflow/example_dags/example_latest_only_with_trigger.py for tasks to queue
[2022-07-22 22:18:26,927] {logging_mixin.py:109} INFO - [2022-07-22 22:18:26,927] {dagbag.py:500} INFO - Filling up the DagBag from /home/airflow/.local/lib/python3.7/site-packages/airflow/example_dags/example_latest_only_with_trigger.py
[2022-07-22 22:18:26,945] {processor.py:654} INFO - DAG(s) dict_keys(['latest_only_with_trigger']) retrieved from /home/airflow/.local/lib/python3.7/site-packages/airflow/example_dags/example_latest_only_with_trigger.py
[2022-07-22 22:18:26,951] {logging_mixin.py:109} INFO - [2022-07-22 22:18:26,951] {dag.py:2396} INFO - Sync 1 DAGs
[2022-07-22 22:18:26,962] {logging_mixin.py:109} INFO - [2022-07-22 22:18:26,961] {dag.py:2935} INFO - Setting next_dagrun for latest_only_with_trigger to 2022-07-22T18:18:26.961769+00:00
[2022-07-22 22:18:26,968] {processor.py:171} INFO - Processing /home/airflow/.local/lib/python3.7/site-packages/airflow/example_dags/example_latest_only_with_trigger.py took 0.044 seconds
[2022-07-22 22:18:57,787] {processor.py:163} INFO - Started process (PID=2494) to work on /home/airflow/.local/lib/python3.7/site-packages/airflow/example_dags/example_latest_only_with_trigger.py
[2022-07-22 22:18:57,787] {processor.py:642} INFO - Processing file /home/airflow/.local/lib/python3.7/site-packages/airflow/example_dags/example_latest_only_with_trigger.py for tasks to queue
[2022-07-22 22:18:57,788] {logging_mixin.py:109} INFO - [2022-07-22 22:18:57,788] {dagbag.py:500} INFO - Filling up the DagBag from /home/airflow/.local/lib/python3.7/site-packages/airflow/example_dags/example_latest_only_with_trigger.py
[2022-07-22 22:18:57,806] {processor.py:654} INFO - DAG(s) dict_keys(['latest_only_with_trigger']) retrieved from /home/airflow/.local/lib/python3.7/site-packages/airflow/example_dags/example_latest_only_with_trigger.py
[2022-07-22 22:18:57,813] {logging_mixin.py:109} INFO - [2022-07-22 22:18:57,813] {dag.py:2396} INFO - Sync 1 DAGs
[2022-07-22 22:18:57,823] {logging_mixin.py:109} INFO - [2022-07-22 22:18:57,823] {dag.py:2935} INFO - Setting next_dagrun for latest_only_with_trigger to 2022-07-22T18:18:57.823619+00:00
[2022-07-22 22:18:57,830] {processor.py:171} INFO - Processing /home/airflow/.local/lib/python3.7/site-packages/airflow/example_dags/example_latest_only_with_trigger.py took 0.045 seconds
[2022-07-22 22:19:28,622] {processor.py:163} INFO - Started process (PID=2553) to work on /home/airflow/.local/lib/python3.7/site-packages/airflow/example_dags/example_latest_only_with_trigger.py
[2022-07-22 22:19:28,623] {processor.py:642} INFO - Processing file /home/airflow/.local/lib/python3.7/site-packages/airflow/example_dags/example_latest_only_with_trigger.py for tasks to queue
[2022-07-22 22:19:28,623] {logging_mixin.py:109} INFO - [2022-07-22 22:19:28,623] {dagbag.py:500} INFO - Filling up the DagBag from /home/airflow/.local/lib/python3.7/site-packages/airflow/example_dags/example_latest_only_with_trigger.py
[2022-07-22 22:19:28,641] {processor.py:654} INFO - DAG(s) dict_keys(['latest_only_with_trigger']) retrieved from /home/airflow/.local/lib/python3.7/site-packages/airflow/example_dags/example_latest_only_with_trigger.py
[2022-07-22 22:19:28,648] {logging_mixin.py:109} INFO - [2022-07-22 22:19:28,648] {dag.py:2396} INFO - Sync 1 DAGs
[2022-07-22 22:19:28,658] {logging_mixin.py:109} INFO - [2022-07-22 22:19:28,658] {dag.py:2935} INFO - Setting next_dagrun for latest_only_with_trigger to 2022-07-22T18:19:28.658510+00:00
[2022-07-22 22:19:28,665] {processor.py:171} INFO - Processing /home/airflow/.local/lib/python3.7/site-packages/airflow/example_dags/example_latest_only_with_trigger.py took 0.044 seconds
[2022-07-22 22:19:59,376] {processor.py:163} INFO - Started process (PID=2612) to work on /home/airflow/.local/lib/python3.7/site-packages/airflow/example_dags/example_latest_only_with_trigger.py
[2022-07-22 22:19:59,376] {processor.py:642} INFO - Processing file /home/airflow/.local/lib/python3.7/site-packages/airflow/example_dags/example_latest_only_with_trigger.py for tasks to queue
[2022-07-22 22:19:59,377] {logging_mixin.py:109} INFO - [2022-07-22 22:19:59,377] {dagbag.py:500} INFO - Filling up the DagBag from /home/airflow/.local/lib/python3.7/site-packages/airflow/example_dags/example_latest_only_with_trigger.py
[2022-07-22 22:19:59,395] {processor.py:654} INFO - DAG(s) dict_keys(['latest_only_with_trigger']) retrieved from /home/airflow/.local/lib/python3.7/site-packages/airflow/example_dags/example_latest_only_with_trigger.py
[2022-07-22 22:19:59,402] {logging_mixin.py:109} INFO - [2022-07-22 22:19:59,402] {dag.py:2396} INFO - Sync 1 DAGs
[2022-07-22 22:19:59,414] {logging_mixin.py:109} INFO - [2022-07-22 22:19:59,414] {dag.py:2935} INFO - Setting next_dagrun for latest_only_with_trigger to 2022-07-22T18:19:59.414032+00:00
[2022-07-22 22:19:59,420] {processor.py:171} INFO - Processing /home/airflow/.local/lib/python3.7/site-packages/airflow/example_dags/example_latest_only_with_trigger.py took 0.046 seconds
[2022-07-22 22:20:29,661] {processor.py:163} INFO - Started process (PID=2662) to work on /home/airflow/.local/lib/python3.7/site-packages/airflow/example_dags/example_latest_only_with_trigger.py
[2022-07-22 22:20:29,662] {processor.py:642} INFO - Processing file /home/airflow/.local/lib/python3.7/site-packages/airflow/example_dags/example_latest_only_with_trigger.py for tasks to queue
[2022-07-22 22:20:29,662] {logging_mixin.py:109} INFO - [2022-07-22 22:20:29,662] {dagbag.py:500} INFO - Filling up the DagBag from /home/airflow/.local/lib/python3.7/site-packages/airflow/example_dags/example_latest_only_with_trigger.py
[2022-07-22 22:20:29,679] {processor.py:654} INFO - DAG(s) dict_keys(['latest_only_with_trigger']) retrieved from /home/airflow/.local/lib/python3.7/site-packages/airflow/example_dags/example_latest_only_with_trigger.py
[2022-07-22 22:20:29,687] {logging_mixin.py:109} INFO - [2022-07-22 22:20:29,687] {dag.py:2396} INFO - Sync 1 DAGs
[2022-07-22 22:20:29,697] {logging_mixin.py:109} INFO - [2022-07-22 22:20:29,697] {dag.py:2935} INFO - Setting next_dagrun for latest_only_with_trigger to 2022-07-22T18:20:29.697733+00:00
[2022-07-22 22:20:29,703] {processor.py:171} INFO - Processing /home/airflow/.local/lib/python3.7/site-packages/airflow/example_dags/example_latest_only_with_trigger.py took 0.044 seconds
[2022-07-22 22:20:59,947] {processor.py:163} INFO - Started process (PID=2721) to work on /home/airflow/.local/lib/python3.7/site-packages/airflow/example_dags/example_latest_only_with_trigger.py
[2022-07-22 22:20:59,948] {processor.py:642} INFO - Processing file /home/airflow/.local/lib/python3.7/site-packages/airflow/example_dags/example_latest_only_with_trigger.py for tasks to queue
[2022-07-22 22:20:59,948] {logging_mixin.py:109} INFO - [2022-07-22 22:20:59,948] {dagbag.py:500} INFO - Filling up the DagBag from /home/airflow/.local/lib/python3.7/site-packages/airflow/example_dags/example_latest_only_with_trigger.py
[2022-07-22 22:20:59,967] {processor.py:654} INFO - DAG(s) dict_keys(['latest_only_with_trigger']) retrieved from /home/airflow/.local/lib/python3.7/site-packages/airflow/example_dags/example_latest_only_with_trigger.py
[2022-07-22 22:20:59,975] {logging_mixin.py:109} INFO - [2022-07-22 22:20:59,975] {dag.py:2396} INFO - Sync 1 DAGs
[2022-07-22 22:20:59,986] {logging_mixin.py:109} INFO - [2022-07-22 22:20:59,986] {dag.py:2935} INFO - Setting next_dagrun for latest_only_with_trigger to 2022-07-22T18:20:59.986526+00:00
[2022-07-22 22:21:00,062] {processor.py:171} INFO - Processing /home/airflow/.local/lib/python3.7/site-packages/airflow/example_dags/example_latest_only_with_trigger.py took 0.117 seconds
[2022-07-22 22:21:30,439] {processor.py:163} INFO - Started process (PID=2771) to work on /home/airflow/.local/lib/python3.7/site-packages/airflow/example_dags/example_latest_only_with_trigger.py
[2022-07-22 22:21:30,439] {processor.py:642} INFO - Processing file /home/airflow/.local/lib/python3.7/site-packages/airflow/example_dags/example_latest_only_with_trigger.py for tasks to queue
[2022-07-22 22:21:30,439] {logging_mixin.py:109} INFO - [2022-07-22 22:21:30,439] {dagbag.py:500} INFO - Filling up the DagBag from /home/airflow/.local/lib/python3.7/site-packages/airflow/example_dags/example_latest_only_with_trigger.py
[2022-07-22 22:21:30,455] {processor.py:654} INFO - DAG(s) dict_keys(['latest_only_with_trigger']) retrieved from /home/airflow/.local/lib/python3.7/site-packages/airflow/example_dags/example_latest_only_with_trigger.py
[2022-07-22 22:21:30,461] {logging_mixin.py:109} INFO - [2022-07-22 22:21:30,461] {dag.py:2396} INFO - Sync 1 DAGs
[2022-07-22 22:21:30,537] {logging_mixin.py:109} INFO - [2022-07-22 22:21:30,537] {dag.py:2935} INFO - Setting next_dagrun for latest_only_with_trigger to 2022-07-22T18:21:30.537264+00:00
[2022-07-22 22:21:30,543] {processor.py:171} INFO - Processing /home/airflow/.local/lib/python3.7/site-packages/airflow/example_dags/example_latest_only_with_trigger.py took 0.106 seconds
[2022-07-22 22:22:01,332] {processor.py:163} INFO - Started process (PID=2830) to work on /home/airflow/.local/lib/python3.7/site-packages/airflow/example_dags/example_latest_only_with_trigger.py
[2022-07-22 22:22:01,333] {processor.py:642} INFO - Processing file /home/airflow/.local/lib/python3.7/site-packages/airflow/example_dags/example_latest_only_with_trigger.py for tasks to queue
[2022-07-22 22:22:01,333] {logging_mixin.py:109} INFO - [2022-07-22 22:22:01,333] {dagbag.py:500} INFO - Filling up the DagBag from /home/airflow/.local/lib/python3.7/site-packages/airflow/example_dags/example_latest_only_with_trigger.py
[2022-07-22 22:22:01,351] {processor.py:654} INFO - DAG(s) dict_keys(['latest_only_with_trigger']) retrieved from /home/airflow/.local/lib/python3.7/site-packages/airflow/example_dags/example_latest_only_with_trigger.py
[2022-07-22 22:22:01,357] {logging_mixin.py:109} INFO - [2022-07-22 22:22:01,357] {dag.py:2396} INFO - Sync 1 DAGs
[2022-07-22 22:22:01,433] {logging_mixin.py:109} INFO - [2022-07-22 22:22:01,433] {dag.py:2935} INFO - Setting next_dagrun for latest_only_with_trigger to 2022-07-22T18:22:01.432880+00:00
[2022-07-22 22:22:01,438] {processor.py:171} INFO - Processing /home/airflow/.local/lib/python3.7/site-packages/airflow/example_dags/example_latest_only_with_trigger.py took 0.108 seconds
[2022-07-22 22:22:31,911] {processor.py:163} INFO - Started process (PID=2880) to work on /home/airflow/.local/lib/python3.7/site-packages/airflow/example_dags/example_latest_only_with_trigger.py
[2022-07-22 22:22:31,912] {processor.py:642} INFO - Processing file /home/airflow/.local/lib/python3.7/site-packages/airflow/example_dags/example_latest_only_with_trigger.py for tasks to queue
[2022-07-22 22:22:31,913] {logging_mixin.py:109} INFO - [2022-07-22 22:22:31,913] {dagbag.py:500} INFO - Filling up the DagBag from /home/airflow/.local/lib/python3.7/site-packages/airflow/example_dags/example_latest_only_with_trigger.py
[2022-07-22 22:22:31,929] {processor.py:654} INFO - DAG(s) dict_keys(['latest_only_with_trigger']) retrieved from /home/airflow/.local/lib/python3.7/site-packages/airflow/example_dags/example_latest_only_with_trigger.py
[2022-07-22 22:22:32,006] {logging_mixin.py:109} INFO - [2022-07-22 22:22:32,006] {dag.py:2396} INFO - Sync 1 DAGs
[2022-07-22 22:22:32,017] {logging_mixin.py:109} INFO - [2022-07-22 22:22:32,017] {dag.py:2935} INFO - Setting next_dagrun for latest_only_with_trigger to 2022-07-22T18:22:32.016863+00:00
[2022-07-22 22:22:32,022] {processor.py:171} INFO - Processing /home/airflow/.local/lib/python3.7/site-packages/airflow/example_dags/example_latest_only_with_trigger.py took 0.112 seconds
[2022-07-22 22:23:02,669] {processor.py:163} INFO - Started process (PID=2939) to work on /home/airflow/.local/lib/python3.7/site-packages/airflow/example_dags/example_latest_only_with_trigger.py
[2022-07-22 22:23:02,670] {processor.py:642} INFO - Processing file /home/airflow/.local/lib/python3.7/site-packages/airflow/example_dags/example_latest_only_with_trigger.py for tasks to queue
[2022-07-22 22:23:02,670] {logging_mixin.py:109} INFO - [2022-07-22 22:23:02,670] {dagbag.py:500} INFO - Filling up the DagBag from /home/airflow/.local/lib/python3.7/site-packages/airflow/example_dags/example_latest_only_with_trigger.py
[2022-07-22 22:23:02,687] {processor.py:654} INFO - DAG(s) dict_keys(['latest_only_with_trigger']) retrieved from /home/airflow/.local/lib/python3.7/site-packages/airflow/example_dags/example_latest_only_with_trigger.py
[2022-07-22 22:23:02,764] {logging_mixin.py:109} INFO - [2022-07-22 22:23:02,764] {dag.py:2396} INFO - Sync 1 DAGs
[2022-07-22 22:23:02,774] {logging_mixin.py:109} INFO - [2022-07-22 22:23:02,774] {dag.py:2935} INFO - Setting next_dagrun for latest_only_with_trigger to 2022-07-22T18:23:02.774586+00:00
[2022-07-22 22:23:02,780] {processor.py:171} INFO - Processing /home/airflow/.local/lib/python3.7/site-packages/airflow/example_dags/example_latest_only_with_trigger.py took 0.113 seconds
[2022-07-22 22:23:33,448] {processor.py:163} INFO - Started process (PID=2998) to work on /home/airflow/.local/lib/python3.7/site-packages/airflow/example_dags/example_latest_only_with_trigger.py
[2022-07-22 22:23:33,449] {processor.py:642} INFO - Processing file /home/airflow/.local/lib/python3.7/site-packages/airflow/example_dags/example_latest_only_with_trigger.py for tasks to queue
[2022-07-22 22:23:33,450] {logging_mixin.py:109} INFO - [2022-07-22 22:23:33,450] {dagbag.py:500} INFO - Filling up the DagBag from /home/airflow/.local/lib/python3.7/site-packages/airflow/example_dags/example_latest_only_with_trigger.py
[2022-07-22 22:23:33,531] {processor.py:654} INFO - DAG(s) dict_keys(['latest_only_with_trigger']) retrieved from /home/airflow/.local/lib/python3.7/site-packages/airflow/example_dags/example_latest_only_with_trigger.py
[2022-07-22 22:23:33,538] {logging_mixin.py:109} INFO - [2022-07-22 22:23:33,538] {dag.py:2396} INFO - Sync 1 DAGs
[2022-07-22 22:23:33,548] {logging_mixin.py:109} INFO - [2022-07-22 22:23:33,548] {dag.py:2935} INFO - Setting next_dagrun for latest_only_with_trigger to 2022-07-22T18:23:33.548705+00:00
[2022-07-22 22:23:33,554] {processor.py:171} INFO - Processing /home/airflow/.local/lib/python3.7/site-packages/airflow/example_dags/example_latest_only_with_trigger.py took 0.108 seconds
[2022-07-22 22:24:04,100] {processor.py:163} INFO - Started process (PID=3048) to work on /home/airflow/.local/lib/python3.7/site-packages/airflow/example_dags/example_latest_only_with_trigger.py
[2022-07-22 22:24:04,101] {processor.py:642} INFO - Processing file /home/airflow/.local/lib/python3.7/site-packages/airflow/example_dags/example_latest_only_with_trigger.py for tasks to queue
[2022-07-22 22:24:04,101] {logging_mixin.py:109} INFO - [2022-07-22 22:24:04,101] {dagbag.py:500} INFO - Filling up the DagBag from /home/airflow/.local/lib/python3.7/site-packages/airflow/example_dags/example_latest_only_with_trigger.py
[2022-07-22 22:24:04,200] {processor.py:654} INFO - DAG(s) dict_keys(['latest_only_with_trigger']) retrieved from /home/airflow/.local/lib/python3.7/site-packages/airflow/example_dags/example_latest_only_with_trigger.py
[2022-07-22 22:24:04,207] {logging_mixin.py:109} INFO - [2022-07-22 22:24:04,207] {dag.py:2396} INFO - Sync 1 DAGs
[2022-07-22 22:24:04,217] {logging_mixin.py:109} INFO - [2022-07-22 22:24:04,217] {dag.py:2935} INFO - Setting next_dagrun for latest_only_with_trigger to 2022-07-22T18:24:04.217224+00:00
[2022-07-22 22:24:04,223] {processor.py:171} INFO - Processing /home/airflow/.local/lib/python3.7/site-packages/airflow/example_dags/example_latest_only_with_trigger.py took 0.125 seconds
[2022-07-22 22:24:35,013] {processor.py:163} INFO - Started process (PID=3107) to work on /home/airflow/.local/lib/python3.7/site-packages/airflow/example_dags/example_latest_only_with_trigger.py
[2022-07-22 22:24:35,014] {processor.py:642} INFO - Processing file /home/airflow/.local/lib/python3.7/site-packages/airflow/example_dags/example_latest_only_with_trigger.py for tasks to queue
[2022-07-22 22:24:35,015] {logging_mixin.py:109} INFO - [2022-07-22 22:24:35,015] {dagbag.py:500} INFO - Filling up the DagBag from /home/airflow/.local/lib/python3.7/site-packages/airflow/example_dags/example_latest_only_with_trigger.py
[2022-07-22 22:24:35,094] {processor.py:654} INFO - DAG(s) dict_keys(['latest_only_with_trigger']) retrieved from /home/airflow/.local/lib/python3.7/site-packages/airflow/example_dags/example_latest_only_with_trigger.py
[2022-07-22 22:24:35,101] {logging_mixin.py:109} INFO - [2022-07-22 22:24:35,101] {dag.py:2396} INFO - Sync 1 DAGs
[2022-07-22 22:24:35,111] {logging_mixin.py:109} INFO - [2022-07-22 22:24:35,111] {dag.py:2935} INFO - Setting next_dagrun for latest_only_with_trigger to 2022-07-22T18:24:35.110881+00:00
[2022-07-22 22:24:35,116] {processor.py:171} INFO - Processing /home/airflow/.local/lib/python3.7/site-packages/airflow/example_dags/example_latest_only_with_trigger.py took 0.104 seconds
[2022-07-22 22:25:05,612] {processor.py:163} INFO - Started process (PID=3156) to work on /home/airflow/.local/lib/python3.7/site-packages/airflow/example_dags/example_latest_only_with_trigger.py
[2022-07-22 22:25:05,613] {processor.py:642} INFO - Processing file /home/airflow/.local/lib/python3.7/site-packages/airflow/example_dags/example_latest_only_with_trigger.py for tasks to queue
[2022-07-22 22:25:05,613] {logging_mixin.py:109} INFO - [2022-07-22 22:25:05,613] {dagbag.py:500} INFO - Filling up the DagBag from /home/airflow/.local/lib/python3.7/site-packages/airflow/example_dags/example_latest_only_with_trigger.py
[2022-07-22 22:25:05,704] {processor.py:654} INFO - DAG(s) dict_keys(['latest_only_with_trigger']) retrieved from /home/airflow/.local/lib/python3.7/site-packages/airflow/example_dags/example_latest_only_with_trigger.py
[2022-07-22 22:25:05,710] {logging_mixin.py:109} INFO - [2022-07-22 22:25:05,710] {dag.py:2396} INFO - Sync 1 DAGs
[2022-07-22 22:25:05,720] {logging_mixin.py:109} INFO - [2022-07-22 22:25:05,720] {dag.py:2935} INFO - Setting next_dagrun for latest_only_with_trigger to 2022-07-22T18:25:05.719866+00:00
[2022-07-22 22:25:05,727] {processor.py:171} INFO - Processing /home/airflow/.local/lib/python3.7/site-packages/airflow/example_dags/example_latest_only_with_trigger.py took 0.117 seconds
[2022-07-22 22:25:35,939] {processor.py:163} INFO - Started process (PID=3215) to work on /home/airflow/.local/lib/python3.7/site-packages/airflow/example_dags/example_latest_only_with_trigger.py
[2022-07-22 22:25:35,940] {processor.py:642} INFO - Processing file /home/airflow/.local/lib/python3.7/site-packages/airflow/example_dags/example_latest_only_with_trigger.py for tasks to queue
[2022-07-22 22:25:35,940] {logging_mixin.py:109} INFO - [2022-07-22 22:25:35,940] {dagbag.py:500} INFO - Filling up the DagBag from /home/airflow/.local/lib/python3.7/site-packages/airflow/example_dags/example_latest_only_with_trigger.py
[2022-07-22 22:25:35,957] {processor.py:654} INFO - DAG(s) dict_keys(['latest_only_with_trigger']) retrieved from /home/airflow/.local/lib/python3.7/site-packages/airflow/example_dags/example_latest_only_with_trigger.py
[2022-07-22 22:25:35,964] {logging_mixin.py:109} INFO - [2022-07-22 22:25:35,964] {dag.py:2396} INFO - Sync 1 DAGs
[2022-07-22 22:25:35,975] {logging_mixin.py:109} INFO - [2022-07-22 22:25:35,975] {dag.py:2935} INFO - Setting next_dagrun for latest_only_with_trigger to 2022-07-22T18:25:35.975577+00:00
[2022-07-22 22:25:35,981] {processor.py:171} INFO - Processing /home/airflow/.local/lib/python3.7/site-packages/airflow/example_dags/example_latest_only_with_trigger.py took 0.044 seconds
[2022-07-22 22:26:06,477] {processor.py:163} INFO - Started process (PID=3274) to work on /home/airflow/.local/lib/python3.7/site-packages/airflow/example_dags/example_latest_only_with_trigger.py
[2022-07-22 22:26:06,478] {processor.py:642} INFO - Processing file /home/airflow/.local/lib/python3.7/site-packages/airflow/example_dags/example_latest_only_with_trigger.py for tasks to queue
[2022-07-22 22:26:06,478] {logging_mixin.py:109} INFO - [2022-07-22 22:26:06,478] {dagbag.py:500} INFO - Filling up the DagBag from /home/airflow/.local/lib/python3.7/site-packages/airflow/example_dags/example_latest_only_with_trigger.py
[2022-07-22 22:26:06,497] {processor.py:654} INFO - DAG(s) dict_keys(['latest_only_with_trigger']) retrieved from /home/airflow/.local/lib/python3.7/site-packages/airflow/example_dags/example_latest_only_with_trigger.py
[2022-07-22 22:26:06,504] {logging_mixin.py:109} INFO - [2022-07-22 22:26:06,504] {dag.py:2396} INFO - Sync 1 DAGs
[2022-07-22 22:26:06,517] {logging_mixin.py:109} INFO - [2022-07-22 22:26:06,517] {dag.py:2935} INFO - Setting next_dagrun for latest_only_with_trigger to 2022-07-22T18:26:06.517612+00:00
[2022-07-22 22:26:06,524] {processor.py:171} INFO - Processing /home/airflow/.local/lib/python3.7/site-packages/airflow/example_dags/example_latest_only_with_trigger.py took 0.049 seconds
[2022-07-22 22:26:36,944] {processor.py:163} INFO - Started process (PID=3324) to work on /home/airflow/.local/lib/python3.7/site-packages/airflow/example_dags/example_latest_only_with_trigger.py
[2022-07-22 22:26:36,945] {processor.py:642} INFO - Processing file /home/airflow/.local/lib/python3.7/site-packages/airflow/example_dags/example_latest_only_with_trigger.py for tasks to queue
[2022-07-22 22:26:36,945] {logging_mixin.py:109} INFO - [2022-07-22 22:26:36,945] {dagbag.py:500} INFO - Filling up the DagBag from /home/airflow/.local/lib/python3.7/site-packages/airflow/example_dags/example_latest_only_with_trigger.py
[2022-07-22 22:26:36,962] {processor.py:654} INFO - DAG(s) dict_keys(['latest_only_with_trigger']) retrieved from /home/airflow/.local/lib/python3.7/site-packages/airflow/example_dags/example_latest_only_with_trigger.py
[2022-07-22 22:26:36,968] {logging_mixin.py:109} INFO - [2022-07-22 22:26:36,968] {dag.py:2396} INFO - Sync 1 DAGs
[2022-07-22 22:26:36,979] {logging_mixin.py:109} INFO - [2022-07-22 22:26:36,979] {dag.py:2935} INFO - Setting next_dagrun for latest_only_with_trigger to 2022-07-22T18:26:36.979034+00:00
[2022-07-22 22:26:36,984] {processor.py:171} INFO - Processing /home/airflow/.local/lib/python3.7/site-packages/airflow/example_dags/example_latest_only_with_trigger.py took 0.042 seconds
[2022-07-22 22:27:07,377] {processor.py:163} INFO - Started process (PID=3383) to work on /home/airflow/.local/lib/python3.7/site-packages/airflow/example_dags/example_latest_only_with_trigger.py
[2022-07-22 22:27:07,377] {processor.py:642} INFO - Processing file /home/airflow/.local/lib/python3.7/site-packages/airflow/example_dags/example_latest_only_with_trigger.py for tasks to queue
[2022-07-22 22:27:07,378] {logging_mixin.py:109} INFO - [2022-07-22 22:27:07,378] {dagbag.py:500} INFO - Filling up the DagBag from /home/airflow/.local/lib/python3.7/site-packages/airflow/example_dags/example_latest_only_with_trigger.py
[2022-07-22 22:27:07,394] {processor.py:654} INFO - DAG(s) dict_keys(['latest_only_with_trigger']) retrieved from /home/airflow/.local/lib/python3.7/site-packages/airflow/example_dags/example_latest_only_with_trigger.py
[2022-07-22 22:27:07,401] {logging_mixin.py:109} INFO - [2022-07-22 22:27:07,401] {dag.py:2396} INFO - Sync 1 DAGs
[2022-07-22 22:27:07,411] {logging_mixin.py:109} INFO - [2022-07-22 22:27:07,411] {dag.py:2935} INFO - Setting next_dagrun for latest_only_with_trigger to 2022-07-22T18:27:07.411629+00:00
[2022-07-22 22:27:07,417] {processor.py:171} INFO - Processing /home/airflow/.local/lib/python3.7/site-packages/airflow/example_dags/example_latest_only_with_trigger.py took 0.043 seconds
[2022-07-22 22:27:37,781] {processor.py:163} INFO - Started process (PID=3433) to work on /home/airflow/.local/lib/python3.7/site-packages/airflow/example_dags/example_latest_only_with_trigger.py
[2022-07-22 22:27:37,782] {processor.py:642} INFO - Processing file /home/airflow/.local/lib/python3.7/site-packages/airflow/example_dags/example_latest_only_with_trigger.py for tasks to queue
[2022-07-22 22:27:37,782] {logging_mixin.py:109} INFO - [2022-07-22 22:27:37,782] {dagbag.py:500} INFO - Filling up the DagBag from /home/airflow/.local/lib/python3.7/site-packages/airflow/example_dags/example_latest_only_with_trigger.py
[2022-07-22 22:27:37,799] {processor.py:654} INFO - DAG(s) dict_keys(['latest_only_with_trigger']) retrieved from /home/airflow/.local/lib/python3.7/site-packages/airflow/example_dags/example_latest_only_with_trigger.py
[2022-07-22 22:27:37,805] {logging_mixin.py:109} INFO - [2022-07-22 22:27:37,805] {dag.py:2396} INFO - Sync 1 DAGs
[2022-07-22 22:27:37,816] {logging_mixin.py:109} INFO - [2022-07-22 22:27:37,816] {dag.py:2935} INFO - Setting next_dagrun for latest_only_with_trigger to 2022-07-22T18:27:37.816115+00:00
[2022-07-22 22:27:37,821] {processor.py:171} INFO - Processing /home/airflow/.local/lib/python3.7/site-packages/airflow/example_dags/example_latest_only_with_trigger.py took 0.042 seconds
[2022-07-22 22:28:08,033] {processor.py:163} INFO - Started process (PID=3492) to work on /home/airflow/.local/lib/python3.7/site-packages/airflow/example_dags/example_latest_only_with_trigger.py
[2022-07-22 22:28:08,034] {processor.py:642} INFO - Processing file /home/airflow/.local/lib/python3.7/site-packages/airflow/example_dags/example_latest_only_with_trigger.py for tasks to queue
[2022-07-22 22:28:08,034] {logging_mixin.py:109} INFO - [2022-07-22 22:28:08,034] {dagbag.py:500} INFO - Filling up the DagBag from /home/airflow/.local/lib/python3.7/site-packages/airflow/example_dags/example_latest_only_with_trigger.py
[2022-07-22 22:28:08,050] {processor.py:654} INFO - DAG(s) dict_keys(['latest_only_with_trigger']) retrieved from /home/airflow/.local/lib/python3.7/site-packages/airflow/example_dags/example_latest_only_with_trigger.py
[2022-07-22 22:28:08,056] {logging_mixin.py:109} INFO - [2022-07-22 22:28:08,056] {dag.py:2396} INFO - Sync 1 DAGs
[2022-07-22 22:28:08,067] {logging_mixin.py:109} INFO - [2022-07-22 22:28:08,066] {dag.py:2935} INFO - Setting next_dagrun for latest_only_with_trigger to 2022-07-22T18:28:08.066813+00:00
[2022-07-22 22:28:08,072] {processor.py:171} INFO - Processing /home/airflow/.local/lib/python3.7/site-packages/airflow/example_dags/example_latest_only_with_trigger.py took 0.041 seconds
