[2022-07-22 21:54:08,454] {processor.py:163} INFO - Started process (PID=304) to work on /home/airflow/.local/lib/python3.7/site-packages/airflow/example_dags/example_python_operator.py
[2022-07-22 21:54:08,454] {processor.py:642} INFO - Processing file /home/airflow/.local/lib/python3.7/site-packages/airflow/example_dags/example_python_operator.py for tasks to queue
[2022-07-22 21:54:08,455] {logging_mixin.py:109} INFO - [2022-07-22 21:54:08,455] {dagbag.py:500} INFO - Filling up the DagBag from /home/airflow/.local/lib/python3.7/site-packages/airflow/example_dags/example_python_operator.py
[2022-07-22 21:54:08,478] {processor.py:654} INFO - DAG(s) dict_keys(['example_python_operator']) retrieved from /home/airflow/.local/lib/python3.7/site-packages/airflow/example_dags/example_python_operator.py
[2022-07-22 21:54:10,013] {logging_mixin.py:109} INFO - [2022-07-22 21:54:10,013] {manager.py:496} INFO - Created Permission View: can read on DAG:example_python_operator
[2022-07-22 21:54:10,019] {logging_mixin.py:109} INFO - [2022-07-22 21:54:10,019] {manager.py:496} INFO - Created Permission View: can edit on DAG:example_python_operator
[2022-07-22 21:54:10,019] {logging_mixin.py:109} INFO - [2022-07-22 21:54:10,019] {dag.py:2396} INFO - Sync 1 DAGs
[2022-07-22 21:54:10,024] {logging_mixin.py:109} INFO - [2022-07-22 21:54:10,024] {dag.py:2415} INFO - Creating ORM DAG for example_python_operator
[2022-07-22 21:54:10,030] {logging_mixin.py:109} INFO - [2022-07-22 21:54:10,029] {dag.py:2935} INFO - Setting next_dagrun for example_python_operator to None
[2022-07-22 21:54:10,038] {processor.py:171} INFO - Processing /home/airflow/.local/lib/python3.7/site-packages/airflow/example_dags/example_python_operator.py took 1.586 seconds
[2022-07-22 21:54:40,787] {processor.py:163} INFO - Started process (PID=610) to work on /home/airflow/.local/lib/python3.7/site-packages/airflow/example_dags/example_python_operator.py
[2022-07-22 21:54:40,788] {processor.py:642} INFO - Processing file /home/airflow/.local/lib/python3.7/site-packages/airflow/example_dags/example_python_operator.py for tasks to queue
[2022-07-22 21:54:40,788] {logging_mixin.py:109} INFO - [2022-07-22 21:54:40,788] {dagbag.py:500} INFO - Filling up the DagBag from /home/airflow/.local/lib/python3.7/site-packages/airflow/example_dags/example_python_operator.py
[2022-07-22 21:54:40,809] {processor.py:654} INFO - DAG(s) dict_keys(['example_python_operator']) retrieved from /home/airflow/.local/lib/python3.7/site-packages/airflow/example_dags/example_python_operator.py
[2022-07-22 21:54:40,816] {logging_mixin.py:109} INFO - [2022-07-22 21:54:40,816] {dag.py:2396} INFO - Sync 1 DAGs
[2022-07-22 21:54:40,827] {logging_mixin.py:109} INFO - [2022-07-22 21:54:40,827] {dag.py:2935} INFO - Setting next_dagrun for example_python_operator to None
[2022-07-22 21:54:40,833] {processor.py:171} INFO - Processing /home/airflow/.local/lib/python3.7/site-packages/airflow/example_dags/example_python_operator.py took 0.048 seconds
[2022-07-22 21:55:11,008] {processor.py:163} INFO - Started process (PID=669) to work on /home/airflow/.local/lib/python3.7/site-packages/airflow/example_dags/example_python_operator.py
[2022-07-22 21:55:11,009] {processor.py:642} INFO - Processing file /home/airflow/.local/lib/python3.7/site-packages/airflow/example_dags/example_python_operator.py for tasks to queue
[2022-07-22 21:55:11,009] {logging_mixin.py:109} INFO - [2022-07-22 21:55:11,009] {dagbag.py:500} INFO - Filling up the DagBag from /home/airflow/.local/lib/python3.7/site-packages/airflow/example_dags/example_python_operator.py
[2022-07-22 21:55:11,030] {processor.py:654} INFO - DAG(s) dict_keys(['example_python_operator']) retrieved from /home/airflow/.local/lib/python3.7/site-packages/airflow/example_dags/example_python_operator.py
[2022-07-22 21:55:11,036] {logging_mixin.py:109} INFO - [2022-07-22 21:55:11,036] {dag.py:2396} INFO - Sync 1 DAGs
[2022-07-22 21:55:11,047] {logging_mixin.py:109} INFO - [2022-07-22 21:55:11,047] {dag.py:2935} INFO - Setting next_dagrun for example_python_operator to None
[2022-07-22 21:55:11,053] {processor.py:171} INFO - Processing /home/airflow/.local/lib/python3.7/site-packages/airflow/example_dags/example_python_operator.py took 0.046 seconds
[2022-07-22 21:55:41,243] {processor.py:163} INFO - Started process (PID=719) to work on /home/airflow/.local/lib/python3.7/site-packages/airflow/example_dags/example_python_operator.py
[2022-07-22 21:55:41,244] {processor.py:642} INFO - Processing file /home/airflow/.local/lib/python3.7/site-packages/airflow/example_dags/example_python_operator.py for tasks to queue
[2022-07-22 21:55:41,244] {logging_mixin.py:109} INFO - [2022-07-22 21:55:41,244] {dagbag.py:500} INFO - Filling up the DagBag from /home/airflow/.local/lib/python3.7/site-packages/airflow/example_dags/example_python_operator.py
[2022-07-22 21:55:41,264] {processor.py:654} INFO - DAG(s) dict_keys(['example_python_operator']) retrieved from /home/airflow/.local/lib/python3.7/site-packages/airflow/example_dags/example_python_operator.py
[2022-07-22 21:55:41,271] {logging_mixin.py:109} INFO - [2022-07-22 21:55:41,271] {dag.py:2396} INFO - Sync 1 DAGs
[2022-07-22 21:55:41,282] {logging_mixin.py:109} INFO - [2022-07-22 21:55:41,281] {dag.py:2935} INFO - Setting next_dagrun for example_python_operator to None
[2022-07-22 21:55:41,287] {processor.py:171} INFO - Processing /home/airflow/.local/lib/python3.7/site-packages/airflow/example_dags/example_python_operator.py took 0.046 seconds
[2022-07-22 21:56:27,144] {processor.py:163} INFO - Started process (PID=62) to work on /home/airflow/.local/lib/python3.7/site-packages/airflow/example_dags/example_python_operator.py
[2022-07-22 21:56:27,145] {processor.py:642} INFO - Processing file /home/airflow/.local/lib/python3.7/site-packages/airflow/example_dags/example_python_operator.py for tasks to queue
[2022-07-22 21:56:27,145] {logging_mixin.py:109} INFO - [2022-07-22 21:56:27,145] {dagbag.py:500} INFO - Filling up the DagBag from /home/airflow/.local/lib/python3.7/site-packages/airflow/example_dags/example_python_operator.py
[2022-07-22 21:56:27,167] {processor.py:654} INFO - DAG(s) dict_keys(['example_python_operator']) retrieved from /home/airflow/.local/lib/python3.7/site-packages/airflow/example_dags/example_python_operator.py
[2022-07-22 21:56:27,174] {logging_mixin.py:109} INFO - [2022-07-22 21:56:27,173] {dag.py:2396} INFO - Sync 1 DAGs
[2022-07-22 21:56:27,184] {logging_mixin.py:109} INFO - [2022-07-22 21:56:27,184] {dag.py:2935} INFO - Setting next_dagrun for example_python_operator to None
[2022-07-22 21:56:27,191] {processor.py:171} INFO - Processing /home/airflow/.local/lib/python3.7/site-packages/airflow/example_dags/example_python_operator.py took 0.049 seconds
[2022-07-22 21:56:58,044] {processor.py:163} INFO - Started process (PID=122) to work on /home/airflow/.local/lib/python3.7/site-packages/airflow/example_dags/example_python_operator.py
[2022-07-22 21:56:58,045] {processor.py:642} INFO - Processing file /home/airflow/.local/lib/python3.7/site-packages/airflow/example_dags/example_python_operator.py for tasks to queue
[2022-07-22 21:56:58,046] {logging_mixin.py:109} INFO - [2022-07-22 21:56:58,045] {dagbag.py:500} INFO - Filling up the DagBag from /home/airflow/.local/lib/python3.7/site-packages/airflow/example_dags/example_python_operator.py
[2022-07-22 21:56:58,065] {processor.py:654} INFO - DAG(s) dict_keys(['example_python_operator']) retrieved from /home/airflow/.local/lib/python3.7/site-packages/airflow/example_dags/example_python_operator.py
[2022-07-22 21:56:58,072] {logging_mixin.py:109} INFO - [2022-07-22 21:56:58,072] {dag.py:2396} INFO - Sync 1 DAGs
[2022-07-22 21:56:58,082] {logging_mixin.py:109} INFO - [2022-07-22 21:56:58,082] {dag.py:2935} INFO - Setting next_dagrun for example_python_operator to None
[2022-07-22 21:56:58,088] {processor.py:171} INFO - Processing /home/airflow/.local/lib/python3.7/site-packages/airflow/example_dags/example_python_operator.py took 0.045 seconds
[2022-07-22 21:57:28,797] {processor.py:163} INFO - Started process (PID=181) to work on /home/airflow/.local/lib/python3.7/site-packages/airflow/example_dags/example_python_operator.py
[2022-07-22 21:57:28,798] {processor.py:642} INFO - Processing file /home/airflow/.local/lib/python3.7/site-packages/airflow/example_dags/example_python_operator.py for tasks to queue
[2022-07-22 21:57:28,799] {logging_mixin.py:109} INFO - [2022-07-22 21:57:28,799] {dagbag.py:500} INFO - Filling up the DagBag from /home/airflow/.local/lib/python3.7/site-packages/airflow/example_dags/example_python_operator.py
[2022-07-22 21:57:28,820] {processor.py:654} INFO - DAG(s) dict_keys(['example_python_operator']) retrieved from /home/airflow/.local/lib/python3.7/site-packages/airflow/example_dags/example_python_operator.py
[2022-07-22 21:57:28,827] {logging_mixin.py:109} INFO - [2022-07-22 21:57:28,827] {dag.py:2396} INFO - Sync 1 DAGs
[2022-07-22 21:57:28,837] {logging_mixin.py:109} INFO - [2022-07-22 21:57:28,837] {dag.py:2935} INFO - Setting next_dagrun for example_python_operator to None
[2022-07-22 21:57:28,843] {processor.py:171} INFO - Processing /home/airflow/.local/lib/python3.7/site-packages/airflow/example_dags/example_python_operator.py took 0.048 seconds
[2022-07-22 21:57:59,523] {processor.py:163} INFO - Started process (PID=231) to work on /home/airflow/.local/lib/python3.7/site-packages/airflow/example_dags/example_python_operator.py
[2022-07-22 21:57:59,524] {processor.py:642} INFO - Processing file /home/airflow/.local/lib/python3.7/site-packages/airflow/example_dags/example_python_operator.py for tasks to queue
[2022-07-22 21:57:59,524] {logging_mixin.py:109} INFO - [2022-07-22 21:57:59,524] {dagbag.py:500} INFO - Filling up the DagBag from /home/airflow/.local/lib/python3.7/site-packages/airflow/example_dags/example_python_operator.py
[2022-07-22 21:57:59,547] {processor.py:654} INFO - DAG(s) dict_keys(['example_python_operator']) retrieved from /home/airflow/.local/lib/python3.7/site-packages/airflow/example_dags/example_python_operator.py
[2022-07-22 21:57:59,555] {logging_mixin.py:109} INFO - [2022-07-22 21:57:59,555] {dag.py:2396} INFO - Sync 1 DAGs
[2022-07-22 21:57:59,567] {logging_mixin.py:109} INFO - [2022-07-22 21:57:59,567] {dag.py:2935} INFO - Setting next_dagrun for example_python_operator to None
[2022-07-22 21:57:59,573] {processor.py:171} INFO - Processing /home/airflow/.local/lib/python3.7/site-packages/airflow/example_dags/example_python_operator.py took 0.052 seconds
[2022-07-22 21:58:30,446] {processor.py:163} INFO - Started process (PID=290) to work on /home/airflow/.local/lib/python3.7/site-packages/airflow/example_dags/example_python_operator.py
[2022-07-22 21:58:30,446] {processor.py:642} INFO - Processing file /home/airflow/.local/lib/python3.7/site-packages/airflow/example_dags/example_python_operator.py for tasks to queue
[2022-07-22 21:58:30,447] {logging_mixin.py:109} INFO - [2022-07-22 21:58:30,447] {dagbag.py:500} INFO - Filling up the DagBag from /home/airflow/.local/lib/python3.7/site-packages/airflow/example_dags/example_python_operator.py
[2022-07-22 21:58:30,467] {processor.py:654} INFO - DAG(s) dict_keys(['example_python_operator']) retrieved from /home/airflow/.local/lib/python3.7/site-packages/airflow/example_dags/example_python_operator.py
[2022-07-22 21:58:30,475] {logging_mixin.py:109} INFO - [2022-07-22 21:58:30,474] {dag.py:2396} INFO - Sync 1 DAGs
[2022-07-22 21:58:30,485] {logging_mixin.py:109} INFO - [2022-07-22 21:58:30,485] {dag.py:2935} INFO - Setting next_dagrun for example_python_operator to None
[2022-07-22 21:58:30,491] {processor.py:171} INFO - Processing /home/airflow/.local/lib/python3.7/site-packages/airflow/example_dags/example_python_operator.py took 0.047 seconds
[2022-07-22 21:59:01,207] {processor.py:163} INFO - Started process (PID=349) to work on /home/airflow/.local/lib/python3.7/site-packages/airflow/example_dags/example_python_operator.py
[2022-07-22 21:59:01,208] {processor.py:642} INFO - Processing file /home/airflow/.local/lib/python3.7/site-packages/airflow/example_dags/example_python_operator.py for tasks to queue
[2022-07-22 21:59:01,209] {logging_mixin.py:109} INFO - [2022-07-22 21:59:01,208] {dagbag.py:500} INFO - Filling up the DagBag from /home/airflow/.local/lib/python3.7/site-packages/airflow/example_dags/example_python_operator.py
[2022-07-22 21:59:01,234] {processor.py:654} INFO - DAG(s) dict_keys(['example_python_operator']) retrieved from /home/airflow/.local/lib/python3.7/site-packages/airflow/example_dags/example_python_operator.py
[2022-07-22 21:59:01,242] {logging_mixin.py:109} INFO - [2022-07-22 21:59:01,242] {dag.py:2396} INFO - Sync 1 DAGs
[2022-07-22 21:59:01,253] {logging_mixin.py:109} INFO - [2022-07-22 21:59:01,253] {dag.py:2935} INFO - Setting next_dagrun for example_python_operator to None
[2022-07-22 21:59:01,260] {processor.py:171} INFO - Processing /home/airflow/.local/lib/python3.7/site-packages/airflow/example_dags/example_python_operator.py took 0.055 seconds
[2022-07-22 21:59:32,003] {processor.py:163} INFO - Started process (PID=399) to work on /home/airflow/.local/lib/python3.7/site-packages/airflow/example_dags/example_python_operator.py
[2022-07-22 21:59:32,004] {processor.py:642} INFO - Processing file /home/airflow/.local/lib/python3.7/site-packages/airflow/example_dags/example_python_operator.py for tasks to queue
[2022-07-22 21:59:32,004] {logging_mixin.py:109} INFO - [2022-07-22 21:59:32,004] {dagbag.py:500} INFO - Filling up the DagBag from /home/airflow/.local/lib/python3.7/site-packages/airflow/example_dags/example_python_operator.py
[2022-07-22 21:59:32,025] {processor.py:654} INFO - DAG(s) dict_keys(['example_python_operator']) retrieved from /home/airflow/.local/lib/python3.7/site-packages/airflow/example_dags/example_python_operator.py
[2022-07-22 21:59:32,033] {logging_mixin.py:109} INFO - [2022-07-22 21:59:32,033] {dag.py:2396} INFO - Sync 1 DAGs
[2022-07-22 21:59:32,043] {logging_mixin.py:109} INFO - [2022-07-22 21:59:32,043] {dag.py:2935} INFO - Setting next_dagrun for example_python_operator to None
[2022-07-22 21:59:32,049] {processor.py:171} INFO - Processing /home/airflow/.local/lib/python3.7/site-packages/airflow/example_dags/example_python_operator.py took 0.048 seconds
[2022-07-22 22:00:02,713] {processor.py:163} INFO - Started process (PID=458) to work on /home/airflow/.local/lib/python3.7/site-packages/airflow/example_dags/example_python_operator.py
[2022-07-22 22:00:02,714] {processor.py:642} INFO - Processing file /home/airflow/.local/lib/python3.7/site-packages/airflow/example_dags/example_python_operator.py for tasks to queue
[2022-07-22 22:00:02,714] {logging_mixin.py:109} INFO - [2022-07-22 22:00:02,714] {dagbag.py:500} INFO - Filling up the DagBag from /home/airflow/.local/lib/python3.7/site-packages/airflow/example_dags/example_python_operator.py
[2022-07-22 22:00:02,735] {processor.py:654} INFO - DAG(s) dict_keys(['example_python_operator']) retrieved from /home/airflow/.local/lib/python3.7/site-packages/airflow/example_dags/example_python_operator.py
[2022-07-22 22:00:02,742] {logging_mixin.py:109} INFO - [2022-07-22 22:00:02,741] {dag.py:2396} INFO - Sync 1 DAGs
[2022-07-22 22:00:02,752] {logging_mixin.py:109} INFO - [2022-07-22 22:00:02,752] {dag.py:2935} INFO - Setting next_dagrun for example_python_operator to None
[2022-07-22 22:00:02,758] {processor.py:171} INFO - Processing /home/airflow/.local/lib/python3.7/site-packages/airflow/example_dags/example_python_operator.py took 0.046 seconds
[2022-07-22 22:00:33,331] {processor.py:163} INFO - Started process (PID=508) to work on /home/airflow/.local/lib/python3.7/site-packages/airflow/example_dags/example_python_operator.py
[2022-07-22 22:00:33,332] {processor.py:642} INFO - Processing file /home/airflow/.local/lib/python3.7/site-packages/airflow/example_dags/example_python_operator.py for tasks to queue
[2022-07-22 22:00:33,333] {logging_mixin.py:109} INFO - [2022-07-22 22:00:33,333] {dagbag.py:500} INFO - Filling up the DagBag from /home/airflow/.local/lib/python3.7/site-packages/airflow/example_dags/example_python_operator.py
[2022-07-22 22:00:33,353] {processor.py:654} INFO - DAG(s) dict_keys(['example_python_operator']) retrieved from /home/airflow/.local/lib/python3.7/site-packages/airflow/example_dags/example_python_operator.py
[2022-07-22 22:00:33,360] {logging_mixin.py:109} INFO - [2022-07-22 22:00:33,360] {dag.py:2396} INFO - Sync 1 DAGs
[2022-07-22 22:00:33,371] {logging_mixin.py:109} INFO - [2022-07-22 22:00:33,371] {dag.py:2935} INFO - Setting next_dagrun for example_python_operator to None
[2022-07-22 22:00:33,376] {processor.py:171} INFO - Processing /home/airflow/.local/lib/python3.7/site-packages/airflow/example_dags/example_python_operator.py took 0.047 seconds
[2022-07-22 22:01:04,048] {processor.py:163} INFO - Started process (PID=567) to work on /home/airflow/.local/lib/python3.7/site-packages/airflow/example_dags/example_python_operator.py
[2022-07-22 22:01:04,049] {processor.py:642} INFO - Processing file /home/airflow/.local/lib/python3.7/site-packages/airflow/example_dags/example_python_operator.py for tasks to queue
[2022-07-22 22:01:04,049] {logging_mixin.py:109} INFO - [2022-07-22 22:01:04,049] {dagbag.py:500} INFO - Filling up the DagBag from /home/airflow/.local/lib/python3.7/site-packages/airflow/example_dags/example_python_operator.py
[2022-07-22 22:01:04,069] {processor.py:654} INFO - DAG(s) dict_keys(['example_python_operator']) retrieved from /home/airflow/.local/lib/python3.7/site-packages/airflow/example_dags/example_python_operator.py
[2022-07-22 22:01:04,076] {logging_mixin.py:109} INFO - [2022-07-22 22:01:04,076] {dag.py:2396} INFO - Sync 1 DAGs
[2022-07-22 22:01:04,087] {logging_mixin.py:109} INFO - [2022-07-22 22:01:04,087] {dag.py:2935} INFO - Setting next_dagrun for example_python_operator to None
[2022-07-22 22:01:04,093] {processor.py:171} INFO - Processing /home/airflow/.local/lib/python3.7/site-packages/airflow/example_dags/example_python_operator.py took 0.047 seconds
[2022-07-22 22:01:34,713] {processor.py:163} INFO - Started process (PID=626) to work on /home/airflow/.local/lib/python3.7/site-packages/airflow/example_dags/example_python_operator.py
[2022-07-22 22:01:34,714] {processor.py:642} INFO - Processing file /home/airflow/.local/lib/python3.7/site-packages/airflow/example_dags/example_python_operator.py for tasks to queue
[2022-07-22 22:01:34,714] {logging_mixin.py:109} INFO - [2022-07-22 22:01:34,714] {dagbag.py:500} INFO - Filling up the DagBag from /home/airflow/.local/lib/python3.7/site-packages/airflow/example_dags/example_python_operator.py
[2022-07-22 22:01:34,736] {processor.py:654} INFO - DAG(s) dict_keys(['example_python_operator']) retrieved from /home/airflow/.local/lib/python3.7/site-packages/airflow/example_dags/example_python_operator.py
[2022-07-22 22:01:34,744] {logging_mixin.py:109} INFO - [2022-07-22 22:01:34,744] {dag.py:2396} INFO - Sync 1 DAGs
[2022-07-22 22:01:34,755] {logging_mixin.py:109} INFO - [2022-07-22 22:01:34,755] {dag.py:2935} INFO - Setting next_dagrun for example_python_operator to None
[2022-07-22 22:01:34,762] {processor.py:171} INFO - Processing /home/airflow/.local/lib/python3.7/site-packages/airflow/example_dags/example_python_operator.py took 0.051 seconds
[2022-07-22 22:02:05,378] {processor.py:163} INFO - Started process (PID=676) to work on /home/airflow/.local/lib/python3.7/site-packages/airflow/example_dags/example_python_operator.py
[2022-07-22 22:02:05,379] {processor.py:642} INFO - Processing file /home/airflow/.local/lib/python3.7/site-packages/airflow/example_dags/example_python_operator.py for tasks to queue
[2022-07-22 22:02:05,379] {logging_mixin.py:109} INFO - [2022-07-22 22:02:05,379] {dagbag.py:500} INFO - Filling up the DagBag from /home/airflow/.local/lib/python3.7/site-packages/airflow/example_dags/example_python_operator.py
[2022-07-22 22:02:05,420] {processor.py:654} INFO - DAG(s) dict_keys(['example_python_operator']) retrieved from /home/airflow/.local/lib/python3.7/site-packages/airflow/example_dags/example_python_operator.py
[2022-07-22 22:02:05,427] {logging_mixin.py:109} INFO - [2022-07-22 22:02:05,427] {dag.py:2396} INFO - Sync 1 DAGs
[2022-07-22 22:02:05,438] {logging_mixin.py:109} INFO - [2022-07-22 22:02:05,438] {dag.py:2935} INFO - Setting next_dagrun for example_python_operator to None
[2022-07-22 22:02:05,445] {processor.py:171} INFO - Processing /home/airflow/.local/lib/python3.7/site-packages/airflow/example_dags/example_python_operator.py took 0.069 seconds
[2022-07-22 22:02:35,975] {processor.py:163} INFO - Started process (PID=735) to work on /home/airflow/.local/lib/python3.7/site-packages/airflow/example_dags/example_python_operator.py
[2022-07-22 22:02:35,975] {processor.py:642} INFO - Processing file /home/airflow/.local/lib/python3.7/site-packages/airflow/example_dags/example_python_operator.py for tasks to queue
[2022-07-22 22:02:35,976] {logging_mixin.py:109} INFO - [2022-07-22 22:02:35,976] {dagbag.py:500} INFO - Filling up the DagBag from /home/airflow/.local/lib/python3.7/site-packages/airflow/example_dags/example_python_operator.py
[2022-07-22 22:02:35,996] {processor.py:654} INFO - DAG(s) dict_keys(['example_python_operator']) retrieved from /home/airflow/.local/lib/python3.7/site-packages/airflow/example_dags/example_python_operator.py
[2022-07-22 22:02:36,003] {logging_mixin.py:109} INFO - [2022-07-22 22:02:36,003] {dag.py:2396} INFO - Sync 1 DAGs
[2022-07-22 22:02:36,014] {logging_mixin.py:109} INFO - [2022-07-22 22:02:36,014] {dag.py:2935} INFO - Setting next_dagrun for example_python_operator to None
[2022-07-22 22:02:36,020] {processor.py:171} INFO - Processing /home/airflow/.local/lib/python3.7/site-packages/airflow/example_dags/example_python_operator.py took 0.047 seconds
[2022-07-22 22:03:06,633] {processor.py:163} INFO - Started process (PID=785) to work on /home/airflow/.local/lib/python3.7/site-packages/airflow/example_dags/example_python_operator.py
[2022-07-22 22:03:06,634] {processor.py:642} INFO - Processing file /home/airflow/.local/lib/python3.7/site-packages/airflow/example_dags/example_python_operator.py for tasks to queue
[2022-07-22 22:03:06,634] {logging_mixin.py:109} INFO - [2022-07-22 22:03:06,634] {dagbag.py:500} INFO - Filling up the DagBag from /home/airflow/.local/lib/python3.7/site-packages/airflow/example_dags/example_python_operator.py
[2022-07-22 22:03:06,656] {processor.py:654} INFO - DAG(s) dict_keys(['example_python_operator']) retrieved from /home/airflow/.local/lib/python3.7/site-packages/airflow/example_dags/example_python_operator.py
[2022-07-22 22:03:06,663] {logging_mixin.py:109} INFO - [2022-07-22 22:03:06,663] {dag.py:2396} INFO - Sync 1 DAGs
[2022-07-22 22:03:06,674] {logging_mixin.py:109} INFO - [2022-07-22 22:03:06,674] {dag.py:2935} INFO - Setting next_dagrun for example_python_operator to None
[2022-07-22 22:03:06,680] {processor.py:171} INFO - Processing /home/airflow/.local/lib/python3.7/site-packages/airflow/example_dags/example_python_operator.py took 0.049 seconds
[2022-07-22 22:03:37,211] {processor.py:163} INFO - Started process (PID=844) to work on /home/airflow/.local/lib/python3.7/site-packages/airflow/example_dags/example_python_operator.py
[2022-07-22 22:03:37,212] {processor.py:642} INFO - Processing file /home/airflow/.local/lib/python3.7/site-packages/airflow/example_dags/example_python_operator.py for tasks to queue
[2022-07-22 22:03:37,212] {logging_mixin.py:109} INFO - [2022-07-22 22:03:37,212] {dagbag.py:500} INFO - Filling up the DagBag from /home/airflow/.local/lib/python3.7/site-packages/airflow/example_dags/example_python_operator.py
[2022-07-22 22:03:37,232] {processor.py:654} INFO - DAG(s) dict_keys(['example_python_operator']) retrieved from /home/airflow/.local/lib/python3.7/site-packages/airflow/example_dags/example_python_operator.py
[2022-07-22 22:03:37,239] {logging_mixin.py:109} INFO - [2022-07-22 22:03:37,239] {dag.py:2396} INFO - Sync 1 DAGs
[2022-07-22 22:03:37,251] {logging_mixin.py:109} INFO - [2022-07-22 22:03:37,251] {dag.py:2935} INFO - Setting next_dagrun for example_python_operator to None
[2022-07-22 22:03:37,256] {processor.py:171} INFO - Processing /home/airflow/.local/lib/python3.7/site-packages/airflow/example_dags/example_python_operator.py took 0.047 seconds
[2022-07-22 22:04:07,910] {processor.py:163} INFO - Started process (PID=894) to work on /home/airflow/.local/lib/python3.7/site-packages/airflow/example_dags/example_python_operator.py
[2022-07-22 22:04:07,911] {processor.py:642} INFO - Processing file /home/airflow/.local/lib/python3.7/site-packages/airflow/example_dags/example_python_operator.py for tasks to queue
[2022-07-22 22:04:07,911] {logging_mixin.py:109} INFO - [2022-07-22 22:04:07,911] {dagbag.py:500} INFO - Filling up the DagBag from /home/airflow/.local/lib/python3.7/site-packages/airflow/example_dags/example_python_operator.py
[2022-07-22 22:04:07,933] {processor.py:654} INFO - DAG(s) dict_keys(['example_python_operator']) retrieved from /home/airflow/.local/lib/python3.7/site-packages/airflow/example_dags/example_python_operator.py
[2022-07-22 22:04:07,941] {logging_mixin.py:109} INFO - [2022-07-22 22:04:07,941] {dag.py:2396} INFO - Sync 1 DAGs
[2022-07-22 22:04:07,952] {logging_mixin.py:109} INFO - [2022-07-22 22:04:07,952] {dag.py:2935} INFO - Setting next_dagrun for example_python_operator to None
[2022-07-22 22:04:07,958] {processor.py:171} INFO - Processing /home/airflow/.local/lib/python3.7/site-packages/airflow/example_dags/example_python_operator.py took 0.050 seconds
[2022-07-22 22:04:38,637] {processor.py:163} INFO - Started process (PID=953) to work on /home/airflow/.local/lib/python3.7/site-packages/airflow/example_dags/example_python_operator.py
[2022-07-22 22:04:38,638] {processor.py:642} INFO - Processing file /home/airflow/.local/lib/python3.7/site-packages/airflow/example_dags/example_python_operator.py for tasks to queue
[2022-07-22 22:04:38,639] {logging_mixin.py:109} INFO - [2022-07-22 22:04:38,638] {dagbag.py:500} INFO - Filling up the DagBag from /home/airflow/.local/lib/python3.7/site-packages/airflow/example_dags/example_python_operator.py
[2022-07-22 22:04:38,659] {processor.py:654} INFO - DAG(s) dict_keys(['example_python_operator']) retrieved from /home/airflow/.local/lib/python3.7/site-packages/airflow/example_dags/example_python_operator.py
[2022-07-22 22:04:38,667] {logging_mixin.py:109} INFO - [2022-07-22 22:04:38,666] {dag.py:2396} INFO - Sync 1 DAGs
[2022-07-22 22:04:38,678] {logging_mixin.py:109} INFO - [2022-07-22 22:04:38,677] {dag.py:2935} INFO - Setting next_dagrun for example_python_operator to None
[2022-07-22 22:04:38,683] {processor.py:171} INFO - Processing /home/airflow/.local/lib/python3.7/site-packages/airflow/example_dags/example_python_operator.py took 0.048 seconds
[2022-07-22 22:05:09,297] {processor.py:163} INFO - Started process (PID=1012) to work on /home/airflow/.local/lib/python3.7/site-packages/airflow/example_dags/example_python_operator.py
[2022-07-22 22:05:09,298] {processor.py:642} INFO - Processing file /home/airflow/.local/lib/python3.7/site-packages/airflow/example_dags/example_python_operator.py for tasks to queue
[2022-07-22 22:05:09,299] {logging_mixin.py:109} INFO - [2022-07-22 22:05:09,299] {dagbag.py:500} INFO - Filling up the DagBag from /home/airflow/.local/lib/python3.7/site-packages/airflow/example_dags/example_python_operator.py
[2022-07-22 22:05:09,319] {processor.py:654} INFO - DAG(s) dict_keys(['example_python_operator']) retrieved from /home/airflow/.local/lib/python3.7/site-packages/airflow/example_dags/example_python_operator.py
[2022-07-22 22:05:09,327] {logging_mixin.py:109} INFO - [2022-07-22 22:05:09,327] {dag.py:2396} INFO - Sync 1 DAGs
[2022-07-22 22:05:09,338] {logging_mixin.py:109} INFO - [2022-07-22 22:05:09,338] {dag.py:2935} INFO - Setting next_dagrun for example_python_operator to None
[2022-07-22 22:05:09,345] {processor.py:171} INFO - Processing /home/airflow/.local/lib/python3.7/site-packages/airflow/example_dags/example_python_operator.py took 0.049 seconds
[2022-07-22 22:05:39,864] {processor.py:163} INFO - Started process (PID=1062) to work on /home/airflow/.local/lib/python3.7/site-packages/airflow/example_dags/example_python_operator.py
[2022-07-22 22:05:39,865] {processor.py:642} INFO - Processing file /home/airflow/.local/lib/python3.7/site-packages/airflow/example_dags/example_python_operator.py for tasks to queue
[2022-07-22 22:05:39,865] {logging_mixin.py:109} INFO - [2022-07-22 22:05:39,865] {dagbag.py:500} INFO - Filling up the DagBag from /home/airflow/.local/lib/python3.7/site-packages/airflow/example_dags/example_python_operator.py
[2022-07-22 22:05:39,886] {processor.py:654} INFO - DAG(s) dict_keys(['example_python_operator']) retrieved from /home/airflow/.local/lib/python3.7/site-packages/airflow/example_dags/example_python_operator.py
[2022-07-22 22:05:39,893] {logging_mixin.py:109} INFO - [2022-07-22 22:05:39,893] {dag.py:2396} INFO - Sync 1 DAGs
[2022-07-22 22:05:39,904] {logging_mixin.py:109} INFO - [2022-07-22 22:05:39,904] {dag.py:2935} INFO - Setting next_dagrun for example_python_operator to None
[2022-07-22 22:05:39,909] {processor.py:171} INFO - Processing /home/airflow/.local/lib/python3.7/site-packages/airflow/example_dags/example_python_operator.py took 0.047 seconds
[2022-07-22 22:06:10,474] {processor.py:163} INFO - Started process (PID=1121) to work on /home/airflow/.local/lib/python3.7/site-packages/airflow/example_dags/example_python_operator.py
[2022-07-22 22:06:10,475] {processor.py:642} INFO - Processing file /home/airflow/.local/lib/python3.7/site-packages/airflow/example_dags/example_python_operator.py for tasks to queue
[2022-07-22 22:06:10,475] {logging_mixin.py:109} INFO - [2022-07-22 22:06:10,475] {dagbag.py:500} INFO - Filling up the DagBag from /home/airflow/.local/lib/python3.7/site-packages/airflow/example_dags/example_python_operator.py
[2022-07-22 22:06:10,496] {processor.py:654} INFO - DAG(s) dict_keys(['example_python_operator']) retrieved from /home/airflow/.local/lib/python3.7/site-packages/airflow/example_dags/example_python_operator.py
[2022-07-22 22:06:10,503] {logging_mixin.py:109} INFO - [2022-07-22 22:06:10,503] {dag.py:2396} INFO - Sync 1 DAGs
[2022-07-22 22:06:10,514] {logging_mixin.py:109} INFO - [2022-07-22 22:06:10,514] {dag.py:2935} INFO - Setting next_dagrun for example_python_operator to None
[2022-07-22 22:06:10,519] {processor.py:171} INFO - Processing /home/airflow/.local/lib/python3.7/site-packages/airflow/example_dags/example_python_operator.py took 0.047 seconds
[2022-07-22 22:06:41,108] {processor.py:163} INFO - Started process (PID=1171) to work on /home/airflow/.local/lib/python3.7/site-packages/airflow/example_dags/example_python_operator.py
[2022-07-22 22:06:41,109] {processor.py:642} INFO - Processing file /home/airflow/.local/lib/python3.7/site-packages/airflow/example_dags/example_python_operator.py for tasks to queue
[2022-07-22 22:06:41,109] {logging_mixin.py:109} INFO - [2022-07-22 22:06:41,109] {dagbag.py:500} INFO - Filling up the DagBag from /home/airflow/.local/lib/python3.7/site-packages/airflow/example_dags/example_python_operator.py
[2022-07-22 22:06:41,129] {processor.py:654} INFO - DAG(s) dict_keys(['example_python_operator']) retrieved from /home/airflow/.local/lib/python3.7/site-packages/airflow/example_dags/example_python_operator.py
[2022-07-22 22:06:41,136] {logging_mixin.py:109} INFO - [2022-07-22 22:06:41,136] {dag.py:2396} INFO - Sync 1 DAGs
[2022-07-22 22:06:41,146] {logging_mixin.py:109} INFO - [2022-07-22 22:06:41,146] {dag.py:2935} INFO - Setting next_dagrun for example_python_operator to None
[2022-07-22 22:06:41,153] {processor.py:171} INFO - Processing /home/airflow/.local/lib/python3.7/site-packages/airflow/example_dags/example_python_operator.py took 0.046 seconds
[2022-07-22 22:07:11,740] {processor.py:163} INFO - Started process (PID=1230) to work on /home/airflow/.local/lib/python3.7/site-packages/airflow/example_dags/example_python_operator.py
[2022-07-22 22:07:11,741] {processor.py:642} INFO - Processing file /home/airflow/.local/lib/python3.7/site-packages/airflow/example_dags/example_python_operator.py for tasks to queue
[2022-07-22 22:07:11,741] {logging_mixin.py:109} INFO - [2022-07-22 22:07:11,741] {dagbag.py:500} INFO - Filling up the DagBag from /home/airflow/.local/lib/python3.7/site-packages/airflow/example_dags/example_python_operator.py
[2022-07-22 22:07:11,762] {processor.py:654} INFO - DAG(s) dict_keys(['example_python_operator']) retrieved from /home/airflow/.local/lib/python3.7/site-packages/airflow/example_dags/example_python_operator.py
[2022-07-22 22:07:11,769] {logging_mixin.py:109} INFO - [2022-07-22 22:07:11,769] {dag.py:2396} INFO - Sync 1 DAGs
[2022-07-22 22:07:11,780] {logging_mixin.py:109} INFO - [2022-07-22 22:07:11,780] {dag.py:2935} INFO - Setting next_dagrun for example_python_operator to None
[2022-07-22 22:07:11,786] {processor.py:171} INFO - Processing /home/airflow/.local/lib/python3.7/site-packages/airflow/example_dags/example_python_operator.py took 0.047 seconds
[2022-07-22 22:07:42,317] {processor.py:163} INFO - Started process (PID=1289) to work on /home/airflow/.local/lib/python3.7/site-packages/airflow/example_dags/example_python_operator.py
[2022-07-22 22:07:42,318] {processor.py:642} INFO - Processing file /home/airflow/.local/lib/python3.7/site-packages/airflow/example_dags/example_python_operator.py for tasks to queue
[2022-07-22 22:07:42,319] {logging_mixin.py:109} INFO - [2022-07-22 22:07:42,319] {dagbag.py:500} INFO - Filling up the DagBag from /home/airflow/.local/lib/python3.7/site-packages/airflow/example_dags/example_python_operator.py
[2022-07-22 22:07:42,339] {processor.py:654} INFO - DAG(s) dict_keys(['example_python_operator']) retrieved from /home/airflow/.local/lib/python3.7/site-packages/airflow/example_dags/example_python_operator.py
[2022-07-22 22:07:42,346] {logging_mixin.py:109} INFO - [2022-07-22 22:07:42,346] {dag.py:2396} INFO - Sync 1 DAGs
[2022-07-22 22:07:42,357] {logging_mixin.py:109} INFO - [2022-07-22 22:07:42,357] {dag.py:2935} INFO - Setting next_dagrun for example_python_operator to None
[2022-07-22 22:07:42,362] {processor.py:171} INFO - Processing /home/airflow/.local/lib/python3.7/site-packages/airflow/example_dags/example_python_operator.py took 0.047 seconds
[2022-07-22 22:08:13,034] {processor.py:163} INFO - Started process (PID=1339) to work on /home/airflow/.local/lib/python3.7/site-packages/airflow/example_dags/example_python_operator.py
[2022-07-22 22:08:13,034] {processor.py:642} INFO - Processing file /home/airflow/.local/lib/python3.7/site-packages/airflow/example_dags/example_python_operator.py for tasks to queue
[2022-07-22 22:08:13,035] {logging_mixin.py:109} INFO - [2022-07-22 22:08:13,035] {dagbag.py:500} INFO - Filling up the DagBag from /home/airflow/.local/lib/python3.7/site-packages/airflow/example_dags/example_python_operator.py
[2022-07-22 22:08:13,059] {processor.py:654} INFO - DAG(s) dict_keys(['example_python_operator']) retrieved from /home/airflow/.local/lib/python3.7/site-packages/airflow/example_dags/example_python_operator.py
[2022-07-22 22:08:13,068] {logging_mixin.py:109} INFO - [2022-07-22 22:08:13,068] {dag.py:2396} INFO - Sync 1 DAGs
[2022-07-22 22:08:13,082] {logging_mixin.py:109} INFO - [2022-07-22 22:08:13,082] {dag.py:2935} INFO - Setting next_dagrun for example_python_operator to None
[2022-07-22 22:08:13,090] {processor.py:171} INFO - Processing /home/airflow/.local/lib/python3.7/site-packages/airflow/example_dags/example_python_operator.py took 0.058 seconds
[2022-07-22 22:08:44,310] {processor.py:163} INFO - Started process (PID=1398) to work on /home/airflow/.local/lib/python3.7/site-packages/airflow/example_dags/example_python_operator.py
[2022-07-22 22:08:44,311] {processor.py:642} INFO - Processing file /home/airflow/.local/lib/python3.7/site-packages/airflow/example_dags/example_python_operator.py for tasks to queue
[2022-07-22 22:08:44,312] {logging_mixin.py:109} INFO - [2022-07-22 22:08:44,312] {dagbag.py:500} INFO - Filling up the DagBag from /home/airflow/.local/lib/python3.7/site-packages/airflow/example_dags/example_python_operator.py
[2022-07-22 22:08:44,347] {processor.py:654} INFO - DAG(s) dict_keys(['example_python_operator']) retrieved from /home/airflow/.local/lib/python3.7/site-packages/airflow/example_dags/example_python_operator.py
[2022-07-22 22:08:44,357] {logging_mixin.py:109} INFO - [2022-07-22 22:08:44,357] {dag.py:2396} INFO - Sync 1 DAGs
[2022-07-22 22:08:44,375] {logging_mixin.py:109} INFO - [2022-07-22 22:08:44,375] {dag.py:2935} INFO - Setting next_dagrun for example_python_operator to None
[2022-07-22 22:08:44,385] {processor.py:171} INFO - Processing /home/airflow/.local/lib/python3.7/site-packages/airflow/example_dags/example_python_operator.py took 0.078 seconds
[2022-07-22 22:09:14,906] {processor.py:163} INFO - Started process (PID=1448) to work on /home/airflow/.local/lib/python3.7/site-packages/airflow/example_dags/example_python_operator.py
[2022-07-22 22:09:14,907] {processor.py:642} INFO - Processing file /home/airflow/.local/lib/python3.7/site-packages/airflow/example_dags/example_python_operator.py for tasks to queue
[2022-07-22 22:09:14,908] {logging_mixin.py:109} INFO - [2022-07-22 22:09:14,908] {dagbag.py:500} INFO - Filling up the DagBag from /home/airflow/.local/lib/python3.7/site-packages/airflow/example_dags/example_python_operator.py
[2022-07-22 22:09:14,938] {processor.py:654} INFO - DAG(s) dict_keys(['example_python_operator']) retrieved from /home/airflow/.local/lib/python3.7/site-packages/airflow/example_dags/example_python_operator.py
[2022-07-22 22:09:14,948] {logging_mixin.py:109} INFO - [2022-07-22 22:09:14,948] {dag.py:2396} INFO - Sync 1 DAGs
[2022-07-22 22:09:14,964] {logging_mixin.py:109} INFO - [2022-07-22 22:09:14,963] {dag.py:2935} INFO - Setting next_dagrun for example_python_operator to None
[2022-07-22 22:09:14,972] {processor.py:171} INFO - Processing /home/airflow/.local/lib/python3.7/site-packages/airflow/example_dags/example_python_operator.py took 0.069 seconds
[2022-07-22 22:09:45,922] {processor.py:163} INFO - Started process (PID=1507) to work on /home/airflow/.local/lib/python3.7/site-packages/airflow/example_dags/example_python_operator.py
[2022-07-22 22:09:45,923] {processor.py:642} INFO - Processing file /home/airflow/.local/lib/python3.7/site-packages/airflow/example_dags/example_python_operator.py for tasks to queue
[2022-07-22 22:09:45,923] {logging_mixin.py:109} INFO - [2022-07-22 22:09:45,923] {dagbag.py:500} INFO - Filling up the DagBag from /home/airflow/.local/lib/python3.7/site-packages/airflow/example_dags/example_python_operator.py
[2022-07-22 22:09:45,973] {processor.py:654} INFO - DAG(s) dict_keys(['example_python_operator']) retrieved from /home/airflow/.local/lib/python3.7/site-packages/airflow/example_dags/example_python_operator.py
[2022-07-22 22:09:45,984] {logging_mixin.py:109} INFO - [2022-07-22 22:09:45,984] {dag.py:2396} INFO - Sync 1 DAGs
[2022-07-22 22:09:46,001] {logging_mixin.py:109} INFO - [2022-07-22 22:09:46,001] {dag.py:2935} INFO - Setting next_dagrun for example_python_operator to None
[2022-07-22 22:09:46,011] {processor.py:171} INFO - Processing /home/airflow/.local/lib/python3.7/site-packages/airflow/example_dags/example_python_operator.py took 0.091 seconds
[2022-07-22 22:10:16,865] {processor.py:163} INFO - Started process (PID=1557) to work on /home/airflow/.local/lib/python3.7/site-packages/airflow/example_dags/example_python_operator.py
[2022-07-22 22:10:16,866] {processor.py:642} INFO - Processing file /home/airflow/.local/lib/python3.7/site-packages/airflow/example_dags/example_python_operator.py for tasks to queue
[2022-07-22 22:10:16,867] {logging_mixin.py:109} INFO - [2022-07-22 22:10:16,866] {dagbag.py:500} INFO - Filling up the DagBag from /home/airflow/.local/lib/python3.7/site-packages/airflow/example_dags/example_python_operator.py
[2022-07-22 22:10:16,887] {processor.py:654} INFO - DAG(s) dict_keys(['example_python_operator']) retrieved from /home/airflow/.local/lib/python3.7/site-packages/airflow/example_dags/example_python_operator.py
[2022-07-22 22:10:16,895] {logging_mixin.py:109} INFO - [2022-07-22 22:10:16,895] {dag.py:2396} INFO - Sync 1 DAGs
[2022-07-22 22:10:16,905] {logging_mixin.py:109} INFO - [2022-07-22 22:10:16,905] {dag.py:2935} INFO - Setting next_dagrun for example_python_operator to None
[2022-07-22 22:10:16,911] {processor.py:171} INFO - Processing /home/airflow/.local/lib/python3.7/site-packages/airflow/example_dags/example_python_operator.py took 0.047 seconds
[2022-07-22 22:10:47,630] {processor.py:163} INFO - Started process (PID=1616) to work on /home/airflow/.local/lib/python3.7/site-packages/airflow/example_dags/example_python_operator.py
[2022-07-22 22:10:47,631] {processor.py:642} INFO - Processing file /home/airflow/.local/lib/python3.7/site-packages/airflow/example_dags/example_python_operator.py for tasks to queue
[2022-07-22 22:10:47,631] {logging_mixin.py:109} INFO - [2022-07-22 22:10:47,631] {dagbag.py:500} INFO - Filling up the DagBag from /home/airflow/.local/lib/python3.7/site-packages/airflow/example_dags/example_python_operator.py
[2022-07-22 22:10:47,655] {processor.py:654} INFO - DAG(s) dict_keys(['example_python_operator']) retrieved from /home/airflow/.local/lib/python3.7/site-packages/airflow/example_dags/example_python_operator.py
[2022-07-22 22:10:47,666] {logging_mixin.py:109} INFO - [2022-07-22 22:10:47,666] {dag.py:2396} INFO - Sync 1 DAGs
[2022-07-22 22:10:47,680] {logging_mixin.py:109} INFO - [2022-07-22 22:10:47,680] {dag.py:2935} INFO - Setting next_dagrun for example_python_operator to None
[2022-07-22 22:10:47,687] {processor.py:171} INFO - Processing /home/airflow/.local/lib/python3.7/site-packages/airflow/example_dags/example_python_operator.py took 0.059 seconds
[2022-07-22 22:11:18,441] {processor.py:163} INFO - Started process (PID=1675) to work on /home/airflow/.local/lib/python3.7/site-packages/airflow/example_dags/example_python_operator.py
[2022-07-22 22:11:18,442] {processor.py:642} INFO - Processing file /home/airflow/.local/lib/python3.7/site-packages/airflow/example_dags/example_python_operator.py for tasks to queue
[2022-07-22 22:11:18,442] {logging_mixin.py:109} INFO - [2022-07-22 22:11:18,442] {dagbag.py:500} INFO - Filling up the DagBag from /home/airflow/.local/lib/python3.7/site-packages/airflow/example_dags/example_python_operator.py
[2022-07-22 22:11:18,465] {processor.py:654} INFO - DAG(s) dict_keys(['example_python_operator']) retrieved from /home/airflow/.local/lib/python3.7/site-packages/airflow/example_dags/example_python_operator.py
[2022-07-22 22:11:18,472] {logging_mixin.py:109} INFO - [2022-07-22 22:11:18,472] {dag.py:2396} INFO - Sync 1 DAGs
[2022-07-22 22:11:18,485] {logging_mixin.py:109} INFO - [2022-07-22 22:11:18,485] {dag.py:2935} INFO - Setting next_dagrun for example_python_operator to None
[2022-07-22 22:11:18,493] {processor.py:171} INFO - Processing /home/airflow/.local/lib/python3.7/site-packages/airflow/example_dags/example_python_operator.py took 0.054 seconds
[2022-07-22 22:11:49,178] {processor.py:163} INFO - Started process (PID=1725) to work on /home/airflow/.local/lib/python3.7/site-packages/airflow/example_dags/example_python_operator.py
[2022-07-22 22:11:49,179] {processor.py:642} INFO - Processing file /home/airflow/.local/lib/python3.7/site-packages/airflow/example_dags/example_python_operator.py for tasks to queue
[2022-07-22 22:11:49,179] {logging_mixin.py:109} INFO - [2022-07-22 22:11:49,179] {dagbag.py:500} INFO - Filling up the DagBag from /home/airflow/.local/lib/python3.7/site-packages/airflow/example_dags/example_python_operator.py
[2022-07-22 22:11:49,200] {processor.py:654} INFO - DAG(s) dict_keys(['example_python_operator']) retrieved from /home/airflow/.local/lib/python3.7/site-packages/airflow/example_dags/example_python_operator.py
[2022-07-22 22:11:49,208] {logging_mixin.py:109} INFO - [2022-07-22 22:11:49,208] {dag.py:2396} INFO - Sync 1 DAGs
[2022-07-22 22:11:49,218] {logging_mixin.py:109} INFO - [2022-07-22 22:11:49,218] {dag.py:2935} INFO - Setting next_dagrun for example_python_operator to None
[2022-07-22 22:11:49,224] {processor.py:171} INFO - Processing /home/airflow/.local/lib/python3.7/site-packages/airflow/example_dags/example_python_operator.py took 0.047 seconds
[2022-07-22 22:12:20,141] {processor.py:163} INFO - Started process (PID=1784) to work on /home/airflow/.local/lib/python3.7/site-packages/airflow/example_dags/example_python_operator.py
[2022-07-22 22:12:20,142] {processor.py:642} INFO - Processing file /home/airflow/.local/lib/python3.7/site-packages/airflow/example_dags/example_python_operator.py for tasks to queue
[2022-07-22 22:12:20,142] {logging_mixin.py:109} INFO - [2022-07-22 22:12:20,142] {dagbag.py:500} INFO - Filling up the DagBag from /home/airflow/.local/lib/python3.7/site-packages/airflow/example_dags/example_python_operator.py
[2022-07-22 22:12:20,165] {processor.py:654} INFO - DAG(s) dict_keys(['example_python_operator']) retrieved from /home/airflow/.local/lib/python3.7/site-packages/airflow/example_dags/example_python_operator.py
[2022-07-22 22:12:20,173] {logging_mixin.py:109} INFO - [2022-07-22 22:12:20,173] {dag.py:2396} INFO - Sync 1 DAGs
[2022-07-22 22:12:20,184] {logging_mixin.py:109} INFO - [2022-07-22 22:12:20,184] {dag.py:2935} INFO - Setting next_dagrun for example_python_operator to None
[2022-07-22 22:12:20,190] {processor.py:171} INFO - Processing /home/airflow/.local/lib/python3.7/site-packages/airflow/example_dags/example_python_operator.py took 0.051 seconds
[2022-07-22 22:12:50,988] {processor.py:163} INFO - Started process (PID=1834) to work on /home/airflow/.local/lib/python3.7/site-packages/airflow/example_dags/example_python_operator.py
[2022-07-22 22:12:50,988] {processor.py:642} INFO - Processing file /home/airflow/.local/lib/python3.7/site-packages/airflow/example_dags/example_python_operator.py for tasks to queue
[2022-07-22 22:12:50,989] {logging_mixin.py:109} INFO - [2022-07-22 22:12:50,989] {dagbag.py:500} INFO - Filling up the DagBag from /home/airflow/.local/lib/python3.7/site-packages/airflow/example_dags/example_python_operator.py
[2022-07-22 22:12:51,016] {processor.py:654} INFO - DAG(s) dict_keys(['example_python_operator']) retrieved from /home/airflow/.local/lib/python3.7/site-packages/airflow/example_dags/example_python_operator.py
[2022-07-22 22:12:51,024] {logging_mixin.py:109} INFO - [2022-07-22 22:12:51,024] {dag.py:2396} INFO - Sync 1 DAGs
[2022-07-22 22:12:51,040] {logging_mixin.py:109} INFO - [2022-07-22 22:12:51,040] {dag.py:2935} INFO - Setting next_dagrun for example_python_operator to None
[2022-07-22 22:12:51,049] {processor.py:171} INFO - Processing /home/airflow/.local/lib/python3.7/site-packages/airflow/example_dags/example_python_operator.py took 0.063 seconds
[2022-07-22 22:13:21,819] {processor.py:163} INFO - Started process (PID=1893) to work on /home/airflow/.local/lib/python3.7/site-packages/airflow/example_dags/example_python_operator.py
[2022-07-22 22:13:21,820] {processor.py:642} INFO - Processing file /home/airflow/.local/lib/python3.7/site-packages/airflow/example_dags/example_python_operator.py for tasks to queue
[2022-07-22 22:13:21,820] {logging_mixin.py:109} INFO - [2022-07-22 22:13:21,820] {dagbag.py:500} INFO - Filling up the DagBag from /home/airflow/.local/lib/python3.7/site-packages/airflow/example_dags/example_python_operator.py
[2022-07-22 22:13:21,841] {processor.py:654} INFO - DAG(s) dict_keys(['example_python_operator']) retrieved from /home/airflow/.local/lib/python3.7/site-packages/airflow/example_dags/example_python_operator.py
[2022-07-22 22:13:21,848] {logging_mixin.py:109} INFO - [2022-07-22 22:13:21,848] {dag.py:2396} INFO - Sync 1 DAGs
[2022-07-22 22:13:21,859] {logging_mixin.py:109} INFO - [2022-07-22 22:13:21,859] {dag.py:2935} INFO - Setting next_dagrun for example_python_operator to None
[2022-07-22 22:13:21,865] {processor.py:171} INFO - Processing /home/airflow/.local/lib/python3.7/site-packages/airflow/example_dags/example_python_operator.py took 0.048 seconds
[2022-07-22 22:13:52,335] {processor.py:163} INFO - Started process (PID=1943) to work on /home/airflow/.local/lib/python3.7/site-packages/airflow/example_dags/example_python_operator.py
[2022-07-22 22:13:52,336] {processor.py:642} INFO - Processing file /home/airflow/.local/lib/python3.7/site-packages/airflow/example_dags/example_python_operator.py for tasks to queue
[2022-07-22 22:13:52,336] {logging_mixin.py:109} INFO - [2022-07-22 22:13:52,336] {dagbag.py:500} INFO - Filling up the DagBag from /home/airflow/.local/lib/python3.7/site-packages/airflow/example_dags/example_python_operator.py
[2022-07-22 22:13:52,358] {processor.py:654} INFO - DAG(s) dict_keys(['example_python_operator']) retrieved from /home/airflow/.local/lib/python3.7/site-packages/airflow/example_dags/example_python_operator.py
[2022-07-22 22:13:52,364] {logging_mixin.py:109} INFO - [2022-07-22 22:13:52,364] {dag.py:2396} INFO - Sync 1 DAGs
[2022-07-22 22:13:52,375] {logging_mixin.py:109} INFO - [2022-07-22 22:13:52,375] {dag.py:2935} INFO - Setting next_dagrun for example_python_operator to None
[2022-07-22 22:13:52,381] {processor.py:171} INFO - Processing /home/airflow/.local/lib/python3.7/site-packages/airflow/example_dags/example_python_operator.py took 0.048 seconds
[2022-07-22 22:14:23,129] {processor.py:163} INFO - Started process (PID=2002) to work on /home/airflow/.local/lib/python3.7/site-packages/airflow/example_dags/example_python_operator.py
[2022-07-22 22:14:23,130] {processor.py:642} INFO - Processing file /home/airflow/.local/lib/python3.7/site-packages/airflow/example_dags/example_python_operator.py for tasks to queue
[2022-07-22 22:14:23,131] {logging_mixin.py:109} INFO - [2022-07-22 22:14:23,131] {dagbag.py:500} INFO - Filling up the DagBag from /home/airflow/.local/lib/python3.7/site-packages/airflow/example_dags/example_python_operator.py
[2022-07-22 22:14:23,152] {processor.py:654} INFO - DAG(s) dict_keys(['example_python_operator']) retrieved from /home/airflow/.local/lib/python3.7/site-packages/airflow/example_dags/example_python_operator.py
[2022-07-22 22:14:23,162] {logging_mixin.py:109} INFO - [2022-07-22 22:14:23,162] {dag.py:2396} INFO - Sync 1 DAGs
[2022-07-22 22:14:23,176] {logging_mixin.py:109} INFO - [2022-07-22 22:14:23,176] {dag.py:2935} INFO - Setting next_dagrun for example_python_operator to None
[2022-07-22 22:14:23,183] {processor.py:171} INFO - Processing /home/airflow/.local/lib/python3.7/site-packages/airflow/example_dags/example_python_operator.py took 0.056 seconds
[2022-07-22 22:14:53,660] {processor.py:163} INFO - Started process (PID=2062) to work on /home/airflow/.local/lib/python3.7/site-packages/airflow/example_dags/example_python_operator.py
[2022-07-22 22:14:53,661] {processor.py:642} INFO - Processing file /home/airflow/.local/lib/python3.7/site-packages/airflow/example_dags/example_python_operator.py for tasks to queue
[2022-07-22 22:14:53,661] {logging_mixin.py:109} INFO - [2022-07-22 22:14:53,661] {dagbag.py:500} INFO - Filling up the DagBag from /home/airflow/.local/lib/python3.7/site-packages/airflow/example_dags/example_python_operator.py
[2022-07-22 22:14:53,682] {processor.py:654} INFO - DAG(s) dict_keys(['example_python_operator']) retrieved from /home/airflow/.local/lib/python3.7/site-packages/airflow/example_dags/example_python_operator.py
[2022-07-22 22:14:53,689] {logging_mixin.py:109} INFO - [2022-07-22 22:14:53,689] {dag.py:2396} INFO - Sync 1 DAGs
[2022-07-22 22:14:53,699] {logging_mixin.py:109} INFO - [2022-07-22 22:14:53,699] {dag.py:2935} INFO - Setting next_dagrun for example_python_operator to None
[2022-07-22 22:14:53,705] {processor.py:171} INFO - Processing /home/airflow/.local/lib/python3.7/site-packages/airflow/example_dags/example_python_operator.py took 0.046 seconds
[2022-07-22 22:15:24,256] {processor.py:163} INFO - Started process (PID=2112) to work on /home/airflow/.local/lib/python3.7/site-packages/airflow/example_dags/example_python_operator.py
[2022-07-22 22:15:24,256] {processor.py:642} INFO - Processing file /home/airflow/.local/lib/python3.7/site-packages/airflow/example_dags/example_python_operator.py for tasks to queue
[2022-07-22 22:15:24,257] {logging_mixin.py:109} INFO - [2022-07-22 22:15:24,257] {dagbag.py:500} INFO - Filling up the DagBag from /home/airflow/.local/lib/python3.7/site-packages/airflow/example_dags/example_python_operator.py
[2022-07-22 22:15:24,278] {processor.py:654} INFO - DAG(s) dict_keys(['example_python_operator']) retrieved from /home/airflow/.local/lib/python3.7/site-packages/airflow/example_dags/example_python_operator.py
[2022-07-22 22:15:24,285] {logging_mixin.py:109} INFO - [2022-07-22 22:15:24,285] {dag.py:2396} INFO - Sync 1 DAGs
[2022-07-22 22:15:24,295] {logging_mixin.py:109} INFO - [2022-07-22 22:15:24,295] {dag.py:2935} INFO - Setting next_dagrun for example_python_operator to None
[2022-07-22 22:15:24,301] {processor.py:171} INFO - Processing /home/airflow/.local/lib/python3.7/site-packages/airflow/example_dags/example_python_operator.py took 0.047 seconds
[2022-07-22 22:15:54,955] {processor.py:163} INFO - Started process (PID=2171) to work on /home/airflow/.local/lib/python3.7/site-packages/airflow/example_dags/example_python_operator.py
[2022-07-22 22:15:54,956] {processor.py:642} INFO - Processing file /home/airflow/.local/lib/python3.7/site-packages/airflow/example_dags/example_python_operator.py for tasks to queue
[2022-07-22 22:15:54,956] {logging_mixin.py:109} INFO - [2022-07-22 22:15:54,956] {dagbag.py:500} INFO - Filling up the DagBag from /home/airflow/.local/lib/python3.7/site-packages/airflow/example_dags/example_python_operator.py
[2022-07-22 22:15:54,977] {processor.py:654} INFO - DAG(s) dict_keys(['example_python_operator']) retrieved from /home/airflow/.local/lib/python3.7/site-packages/airflow/example_dags/example_python_operator.py
[2022-07-22 22:15:54,984] {logging_mixin.py:109} INFO - [2022-07-22 22:15:54,984] {dag.py:2396} INFO - Sync 1 DAGs
[2022-07-22 22:15:54,995] {logging_mixin.py:109} INFO - [2022-07-22 22:15:54,995] {dag.py:2935} INFO - Setting next_dagrun for example_python_operator to None
[2022-07-22 22:15:55,001] {processor.py:171} INFO - Processing /home/airflow/.local/lib/python3.7/site-packages/airflow/example_dags/example_python_operator.py took 0.047 seconds
[2022-07-22 22:16:25,582] {processor.py:163} INFO - Started process (PID=2221) to work on /home/airflow/.local/lib/python3.7/site-packages/airflow/example_dags/example_python_operator.py
[2022-07-22 22:16:25,583] {processor.py:642} INFO - Processing file /home/airflow/.local/lib/python3.7/site-packages/airflow/example_dags/example_python_operator.py for tasks to queue
[2022-07-22 22:16:25,584] {logging_mixin.py:109} INFO - [2022-07-22 22:16:25,584] {dagbag.py:500} INFO - Filling up the DagBag from /home/airflow/.local/lib/python3.7/site-packages/airflow/example_dags/example_python_operator.py
[2022-07-22 22:16:25,604] {processor.py:654} INFO - DAG(s) dict_keys(['example_python_operator']) retrieved from /home/airflow/.local/lib/python3.7/site-packages/airflow/example_dags/example_python_operator.py
[2022-07-22 22:16:25,611] {logging_mixin.py:109} INFO - [2022-07-22 22:16:25,611] {dag.py:2396} INFO - Sync 1 DAGs
[2022-07-22 22:16:25,622] {logging_mixin.py:109} INFO - [2022-07-22 22:16:25,622] {dag.py:2935} INFO - Setting next_dagrun for example_python_operator to None
[2022-07-22 22:16:25,628] {processor.py:171} INFO - Processing /home/airflow/.local/lib/python3.7/site-packages/airflow/example_dags/example_python_operator.py took 0.048 seconds
[2022-07-22 22:16:55,954] {processor.py:163} INFO - Started process (PID=2280) to work on /home/airflow/.local/lib/python3.7/site-packages/airflow/example_dags/example_python_operator.py
[2022-07-22 22:16:55,954] {processor.py:642} INFO - Processing file /home/airflow/.local/lib/python3.7/site-packages/airflow/example_dags/example_python_operator.py for tasks to queue
[2022-07-22 22:16:55,955] {logging_mixin.py:109} INFO - [2022-07-22 22:16:55,955] {dagbag.py:500} INFO - Filling up the DagBag from /home/airflow/.local/lib/python3.7/site-packages/airflow/example_dags/example_python_operator.py
[2022-07-22 22:16:55,977] {processor.py:654} INFO - DAG(s) dict_keys(['example_python_operator']) retrieved from /home/airflow/.local/lib/python3.7/site-packages/airflow/example_dags/example_python_operator.py
[2022-07-22 22:16:55,984] {logging_mixin.py:109} INFO - [2022-07-22 22:16:55,984] {dag.py:2396} INFO - Sync 1 DAGs
[2022-07-22 22:16:55,996] {logging_mixin.py:109} INFO - [2022-07-22 22:16:55,996] {dag.py:2935} INFO - Setting next_dagrun for example_python_operator to None
[2022-07-22 22:16:56,002] {processor.py:171} INFO - Processing /home/airflow/.local/lib/python3.7/site-packages/airflow/example_dags/example_python_operator.py took 0.050 seconds
[2022-07-22 22:17:26,627] {processor.py:163} INFO - Started process (PID=2339) to work on /home/airflow/.local/lib/python3.7/site-packages/airflow/example_dags/example_python_operator.py
[2022-07-22 22:17:26,628] {processor.py:642} INFO - Processing file /home/airflow/.local/lib/python3.7/site-packages/airflow/example_dags/example_python_operator.py for tasks to queue
[2022-07-22 22:17:26,628] {logging_mixin.py:109} INFO - [2022-07-22 22:17:26,628] {dagbag.py:500} INFO - Filling up the DagBag from /home/airflow/.local/lib/python3.7/site-packages/airflow/example_dags/example_python_operator.py
[2022-07-22 22:17:26,655] {processor.py:654} INFO - DAG(s) dict_keys(['example_python_operator']) retrieved from /home/airflow/.local/lib/python3.7/site-packages/airflow/example_dags/example_python_operator.py
[2022-07-22 22:17:26,664] {logging_mixin.py:109} INFO - [2022-07-22 22:17:26,664] {dag.py:2396} INFO - Sync 1 DAGs
[2022-07-22 22:17:26,677] {logging_mixin.py:109} INFO - [2022-07-22 22:17:26,676] {dag.py:2935} INFO - Setting next_dagrun for example_python_operator to None
[2022-07-22 22:17:26,685] {processor.py:171} INFO - Processing /home/airflow/.local/lib/python3.7/site-packages/airflow/example_dags/example_python_operator.py took 0.061 seconds
[2022-07-22 22:17:57,471] {processor.py:163} INFO - Started process (PID=2389) to work on /home/airflow/.local/lib/python3.7/site-packages/airflow/example_dags/example_python_operator.py
[2022-07-22 22:17:57,472] {processor.py:642} INFO - Processing file /home/airflow/.local/lib/python3.7/site-packages/airflow/example_dags/example_python_operator.py for tasks to queue
[2022-07-22 22:17:57,472] {logging_mixin.py:109} INFO - [2022-07-22 22:17:57,472] {dagbag.py:500} INFO - Filling up the DagBag from /home/airflow/.local/lib/python3.7/site-packages/airflow/example_dags/example_python_operator.py
[2022-07-22 22:17:57,493] {processor.py:654} INFO - DAG(s) dict_keys(['example_python_operator']) retrieved from /home/airflow/.local/lib/python3.7/site-packages/airflow/example_dags/example_python_operator.py
[2022-07-22 22:17:57,500] {logging_mixin.py:109} INFO - [2022-07-22 22:17:57,500] {dag.py:2396} INFO - Sync 1 DAGs
[2022-07-22 22:17:57,511] {logging_mixin.py:109} INFO - [2022-07-22 22:17:57,511] {dag.py:2935} INFO - Setting next_dagrun for example_python_operator to None
[2022-07-22 22:17:57,516] {processor.py:171} INFO - Processing /home/airflow/.local/lib/python3.7/site-packages/airflow/example_dags/example_python_operator.py took 0.047 seconds
[2022-07-22 22:18:28,098] {processor.py:163} INFO - Started process (PID=2448) to work on /home/airflow/.local/lib/python3.7/site-packages/airflow/example_dags/example_python_operator.py
[2022-07-22 22:18:28,099] {processor.py:642} INFO - Processing file /home/airflow/.local/lib/python3.7/site-packages/airflow/example_dags/example_python_operator.py for tasks to queue
[2022-07-22 22:18:28,099] {logging_mixin.py:109} INFO - [2022-07-22 22:18:28,099] {dagbag.py:500} INFO - Filling up the DagBag from /home/airflow/.local/lib/python3.7/site-packages/airflow/example_dags/example_python_operator.py
[2022-07-22 22:18:28,121] {processor.py:654} INFO - DAG(s) dict_keys(['example_python_operator']) retrieved from /home/airflow/.local/lib/python3.7/site-packages/airflow/example_dags/example_python_operator.py
[2022-07-22 22:18:28,128] {logging_mixin.py:109} INFO - [2022-07-22 22:18:28,128] {dag.py:2396} INFO - Sync 1 DAGs
[2022-07-22 22:18:28,139] {logging_mixin.py:109} INFO - [2022-07-22 22:18:28,139] {dag.py:2935} INFO - Setting next_dagrun for example_python_operator to None
[2022-07-22 22:18:28,145] {processor.py:171} INFO - Processing /home/airflow/.local/lib/python3.7/site-packages/airflow/example_dags/example_python_operator.py took 0.049 seconds
[2022-07-22 22:18:59,051] {processor.py:163} INFO - Started process (PID=2498) to work on /home/airflow/.local/lib/python3.7/site-packages/airflow/example_dags/example_python_operator.py
[2022-07-22 22:18:59,052] {processor.py:642} INFO - Processing file /home/airflow/.local/lib/python3.7/site-packages/airflow/example_dags/example_python_operator.py for tasks to queue
[2022-07-22 22:18:59,053] {logging_mixin.py:109} INFO - [2022-07-22 22:18:59,053] {dagbag.py:500} INFO - Filling up the DagBag from /home/airflow/.local/lib/python3.7/site-packages/airflow/example_dags/example_python_operator.py
[2022-07-22 22:18:59,075] {processor.py:654} INFO - DAG(s) dict_keys(['example_python_operator']) retrieved from /home/airflow/.local/lib/python3.7/site-packages/airflow/example_dags/example_python_operator.py
[2022-07-22 22:18:59,083] {logging_mixin.py:109} INFO - [2022-07-22 22:18:59,083] {dag.py:2396} INFO - Sync 1 DAGs
[2022-07-22 22:18:59,095] {logging_mixin.py:109} INFO - [2022-07-22 22:18:59,095] {dag.py:2935} INFO - Setting next_dagrun for example_python_operator to None
[2022-07-22 22:18:59,101] {processor.py:171} INFO - Processing /home/airflow/.local/lib/python3.7/site-packages/airflow/example_dags/example_python_operator.py took 0.052 seconds
[2022-07-22 22:19:29,818] {processor.py:163} INFO - Started process (PID=2557) to work on /home/airflow/.local/lib/python3.7/site-packages/airflow/example_dags/example_python_operator.py
[2022-07-22 22:19:29,819] {processor.py:642} INFO - Processing file /home/airflow/.local/lib/python3.7/site-packages/airflow/example_dags/example_python_operator.py for tasks to queue
[2022-07-22 22:19:29,819] {logging_mixin.py:109} INFO - [2022-07-22 22:19:29,819] {dagbag.py:500} INFO - Filling up the DagBag from /home/airflow/.local/lib/python3.7/site-packages/airflow/example_dags/example_python_operator.py
[2022-07-22 22:19:29,840] {processor.py:654} INFO - DAG(s) dict_keys(['example_python_operator']) retrieved from /home/airflow/.local/lib/python3.7/site-packages/airflow/example_dags/example_python_operator.py
[2022-07-22 22:19:29,847] {logging_mixin.py:109} INFO - [2022-07-22 22:19:29,847] {dag.py:2396} INFO - Sync 1 DAGs
[2022-07-22 22:19:29,857] {logging_mixin.py:109} INFO - [2022-07-22 22:19:29,857] {dag.py:2935} INFO - Setting next_dagrun for example_python_operator to None
[2022-07-22 22:19:29,863] {processor.py:171} INFO - Processing /home/airflow/.local/lib/python3.7/site-packages/airflow/example_dags/example_python_operator.py took 0.047 seconds
[2022-07-22 22:20:00,633] {processor.py:163} INFO - Started process (PID=2616) to work on /home/airflow/.local/lib/python3.7/site-packages/airflow/example_dags/example_python_operator.py
[2022-07-22 22:20:00,633] {processor.py:642} INFO - Processing file /home/airflow/.local/lib/python3.7/site-packages/airflow/example_dags/example_python_operator.py for tasks to queue
[2022-07-22 22:20:00,633] {logging_mixin.py:109} INFO - [2022-07-22 22:20:00,633] {dagbag.py:500} INFO - Filling up the DagBag from /home/airflow/.local/lib/python3.7/site-packages/airflow/example_dags/example_python_operator.py
[2022-07-22 22:20:00,654] {processor.py:654} INFO - DAG(s) dict_keys(['example_python_operator']) retrieved from /home/airflow/.local/lib/python3.7/site-packages/airflow/example_dags/example_python_operator.py
[2022-07-22 22:20:00,661] {logging_mixin.py:109} INFO - [2022-07-22 22:20:00,661] {dag.py:2396} INFO - Sync 1 DAGs
[2022-07-22 22:20:00,672] {logging_mixin.py:109} INFO - [2022-07-22 22:20:00,672] {dag.py:2935} INFO - Setting next_dagrun for example_python_operator to None
[2022-07-22 22:20:00,747] {processor.py:171} INFO - Processing /home/airflow/.local/lib/python3.7/site-packages/airflow/example_dags/example_python_operator.py took 0.116 seconds
[2022-07-22 22:20:30,983] {processor.py:163} INFO - Started process (PID=2666) to work on /home/airflow/.local/lib/python3.7/site-packages/airflow/example_dags/example_python_operator.py
[2022-07-22 22:20:30,984] {processor.py:642} INFO - Processing file /home/airflow/.local/lib/python3.7/site-packages/airflow/example_dags/example_python_operator.py for tasks to queue
[2022-07-22 22:20:30,985] {logging_mixin.py:109} INFO - [2022-07-22 22:20:30,985] {dagbag.py:500} INFO - Filling up the DagBag from /home/airflow/.local/lib/python3.7/site-packages/airflow/example_dags/example_python_operator.py
[2022-07-22 22:20:31,005] {processor.py:654} INFO - DAG(s) dict_keys(['example_python_operator']) retrieved from /home/airflow/.local/lib/python3.7/site-packages/airflow/example_dags/example_python_operator.py
[2022-07-22 22:20:31,013] {logging_mixin.py:109} INFO - [2022-07-22 22:20:31,013] {dag.py:2396} INFO - Sync 1 DAGs
[2022-07-22 22:20:31,094] {logging_mixin.py:109} INFO - [2022-07-22 22:20:31,094] {dag.py:2935} INFO - Setting next_dagrun for example_python_operator to None
[2022-07-22 22:20:31,100] {processor.py:171} INFO - Processing /home/airflow/.local/lib/python3.7/site-packages/airflow/example_dags/example_python_operator.py took 0.118 seconds
[2022-07-22 22:21:01,238] {processor.py:163} INFO - Started process (PID=2725) to work on /home/airflow/.local/lib/python3.7/site-packages/airflow/example_dags/example_python_operator.py
[2022-07-22 22:21:01,239] {processor.py:642} INFO - Processing file /home/airflow/.local/lib/python3.7/site-packages/airflow/example_dags/example_python_operator.py for tasks to queue
[2022-07-22 22:21:01,239] {logging_mixin.py:109} INFO - [2022-07-22 22:21:01,239] {dagbag.py:500} INFO - Filling up the DagBag from /home/airflow/.local/lib/python3.7/site-packages/airflow/example_dags/example_python_operator.py
[2022-07-22 22:21:01,262] {processor.py:654} INFO - DAG(s) dict_keys(['example_python_operator']) retrieved from /home/airflow/.local/lib/python3.7/site-packages/airflow/example_dags/example_python_operator.py
[2022-07-22 22:21:01,270] {logging_mixin.py:109} INFO - [2022-07-22 22:21:01,269] {dag.py:2396} INFO - Sync 1 DAGs
[2022-07-22 22:21:01,351] {logging_mixin.py:109} INFO - [2022-07-22 22:21:01,351] {dag.py:2935} INFO - Setting next_dagrun for example_python_operator to None
[2022-07-22 22:21:01,357] {processor.py:171} INFO - Processing /home/airflow/.local/lib/python3.7/site-packages/airflow/example_dags/example_python_operator.py took 0.121 seconds
[2022-07-22 22:21:31,715] {processor.py:163} INFO - Started process (PID=2775) to work on /home/airflow/.local/lib/python3.7/site-packages/airflow/example_dags/example_python_operator.py
[2022-07-22 22:21:31,716] {processor.py:642} INFO - Processing file /home/airflow/.local/lib/python3.7/site-packages/airflow/example_dags/example_python_operator.py for tasks to queue
[2022-07-22 22:21:31,716] {logging_mixin.py:109} INFO - [2022-07-22 22:21:31,716] {dagbag.py:500} INFO - Filling up the DagBag from /home/airflow/.local/lib/python3.7/site-packages/airflow/example_dags/example_python_operator.py
[2022-07-22 22:21:31,744] {processor.py:654} INFO - DAG(s) dict_keys(['example_python_operator']) retrieved from /home/airflow/.local/lib/python3.7/site-packages/airflow/example_dags/example_python_operator.py
[2022-07-22 22:21:31,827] {logging_mixin.py:109} INFO - [2022-07-22 22:21:31,827] {dag.py:2396} INFO - Sync 1 DAGs
[2022-07-22 22:21:31,839] {logging_mixin.py:109} INFO - [2022-07-22 22:21:31,839] {dag.py:2935} INFO - Setting next_dagrun for example_python_operator to None
[2022-07-22 22:21:31,846] {processor.py:171} INFO - Processing /home/airflow/.local/lib/python3.7/site-packages/airflow/example_dags/example_python_operator.py took 0.133 seconds
[2022-07-22 22:22:02,596] {processor.py:163} INFO - Started process (PID=2834) to work on /home/airflow/.local/lib/python3.7/site-packages/airflow/example_dags/example_python_operator.py
[2022-07-22 22:22:02,597] {processor.py:642} INFO - Processing file /home/airflow/.local/lib/python3.7/site-packages/airflow/example_dags/example_python_operator.py for tasks to queue
[2022-07-22 22:22:02,597] {logging_mixin.py:109} INFO - [2022-07-22 22:22:02,597] {dagbag.py:500} INFO - Filling up the DagBag from /home/airflow/.local/lib/python3.7/site-packages/airflow/example_dags/example_python_operator.py
[2022-07-22 22:22:02,618] {processor.py:654} INFO - DAG(s) dict_keys(['example_python_operator']) retrieved from /home/airflow/.local/lib/python3.7/site-packages/airflow/example_dags/example_python_operator.py
[2022-07-22 22:22:02,688] {logging_mixin.py:109} INFO - [2022-07-22 22:22:02,688] {dag.py:2396} INFO - Sync 1 DAGs
[2022-07-22 22:22:02,698] {logging_mixin.py:109} INFO - [2022-07-22 22:22:02,698] {dag.py:2935} INFO - Setting next_dagrun for example_python_operator to None
[2022-07-22 22:22:02,703] {processor.py:171} INFO - Processing /home/airflow/.local/lib/python3.7/site-packages/airflow/example_dags/example_python_operator.py took 0.109 seconds
[2022-07-22 22:22:33,305] {processor.py:163} INFO - Started process (PID=2893) to work on /home/airflow/.local/lib/python3.7/site-packages/airflow/example_dags/example_python_operator.py
[2022-07-22 22:22:33,306] {processor.py:642} INFO - Processing file /home/airflow/.local/lib/python3.7/site-packages/airflow/example_dags/example_python_operator.py for tasks to queue
[2022-07-22 22:22:33,306] {logging_mixin.py:109} INFO - [2022-07-22 22:22:33,306] {dagbag.py:500} INFO - Filling up the DagBag from /home/airflow/.local/lib/python3.7/site-packages/airflow/example_dags/example_python_operator.py
[2022-07-22 22:22:33,392] {processor.py:654} INFO - DAG(s) dict_keys(['example_python_operator']) retrieved from /home/airflow/.local/lib/python3.7/site-packages/airflow/example_dags/example_python_operator.py
[2022-07-22 22:22:33,399] {logging_mixin.py:109} INFO - [2022-07-22 22:22:33,399] {dag.py:2396} INFO - Sync 1 DAGs
[2022-07-22 22:22:33,409] {logging_mixin.py:109} INFO - [2022-07-22 22:22:33,409] {dag.py:2935} INFO - Setting next_dagrun for example_python_operator to None
[2022-07-22 22:22:33,414] {processor.py:171} INFO - Processing /home/airflow/.local/lib/python3.7/site-packages/airflow/example_dags/example_python_operator.py took 0.111 seconds
[2022-07-22 22:23:04,050] {processor.py:163} INFO - Started process (PID=2943) to work on /home/airflow/.local/lib/python3.7/site-packages/airflow/example_dags/example_python_operator.py
[2022-07-22 22:23:04,050] {processor.py:642} INFO - Processing file /home/airflow/.local/lib/python3.7/site-packages/airflow/example_dags/example_python_operator.py for tasks to queue
[2022-07-22 22:23:04,051] {logging_mixin.py:109} INFO - [2022-07-22 22:23:04,051] {dagbag.py:500} INFO - Filling up the DagBag from /home/airflow/.local/lib/python3.7/site-packages/airflow/example_dags/example_python_operator.py
[2022-07-22 22:23:04,141] {processor.py:654} INFO - DAG(s) dict_keys(['example_python_operator']) retrieved from /home/airflow/.local/lib/python3.7/site-packages/airflow/example_dags/example_python_operator.py
[2022-07-22 22:23:04,148] {logging_mixin.py:109} INFO - [2022-07-22 22:23:04,148] {dag.py:2396} INFO - Sync 1 DAGs
[2022-07-22 22:23:04,158] {logging_mixin.py:109} INFO - [2022-07-22 22:23:04,158] {dag.py:2935} INFO - Setting next_dagrun for example_python_operator to None
[2022-07-22 22:23:04,163] {processor.py:171} INFO - Processing /home/airflow/.local/lib/python3.7/site-packages/airflow/example_dags/example_python_operator.py took 0.115 seconds
[2022-07-22 22:23:34,704] {processor.py:163} INFO - Started process (PID=3002) to work on /home/airflow/.local/lib/python3.7/site-packages/airflow/example_dags/example_python_operator.py
[2022-07-22 22:23:34,705] {processor.py:642} INFO - Processing file /home/airflow/.local/lib/python3.7/site-packages/airflow/example_dags/example_python_operator.py for tasks to queue
[2022-07-22 22:23:34,705] {logging_mixin.py:109} INFO - [2022-07-22 22:23:34,705] {dagbag.py:500} INFO - Filling up the DagBag from /home/airflow/.local/lib/python3.7/site-packages/airflow/example_dags/example_python_operator.py
[2022-07-22 22:23:34,797] {processor.py:654} INFO - DAG(s) dict_keys(['example_python_operator']) retrieved from /home/airflow/.local/lib/python3.7/site-packages/airflow/example_dags/example_python_operator.py
[2022-07-22 22:23:34,804] {logging_mixin.py:109} INFO - [2022-07-22 22:23:34,804] {dag.py:2396} INFO - Sync 1 DAGs
[2022-07-22 22:23:34,814] {logging_mixin.py:109} INFO - [2022-07-22 22:23:34,814] {dag.py:2935} INFO - Setting next_dagrun for example_python_operator to None
[2022-07-22 22:23:34,819] {processor.py:171} INFO - Processing /home/airflow/.local/lib/python3.7/site-packages/airflow/example_dags/example_python_operator.py took 0.117 seconds
[2022-07-22 22:24:05,480] {processor.py:163} INFO - Started process (PID=3052) to work on /home/airflow/.local/lib/python3.7/site-packages/airflow/example_dags/example_python_operator.py
[2022-07-22 22:24:05,481] {processor.py:642} INFO - Processing file /home/airflow/.local/lib/python3.7/site-packages/airflow/example_dags/example_python_operator.py for tasks to queue
[2022-07-22 22:24:05,481] {logging_mixin.py:109} INFO - [2022-07-22 22:24:05,481] {dagbag.py:500} INFO - Filling up the DagBag from /home/airflow/.local/lib/python3.7/site-packages/airflow/example_dags/example_python_operator.py
[2022-07-22 22:24:05,562] {processor.py:654} INFO - DAG(s) dict_keys(['example_python_operator']) retrieved from /home/airflow/.local/lib/python3.7/site-packages/airflow/example_dags/example_python_operator.py
[2022-07-22 22:24:05,571] {logging_mixin.py:109} INFO - [2022-07-22 22:24:05,570] {dag.py:2396} INFO - Sync 1 DAGs
[2022-07-22 22:24:05,583] {logging_mixin.py:109} INFO - [2022-07-22 22:24:05,583] {dag.py:2935} INFO - Setting next_dagrun for example_python_operator to None
[2022-07-22 22:24:05,590] {processor.py:171} INFO - Processing /home/airflow/.local/lib/python3.7/site-packages/airflow/example_dags/example_python_operator.py took 0.112 seconds
[2022-07-22 22:24:36,275] {processor.py:163} INFO - Started process (PID=3111) to work on /home/airflow/.local/lib/python3.7/site-packages/airflow/example_dags/example_python_operator.py
[2022-07-22 22:24:36,276] {processor.py:642} INFO - Processing file /home/airflow/.local/lib/python3.7/site-packages/airflow/example_dags/example_python_operator.py for tasks to queue
[2022-07-22 22:24:36,276] {logging_mixin.py:109} INFO - [2022-07-22 22:24:36,276] {dagbag.py:500} INFO - Filling up the DagBag from /home/airflow/.local/lib/python3.7/site-packages/airflow/example_dags/example_python_operator.py
[2022-07-22 22:24:36,368] {processor.py:654} INFO - DAG(s) dict_keys(['example_python_operator']) retrieved from /home/airflow/.local/lib/python3.7/site-packages/airflow/example_dags/example_python_operator.py
[2022-07-22 22:24:36,375] {logging_mixin.py:109} INFO - [2022-07-22 22:24:36,374] {dag.py:2396} INFO - Sync 1 DAGs
[2022-07-22 22:24:36,384] {logging_mixin.py:109} INFO - [2022-07-22 22:24:36,384] {dag.py:2935} INFO - Setting next_dagrun for example_python_operator to None
[2022-07-22 22:24:36,389] {processor.py:171} INFO - Processing /home/airflow/.local/lib/python3.7/site-packages/airflow/example_dags/example_python_operator.py took 0.116 seconds
[2022-07-22 22:25:06,878] {processor.py:163} INFO - Started process (PID=3169) to work on /home/airflow/.local/lib/python3.7/site-packages/airflow/example_dags/example_python_operator.py
[2022-07-22 22:25:06,879] {processor.py:642} INFO - Processing file /home/airflow/.local/lib/python3.7/site-packages/airflow/example_dags/example_python_operator.py for tasks to queue
[2022-07-22 22:25:06,880] {logging_mixin.py:109} INFO - [2022-07-22 22:25:06,879] {dagbag.py:500} INFO - Filling up the DagBag from /home/airflow/.local/lib/python3.7/site-packages/airflow/example_dags/example_python_operator.py
[2022-07-22 22:25:06,976] {processor.py:654} INFO - DAG(s) dict_keys(['example_python_operator']) retrieved from /home/airflow/.local/lib/python3.7/site-packages/airflow/example_dags/example_python_operator.py
[2022-07-22 22:25:06,983] {logging_mixin.py:109} INFO - [2022-07-22 22:25:06,983] {dag.py:2396} INFO - Sync 1 DAGs
[2022-07-22 22:25:06,993] {logging_mixin.py:109} INFO - [2022-07-22 22:25:06,993] {dag.py:2935} INFO - Setting next_dagrun for example_python_operator to None
[2022-07-22 22:25:06,999] {processor.py:171} INFO - Processing /home/airflow/.local/lib/python3.7/site-packages/airflow/example_dags/example_python_operator.py took 0.123 seconds
[2022-07-22 22:25:37,065] {processor.py:163} INFO - Started process (PID=3219) to work on /home/airflow/.local/lib/python3.7/site-packages/airflow/example_dags/example_python_operator.py
[2022-07-22 22:25:37,065] {processor.py:642} INFO - Processing file /home/airflow/.local/lib/python3.7/site-packages/airflow/example_dags/example_python_operator.py for tasks to queue
[2022-07-22 22:25:37,066] {logging_mixin.py:109} INFO - [2022-07-22 22:25:37,066] {dagbag.py:500} INFO - Filling up the DagBag from /home/airflow/.local/lib/python3.7/site-packages/airflow/example_dags/example_python_operator.py
[2022-07-22 22:25:37,086] {processor.py:654} INFO - DAG(s) dict_keys(['example_python_operator']) retrieved from /home/airflow/.local/lib/python3.7/site-packages/airflow/example_dags/example_python_operator.py
[2022-07-22 22:25:37,093] {logging_mixin.py:109} INFO - [2022-07-22 22:25:37,093] {dag.py:2396} INFO - Sync 1 DAGs
[2022-07-22 22:25:37,103] {logging_mixin.py:109} INFO - [2022-07-22 22:25:37,103] {dag.py:2935} INFO - Setting next_dagrun for example_python_operator to None
[2022-07-22 22:25:37,109] {processor.py:171} INFO - Processing /home/airflow/.local/lib/python3.7/site-packages/airflow/example_dags/example_python_operator.py took 0.046 seconds
[2022-07-22 22:26:07,656] {processor.py:163} INFO - Started process (PID=3278) to work on /home/airflow/.local/lib/python3.7/site-packages/airflow/example_dags/example_python_operator.py
[2022-07-22 22:26:07,657] {processor.py:642} INFO - Processing file /home/airflow/.local/lib/python3.7/site-packages/airflow/example_dags/example_python_operator.py for tasks to queue
[2022-07-22 22:26:07,657] {logging_mixin.py:109} INFO - [2022-07-22 22:26:07,657] {dagbag.py:500} INFO - Filling up the DagBag from /home/airflow/.local/lib/python3.7/site-packages/airflow/example_dags/example_python_operator.py
[2022-07-22 22:26:07,679] {processor.py:654} INFO - DAG(s) dict_keys(['example_python_operator']) retrieved from /home/airflow/.local/lib/python3.7/site-packages/airflow/example_dags/example_python_operator.py
[2022-07-22 22:26:07,686] {logging_mixin.py:109} INFO - [2022-07-22 22:26:07,686] {dag.py:2396} INFO - Sync 1 DAGs
[2022-07-22 22:26:07,697] {logging_mixin.py:109} INFO - [2022-07-22 22:26:07,696] {dag.py:2935} INFO - Setting next_dagrun for example_python_operator to None
[2022-07-22 22:26:07,702] {processor.py:171} INFO - Processing /home/airflow/.local/lib/python3.7/site-packages/airflow/example_dags/example_python_operator.py took 0.049 seconds
[2022-07-22 22:26:38,071] {processor.py:163} INFO - Started process (PID=3328) to work on /home/airflow/.local/lib/python3.7/site-packages/airflow/example_dags/example_python_operator.py
[2022-07-22 22:26:38,072] {processor.py:642} INFO - Processing file /home/airflow/.local/lib/python3.7/site-packages/airflow/example_dags/example_python_operator.py for tasks to queue
[2022-07-22 22:26:38,072] {logging_mixin.py:109} INFO - [2022-07-22 22:26:38,072] {dagbag.py:500} INFO - Filling up the DagBag from /home/airflow/.local/lib/python3.7/site-packages/airflow/example_dags/example_python_operator.py
[2022-07-22 22:26:38,094] {processor.py:654} INFO - DAG(s) dict_keys(['example_python_operator']) retrieved from /home/airflow/.local/lib/python3.7/site-packages/airflow/example_dags/example_python_operator.py
[2022-07-22 22:26:38,101] {logging_mixin.py:109} INFO - [2022-07-22 22:26:38,101] {dag.py:2396} INFO - Sync 1 DAGs
[2022-07-22 22:26:38,111] {logging_mixin.py:109} INFO - [2022-07-22 22:26:38,111] {dag.py:2935} INFO - Setting next_dagrun for example_python_operator to None
[2022-07-22 22:26:38,117] {processor.py:171} INFO - Processing /home/airflow/.local/lib/python3.7/site-packages/airflow/example_dags/example_python_operator.py took 0.048 seconds
[2022-07-22 22:27:08,503] {processor.py:163} INFO - Started process (PID=3387) to work on /home/airflow/.local/lib/python3.7/site-packages/airflow/example_dags/example_python_operator.py
[2022-07-22 22:27:08,504] {processor.py:642} INFO - Processing file /home/airflow/.local/lib/python3.7/site-packages/airflow/example_dags/example_python_operator.py for tasks to queue
[2022-07-22 22:27:08,504] {logging_mixin.py:109} INFO - [2022-07-22 22:27:08,504] {dagbag.py:500} INFO - Filling up the DagBag from /home/airflow/.local/lib/python3.7/site-packages/airflow/example_dags/example_python_operator.py
[2022-07-22 22:27:08,525] {processor.py:654} INFO - DAG(s) dict_keys(['example_python_operator']) retrieved from /home/airflow/.local/lib/python3.7/site-packages/airflow/example_dags/example_python_operator.py
[2022-07-22 22:27:08,532] {logging_mixin.py:109} INFO - [2022-07-22 22:27:08,532] {dag.py:2396} INFO - Sync 1 DAGs
[2022-07-22 22:27:08,542] {logging_mixin.py:109} INFO - [2022-07-22 22:27:08,542] {dag.py:2935} INFO - Setting next_dagrun for example_python_operator to None
[2022-07-22 22:27:08,548] {processor.py:171} INFO - Processing /home/airflow/.local/lib/python3.7/site-packages/airflow/example_dags/example_python_operator.py took 0.047 seconds
[2022-07-22 22:27:38,905] {processor.py:163} INFO - Started process (PID=3437) to work on /home/airflow/.local/lib/python3.7/site-packages/airflow/example_dags/example_python_operator.py
[2022-07-22 22:27:38,906] {processor.py:642} INFO - Processing file /home/airflow/.local/lib/python3.7/site-packages/airflow/example_dags/example_python_operator.py for tasks to queue
[2022-07-22 22:27:38,906] {logging_mixin.py:109} INFO - [2022-07-22 22:27:38,906] {dagbag.py:500} INFO - Filling up the DagBag from /home/airflow/.local/lib/python3.7/site-packages/airflow/example_dags/example_python_operator.py
[2022-07-22 22:27:38,927] {processor.py:654} INFO - DAG(s) dict_keys(['example_python_operator']) retrieved from /home/airflow/.local/lib/python3.7/site-packages/airflow/example_dags/example_python_operator.py
[2022-07-22 22:27:38,934] {logging_mixin.py:109} INFO - [2022-07-22 22:27:38,934] {dag.py:2396} INFO - Sync 1 DAGs
[2022-07-22 22:27:38,945] {logging_mixin.py:109} INFO - [2022-07-22 22:27:38,945] {dag.py:2935} INFO - Setting next_dagrun for example_python_operator to None
[2022-07-22 22:27:38,950] {processor.py:171} INFO - Processing /home/airflow/.local/lib/python3.7/site-packages/airflow/example_dags/example_python_operator.py took 0.047 seconds
[2022-07-22 22:28:09,200] {processor.py:163} INFO - Started process (PID=3496) to work on /home/airflow/.local/lib/python3.7/site-packages/airflow/example_dags/example_python_operator.py
[2022-07-22 22:28:09,201] {processor.py:642} INFO - Processing file /home/airflow/.local/lib/python3.7/site-packages/airflow/example_dags/example_python_operator.py for tasks to queue
[2022-07-22 22:28:09,201] {logging_mixin.py:109} INFO - [2022-07-22 22:28:09,201] {dagbag.py:500} INFO - Filling up the DagBag from /home/airflow/.local/lib/python3.7/site-packages/airflow/example_dags/example_python_operator.py
[2022-07-22 22:28:09,222] {processor.py:654} INFO - DAG(s) dict_keys(['example_python_operator']) retrieved from /home/airflow/.local/lib/python3.7/site-packages/airflow/example_dags/example_python_operator.py
[2022-07-22 22:28:09,229] {logging_mixin.py:109} INFO - [2022-07-22 22:28:09,229] {dag.py:2396} INFO - Sync 1 DAGs
[2022-07-22 22:28:09,240] {logging_mixin.py:109} INFO - [2022-07-22 22:28:09,240] {dag.py:2935} INFO - Setting next_dagrun for example_python_operator to None
[2022-07-22 22:28:09,245] {processor.py:171} INFO - Processing /home/airflow/.local/lib/python3.7/site-packages/airflow/example_dags/example_python_operator.py took 0.047 seconds
