[2022-07-22 21:54:04,419] {processor.py:163} INFO - Started process (PID=209) to work on /home/airflow/.local/lib/python3.7/site-packages/airflow/example_dags/example_kubernetes_executor.py
[2022-07-22 21:54:04,420] {processor.py:642} INFO - Processing file /home/airflow/.local/lib/python3.7/site-packages/airflow/example_dags/example_kubernetes_executor.py for tasks to queue
[2022-07-22 21:54:04,426] {logging_mixin.py:109} INFO - [2022-07-22 21:54:04,426] {dagbag.py:500} INFO - Filling up the DagBag from /home/airflow/.local/lib/python3.7/site-packages/airflow/example_dags/example_kubernetes_executor.py
[2022-07-22 21:54:04,449] {processor.py:654} INFO - DAG(s) dict_keys(['example_kubernetes_executor']) retrieved from /home/airflow/.local/lib/python3.7/site-packages/airflow/example_dags/example_kubernetes_executor.py
[2022-07-22 21:54:05,939] {logging_mixin.py:109} INFO - [2022-07-22 21:54:05,939] {manager.py:496} INFO - Created Permission View: can read on DAG:example_kubernetes_executor
[2022-07-22 21:54:05,945] {logging_mixin.py:109} INFO - [2022-07-22 21:54:05,945] {manager.py:496} INFO - Created Permission View: can edit on DAG:example_kubernetes_executor
[2022-07-22 21:54:05,945] {logging_mixin.py:109} INFO - [2022-07-22 21:54:05,945] {dag.py:2396} INFO - Sync 1 DAGs
[2022-07-22 21:54:05,950] {logging_mixin.py:109} INFO - [2022-07-22 21:54:05,950] {dag.py:2415} INFO - Creating ORM DAG for example_kubernetes_executor
[2022-07-22 21:54:05,955] {logging_mixin.py:109} INFO - [2022-07-22 21:54:05,955] {dag.py:2935} INFO - Setting next_dagrun for example_kubernetes_executor to None
[2022-07-22 21:54:05,963] {processor.py:171} INFO - Processing /home/airflow/.local/lib/python3.7/site-packages/airflow/example_dags/example_kubernetes_executor.py took 1.546 seconds
[2022-07-22 21:54:36,616] {processor.py:163} INFO - Started process (PID=605) to work on /home/airflow/.local/lib/python3.7/site-packages/airflow/example_dags/example_kubernetes_executor.py
[2022-07-22 21:54:36,616] {processor.py:642} INFO - Processing file /home/airflow/.local/lib/python3.7/site-packages/airflow/example_dags/example_kubernetes_executor.py for tasks to queue
[2022-07-22 21:54:36,617] {logging_mixin.py:109} INFO - [2022-07-22 21:54:36,617] {dagbag.py:500} INFO - Filling up the DagBag from /home/airflow/.local/lib/python3.7/site-packages/airflow/example_dags/example_kubernetes_executor.py
[2022-07-22 21:54:36,659] {processor.py:654} INFO - DAG(s) dict_keys(['example_kubernetes_executor']) retrieved from /home/airflow/.local/lib/python3.7/site-packages/airflow/example_dags/example_kubernetes_executor.py
[2022-07-22 21:54:36,668] {logging_mixin.py:109} INFO - [2022-07-22 21:54:36,668] {dag.py:2396} INFO - Sync 1 DAGs
[2022-07-22 21:54:36,679] {logging_mixin.py:109} INFO - [2022-07-22 21:54:36,679] {dag.py:2935} INFO - Setting next_dagrun for example_kubernetes_executor to None
[2022-07-22 21:54:36,685] {processor.py:171} INFO - Processing /home/airflow/.local/lib/python3.7/site-packages/airflow/example_dags/example_kubernetes_executor.py took 0.072 seconds
[2022-07-22 21:55:06,847] {processor.py:163} INFO - Started process (PID=655) to work on /home/airflow/.local/lib/python3.7/site-packages/airflow/example_dags/example_kubernetes_executor.py
[2022-07-22 21:55:06,848] {processor.py:642} INFO - Processing file /home/airflow/.local/lib/python3.7/site-packages/airflow/example_dags/example_kubernetes_executor.py for tasks to queue
[2022-07-22 21:55:06,848] {logging_mixin.py:109} INFO - [2022-07-22 21:55:06,848] {dagbag.py:500} INFO - Filling up the DagBag from /home/airflow/.local/lib/python3.7/site-packages/airflow/example_dags/example_kubernetes_executor.py
[2022-07-22 21:55:06,883] {processor.py:654} INFO - DAG(s) dict_keys(['example_kubernetes_executor']) retrieved from /home/airflow/.local/lib/python3.7/site-packages/airflow/example_dags/example_kubernetes_executor.py
[2022-07-22 21:55:06,892] {logging_mixin.py:109} INFO - [2022-07-22 21:55:06,892] {dag.py:2396} INFO - Sync 1 DAGs
[2022-07-22 21:55:06,904] {logging_mixin.py:109} INFO - [2022-07-22 21:55:06,904] {dag.py:2935} INFO - Setting next_dagrun for example_kubernetes_executor to None
[2022-07-22 21:55:06,910] {processor.py:171} INFO - Processing /home/airflow/.local/lib/python3.7/site-packages/airflow/example_dags/example_kubernetes_executor.py took 0.065 seconds
[2022-07-22 21:55:37,110] {processor.py:163} INFO - Started process (PID=714) to work on /home/airflow/.local/lib/python3.7/site-packages/airflow/example_dags/example_kubernetes_executor.py
[2022-07-22 21:55:37,111] {processor.py:642} INFO - Processing file /home/airflow/.local/lib/python3.7/site-packages/airflow/example_dags/example_kubernetes_executor.py for tasks to queue
[2022-07-22 21:55:37,111] {logging_mixin.py:109} INFO - [2022-07-22 21:55:37,111] {dagbag.py:500} INFO - Filling up the DagBag from /home/airflow/.local/lib/python3.7/site-packages/airflow/example_dags/example_kubernetes_executor.py
[2022-07-22 21:55:37,135] {processor.py:654} INFO - DAG(s) dict_keys(['example_kubernetes_executor']) retrieved from /home/airflow/.local/lib/python3.7/site-packages/airflow/example_dags/example_kubernetes_executor.py
[2022-07-22 21:55:37,144] {logging_mixin.py:109} INFO - [2022-07-22 21:55:37,144] {dag.py:2396} INFO - Sync 1 DAGs
[2022-07-22 21:55:37,155] {logging_mixin.py:109} INFO - [2022-07-22 21:55:37,155] {dag.py:2935} INFO - Setting next_dagrun for example_kubernetes_executor to None
[2022-07-22 21:55:37,161] {processor.py:171} INFO - Processing /home/airflow/.local/lib/python3.7/site-packages/airflow/example_dags/example_kubernetes_executor.py took 0.053 seconds
[2022-07-22 21:56:26,841] {processor.py:163} INFO - Started process (PID=57) to work on /home/airflow/.local/lib/python3.7/site-packages/airflow/example_dags/example_kubernetes_executor.py
[2022-07-22 21:56:26,842] {processor.py:642} INFO - Processing file /home/airflow/.local/lib/python3.7/site-packages/airflow/example_dags/example_kubernetes_executor.py for tasks to queue
[2022-07-22 21:56:26,843] {logging_mixin.py:109} INFO - [2022-07-22 21:56:26,842] {dagbag.py:500} INFO - Filling up the DagBag from /home/airflow/.local/lib/python3.7/site-packages/airflow/example_dags/example_kubernetes_executor.py
[2022-07-22 21:56:26,866] {processor.py:654} INFO - DAG(s) dict_keys(['example_kubernetes_executor']) retrieved from /home/airflow/.local/lib/python3.7/site-packages/airflow/example_dags/example_kubernetes_executor.py
[2022-07-22 21:56:26,875] {logging_mixin.py:109} INFO - [2022-07-22 21:56:26,875] {dag.py:2396} INFO - Sync 1 DAGs
[2022-07-22 21:56:26,886] {logging_mixin.py:109} INFO - [2022-07-22 21:56:26,886] {dag.py:2935} INFO - Setting next_dagrun for example_kubernetes_executor to None
[2022-07-22 21:56:26,893] {processor.py:171} INFO - Processing /home/airflow/.local/lib/python3.7/site-packages/airflow/example_dags/example_kubernetes_executor.py took 0.053 seconds
[2022-07-22 21:56:57,845] {processor.py:163} INFO - Started process (PID=117) to work on /home/airflow/.local/lib/python3.7/site-packages/airflow/example_dags/example_kubernetes_executor.py
[2022-07-22 21:56:57,846] {processor.py:642} INFO - Processing file /home/airflow/.local/lib/python3.7/site-packages/airflow/example_dags/example_kubernetes_executor.py for tasks to queue
[2022-07-22 21:56:57,846] {logging_mixin.py:109} INFO - [2022-07-22 21:56:57,846] {dagbag.py:500} INFO - Filling up the DagBag from /home/airflow/.local/lib/python3.7/site-packages/airflow/example_dags/example_kubernetes_executor.py
[2022-07-22 21:56:57,867] {processor.py:654} INFO - DAG(s) dict_keys(['example_kubernetes_executor']) retrieved from /home/airflow/.local/lib/python3.7/site-packages/airflow/example_dags/example_kubernetes_executor.py
[2022-07-22 21:56:57,875] {logging_mixin.py:109} INFO - [2022-07-22 21:56:57,875] {dag.py:2396} INFO - Sync 1 DAGs
[2022-07-22 21:56:57,886] {logging_mixin.py:109} INFO - [2022-07-22 21:56:57,886] {dag.py:2935} INFO - Setting next_dagrun for example_kubernetes_executor to None
[2022-07-22 21:56:57,891] {processor.py:171} INFO - Processing /home/airflow/.local/lib/python3.7/site-packages/airflow/example_dags/example_kubernetes_executor.py took 0.048 seconds
[2022-07-22 21:57:28,547] {processor.py:163} INFO - Started process (PID=176) to work on /home/airflow/.local/lib/python3.7/site-packages/airflow/example_dags/example_kubernetes_executor.py
[2022-07-22 21:57:28,548] {processor.py:642} INFO - Processing file /home/airflow/.local/lib/python3.7/site-packages/airflow/example_dags/example_kubernetes_executor.py for tasks to queue
[2022-07-22 21:57:28,548] {logging_mixin.py:109} INFO - [2022-07-22 21:57:28,548] {dagbag.py:500} INFO - Filling up the DagBag from /home/airflow/.local/lib/python3.7/site-packages/airflow/example_dags/example_kubernetes_executor.py
[2022-07-22 21:57:28,574] {processor.py:654} INFO - DAG(s) dict_keys(['example_kubernetes_executor']) retrieved from /home/airflow/.local/lib/python3.7/site-packages/airflow/example_dags/example_kubernetes_executor.py
[2022-07-22 21:57:28,586] {logging_mixin.py:109} INFO - [2022-07-22 21:57:28,585] {dag.py:2396} INFO - Sync 1 DAGs
[2022-07-22 21:57:28,600] {logging_mixin.py:109} INFO - [2022-07-22 21:57:28,600] {dag.py:2935} INFO - Setting next_dagrun for example_kubernetes_executor to None
[2022-07-22 21:57:28,608] {processor.py:171} INFO - Processing /home/airflow/.local/lib/python3.7/site-packages/airflow/example_dags/example_kubernetes_executor.py took 0.063 seconds
[2022-07-22 21:57:59,301] {processor.py:163} INFO - Started process (PID=226) to work on /home/airflow/.local/lib/python3.7/site-packages/airflow/example_dags/example_kubernetes_executor.py
[2022-07-22 21:57:59,302] {processor.py:642} INFO - Processing file /home/airflow/.local/lib/python3.7/site-packages/airflow/example_dags/example_kubernetes_executor.py for tasks to queue
[2022-07-22 21:57:59,303] {logging_mixin.py:109} INFO - [2022-07-22 21:57:59,303] {dagbag.py:500} INFO - Filling up the DagBag from /home/airflow/.local/lib/python3.7/site-packages/airflow/example_dags/example_kubernetes_executor.py
[2022-07-22 21:57:59,325] {processor.py:654} INFO - DAG(s) dict_keys(['example_kubernetes_executor']) retrieved from /home/airflow/.local/lib/python3.7/site-packages/airflow/example_dags/example_kubernetes_executor.py
[2022-07-22 21:57:59,335] {logging_mixin.py:109} INFO - [2022-07-22 21:57:59,335] {dag.py:2396} INFO - Sync 1 DAGs
[2022-07-22 21:57:59,346] {logging_mixin.py:109} INFO - [2022-07-22 21:57:59,346] {dag.py:2935} INFO - Setting next_dagrun for example_kubernetes_executor to None
[2022-07-22 21:57:59,352] {processor.py:171} INFO - Processing /home/airflow/.local/lib/python3.7/site-packages/airflow/example_dags/example_kubernetes_executor.py took 0.053 seconds
[2022-07-22 21:58:30,244] {processor.py:163} INFO - Started process (PID=285) to work on /home/airflow/.local/lib/python3.7/site-packages/airflow/example_dags/example_kubernetes_executor.py
[2022-07-22 21:58:30,244] {processor.py:642} INFO - Processing file /home/airflow/.local/lib/python3.7/site-packages/airflow/example_dags/example_kubernetes_executor.py for tasks to queue
[2022-07-22 21:58:30,245] {logging_mixin.py:109} INFO - [2022-07-22 21:58:30,245] {dagbag.py:500} INFO - Filling up the DagBag from /home/airflow/.local/lib/python3.7/site-packages/airflow/example_dags/example_kubernetes_executor.py
[2022-07-22 21:58:30,268] {processor.py:654} INFO - DAG(s) dict_keys(['example_kubernetes_executor']) retrieved from /home/airflow/.local/lib/python3.7/site-packages/airflow/example_dags/example_kubernetes_executor.py
[2022-07-22 21:58:30,277] {logging_mixin.py:109} INFO - [2022-07-22 21:58:30,277] {dag.py:2396} INFO - Sync 1 DAGs
[2022-07-22 21:58:30,288] {logging_mixin.py:109} INFO - [2022-07-22 21:58:30,288] {dag.py:2935} INFO - Setting next_dagrun for example_kubernetes_executor to None
[2022-07-22 21:58:30,293] {processor.py:171} INFO - Processing /home/airflow/.local/lib/python3.7/site-packages/airflow/example_dags/example_kubernetes_executor.py took 0.052 seconds
[2022-07-22 21:59:00,963] {processor.py:163} INFO - Started process (PID=335) to work on /home/airflow/.local/lib/python3.7/site-packages/airflow/example_dags/example_kubernetes_executor.py
[2022-07-22 21:59:00,964] {processor.py:642} INFO - Processing file /home/airflow/.local/lib/python3.7/site-packages/airflow/example_dags/example_kubernetes_executor.py for tasks to queue
[2022-07-22 21:59:00,964] {logging_mixin.py:109} INFO - [2022-07-22 21:59:00,964] {dagbag.py:500} INFO - Filling up the DagBag from /home/airflow/.local/lib/python3.7/site-packages/airflow/example_dags/example_kubernetes_executor.py
[2022-07-22 21:59:00,986] {processor.py:654} INFO - DAG(s) dict_keys(['example_kubernetes_executor']) retrieved from /home/airflow/.local/lib/python3.7/site-packages/airflow/example_dags/example_kubernetes_executor.py
[2022-07-22 21:59:00,996] {logging_mixin.py:109} INFO - [2022-07-22 21:59:00,996] {dag.py:2396} INFO - Sync 1 DAGs
[2022-07-22 21:59:01,006] {logging_mixin.py:109} INFO - [2022-07-22 21:59:01,006] {dag.py:2935} INFO - Setting next_dagrun for example_kubernetes_executor to None
[2022-07-22 21:59:01,012] {processor.py:171} INFO - Processing /home/airflow/.local/lib/python3.7/site-packages/airflow/example_dags/example_kubernetes_executor.py took 0.052 seconds
[2022-07-22 21:59:31,738] {processor.py:163} INFO - Started process (PID=394) to work on /home/airflow/.local/lib/python3.7/site-packages/airflow/example_dags/example_kubernetes_executor.py
[2022-07-22 21:59:31,739] {processor.py:642} INFO - Processing file /home/airflow/.local/lib/python3.7/site-packages/airflow/example_dags/example_kubernetes_executor.py for tasks to queue
[2022-07-22 21:59:31,739] {logging_mixin.py:109} INFO - [2022-07-22 21:59:31,739] {dagbag.py:500} INFO - Filling up the DagBag from /home/airflow/.local/lib/python3.7/site-packages/airflow/example_dags/example_kubernetes_executor.py
[2022-07-22 21:59:31,763] {processor.py:654} INFO - DAG(s) dict_keys(['example_kubernetes_executor']) retrieved from /home/airflow/.local/lib/python3.7/site-packages/airflow/example_dags/example_kubernetes_executor.py
[2022-07-22 21:59:31,772] {logging_mixin.py:109} INFO - [2022-07-22 21:59:31,772] {dag.py:2396} INFO - Sync 1 DAGs
[2022-07-22 21:59:31,782] {logging_mixin.py:109} INFO - [2022-07-22 21:59:31,782] {dag.py:2935} INFO - Setting next_dagrun for example_kubernetes_executor to None
[2022-07-22 21:59:31,788] {processor.py:171} INFO - Processing /home/airflow/.local/lib/python3.7/site-packages/airflow/example_dags/example_kubernetes_executor.py took 0.052 seconds
[2022-07-22 22:00:02,517] {processor.py:163} INFO - Started process (PID=453) to work on /home/airflow/.local/lib/python3.7/site-packages/airflow/example_dags/example_kubernetes_executor.py
[2022-07-22 22:00:02,518] {processor.py:642} INFO - Processing file /home/airflow/.local/lib/python3.7/site-packages/airflow/example_dags/example_kubernetes_executor.py for tasks to queue
[2022-07-22 22:00:02,519] {logging_mixin.py:109} INFO - [2022-07-22 22:00:02,519] {dagbag.py:500} INFO - Filling up the DagBag from /home/airflow/.local/lib/python3.7/site-packages/airflow/example_dags/example_kubernetes_executor.py
[2022-07-22 22:00:02,542] {processor.py:654} INFO - DAG(s) dict_keys(['example_kubernetes_executor']) retrieved from /home/airflow/.local/lib/python3.7/site-packages/airflow/example_dags/example_kubernetes_executor.py
[2022-07-22 22:00:02,551] {logging_mixin.py:109} INFO - [2022-07-22 22:00:02,551] {dag.py:2396} INFO - Sync 1 DAGs
[2022-07-22 22:00:02,562] {logging_mixin.py:109} INFO - [2022-07-22 22:00:02,562] {dag.py:2935} INFO - Setting next_dagrun for example_kubernetes_executor to None
[2022-07-22 22:00:02,567] {processor.py:171} INFO - Processing /home/airflow/.local/lib/python3.7/site-packages/airflow/example_dags/example_kubernetes_executor.py took 0.052 seconds
[2022-07-22 22:00:33,100] {processor.py:163} INFO - Started process (PID=503) to work on /home/airflow/.local/lib/python3.7/site-packages/airflow/example_dags/example_kubernetes_executor.py
[2022-07-22 22:00:33,101] {processor.py:642} INFO - Processing file /home/airflow/.local/lib/python3.7/site-packages/airflow/example_dags/example_kubernetes_executor.py for tasks to queue
[2022-07-22 22:00:33,101] {logging_mixin.py:109} INFO - [2022-07-22 22:00:33,101] {dagbag.py:500} INFO - Filling up the DagBag from /home/airflow/.local/lib/python3.7/site-packages/airflow/example_dags/example_kubernetes_executor.py
[2022-07-22 22:00:33,124] {processor.py:654} INFO - DAG(s) dict_keys(['example_kubernetes_executor']) retrieved from /home/airflow/.local/lib/python3.7/site-packages/airflow/example_dags/example_kubernetes_executor.py
[2022-07-22 22:00:33,133] {logging_mixin.py:109} INFO - [2022-07-22 22:00:33,133] {dag.py:2396} INFO - Sync 1 DAGs
[2022-07-22 22:00:33,145] {logging_mixin.py:109} INFO - [2022-07-22 22:00:33,145] {dag.py:2935} INFO - Setting next_dagrun for example_kubernetes_executor to None
[2022-07-22 22:00:33,152] {processor.py:171} INFO - Processing /home/airflow/.local/lib/python3.7/site-packages/airflow/example_dags/example_kubernetes_executor.py took 0.054 seconds
[2022-07-22 22:01:03,827] {processor.py:163} INFO - Started process (PID=562) to work on /home/airflow/.local/lib/python3.7/site-packages/airflow/example_dags/example_kubernetes_executor.py
[2022-07-22 22:01:03,827] {processor.py:642} INFO - Processing file /home/airflow/.local/lib/python3.7/site-packages/airflow/example_dags/example_kubernetes_executor.py for tasks to queue
[2022-07-22 22:01:03,828] {logging_mixin.py:109} INFO - [2022-07-22 22:01:03,828] {dagbag.py:500} INFO - Filling up the DagBag from /home/airflow/.local/lib/python3.7/site-packages/airflow/example_dags/example_kubernetes_executor.py
[2022-07-22 22:01:03,850] {processor.py:654} INFO - DAG(s) dict_keys(['example_kubernetes_executor']) retrieved from /home/airflow/.local/lib/python3.7/site-packages/airflow/example_dags/example_kubernetes_executor.py
[2022-07-22 22:01:03,859] {logging_mixin.py:109} INFO - [2022-07-22 22:01:03,859] {dag.py:2396} INFO - Sync 1 DAGs
[2022-07-22 22:01:03,871] {logging_mixin.py:109} INFO - [2022-07-22 22:01:03,870] {dag.py:2935} INFO - Setting next_dagrun for example_kubernetes_executor to None
[2022-07-22 22:01:03,877] {processor.py:171} INFO - Processing /home/airflow/.local/lib/python3.7/site-packages/airflow/example_dags/example_kubernetes_executor.py took 0.052 seconds
[2022-07-22 22:01:34,505] {processor.py:163} INFO - Started process (PID=621) to work on /home/airflow/.local/lib/python3.7/site-packages/airflow/example_dags/example_kubernetes_executor.py
[2022-07-22 22:01:34,506] {processor.py:642} INFO - Processing file /home/airflow/.local/lib/python3.7/site-packages/airflow/example_dags/example_kubernetes_executor.py for tasks to queue
[2022-07-22 22:01:34,506] {logging_mixin.py:109} INFO - [2022-07-22 22:01:34,506] {dagbag.py:500} INFO - Filling up the DagBag from /home/airflow/.local/lib/python3.7/site-packages/airflow/example_dags/example_kubernetes_executor.py
[2022-07-22 22:01:34,529] {processor.py:654} INFO - DAG(s) dict_keys(['example_kubernetes_executor']) retrieved from /home/airflow/.local/lib/python3.7/site-packages/airflow/example_dags/example_kubernetes_executor.py
[2022-07-22 22:01:34,537] {logging_mixin.py:109} INFO - [2022-07-22 22:01:34,537] {dag.py:2396} INFO - Sync 1 DAGs
[2022-07-22 22:01:34,548] {logging_mixin.py:109} INFO - [2022-07-22 22:01:34,548] {dag.py:2935} INFO - Setting next_dagrun for example_kubernetes_executor to None
[2022-07-22 22:01:34,554] {processor.py:171} INFO - Processing /home/airflow/.local/lib/python3.7/site-packages/airflow/example_dags/example_kubernetes_executor.py took 0.051 seconds
[2022-07-22 22:02:05,170] {processor.py:163} INFO - Started process (PID=671) to work on /home/airflow/.local/lib/python3.7/site-packages/airflow/example_dags/example_kubernetes_executor.py
[2022-07-22 22:02:05,171] {processor.py:642} INFO - Processing file /home/airflow/.local/lib/python3.7/site-packages/airflow/example_dags/example_kubernetes_executor.py for tasks to queue
[2022-07-22 22:02:05,171] {logging_mixin.py:109} INFO - [2022-07-22 22:02:05,171] {dagbag.py:500} INFO - Filling up the DagBag from /home/airflow/.local/lib/python3.7/site-packages/airflow/example_dags/example_kubernetes_executor.py
[2022-07-22 22:02:05,193] {processor.py:654} INFO - DAG(s) dict_keys(['example_kubernetes_executor']) retrieved from /home/airflow/.local/lib/python3.7/site-packages/airflow/example_dags/example_kubernetes_executor.py
[2022-07-22 22:02:05,202] {logging_mixin.py:109} INFO - [2022-07-22 22:02:05,202] {dag.py:2396} INFO - Sync 1 DAGs
[2022-07-22 22:02:05,212] {logging_mixin.py:109} INFO - [2022-07-22 22:02:05,212] {dag.py:2935} INFO - Setting next_dagrun for example_kubernetes_executor to None
[2022-07-22 22:02:05,218] {processor.py:171} INFO - Processing /home/airflow/.local/lib/python3.7/site-packages/airflow/example_dags/example_kubernetes_executor.py took 0.050 seconds
[2022-07-22 22:02:35,773] {processor.py:163} INFO - Started process (PID=730) to work on /home/airflow/.local/lib/python3.7/site-packages/airflow/example_dags/example_kubernetes_executor.py
[2022-07-22 22:02:35,774] {processor.py:642} INFO - Processing file /home/airflow/.local/lib/python3.7/site-packages/airflow/example_dags/example_kubernetes_executor.py for tasks to queue
[2022-07-22 22:02:35,775] {logging_mixin.py:109} INFO - [2022-07-22 22:02:35,775] {dagbag.py:500} INFO - Filling up the DagBag from /home/airflow/.local/lib/python3.7/site-packages/airflow/example_dags/example_kubernetes_executor.py
[2022-07-22 22:02:35,798] {processor.py:654} INFO - DAG(s) dict_keys(['example_kubernetes_executor']) retrieved from /home/airflow/.local/lib/python3.7/site-packages/airflow/example_dags/example_kubernetes_executor.py
[2022-07-22 22:02:35,807] {logging_mixin.py:109} INFO - [2022-07-22 22:02:35,807] {dag.py:2396} INFO - Sync 1 DAGs
[2022-07-22 22:02:35,819] {logging_mixin.py:109} INFO - [2022-07-22 22:02:35,819] {dag.py:2935} INFO - Setting next_dagrun for example_kubernetes_executor to None
[2022-07-22 22:02:35,824] {processor.py:171} INFO - Processing /home/airflow/.local/lib/python3.7/site-packages/airflow/example_dags/example_kubernetes_executor.py took 0.053 seconds
[2022-07-22 22:03:06,421] {processor.py:163} INFO - Started process (PID=780) to work on /home/airflow/.local/lib/python3.7/site-packages/airflow/example_dags/example_kubernetes_executor.py
[2022-07-22 22:03:06,422] {processor.py:642} INFO - Processing file /home/airflow/.local/lib/python3.7/site-packages/airflow/example_dags/example_kubernetes_executor.py for tasks to queue
[2022-07-22 22:03:06,422] {logging_mixin.py:109} INFO - [2022-07-22 22:03:06,422] {dagbag.py:500} INFO - Filling up the DagBag from /home/airflow/.local/lib/python3.7/site-packages/airflow/example_dags/example_kubernetes_executor.py
[2022-07-22 22:03:06,444] {processor.py:654} INFO - DAG(s) dict_keys(['example_kubernetes_executor']) retrieved from /home/airflow/.local/lib/python3.7/site-packages/airflow/example_dags/example_kubernetes_executor.py
[2022-07-22 22:03:06,453] {logging_mixin.py:109} INFO - [2022-07-22 22:03:06,452] {dag.py:2396} INFO - Sync 1 DAGs
[2022-07-22 22:03:06,463] {logging_mixin.py:109} INFO - [2022-07-22 22:03:06,463] {dag.py:2935} INFO - Setting next_dagrun for example_kubernetes_executor to None
[2022-07-22 22:03:06,469] {processor.py:171} INFO - Processing /home/airflow/.local/lib/python3.7/site-packages/airflow/example_dags/example_kubernetes_executor.py took 0.050 seconds
[2022-07-22 22:03:36,997] {processor.py:163} INFO - Started process (PID=839) to work on /home/airflow/.local/lib/python3.7/site-packages/airflow/example_dags/example_kubernetes_executor.py
[2022-07-22 22:03:36,998] {processor.py:642} INFO - Processing file /home/airflow/.local/lib/python3.7/site-packages/airflow/example_dags/example_kubernetes_executor.py for tasks to queue
[2022-07-22 22:03:36,998] {logging_mixin.py:109} INFO - [2022-07-22 22:03:36,998] {dagbag.py:500} INFO - Filling up the DagBag from /home/airflow/.local/lib/python3.7/site-packages/airflow/example_dags/example_kubernetes_executor.py
[2022-07-22 22:03:37,020] {processor.py:654} INFO - DAG(s) dict_keys(['example_kubernetes_executor']) retrieved from /home/airflow/.local/lib/python3.7/site-packages/airflow/example_dags/example_kubernetes_executor.py
[2022-07-22 22:03:37,029] {logging_mixin.py:109} INFO - [2022-07-22 22:03:37,029] {dag.py:2396} INFO - Sync 1 DAGs
[2022-07-22 22:03:37,041] {logging_mixin.py:109} INFO - [2022-07-22 22:03:37,040] {dag.py:2935} INFO - Setting next_dagrun for example_kubernetes_executor to None
[2022-07-22 22:03:37,047] {processor.py:171} INFO - Processing /home/airflow/.local/lib/python3.7/site-packages/airflow/example_dags/example_kubernetes_executor.py took 0.052 seconds
[2022-07-22 22:04:07,690] {processor.py:163} INFO - Started process (PID=889) to work on /home/airflow/.local/lib/python3.7/site-packages/airflow/example_dags/example_kubernetes_executor.py
[2022-07-22 22:04:07,691] {processor.py:642} INFO - Processing file /home/airflow/.local/lib/python3.7/site-packages/airflow/example_dags/example_kubernetes_executor.py for tasks to queue
[2022-07-22 22:04:07,691] {logging_mixin.py:109} INFO - [2022-07-22 22:04:07,691] {dagbag.py:500} INFO - Filling up the DagBag from /home/airflow/.local/lib/python3.7/site-packages/airflow/example_dags/example_kubernetes_executor.py
[2022-07-22 22:04:07,712] {processor.py:654} INFO - DAG(s) dict_keys(['example_kubernetes_executor']) retrieved from /home/airflow/.local/lib/python3.7/site-packages/airflow/example_dags/example_kubernetes_executor.py
[2022-07-22 22:04:07,721] {logging_mixin.py:109} INFO - [2022-07-22 22:04:07,721] {dag.py:2396} INFO - Sync 1 DAGs
[2022-07-22 22:04:07,732] {logging_mixin.py:109} INFO - [2022-07-22 22:04:07,732] {dag.py:2935} INFO - Setting next_dagrun for example_kubernetes_executor to None
[2022-07-22 22:04:07,737] {processor.py:171} INFO - Processing /home/airflow/.local/lib/python3.7/site-packages/airflow/example_dags/example_kubernetes_executor.py took 0.050 seconds
[2022-07-22 22:04:38,410] {processor.py:163} INFO - Started process (PID=948) to work on /home/airflow/.local/lib/python3.7/site-packages/airflow/example_dags/example_kubernetes_executor.py
[2022-07-22 22:04:38,411] {processor.py:642} INFO - Processing file /home/airflow/.local/lib/python3.7/site-packages/airflow/example_dags/example_kubernetes_executor.py for tasks to queue
[2022-07-22 22:04:38,412] {logging_mixin.py:109} INFO - [2022-07-22 22:04:38,411] {dagbag.py:500} INFO - Filling up the DagBag from /home/airflow/.local/lib/python3.7/site-packages/airflow/example_dags/example_kubernetes_executor.py
[2022-07-22 22:04:38,433] {processor.py:654} INFO - DAG(s) dict_keys(['example_kubernetes_executor']) retrieved from /home/airflow/.local/lib/python3.7/site-packages/airflow/example_dags/example_kubernetes_executor.py
[2022-07-22 22:04:38,442] {logging_mixin.py:109} INFO - [2022-07-22 22:04:38,442] {dag.py:2396} INFO - Sync 1 DAGs
[2022-07-22 22:04:38,453] {logging_mixin.py:109} INFO - [2022-07-22 22:04:38,453] {dag.py:2935} INFO - Setting next_dagrun for example_kubernetes_executor to None
[2022-07-22 22:04:38,459] {processor.py:171} INFO - Processing /home/airflow/.local/lib/python3.7/site-packages/airflow/example_dags/example_kubernetes_executor.py took 0.050 seconds
[2022-07-22 22:05:09,089] {processor.py:163} INFO - Started process (PID=1007) to work on /home/airflow/.local/lib/python3.7/site-packages/airflow/example_dags/example_kubernetes_executor.py
[2022-07-22 22:05:09,090] {processor.py:642} INFO - Processing file /home/airflow/.local/lib/python3.7/site-packages/airflow/example_dags/example_kubernetes_executor.py for tasks to queue
[2022-07-22 22:05:09,091] {logging_mixin.py:109} INFO - [2022-07-22 22:05:09,091] {dagbag.py:500} INFO - Filling up the DagBag from /home/airflow/.local/lib/python3.7/site-packages/airflow/example_dags/example_kubernetes_executor.py
[2022-07-22 22:05:09,114] {processor.py:654} INFO - DAG(s) dict_keys(['example_kubernetes_executor']) retrieved from /home/airflow/.local/lib/python3.7/site-packages/airflow/example_dags/example_kubernetes_executor.py
[2022-07-22 22:05:09,123] {logging_mixin.py:109} INFO - [2022-07-22 22:05:09,123] {dag.py:2396} INFO - Sync 1 DAGs
[2022-07-22 22:05:09,134] {logging_mixin.py:109} INFO - [2022-07-22 22:05:09,134] {dag.py:2935} INFO - Setting next_dagrun for example_kubernetes_executor to None
[2022-07-22 22:05:09,140] {processor.py:171} INFO - Processing /home/airflow/.local/lib/python3.7/site-packages/airflow/example_dags/example_kubernetes_executor.py took 0.052 seconds
[2022-07-22 22:05:39,654] {processor.py:163} INFO - Started process (PID=1057) to work on /home/airflow/.local/lib/python3.7/site-packages/airflow/example_dags/example_kubernetes_executor.py
[2022-07-22 22:05:39,655] {processor.py:642} INFO - Processing file /home/airflow/.local/lib/python3.7/site-packages/airflow/example_dags/example_kubernetes_executor.py for tasks to queue
[2022-07-22 22:05:39,656] {logging_mixin.py:109} INFO - [2022-07-22 22:05:39,656] {dagbag.py:500} INFO - Filling up the DagBag from /home/airflow/.local/lib/python3.7/site-packages/airflow/example_dags/example_kubernetes_executor.py
[2022-07-22 22:05:39,677] {processor.py:654} INFO - DAG(s) dict_keys(['example_kubernetes_executor']) retrieved from /home/airflow/.local/lib/python3.7/site-packages/airflow/example_dags/example_kubernetes_executor.py
[2022-07-22 22:05:39,686] {logging_mixin.py:109} INFO - [2022-07-22 22:05:39,686] {dag.py:2396} INFO - Sync 1 DAGs
[2022-07-22 22:05:39,697] {logging_mixin.py:109} INFO - [2022-07-22 22:05:39,697] {dag.py:2935} INFO - Setting next_dagrun for example_kubernetes_executor to None
[2022-07-22 22:05:39,703] {processor.py:171} INFO - Processing /home/airflow/.local/lib/python3.7/site-packages/airflow/example_dags/example_kubernetes_executor.py took 0.050 seconds
[2022-07-22 22:06:10,272] {processor.py:163} INFO - Started process (PID=1116) to work on /home/airflow/.local/lib/python3.7/site-packages/airflow/example_dags/example_kubernetes_executor.py
[2022-07-22 22:06:10,273] {processor.py:642} INFO - Processing file /home/airflow/.local/lib/python3.7/site-packages/airflow/example_dags/example_kubernetes_executor.py for tasks to queue
[2022-07-22 22:06:10,273] {logging_mixin.py:109} INFO - [2022-07-22 22:06:10,273] {dagbag.py:500} INFO - Filling up the DagBag from /home/airflow/.local/lib/python3.7/site-packages/airflow/example_dags/example_kubernetes_executor.py
[2022-07-22 22:06:10,296] {processor.py:654} INFO - DAG(s) dict_keys(['example_kubernetes_executor']) retrieved from /home/airflow/.local/lib/python3.7/site-packages/airflow/example_dags/example_kubernetes_executor.py
[2022-07-22 22:06:10,305] {logging_mixin.py:109} INFO - [2022-07-22 22:06:10,305] {dag.py:2396} INFO - Sync 1 DAGs
[2022-07-22 22:06:10,315] {logging_mixin.py:109} INFO - [2022-07-22 22:06:10,315] {dag.py:2935} INFO - Setting next_dagrun for example_kubernetes_executor to None
[2022-07-22 22:06:10,321] {processor.py:171} INFO - Processing /home/airflow/.local/lib/python3.7/site-packages/airflow/example_dags/example_kubernetes_executor.py took 0.051 seconds
[2022-07-22 22:06:40,867] {processor.py:163} INFO - Started process (PID=1166) to work on /home/airflow/.local/lib/python3.7/site-packages/airflow/example_dags/example_kubernetes_executor.py
[2022-07-22 22:06:40,868] {processor.py:642} INFO - Processing file /home/airflow/.local/lib/python3.7/site-packages/airflow/example_dags/example_kubernetes_executor.py for tasks to queue
[2022-07-22 22:06:40,869] {logging_mixin.py:109} INFO - [2022-07-22 22:06:40,868] {dagbag.py:500} INFO - Filling up the DagBag from /home/airflow/.local/lib/python3.7/site-packages/airflow/example_dags/example_kubernetes_executor.py
[2022-07-22 22:06:40,894] {processor.py:654} INFO - DAG(s) dict_keys(['example_kubernetes_executor']) retrieved from /home/airflow/.local/lib/python3.7/site-packages/airflow/example_dags/example_kubernetes_executor.py
[2022-07-22 22:06:40,906] {logging_mixin.py:109} INFO - [2022-07-22 22:06:40,906] {dag.py:2396} INFO - Sync 1 DAGs
[2022-07-22 22:06:40,921] {logging_mixin.py:109} INFO - [2022-07-22 22:06:40,920] {dag.py:2935} INFO - Setting next_dagrun for example_kubernetes_executor to None
[2022-07-22 22:06:40,928] {processor.py:171} INFO - Processing /home/airflow/.local/lib/python3.7/site-packages/airflow/example_dags/example_kubernetes_executor.py took 0.063 seconds
[2022-07-22 22:07:11,539] {processor.py:163} INFO - Started process (PID=1225) to work on /home/airflow/.local/lib/python3.7/site-packages/airflow/example_dags/example_kubernetes_executor.py
[2022-07-22 22:07:11,540] {processor.py:642} INFO - Processing file /home/airflow/.local/lib/python3.7/site-packages/airflow/example_dags/example_kubernetes_executor.py for tasks to queue
[2022-07-22 22:07:11,541] {logging_mixin.py:109} INFO - [2022-07-22 22:07:11,541] {dagbag.py:500} INFO - Filling up the DagBag from /home/airflow/.local/lib/python3.7/site-packages/airflow/example_dags/example_kubernetes_executor.py
[2022-07-22 22:07:11,563] {processor.py:654} INFO - DAG(s) dict_keys(['example_kubernetes_executor']) retrieved from /home/airflow/.local/lib/python3.7/site-packages/airflow/example_dags/example_kubernetes_executor.py
[2022-07-22 22:07:11,571] {logging_mixin.py:109} INFO - [2022-07-22 22:07:11,571] {dag.py:2396} INFO - Sync 1 DAGs
[2022-07-22 22:07:11,582] {logging_mixin.py:109} INFO - [2022-07-22 22:07:11,582] {dag.py:2935} INFO - Setting next_dagrun for example_kubernetes_executor to None
[2022-07-22 22:07:11,587] {processor.py:171} INFO - Processing /home/airflow/.local/lib/python3.7/site-packages/airflow/example_dags/example_kubernetes_executor.py took 0.050 seconds
[2022-07-22 22:07:42,120] {processor.py:163} INFO - Started process (PID=1284) to work on /home/airflow/.local/lib/python3.7/site-packages/airflow/example_dags/example_kubernetes_executor.py
[2022-07-22 22:07:42,120] {processor.py:642} INFO - Processing file /home/airflow/.local/lib/python3.7/site-packages/airflow/example_dags/example_kubernetes_executor.py for tasks to queue
[2022-07-22 22:07:42,121] {logging_mixin.py:109} INFO - [2022-07-22 22:07:42,121] {dagbag.py:500} INFO - Filling up the DagBag from /home/airflow/.local/lib/python3.7/site-packages/airflow/example_dags/example_kubernetes_executor.py
[2022-07-22 22:07:42,144] {processor.py:654} INFO - DAG(s) dict_keys(['example_kubernetes_executor']) retrieved from /home/airflow/.local/lib/python3.7/site-packages/airflow/example_dags/example_kubernetes_executor.py
[2022-07-22 22:07:42,153] {logging_mixin.py:109} INFO - [2022-07-22 22:07:42,153] {dag.py:2396} INFO - Sync 1 DAGs
[2022-07-22 22:07:42,163] {logging_mixin.py:109} INFO - [2022-07-22 22:07:42,163] {dag.py:2935} INFO - Setting next_dagrun for example_kubernetes_executor to None
[2022-07-22 22:07:42,169] {processor.py:171} INFO - Processing /home/airflow/.local/lib/python3.7/site-packages/airflow/example_dags/example_kubernetes_executor.py took 0.052 seconds
[2022-07-22 22:08:12,784] {processor.py:163} INFO - Started process (PID=1334) to work on /home/airflow/.local/lib/python3.7/site-packages/airflow/example_dags/example_kubernetes_executor.py
[2022-07-22 22:08:12,785] {processor.py:642} INFO - Processing file /home/airflow/.local/lib/python3.7/site-packages/airflow/example_dags/example_kubernetes_executor.py for tasks to queue
[2022-07-22 22:08:12,786] {logging_mixin.py:109} INFO - [2022-07-22 22:08:12,785] {dagbag.py:500} INFO - Filling up the DagBag from /home/airflow/.local/lib/python3.7/site-packages/airflow/example_dags/example_kubernetes_executor.py
[2022-07-22 22:08:12,807] {processor.py:654} INFO - DAG(s) dict_keys(['example_kubernetes_executor']) retrieved from /home/airflow/.local/lib/python3.7/site-packages/airflow/example_dags/example_kubernetes_executor.py
[2022-07-22 22:08:12,815] {logging_mixin.py:109} INFO - [2022-07-22 22:08:12,815] {dag.py:2396} INFO - Sync 1 DAGs
[2022-07-22 22:08:12,826] {logging_mixin.py:109} INFO - [2022-07-22 22:08:12,826] {dag.py:2935} INFO - Setting next_dagrun for example_kubernetes_executor to None
[2022-07-22 22:08:12,832] {processor.py:171} INFO - Processing /home/airflow/.local/lib/python3.7/site-packages/airflow/example_dags/example_kubernetes_executor.py took 0.049 seconds
[2022-07-22 22:08:43,972] {processor.py:163} INFO - Started process (PID=1393) to work on /home/airflow/.local/lib/python3.7/site-packages/airflow/example_dags/example_kubernetes_executor.py
[2022-07-22 22:08:43,973] {processor.py:642} INFO - Processing file /home/airflow/.local/lib/python3.7/site-packages/airflow/example_dags/example_kubernetes_executor.py for tasks to queue
[2022-07-22 22:08:43,974] {logging_mixin.py:109} INFO - [2022-07-22 22:08:43,973] {dagbag.py:500} INFO - Filling up the DagBag from /home/airflow/.local/lib/python3.7/site-packages/airflow/example_dags/example_kubernetes_executor.py
[2022-07-22 22:08:44,008] {processor.py:654} INFO - DAG(s) dict_keys(['example_kubernetes_executor']) retrieved from /home/airflow/.local/lib/python3.7/site-packages/airflow/example_dags/example_kubernetes_executor.py
[2022-07-22 22:08:44,023] {logging_mixin.py:109} INFO - [2022-07-22 22:08:44,022] {dag.py:2396} INFO - Sync 1 DAGs
[2022-07-22 22:08:44,040] {logging_mixin.py:109} INFO - [2022-07-22 22:08:44,040] {dag.py:2935} INFO - Setting next_dagrun for example_kubernetes_executor to None
[2022-07-22 22:08:44,050] {processor.py:171} INFO - Processing /home/airflow/.local/lib/python3.7/site-packages/airflow/example_dags/example_kubernetes_executor.py took 0.081 seconds
[2022-07-22 22:09:14,502] {processor.py:163} INFO - Started process (PID=1442) to work on /home/airflow/.local/lib/python3.7/site-packages/airflow/example_dags/example_kubernetes_executor.py
[2022-07-22 22:09:14,503] {processor.py:642} INFO - Processing file /home/airflow/.local/lib/python3.7/site-packages/airflow/example_dags/example_kubernetes_executor.py for tasks to queue
[2022-07-22 22:09:14,503] {logging_mixin.py:109} INFO - [2022-07-22 22:09:14,503] {dagbag.py:500} INFO - Filling up the DagBag from /home/airflow/.local/lib/python3.7/site-packages/airflow/example_dags/example_kubernetes_executor.py
[2022-07-22 22:09:14,532] {processor.py:654} INFO - DAG(s) dict_keys(['example_kubernetes_executor']) retrieved from /home/airflow/.local/lib/python3.7/site-packages/airflow/example_dags/example_kubernetes_executor.py
[2022-07-22 22:09:14,543] {logging_mixin.py:109} INFO - [2022-07-22 22:09:14,543] {dag.py:2396} INFO - Sync 1 DAGs
[2022-07-22 22:09:14,559] {logging_mixin.py:109} INFO - [2022-07-22 22:09:14,559] {dag.py:2935} INFO - Setting next_dagrun for example_kubernetes_executor to None
[2022-07-22 22:09:14,568] {processor.py:171} INFO - Processing /home/airflow/.local/lib/python3.7/site-packages/airflow/example_dags/example_kubernetes_executor.py took 0.069 seconds
[2022-07-22 22:09:44,657] {processor.py:163} INFO - Started process (PID=1501) to work on /home/airflow/.local/lib/python3.7/site-packages/airflow/example_dags/example_kubernetes_executor.py
[2022-07-22 22:09:44,658] {processor.py:642} INFO - Processing file /home/airflow/.local/lib/python3.7/site-packages/airflow/example_dags/example_kubernetes_executor.py for tasks to queue
[2022-07-22 22:09:44,658] {logging_mixin.py:109} INFO - [2022-07-22 22:09:44,658] {dagbag.py:500} INFO - Filling up the DagBag from /home/airflow/.local/lib/python3.7/site-packages/airflow/example_dags/example_kubernetes_executor.py
[2022-07-22 22:09:44,685] {processor.py:654} INFO - DAG(s) dict_keys(['example_kubernetes_executor']) retrieved from /home/airflow/.local/lib/python3.7/site-packages/airflow/example_dags/example_kubernetes_executor.py
[2022-07-22 22:09:44,697] {logging_mixin.py:109} INFO - [2022-07-22 22:09:44,697] {dag.py:2396} INFO - Sync 1 DAGs
[2022-07-22 22:09:44,711] {logging_mixin.py:109} INFO - [2022-07-22 22:09:44,711] {dag.py:2935} INFO - Setting next_dagrun for example_kubernetes_executor to None
[2022-07-22 22:09:44,718] {processor.py:171} INFO - Processing /home/airflow/.local/lib/python3.7/site-packages/airflow/example_dags/example_kubernetes_executor.py took 0.063 seconds
[2022-07-22 22:10:15,634] {processor.py:163} INFO - Started process (PID=1551) to work on /home/airflow/.local/lib/python3.7/site-packages/airflow/example_dags/example_kubernetes_executor.py
[2022-07-22 22:10:15,635] {processor.py:642} INFO - Processing file /home/airflow/.local/lib/python3.7/site-packages/airflow/example_dags/example_kubernetes_executor.py for tasks to queue
[2022-07-22 22:10:15,635] {logging_mixin.py:109} INFO - [2022-07-22 22:10:15,635] {dagbag.py:500} INFO - Filling up the DagBag from /home/airflow/.local/lib/python3.7/site-packages/airflow/example_dags/example_kubernetes_executor.py
[2022-07-22 22:10:15,657] {processor.py:654} INFO - DAG(s) dict_keys(['example_kubernetes_executor']) retrieved from /home/airflow/.local/lib/python3.7/site-packages/airflow/example_dags/example_kubernetes_executor.py
[2022-07-22 22:10:15,666] {logging_mixin.py:109} INFO - [2022-07-22 22:10:15,666] {dag.py:2396} INFO - Sync 1 DAGs
[2022-07-22 22:10:15,676] {logging_mixin.py:109} INFO - [2022-07-22 22:10:15,676] {dag.py:2935} INFO - Setting next_dagrun for example_kubernetes_executor to None
[2022-07-22 22:10:15,682] {processor.py:171} INFO - Processing /home/airflow/.local/lib/python3.7/site-packages/airflow/example_dags/example_kubernetes_executor.py took 0.051 seconds
[2022-07-22 22:10:46,357] {processor.py:163} INFO - Started process (PID=1610) to work on /home/airflow/.local/lib/python3.7/site-packages/airflow/example_dags/example_kubernetes_executor.py
[2022-07-22 22:10:46,358] {processor.py:642} INFO - Processing file /home/airflow/.local/lib/python3.7/site-packages/airflow/example_dags/example_kubernetes_executor.py for tasks to queue
[2022-07-22 22:10:46,358] {logging_mixin.py:109} INFO - [2022-07-22 22:10:46,358] {dagbag.py:500} INFO - Filling up the DagBag from /home/airflow/.local/lib/python3.7/site-packages/airflow/example_dags/example_kubernetes_executor.py
[2022-07-22 22:10:46,389] {processor.py:654} INFO - DAG(s) dict_keys(['example_kubernetes_executor']) retrieved from /home/airflow/.local/lib/python3.7/site-packages/airflow/example_dags/example_kubernetes_executor.py
[2022-07-22 22:10:46,403] {logging_mixin.py:109} INFO - [2022-07-22 22:10:46,403] {dag.py:2396} INFO - Sync 1 DAGs
[2022-07-22 22:10:46,416] {logging_mixin.py:109} INFO - [2022-07-22 22:10:46,416] {dag.py:2935} INFO - Setting next_dagrun for example_kubernetes_executor to None
[2022-07-22 22:10:46,424] {processor.py:171} INFO - Processing /home/airflow/.local/lib/python3.7/site-packages/airflow/example_dags/example_kubernetes_executor.py took 0.070 seconds
[2022-07-22 22:11:17,195] {processor.py:163} INFO - Started process (PID=1660) to work on /home/airflow/.local/lib/python3.7/site-packages/airflow/example_dags/example_kubernetes_executor.py
[2022-07-22 22:11:17,196] {processor.py:642} INFO - Processing file /home/airflow/.local/lib/python3.7/site-packages/airflow/example_dags/example_kubernetes_executor.py for tasks to queue
[2022-07-22 22:11:17,196] {logging_mixin.py:109} INFO - [2022-07-22 22:11:17,196] {dagbag.py:500} INFO - Filling up the DagBag from /home/airflow/.local/lib/python3.7/site-packages/airflow/example_dags/example_kubernetes_executor.py
[2022-07-22 22:11:17,221] {processor.py:654} INFO - DAG(s) dict_keys(['example_kubernetes_executor']) retrieved from /home/airflow/.local/lib/python3.7/site-packages/airflow/example_dags/example_kubernetes_executor.py
[2022-07-22 22:11:17,230] {logging_mixin.py:109} INFO - [2022-07-22 22:11:17,230] {dag.py:2396} INFO - Sync 1 DAGs
[2022-07-22 22:11:17,242] {logging_mixin.py:109} INFO - [2022-07-22 22:11:17,242] {dag.py:2935} INFO - Setting next_dagrun for example_kubernetes_executor to None
[2022-07-22 22:11:17,249] {processor.py:171} INFO - Processing /home/airflow/.local/lib/python3.7/site-packages/airflow/example_dags/example_kubernetes_executor.py took 0.056 seconds
[2022-07-22 22:11:47,943] {processor.py:163} INFO - Started process (PID=1719) to work on /home/airflow/.local/lib/python3.7/site-packages/airflow/example_dags/example_kubernetes_executor.py
[2022-07-22 22:11:47,944] {processor.py:642} INFO - Processing file /home/airflow/.local/lib/python3.7/site-packages/airflow/example_dags/example_kubernetes_executor.py for tasks to queue
[2022-07-22 22:11:47,944] {logging_mixin.py:109} INFO - [2022-07-22 22:11:47,944] {dagbag.py:500} INFO - Filling up the DagBag from /home/airflow/.local/lib/python3.7/site-packages/airflow/example_dags/example_kubernetes_executor.py
[2022-07-22 22:11:47,965] {processor.py:654} INFO - DAG(s) dict_keys(['example_kubernetes_executor']) retrieved from /home/airflow/.local/lib/python3.7/site-packages/airflow/example_dags/example_kubernetes_executor.py
[2022-07-22 22:11:47,973] {logging_mixin.py:109} INFO - [2022-07-22 22:11:47,973] {dag.py:2396} INFO - Sync 1 DAGs
[2022-07-22 22:11:47,984] {logging_mixin.py:109} INFO - [2022-07-22 22:11:47,984] {dag.py:2935} INFO - Setting next_dagrun for example_kubernetes_executor to None
[2022-07-22 22:11:47,990] {processor.py:171} INFO - Processing /home/airflow/.local/lib/python3.7/site-packages/airflow/example_dags/example_kubernetes_executor.py took 0.048 seconds
[2022-07-22 22:12:18,933] {processor.py:163} INFO - Started process (PID=1778) to work on /home/airflow/.local/lib/python3.7/site-packages/airflow/example_dags/example_kubernetes_executor.py
[2022-07-22 22:12:18,934] {processor.py:642} INFO - Processing file /home/airflow/.local/lib/python3.7/site-packages/airflow/example_dags/example_kubernetes_executor.py for tasks to queue
[2022-07-22 22:12:18,934] {logging_mixin.py:109} INFO - [2022-07-22 22:12:18,934] {dagbag.py:500} INFO - Filling up the DagBag from /home/airflow/.local/lib/python3.7/site-packages/airflow/example_dags/example_kubernetes_executor.py
[2022-07-22 22:12:18,958] {processor.py:654} INFO - DAG(s) dict_keys(['example_kubernetes_executor']) retrieved from /home/airflow/.local/lib/python3.7/site-packages/airflow/example_dags/example_kubernetes_executor.py
[2022-07-22 22:12:18,970] {logging_mixin.py:109} INFO - [2022-07-22 22:12:18,970] {dag.py:2396} INFO - Sync 1 DAGs
[2022-07-22 22:12:18,986] {logging_mixin.py:109} INFO - [2022-07-22 22:12:18,985] {dag.py:2935} INFO - Setting next_dagrun for example_kubernetes_executor to None
[2022-07-22 22:12:18,994] {processor.py:171} INFO - Processing /home/airflow/.local/lib/python3.7/site-packages/airflow/example_dags/example_kubernetes_executor.py took 0.063 seconds
[2022-07-22 22:12:49,710] {processor.py:163} INFO - Started process (PID=1828) to work on /home/airflow/.local/lib/python3.7/site-packages/airflow/example_dags/example_kubernetes_executor.py
[2022-07-22 22:12:49,711] {processor.py:642} INFO - Processing file /home/airflow/.local/lib/python3.7/site-packages/airflow/example_dags/example_kubernetes_executor.py for tasks to queue
[2022-07-22 22:12:49,711] {logging_mixin.py:109} INFO - [2022-07-22 22:12:49,711] {dagbag.py:500} INFO - Filling up the DagBag from /home/airflow/.local/lib/python3.7/site-packages/airflow/example_dags/example_kubernetes_executor.py
[2022-07-22 22:12:49,735] {processor.py:654} INFO - DAG(s) dict_keys(['example_kubernetes_executor']) retrieved from /home/airflow/.local/lib/python3.7/site-packages/airflow/example_dags/example_kubernetes_executor.py
[2022-07-22 22:12:49,748] {logging_mixin.py:109} INFO - [2022-07-22 22:12:49,748] {dag.py:2396} INFO - Sync 1 DAGs
[2022-07-22 22:12:49,764] {logging_mixin.py:109} INFO - [2022-07-22 22:12:49,764] {dag.py:2935} INFO - Setting next_dagrun for example_kubernetes_executor to None
[2022-07-22 22:12:49,772] {processor.py:171} INFO - Processing /home/airflow/.local/lib/python3.7/site-packages/airflow/example_dags/example_kubernetes_executor.py took 0.064 seconds
[2022-07-22 22:13:20,591] {processor.py:163} INFO - Started process (PID=1887) to work on /home/airflow/.local/lib/python3.7/site-packages/airflow/example_dags/example_kubernetes_executor.py
[2022-07-22 22:13:20,591] {processor.py:642} INFO - Processing file /home/airflow/.local/lib/python3.7/site-packages/airflow/example_dags/example_kubernetes_executor.py for tasks to queue
[2022-07-22 22:13:20,592] {logging_mixin.py:109} INFO - [2022-07-22 22:13:20,592] {dagbag.py:500} INFO - Filling up the DagBag from /home/airflow/.local/lib/python3.7/site-packages/airflow/example_dags/example_kubernetes_executor.py
[2022-07-22 22:13:20,612] {processor.py:654} INFO - DAG(s) dict_keys(['example_kubernetes_executor']) retrieved from /home/airflow/.local/lib/python3.7/site-packages/airflow/example_dags/example_kubernetes_executor.py
[2022-07-22 22:13:20,620] {logging_mixin.py:109} INFO - [2022-07-22 22:13:20,620] {dag.py:2396} INFO - Sync 1 DAGs
[2022-07-22 22:13:20,630] {logging_mixin.py:109} INFO - [2022-07-22 22:13:20,630] {dag.py:2935} INFO - Setting next_dagrun for example_kubernetes_executor to None
[2022-07-22 22:13:20,636] {processor.py:171} INFO - Processing /home/airflow/.local/lib/python3.7/site-packages/airflow/example_dags/example_kubernetes_executor.py took 0.047 seconds
[2022-07-22 22:13:51,151] {processor.py:163} INFO - Started process (PID=1937) to work on /home/airflow/.local/lib/python3.7/site-packages/airflow/example_dags/example_kubernetes_executor.py
[2022-07-22 22:13:51,152] {processor.py:642} INFO - Processing file /home/airflow/.local/lib/python3.7/site-packages/airflow/example_dags/example_kubernetes_executor.py for tasks to queue
[2022-07-22 22:13:51,152] {logging_mixin.py:109} INFO - [2022-07-22 22:13:51,152] {dagbag.py:500} INFO - Filling up the DagBag from /home/airflow/.local/lib/python3.7/site-packages/airflow/example_dags/example_kubernetes_executor.py
[2022-07-22 22:13:51,173] {processor.py:654} INFO - DAG(s) dict_keys(['example_kubernetes_executor']) retrieved from /home/airflow/.local/lib/python3.7/site-packages/airflow/example_dags/example_kubernetes_executor.py
[2022-07-22 22:13:51,181] {logging_mixin.py:109} INFO - [2022-07-22 22:13:51,181] {dag.py:2396} INFO - Sync 1 DAGs
[2022-07-22 22:13:51,191] {logging_mixin.py:109} INFO - [2022-07-22 22:13:51,191] {dag.py:2935} INFO - Setting next_dagrun for example_kubernetes_executor to None
[2022-07-22 22:13:51,197] {processor.py:171} INFO - Processing /home/airflow/.local/lib/python3.7/site-packages/airflow/example_dags/example_kubernetes_executor.py took 0.047 seconds
[2022-07-22 22:14:21,944] {processor.py:163} INFO - Started process (PID=1996) to work on /home/airflow/.local/lib/python3.7/site-packages/airflow/example_dags/example_kubernetes_executor.py
[2022-07-22 22:14:21,945] {processor.py:642} INFO - Processing file /home/airflow/.local/lib/python3.7/site-packages/airflow/example_dags/example_kubernetes_executor.py for tasks to queue
[2022-07-22 22:14:21,945] {logging_mixin.py:109} INFO - [2022-07-22 22:14:21,945] {dagbag.py:500} INFO - Filling up the DagBag from /home/airflow/.local/lib/python3.7/site-packages/airflow/example_dags/example_kubernetes_executor.py
[2022-07-22 22:14:21,966] {processor.py:654} INFO - DAG(s) dict_keys(['example_kubernetes_executor']) retrieved from /home/airflow/.local/lib/python3.7/site-packages/airflow/example_dags/example_kubernetes_executor.py
[2022-07-22 22:14:21,975] {logging_mixin.py:109} INFO - [2022-07-22 22:14:21,975] {dag.py:2396} INFO - Sync 1 DAGs
[2022-07-22 22:14:21,986] {logging_mixin.py:109} INFO - [2022-07-22 22:14:21,986] {dag.py:2935} INFO - Setting next_dagrun for example_kubernetes_executor to None
[2022-07-22 22:14:21,992] {processor.py:171} INFO - Processing /home/airflow/.local/lib/python3.7/site-packages/airflow/example_dags/example_kubernetes_executor.py took 0.049 seconds
[2022-07-22 22:14:52,430] {processor.py:163} INFO - Started process (PID=2056) to work on /home/airflow/.local/lib/python3.7/site-packages/airflow/example_dags/example_kubernetes_executor.py
[2022-07-22 22:14:52,431] {processor.py:642} INFO - Processing file /home/airflow/.local/lib/python3.7/site-packages/airflow/example_dags/example_kubernetes_executor.py for tasks to queue
[2022-07-22 22:14:52,431] {logging_mixin.py:109} INFO - [2022-07-22 22:14:52,431] {dagbag.py:500} INFO - Filling up the DagBag from /home/airflow/.local/lib/python3.7/site-packages/airflow/example_dags/example_kubernetes_executor.py
[2022-07-22 22:14:52,452] {processor.py:654} INFO - DAG(s) dict_keys(['example_kubernetes_executor']) retrieved from /home/airflow/.local/lib/python3.7/site-packages/airflow/example_dags/example_kubernetes_executor.py
[2022-07-22 22:14:52,460] {logging_mixin.py:109} INFO - [2022-07-22 22:14:52,460] {dag.py:2396} INFO - Sync 1 DAGs
[2022-07-22 22:14:52,470] {logging_mixin.py:109} INFO - [2022-07-22 22:14:52,470] {dag.py:2935} INFO - Setting next_dagrun for example_kubernetes_executor to None
[2022-07-22 22:14:52,476] {processor.py:171} INFO - Processing /home/airflow/.local/lib/python3.7/site-packages/airflow/example_dags/example_kubernetes_executor.py took 0.047 seconds
[2022-07-22 22:15:22,998] {processor.py:163} INFO - Started process (PID=2106) to work on /home/airflow/.local/lib/python3.7/site-packages/airflow/example_dags/example_kubernetes_executor.py
[2022-07-22 22:15:23,000] {processor.py:642} INFO - Processing file /home/airflow/.local/lib/python3.7/site-packages/airflow/example_dags/example_kubernetes_executor.py for tasks to queue
[2022-07-22 22:15:23,000] {logging_mixin.py:109} INFO - [2022-07-22 22:15:23,000] {dagbag.py:500} INFO - Filling up the DagBag from /home/airflow/.local/lib/python3.7/site-packages/airflow/example_dags/example_kubernetes_executor.py
[2022-07-22 22:15:23,028] {processor.py:654} INFO - DAG(s) dict_keys(['example_kubernetes_executor']) retrieved from /home/airflow/.local/lib/python3.7/site-packages/airflow/example_dags/example_kubernetes_executor.py
[2022-07-22 22:15:23,040] {logging_mixin.py:109} INFO - [2022-07-22 22:15:23,040] {dag.py:2396} INFO - Sync 1 DAGs
[2022-07-22 22:15:23,054] {logging_mixin.py:109} INFO - [2022-07-22 22:15:23,054] {dag.py:2935} INFO - Setting next_dagrun for example_kubernetes_executor to None
[2022-07-22 22:15:23,060] {processor.py:171} INFO - Processing /home/airflow/.local/lib/python3.7/site-packages/airflow/example_dags/example_kubernetes_executor.py took 0.065 seconds
[2022-07-22 22:15:53,720] {processor.py:163} INFO - Started process (PID=2165) to work on /home/airflow/.local/lib/python3.7/site-packages/airflow/example_dags/example_kubernetes_executor.py
[2022-07-22 22:15:53,721] {processor.py:642} INFO - Processing file /home/airflow/.local/lib/python3.7/site-packages/airflow/example_dags/example_kubernetes_executor.py for tasks to queue
[2022-07-22 22:15:53,721] {logging_mixin.py:109} INFO - [2022-07-22 22:15:53,721] {dagbag.py:500} INFO - Filling up the DagBag from /home/airflow/.local/lib/python3.7/site-packages/airflow/example_dags/example_kubernetes_executor.py
[2022-07-22 22:15:53,743] {processor.py:654} INFO - DAG(s) dict_keys(['example_kubernetes_executor']) retrieved from /home/airflow/.local/lib/python3.7/site-packages/airflow/example_dags/example_kubernetes_executor.py
[2022-07-22 22:15:53,752] {logging_mixin.py:109} INFO - [2022-07-22 22:15:53,752] {dag.py:2396} INFO - Sync 1 DAGs
[2022-07-22 22:15:53,762] {logging_mixin.py:109} INFO - [2022-07-22 22:15:53,762] {dag.py:2935} INFO - Setting next_dagrun for example_kubernetes_executor to None
[2022-07-22 22:15:53,768] {processor.py:171} INFO - Processing /home/airflow/.local/lib/python3.7/site-packages/airflow/example_dags/example_kubernetes_executor.py took 0.050 seconds
[2022-07-22 22:16:24,342] {processor.py:163} INFO - Started process (PID=2215) to work on /home/airflow/.local/lib/python3.7/site-packages/airflow/example_dags/example_kubernetes_executor.py
[2022-07-22 22:16:24,343] {processor.py:642} INFO - Processing file /home/airflow/.local/lib/python3.7/site-packages/airflow/example_dags/example_kubernetes_executor.py for tasks to queue
[2022-07-22 22:16:24,343] {logging_mixin.py:109} INFO - [2022-07-22 22:16:24,343] {dagbag.py:500} INFO - Filling up the DagBag from /home/airflow/.local/lib/python3.7/site-packages/airflow/example_dags/example_kubernetes_executor.py
[2022-07-22 22:16:24,363] {processor.py:654} INFO - DAG(s) dict_keys(['example_kubernetes_executor']) retrieved from /home/airflow/.local/lib/python3.7/site-packages/airflow/example_dags/example_kubernetes_executor.py
[2022-07-22 22:16:24,372] {logging_mixin.py:109} INFO - [2022-07-22 22:16:24,372] {dag.py:2396} INFO - Sync 1 DAGs
[2022-07-22 22:16:24,382] {logging_mixin.py:109} INFO - [2022-07-22 22:16:24,382] {dag.py:2935} INFO - Setting next_dagrun for example_kubernetes_executor to None
[2022-07-22 22:16:24,388] {processor.py:171} INFO - Processing /home/airflow/.local/lib/python3.7/site-packages/airflow/example_dags/example_kubernetes_executor.py took 0.048 seconds
[2022-07-22 22:16:54,756] {processor.py:163} INFO - Started process (PID=2274) to work on /home/airflow/.local/lib/python3.7/site-packages/airflow/example_dags/example_kubernetes_executor.py
[2022-07-22 22:16:54,757] {processor.py:642} INFO - Processing file /home/airflow/.local/lib/python3.7/site-packages/airflow/example_dags/example_kubernetes_executor.py for tasks to queue
[2022-07-22 22:16:54,757] {logging_mixin.py:109} INFO - [2022-07-22 22:16:54,757] {dagbag.py:500} INFO - Filling up the DagBag from /home/airflow/.local/lib/python3.7/site-packages/airflow/example_dags/example_kubernetes_executor.py
[2022-07-22 22:16:54,778] {processor.py:654} INFO - DAG(s) dict_keys(['example_kubernetes_executor']) retrieved from /home/airflow/.local/lib/python3.7/site-packages/airflow/example_dags/example_kubernetes_executor.py
[2022-07-22 22:16:54,787] {logging_mixin.py:109} INFO - [2022-07-22 22:16:54,787] {dag.py:2396} INFO - Sync 1 DAGs
[2022-07-22 22:16:54,797] {logging_mixin.py:109} INFO - [2022-07-22 22:16:54,797] {dag.py:2935} INFO - Setting next_dagrun for example_kubernetes_executor to None
[2022-07-22 22:16:54,803] {processor.py:171} INFO - Processing /home/airflow/.local/lib/python3.7/site-packages/airflow/example_dags/example_kubernetes_executor.py took 0.048 seconds
[2022-07-22 22:17:25,365] {processor.py:163} INFO - Started process (PID=2333) to work on /home/airflow/.local/lib/python3.7/site-packages/airflow/example_dags/example_kubernetes_executor.py
[2022-07-22 22:17:25,365] {processor.py:642} INFO - Processing file /home/airflow/.local/lib/python3.7/site-packages/airflow/example_dags/example_kubernetes_executor.py for tasks to queue
[2022-07-22 22:17:25,366] {logging_mixin.py:109} INFO - [2022-07-22 22:17:25,366] {dagbag.py:500} INFO - Filling up the DagBag from /home/airflow/.local/lib/python3.7/site-packages/airflow/example_dags/example_kubernetes_executor.py
[2022-07-22 22:17:25,388] {processor.py:654} INFO - DAG(s) dict_keys(['example_kubernetes_executor']) retrieved from /home/airflow/.local/lib/python3.7/site-packages/airflow/example_dags/example_kubernetes_executor.py
[2022-07-22 22:17:25,397] {logging_mixin.py:109} INFO - [2022-07-22 22:17:25,397] {dag.py:2396} INFO - Sync 1 DAGs
[2022-07-22 22:17:25,408] {logging_mixin.py:109} INFO - [2022-07-22 22:17:25,408] {dag.py:2935} INFO - Setting next_dagrun for example_kubernetes_executor to None
[2022-07-22 22:17:25,417] {processor.py:171} INFO - Processing /home/airflow/.local/lib/python3.7/site-packages/airflow/example_dags/example_kubernetes_executor.py took 0.054 seconds
[2022-07-22 22:17:56,241] {processor.py:163} INFO - Started process (PID=2383) to work on /home/airflow/.local/lib/python3.7/site-packages/airflow/example_dags/example_kubernetes_executor.py
[2022-07-22 22:17:56,242] {processor.py:642} INFO - Processing file /home/airflow/.local/lib/python3.7/site-packages/airflow/example_dags/example_kubernetes_executor.py for tasks to queue
[2022-07-22 22:17:56,242] {logging_mixin.py:109} INFO - [2022-07-22 22:17:56,242] {dagbag.py:500} INFO - Filling up the DagBag from /home/airflow/.local/lib/python3.7/site-packages/airflow/example_dags/example_kubernetes_executor.py
[2022-07-22 22:17:56,263] {processor.py:654} INFO - DAG(s) dict_keys(['example_kubernetes_executor']) retrieved from /home/airflow/.local/lib/python3.7/site-packages/airflow/example_dags/example_kubernetes_executor.py
[2022-07-22 22:17:56,271] {logging_mixin.py:109} INFO - [2022-07-22 22:17:56,271] {dag.py:2396} INFO - Sync 1 DAGs
[2022-07-22 22:17:56,282] {logging_mixin.py:109} INFO - [2022-07-22 22:17:56,282] {dag.py:2935} INFO - Setting next_dagrun for example_kubernetes_executor to None
[2022-07-22 22:17:56,288] {processor.py:171} INFO - Processing /home/airflow/.local/lib/python3.7/site-packages/airflow/example_dags/example_kubernetes_executor.py took 0.049 seconds
[2022-07-22 22:18:26,868] {processor.py:163} INFO - Started process (PID=2442) to work on /home/airflow/.local/lib/python3.7/site-packages/airflow/example_dags/example_kubernetes_executor.py
[2022-07-22 22:18:26,869] {processor.py:642} INFO - Processing file /home/airflow/.local/lib/python3.7/site-packages/airflow/example_dags/example_kubernetes_executor.py for tasks to queue
[2022-07-22 22:18:26,869] {logging_mixin.py:109} INFO - [2022-07-22 22:18:26,869] {dagbag.py:500} INFO - Filling up the DagBag from /home/airflow/.local/lib/python3.7/site-packages/airflow/example_dags/example_kubernetes_executor.py
[2022-07-22 22:18:26,890] {processor.py:654} INFO - DAG(s) dict_keys(['example_kubernetes_executor']) retrieved from /home/airflow/.local/lib/python3.7/site-packages/airflow/example_dags/example_kubernetes_executor.py
[2022-07-22 22:18:26,898] {logging_mixin.py:109} INFO - [2022-07-22 22:18:26,898] {dag.py:2396} INFO - Sync 1 DAGs
[2022-07-22 22:18:26,910] {logging_mixin.py:109} INFO - [2022-07-22 22:18:26,910] {dag.py:2935} INFO - Setting next_dagrun for example_kubernetes_executor to None
[2022-07-22 22:18:26,916] {processor.py:171} INFO - Processing /home/airflow/.local/lib/python3.7/site-packages/airflow/example_dags/example_kubernetes_executor.py took 0.050 seconds
[2022-07-22 22:18:57,722] {processor.py:163} INFO - Started process (PID=2492) to work on /home/airflow/.local/lib/python3.7/site-packages/airflow/example_dags/example_kubernetes_executor.py
[2022-07-22 22:18:57,723] {processor.py:642} INFO - Processing file /home/airflow/.local/lib/python3.7/site-packages/airflow/example_dags/example_kubernetes_executor.py for tasks to queue
[2022-07-22 22:18:57,723] {logging_mixin.py:109} INFO - [2022-07-22 22:18:57,723] {dagbag.py:500} INFO - Filling up the DagBag from /home/airflow/.local/lib/python3.7/site-packages/airflow/example_dags/example_kubernetes_executor.py
[2022-07-22 22:18:57,745] {processor.py:654} INFO - DAG(s) dict_keys(['example_kubernetes_executor']) retrieved from /home/airflow/.local/lib/python3.7/site-packages/airflow/example_dags/example_kubernetes_executor.py
[2022-07-22 22:18:57,754] {logging_mixin.py:109} INFO - [2022-07-22 22:18:57,754] {dag.py:2396} INFO - Sync 1 DAGs
[2022-07-22 22:18:57,832] {logging_mixin.py:109} INFO - [2022-07-22 22:18:57,832] {dag.py:2935} INFO - Setting next_dagrun for example_kubernetes_executor to None
[2022-07-22 22:18:57,838] {processor.py:171} INFO - Processing /home/airflow/.local/lib/python3.7/site-packages/airflow/example_dags/example_kubernetes_executor.py took 0.118 seconds
[2022-07-22 22:19:28,553] {processor.py:163} INFO - Started process (PID=2551) to work on /home/airflow/.local/lib/python3.7/site-packages/airflow/example_dags/example_kubernetes_executor.py
[2022-07-22 22:19:28,554] {processor.py:642} INFO - Processing file /home/airflow/.local/lib/python3.7/site-packages/airflow/example_dags/example_kubernetes_executor.py for tasks to queue
[2022-07-22 22:19:28,554] {logging_mixin.py:109} INFO - [2022-07-22 22:19:28,554] {dagbag.py:500} INFO - Filling up the DagBag from /home/airflow/.local/lib/python3.7/site-packages/airflow/example_dags/example_kubernetes_executor.py
[2022-07-22 22:19:28,577] {processor.py:654} INFO - DAG(s) dict_keys(['example_kubernetes_executor']) retrieved from /home/airflow/.local/lib/python3.7/site-packages/airflow/example_dags/example_kubernetes_executor.py
[2022-07-22 22:19:28,586] {logging_mixin.py:109} INFO - [2022-07-22 22:19:28,586] {dag.py:2396} INFO - Sync 1 DAGs
[2022-07-22 22:19:28,654] {logging_mixin.py:109} INFO - [2022-07-22 22:19:28,654] {dag.py:2935} INFO - Setting next_dagrun for example_kubernetes_executor to None
[2022-07-22 22:19:28,660] {processor.py:171} INFO - Processing /home/airflow/.local/lib/python3.7/site-packages/airflow/example_dags/example_kubernetes_executor.py took 0.109 seconds
[2022-07-22 22:19:59,314] {processor.py:163} INFO - Started process (PID=2610) to work on /home/airflow/.local/lib/python3.7/site-packages/airflow/example_dags/example_kubernetes_executor.py
[2022-07-22 22:19:59,314] {processor.py:642} INFO - Processing file /home/airflow/.local/lib/python3.7/site-packages/airflow/example_dags/example_kubernetes_executor.py for tasks to queue
[2022-07-22 22:19:59,315] {logging_mixin.py:109} INFO - [2022-07-22 22:19:59,315] {dagbag.py:500} INFO - Filling up the DagBag from /home/airflow/.local/lib/python3.7/site-packages/airflow/example_dags/example_kubernetes_executor.py
[2022-07-22 22:19:59,338] {processor.py:654} INFO - DAG(s) dict_keys(['example_kubernetes_executor']) retrieved from /home/airflow/.local/lib/python3.7/site-packages/airflow/example_dags/example_kubernetes_executor.py
[2022-07-22 22:19:59,349] {logging_mixin.py:109} INFO - [2022-07-22 22:19:59,349] {dag.py:2396} INFO - Sync 1 DAGs
[2022-07-22 22:19:59,432] {logging_mixin.py:109} INFO - [2022-07-22 22:19:59,432] {dag.py:2935} INFO - Setting next_dagrun for example_kubernetes_executor to None
[2022-07-22 22:19:59,438] {processor.py:171} INFO - Processing /home/airflow/.local/lib/python3.7/site-packages/airflow/example_dags/example_kubernetes_executor.py took 0.127 seconds
[2022-07-22 22:20:29,602] {processor.py:163} INFO - Started process (PID=2661) to work on /home/airflow/.local/lib/python3.7/site-packages/airflow/example_dags/example_kubernetes_executor.py
[2022-07-22 22:20:29,603] {processor.py:642} INFO - Processing file /home/airflow/.local/lib/python3.7/site-packages/airflow/example_dags/example_kubernetes_executor.py for tasks to queue
[2022-07-22 22:20:29,603] {logging_mixin.py:109} INFO - [2022-07-22 22:20:29,603] {dagbag.py:500} INFO - Filling up the DagBag from /home/airflow/.local/lib/python3.7/site-packages/airflow/example_dags/example_kubernetes_executor.py
[2022-07-22 22:20:29,624] {processor.py:654} INFO - DAG(s) dict_keys(['example_kubernetes_executor']) retrieved from /home/airflow/.local/lib/python3.7/site-packages/airflow/example_dags/example_kubernetes_executor.py
[2022-07-22 22:20:29,633] {logging_mixin.py:109} INFO - [2022-07-22 22:20:29,633] {dag.py:2396} INFO - Sync 1 DAGs
[2022-07-22 22:20:29,709] {logging_mixin.py:109} INFO - [2022-07-22 22:20:29,709] {dag.py:2935} INFO - Setting next_dagrun for example_kubernetes_executor to None
[2022-07-22 22:20:29,715] {processor.py:171} INFO - Processing /home/airflow/.local/lib/python3.7/site-packages/airflow/example_dags/example_kubernetes_executor.py took 0.115 seconds
[2022-07-22 22:20:59,837] {processor.py:163} INFO - Started process (PID=2720) to work on /home/airflow/.local/lib/python3.7/site-packages/airflow/example_dags/example_kubernetes_executor.py
[2022-07-22 22:20:59,838] {processor.py:642} INFO - Processing file /home/airflow/.local/lib/python3.7/site-packages/airflow/example_dags/example_kubernetes_executor.py for tasks to queue
[2022-07-22 22:20:59,838] {logging_mixin.py:109} INFO - [2022-07-22 22:20:59,838] {dagbag.py:500} INFO - Filling up the DagBag from /home/airflow/.local/lib/python3.7/site-packages/airflow/example_dags/example_kubernetes_executor.py
[2022-07-22 22:20:59,861] {processor.py:654} INFO - DAG(s) dict_keys(['example_kubernetes_executor']) retrieved from /home/airflow/.local/lib/python3.7/site-packages/airflow/example_dags/example_kubernetes_executor.py
[2022-07-22 22:20:59,870] {logging_mixin.py:109} INFO - [2022-07-22 22:20:59,870] {dag.py:2396} INFO - Sync 1 DAGs
[2022-07-22 22:20:59,954] {logging_mixin.py:109} INFO - [2022-07-22 22:20:59,954] {dag.py:2935} INFO - Setting next_dagrun for example_kubernetes_executor to None
[2022-07-22 22:20:59,960] {processor.py:171} INFO - Processing /home/airflow/.local/lib/python3.7/site-packages/airflow/example_dags/example_kubernetes_executor.py took 0.125 seconds
[2022-07-22 22:21:30,300] {processor.py:163} INFO - Started process (PID=2769) to work on /home/airflow/.local/lib/python3.7/site-packages/airflow/example_dags/example_kubernetes_executor.py
[2022-07-22 22:21:30,301] {processor.py:642} INFO - Processing file /home/airflow/.local/lib/python3.7/site-packages/airflow/example_dags/example_kubernetes_executor.py for tasks to queue
[2022-07-22 22:21:30,301] {logging_mixin.py:109} INFO - [2022-07-22 22:21:30,301] {dagbag.py:500} INFO - Filling up the DagBag from /home/airflow/.local/lib/python3.7/site-packages/airflow/example_dags/example_kubernetes_executor.py
[2022-07-22 22:21:30,325] {processor.py:654} INFO - DAG(s) dict_keys(['example_kubernetes_executor']) retrieved from /home/airflow/.local/lib/python3.7/site-packages/airflow/example_dags/example_kubernetes_executor.py
[2022-07-22 22:21:30,410] {logging_mixin.py:109} INFO - [2022-07-22 22:21:30,409] {dag.py:2396} INFO - Sync 1 DAGs
[2022-07-22 22:21:30,420] {logging_mixin.py:109} INFO - [2022-07-22 22:21:30,420] {dag.py:2935} INFO - Setting next_dagrun for example_kubernetes_executor to None
[2022-07-22 22:21:30,425] {processor.py:171} INFO - Processing /home/airflow/.local/lib/python3.7/site-packages/airflow/example_dags/example_kubernetes_executor.py took 0.128 seconds
[2022-07-22 22:22:01,195] {processor.py:163} INFO - Started process (PID=2828) to work on /home/airflow/.local/lib/python3.7/site-packages/airflow/example_dags/example_kubernetes_executor.py
[2022-07-22 22:22:01,196] {processor.py:642} INFO - Processing file /home/airflow/.local/lib/python3.7/site-packages/airflow/example_dags/example_kubernetes_executor.py for tasks to queue
[2022-07-22 22:22:01,197] {logging_mixin.py:109} INFO - [2022-07-22 22:22:01,197] {dagbag.py:500} INFO - Filling up the DagBag from /home/airflow/.local/lib/python3.7/site-packages/airflow/example_dags/example_kubernetes_executor.py
[2022-07-22 22:22:01,294] {processor.py:654} INFO - DAG(s) dict_keys(['example_kubernetes_executor']) retrieved from /home/airflow/.local/lib/python3.7/site-packages/airflow/example_dags/example_kubernetes_executor.py
[2022-07-22 22:22:01,302] {logging_mixin.py:109} INFO - [2022-07-22 22:22:01,302] {dag.py:2396} INFO - Sync 1 DAGs
[2022-07-22 22:22:01,312] {logging_mixin.py:109} INFO - [2022-07-22 22:22:01,312] {dag.py:2935} INFO - Setting next_dagrun for example_kubernetes_executor to None
[2022-07-22 22:22:01,318] {processor.py:171} INFO - Processing /home/airflow/.local/lib/python3.7/site-packages/airflow/example_dags/example_kubernetes_executor.py took 0.124 seconds
[2022-07-22 22:22:31,774] {processor.py:163} INFO - Started process (PID=2878) to work on /home/airflow/.local/lib/python3.7/site-packages/airflow/example_dags/example_kubernetes_executor.py
[2022-07-22 22:22:31,774] {processor.py:642} INFO - Processing file /home/airflow/.local/lib/python3.7/site-packages/airflow/example_dags/example_kubernetes_executor.py for tasks to queue
[2022-07-22 22:22:31,775] {logging_mixin.py:109} INFO - [2022-07-22 22:22:31,775] {dagbag.py:500} INFO - Filling up the DagBag from /home/airflow/.local/lib/python3.7/site-packages/airflow/example_dags/example_kubernetes_executor.py
[2022-07-22 22:22:31,871] {processor.py:654} INFO - DAG(s) dict_keys(['example_kubernetes_executor']) retrieved from /home/airflow/.local/lib/python3.7/site-packages/airflow/example_dags/example_kubernetes_executor.py
[2022-07-22 22:22:31,879] {logging_mixin.py:109} INFO - [2022-07-22 22:22:31,879] {dag.py:2396} INFO - Sync 1 DAGs
[2022-07-22 22:22:31,889] {logging_mixin.py:109} INFO - [2022-07-22 22:22:31,889] {dag.py:2935} INFO - Setting next_dagrun for example_kubernetes_executor to None
[2022-07-22 22:22:31,895] {processor.py:171} INFO - Processing /home/airflow/.local/lib/python3.7/site-packages/airflow/example_dags/example_kubernetes_executor.py took 0.123 seconds
[2022-07-22 22:23:02,542] {processor.py:163} INFO - Started process (PID=2937) to work on /home/airflow/.local/lib/python3.7/site-packages/airflow/example_dags/example_kubernetes_executor.py
[2022-07-22 22:23:02,543] {processor.py:642} INFO - Processing file /home/airflow/.local/lib/python3.7/site-packages/airflow/example_dags/example_kubernetes_executor.py for tasks to queue
[2022-07-22 22:23:02,543] {logging_mixin.py:109} INFO - [2022-07-22 22:23:02,543] {dagbag.py:500} INFO - Filling up the DagBag from /home/airflow/.local/lib/python3.7/site-packages/airflow/example_dags/example_kubernetes_executor.py
[2022-07-22 22:23:02,633] {processor.py:654} INFO - DAG(s) dict_keys(['example_kubernetes_executor']) retrieved from /home/airflow/.local/lib/python3.7/site-packages/airflow/example_dags/example_kubernetes_executor.py
[2022-07-22 22:23:02,640] {logging_mixin.py:109} INFO - [2022-07-22 22:23:02,640] {dag.py:2396} INFO - Sync 1 DAGs
[2022-07-22 22:23:02,650] {logging_mixin.py:109} INFO - [2022-07-22 22:23:02,650] {dag.py:2935} INFO - Setting next_dagrun for example_kubernetes_executor to None
[2022-07-22 22:23:02,656] {processor.py:171} INFO - Processing /home/airflow/.local/lib/python3.7/site-packages/airflow/example_dags/example_kubernetes_executor.py took 0.116 seconds
[2022-07-22 22:23:33,198] {processor.py:163} INFO - Started process (PID=2996) to work on /home/airflow/.local/lib/python3.7/site-packages/airflow/example_dags/example_kubernetes_executor.py
[2022-07-22 22:23:33,199] {processor.py:642} INFO - Processing file /home/airflow/.local/lib/python3.7/site-packages/airflow/example_dags/example_kubernetes_executor.py for tasks to queue
[2022-07-22 22:23:33,199] {logging_mixin.py:109} INFO - [2022-07-22 22:23:33,199] {dagbag.py:500} INFO - Filling up the DagBag from /home/airflow/.local/lib/python3.7/site-packages/airflow/example_dags/example_kubernetes_executor.py
[2022-07-22 22:23:33,295] {processor.py:654} INFO - DAG(s) dict_keys(['example_kubernetes_executor']) retrieved from /home/airflow/.local/lib/python3.7/site-packages/airflow/example_dags/example_kubernetes_executor.py
[2022-07-22 22:23:33,304] {logging_mixin.py:109} INFO - [2022-07-22 22:23:33,304] {dag.py:2396} INFO - Sync 1 DAGs
[2022-07-22 22:23:33,313] {logging_mixin.py:109} INFO - [2022-07-22 22:23:33,313] {dag.py:2935} INFO - Setting next_dagrun for example_kubernetes_executor to None
[2022-07-22 22:23:33,319] {processor.py:171} INFO - Processing /home/airflow/.local/lib/python3.7/site-packages/airflow/example_dags/example_kubernetes_executor.py took 0.122 seconds
[2022-07-22 22:24:03,925] {processor.py:163} INFO - Started process (PID=3046) to work on /home/airflow/.local/lib/python3.7/site-packages/airflow/example_dags/example_kubernetes_executor.py
[2022-07-22 22:24:03,927] {processor.py:642} INFO - Processing file /home/airflow/.local/lib/python3.7/site-packages/airflow/example_dags/example_kubernetes_executor.py for tasks to queue
[2022-07-22 22:24:03,927] {logging_mixin.py:109} INFO - [2022-07-22 22:24:03,927] {dagbag.py:500} INFO - Filling up the DagBag from /home/airflow/.local/lib/python3.7/site-packages/airflow/example_dags/example_kubernetes_executor.py
[2022-07-22 22:24:04,033] {processor.py:654} INFO - DAG(s) dict_keys(['example_kubernetes_executor']) retrieved from /home/airflow/.local/lib/python3.7/site-packages/airflow/example_dags/example_kubernetes_executor.py
[2022-07-22 22:24:04,043] {logging_mixin.py:109} INFO - [2022-07-22 22:24:04,043] {dag.py:2396} INFO - Sync 1 DAGs
[2022-07-22 22:24:04,055] {logging_mixin.py:109} INFO - [2022-07-22 22:24:04,055] {dag.py:2935} INFO - Setting next_dagrun for example_kubernetes_executor to None
[2022-07-22 22:24:04,062] {processor.py:171} INFO - Processing /home/airflow/.local/lib/python3.7/site-packages/airflow/example_dags/example_kubernetes_executor.py took 0.139 seconds
[2022-07-22 22:24:34,891] {processor.py:163} INFO - Started process (PID=3105) to work on /home/airflow/.local/lib/python3.7/site-packages/airflow/example_dags/example_kubernetes_executor.py
[2022-07-22 22:24:34,892] {processor.py:642} INFO - Processing file /home/airflow/.local/lib/python3.7/site-packages/airflow/example_dags/example_kubernetes_executor.py for tasks to queue
[2022-07-22 22:24:34,892] {logging_mixin.py:109} INFO - [2022-07-22 22:24:34,892] {dagbag.py:500} INFO - Filling up the DagBag from /home/airflow/.local/lib/python3.7/site-packages/airflow/example_dags/example_kubernetes_executor.py
[2022-07-22 22:24:34,984] {processor.py:654} INFO - DAG(s) dict_keys(['example_kubernetes_executor']) retrieved from /home/airflow/.local/lib/python3.7/site-packages/airflow/example_dags/example_kubernetes_executor.py
[2022-07-22 22:24:34,991] {logging_mixin.py:109} INFO - [2022-07-22 22:24:34,991] {dag.py:2396} INFO - Sync 1 DAGs
[2022-07-22 22:24:35,001] {logging_mixin.py:109} INFO - [2022-07-22 22:24:35,001] {dag.py:2935} INFO - Setting next_dagrun for example_kubernetes_executor to None
[2022-07-22 22:24:35,006] {processor.py:171} INFO - Processing /home/airflow/.local/lib/python3.7/site-packages/airflow/example_dags/example_kubernetes_executor.py took 0.117 seconds
[2022-07-22 22:25:05,490] {processor.py:163} INFO - Started process (PID=3154) to work on /home/airflow/.local/lib/python3.7/site-packages/airflow/example_dags/example_kubernetes_executor.py
[2022-07-22 22:25:05,490] {processor.py:642} INFO - Processing file /home/airflow/.local/lib/python3.7/site-packages/airflow/example_dags/example_kubernetes_executor.py for tasks to queue
[2022-07-22 22:25:05,491] {logging_mixin.py:109} INFO - [2022-07-22 22:25:05,491] {dagbag.py:500} INFO - Filling up the DagBag from /home/airflow/.local/lib/python3.7/site-packages/airflow/example_dags/example_kubernetes_executor.py
[2022-07-22 22:25:05,573] {processor.py:654} INFO - DAG(s) dict_keys(['example_kubernetes_executor']) retrieved from /home/airflow/.local/lib/python3.7/site-packages/airflow/example_dags/example_kubernetes_executor.py
[2022-07-22 22:25:05,581] {logging_mixin.py:109} INFO - [2022-07-22 22:25:05,581] {dag.py:2396} INFO - Sync 1 DAGs
[2022-07-22 22:25:05,590] {logging_mixin.py:109} INFO - [2022-07-22 22:25:05,590] {dag.py:2935} INFO - Setting next_dagrun for example_kubernetes_executor to None
[2022-07-22 22:25:05,596] {processor.py:171} INFO - Processing /home/airflow/.local/lib/python3.7/site-packages/airflow/example_dags/example_kubernetes_executor.py took 0.108 seconds
[2022-07-22 22:25:35,882] {processor.py:163} INFO - Started process (PID=3213) to work on /home/airflow/.local/lib/python3.7/site-packages/airflow/example_dags/example_kubernetes_executor.py
[2022-07-22 22:25:35,882] {processor.py:642} INFO - Processing file /home/airflow/.local/lib/python3.7/site-packages/airflow/example_dags/example_kubernetes_executor.py for tasks to queue
[2022-07-22 22:25:35,883] {logging_mixin.py:109} INFO - [2022-07-22 22:25:35,882] {dagbag.py:500} INFO - Filling up the DagBag from /home/airflow/.local/lib/python3.7/site-packages/airflow/example_dags/example_kubernetes_executor.py
[2022-07-22 22:25:35,905] {processor.py:654} INFO - DAG(s) dict_keys(['example_kubernetes_executor']) retrieved from /home/airflow/.local/lib/python3.7/site-packages/airflow/example_dags/example_kubernetes_executor.py
[2022-07-22 22:25:35,914] {logging_mixin.py:109} INFO - [2022-07-22 22:25:35,914] {dag.py:2396} INFO - Sync 1 DAGs
[2022-07-22 22:25:35,925] {logging_mixin.py:109} INFO - [2022-07-22 22:25:35,924] {dag.py:2935} INFO - Setting next_dagrun for example_kubernetes_executor to None
[2022-07-22 22:25:35,930] {processor.py:171} INFO - Processing /home/airflow/.local/lib/python3.7/site-packages/airflow/example_dags/example_kubernetes_executor.py took 0.051 seconds
[2022-07-22 22:26:06,410] {processor.py:163} INFO - Started process (PID=3272) to work on /home/airflow/.local/lib/python3.7/site-packages/airflow/example_dags/example_kubernetes_executor.py
[2022-07-22 22:26:06,411] {processor.py:642} INFO - Processing file /home/airflow/.local/lib/python3.7/site-packages/airflow/example_dags/example_kubernetes_executor.py for tasks to queue
[2022-07-22 22:26:06,411] {logging_mixin.py:109} INFO - [2022-07-22 22:26:06,411] {dagbag.py:500} INFO - Filling up the DagBag from /home/airflow/.local/lib/python3.7/site-packages/airflow/example_dags/example_kubernetes_executor.py
[2022-07-22 22:26:06,434] {processor.py:654} INFO - DAG(s) dict_keys(['example_kubernetes_executor']) retrieved from /home/airflow/.local/lib/python3.7/site-packages/airflow/example_dags/example_kubernetes_executor.py
[2022-07-22 22:26:06,443] {logging_mixin.py:109} INFO - [2022-07-22 22:26:06,443] {dag.py:2396} INFO - Sync 1 DAGs
[2022-07-22 22:26:06,454] {logging_mixin.py:109} INFO - [2022-07-22 22:26:06,454] {dag.py:2935} INFO - Setting next_dagrun for example_kubernetes_executor to None
[2022-07-22 22:26:06,460] {processor.py:171} INFO - Processing /home/airflow/.local/lib/python3.7/site-packages/airflow/example_dags/example_kubernetes_executor.py took 0.053 seconds
[2022-07-22 22:26:36,888] {processor.py:163} INFO - Started process (PID=3322) to work on /home/airflow/.local/lib/python3.7/site-packages/airflow/example_dags/example_kubernetes_executor.py
[2022-07-22 22:26:36,889] {processor.py:642} INFO - Processing file /home/airflow/.local/lib/python3.7/site-packages/airflow/example_dags/example_kubernetes_executor.py for tasks to queue
[2022-07-22 22:26:36,889] {logging_mixin.py:109} INFO - [2022-07-22 22:26:36,889] {dagbag.py:500} INFO - Filling up the DagBag from /home/airflow/.local/lib/python3.7/site-packages/airflow/example_dags/example_kubernetes_executor.py
[2022-07-22 22:26:36,910] {processor.py:654} INFO - DAG(s) dict_keys(['example_kubernetes_executor']) retrieved from /home/airflow/.local/lib/python3.7/site-packages/airflow/example_dags/example_kubernetes_executor.py
[2022-07-22 22:26:36,918] {logging_mixin.py:109} INFO - [2022-07-22 22:26:36,918] {dag.py:2396} INFO - Sync 1 DAGs
[2022-07-22 22:26:36,929] {logging_mixin.py:109} INFO - [2022-07-22 22:26:36,929] {dag.py:2935} INFO - Setting next_dagrun for example_kubernetes_executor to None
[2022-07-22 22:26:36,935] {processor.py:171} INFO - Processing /home/airflow/.local/lib/python3.7/site-packages/airflow/example_dags/example_kubernetes_executor.py took 0.048 seconds
[2022-07-22 22:27:07,319] {processor.py:163} INFO - Started process (PID=3381) to work on /home/airflow/.local/lib/python3.7/site-packages/airflow/example_dags/example_kubernetes_executor.py
[2022-07-22 22:27:07,320] {processor.py:642} INFO - Processing file /home/airflow/.local/lib/python3.7/site-packages/airflow/example_dags/example_kubernetes_executor.py for tasks to queue
[2022-07-22 22:27:07,320] {logging_mixin.py:109} INFO - [2022-07-22 22:27:07,320] {dagbag.py:500} INFO - Filling up the DagBag from /home/airflow/.local/lib/python3.7/site-packages/airflow/example_dags/example_kubernetes_executor.py
[2022-07-22 22:27:07,341] {processor.py:654} INFO - DAG(s) dict_keys(['example_kubernetes_executor']) retrieved from /home/airflow/.local/lib/python3.7/site-packages/airflow/example_dags/example_kubernetes_executor.py
[2022-07-22 22:27:07,350] {logging_mixin.py:109} INFO - [2022-07-22 22:27:07,349] {dag.py:2396} INFO - Sync 1 DAGs
[2022-07-22 22:27:07,362] {logging_mixin.py:109} INFO - [2022-07-22 22:27:07,362] {dag.py:2935} INFO - Setting next_dagrun for example_kubernetes_executor to None
[2022-07-22 22:27:07,368] {processor.py:171} INFO - Processing /home/airflow/.local/lib/python3.7/site-packages/airflow/example_dags/example_kubernetes_executor.py took 0.052 seconds
[2022-07-22 22:27:37,724] {processor.py:163} INFO - Started process (PID=3431) to work on /home/airflow/.local/lib/python3.7/site-packages/airflow/example_dags/example_kubernetes_executor.py
[2022-07-22 22:27:37,724] {processor.py:642} INFO - Processing file /home/airflow/.local/lib/python3.7/site-packages/airflow/example_dags/example_kubernetes_executor.py for tasks to queue
[2022-07-22 22:27:37,725] {logging_mixin.py:109} INFO - [2022-07-22 22:27:37,725] {dagbag.py:500} INFO - Filling up the DagBag from /home/airflow/.local/lib/python3.7/site-packages/airflow/example_dags/example_kubernetes_executor.py
[2022-07-22 22:27:37,746] {processor.py:654} INFO - DAG(s) dict_keys(['example_kubernetes_executor']) retrieved from /home/airflow/.local/lib/python3.7/site-packages/airflow/example_dags/example_kubernetes_executor.py
[2022-07-22 22:27:37,754] {logging_mixin.py:109} INFO - [2022-07-22 22:27:37,754] {dag.py:2396} INFO - Sync 1 DAGs
[2022-07-22 22:27:37,764] {logging_mixin.py:109} INFO - [2022-07-22 22:27:37,764] {dag.py:2935} INFO - Setting next_dagrun for example_kubernetes_executor to None
[2022-07-22 22:27:37,769] {processor.py:171} INFO - Processing /home/airflow/.local/lib/python3.7/site-packages/airflow/example_dags/example_kubernetes_executor.py took 0.048 seconds
[2022-07-22 22:28:07,979] {processor.py:163} INFO - Started process (PID=3490) to work on /home/airflow/.local/lib/python3.7/site-packages/airflow/example_dags/example_kubernetes_executor.py
[2022-07-22 22:28:07,980] {processor.py:642} INFO - Processing file /home/airflow/.local/lib/python3.7/site-packages/airflow/example_dags/example_kubernetes_executor.py for tasks to queue
[2022-07-22 22:28:07,980] {logging_mixin.py:109} INFO - [2022-07-22 22:28:07,980] {dagbag.py:500} INFO - Filling up the DagBag from /home/airflow/.local/lib/python3.7/site-packages/airflow/example_dags/example_kubernetes_executor.py
[2022-07-22 22:28:08,000] {processor.py:654} INFO - DAG(s) dict_keys(['example_kubernetes_executor']) retrieved from /home/airflow/.local/lib/python3.7/site-packages/airflow/example_dags/example_kubernetes_executor.py
[2022-07-22 22:28:08,008] {logging_mixin.py:109} INFO - [2022-07-22 22:28:08,008] {dag.py:2396} INFO - Sync 1 DAGs
[2022-07-22 22:28:08,018] {logging_mixin.py:109} INFO - [2022-07-22 22:28:08,018] {dag.py:2935} INFO - Setting next_dagrun for example_kubernetes_executor to None
[2022-07-22 22:28:08,024] {processor.py:171} INFO - Processing /home/airflow/.local/lib/python3.7/site-packages/airflow/example_dags/example_kubernetes_executor.py took 0.046 seconds
