[2022-07-22 21:54:13,789] {processor.py:163} INFO - Started process (PID=422) to work on /home/airflow/.local/lib/python3.7/site-packages/airflow/example_dags/example_time_delta_sensor_async.py
[2022-07-22 21:54:13,790] {processor.py:642} INFO - Processing file /home/airflow/.local/lib/python3.7/site-packages/airflow/example_dags/example_time_delta_sensor_async.py for tasks to queue
[2022-07-22 21:54:13,790] {logging_mixin.py:109} INFO - [2022-07-22 21:54:13,790] {dagbag.py:500} INFO - Filling up the DagBag from /home/airflow/.local/lib/python3.7/site-packages/airflow/example_dags/example_time_delta_sensor_async.py
[2022-07-22 21:54:13,807] {processor.py:654} INFO - DAG(s) dict_keys(['example_time_delta_sensor_async']) retrieved from /home/airflow/.local/lib/python3.7/site-packages/airflow/example_dags/example_time_delta_sensor_async.py
[2022-07-22 21:54:15,250] {logging_mixin.py:109} INFO - [2022-07-22 21:54:15,250] {manager.py:496} INFO - Created Permission View: can read on DAG:example_time_delta_sensor_async
[2022-07-22 21:54:15,255] {logging_mixin.py:109} INFO - [2022-07-22 21:54:15,255] {manager.py:496} INFO - Created Permission View: can edit on DAG:example_time_delta_sensor_async
[2022-07-22 21:54:15,255] {logging_mixin.py:109} INFO - [2022-07-22 21:54:15,255] {dag.py:2396} INFO - Sync 1 DAGs
[2022-07-22 21:54:15,260] {logging_mixin.py:109} INFO - [2022-07-22 21:54:15,260] {dag.py:2415} INFO - Creating ORM DAG for example_time_delta_sensor_async
[2022-07-22 21:54:15,265] {logging_mixin.py:109} INFO - [2022-07-22 21:54:15,265] {dag.py:2935} INFO - Setting next_dagrun for example_time_delta_sensor_async to None
[2022-07-22 21:54:15,273] {processor.py:171} INFO - Processing /home/airflow/.local/lib/python3.7/site-packages/airflow/example_dags/example_time_delta_sensor_async.py took 1.486 seconds
[2022-07-22 21:54:45,947] {processor.py:163} INFO - Started process (PID=626) to work on /home/airflow/.local/lib/python3.7/site-packages/airflow/example_dags/example_time_delta_sensor_async.py
[2022-07-22 21:54:45,948] {processor.py:642} INFO - Processing file /home/airflow/.local/lib/python3.7/site-packages/airflow/example_dags/example_time_delta_sensor_async.py for tasks to queue
[2022-07-22 21:54:45,948] {logging_mixin.py:109} INFO - [2022-07-22 21:54:45,948] {dagbag.py:500} INFO - Filling up the DagBag from /home/airflow/.local/lib/python3.7/site-packages/airflow/example_dags/example_time_delta_sensor_async.py
[2022-07-22 21:54:45,965] {processor.py:654} INFO - DAG(s) dict_keys(['example_time_delta_sensor_async']) retrieved from /home/airflow/.local/lib/python3.7/site-packages/airflow/example_dags/example_time_delta_sensor_async.py
[2022-07-22 21:54:45,971] {logging_mixin.py:109} INFO - [2022-07-22 21:54:45,971] {dag.py:2396} INFO - Sync 1 DAGs
[2022-07-22 21:54:45,982] {logging_mixin.py:109} INFO - [2022-07-22 21:54:45,982] {dag.py:2935} INFO - Setting next_dagrun for example_time_delta_sensor_async to None
[2022-07-22 21:54:45,988] {processor.py:171} INFO - Processing /home/airflow/.local/lib/python3.7/site-packages/airflow/example_dags/example_time_delta_sensor_async.py took 0.043 seconds
[2022-07-22 21:55:16,152] {processor.py:163} INFO - Started process (PID=676) to work on /home/airflow/.local/lib/python3.7/site-packages/airflow/example_dags/example_time_delta_sensor_async.py
[2022-07-22 21:55:16,153] {processor.py:642} INFO - Processing file /home/airflow/.local/lib/python3.7/site-packages/airflow/example_dags/example_time_delta_sensor_async.py for tasks to queue
[2022-07-22 21:55:16,153] {logging_mixin.py:109} INFO - [2022-07-22 21:55:16,153] {dagbag.py:500} INFO - Filling up the DagBag from /home/airflow/.local/lib/python3.7/site-packages/airflow/example_dags/example_time_delta_sensor_async.py
[2022-07-22 21:55:16,170] {processor.py:654} INFO - DAG(s) dict_keys(['example_time_delta_sensor_async']) retrieved from /home/airflow/.local/lib/python3.7/site-packages/airflow/example_dags/example_time_delta_sensor_async.py
[2022-07-22 21:55:16,176] {logging_mixin.py:109} INFO - [2022-07-22 21:55:16,175] {dag.py:2396} INFO - Sync 1 DAGs
[2022-07-22 21:55:16,186] {logging_mixin.py:109} INFO - [2022-07-22 21:55:16,186] {dag.py:2935} INFO - Setting next_dagrun for example_time_delta_sensor_async to None
[2022-07-22 21:55:16,192] {processor.py:171} INFO - Processing /home/airflow/.local/lib/python3.7/site-packages/airflow/example_dags/example_time_delta_sensor_async.py took 0.041 seconds
[2022-07-22 21:56:27,512] {processor.py:163} INFO - Started process (PID=69) to work on /home/airflow/.local/lib/python3.7/site-packages/airflow/example_dags/example_time_delta_sensor_async.py
[2022-07-22 21:56:27,513] {processor.py:642} INFO - Processing file /home/airflow/.local/lib/python3.7/site-packages/airflow/example_dags/example_time_delta_sensor_async.py for tasks to queue
[2022-07-22 21:56:27,513] {logging_mixin.py:109} INFO - [2022-07-22 21:56:27,513] {dagbag.py:500} INFO - Filling up the DagBag from /home/airflow/.local/lib/python3.7/site-packages/airflow/example_dags/example_time_delta_sensor_async.py
[2022-07-22 21:56:27,530] {processor.py:654} INFO - DAG(s) dict_keys(['example_time_delta_sensor_async']) retrieved from /home/airflow/.local/lib/python3.7/site-packages/airflow/example_dags/example_time_delta_sensor_async.py
[2022-07-22 21:56:27,536] {logging_mixin.py:109} INFO - [2022-07-22 21:56:27,536] {dag.py:2396} INFO - Sync 1 DAGs
[2022-07-22 21:56:27,547] {logging_mixin.py:109} INFO - [2022-07-22 21:56:27,547] {dag.py:2935} INFO - Setting next_dagrun for example_time_delta_sensor_async to None
[2022-07-22 21:56:27,553] {processor.py:171} INFO - Processing /home/airflow/.local/lib/python3.7/site-packages/airflow/example_dags/example_time_delta_sensor_async.py took 0.043 seconds
[2022-07-22 21:56:58,243] {processor.py:163} INFO - Started process (PID=129) to work on /home/airflow/.local/lib/python3.7/site-packages/airflow/example_dags/example_time_delta_sensor_async.py
[2022-07-22 21:56:58,244] {processor.py:642} INFO - Processing file /home/airflow/.local/lib/python3.7/site-packages/airflow/example_dags/example_time_delta_sensor_async.py for tasks to queue
[2022-07-22 21:56:58,244] {logging_mixin.py:109} INFO - [2022-07-22 21:56:58,244] {dagbag.py:500} INFO - Filling up the DagBag from /home/airflow/.local/lib/python3.7/site-packages/airflow/example_dags/example_time_delta_sensor_async.py
[2022-07-22 21:56:58,261] {processor.py:654} INFO - DAG(s) dict_keys(['example_time_delta_sensor_async']) retrieved from /home/airflow/.local/lib/python3.7/site-packages/airflow/example_dags/example_time_delta_sensor_async.py
[2022-07-22 21:56:58,267] {logging_mixin.py:109} INFO - [2022-07-22 21:56:58,267] {dag.py:2396} INFO - Sync 1 DAGs
[2022-07-22 21:56:58,277] {logging_mixin.py:109} INFO - [2022-07-22 21:56:58,277] {dag.py:2935} INFO - Setting next_dagrun for example_time_delta_sensor_async to None
[2022-07-22 21:56:58,283] {processor.py:171} INFO - Processing /home/airflow/.local/lib/python3.7/site-packages/airflow/example_dags/example_time_delta_sensor_async.py took 0.042 seconds
[2022-07-22 21:57:29,033] {processor.py:163} INFO - Started process (PID=188) to work on /home/airflow/.local/lib/python3.7/site-packages/airflow/example_dags/example_time_delta_sensor_async.py
[2022-07-22 21:57:29,034] {processor.py:642} INFO - Processing file /home/airflow/.local/lib/python3.7/site-packages/airflow/example_dags/example_time_delta_sensor_async.py for tasks to queue
[2022-07-22 21:57:29,034] {logging_mixin.py:109} INFO - [2022-07-22 21:57:29,034] {dagbag.py:500} INFO - Filling up the DagBag from /home/airflow/.local/lib/python3.7/site-packages/airflow/example_dags/example_time_delta_sensor_async.py
[2022-07-22 21:57:29,051] {processor.py:654} INFO - DAG(s) dict_keys(['example_time_delta_sensor_async']) retrieved from /home/airflow/.local/lib/python3.7/site-packages/airflow/example_dags/example_time_delta_sensor_async.py
[2022-07-22 21:57:29,056] {logging_mixin.py:109} INFO - [2022-07-22 21:57:29,056] {dag.py:2396} INFO - Sync 1 DAGs
[2022-07-22 21:57:29,067] {logging_mixin.py:109} INFO - [2022-07-22 21:57:29,067] {dag.py:2935} INFO - Setting next_dagrun for example_time_delta_sensor_async to None
[2022-07-22 21:57:29,073] {processor.py:171} INFO - Processing /home/airflow/.local/lib/python3.7/site-packages/airflow/example_dags/example_time_delta_sensor_async.py took 0.041 seconds
[2022-07-22 21:57:59,995] {processor.py:163} INFO - Started process (PID=238) to work on /home/airflow/.local/lib/python3.7/site-packages/airflow/example_dags/example_time_delta_sensor_async.py
[2022-07-22 21:57:59,996] {processor.py:642} INFO - Processing file /home/airflow/.local/lib/python3.7/site-packages/airflow/example_dags/example_time_delta_sensor_async.py for tasks to queue
[2022-07-22 21:57:59,996] {logging_mixin.py:109} INFO - [2022-07-22 21:57:59,996] {dagbag.py:500} INFO - Filling up the DagBag from /home/airflow/.local/lib/python3.7/site-packages/airflow/example_dags/example_time_delta_sensor_async.py
[2022-07-22 21:58:00,014] {processor.py:654} INFO - DAG(s) dict_keys(['example_time_delta_sensor_async']) retrieved from /home/airflow/.local/lib/python3.7/site-packages/airflow/example_dags/example_time_delta_sensor_async.py
[2022-07-22 21:58:00,020] {logging_mixin.py:109} INFO - [2022-07-22 21:58:00,020] {dag.py:2396} INFO - Sync 1 DAGs
[2022-07-22 21:58:00,030] {logging_mixin.py:109} INFO - [2022-07-22 21:58:00,030] {dag.py:2935} INFO - Setting next_dagrun for example_time_delta_sensor_async to None
[2022-07-22 21:58:00,036] {processor.py:171} INFO - Processing /home/airflow/.local/lib/python3.7/site-packages/airflow/example_dags/example_time_delta_sensor_async.py took 0.043 seconds
[2022-07-22 21:58:30,632] {processor.py:163} INFO - Started process (PID=297) to work on /home/airflow/.local/lib/python3.7/site-packages/airflow/example_dags/example_time_delta_sensor_async.py
[2022-07-22 21:58:30,633] {processor.py:642} INFO - Processing file /home/airflow/.local/lib/python3.7/site-packages/airflow/example_dags/example_time_delta_sensor_async.py for tasks to queue
[2022-07-22 21:58:30,633] {logging_mixin.py:109} INFO - [2022-07-22 21:58:30,633] {dagbag.py:500} INFO - Filling up the DagBag from /home/airflow/.local/lib/python3.7/site-packages/airflow/example_dags/example_time_delta_sensor_async.py
[2022-07-22 21:58:30,649] {processor.py:654} INFO - DAG(s) dict_keys(['example_time_delta_sensor_async']) retrieved from /home/airflow/.local/lib/python3.7/site-packages/airflow/example_dags/example_time_delta_sensor_async.py
[2022-07-22 21:58:30,656] {logging_mixin.py:109} INFO - [2022-07-22 21:58:30,655] {dag.py:2396} INFO - Sync 1 DAGs
[2022-07-22 21:58:30,666] {logging_mixin.py:109} INFO - [2022-07-22 21:58:30,666] {dag.py:2935} INFO - Setting next_dagrun for example_time_delta_sensor_async to None
[2022-07-22 21:58:30,672] {processor.py:171} INFO - Processing /home/airflow/.local/lib/python3.7/site-packages/airflow/example_dags/example_time_delta_sensor_async.py took 0.041 seconds
[2022-07-22 21:59:01,450] {processor.py:163} INFO - Started process (PID=356) to work on /home/airflow/.local/lib/python3.7/site-packages/airflow/example_dags/example_time_delta_sensor_async.py
[2022-07-22 21:59:01,451] {processor.py:642} INFO - Processing file /home/airflow/.local/lib/python3.7/site-packages/airflow/example_dags/example_time_delta_sensor_async.py for tasks to queue
[2022-07-22 21:59:01,451] {logging_mixin.py:109} INFO - [2022-07-22 21:59:01,451] {dagbag.py:500} INFO - Filling up the DagBag from /home/airflow/.local/lib/python3.7/site-packages/airflow/example_dags/example_time_delta_sensor_async.py
[2022-07-22 21:59:01,469] {processor.py:654} INFO - DAG(s) dict_keys(['example_time_delta_sensor_async']) retrieved from /home/airflow/.local/lib/python3.7/site-packages/airflow/example_dags/example_time_delta_sensor_async.py
[2022-07-22 21:59:01,475] {logging_mixin.py:109} INFO - [2022-07-22 21:59:01,475] {dag.py:2396} INFO - Sync 1 DAGs
[2022-07-22 21:59:01,485] {logging_mixin.py:109} INFO - [2022-07-22 21:59:01,485] {dag.py:2935} INFO - Setting next_dagrun for example_time_delta_sensor_async to None
[2022-07-22 21:59:01,491] {processor.py:171} INFO - Processing /home/airflow/.local/lib/python3.7/site-packages/airflow/example_dags/example_time_delta_sensor_async.py took 0.042 seconds
[2022-07-22 21:59:32,239] {processor.py:163} INFO - Started process (PID=406) to work on /home/airflow/.local/lib/python3.7/site-packages/airflow/example_dags/example_time_delta_sensor_async.py
[2022-07-22 21:59:32,240] {processor.py:642} INFO - Processing file /home/airflow/.local/lib/python3.7/site-packages/airflow/example_dags/example_time_delta_sensor_async.py for tasks to queue
[2022-07-22 21:59:32,240] {logging_mixin.py:109} INFO - [2022-07-22 21:59:32,240] {dagbag.py:500} INFO - Filling up the DagBag from /home/airflow/.local/lib/python3.7/site-packages/airflow/example_dags/example_time_delta_sensor_async.py
[2022-07-22 21:59:32,257] {processor.py:654} INFO - DAG(s) dict_keys(['example_time_delta_sensor_async']) retrieved from /home/airflow/.local/lib/python3.7/site-packages/airflow/example_dags/example_time_delta_sensor_async.py
[2022-07-22 21:59:32,265] {logging_mixin.py:109} INFO - [2022-07-22 21:59:32,264] {dag.py:2396} INFO - Sync 1 DAGs
[2022-07-22 21:59:32,276] {logging_mixin.py:109} INFO - [2022-07-22 21:59:32,276] {dag.py:2935} INFO - Setting next_dagrun for example_time_delta_sensor_async to None
[2022-07-22 21:59:32,282] {processor.py:171} INFO - Processing /home/airflow/.local/lib/python3.7/site-packages/airflow/example_dags/example_time_delta_sensor_async.py took 0.045 seconds
[2022-07-22 22:00:02,922] {processor.py:163} INFO - Started process (PID=465) to work on /home/airflow/.local/lib/python3.7/site-packages/airflow/example_dags/example_time_delta_sensor_async.py
[2022-07-22 22:00:02,922] {processor.py:642} INFO - Processing file /home/airflow/.local/lib/python3.7/site-packages/airflow/example_dags/example_time_delta_sensor_async.py for tasks to queue
[2022-07-22 22:00:02,923] {logging_mixin.py:109} INFO - [2022-07-22 22:00:02,923] {dagbag.py:500} INFO - Filling up the DagBag from /home/airflow/.local/lib/python3.7/site-packages/airflow/example_dags/example_time_delta_sensor_async.py
[2022-07-22 22:00:02,939] {processor.py:654} INFO - DAG(s) dict_keys(['example_time_delta_sensor_async']) retrieved from /home/airflow/.local/lib/python3.7/site-packages/airflow/example_dags/example_time_delta_sensor_async.py
[2022-07-22 22:00:02,945] {logging_mixin.py:109} INFO - [2022-07-22 22:00:02,945] {dag.py:2396} INFO - Sync 1 DAGs
[2022-07-22 22:00:02,956] {logging_mixin.py:109} INFO - [2022-07-22 22:00:02,955] {dag.py:2935} INFO - Setting next_dagrun for example_time_delta_sensor_async to None
[2022-07-22 22:00:02,962] {processor.py:171} INFO - Processing /home/airflow/.local/lib/python3.7/site-packages/airflow/example_dags/example_time_delta_sensor_async.py took 0.042 seconds
[2022-07-22 22:00:33,609] {processor.py:163} INFO - Started process (PID=515) to work on /home/airflow/.local/lib/python3.7/site-packages/airflow/example_dags/example_time_delta_sensor_async.py
[2022-07-22 22:00:33,610] {processor.py:642} INFO - Processing file /home/airflow/.local/lib/python3.7/site-packages/airflow/example_dags/example_time_delta_sensor_async.py for tasks to queue
[2022-07-22 22:00:33,611] {logging_mixin.py:109} INFO - [2022-07-22 22:00:33,611] {dagbag.py:500} INFO - Filling up the DagBag from /home/airflow/.local/lib/python3.7/site-packages/airflow/example_dags/example_time_delta_sensor_async.py
[2022-07-22 22:00:33,628] {processor.py:654} INFO - DAG(s) dict_keys(['example_time_delta_sensor_async']) retrieved from /home/airflow/.local/lib/python3.7/site-packages/airflow/example_dags/example_time_delta_sensor_async.py
[2022-07-22 22:00:33,634] {logging_mixin.py:109} INFO - [2022-07-22 22:00:33,634] {dag.py:2396} INFO - Sync 1 DAGs
[2022-07-22 22:00:33,646] {logging_mixin.py:109} INFO - [2022-07-22 22:00:33,646] {dag.py:2935} INFO - Setting next_dagrun for example_time_delta_sensor_async to None
[2022-07-22 22:00:33,651] {processor.py:171} INFO - Processing /home/airflow/.local/lib/python3.7/site-packages/airflow/example_dags/example_time_delta_sensor_async.py took 0.044 seconds
[2022-07-22 22:01:04,228] {processor.py:163} INFO - Started process (PID=574) to work on /home/airflow/.local/lib/python3.7/site-packages/airflow/example_dags/example_time_delta_sensor_async.py
[2022-07-22 22:01:04,229] {processor.py:642} INFO - Processing file /home/airflow/.local/lib/python3.7/site-packages/airflow/example_dags/example_time_delta_sensor_async.py for tasks to queue
[2022-07-22 22:01:04,230] {logging_mixin.py:109} INFO - [2022-07-22 22:01:04,229] {dagbag.py:500} INFO - Filling up the DagBag from /home/airflow/.local/lib/python3.7/site-packages/airflow/example_dags/example_time_delta_sensor_async.py
[2022-07-22 22:01:04,245] {processor.py:654} INFO - DAG(s) dict_keys(['example_time_delta_sensor_async']) retrieved from /home/airflow/.local/lib/python3.7/site-packages/airflow/example_dags/example_time_delta_sensor_async.py
[2022-07-22 22:01:04,251] {logging_mixin.py:109} INFO - [2022-07-22 22:01:04,251] {dag.py:2396} INFO - Sync 1 DAGs
[2022-07-22 22:01:04,262] {logging_mixin.py:109} INFO - [2022-07-22 22:01:04,262] {dag.py:2935} INFO - Setting next_dagrun for example_time_delta_sensor_async to None
[2022-07-22 22:01:04,267] {processor.py:171} INFO - Processing /home/airflow/.local/lib/python3.7/site-packages/airflow/example_dags/example_time_delta_sensor_async.py took 0.041 seconds
[2022-07-22 22:01:34,911] {processor.py:163} INFO - Started process (PID=633) to work on /home/airflow/.local/lib/python3.7/site-packages/airflow/example_dags/example_time_delta_sensor_async.py
[2022-07-22 22:01:34,912] {processor.py:642} INFO - Processing file /home/airflow/.local/lib/python3.7/site-packages/airflow/example_dags/example_time_delta_sensor_async.py for tasks to queue
[2022-07-22 22:01:34,913] {logging_mixin.py:109} INFO - [2022-07-22 22:01:34,912] {dagbag.py:500} INFO - Filling up the DagBag from /home/airflow/.local/lib/python3.7/site-packages/airflow/example_dags/example_time_delta_sensor_async.py
[2022-07-22 22:01:34,932] {processor.py:654} INFO - DAG(s) dict_keys(['example_time_delta_sensor_async']) retrieved from /home/airflow/.local/lib/python3.7/site-packages/airflow/example_dags/example_time_delta_sensor_async.py
[2022-07-22 22:01:34,938] {logging_mixin.py:109} INFO - [2022-07-22 22:01:34,938] {dag.py:2396} INFO - Sync 1 DAGs
[2022-07-22 22:01:34,950] {logging_mixin.py:109} INFO - [2022-07-22 22:01:34,950] {dag.py:2935} INFO - Setting next_dagrun for example_time_delta_sensor_async to None
[2022-07-22 22:01:34,957] {processor.py:171} INFO - Processing /home/airflow/.local/lib/python3.7/site-packages/airflow/example_dags/example_time_delta_sensor_async.py took 0.048 seconds
[2022-07-22 22:02:05,585] {processor.py:163} INFO - Started process (PID=683) to work on /home/airflow/.local/lib/python3.7/site-packages/airflow/example_dags/example_time_delta_sensor_async.py
[2022-07-22 22:02:05,586] {processor.py:642} INFO - Processing file /home/airflow/.local/lib/python3.7/site-packages/airflow/example_dags/example_time_delta_sensor_async.py for tasks to queue
[2022-07-22 22:02:05,586] {logging_mixin.py:109} INFO - [2022-07-22 22:02:05,586] {dagbag.py:500} INFO - Filling up the DagBag from /home/airflow/.local/lib/python3.7/site-packages/airflow/example_dags/example_time_delta_sensor_async.py
[2022-07-22 22:02:05,602] {processor.py:654} INFO - DAG(s) dict_keys(['example_time_delta_sensor_async']) retrieved from /home/airflow/.local/lib/python3.7/site-packages/airflow/example_dags/example_time_delta_sensor_async.py
[2022-07-22 22:02:05,608] {logging_mixin.py:109} INFO - [2022-07-22 22:02:05,608] {dag.py:2396} INFO - Sync 1 DAGs
[2022-07-22 22:02:05,618] {logging_mixin.py:109} INFO - [2022-07-22 22:02:05,618] {dag.py:2935} INFO - Setting next_dagrun for example_time_delta_sensor_async to None
[2022-07-22 22:02:05,624] {processor.py:171} INFO - Processing /home/airflow/.local/lib/python3.7/site-packages/airflow/example_dags/example_time_delta_sensor_async.py took 0.041 seconds
[2022-07-22 22:02:36,169] {processor.py:163} INFO - Started process (PID=742) to work on /home/airflow/.local/lib/python3.7/site-packages/airflow/example_dags/example_time_delta_sensor_async.py
[2022-07-22 22:02:36,170] {processor.py:642} INFO - Processing file /home/airflow/.local/lib/python3.7/site-packages/airflow/example_dags/example_time_delta_sensor_async.py for tasks to queue
[2022-07-22 22:02:36,170] {logging_mixin.py:109} INFO - [2022-07-22 22:02:36,170] {dagbag.py:500} INFO - Filling up the DagBag from /home/airflow/.local/lib/python3.7/site-packages/airflow/example_dags/example_time_delta_sensor_async.py
[2022-07-22 22:02:36,186] {processor.py:654} INFO - DAG(s) dict_keys(['example_time_delta_sensor_async']) retrieved from /home/airflow/.local/lib/python3.7/site-packages/airflow/example_dags/example_time_delta_sensor_async.py
[2022-07-22 22:02:36,192] {logging_mixin.py:109} INFO - [2022-07-22 22:02:36,192] {dag.py:2396} INFO - Sync 1 DAGs
[2022-07-22 22:02:36,203] {logging_mixin.py:109} INFO - [2022-07-22 22:02:36,203] {dag.py:2935} INFO - Setting next_dagrun for example_time_delta_sensor_async to None
[2022-07-22 22:02:36,209] {processor.py:171} INFO - Processing /home/airflow/.local/lib/python3.7/site-packages/airflow/example_dags/example_time_delta_sensor_async.py took 0.041 seconds
[2022-07-22 22:03:06,813] {processor.py:163} INFO - Started process (PID=792) to work on /home/airflow/.local/lib/python3.7/site-packages/airflow/example_dags/example_time_delta_sensor_async.py
[2022-07-22 22:03:06,814] {processor.py:642} INFO - Processing file /home/airflow/.local/lib/python3.7/site-packages/airflow/example_dags/example_time_delta_sensor_async.py for tasks to queue
[2022-07-22 22:03:06,814] {logging_mixin.py:109} INFO - [2022-07-22 22:03:06,814] {dagbag.py:500} INFO - Filling up the DagBag from /home/airflow/.local/lib/python3.7/site-packages/airflow/example_dags/example_time_delta_sensor_async.py
[2022-07-22 22:03:06,830] {processor.py:654} INFO - DAG(s) dict_keys(['example_time_delta_sensor_async']) retrieved from /home/airflow/.local/lib/python3.7/site-packages/airflow/example_dags/example_time_delta_sensor_async.py
[2022-07-22 22:03:06,836] {logging_mixin.py:109} INFO - [2022-07-22 22:03:06,836] {dag.py:2396} INFO - Sync 1 DAGs
[2022-07-22 22:03:06,847] {logging_mixin.py:109} INFO - [2022-07-22 22:03:06,846] {dag.py:2935} INFO - Setting next_dagrun for example_time_delta_sensor_async to None
[2022-07-22 22:03:06,852] {processor.py:171} INFO - Processing /home/airflow/.local/lib/python3.7/site-packages/airflow/example_dags/example_time_delta_sensor_async.py took 0.041 seconds
[2022-07-22 22:03:37,395] {processor.py:163} INFO - Started process (PID=851) to work on /home/airflow/.local/lib/python3.7/site-packages/airflow/example_dags/example_time_delta_sensor_async.py
[2022-07-22 22:03:37,396] {processor.py:642} INFO - Processing file /home/airflow/.local/lib/python3.7/site-packages/airflow/example_dags/example_time_delta_sensor_async.py for tasks to queue
[2022-07-22 22:03:37,396] {logging_mixin.py:109} INFO - [2022-07-22 22:03:37,396] {dagbag.py:500} INFO - Filling up the DagBag from /home/airflow/.local/lib/python3.7/site-packages/airflow/example_dags/example_time_delta_sensor_async.py
[2022-07-22 22:03:37,413] {processor.py:654} INFO - DAG(s) dict_keys(['example_time_delta_sensor_async']) retrieved from /home/airflow/.local/lib/python3.7/site-packages/airflow/example_dags/example_time_delta_sensor_async.py
[2022-07-22 22:03:37,419] {logging_mixin.py:109} INFO - [2022-07-22 22:03:37,419] {dag.py:2396} INFO - Sync 1 DAGs
[2022-07-22 22:03:37,430] {logging_mixin.py:109} INFO - [2022-07-22 22:03:37,429] {dag.py:2935} INFO - Setting next_dagrun for example_time_delta_sensor_async to None
[2022-07-22 22:03:37,435] {processor.py:171} INFO - Processing /home/airflow/.local/lib/python3.7/site-packages/airflow/example_dags/example_time_delta_sensor_async.py took 0.042 seconds
[2022-07-22 22:04:08,174] {processor.py:163} INFO - Started process (PID=910) to work on /home/airflow/.local/lib/python3.7/site-packages/airflow/example_dags/example_time_delta_sensor_async.py
[2022-07-22 22:04:08,175] {processor.py:642} INFO - Processing file /home/airflow/.local/lib/python3.7/site-packages/airflow/example_dags/example_time_delta_sensor_async.py for tasks to queue
[2022-07-22 22:04:08,175] {logging_mixin.py:109} INFO - [2022-07-22 22:04:08,175] {dagbag.py:500} INFO - Filling up the DagBag from /home/airflow/.local/lib/python3.7/site-packages/airflow/example_dags/example_time_delta_sensor_async.py
[2022-07-22 22:04:08,192] {processor.py:654} INFO - DAG(s) dict_keys(['example_time_delta_sensor_async']) retrieved from /home/airflow/.local/lib/python3.7/site-packages/airflow/example_dags/example_time_delta_sensor_async.py
[2022-07-22 22:04:08,199] {logging_mixin.py:109} INFO - [2022-07-22 22:04:08,199] {dag.py:2396} INFO - Sync 1 DAGs
[2022-07-22 22:04:08,210] {logging_mixin.py:109} INFO - [2022-07-22 22:04:08,210] {dag.py:2935} INFO - Setting next_dagrun for example_time_delta_sensor_async to None
[2022-07-22 22:04:08,216] {processor.py:171} INFO - Processing /home/airflow/.local/lib/python3.7/site-packages/airflow/example_dags/example_time_delta_sensor_async.py took 0.044 seconds
[2022-07-22 22:04:38,850] {processor.py:163} INFO - Started process (PID=960) to work on /home/airflow/.local/lib/python3.7/site-packages/airflow/example_dags/example_time_delta_sensor_async.py
[2022-07-22 22:04:38,851] {processor.py:642} INFO - Processing file /home/airflow/.local/lib/python3.7/site-packages/airflow/example_dags/example_time_delta_sensor_async.py for tasks to queue
[2022-07-22 22:04:38,851] {logging_mixin.py:109} INFO - [2022-07-22 22:04:38,851] {dagbag.py:500} INFO - Filling up the DagBag from /home/airflow/.local/lib/python3.7/site-packages/airflow/example_dags/example_time_delta_sensor_async.py
[2022-07-22 22:04:38,868] {processor.py:654} INFO - DAG(s) dict_keys(['example_time_delta_sensor_async']) retrieved from /home/airflow/.local/lib/python3.7/site-packages/airflow/example_dags/example_time_delta_sensor_async.py
[2022-07-22 22:04:38,874] {logging_mixin.py:109} INFO - [2022-07-22 22:04:38,874] {dag.py:2396} INFO - Sync 1 DAGs
[2022-07-22 22:04:38,884] {logging_mixin.py:109} INFO - [2022-07-22 22:04:38,884] {dag.py:2935} INFO - Setting next_dagrun for example_time_delta_sensor_async to None
[2022-07-22 22:04:38,891] {processor.py:171} INFO - Processing /home/airflow/.local/lib/python3.7/site-packages/airflow/example_dags/example_time_delta_sensor_async.py took 0.042 seconds
[2022-07-22 22:05:09,499] {processor.py:163} INFO - Started process (PID=1019) to work on /home/airflow/.local/lib/python3.7/site-packages/airflow/example_dags/example_time_delta_sensor_async.py
[2022-07-22 22:05:09,500] {processor.py:642} INFO - Processing file /home/airflow/.local/lib/python3.7/site-packages/airflow/example_dags/example_time_delta_sensor_async.py for tasks to queue
[2022-07-22 22:05:09,500] {logging_mixin.py:109} INFO - [2022-07-22 22:05:09,500] {dagbag.py:500} INFO - Filling up the DagBag from /home/airflow/.local/lib/python3.7/site-packages/airflow/example_dags/example_time_delta_sensor_async.py
[2022-07-22 22:05:09,516] {processor.py:654} INFO - DAG(s) dict_keys(['example_time_delta_sensor_async']) retrieved from /home/airflow/.local/lib/python3.7/site-packages/airflow/example_dags/example_time_delta_sensor_async.py
[2022-07-22 22:05:09,522] {logging_mixin.py:109} INFO - [2022-07-22 22:05:09,522] {dag.py:2396} INFO - Sync 1 DAGs
[2022-07-22 22:05:09,532] {logging_mixin.py:109} INFO - [2022-07-22 22:05:09,532] {dag.py:2935} INFO - Setting next_dagrun for example_time_delta_sensor_async to None
[2022-07-22 22:05:09,538] {processor.py:171} INFO - Processing /home/airflow/.local/lib/python3.7/site-packages/airflow/example_dags/example_time_delta_sensor_async.py took 0.041 seconds
[2022-07-22 22:05:40,053] {processor.py:163} INFO - Started process (PID=1069) to work on /home/airflow/.local/lib/python3.7/site-packages/airflow/example_dags/example_time_delta_sensor_async.py
[2022-07-22 22:05:40,054] {processor.py:642} INFO - Processing file /home/airflow/.local/lib/python3.7/site-packages/airflow/example_dags/example_time_delta_sensor_async.py for tasks to queue
[2022-07-22 22:05:40,054] {logging_mixin.py:109} INFO - [2022-07-22 22:05:40,054] {dagbag.py:500} INFO - Filling up the DagBag from /home/airflow/.local/lib/python3.7/site-packages/airflow/example_dags/example_time_delta_sensor_async.py
[2022-07-22 22:05:40,069] {processor.py:654} INFO - DAG(s) dict_keys(['example_time_delta_sensor_async']) retrieved from /home/airflow/.local/lib/python3.7/site-packages/airflow/example_dags/example_time_delta_sensor_async.py
[2022-07-22 22:05:40,075] {logging_mixin.py:109} INFO - [2022-07-22 22:05:40,075] {dag.py:2396} INFO - Sync 1 DAGs
[2022-07-22 22:05:40,086] {logging_mixin.py:109} INFO - [2022-07-22 22:05:40,086] {dag.py:2935} INFO - Setting next_dagrun for example_time_delta_sensor_async to None
[2022-07-22 22:05:40,091] {processor.py:171} INFO - Processing /home/airflow/.local/lib/python3.7/site-packages/airflow/example_dags/example_time_delta_sensor_async.py took 0.040 seconds
[2022-07-22 22:06:10,656] {processor.py:163} INFO - Started process (PID=1128) to work on /home/airflow/.local/lib/python3.7/site-packages/airflow/example_dags/example_time_delta_sensor_async.py
[2022-07-22 22:06:10,657] {processor.py:642} INFO - Processing file /home/airflow/.local/lib/python3.7/site-packages/airflow/example_dags/example_time_delta_sensor_async.py for tasks to queue
[2022-07-22 22:06:10,657] {logging_mixin.py:109} INFO - [2022-07-22 22:06:10,657] {dagbag.py:500} INFO - Filling up the DagBag from /home/airflow/.local/lib/python3.7/site-packages/airflow/example_dags/example_time_delta_sensor_async.py
[2022-07-22 22:06:10,673] {processor.py:654} INFO - DAG(s) dict_keys(['example_time_delta_sensor_async']) retrieved from /home/airflow/.local/lib/python3.7/site-packages/airflow/example_dags/example_time_delta_sensor_async.py
[2022-07-22 22:06:10,679] {logging_mixin.py:109} INFO - [2022-07-22 22:06:10,679] {dag.py:2396} INFO - Sync 1 DAGs
[2022-07-22 22:06:10,691] {logging_mixin.py:109} INFO - [2022-07-22 22:06:10,691] {dag.py:2935} INFO - Setting next_dagrun for example_time_delta_sensor_async to None
[2022-07-22 22:06:10,697] {processor.py:171} INFO - Processing /home/airflow/.local/lib/python3.7/site-packages/airflow/example_dags/example_time_delta_sensor_async.py took 0.042 seconds
[2022-07-22 22:06:41,292] {processor.py:163} INFO - Started process (PID=1185) to work on /home/airflow/.local/lib/python3.7/site-packages/airflow/example_dags/example_time_delta_sensor_async.py
[2022-07-22 22:06:41,293] {processor.py:642} INFO - Processing file /home/airflow/.local/lib/python3.7/site-packages/airflow/example_dags/example_time_delta_sensor_async.py for tasks to queue
[2022-07-22 22:06:41,293] {logging_mixin.py:109} INFO - [2022-07-22 22:06:41,293] {dagbag.py:500} INFO - Filling up the DagBag from /home/airflow/.local/lib/python3.7/site-packages/airflow/example_dags/example_time_delta_sensor_async.py
[2022-07-22 22:06:41,311] {processor.py:654} INFO - DAG(s) dict_keys(['example_time_delta_sensor_async']) retrieved from /home/airflow/.local/lib/python3.7/site-packages/airflow/example_dags/example_time_delta_sensor_async.py
[2022-07-22 22:06:41,318] {logging_mixin.py:109} INFO - [2022-07-22 22:06:41,318] {dag.py:2396} INFO - Sync 1 DAGs
[2022-07-22 22:06:41,331] {logging_mixin.py:109} INFO - [2022-07-22 22:06:41,330] {dag.py:2935} INFO - Setting next_dagrun for example_time_delta_sensor_async to None
[2022-07-22 22:06:41,337] {processor.py:171} INFO - Processing /home/airflow/.local/lib/python3.7/site-packages/airflow/example_dags/example_time_delta_sensor_async.py took 0.047 seconds
[2022-07-22 22:07:11,947] {processor.py:163} INFO - Started process (PID=1237) to work on /home/airflow/.local/lib/python3.7/site-packages/airflow/example_dags/example_time_delta_sensor_async.py
[2022-07-22 22:07:11,948] {processor.py:642} INFO - Processing file /home/airflow/.local/lib/python3.7/site-packages/airflow/example_dags/example_time_delta_sensor_async.py for tasks to queue
[2022-07-22 22:07:11,948] {logging_mixin.py:109} INFO - [2022-07-22 22:07:11,948] {dagbag.py:500} INFO - Filling up the DagBag from /home/airflow/.local/lib/python3.7/site-packages/airflow/example_dags/example_time_delta_sensor_async.py
[2022-07-22 22:07:11,965] {processor.py:654} INFO - DAG(s) dict_keys(['example_time_delta_sensor_async']) retrieved from /home/airflow/.local/lib/python3.7/site-packages/airflow/example_dags/example_time_delta_sensor_async.py
[2022-07-22 22:07:11,971] {logging_mixin.py:109} INFO - [2022-07-22 22:07:11,971] {dag.py:2396} INFO - Sync 1 DAGs
[2022-07-22 22:07:11,983] {logging_mixin.py:109} INFO - [2022-07-22 22:07:11,983] {dag.py:2935} INFO - Setting next_dagrun for example_time_delta_sensor_async to None
[2022-07-22 22:07:11,989] {processor.py:171} INFO - Processing /home/airflow/.local/lib/python3.7/site-packages/airflow/example_dags/example_time_delta_sensor_async.py took 0.043 seconds
[2022-07-22 22:07:42,515] {processor.py:163} INFO - Started process (PID=1296) to work on /home/airflow/.local/lib/python3.7/site-packages/airflow/example_dags/example_time_delta_sensor_async.py
[2022-07-22 22:07:42,516] {processor.py:642} INFO - Processing file /home/airflow/.local/lib/python3.7/site-packages/airflow/example_dags/example_time_delta_sensor_async.py for tasks to queue
[2022-07-22 22:07:42,517] {logging_mixin.py:109} INFO - [2022-07-22 22:07:42,517] {dagbag.py:500} INFO - Filling up the DagBag from /home/airflow/.local/lib/python3.7/site-packages/airflow/example_dags/example_time_delta_sensor_async.py
[2022-07-22 22:07:42,533] {processor.py:654} INFO - DAG(s) dict_keys(['example_time_delta_sensor_async']) retrieved from /home/airflow/.local/lib/python3.7/site-packages/airflow/example_dags/example_time_delta_sensor_async.py
[2022-07-22 22:07:42,539] {logging_mixin.py:109} INFO - [2022-07-22 22:07:42,539] {dag.py:2396} INFO - Sync 1 DAGs
[2022-07-22 22:07:42,551] {logging_mixin.py:109} INFO - [2022-07-22 22:07:42,551] {dag.py:2935} INFO - Setting next_dagrun for example_time_delta_sensor_async to None
[2022-07-22 22:07:42,557] {processor.py:171} INFO - Processing /home/airflow/.local/lib/python3.7/site-packages/airflow/example_dags/example_time_delta_sensor_async.py took 0.043 seconds
[2022-07-22 22:08:13,280] {processor.py:163} INFO - Started process (PID=1346) to work on /home/airflow/.local/lib/python3.7/site-packages/airflow/example_dags/example_time_delta_sensor_async.py
[2022-07-22 22:08:13,281] {processor.py:642} INFO - Processing file /home/airflow/.local/lib/python3.7/site-packages/airflow/example_dags/example_time_delta_sensor_async.py for tasks to queue
[2022-07-22 22:08:13,282] {logging_mixin.py:109} INFO - [2022-07-22 22:08:13,282] {dagbag.py:500} INFO - Filling up the DagBag from /home/airflow/.local/lib/python3.7/site-packages/airflow/example_dags/example_time_delta_sensor_async.py
[2022-07-22 22:08:13,305] {processor.py:654} INFO - DAG(s) dict_keys(['example_time_delta_sensor_async']) retrieved from /home/airflow/.local/lib/python3.7/site-packages/airflow/example_dags/example_time_delta_sensor_async.py
[2022-07-22 22:08:13,316] {logging_mixin.py:109} INFO - [2022-07-22 22:08:13,316] {dag.py:2396} INFO - Sync 1 DAGs
[2022-07-22 22:08:13,331] {logging_mixin.py:109} INFO - [2022-07-22 22:08:13,331] {dag.py:2935} INFO - Setting next_dagrun for example_time_delta_sensor_async to None
[2022-07-22 22:08:13,340] {processor.py:171} INFO - Processing /home/airflow/.local/lib/python3.7/site-packages/airflow/example_dags/example_time_delta_sensor_async.py took 0.063 seconds
[2022-07-22 22:08:44,617] {processor.py:163} INFO - Started process (PID=1405) to work on /home/airflow/.local/lib/python3.7/site-packages/airflow/example_dags/example_time_delta_sensor_async.py
[2022-07-22 22:08:44,618] {processor.py:642} INFO - Processing file /home/airflow/.local/lib/python3.7/site-packages/airflow/example_dags/example_time_delta_sensor_async.py for tasks to queue
[2022-07-22 22:08:44,618] {logging_mixin.py:109} INFO - [2022-07-22 22:08:44,618] {dagbag.py:500} INFO - Filling up the DagBag from /home/airflow/.local/lib/python3.7/site-packages/airflow/example_dags/example_time_delta_sensor_async.py
[2022-07-22 22:08:44,648] {processor.py:654} INFO - DAG(s) dict_keys(['example_time_delta_sensor_async']) retrieved from /home/airflow/.local/lib/python3.7/site-packages/airflow/example_dags/example_time_delta_sensor_async.py
[2022-07-22 22:08:44,657] {logging_mixin.py:109} INFO - [2022-07-22 22:08:44,657] {dag.py:2396} INFO - Sync 1 DAGs
[2022-07-22 22:08:44,676] {logging_mixin.py:109} INFO - [2022-07-22 22:08:44,675] {dag.py:2935} INFO - Setting next_dagrun for example_time_delta_sensor_async to None
[2022-07-22 22:08:44,687] {processor.py:171} INFO - Processing /home/airflow/.local/lib/python3.7/site-packages/airflow/example_dags/example_time_delta_sensor_async.py took 0.073 seconds
[2022-07-22 22:09:15,175] {processor.py:163} INFO - Started process (PID=1455) to work on /home/airflow/.local/lib/python3.7/site-packages/airflow/example_dags/example_time_delta_sensor_async.py
[2022-07-22 22:09:15,176] {processor.py:642} INFO - Processing file /home/airflow/.local/lib/python3.7/site-packages/airflow/example_dags/example_time_delta_sensor_async.py for tasks to queue
[2022-07-22 22:09:15,176] {logging_mixin.py:109} INFO - [2022-07-22 22:09:15,176] {dagbag.py:500} INFO - Filling up the DagBag from /home/airflow/.local/lib/python3.7/site-packages/airflow/example_dags/example_time_delta_sensor_async.py
[2022-07-22 22:09:15,200] {processor.py:654} INFO - DAG(s) dict_keys(['example_time_delta_sensor_async']) retrieved from /home/airflow/.local/lib/python3.7/site-packages/airflow/example_dags/example_time_delta_sensor_async.py
[2022-07-22 22:09:15,209] {logging_mixin.py:109} INFO - [2022-07-22 22:09:15,209] {dag.py:2396} INFO - Sync 1 DAGs
[2022-07-22 22:09:15,224] {logging_mixin.py:109} INFO - [2022-07-22 22:09:15,224] {dag.py:2935} INFO - Setting next_dagrun for example_time_delta_sensor_async to None
[2022-07-22 22:09:15,233] {processor.py:171} INFO - Processing /home/airflow/.local/lib/python3.7/site-packages/airflow/example_dags/example_time_delta_sensor_async.py took 0.061 seconds
[2022-07-22 22:09:46,277] {processor.py:163} INFO - Started process (PID=1514) to work on /home/airflow/.local/lib/python3.7/site-packages/airflow/example_dags/example_time_delta_sensor_async.py
[2022-07-22 22:09:46,278] {processor.py:642} INFO - Processing file /home/airflow/.local/lib/python3.7/site-packages/airflow/example_dags/example_time_delta_sensor_async.py for tasks to queue
[2022-07-22 22:09:46,278] {logging_mixin.py:109} INFO - [2022-07-22 22:09:46,278] {dagbag.py:500} INFO - Filling up the DagBag from /home/airflow/.local/lib/python3.7/site-packages/airflow/example_dags/example_time_delta_sensor_async.py
[2022-07-22 22:09:46,297] {processor.py:654} INFO - DAG(s) dict_keys(['example_time_delta_sensor_async']) retrieved from /home/airflow/.local/lib/python3.7/site-packages/airflow/example_dags/example_time_delta_sensor_async.py
[2022-07-22 22:09:46,306] {logging_mixin.py:109} INFO - [2022-07-22 22:09:46,306] {dag.py:2396} INFO - Sync 1 DAGs
[2022-07-22 22:09:46,320] {logging_mixin.py:109} INFO - [2022-07-22 22:09:46,320] {dag.py:2935} INFO - Setting next_dagrun for example_time_delta_sensor_async to None
[2022-07-22 22:09:46,327] {processor.py:171} INFO - Processing /home/airflow/.local/lib/python3.7/site-packages/airflow/example_dags/example_time_delta_sensor_async.py took 0.051 seconds
[2022-07-22 22:10:17,125] {processor.py:163} INFO - Started process (PID=1564) to work on /home/airflow/.local/lib/python3.7/site-packages/airflow/example_dags/example_time_delta_sensor_async.py
[2022-07-22 22:10:17,126] {processor.py:642} INFO - Processing file /home/airflow/.local/lib/python3.7/site-packages/airflow/example_dags/example_time_delta_sensor_async.py for tasks to queue
[2022-07-22 22:10:17,126] {logging_mixin.py:109} INFO - [2022-07-22 22:10:17,126] {dagbag.py:500} INFO - Filling up the DagBag from /home/airflow/.local/lib/python3.7/site-packages/airflow/example_dags/example_time_delta_sensor_async.py
[2022-07-22 22:10:17,143] {processor.py:654} INFO - DAG(s) dict_keys(['example_time_delta_sensor_async']) retrieved from /home/airflow/.local/lib/python3.7/site-packages/airflow/example_dags/example_time_delta_sensor_async.py
[2022-07-22 22:10:17,149] {logging_mixin.py:109} INFO - [2022-07-22 22:10:17,149] {dag.py:2396} INFO - Sync 1 DAGs
[2022-07-22 22:10:17,159] {logging_mixin.py:109} INFO - [2022-07-22 22:10:17,159] {dag.py:2935} INFO - Setting next_dagrun for example_time_delta_sensor_async to None
[2022-07-22 22:10:17,165] {processor.py:171} INFO - Processing /home/airflow/.local/lib/python3.7/site-packages/airflow/example_dags/example_time_delta_sensor_async.py took 0.042 seconds
[2022-07-22 22:10:47,964] {processor.py:163} INFO - Started process (PID=1623) to work on /home/airflow/.local/lib/python3.7/site-packages/airflow/example_dags/example_time_delta_sensor_async.py
[2022-07-22 22:10:47,964] {processor.py:642} INFO - Processing file /home/airflow/.local/lib/python3.7/site-packages/airflow/example_dags/example_time_delta_sensor_async.py for tasks to queue
[2022-07-22 22:10:47,965] {logging_mixin.py:109} INFO - [2022-07-22 22:10:47,965] {dagbag.py:500} INFO - Filling up the DagBag from /home/airflow/.local/lib/python3.7/site-packages/airflow/example_dags/example_time_delta_sensor_async.py
[2022-07-22 22:10:47,986] {processor.py:654} INFO - DAG(s) dict_keys(['example_time_delta_sensor_async']) retrieved from /home/airflow/.local/lib/python3.7/site-packages/airflow/example_dags/example_time_delta_sensor_async.py
[2022-07-22 22:10:47,995] {logging_mixin.py:109} INFO - [2022-07-22 22:10:47,995] {dag.py:2396} INFO - Sync 1 DAGs
[2022-07-22 22:10:48,011] {logging_mixin.py:109} INFO - [2022-07-22 22:10:48,010] {dag.py:2935} INFO - Setting next_dagrun for example_time_delta_sensor_async to None
[2022-07-22 22:10:48,018] {processor.py:171} INFO - Processing /home/airflow/.local/lib/python3.7/site-packages/airflow/example_dags/example_time_delta_sensor_async.py took 0.057 seconds
[2022-07-22 22:11:18,734] {processor.py:163} INFO - Started process (PID=1682) to work on /home/airflow/.local/lib/python3.7/site-packages/airflow/example_dags/example_time_delta_sensor_async.py
[2022-07-22 22:11:18,735] {processor.py:642} INFO - Processing file /home/airflow/.local/lib/python3.7/site-packages/airflow/example_dags/example_time_delta_sensor_async.py for tasks to queue
[2022-07-22 22:11:18,735] {logging_mixin.py:109} INFO - [2022-07-22 22:11:18,735] {dagbag.py:500} INFO - Filling up the DagBag from /home/airflow/.local/lib/python3.7/site-packages/airflow/example_dags/example_time_delta_sensor_async.py
[2022-07-22 22:11:18,754] {processor.py:654} INFO - DAG(s) dict_keys(['example_time_delta_sensor_async']) retrieved from /home/airflow/.local/lib/python3.7/site-packages/airflow/example_dags/example_time_delta_sensor_async.py
[2022-07-22 22:11:18,761] {logging_mixin.py:109} INFO - [2022-07-22 22:11:18,761] {dag.py:2396} INFO - Sync 1 DAGs
[2022-07-22 22:11:18,773] {logging_mixin.py:109} INFO - [2022-07-22 22:11:18,773] {dag.py:2935} INFO - Setting next_dagrun for example_time_delta_sensor_async to None
[2022-07-22 22:11:18,779] {processor.py:171} INFO - Processing /home/airflow/.local/lib/python3.7/site-packages/airflow/example_dags/example_time_delta_sensor_async.py took 0.047 seconds
[2022-07-22 22:11:49,503] {processor.py:163} INFO - Started process (PID=1732) to work on /home/airflow/.local/lib/python3.7/site-packages/airflow/example_dags/example_time_delta_sensor_async.py
[2022-07-22 22:11:49,504] {processor.py:642} INFO - Processing file /home/airflow/.local/lib/python3.7/site-packages/airflow/example_dags/example_time_delta_sensor_async.py for tasks to queue
[2022-07-22 22:11:49,504] {logging_mixin.py:109} INFO - [2022-07-22 22:11:49,504] {dagbag.py:500} INFO - Filling up the DagBag from /home/airflow/.local/lib/python3.7/site-packages/airflow/example_dags/example_time_delta_sensor_async.py
[2022-07-22 22:11:49,520] {processor.py:654} INFO - DAG(s) dict_keys(['example_time_delta_sensor_async']) retrieved from /home/airflow/.local/lib/python3.7/site-packages/airflow/example_dags/example_time_delta_sensor_async.py
[2022-07-22 22:11:49,527] {logging_mixin.py:109} INFO - [2022-07-22 22:11:49,527] {dag.py:2396} INFO - Sync 1 DAGs
[2022-07-22 22:11:49,544] {logging_mixin.py:109} INFO - [2022-07-22 22:11:49,543] {dag.py:2935} INFO - Setting next_dagrun for example_time_delta_sensor_async to None
[2022-07-22 22:11:49,556] {processor.py:171} INFO - Processing /home/airflow/.local/lib/python3.7/site-packages/airflow/example_dags/example_time_delta_sensor_async.py took 0.055 seconds
[2022-07-22 22:12:20,438] {processor.py:163} INFO - Started process (PID=1791) to work on /home/airflow/.local/lib/python3.7/site-packages/airflow/example_dags/example_time_delta_sensor_async.py
[2022-07-22 22:12:20,439] {processor.py:642} INFO - Processing file /home/airflow/.local/lib/python3.7/site-packages/airflow/example_dags/example_time_delta_sensor_async.py for tasks to queue
[2022-07-22 22:12:20,439] {logging_mixin.py:109} INFO - [2022-07-22 22:12:20,439] {dagbag.py:500} INFO - Filling up the DagBag from /home/airflow/.local/lib/python3.7/site-packages/airflow/example_dags/example_time_delta_sensor_async.py
[2022-07-22 22:12:20,458] {processor.py:654} INFO - DAG(s) dict_keys(['example_time_delta_sensor_async']) retrieved from /home/airflow/.local/lib/python3.7/site-packages/airflow/example_dags/example_time_delta_sensor_async.py
[2022-07-22 22:12:20,464] {logging_mixin.py:109} INFO - [2022-07-22 22:12:20,464] {dag.py:2396} INFO - Sync 1 DAGs
[2022-07-22 22:12:20,476] {logging_mixin.py:109} INFO - [2022-07-22 22:12:20,476] {dag.py:2935} INFO - Setting next_dagrun for example_time_delta_sensor_async to None
[2022-07-22 22:12:20,482] {processor.py:171} INFO - Processing /home/airflow/.local/lib/python3.7/site-packages/airflow/example_dags/example_time_delta_sensor_async.py took 0.046 seconds
[2022-07-22 22:12:51,297] {processor.py:163} INFO - Started process (PID=1841) to work on /home/airflow/.local/lib/python3.7/site-packages/airflow/example_dags/example_time_delta_sensor_async.py
[2022-07-22 22:12:51,298] {processor.py:642} INFO - Processing file /home/airflow/.local/lib/python3.7/site-packages/airflow/example_dags/example_time_delta_sensor_async.py for tasks to queue
[2022-07-22 22:12:51,298] {logging_mixin.py:109} INFO - [2022-07-22 22:12:51,298] {dagbag.py:500} INFO - Filling up the DagBag from /home/airflow/.local/lib/python3.7/site-packages/airflow/example_dags/example_time_delta_sensor_async.py
[2022-07-22 22:12:51,316] {processor.py:654} INFO - DAG(s) dict_keys(['example_time_delta_sensor_async']) retrieved from /home/airflow/.local/lib/python3.7/site-packages/airflow/example_dags/example_time_delta_sensor_async.py
[2022-07-22 22:12:51,322] {logging_mixin.py:109} INFO - [2022-07-22 22:12:51,322] {dag.py:2396} INFO - Sync 1 DAGs
[2022-07-22 22:12:51,336] {logging_mixin.py:109} INFO - [2022-07-22 22:12:51,336] {dag.py:2935} INFO - Setting next_dagrun for example_time_delta_sensor_async to None
[2022-07-22 22:12:51,346] {processor.py:171} INFO - Processing /home/airflow/.local/lib/python3.7/site-packages/airflow/example_dags/example_time_delta_sensor_async.py took 0.050 seconds
[2022-07-22 22:13:22,077] {processor.py:163} INFO - Started process (PID=1900) to work on /home/airflow/.local/lib/python3.7/site-packages/airflow/example_dags/example_time_delta_sensor_async.py
[2022-07-22 22:13:22,078] {processor.py:642} INFO - Processing file /home/airflow/.local/lib/python3.7/site-packages/airflow/example_dags/example_time_delta_sensor_async.py for tasks to queue
[2022-07-22 22:13:22,079] {logging_mixin.py:109} INFO - [2022-07-22 22:13:22,079] {dagbag.py:500} INFO - Filling up the DagBag from /home/airflow/.local/lib/python3.7/site-packages/airflow/example_dags/example_time_delta_sensor_async.py
[2022-07-22 22:13:22,094] {processor.py:654} INFO - DAG(s) dict_keys(['example_time_delta_sensor_async']) retrieved from /home/airflow/.local/lib/python3.7/site-packages/airflow/example_dags/example_time_delta_sensor_async.py
[2022-07-22 22:13:22,100] {logging_mixin.py:109} INFO - [2022-07-22 22:13:22,100] {dag.py:2396} INFO - Sync 1 DAGs
[2022-07-22 22:13:22,110] {logging_mixin.py:109} INFO - [2022-07-22 22:13:22,110] {dag.py:2935} INFO - Setting next_dagrun for example_time_delta_sensor_async to None
[2022-07-22 22:13:22,115] {processor.py:171} INFO - Processing /home/airflow/.local/lib/python3.7/site-packages/airflow/example_dags/example_time_delta_sensor_async.py took 0.040 seconds
[2022-07-22 22:13:52,603] {processor.py:163} INFO - Started process (PID=1956) to work on /home/airflow/.local/lib/python3.7/site-packages/airflow/example_dags/example_time_delta_sensor_async.py
[2022-07-22 22:13:52,603] {processor.py:642} INFO - Processing file /home/airflow/.local/lib/python3.7/site-packages/airflow/example_dags/example_time_delta_sensor_async.py for tasks to queue
[2022-07-22 22:13:52,604] {logging_mixin.py:109} INFO - [2022-07-22 22:13:52,604] {dagbag.py:500} INFO - Filling up the DagBag from /home/airflow/.local/lib/python3.7/site-packages/airflow/example_dags/example_time_delta_sensor_async.py
[2022-07-22 22:13:52,623] {processor.py:654} INFO - DAG(s) dict_keys(['example_time_delta_sensor_async']) retrieved from /home/airflow/.local/lib/python3.7/site-packages/airflow/example_dags/example_time_delta_sensor_async.py
[2022-07-22 22:13:52,631] {logging_mixin.py:109} INFO - [2022-07-22 22:13:52,631] {dag.py:2396} INFO - Sync 1 DAGs
[2022-07-22 22:13:52,646] {logging_mixin.py:109} INFO - [2022-07-22 22:13:52,646] {dag.py:2935} INFO - Setting next_dagrun for example_time_delta_sensor_async to None
[2022-07-22 22:13:52,653] {processor.py:171} INFO - Processing /home/airflow/.local/lib/python3.7/site-packages/airflow/example_dags/example_time_delta_sensor_async.py took 0.053 seconds
[2022-07-22 22:14:23,387] {processor.py:163} INFO - Started process (PID=2009) to work on /home/airflow/.local/lib/python3.7/site-packages/airflow/example_dags/example_time_delta_sensor_async.py
[2022-07-22 22:14:23,387] {processor.py:642} INFO - Processing file /home/airflow/.local/lib/python3.7/site-packages/airflow/example_dags/example_time_delta_sensor_async.py for tasks to queue
[2022-07-22 22:14:23,388] {logging_mixin.py:109} INFO - [2022-07-22 22:14:23,388] {dagbag.py:500} INFO - Filling up the DagBag from /home/airflow/.local/lib/python3.7/site-packages/airflow/example_dags/example_time_delta_sensor_async.py
[2022-07-22 22:14:23,403] {processor.py:654} INFO - DAG(s) dict_keys(['example_time_delta_sensor_async']) retrieved from /home/airflow/.local/lib/python3.7/site-packages/airflow/example_dags/example_time_delta_sensor_async.py
[2022-07-22 22:14:23,409] {logging_mixin.py:109} INFO - [2022-07-22 22:14:23,409] {dag.py:2396} INFO - Sync 1 DAGs
[2022-07-22 22:14:23,419] {logging_mixin.py:109} INFO - [2022-07-22 22:14:23,419] {dag.py:2935} INFO - Setting next_dagrun for example_time_delta_sensor_async to None
[2022-07-22 22:14:23,425] {processor.py:171} INFO - Processing /home/airflow/.local/lib/python3.7/site-packages/airflow/example_dags/example_time_delta_sensor_async.py took 0.040 seconds
[2022-07-22 22:14:53,896] {processor.py:163} INFO - Started process (PID=2068) to work on /home/airflow/.local/lib/python3.7/site-packages/airflow/example_dags/example_time_delta_sensor_async.py
[2022-07-22 22:14:53,896] {processor.py:642} INFO - Processing file /home/airflow/.local/lib/python3.7/site-packages/airflow/example_dags/example_time_delta_sensor_async.py for tasks to queue
[2022-07-22 22:14:53,897] {logging_mixin.py:109} INFO - [2022-07-22 22:14:53,897] {dagbag.py:500} INFO - Filling up the DagBag from /home/airflow/.local/lib/python3.7/site-packages/airflow/example_dags/example_time_delta_sensor_async.py
[2022-07-22 22:14:53,913] {processor.py:654} INFO - DAG(s) dict_keys(['example_time_delta_sensor_async']) retrieved from /home/airflow/.local/lib/python3.7/site-packages/airflow/example_dags/example_time_delta_sensor_async.py
[2022-07-22 22:14:53,920] {logging_mixin.py:109} INFO - [2022-07-22 22:14:53,920] {dag.py:2396} INFO - Sync 1 DAGs
[2022-07-22 22:14:53,931] {logging_mixin.py:109} INFO - [2022-07-22 22:14:53,931] {dag.py:2935} INFO - Setting next_dagrun for example_time_delta_sensor_async to None
[2022-07-22 22:14:53,936] {processor.py:171} INFO - Processing /home/airflow/.local/lib/python3.7/site-packages/airflow/example_dags/example_time_delta_sensor_async.py took 0.043 seconds
[2022-07-22 22:15:24,487] {processor.py:163} INFO - Started process (PID=2118) to work on /home/airflow/.local/lib/python3.7/site-packages/airflow/example_dags/example_time_delta_sensor_async.py
[2022-07-22 22:15:24,488] {processor.py:642} INFO - Processing file /home/airflow/.local/lib/python3.7/site-packages/airflow/example_dags/example_time_delta_sensor_async.py for tasks to queue
[2022-07-22 22:15:24,489] {logging_mixin.py:109} INFO - [2022-07-22 22:15:24,489] {dagbag.py:500} INFO - Filling up the DagBag from /home/airflow/.local/lib/python3.7/site-packages/airflow/example_dags/example_time_delta_sensor_async.py
[2022-07-22 22:15:24,507] {processor.py:654} INFO - DAG(s) dict_keys(['example_time_delta_sensor_async']) retrieved from /home/airflow/.local/lib/python3.7/site-packages/airflow/example_dags/example_time_delta_sensor_async.py
[2022-07-22 22:15:24,513] {logging_mixin.py:109} INFO - [2022-07-22 22:15:24,513] {dag.py:2396} INFO - Sync 1 DAGs
[2022-07-22 22:15:24,525] {logging_mixin.py:109} INFO - [2022-07-22 22:15:24,525] {dag.py:2935} INFO - Setting next_dagrun for example_time_delta_sensor_async to None
[2022-07-22 22:15:24,531] {processor.py:171} INFO - Processing /home/airflow/.local/lib/python3.7/site-packages/airflow/example_dags/example_time_delta_sensor_async.py took 0.046 seconds
[2022-07-22 22:15:55,198] {processor.py:163} INFO - Started process (PID=2177) to work on /home/airflow/.local/lib/python3.7/site-packages/airflow/example_dags/example_time_delta_sensor_async.py
[2022-07-22 22:15:55,198] {processor.py:642} INFO - Processing file /home/airflow/.local/lib/python3.7/site-packages/airflow/example_dags/example_time_delta_sensor_async.py for tasks to queue
[2022-07-22 22:15:55,199] {logging_mixin.py:109} INFO - [2022-07-22 22:15:55,199] {dagbag.py:500} INFO - Filling up the DagBag from /home/airflow/.local/lib/python3.7/site-packages/airflow/example_dags/example_time_delta_sensor_async.py
[2022-07-22 22:15:55,216] {processor.py:654} INFO - DAG(s) dict_keys(['example_time_delta_sensor_async']) retrieved from /home/airflow/.local/lib/python3.7/site-packages/airflow/example_dags/example_time_delta_sensor_async.py
[2022-07-22 22:15:55,222] {logging_mixin.py:109} INFO - [2022-07-22 22:15:55,222] {dag.py:2396} INFO - Sync 1 DAGs
[2022-07-22 22:15:55,233] {logging_mixin.py:109} INFO - [2022-07-22 22:15:55,233] {dag.py:2935} INFO - Setting next_dagrun for example_time_delta_sensor_async to None
[2022-07-22 22:15:55,239] {processor.py:171} INFO - Processing /home/airflow/.local/lib/python3.7/site-packages/airflow/example_dags/example_time_delta_sensor_async.py took 0.043 seconds
[2022-07-22 22:16:25,828] {processor.py:163} INFO - Started process (PID=2227) to work on /home/airflow/.local/lib/python3.7/site-packages/airflow/example_dags/example_time_delta_sensor_async.py
[2022-07-22 22:16:25,829] {processor.py:642} INFO - Processing file /home/airflow/.local/lib/python3.7/site-packages/airflow/example_dags/example_time_delta_sensor_async.py for tasks to queue
[2022-07-22 22:16:25,829] {logging_mixin.py:109} INFO - [2022-07-22 22:16:25,829] {dagbag.py:500} INFO - Filling up the DagBag from /home/airflow/.local/lib/python3.7/site-packages/airflow/example_dags/example_time_delta_sensor_async.py
[2022-07-22 22:16:25,846] {processor.py:654} INFO - DAG(s) dict_keys(['example_time_delta_sensor_async']) retrieved from /home/airflow/.local/lib/python3.7/site-packages/airflow/example_dags/example_time_delta_sensor_async.py
[2022-07-22 22:16:25,853] {logging_mixin.py:109} INFO - [2022-07-22 22:16:25,853] {dag.py:2396} INFO - Sync 1 DAGs
[2022-07-22 22:16:25,865] {logging_mixin.py:109} INFO - [2022-07-22 22:16:25,865] {dag.py:2935} INFO - Setting next_dagrun for example_time_delta_sensor_async to None
[2022-07-22 22:16:25,872] {processor.py:171} INFO - Processing /home/airflow/.local/lib/python3.7/site-packages/airflow/example_dags/example_time_delta_sensor_async.py took 0.046 seconds
[2022-07-22 22:16:56,220] {processor.py:163} INFO - Started process (PID=2286) to work on /home/airflow/.local/lib/python3.7/site-packages/airflow/example_dags/example_time_delta_sensor_async.py
[2022-07-22 22:16:56,221] {processor.py:642} INFO - Processing file /home/airflow/.local/lib/python3.7/site-packages/airflow/example_dags/example_time_delta_sensor_async.py for tasks to queue
[2022-07-22 22:16:56,221] {logging_mixin.py:109} INFO - [2022-07-22 22:16:56,221] {dagbag.py:500} INFO - Filling up the DagBag from /home/airflow/.local/lib/python3.7/site-packages/airflow/example_dags/example_time_delta_sensor_async.py
[2022-07-22 22:16:56,240] {processor.py:654} INFO - DAG(s) dict_keys(['example_time_delta_sensor_async']) retrieved from /home/airflow/.local/lib/python3.7/site-packages/airflow/example_dags/example_time_delta_sensor_async.py
[2022-07-22 22:16:56,247] {logging_mixin.py:109} INFO - [2022-07-22 22:16:56,247] {dag.py:2396} INFO - Sync 1 DAGs
[2022-07-22 22:16:56,259] {logging_mixin.py:109} INFO - [2022-07-22 22:16:56,259] {dag.py:2935} INFO - Setting next_dagrun for example_time_delta_sensor_async to None
[2022-07-22 22:16:56,266] {processor.py:171} INFO - Processing /home/airflow/.local/lib/python3.7/site-packages/airflow/example_dags/example_time_delta_sensor_async.py took 0.048 seconds
[2022-07-22 22:17:26,918] {processor.py:163} INFO - Started process (PID=2345) to work on /home/airflow/.local/lib/python3.7/site-packages/airflow/example_dags/example_time_delta_sensor_async.py
[2022-07-22 22:17:26,919] {processor.py:642} INFO - Processing file /home/airflow/.local/lib/python3.7/site-packages/airflow/example_dags/example_time_delta_sensor_async.py for tasks to queue
[2022-07-22 22:17:26,920] {logging_mixin.py:109} INFO - [2022-07-22 22:17:26,920] {dagbag.py:500} INFO - Filling up the DagBag from /home/airflow/.local/lib/python3.7/site-packages/airflow/example_dags/example_time_delta_sensor_async.py
[2022-07-22 22:17:26,937] {processor.py:654} INFO - DAG(s) dict_keys(['example_time_delta_sensor_async']) retrieved from /home/airflow/.local/lib/python3.7/site-packages/airflow/example_dags/example_time_delta_sensor_async.py
[2022-07-22 22:17:26,944] {logging_mixin.py:109} INFO - [2022-07-22 22:17:26,944] {dag.py:2396} INFO - Sync 1 DAGs
[2022-07-22 22:17:26,955] {logging_mixin.py:109} INFO - [2022-07-22 22:17:26,955] {dag.py:2935} INFO - Setting next_dagrun for example_time_delta_sensor_async to None
[2022-07-22 22:17:26,961] {processor.py:171} INFO - Processing /home/airflow/.local/lib/python3.7/site-packages/airflow/example_dags/example_time_delta_sensor_async.py took 0.045 seconds
[2022-07-22 22:17:57,789] {processor.py:163} INFO - Started process (PID=2396) to work on /home/airflow/.local/lib/python3.7/site-packages/airflow/example_dags/example_time_delta_sensor_async.py
[2022-07-22 22:17:57,790] {processor.py:642} INFO - Processing file /home/airflow/.local/lib/python3.7/site-packages/airflow/example_dags/example_time_delta_sensor_async.py for tasks to queue
[2022-07-22 22:17:57,790] {logging_mixin.py:109} INFO - [2022-07-22 22:17:57,790] {dagbag.py:500} INFO - Filling up the DagBag from /home/airflow/.local/lib/python3.7/site-packages/airflow/example_dags/example_time_delta_sensor_async.py
[2022-07-22 22:17:57,807] {processor.py:654} INFO - DAG(s) dict_keys(['example_time_delta_sensor_async']) retrieved from /home/airflow/.local/lib/python3.7/site-packages/airflow/example_dags/example_time_delta_sensor_async.py
[2022-07-22 22:17:57,813] {logging_mixin.py:109} INFO - [2022-07-22 22:17:57,813] {dag.py:2396} INFO - Sync 1 DAGs
[2022-07-22 22:17:57,824] {logging_mixin.py:109} INFO - [2022-07-22 22:17:57,824] {dag.py:2935} INFO - Setting next_dagrun for example_time_delta_sensor_async to None
[2022-07-22 22:17:57,830] {processor.py:171} INFO - Processing /home/airflow/.local/lib/python3.7/site-packages/airflow/example_dags/example_time_delta_sensor_async.py took 0.043 seconds
[2022-07-22 22:18:28,358] {processor.py:163} INFO - Started process (PID=2454) to work on /home/airflow/.local/lib/python3.7/site-packages/airflow/example_dags/example_time_delta_sensor_async.py
[2022-07-22 22:18:28,358] {processor.py:642} INFO - Processing file /home/airflow/.local/lib/python3.7/site-packages/airflow/example_dags/example_time_delta_sensor_async.py for tasks to queue
[2022-07-22 22:18:28,359] {logging_mixin.py:109} INFO - [2022-07-22 22:18:28,359] {dagbag.py:500} INFO - Filling up the DagBag from /home/airflow/.local/lib/python3.7/site-packages/airflow/example_dags/example_time_delta_sensor_async.py
[2022-07-22 22:18:28,374] {processor.py:654} INFO - DAG(s) dict_keys(['example_time_delta_sensor_async']) retrieved from /home/airflow/.local/lib/python3.7/site-packages/airflow/example_dags/example_time_delta_sensor_async.py
[2022-07-22 22:18:28,380] {logging_mixin.py:109} INFO - [2022-07-22 22:18:28,380] {dag.py:2396} INFO - Sync 1 DAGs
[2022-07-22 22:18:28,390] {logging_mixin.py:109} INFO - [2022-07-22 22:18:28,390] {dag.py:2935} INFO - Setting next_dagrun for example_time_delta_sensor_async to None
[2022-07-22 22:18:28,396] {processor.py:171} INFO - Processing /home/airflow/.local/lib/python3.7/site-packages/airflow/example_dags/example_time_delta_sensor_async.py took 0.040 seconds
[2022-07-22 22:18:59,317] {processor.py:163} INFO - Started process (PID=2505) to work on /home/airflow/.local/lib/python3.7/site-packages/airflow/example_dags/example_time_delta_sensor_async.py
[2022-07-22 22:18:59,318] {processor.py:642} INFO - Processing file /home/airflow/.local/lib/python3.7/site-packages/airflow/example_dags/example_time_delta_sensor_async.py for tasks to queue
[2022-07-22 22:18:59,318] {logging_mixin.py:109} INFO - [2022-07-22 22:18:59,318] {dagbag.py:500} INFO - Filling up the DagBag from /home/airflow/.local/lib/python3.7/site-packages/airflow/example_dags/example_time_delta_sensor_async.py
[2022-07-22 22:18:59,336] {processor.py:654} INFO - DAG(s) dict_keys(['example_time_delta_sensor_async']) retrieved from /home/airflow/.local/lib/python3.7/site-packages/airflow/example_dags/example_time_delta_sensor_async.py
[2022-07-22 22:18:59,343] {logging_mixin.py:109} INFO - [2022-07-22 22:18:59,343] {dag.py:2396} INFO - Sync 1 DAGs
[2022-07-22 22:18:59,355] {logging_mixin.py:109} INFO - [2022-07-22 22:18:59,355] {dag.py:2935} INFO - Setting next_dagrun for example_time_delta_sensor_async to None
[2022-07-22 22:18:59,361] {processor.py:171} INFO - Processing /home/airflow/.local/lib/python3.7/site-packages/airflow/example_dags/example_time_delta_sensor_async.py took 0.046 seconds
[2022-07-22 22:19:30,043] {processor.py:163} INFO - Started process (PID=2564) to work on /home/airflow/.local/lib/python3.7/site-packages/airflow/example_dags/example_time_delta_sensor_async.py
[2022-07-22 22:19:30,044] {processor.py:642} INFO - Processing file /home/airflow/.local/lib/python3.7/site-packages/airflow/example_dags/example_time_delta_sensor_async.py for tasks to queue
[2022-07-22 22:19:30,044] {logging_mixin.py:109} INFO - [2022-07-22 22:19:30,044] {dagbag.py:500} INFO - Filling up the DagBag from /home/airflow/.local/lib/python3.7/site-packages/airflow/example_dags/example_time_delta_sensor_async.py
[2022-07-22 22:19:30,061] {processor.py:654} INFO - DAG(s) dict_keys(['example_time_delta_sensor_async']) retrieved from /home/airflow/.local/lib/python3.7/site-packages/airflow/example_dags/example_time_delta_sensor_async.py
[2022-07-22 22:19:30,068] {logging_mixin.py:109} INFO - [2022-07-22 22:19:30,067] {dag.py:2396} INFO - Sync 1 DAGs
[2022-07-22 22:19:30,079] {logging_mixin.py:109} INFO - [2022-07-22 22:19:30,079] {dag.py:2935} INFO - Setting next_dagrun for example_time_delta_sensor_async to None
[2022-07-22 22:19:30,085] {processor.py:171} INFO - Processing /home/airflow/.local/lib/python3.7/site-packages/airflow/example_dags/example_time_delta_sensor_async.py took 0.043 seconds
[2022-07-22 22:20:00,996] {processor.py:163} INFO - Started process (PID=2623) to work on /home/airflow/.local/lib/python3.7/site-packages/airflow/example_dags/example_time_delta_sensor_async.py
[2022-07-22 22:20:00,996] {processor.py:642} INFO - Processing file /home/airflow/.local/lib/python3.7/site-packages/airflow/example_dags/example_time_delta_sensor_async.py for tasks to queue
[2022-07-22 22:20:00,997] {logging_mixin.py:109} INFO - [2022-07-22 22:20:00,997] {dagbag.py:500} INFO - Filling up the DagBag from /home/airflow/.local/lib/python3.7/site-packages/airflow/example_dags/example_time_delta_sensor_async.py
[2022-07-22 22:20:01,015] {processor.py:654} INFO - DAG(s) dict_keys(['example_time_delta_sensor_async']) retrieved from /home/airflow/.local/lib/python3.7/site-packages/airflow/example_dags/example_time_delta_sensor_async.py
[2022-07-22 22:20:01,021] {logging_mixin.py:109} INFO - [2022-07-22 22:20:01,021] {dag.py:2396} INFO - Sync 1 DAGs
[2022-07-22 22:20:01,032] {logging_mixin.py:109} INFO - [2022-07-22 22:20:01,032] {dag.py:2935} INFO - Setting next_dagrun for example_time_delta_sensor_async to None
[2022-07-22 22:20:01,038] {processor.py:171} INFO - Processing /home/airflow/.local/lib/python3.7/site-packages/airflow/example_dags/example_time_delta_sensor_async.py took 0.044 seconds
[2022-07-22 22:20:31,424] {processor.py:163} INFO - Started process (PID=2673) to work on /home/airflow/.local/lib/python3.7/site-packages/airflow/example_dags/example_time_delta_sensor_async.py
[2022-07-22 22:20:31,425] {processor.py:642} INFO - Processing file /home/airflow/.local/lib/python3.7/site-packages/airflow/example_dags/example_time_delta_sensor_async.py for tasks to queue
[2022-07-22 22:20:31,425] {logging_mixin.py:109} INFO - [2022-07-22 22:20:31,425] {dagbag.py:500} INFO - Filling up the DagBag from /home/airflow/.local/lib/python3.7/site-packages/airflow/example_dags/example_time_delta_sensor_async.py
[2022-07-22 22:20:31,442] {processor.py:654} INFO - DAG(s) dict_keys(['example_time_delta_sensor_async']) retrieved from /home/airflow/.local/lib/python3.7/site-packages/airflow/example_dags/example_time_delta_sensor_async.py
[2022-07-22 22:20:31,448] {logging_mixin.py:109} INFO - [2022-07-22 22:20:31,448] {dag.py:2396} INFO - Sync 1 DAGs
[2022-07-22 22:20:31,458] {logging_mixin.py:109} INFO - [2022-07-22 22:20:31,458] {dag.py:2935} INFO - Setting next_dagrun for example_time_delta_sensor_async to None
[2022-07-22 22:20:31,464] {processor.py:171} INFO - Processing /home/airflow/.local/lib/python3.7/site-packages/airflow/example_dags/example_time_delta_sensor_async.py took 0.041 seconds
[2022-07-22 22:21:01,636] {processor.py:163} INFO - Started process (PID=2731) to work on /home/airflow/.local/lib/python3.7/site-packages/airflow/example_dags/example_time_delta_sensor_async.py
[2022-07-22 22:21:01,636] {processor.py:642} INFO - Processing file /home/airflow/.local/lib/python3.7/site-packages/airflow/example_dags/example_time_delta_sensor_async.py for tasks to queue
[2022-07-22 22:21:01,637] {logging_mixin.py:109} INFO - [2022-07-22 22:21:01,637] {dagbag.py:500} INFO - Filling up the DagBag from /home/airflow/.local/lib/python3.7/site-packages/airflow/example_dags/example_time_delta_sensor_async.py
[2022-07-22 22:21:01,653] {processor.py:654} INFO - DAG(s) dict_keys(['example_time_delta_sensor_async']) retrieved from /home/airflow/.local/lib/python3.7/site-packages/airflow/example_dags/example_time_delta_sensor_async.py
[2022-07-22 22:21:01,660] {logging_mixin.py:109} INFO - [2022-07-22 22:21:01,659] {dag.py:2396} INFO - Sync 1 DAGs
[2022-07-22 22:21:01,670] {logging_mixin.py:109} INFO - [2022-07-22 22:21:01,670] {dag.py:2935} INFO - Setting next_dagrun for example_time_delta_sensor_async to None
[2022-07-22 22:21:01,676] {processor.py:171} INFO - Processing /home/airflow/.local/lib/python3.7/site-packages/airflow/example_dags/example_time_delta_sensor_async.py took 0.042 seconds
[2022-07-22 22:21:32,149] {processor.py:163} INFO - Started process (PID=2780) to work on /home/airflow/.local/lib/python3.7/site-packages/airflow/example_dags/example_time_delta_sensor_async.py
[2022-07-22 22:21:32,150] {processor.py:642} INFO - Processing file /home/airflow/.local/lib/python3.7/site-packages/airflow/example_dags/example_time_delta_sensor_async.py for tasks to queue
[2022-07-22 22:21:32,151] {logging_mixin.py:109} INFO - [2022-07-22 22:21:32,150] {dagbag.py:500} INFO - Filling up the DagBag from /home/airflow/.local/lib/python3.7/site-packages/airflow/example_dags/example_time_delta_sensor_async.py
[2022-07-22 22:21:32,170] {processor.py:654} INFO - DAG(s) dict_keys(['example_time_delta_sensor_async']) retrieved from /home/airflow/.local/lib/python3.7/site-packages/airflow/example_dags/example_time_delta_sensor_async.py
[2022-07-22 22:21:32,179] {logging_mixin.py:109} INFO - [2022-07-22 22:21:32,179] {dag.py:2396} INFO - Sync 1 DAGs
[2022-07-22 22:21:32,267] {logging_mixin.py:109} INFO - [2022-07-22 22:21:32,267] {dag.py:2935} INFO - Setting next_dagrun for example_time_delta_sensor_async to None
[2022-07-22 22:21:32,274] {processor.py:171} INFO - Processing /home/airflow/.local/lib/python3.7/site-packages/airflow/example_dags/example_time_delta_sensor_async.py took 0.126 seconds
[2022-07-22 22:22:03,088] {processor.py:163} INFO - Started process (PID=2840) to work on /home/airflow/.local/lib/python3.7/site-packages/airflow/example_dags/example_time_delta_sensor_async.py
[2022-07-22 22:22:03,089] {processor.py:642} INFO - Processing file /home/airflow/.local/lib/python3.7/site-packages/airflow/example_dags/example_time_delta_sensor_async.py for tasks to queue
[2022-07-22 22:22:03,089] {logging_mixin.py:109} INFO - [2022-07-22 22:22:03,089] {dagbag.py:500} INFO - Filling up the DagBag from /home/airflow/.local/lib/python3.7/site-packages/airflow/example_dags/example_time_delta_sensor_async.py
[2022-07-22 22:22:03,106] {processor.py:654} INFO - DAG(s) dict_keys(['example_time_delta_sensor_async']) retrieved from /home/airflow/.local/lib/python3.7/site-packages/airflow/example_dags/example_time_delta_sensor_async.py
[2022-07-22 22:22:03,112] {logging_mixin.py:109} INFO - [2022-07-22 22:22:03,112] {dag.py:2396} INFO - Sync 1 DAGs
[2022-07-22 22:22:03,192] {logging_mixin.py:109} INFO - [2022-07-22 22:22:03,192] {dag.py:2935} INFO - Setting next_dagrun for example_time_delta_sensor_async to None
[2022-07-22 22:22:03,198] {processor.py:171} INFO - Processing /home/airflow/.local/lib/python3.7/site-packages/airflow/example_dags/example_time_delta_sensor_async.py took 0.112 seconds
[2022-07-22 22:22:33,987] {processor.py:163} INFO - Started process (PID=2900) to work on /home/airflow/.local/lib/python3.7/site-packages/airflow/example_dags/example_time_delta_sensor_async.py
[2022-07-22 22:22:33,987] {processor.py:642} INFO - Processing file /home/airflow/.local/lib/python3.7/site-packages/airflow/example_dags/example_time_delta_sensor_async.py for tasks to queue
[2022-07-22 22:22:33,988] {logging_mixin.py:109} INFO - [2022-07-22 22:22:33,988] {dagbag.py:500} INFO - Filling up the DagBag from /home/airflow/.local/lib/python3.7/site-packages/airflow/example_dags/example_time_delta_sensor_async.py
[2022-07-22 22:22:34,006] {processor.py:654} INFO - DAG(s) dict_keys(['example_time_delta_sensor_async']) retrieved from /home/airflow/.local/lib/python3.7/site-packages/airflow/example_dags/example_time_delta_sensor_async.py
[2022-07-22 22:22:34,086] {logging_mixin.py:109} INFO - [2022-07-22 22:22:34,086] {dag.py:2396} INFO - Sync 1 DAGs
[2022-07-22 22:22:34,097] {logging_mixin.py:109} INFO - [2022-07-22 22:22:34,097] {dag.py:2935} INFO - Setting next_dagrun for example_time_delta_sensor_async to None
[2022-07-22 22:22:34,103] {processor.py:171} INFO - Processing /home/airflow/.local/lib/python3.7/site-packages/airflow/example_dags/example_time_delta_sensor_async.py took 0.118 seconds
[2022-07-22 22:23:04,547] {processor.py:163} INFO - Started process (PID=2950) to work on /home/airflow/.local/lib/python3.7/site-packages/airflow/example_dags/example_time_delta_sensor_async.py
[2022-07-22 22:23:04,548] {processor.py:642} INFO - Processing file /home/airflow/.local/lib/python3.7/site-packages/airflow/example_dags/example_time_delta_sensor_async.py for tasks to queue
[2022-07-22 22:23:04,549] {logging_mixin.py:109} INFO - [2022-07-22 22:23:04,549] {dagbag.py:500} INFO - Filling up the DagBag from /home/airflow/.local/lib/python3.7/site-packages/airflow/example_dags/example_time_delta_sensor_async.py
[2022-07-22 22:23:04,565] {processor.py:654} INFO - DAG(s) dict_keys(['example_time_delta_sensor_async']) retrieved from /home/airflow/.local/lib/python3.7/site-packages/airflow/example_dags/example_time_delta_sensor_async.py
[2022-07-22 22:23:04,636] {logging_mixin.py:109} INFO - [2022-07-22 22:23:04,636] {dag.py:2396} INFO - Sync 1 DAGs
[2022-07-22 22:23:04,646] {logging_mixin.py:109} INFO - [2022-07-22 22:23:04,646] {dag.py:2935} INFO - Setting next_dagrun for example_time_delta_sensor_async to None
[2022-07-22 22:23:04,652] {processor.py:171} INFO - Processing /home/airflow/.local/lib/python3.7/site-packages/airflow/example_dags/example_time_delta_sensor_async.py took 0.106 seconds
[2022-07-22 22:23:35,213] {processor.py:163} INFO - Started process (PID=3009) to work on /home/airflow/.local/lib/python3.7/site-packages/airflow/example_dags/example_time_delta_sensor_async.py
[2022-07-22 22:23:35,214] {processor.py:642} INFO - Processing file /home/airflow/.local/lib/python3.7/site-packages/airflow/example_dags/example_time_delta_sensor_async.py for tasks to queue
[2022-07-22 22:23:35,214] {logging_mixin.py:109} INFO - [2022-07-22 22:23:35,214] {dagbag.py:500} INFO - Filling up the DagBag from /home/airflow/.local/lib/python3.7/site-packages/airflow/example_dags/example_time_delta_sensor_async.py
[2022-07-22 22:23:35,295] {processor.py:654} INFO - DAG(s) dict_keys(['example_time_delta_sensor_async']) retrieved from /home/airflow/.local/lib/python3.7/site-packages/airflow/example_dags/example_time_delta_sensor_async.py
[2022-07-22 22:23:35,301] {logging_mixin.py:109} INFO - [2022-07-22 22:23:35,301] {dag.py:2396} INFO - Sync 1 DAGs
[2022-07-22 22:23:35,310] {logging_mixin.py:109} INFO - [2022-07-22 22:23:35,310] {dag.py:2935} INFO - Setting next_dagrun for example_time_delta_sensor_async to None
[2022-07-22 22:23:35,316] {processor.py:171} INFO - Processing /home/airflow/.local/lib/python3.7/site-packages/airflow/example_dags/example_time_delta_sensor_async.py took 0.104 seconds
[2022-07-22 22:24:06,151] {processor.py:163} INFO - Started process (PID=3059) to work on /home/airflow/.local/lib/python3.7/site-packages/airflow/example_dags/example_time_delta_sensor_async.py
[2022-07-22 22:24:06,152] {processor.py:642} INFO - Processing file /home/airflow/.local/lib/python3.7/site-packages/airflow/example_dags/example_time_delta_sensor_async.py for tasks to queue
[2022-07-22 22:24:06,152] {logging_mixin.py:109} INFO - [2022-07-22 22:24:06,152] {dagbag.py:500} INFO - Filling up the DagBag from /home/airflow/.local/lib/python3.7/site-packages/airflow/example_dags/example_time_delta_sensor_async.py
[2022-07-22 22:24:06,245] {processor.py:654} INFO - DAG(s) dict_keys(['example_time_delta_sensor_async']) retrieved from /home/airflow/.local/lib/python3.7/site-packages/airflow/example_dags/example_time_delta_sensor_async.py
[2022-07-22 22:24:06,251] {logging_mixin.py:109} INFO - [2022-07-22 22:24:06,251] {dag.py:2396} INFO - Sync 1 DAGs
[2022-07-22 22:24:06,263] {logging_mixin.py:109} INFO - [2022-07-22 22:24:06,263] {dag.py:2935} INFO - Setting next_dagrun for example_time_delta_sensor_async to None
[2022-07-22 22:24:06,269] {processor.py:171} INFO - Processing /home/airflow/.local/lib/python3.7/site-packages/airflow/example_dags/example_time_delta_sensor_async.py took 0.120 seconds
[2022-07-22 22:24:36,795] {processor.py:163} INFO - Started process (PID=3118) to work on /home/airflow/.local/lib/python3.7/site-packages/airflow/example_dags/example_time_delta_sensor_async.py
[2022-07-22 22:24:36,796] {processor.py:642} INFO - Processing file /home/airflow/.local/lib/python3.7/site-packages/airflow/example_dags/example_time_delta_sensor_async.py for tasks to queue
[2022-07-22 22:24:36,796] {logging_mixin.py:109} INFO - [2022-07-22 22:24:36,796] {dagbag.py:500} INFO - Filling up the DagBag from /home/airflow/.local/lib/python3.7/site-packages/airflow/example_dags/example_time_delta_sensor_async.py
[2022-07-22 22:24:36,876] {processor.py:654} INFO - DAG(s) dict_keys(['example_time_delta_sensor_async']) retrieved from /home/airflow/.local/lib/python3.7/site-packages/airflow/example_dags/example_time_delta_sensor_async.py
[2022-07-22 22:24:36,882] {logging_mixin.py:109} INFO - [2022-07-22 22:24:36,881] {dag.py:2396} INFO - Sync 1 DAGs
[2022-07-22 22:24:36,891] {logging_mixin.py:109} INFO - [2022-07-22 22:24:36,891] {dag.py:2935} INFO - Setting next_dagrun for example_time_delta_sensor_async to None
[2022-07-22 22:24:36,897] {processor.py:171} INFO - Processing /home/airflow/.local/lib/python3.7/site-packages/airflow/example_dags/example_time_delta_sensor_async.py took 0.103 seconds
[2022-07-22 22:25:07,391] {processor.py:163} INFO - Started process (PID=3176) to work on /home/airflow/.local/lib/python3.7/site-packages/airflow/example_dags/example_time_delta_sensor_async.py
[2022-07-22 22:25:07,392] {processor.py:642} INFO - Processing file /home/airflow/.local/lib/python3.7/site-packages/airflow/example_dags/example_time_delta_sensor_async.py for tasks to queue
[2022-07-22 22:25:07,392] {logging_mixin.py:109} INFO - [2022-07-22 22:25:07,392] {dagbag.py:500} INFO - Filling up the DagBag from /home/airflow/.local/lib/python3.7/site-packages/airflow/example_dags/example_time_delta_sensor_async.py
[2022-07-22 22:25:07,478] {processor.py:654} INFO - DAG(s) dict_keys(['example_time_delta_sensor_async']) retrieved from /home/airflow/.local/lib/python3.7/site-packages/airflow/example_dags/example_time_delta_sensor_async.py
[2022-07-22 22:25:07,484] {logging_mixin.py:109} INFO - [2022-07-22 22:25:07,484] {dag.py:2396} INFO - Sync 1 DAGs
[2022-07-22 22:25:07,494] {logging_mixin.py:109} INFO - [2022-07-22 22:25:07,494] {dag.py:2935} INFO - Setting next_dagrun for example_time_delta_sensor_async to None
[2022-07-22 22:25:07,499] {processor.py:171} INFO - Processing /home/airflow/.local/lib/python3.7/site-packages/airflow/example_dags/example_time_delta_sensor_async.py took 0.110 seconds
[2022-07-22 22:25:38,306] {processor.py:163} INFO - Started process (PID=3226) to work on /home/airflow/.local/lib/python3.7/site-packages/airflow/example_dags/example_time_delta_sensor_async.py
[2022-07-22 22:25:38,307] {processor.py:642} INFO - Processing file /home/airflow/.local/lib/python3.7/site-packages/airflow/example_dags/example_time_delta_sensor_async.py for tasks to queue
[2022-07-22 22:25:38,307] {logging_mixin.py:109} INFO - [2022-07-22 22:25:38,307] {dagbag.py:500} INFO - Filling up the DagBag from /home/airflow/.local/lib/python3.7/site-packages/airflow/example_dags/example_time_delta_sensor_async.py
[2022-07-22 22:25:38,323] {processor.py:654} INFO - DAG(s) dict_keys(['example_time_delta_sensor_async']) retrieved from /home/airflow/.local/lib/python3.7/site-packages/airflow/example_dags/example_time_delta_sensor_async.py
[2022-07-22 22:25:38,329] {logging_mixin.py:109} INFO - [2022-07-22 22:25:38,329] {dag.py:2396} INFO - Sync 1 DAGs
[2022-07-22 22:25:38,340] {logging_mixin.py:109} INFO - [2022-07-22 22:25:38,340] {dag.py:2935} INFO - Setting next_dagrun for example_time_delta_sensor_async to None
[2022-07-22 22:25:38,346] {processor.py:171} INFO - Processing /home/airflow/.local/lib/python3.7/site-packages/airflow/example_dags/example_time_delta_sensor_async.py took 0.041 seconds
[2022-07-22 22:26:08,883] {processor.py:163} INFO - Started process (PID=3285) to work on /home/airflow/.local/lib/python3.7/site-packages/airflow/example_dags/example_time_delta_sensor_async.py
[2022-07-22 22:26:08,884] {processor.py:642} INFO - Processing file /home/airflow/.local/lib/python3.7/site-packages/airflow/example_dags/example_time_delta_sensor_async.py for tasks to queue
[2022-07-22 22:26:08,885] {logging_mixin.py:109} INFO - [2022-07-22 22:26:08,885] {dagbag.py:500} INFO - Filling up the DagBag from /home/airflow/.local/lib/python3.7/site-packages/airflow/example_dags/example_time_delta_sensor_async.py
[2022-07-22 22:26:08,902] {processor.py:654} INFO - DAG(s) dict_keys(['example_time_delta_sensor_async']) retrieved from /home/airflow/.local/lib/python3.7/site-packages/airflow/example_dags/example_time_delta_sensor_async.py
[2022-07-22 22:26:08,908] {logging_mixin.py:109} INFO - [2022-07-22 22:26:08,908] {dag.py:2396} INFO - Sync 1 DAGs
[2022-07-22 22:26:08,919] {logging_mixin.py:109} INFO - [2022-07-22 22:26:08,919] {dag.py:2935} INFO - Setting next_dagrun for example_time_delta_sensor_async to None
[2022-07-22 22:26:08,925] {processor.py:171} INFO - Processing /home/airflow/.local/lib/python3.7/site-packages/airflow/example_dags/example_time_delta_sensor_async.py took 0.044 seconds
[2022-07-22 22:26:39,299] {processor.py:163} INFO - Started process (PID=3335) to work on /home/airflow/.local/lib/python3.7/site-packages/airflow/example_dags/example_time_delta_sensor_async.py
[2022-07-22 22:26:39,300] {processor.py:642} INFO - Processing file /home/airflow/.local/lib/python3.7/site-packages/airflow/example_dags/example_time_delta_sensor_async.py for tasks to queue
[2022-07-22 22:26:39,300] {logging_mixin.py:109} INFO - [2022-07-22 22:26:39,300] {dagbag.py:500} INFO - Filling up the DagBag from /home/airflow/.local/lib/python3.7/site-packages/airflow/example_dags/example_time_delta_sensor_async.py
[2022-07-22 22:26:39,317] {processor.py:654} INFO - DAG(s) dict_keys(['example_time_delta_sensor_async']) retrieved from /home/airflow/.local/lib/python3.7/site-packages/airflow/example_dags/example_time_delta_sensor_async.py
[2022-07-22 22:26:39,323] {logging_mixin.py:109} INFO - [2022-07-22 22:26:39,323] {dag.py:2396} INFO - Sync 1 DAGs
[2022-07-22 22:26:39,334] {logging_mixin.py:109} INFO - [2022-07-22 22:26:39,334] {dag.py:2935} INFO - Setting next_dagrun for example_time_delta_sensor_async to None
[2022-07-22 22:26:39,341] {processor.py:171} INFO - Processing /home/airflow/.local/lib/python3.7/site-packages/airflow/example_dags/example_time_delta_sensor_async.py took 0.043 seconds
[2022-07-22 22:27:09,727] {processor.py:163} INFO - Started process (PID=3394) to work on /home/airflow/.local/lib/python3.7/site-packages/airflow/example_dags/example_time_delta_sensor_async.py
[2022-07-22 22:27:09,727] {processor.py:642} INFO - Processing file /home/airflow/.local/lib/python3.7/site-packages/airflow/example_dags/example_time_delta_sensor_async.py for tasks to queue
[2022-07-22 22:27:09,728] {logging_mixin.py:109} INFO - [2022-07-22 22:27:09,728] {dagbag.py:500} INFO - Filling up the DagBag from /home/airflow/.local/lib/python3.7/site-packages/airflow/example_dags/example_time_delta_sensor_async.py
[2022-07-22 22:27:09,745] {processor.py:654} INFO - DAG(s) dict_keys(['example_time_delta_sensor_async']) retrieved from /home/airflow/.local/lib/python3.7/site-packages/airflow/example_dags/example_time_delta_sensor_async.py
[2022-07-22 22:27:09,752] {logging_mixin.py:109} INFO - [2022-07-22 22:27:09,752] {dag.py:2396} INFO - Sync 1 DAGs
[2022-07-22 22:27:09,763] {logging_mixin.py:109} INFO - [2022-07-22 22:27:09,763] {dag.py:2935} INFO - Setting next_dagrun for example_time_delta_sensor_async to None
[2022-07-22 22:27:09,768] {processor.py:171} INFO - Processing /home/airflow/.local/lib/python3.7/site-packages/airflow/example_dags/example_time_delta_sensor_async.py took 0.044 seconds
[2022-07-22 22:27:40,136] {processor.py:163} INFO - Started process (PID=3453) to work on /home/airflow/.local/lib/python3.7/site-packages/airflow/example_dags/example_time_delta_sensor_async.py
[2022-07-22 22:27:40,137] {processor.py:642} INFO - Processing file /home/airflow/.local/lib/python3.7/site-packages/airflow/example_dags/example_time_delta_sensor_async.py for tasks to queue
[2022-07-22 22:27:40,137] {logging_mixin.py:109} INFO - [2022-07-22 22:27:40,137] {dagbag.py:500} INFO - Filling up the DagBag from /home/airflow/.local/lib/python3.7/site-packages/airflow/example_dags/example_time_delta_sensor_async.py
[2022-07-22 22:27:40,153] {processor.py:654} INFO - DAG(s) dict_keys(['example_time_delta_sensor_async']) retrieved from /home/airflow/.local/lib/python3.7/site-packages/airflow/example_dags/example_time_delta_sensor_async.py
[2022-07-22 22:27:40,159] {logging_mixin.py:109} INFO - [2022-07-22 22:27:40,159] {dag.py:2396} INFO - Sync 1 DAGs
[2022-07-22 22:27:40,170] {logging_mixin.py:109} INFO - [2022-07-22 22:27:40,169] {dag.py:2935} INFO - Setting next_dagrun for example_time_delta_sensor_async to None
[2022-07-22 22:27:40,175] {processor.py:171} INFO - Processing /home/airflow/.local/lib/python3.7/site-packages/airflow/example_dags/example_time_delta_sensor_async.py took 0.041 seconds
[2022-07-22 22:28:10,426] {processor.py:163} INFO - Started process (PID=3503) to work on /home/airflow/.local/lib/python3.7/site-packages/airflow/example_dags/example_time_delta_sensor_async.py
[2022-07-22 22:28:10,427] {processor.py:642} INFO - Processing file /home/airflow/.local/lib/python3.7/site-packages/airflow/example_dags/example_time_delta_sensor_async.py for tasks to queue
[2022-07-22 22:28:10,427] {logging_mixin.py:109} INFO - [2022-07-22 22:28:10,427] {dagbag.py:500} INFO - Filling up the DagBag from /home/airflow/.local/lib/python3.7/site-packages/airflow/example_dags/example_time_delta_sensor_async.py
[2022-07-22 22:28:10,443] {processor.py:654} INFO - DAG(s) dict_keys(['example_time_delta_sensor_async']) retrieved from /home/airflow/.local/lib/python3.7/site-packages/airflow/example_dags/example_time_delta_sensor_async.py
[2022-07-22 22:28:10,449] {logging_mixin.py:109} INFO - [2022-07-22 22:28:10,449] {dag.py:2396} INFO - Sync 1 DAGs
[2022-07-22 22:28:10,459] {logging_mixin.py:109} INFO - [2022-07-22 22:28:10,459] {dag.py:2935} INFO - Setting next_dagrun for example_time_delta_sensor_async to None
[2022-07-22 22:28:10,465] {processor.py:171} INFO - Processing /home/airflow/.local/lib/python3.7/site-packages/airflow/example_dags/example_time_delta_sensor_async.py took 0.040 seconds
