[2022-07-22 21:54:17,821] {processor.py:163} INFO - Started process (PID=508) to work on /home/airflow/.local/lib/python3.7/site-packages/airflow/example_dags/tutorial.py
[2022-07-22 21:54:17,821] {processor.py:642} INFO - Processing file /home/airflow/.local/lib/python3.7/site-packages/airflow/example_dags/tutorial.py for tasks to queue
[2022-07-22 21:54:17,822] {logging_mixin.py:109} INFO - [2022-07-22 21:54:17,822] {dagbag.py:500} INFO - Filling up the DagBag from /home/airflow/.local/lib/python3.7/site-packages/airflow/example_dags/tutorial.py
[2022-07-22 21:54:17,840] {processor.py:654} INFO - DAG(s) dict_keys(['tutorial']) retrieved from /home/airflow/.local/lib/python3.7/site-packages/airflow/example_dags/tutorial.py
[2022-07-22 21:54:19,237] {logging_mixin.py:109} INFO - [2022-07-22 21:54:19,236] {manager.py:496} INFO - Created Permission View: can read on DAG:tutorial
[2022-07-22 21:54:19,242] {logging_mixin.py:109} INFO - [2022-07-22 21:54:19,242] {manager.py:496} INFO - Created Permission View: can edit on DAG:tutorial
[2022-07-22 21:54:19,242] {logging_mixin.py:109} INFO - [2022-07-22 21:54:19,242] {dag.py:2396} INFO - Sync 1 DAGs
[2022-07-22 21:54:19,247] {logging_mixin.py:109} INFO - [2022-07-22 21:54:19,247] {dag.py:2415} INFO - Creating ORM DAG for tutorial
[2022-07-22 21:54:19,252] {logging_mixin.py:109} INFO - [2022-07-22 21:54:19,252] {dag.py:2935} INFO - Setting next_dagrun for tutorial to 2022-07-21T21:54:19.252614+00:00
[2022-07-22 21:54:19,260] {processor.py:171} INFO - Processing /home/airflow/.local/lib/python3.7/site-packages/airflow/example_dags/tutorial.py took 1.441 seconds
[2022-07-22 21:54:49,285] {processor.py:163} INFO - Started process (PID=631) to work on /home/airflow/.local/lib/python3.7/site-packages/airflow/example_dags/tutorial.py
[2022-07-22 21:54:49,286] {processor.py:642} INFO - Processing file /home/airflow/.local/lib/python3.7/site-packages/airflow/example_dags/tutorial.py for tasks to queue
[2022-07-22 21:54:49,287] {logging_mixin.py:109} INFO - [2022-07-22 21:54:49,287] {dagbag.py:500} INFO - Filling up the DagBag from /home/airflow/.local/lib/python3.7/site-packages/airflow/example_dags/tutorial.py
[2022-07-22 21:54:49,305] {processor.py:654} INFO - DAG(s) dict_keys(['tutorial']) retrieved from /home/airflow/.local/lib/python3.7/site-packages/airflow/example_dags/tutorial.py
[2022-07-22 21:54:49,312] {logging_mixin.py:109} INFO - [2022-07-22 21:54:49,311] {dag.py:2396} INFO - Sync 1 DAGs
[2022-07-22 21:54:49,322] {logging_mixin.py:109} INFO - [2022-07-22 21:54:49,322] {dag.py:2935} INFO - Setting next_dagrun for tutorial to 2022-07-21T21:54:49.322456+00:00
[2022-07-22 21:54:49,328] {processor.py:171} INFO - Processing /home/airflow/.local/lib/python3.7/site-packages/airflow/example_dags/tutorial.py took 0.045 seconds
[2022-07-22 21:55:19,537] {processor.py:163} INFO - Started process (PID=690) to work on /home/airflow/.local/lib/python3.7/site-packages/airflow/example_dags/tutorial.py
[2022-07-22 21:55:19,538] {processor.py:642} INFO - Processing file /home/airflow/.local/lib/python3.7/site-packages/airflow/example_dags/tutorial.py for tasks to queue
[2022-07-22 21:55:19,538] {logging_mixin.py:109} INFO - [2022-07-22 21:55:19,538] {dagbag.py:500} INFO - Filling up the DagBag from /home/airflow/.local/lib/python3.7/site-packages/airflow/example_dags/tutorial.py
[2022-07-22 21:55:19,557] {processor.py:654} INFO - DAG(s) dict_keys(['tutorial']) retrieved from /home/airflow/.local/lib/python3.7/site-packages/airflow/example_dags/tutorial.py
[2022-07-22 21:55:19,564] {logging_mixin.py:109} INFO - [2022-07-22 21:55:19,564] {dag.py:2396} INFO - Sync 1 DAGs
[2022-07-22 21:55:19,575] {logging_mixin.py:109} INFO - [2022-07-22 21:55:19,575] {dag.py:2935} INFO - Setting next_dagrun for tutorial to 2022-07-21T21:55:19.575107+00:00
[2022-07-22 21:55:19,581] {processor.py:171} INFO - Processing /home/airflow/.local/lib/python3.7/site-packages/airflow/example_dags/tutorial.py took 0.046 seconds
[2022-07-22 21:56:27,964] {processor.py:163} INFO - Started process (PID=74) to work on /home/airflow/.local/lib/python3.7/site-packages/airflow/example_dags/tutorial.py
[2022-07-22 21:56:27,965] {processor.py:642} INFO - Processing file /home/airflow/.local/lib/python3.7/site-packages/airflow/example_dags/tutorial.py for tasks to queue
[2022-07-22 21:56:27,966] {logging_mixin.py:109} INFO - [2022-07-22 21:56:27,966] {dagbag.py:500} INFO - Filling up the DagBag from /home/airflow/.local/lib/python3.7/site-packages/airflow/example_dags/tutorial.py
[2022-07-22 21:56:27,984] {processor.py:654} INFO - DAG(s) dict_keys(['tutorial']) retrieved from /home/airflow/.local/lib/python3.7/site-packages/airflow/example_dags/tutorial.py
[2022-07-22 21:56:27,992] {logging_mixin.py:109} INFO - [2022-07-22 21:56:27,992] {dag.py:2396} INFO - Sync 1 DAGs
[2022-07-22 21:56:28,003] {logging_mixin.py:109} INFO - [2022-07-22 21:56:28,003] {dag.py:2935} INFO - Setting next_dagrun for tutorial to 2022-07-21T21:56:28.002990+00:00
[2022-07-22 21:56:28,009] {processor.py:171} INFO - Processing /home/airflow/.local/lib/python3.7/site-packages/airflow/example_dags/tutorial.py took 0.047 seconds
[2022-07-22 21:56:58,667] {processor.py:163} INFO - Started process (PID=134) to work on /home/airflow/.local/lib/python3.7/site-packages/airflow/example_dags/tutorial.py
[2022-07-22 21:56:58,668] {processor.py:642} INFO - Processing file /home/airflow/.local/lib/python3.7/site-packages/airflow/example_dags/tutorial.py for tasks to queue
[2022-07-22 21:56:58,669] {logging_mixin.py:109} INFO - [2022-07-22 21:56:58,669] {dagbag.py:500} INFO - Filling up the DagBag from /home/airflow/.local/lib/python3.7/site-packages/airflow/example_dags/tutorial.py
[2022-07-22 21:56:58,687] {processor.py:654} INFO - DAG(s) dict_keys(['tutorial']) retrieved from /home/airflow/.local/lib/python3.7/site-packages/airflow/example_dags/tutorial.py
[2022-07-22 21:56:58,694] {logging_mixin.py:109} INFO - [2022-07-22 21:56:58,693] {dag.py:2396} INFO - Sync 1 DAGs
[2022-07-22 21:56:58,704] {logging_mixin.py:109} INFO - [2022-07-22 21:56:58,704] {dag.py:2935} INFO - Setting next_dagrun for tutorial to 2022-07-21T21:56:58.704419+00:00
[2022-07-22 21:56:58,710] {processor.py:171} INFO - Processing /home/airflow/.local/lib/python3.7/site-packages/airflow/example_dags/tutorial.py took 0.045 seconds
[2022-07-22 21:57:29,467] {processor.py:163} INFO - Started process (PID=193) to work on /home/airflow/.local/lib/python3.7/site-packages/airflow/example_dags/tutorial.py
[2022-07-22 21:57:29,468] {processor.py:642} INFO - Processing file /home/airflow/.local/lib/python3.7/site-packages/airflow/example_dags/tutorial.py for tasks to queue
[2022-07-22 21:57:29,468] {logging_mixin.py:109} INFO - [2022-07-22 21:57:29,468] {dagbag.py:500} INFO - Filling up the DagBag from /home/airflow/.local/lib/python3.7/site-packages/airflow/example_dags/tutorial.py
[2022-07-22 21:57:29,487] {processor.py:654} INFO - DAG(s) dict_keys(['tutorial']) retrieved from /home/airflow/.local/lib/python3.7/site-packages/airflow/example_dags/tutorial.py
[2022-07-22 21:57:29,494] {logging_mixin.py:109} INFO - [2022-07-22 21:57:29,494] {dag.py:2396} INFO - Sync 1 DAGs
[2022-07-22 21:57:29,505] {logging_mixin.py:109} INFO - [2022-07-22 21:57:29,505] {dag.py:2935} INFO - Setting next_dagrun for tutorial to 2022-07-21T21:57:29.505589+00:00
[2022-07-22 21:57:29,511] {processor.py:171} INFO - Processing /home/airflow/.local/lib/python3.7/site-packages/airflow/example_dags/tutorial.py took 0.047 seconds
[2022-07-22 21:58:00,368] {processor.py:163} INFO - Started process (PID=243) to work on /home/airflow/.local/lib/python3.7/site-packages/airflow/example_dags/tutorial.py
[2022-07-22 21:58:00,369] {processor.py:642} INFO - Processing file /home/airflow/.local/lib/python3.7/site-packages/airflow/example_dags/tutorial.py for tasks to queue
[2022-07-22 21:58:00,369] {logging_mixin.py:109} INFO - [2022-07-22 21:58:00,369] {dagbag.py:500} INFO - Filling up the DagBag from /home/airflow/.local/lib/python3.7/site-packages/airflow/example_dags/tutorial.py
[2022-07-22 21:58:00,388] {processor.py:654} INFO - DAG(s) dict_keys(['tutorial']) retrieved from /home/airflow/.local/lib/python3.7/site-packages/airflow/example_dags/tutorial.py
[2022-07-22 21:58:00,394] {logging_mixin.py:109} INFO - [2022-07-22 21:58:00,394] {dag.py:2396} INFO - Sync 1 DAGs
[2022-07-22 21:58:00,405] {logging_mixin.py:109} INFO - [2022-07-22 21:58:00,405] {dag.py:2935} INFO - Setting next_dagrun for tutorial to 2022-07-21T21:58:00.405112+00:00
[2022-07-22 21:58:00,411] {processor.py:171} INFO - Processing /home/airflow/.local/lib/python3.7/site-packages/airflow/example_dags/tutorial.py took 0.045 seconds
[2022-07-22 21:58:31,080] {processor.py:163} INFO - Started process (PID=302) to work on /home/airflow/.local/lib/python3.7/site-packages/airflow/example_dags/tutorial.py
[2022-07-22 21:58:31,081] {processor.py:642} INFO - Processing file /home/airflow/.local/lib/python3.7/site-packages/airflow/example_dags/tutorial.py for tasks to queue
[2022-07-22 21:58:31,081] {logging_mixin.py:109} INFO - [2022-07-22 21:58:31,081] {dagbag.py:500} INFO - Filling up the DagBag from /home/airflow/.local/lib/python3.7/site-packages/airflow/example_dags/tutorial.py
[2022-07-22 21:58:31,101] {processor.py:654} INFO - DAG(s) dict_keys(['tutorial']) retrieved from /home/airflow/.local/lib/python3.7/site-packages/airflow/example_dags/tutorial.py
[2022-07-22 21:58:31,108] {logging_mixin.py:109} INFO - [2022-07-22 21:58:31,108] {dag.py:2396} INFO - Sync 1 DAGs
[2022-07-22 21:58:31,121] {logging_mixin.py:109} INFO - [2022-07-22 21:58:31,121] {dag.py:2935} INFO - Setting next_dagrun for tutorial to 2022-07-21T21:58:31.120829+00:00
[2022-07-22 21:58:31,127] {processor.py:171} INFO - Processing /home/airflow/.local/lib/python3.7/site-packages/airflow/example_dags/tutorial.py took 0.049 seconds
[2022-07-22 21:59:01,897] {processor.py:163} INFO - Started process (PID=361) to work on /home/airflow/.local/lib/python3.7/site-packages/airflow/example_dags/tutorial.py
[2022-07-22 21:59:01,898] {processor.py:642} INFO - Processing file /home/airflow/.local/lib/python3.7/site-packages/airflow/example_dags/tutorial.py for tasks to queue
[2022-07-22 21:59:01,898] {logging_mixin.py:109} INFO - [2022-07-22 21:59:01,898] {dagbag.py:500} INFO - Filling up the DagBag from /home/airflow/.local/lib/python3.7/site-packages/airflow/example_dags/tutorial.py
[2022-07-22 21:59:01,919] {processor.py:654} INFO - DAG(s) dict_keys(['tutorial']) retrieved from /home/airflow/.local/lib/python3.7/site-packages/airflow/example_dags/tutorial.py
[2022-07-22 21:59:01,926] {logging_mixin.py:109} INFO - [2022-07-22 21:59:01,926] {dag.py:2396} INFO - Sync 1 DAGs
[2022-07-22 21:59:01,937] {logging_mixin.py:109} INFO - [2022-07-22 21:59:01,937] {dag.py:2935} INFO - Setting next_dagrun for tutorial to 2022-07-21T21:59:01.937024+00:00
[2022-07-22 21:59:01,943] {processor.py:171} INFO - Processing /home/airflow/.local/lib/python3.7/site-packages/airflow/example_dags/tutorial.py took 0.048 seconds
[2022-07-22 21:59:32,672] {processor.py:163} INFO - Started process (PID=411) to work on /home/airflow/.local/lib/python3.7/site-packages/airflow/example_dags/tutorial.py
[2022-07-22 21:59:32,673] {processor.py:642} INFO - Processing file /home/airflow/.local/lib/python3.7/site-packages/airflow/example_dags/tutorial.py for tasks to queue
[2022-07-22 21:59:32,673] {logging_mixin.py:109} INFO - [2022-07-22 21:59:32,673] {dagbag.py:500} INFO - Filling up the DagBag from /home/airflow/.local/lib/python3.7/site-packages/airflow/example_dags/tutorial.py
[2022-07-22 21:59:32,693] {processor.py:654} INFO - DAG(s) dict_keys(['tutorial']) retrieved from /home/airflow/.local/lib/python3.7/site-packages/airflow/example_dags/tutorial.py
[2022-07-22 21:59:32,700] {logging_mixin.py:109} INFO - [2022-07-22 21:59:32,700] {dag.py:2396} INFO - Sync 1 DAGs
[2022-07-22 21:59:32,711] {logging_mixin.py:109} INFO - [2022-07-22 21:59:32,711] {dag.py:2935} INFO - Setting next_dagrun for tutorial to 2022-07-21T21:59:32.711326+00:00
[2022-07-22 21:59:32,718] {processor.py:171} INFO - Processing /home/airflow/.local/lib/python3.7/site-packages/airflow/example_dags/tutorial.py took 0.048 seconds
[2022-07-22 22:00:03,357] {processor.py:163} INFO - Started process (PID=470) to work on /home/airflow/.local/lib/python3.7/site-packages/airflow/example_dags/tutorial.py
[2022-07-22 22:00:03,358] {processor.py:642} INFO - Processing file /home/airflow/.local/lib/python3.7/site-packages/airflow/example_dags/tutorial.py for tasks to queue
[2022-07-22 22:00:03,358] {logging_mixin.py:109} INFO - [2022-07-22 22:00:03,358] {dagbag.py:500} INFO - Filling up the DagBag from /home/airflow/.local/lib/python3.7/site-packages/airflow/example_dags/tutorial.py
[2022-07-22 22:00:03,376] {processor.py:654} INFO - DAG(s) dict_keys(['tutorial']) retrieved from /home/airflow/.local/lib/python3.7/site-packages/airflow/example_dags/tutorial.py
[2022-07-22 22:00:03,383] {logging_mixin.py:109} INFO - [2022-07-22 22:00:03,383] {dag.py:2396} INFO - Sync 1 DAGs
[2022-07-22 22:00:03,393] {logging_mixin.py:109} INFO - [2022-07-22 22:00:03,393] {dag.py:2935} INFO - Setting next_dagrun for tutorial to 2022-07-21T22:00:03.393259+00:00
[2022-07-22 22:00:03,399] {processor.py:171} INFO - Processing /home/airflow/.local/lib/python3.7/site-packages/airflow/example_dags/tutorial.py took 0.043 seconds
[2022-07-22 22:00:34,032] {processor.py:163} INFO - Started process (PID=520) to work on /home/airflow/.local/lib/python3.7/site-packages/airflow/example_dags/tutorial.py
[2022-07-22 22:00:34,033] {processor.py:642} INFO - Processing file /home/airflow/.local/lib/python3.7/site-packages/airflow/example_dags/tutorial.py for tasks to queue
[2022-07-22 22:00:34,034] {logging_mixin.py:109} INFO - [2022-07-22 22:00:34,034] {dagbag.py:500} INFO - Filling up the DagBag from /home/airflow/.local/lib/python3.7/site-packages/airflow/example_dags/tutorial.py
[2022-07-22 22:00:34,052] {processor.py:654} INFO - DAG(s) dict_keys(['tutorial']) retrieved from /home/airflow/.local/lib/python3.7/site-packages/airflow/example_dags/tutorial.py
[2022-07-22 22:00:34,058] {logging_mixin.py:109} INFO - [2022-07-22 22:00:34,058] {dag.py:2396} INFO - Sync 1 DAGs
[2022-07-22 22:00:34,069] {logging_mixin.py:109} INFO - [2022-07-22 22:00:34,069] {dag.py:2935} INFO - Setting next_dagrun for tutorial to 2022-07-21T22:00:34.068859+00:00
[2022-07-22 22:00:34,074] {processor.py:171} INFO - Processing /home/airflow/.local/lib/python3.7/site-packages/airflow/example_dags/tutorial.py took 0.044 seconds
[2022-07-22 22:01:04,521] {processor.py:163} INFO - Started process (PID=578) to work on /home/airflow/.local/lib/python3.7/site-packages/airflow/example_dags/tutorial.py
[2022-07-22 22:01:04,522] {processor.py:642} INFO - Processing file /home/airflow/.local/lib/python3.7/site-packages/airflow/example_dags/tutorial.py for tasks to queue
[2022-07-22 22:01:04,522] {logging_mixin.py:109} INFO - [2022-07-22 22:01:04,522] {dagbag.py:500} INFO - Filling up the DagBag from /home/airflow/.local/lib/python3.7/site-packages/airflow/example_dags/tutorial.py
[2022-07-22 22:01:04,541] {processor.py:654} INFO - DAG(s) dict_keys(['tutorial']) retrieved from /home/airflow/.local/lib/python3.7/site-packages/airflow/example_dags/tutorial.py
[2022-07-22 22:01:04,548] {logging_mixin.py:109} INFO - [2022-07-22 22:01:04,548] {dag.py:2396} INFO - Sync 1 DAGs
[2022-07-22 22:01:04,558] {logging_mixin.py:109} INFO - [2022-07-22 22:01:04,558] {dag.py:2935} INFO - Setting next_dagrun for tutorial to 2022-07-21T22:01:04.558565+00:00
[2022-07-22 22:01:04,564] {processor.py:171} INFO - Processing /home/airflow/.local/lib/python3.7/site-packages/airflow/example_dags/tutorial.py took 0.045 seconds
[2022-07-22 22:01:35,203] {processor.py:163} INFO - Started process (PID=637) to work on /home/airflow/.local/lib/python3.7/site-packages/airflow/example_dags/tutorial.py
[2022-07-22 22:01:35,204] {processor.py:642} INFO - Processing file /home/airflow/.local/lib/python3.7/site-packages/airflow/example_dags/tutorial.py for tasks to queue
[2022-07-22 22:01:35,205] {logging_mixin.py:109} INFO - [2022-07-22 22:01:35,205] {dagbag.py:500} INFO - Filling up the DagBag from /home/airflow/.local/lib/python3.7/site-packages/airflow/example_dags/tutorial.py
[2022-07-22 22:01:35,224] {processor.py:654} INFO - DAG(s) dict_keys(['tutorial']) retrieved from /home/airflow/.local/lib/python3.7/site-packages/airflow/example_dags/tutorial.py
[2022-07-22 22:01:35,232] {logging_mixin.py:109} INFO - [2022-07-22 22:01:35,232] {dag.py:2396} INFO - Sync 1 DAGs
[2022-07-22 22:01:35,243] {logging_mixin.py:109} INFO - [2022-07-22 22:01:35,243] {dag.py:2935} INFO - Setting next_dagrun for tutorial to 2022-07-21T22:01:35.243371+00:00
[2022-07-22 22:01:35,250] {processor.py:171} INFO - Processing /home/airflow/.local/lib/python3.7/site-packages/airflow/example_dags/tutorial.py took 0.048 seconds
[2022-07-22 22:02:05,847] {processor.py:163} INFO - Started process (PID=687) to work on /home/airflow/.local/lib/python3.7/site-packages/airflow/example_dags/tutorial.py
[2022-07-22 22:02:05,848] {processor.py:642} INFO - Processing file /home/airflow/.local/lib/python3.7/site-packages/airflow/example_dags/tutorial.py for tasks to queue
[2022-07-22 22:02:05,848] {logging_mixin.py:109} INFO - [2022-07-22 22:02:05,848] {dagbag.py:500} INFO - Filling up the DagBag from /home/airflow/.local/lib/python3.7/site-packages/airflow/example_dags/tutorial.py
[2022-07-22 22:02:05,867] {processor.py:654} INFO - DAG(s) dict_keys(['tutorial']) retrieved from /home/airflow/.local/lib/python3.7/site-packages/airflow/example_dags/tutorial.py
[2022-07-22 22:02:05,874] {logging_mixin.py:109} INFO - [2022-07-22 22:02:05,874] {dag.py:2396} INFO - Sync 1 DAGs
[2022-07-22 22:02:05,884] {logging_mixin.py:109} INFO - [2022-07-22 22:02:05,884] {dag.py:2935} INFO - Setting next_dagrun for tutorial to 2022-07-21T22:02:05.884599+00:00
[2022-07-22 22:02:05,890] {processor.py:171} INFO - Processing /home/airflow/.local/lib/python3.7/site-packages/airflow/example_dags/tutorial.py took 0.045 seconds
[2022-07-22 22:02:36,333] {processor.py:163} INFO - Started process (PID=745) to work on /home/airflow/.local/lib/python3.7/site-packages/airflow/example_dags/tutorial.py
[2022-07-22 22:02:36,334] {processor.py:642} INFO - Processing file /home/airflow/.local/lib/python3.7/site-packages/airflow/example_dags/tutorial.py for tasks to queue
[2022-07-22 22:02:36,335] {logging_mixin.py:109} INFO - [2022-07-22 22:02:36,335] {dagbag.py:500} INFO - Filling up the DagBag from /home/airflow/.local/lib/python3.7/site-packages/airflow/example_dags/tutorial.py
[2022-07-22 22:02:36,353] {processor.py:654} INFO - DAG(s) dict_keys(['tutorial']) retrieved from /home/airflow/.local/lib/python3.7/site-packages/airflow/example_dags/tutorial.py
[2022-07-22 22:02:36,359] {logging_mixin.py:109} INFO - [2022-07-22 22:02:36,359] {dag.py:2396} INFO - Sync 1 DAGs
[2022-07-22 22:02:36,370] {logging_mixin.py:109} INFO - [2022-07-22 22:02:36,370] {dag.py:2935} INFO - Setting next_dagrun for tutorial to 2022-07-21T22:02:36.369982+00:00
[2022-07-22 22:02:36,376] {processor.py:171} INFO - Processing /home/airflow/.local/lib/python3.7/site-packages/airflow/example_dags/tutorial.py took 0.044 seconds
[2022-07-22 22:03:07,077] {processor.py:163} INFO - Started process (PID=796) to work on /home/airflow/.local/lib/python3.7/site-packages/airflow/example_dags/tutorial.py
[2022-07-22 22:03:07,078] {processor.py:642} INFO - Processing file /home/airflow/.local/lib/python3.7/site-packages/airflow/example_dags/tutorial.py for tasks to queue
[2022-07-22 22:03:07,078] {logging_mixin.py:109} INFO - [2022-07-22 22:03:07,078] {dagbag.py:500} INFO - Filling up the DagBag from /home/airflow/.local/lib/python3.7/site-packages/airflow/example_dags/tutorial.py
[2022-07-22 22:03:07,097] {processor.py:654} INFO - DAG(s) dict_keys(['tutorial']) retrieved from /home/airflow/.local/lib/python3.7/site-packages/airflow/example_dags/tutorial.py
[2022-07-22 22:03:07,104] {logging_mixin.py:109} INFO - [2022-07-22 22:03:07,104] {dag.py:2396} INFO - Sync 1 DAGs
[2022-07-22 22:03:07,115] {logging_mixin.py:109} INFO - [2022-07-22 22:03:07,115] {dag.py:2935} INFO - Setting next_dagrun for tutorial to 2022-07-21T22:03:07.115502+00:00
[2022-07-22 22:03:07,121] {processor.py:171} INFO - Processing /home/airflow/.local/lib/python3.7/site-packages/airflow/example_dags/tutorial.py took 0.047 seconds
[2022-07-22 22:03:37,555] {processor.py:163} INFO - Started process (PID=854) to work on /home/airflow/.local/lib/python3.7/site-packages/airflow/example_dags/tutorial.py
[2022-07-22 22:03:37,556] {processor.py:642} INFO - Processing file /home/airflow/.local/lib/python3.7/site-packages/airflow/example_dags/tutorial.py for tasks to queue
[2022-07-22 22:03:37,557] {logging_mixin.py:109} INFO - [2022-07-22 22:03:37,556] {dagbag.py:500} INFO - Filling up the DagBag from /home/airflow/.local/lib/python3.7/site-packages/airflow/example_dags/tutorial.py
[2022-07-22 22:03:37,575] {processor.py:654} INFO - DAG(s) dict_keys(['tutorial']) retrieved from /home/airflow/.local/lib/python3.7/site-packages/airflow/example_dags/tutorial.py
[2022-07-22 22:03:37,582] {logging_mixin.py:109} INFO - [2022-07-22 22:03:37,582] {dag.py:2396} INFO - Sync 1 DAGs
[2022-07-22 22:03:37,593] {logging_mixin.py:109} INFO - [2022-07-22 22:03:37,593] {dag.py:2935} INFO - Setting next_dagrun for tutorial to 2022-07-21T22:03:37.593139+00:00
[2022-07-22 22:03:37,599] {processor.py:171} INFO - Processing /home/airflow/.local/lib/python3.7/site-packages/airflow/example_dags/tutorial.py took 0.045 seconds
[2022-07-22 22:04:08,627] {processor.py:163} INFO - Started process (PID=915) to work on /home/airflow/.local/lib/python3.7/site-packages/airflow/example_dags/tutorial.py
[2022-07-22 22:04:08,628] {processor.py:642} INFO - Processing file /home/airflow/.local/lib/python3.7/site-packages/airflow/example_dags/tutorial.py for tasks to queue
[2022-07-22 22:04:08,628] {logging_mixin.py:109} INFO - [2022-07-22 22:04:08,628] {dagbag.py:500} INFO - Filling up the DagBag from /home/airflow/.local/lib/python3.7/site-packages/airflow/example_dags/tutorial.py
[2022-07-22 22:04:08,646] {processor.py:654} INFO - DAG(s) dict_keys(['tutorial']) retrieved from /home/airflow/.local/lib/python3.7/site-packages/airflow/example_dags/tutorial.py
[2022-07-22 22:04:08,652] {logging_mixin.py:109} INFO - [2022-07-22 22:04:08,652] {dag.py:2396} INFO - Sync 1 DAGs
[2022-07-22 22:04:08,662] {logging_mixin.py:109} INFO - [2022-07-22 22:04:08,662] {dag.py:2935} INFO - Setting next_dagrun for tutorial to 2022-07-21T22:04:08.662483+00:00
[2022-07-22 22:04:08,669] {processor.py:171} INFO - Processing /home/airflow/.local/lib/python3.7/site-packages/airflow/example_dags/tutorial.py took 0.044 seconds
[2022-07-22 22:04:39,284] {processor.py:163} INFO - Started process (PID=965) to work on /home/airflow/.local/lib/python3.7/site-packages/airflow/example_dags/tutorial.py
[2022-07-22 22:04:39,285] {processor.py:642} INFO - Processing file /home/airflow/.local/lib/python3.7/site-packages/airflow/example_dags/tutorial.py for tasks to queue
[2022-07-22 22:04:39,285] {logging_mixin.py:109} INFO - [2022-07-22 22:04:39,285] {dagbag.py:500} INFO - Filling up the DagBag from /home/airflow/.local/lib/python3.7/site-packages/airflow/example_dags/tutorial.py
[2022-07-22 22:04:39,304] {processor.py:654} INFO - DAG(s) dict_keys(['tutorial']) retrieved from /home/airflow/.local/lib/python3.7/site-packages/airflow/example_dags/tutorial.py
[2022-07-22 22:04:39,310] {logging_mixin.py:109} INFO - [2022-07-22 22:04:39,310] {dag.py:2396} INFO - Sync 1 DAGs
[2022-07-22 22:04:39,322] {logging_mixin.py:109} INFO - [2022-07-22 22:04:39,322] {dag.py:2935} INFO - Setting next_dagrun for tutorial to 2022-07-21T22:04:39.321871+00:00
[2022-07-22 22:04:39,328] {processor.py:171} INFO - Processing /home/airflow/.local/lib/python3.7/site-packages/airflow/example_dags/tutorial.py took 0.046 seconds
[2022-07-22 22:05:09,752] {processor.py:163} INFO - Started process (PID=1023) to work on /home/airflow/.local/lib/python3.7/site-packages/airflow/example_dags/tutorial.py
[2022-07-22 22:05:09,753] {processor.py:642} INFO - Processing file /home/airflow/.local/lib/python3.7/site-packages/airflow/example_dags/tutorial.py for tasks to queue
[2022-07-22 22:05:09,753] {logging_mixin.py:109} INFO - [2022-07-22 22:05:09,753] {dagbag.py:500} INFO - Filling up the DagBag from /home/airflow/.local/lib/python3.7/site-packages/airflow/example_dags/tutorial.py
[2022-07-22 22:05:09,772] {processor.py:654} INFO - DAG(s) dict_keys(['tutorial']) retrieved from /home/airflow/.local/lib/python3.7/site-packages/airflow/example_dags/tutorial.py
[2022-07-22 22:05:09,778] {logging_mixin.py:109} INFO - [2022-07-22 22:05:09,778] {dag.py:2396} INFO - Sync 1 DAGs
[2022-07-22 22:05:09,788] {logging_mixin.py:109} INFO - [2022-07-22 22:05:09,788] {dag.py:2935} INFO - Setting next_dagrun for tutorial to 2022-07-21T22:05:09.788667+00:00
[2022-07-22 22:05:09,794] {processor.py:171} INFO - Processing /home/airflow/.local/lib/python3.7/site-packages/airflow/example_dags/tutorial.py took 0.044 seconds
[2022-07-22 22:05:40,207] {processor.py:163} INFO - Started process (PID=1072) to work on /home/airflow/.local/lib/python3.7/site-packages/airflow/example_dags/tutorial.py
[2022-07-22 22:05:40,208] {processor.py:642} INFO - Processing file /home/airflow/.local/lib/python3.7/site-packages/airflow/example_dags/tutorial.py for tasks to queue
[2022-07-22 22:05:40,208] {logging_mixin.py:109} INFO - [2022-07-22 22:05:40,208] {dagbag.py:500} INFO - Filling up the DagBag from /home/airflow/.local/lib/python3.7/site-packages/airflow/example_dags/tutorial.py
[2022-07-22 22:05:40,226] {processor.py:654} INFO - DAG(s) dict_keys(['tutorial']) retrieved from /home/airflow/.local/lib/python3.7/site-packages/airflow/example_dags/tutorial.py
[2022-07-22 22:05:40,232] {logging_mixin.py:109} INFO - [2022-07-22 22:05:40,232] {dag.py:2396} INFO - Sync 1 DAGs
[2022-07-22 22:05:40,243] {logging_mixin.py:109} INFO - [2022-07-22 22:05:40,243] {dag.py:2935} INFO - Setting next_dagrun for tutorial to 2022-07-21T22:05:40.243258+00:00
[2022-07-22 22:05:40,249] {processor.py:171} INFO - Processing /home/airflow/.local/lib/python3.7/site-packages/airflow/example_dags/tutorial.py took 0.044 seconds
[2022-07-22 22:06:10,819] {processor.py:163} INFO - Started process (PID=1131) to work on /home/airflow/.local/lib/python3.7/site-packages/airflow/example_dags/tutorial.py
[2022-07-22 22:06:10,820] {processor.py:642} INFO - Processing file /home/airflow/.local/lib/python3.7/site-packages/airflow/example_dags/tutorial.py for tasks to queue
[2022-07-22 22:06:10,821] {logging_mixin.py:109} INFO - [2022-07-22 22:06:10,820] {dagbag.py:500} INFO - Filling up the DagBag from /home/airflow/.local/lib/python3.7/site-packages/airflow/example_dags/tutorial.py
[2022-07-22 22:06:10,839] {processor.py:654} INFO - DAG(s) dict_keys(['tutorial']) retrieved from /home/airflow/.local/lib/python3.7/site-packages/airflow/example_dags/tutorial.py
[2022-07-22 22:06:10,846] {logging_mixin.py:109} INFO - [2022-07-22 22:06:10,846] {dag.py:2396} INFO - Sync 1 DAGs
[2022-07-22 22:06:10,858] {logging_mixin.py:109} INFO - [2022-07-22 22:06:10,858] {dag.py:2935} INFO - Setting next_dagrun for tutorial to 2022-07-21T22:06:10.857963+00:00
[2022-07-22 22:06:10,864] {processor.py:171} INFO - Processing /home/airflow/.local/lib/python3.7/site-packages/airflow/example_dags/tutorial.py took 0.046 seconds
[2022-07-22 22:06:41,557] {processor.py:163} INFO - Started process (PID=1191) to work on /home/airflow/.local/lib/python3.7/site-packages/airflow/example_dags/tutorial.py
[2022-07-22 22:06:41,557] {processor.py:642} INFO - Processing file /home/airflow/.local/lib/python3.7/site-packages/airflow/example_dags/tutorial.py for tasks to queue
[2022-07-22 22:06:41,558] {logging_mixin.py:109} INFO - [2022-07-22 22:06:41,558] {dagbag.py:500} INFO - Filling up the DagBag from /home/airflow/.local/lib/python3.7/site-packages/airflow/example_dags/tutorial.py
[2022-07-22 22:06:41,576] {processor.py:654} INFO - DAG(s) dict_keys(['tutorial']) retrieved from /home/airflow/.local/lib/python3.7/site-packages/airflow/example_dags/tutorial.py
[2022-07-22 22:06:41,583] {logging_mixin.py:109} INFO - [2022-07-22 22:06:41,583] {dag.py:2396} INFO - Sync 1 DAGs
[2022-07-22 22:06:41,594] {logging_mixin.py:109} INFO - [2022-07-22 22:06:41,594] {dag.py:2935} INFO - Setting next_dagrun for tutorial to 2022-07-21T22:06:41.594231+00:00
[2022-07-22 22:06:41,600] {processor.py:171} INFO - Processing /home/airflow/.local/lib/python3.7/site-packages/airflow/example_dags/tutorial.py took 0.046 seconds
[2022-07-22 22:07:12,203] {processor.py:163} INFO - Started process (PID=1241) to work on /home/airflow/.local/lib/python3.7/site-packages/airflow/example_dags/tutorial.py
[2022-07-22 22:07:12,203] {processor.py:642} INFO - Processing file /home/airflow/.local/lib/python3.7/site-packages/airflow/example_dags/tutorial.py for tasks to queue
[2022-07-22 22:07:12,204] {logging_mixin.py:109} INFO - [2022-07-22 22:07:12,204] {dagbag.py:500} INFO - Filling up the DagBag from /home/airflow/.local/lib/python3.7/site-packages/airflow/example_dags/tutorial.py
[2022-07-22 22:07:12,222] {processor.py:654} INFO - DAG(s) dict_keys(['tutorial']) retrieved from /home/airflow/.local/lib/python3.7/site-packages/airflow/example_dags/tutorial.py
[2022-07-22 22:07:12,228] {logging_mixin.py:109} INFO - [2022-07-22 22:07:12,228] {dag.py:2396} INFO - Sync 1 DAGs
[2022-07-22 22:07:12,238] {logging_mixin.py:109} INFO - [2022-07-22 22:07:12,238] {dag.py:2935} INFO - Setting next_dagrun for tutorial to 2022-07-21T22:07:12.238424+00:00
[2022-07-22 22:07:12,244] {processor.py:171} INFO - Processing /home/airflow/.local/lib/python3.7/site-packages/airflow/example_dags/tutorial.py took 0.043 seconds
[2022-07-22 22:07:42,671] {processor.py:163} INFO - Started process (PID=1299) to work on /home/airflow/.local/lib/python3.7/site-packages/airflow/example_dags/tutorial.py
[2022-07-22 22:07:42,672] {processor.py:642} INFO - Processing file /home/airflow/.local/lib/python3.7/site-packages/airflow/example_dags/tutorial.py for tasks to queue
[2022-07-22 22:07:42,672] {logging_mixin.py:109} INFO - [2022-07-22 22:07:42,672] {dagbag.py:500} INFO - Filling up the DagBag from /home/airflow/.local/lib/python3.7/site-packages/airflow/example_dags/tutorial.py
[2022-07-22 22:07:42,690] {processor.py:654} INFO - DAG(s) dict_keys(['tutorial']) retrieved from /home/airflow/.local/lib/python3.7/site-packages/airflow/example_dags/tutorial.py
[2022-07-22 22:07:42,697] {logging_mixin.py:109} INFO - [2022-07-22 22:07:42,697] {dag.py:2396} INFO - Sync 1 DAGs
[2022-07-22 22:07:42,708] {logging_mixin.py:109} INFO - [2022-07-22 22:07:42,708] {dag.py:2935} INFO - Setting next_dagrun for tutorial to 2022-07-21T22:07:42.708393+00:00
[2022-07-22 22:07:42,714] {processor.py:171} INFO - Processing /home/airflow/.local/lib/python3.7/site-packages/airflow/example_dags/tutorial.py took 0.045 seconds
[2022-07-22 22:08:13,774] {processor.py:163} INFO - Started process (PID=1351) to work on /home/airflow/.local/lib/python3.7/site-packages/airflow/example_dags/tutorial.py
[2022-07-22 22:08:13,775] {processor.py:642} INFO - Processing file /home/airflow/.local/lib/python3.7/site-packages/airflow/example_dags/tutorial.py for tasks to queue
[2022-07-22 22:08:13,775] {logging_mixin.py:109} INFO - [2022-07-22 22:08:13,775] {dagbag.py:500} INFO - Filling up the DagBag from /home/airflow/.local/lib/python3.7/site-packages/airflow/example_dags/tutorial.py
[2022-07-22 22:08:13,794] {processor.py:654} INFO - DAG(s) dict_keys(['tutorial']) retrieved from /home/airflow/.local/lib/python3.7/site-packages/airflow/example_dags/tutorial.py
[2022-07-22 22:08:13,801] {logging_mixin.py:109} INFO - [2022-07-22 22:08:13,801] {dag.py:2396} INFO - Sync 1 DAGs
[2022-07-22 22:08:13,813] {logging_mixin.py:109} INFO - [2022-07-22 22:08:13,813] {dag.py:2935} INFO - Setting next_dagrun for tutorial to 2022-07-21T22:08:13.812818+00:00
[2022-07-22 22:08:13,818] {processor.py:171} INFO - Processing /home/airflow/.local/lib/python3.7/site-packages/airflow/example_dags/tutorial.py took 0.047 seconds
[2022-07-22 22:08:45,308] {processor.py:163} INFO - Started process (PID=1410) to work on /home/airflow/.local/lib/python3.7/site-packages/airflow/example_dags/tutorial.py
[2022-07-22 22:08:45,310] {processor.py:642} INFO - Processing file /home/airflow/.local/lib/python3.7/site-packages/airflow/example_dags/tutorial.py for tasks to queue
[2022-07-22 22:08:45,310] {logging_mixin.py:109} INFO - [2022-07-22 22:08:45,310] {dagbag.py:500} INFO - Filling up the DagBag from /home/airflow/.local/lib/python3.7/site-packages/airflow/example_dags/tutorial.py
[2022-07-22 22:08:45,351] {processor.py:654} INFO - DAG(s) dict_keys(['tutorial']) retrieved from /home/airflow/.local/lib/python3.7/site-packages/airflow/example_dags/tutorial.py
[2022-07-22 22:08:45,361] {logging_mixin.py:109} INFO - [2022-07-22 22:08:45,360] {dag.py:2396} INFO - Sync 1 DAGs
[2022-07-22 22:08:45,377] {logging_mixin.py:109} INFO - [2022-07-22 22:08:45,377] {dag.py:2935} INFO - Setting next_dagrun for tutorial to 2022-07-21T22:08:45.376964+00:00
[2022-07-22 22:08:45,386] {processor.py:171} INFO - Processing /home/airflow/.local/lib/python3.7/site-packages/airflow/example_dags/tutorial.py took 0.091 seconds
[2022-07-22 22:09:15,777] {processor.py:163} INFO - Started process (PID=1460) to work on /home/airflow/.local/lib/python3.7/site-packages/airflow/example_dags/tutorial.py
[2022-07-22 22:09:15,778] {processor.py:642} INFO - Processing file /home/airflow/.local/lib/python3.7/site-packages/airflow/example_dags/tutorial.py for tasks to queue
[2022-07-22 22:09:15,778] {logging_mixin.py:109} INFO - [2022-07-22 22:09:15,778] {dagbag.py:500} INFO - Filling up the DagBag from /home/airflow/.local/lib/python3.7/site-packages/airflow/example_dags/tutorial.py
[2022-07-22 22:09:15,798] {processor.py:654} INFO - DAG(s) dict_keys(['tutorial']) retrieved from /home/airflow/.local/lib/python3.7/site-packages/airflow/example_dags/tutorial.py
[2022-07-22 22:09:15,805] {logging_mixin.py:109} INFO - [2022-07-22 22:09:15,805] {dag.py:2396} INFO - Sync 1 DAGs
[2022-07-22 22:09:15,816] {logging_mixin.py:109} INFO - [2022-07-22 22:09:15,816] {dag.py:2935} INFO - Setting next_dagrun for tutorial to 2022-07-21T22:09:15.816378+00:00
[2022-07-22 22:09:15,823] {processor.py:171} INFO - Processing /home/airflow/.local/lib/python3.7/site-packages/airflow/example_dags/tutorial.py took 0.048 seconds
[2022-07-22 22:09:46,799] {processor.py:163} INFO - Started process (PID=1519) to work on /home/airflow/.local/lib/python3.7/site-packages/airflow/example_dags/tutorial.py
[2022-07-22 22:09:46,800] {processor.py:642} INFO - Processing file /home/airflow/.local/lib/python3.7/site-packages/airflow/example_dags/tutorial.py for tasks to queue
[2022-07-22 22:09:46,800] {logging_mixin.py:109} INFO - [2022-07-22 22:09:46,800] {dagbag.py:500} INFO - Filling up the DagBag from /home/airflow/.local/lib/python3.7/site-packages/airflow/example_dags/tutorial.py
[2022-07-22 22:09:46,823] {processor.py:654} INFO - DAG(s) dict_keys(['tutorial']) retrieved from /home/airflow/.local/lib/python3.7/site-packages/airflow/example_dags/tutorial.py
[2022-07-22 22:09:46,830] {logging_mixin.py:109} INFO - [2022-07-22 22:09:46,830] {dag.py:2396} INFO - Sync 1 DAGs
[2022-07-22 22:09:46,846] {logging_mixin.py:109} INFO - [2022-07-22 22:09:46,846] {dag.py:2935} INFO - Setting next_dagrun for tutorial to 2022-07-21T22:09:46.845792+00:00
[2022-07-22 22:09:46,855] {processor.py:171} INFO - Processing /home/airflow/.local/lib/python3.7/site-packages/airflow/example_dags/tutorial.py took 0.058 seconds
[2022-07-22 22:10:17,557] {processor.py:163} INFO - Started process (PID=1569) to work on /home/airflow/.local/lib/python3.7/site-packages/airflow/example_dags/tutorial.py
[2022-07-22 22:10:17,558] {processor.py:642} INFO - Processing file /home/airflow/.local/lib/python3.7/site-packages/airflow/example_dags/tutorial.py for tasks to queue
[2022-07-22 22:10:17,558] {logging_mixin.py:109} INFO - [2022-07-22 22:10:17,558] {dagbag.py:500} INFO - Filling up the DagBag from /home/airflow/.local/lib/python3.7/site-packages/airflow/example_dags/tutorial.py
[2022-07-22 22:10:17,577] {processor.py:654} INFO - DAG(s) dict_keys(['tutorial']) retrieved from /home/airflow/.local/lib/python3.7/site-packages/airflow/example_dags/tutorial.py
[2022-07-22 22:10:17,584] {logging_mixin.py:109} INFO - [2022-07-22 22:10:17,584] {dag.py:2396} INFO - Sync 1 DAGs
[2022-07-22 22:10:17,595] {logging_mixin.py:109} INFO - [2022-07-22 22:10:17,595] {dag.py:2935} INFO - Setting next_dagrun for tutorial to 2022-07-21T22:10:17.595613+00:00
[2022-07-22 22:10:17,602] {processor.py:171} INFO - Processing /home/airflow/.local/lib/python3.7/site-packages/airflow/example_dags/tutorial.py took 0.047 seconds
[2022-07-22 22:10:48,492] {processor.py:163} INFO - Started process (PID=1628) to work on /home/airflow/.local/lib/python3.7/site-packages/airflow/example_dags/tutorial.py
[2022-07-22 22:10:48,492] {processor.py:642} INFO - Processing file /home/airflow/.local/lib/python3.7/site-packages/airflow/example_dags/tutorial.py for tasks to queue
[2022-07-22 22:10:48,493] {logging_mixin.py:109} INFO - [2022-07-22 22:10:48,493] {dagbag.py:500} INFO - Filling up the DagBag from /home/airflow/.local/lib/python3.7/site-packages/airflow/example_dags/tutorial.py
[2022-07-22 22:10:48,512] {processor.py:654} INFO - DAG(s) dict_keys(['tutorial']) retrieved from /home/airflow/.local/lib/python3.7/site-packages/airflow/example_dags/tutorial.py
[2022-07-22 22:10:48,519] {logging_mixin.py:109} INFO - [2022-07-22 22:10:48,519] {dag.py:2396} INFO - Sync 1 DAGs
[2022-07-22 22:10:48,530] {logging_mixin.py:109} INFO - [2022-07-22 22:10:48,530] {dag.py:2935} INFO - Setting next_dagrun for tutorial to 2022-07-21T22:10:48.530445+00:00
[2022-07-22 22:10:48,541] {processor.py:171} INFO - Processing /home/airflow/.local/lib/python3.7/site-packages/airflow/example_dags/tutorial.py took 0.051 seconds
[2022-07-22 22:11:19,224] {processor.py:163} INFO - Started process (PID=1687) to work on /home/airflow/.local/lib/python3.7/site-packages/airflow/example_dags/tutorial.py
[2022-07-22 22:11:19,225] {processor.py:642} INFO - Processing file /home/airflow/.local/lib/python3.7/site-packages/airflow/example_dags/tutorial.py for tasks to queue
[2022-07-22 22:11:19,226] {logging_mixin.py:109} INFO - [2022-07-22 22:11:19,225] {dagbag.py:500} INFO - Filling up the DagBag from /home/airflow/.local/lib/python3.7/site-packages/airflow/example_dags/tutorial.py
[2022-07-22 22:11:19,245] {processor.py:654} INFO - DAG(s) dict_keys(['tutorial']) retrieved from /home/airflow/.local/lib/python3.7/site-packages/airflow/example_dags/tutorial.py
[2022-07-22 22:11:19,252] {logging_mixin.py:109} INFO - [2022-07-22 22:11:19,252] {dag.py:2396} INFO - Sync 1 DAGs
[2022-07-22 22:11:19,263] {logging_mixin.py:109} INFO - [2022-07-22 22:11:19,263] {dag.py:2935} INFO - Setting next_dagrun for tutorial to 2022-07-21T22:11:19.263277+00:00
[2022-07-22 22:11:19,270] {processor.py:171} INFO - Processing /home/airflow/.local/lib/python3.7/site-packages/airflow/example_dags/tutorial.py took 0.048 seconds
[2022-07-22 22:11:50,097] {processor.py:163} INFO - Started process (PID=1737) to work on /home/airflow/.local/lib/python3.7/site-packages/airflow/example_dags/tutorial.py
[2022-07-22 22:11:50,098] {processor.py:642} INFO - Processing file /home/airflow/.local/lib/python3.7/site-packages/airflow/example_dags/tutorial.py for tasks to queue
[2022-07-22 22:11:50,098] {logging_mixin.py:109} INFO - [2022-07-22 22:11:50,098] {dagbag.py:500} INFO - Filling up the DagBag from /home/airflow/.local/lib/python3.7/site-packages/airflow/example_dags/tutorial.py
[2022-07-22 22:11:50,117] {processor.py:654} INFO - DAG(s) dict_keys(['tutorial']) retrieved from /home/airflow/.local/lib/python3.7/site-packages/airflow/example_dags/tutorial.py
[2022-07-22 22:11:50,123] {logging_mixin.py:109} INFO - [2022-07-22 22:11:50,123] {dag.py:2396} INFO - Sync 1 DAGs
[2022-07-22 22:11:50,142] {logging_mixin.py:109} INFO - [2022-07-22 22:11:50,142] {dag.py:2935} INFO - Setting next_dagrun for tutorial to 2022-07-21T22:11:50.142525+00:00
[2022-07-22 22:11:50,153] {processor.py:171} INFO - Processing /home/airflow/.local/lib/python3.7/site-packages/airflow/example_dags/tutorial.py took 0.058 seconds
[2022-07-22 22:12:20,945] {processor.py:163} INFO - Started process (PID=1796) to work on /home/airflow/.local/lib/python3.7/site-packages/airflow/example_dags/tutorial.py
[2022-07-22 22:12:20,946] {processor.py:642} INFO - Processing file /home/airflow/.local/lib/python3.7/site-packages/airflow/example_dags/tutorial.py for tasks to queue
[2022-07-22 22:12:20,946] {logging_mixin.py:109} INFO - [2022-07-22 22:12:20,946] {dagbag.py:500} INFO - Filling up the DagBag from /home/airflow/.local/lib/python3.7/site-packages/airflow/example_dags/tutorial.py
[2022-07-22 22:12:20,966] {processor.py:654} INFO - DAG(s) dict_keys(['tutorial']) retrieved from /home/airflow/.local/lib/python3.7/site-packages/airflow/example_dags/tutorial.py
[2022-07-22 22:12:20,976] {logging_mixin.py:109} INFO - [2022-07-22 22:12:20,976] {dag.py:2396} INFO - Sync 1 DAGs
[2022-07-22 22:12:20,991] {logging_mixin.py:109} INFO - [2022-07-22 22:12:20,991] {dag.py:2935} INFO - Setting next_dagrun for tutorial to 2022-07-21T22:12:20.991198+00:00
[2022-07-22 22:12:20,998] {processor.py:171} INFO - Processing /home/airflow/.local/lib/python3.7/site-packages/airflow/example_dags/tutorial.py took 0.056 seconds
[2022-07-22 22:12:51,817] {processor.py:163} INFO - Started process (PID=1846) to work on /home/airflow/.local/lib/python3.7/site-packages/airflow/example_dags/tutorial.py
[2022-07-22 22:12:51,818] {processor.py:642} INFO - Processing file /home/airflow/.local/lib/python3.7/site-packages/airflow/example_dags/tutorial.py for tasks to queue
[2022-07-22 22:12:51,818] {logging_mixin.py:109} INFO - [2022-07-22 22:12:51,818] {dagbag.py:500} INFO - Filling up the DagBag from /home/airflow/.local/lib/python3.7/site-packages/airflow/example_dags/tutorial.py
[2022-07-22 22:12:51,843] {processor.py:654} INFO - DAG(s) dict_keys(['tutorial']) retrieved from /home/airflow/.local/lib/python3.7/site-packages/airflow/example_dags/tutorial.py
[2022-07-22 22:12:51,853] {logging_mixin.py:109} INFO - [2022-07-22 22:12:51,853] {dag.py:2396} INFO - Sync 1 DAGs
[2022-07-22 22:12:51,870] {logging_mixin.py:109} INFO - [2022-07-22 22:12:51,870] {dag.py:2935} INFO - Setting next_dagrun for tutorial to 2022-07-21T22:12:51.870109+00:00
[2022-07-22 22:12:51,880] {processor.py:171} INFO - Processing /home/airflow/.local/lib/python3.7/site-packages/airflow/example_dags/tutorial.py took 0.065 seconds
[2022-07-22 22:13:22,490] {processor.py:163} INFO - Started process (PID=1905) to work on /home/airflow/.local/lib/python3.7/site-packages/airflow/example_dags/tutorial.py
[2022-07-22 22:13:22,491] {processor.py:642} INFO - Processing file /home/airflow/.local/lib/python3.7/site-packages/airflow/example_dags/tutorial.py for tasks to queue
[2022-07-22 22:13:22,491] {logging_mixin.py:109} INFO - [2022-07-22 22:13:22,491] {dagbag.py:500} INFO - Filling up the DagBag from /home/airflow/.local/lib/python3.7/site-packages/airflow/example_dags/tutorial.py
[2022-07-22 22:13:22,509] {processor.py:654} INFO - DAG(s) dict_keys(['tutorial']) retrieved from /home/airflow/.local/lib/python3.7/site-packages/airflow/example_dags/tutorial.py
[2022-07-22 22:13:22,515] {logging_mixin.py:109} INFO - [2022-07-22 22:13:22,515] {dag.py:2396} INFO - Sync 1 DAGs
[2022-07-22 22:13:22,526] {logging_mixin.py:109} INFO - [2022-07-22 22:13:22,526] {dag.py:2935} INFO - Setting next_dagrun for tutorial to 2022-07-21T22:13:22.526014+00:00
[2022-07-22 22:13:22,532] {processor.py:171} INFO - Processing /home/airflow/.local/lib/python3.7/site-packages/airflow/example_dags/tutorial.py took 0.044 seconds
[2022-07-22 22:13:53,234] {processor.py:163} INFO - Started process (PID=1964) to work on /home/airflow/.local/lib/python3.7/site-packages/airflow/example_dags/tutorial.py
[2022-07-22 22:13:53,234] {processor.py:642} INFO - Processing file /home/airflow/.local/lib/python3.7/site-packages/airflow/example_dags/tutorial.py for tasks to queue
[2022-07-22 22:13:53,235] {logging_mixin.py:109} INFO - [2022-07-22 22:13:53,235] {dagbag.py:500} INFO - Filling up the DagBag from /home/airflow/.local/lib/python3.7/site-packages/airflow/example_dags/tutorial.py
[2022-07-22 22:13:53,254] {processor.py:654} INFO - DAG(s) dict_keys(['tutorial']) retrieved from /home/airflow/.local/lib/python3.7/site-packages/airflow/example_dags/tutorial.py
[2022-07-22 22:13:53,264] {logging_mixin.py:109} INFO - [2022-07-22 22:13:53,264] {dag.py:2396} INFO - Sync 1 DAGs
[2022-07-22 22:13:53,278] {logging_mixin.py:109} INFO - [2022-07-22 22:13:53,278] {dag.py:2935} INFO - Setting next_dagrun for tutorial to 2022-07-21T22:13:53.278375+00:00
[2022-07-22 22:13:53,286] {processor.py:171} INFO - Processing /home/airflow/.local/lib/python3.7/site-packages/airflow/example_dags/tutorial.py took 0.054 seconds
[2022-07-22 22:14:23,805] {processor.py:163} INFO - Started process (PID=2014) to work on /home/airflow/.local/lib/python3.7/site-packages/airflow/example_dags/tutorial.py
[2022-07-22 22:14:23,806] {processor.py:642} INFO - Processing file /home/airflow/.local/lib/python3.7/site-packages/airflow/example_dags/tutorial.py for tasks to queue
[2022-07-22 22:14:23,806] {logging_mixin.py:109} INFO - [2022-07-22 22:14:23,806] {dagbag.py:500} INFO - Filling up the DagBag from /home/airflow/.local/lib/python3.7/site-packages/airflow/example_dags/tutorial.py
[2022-07-22 22:14:23,826] {processor.py:654} INFO - DAG(s) dict_keys(['tutorial']) retrieved from /home/airflow/.local/lib/python3.7/site-packages/airflow/example_dags/tutorial.py
[2022-07-22 22:14:23,832] {logging_mixin.py:109} INFO - [2022-07-22 22:14:23,832] {dag.py:2396} INFO - Sync 1 DAGs
[2022-07-22 22:14:23,846] {logging_mixin.py:109} INFO - [2022-07-22 22:14:23,846] {dag.py:2935} INFO - Setting next_dagrun for tutorial to 2022-07-21T22:14:23.846558+00:00
[2022-07-22 22:14:23,853] {processor.py:171} INFO - Processing /home/airflow/.local/lib/python3.7/site-packages/airflow/example_dags/tutorial.py took 0.050 seconds
[2022-07-22 22:14:54,298] {processor.py:163} INFO - Started process (PID=2074) to work on /home/airflow/.local/lib/python3.7/site-packages/airflow/example_dags/tutorial.py
[2022-07-22 22:14:54,299] {processor.py:642} INFO - Processing file /home/airflow/.local/lib/python3.7/site-packages/airflow/example_dags/tutorial.py for tasks to queue
[2022-07-22 22:14:54,299] {logging_mixin.py:109} INFO - [2022-07-22 22:14:54,299] {dagbag.py:500} INFO - Filling up the DagBag from /home/airflow/.local/lib/python3.7/site-packages/airflow/example_dags/tutorial.py
[2022-07-22 22:14:54,319] {processor.py:654} INFO - DAG(s) dict_keys(['tutorial']) retrieved from /home/airflow/.local/lib/python3.7/site-packages/airflow/example_dags/tutorial.py
[2022-07-22 22:14:54,325] {logging_mixin.py:109} INFO - [2022-07-22 22:14:54,325] {dag.py:2396} INFO - Sync 1 DAGs
[2022-07-22 22:14:54,337] {logging_mixin.py:109} INFO - [2022-07-22 22:14:54,337] {dag.py:2935} INFO - Setting next_dagrun for tutorial to 2022-07-21T22:14:54.336770+00:00
[2022-07-22 22:14:54,343] {processor.py:171} INFO - Processing /home/airflow/.local/lib/python3.7/site-packages/airflow/example_dags/tutorial.py took 0.047 seconds
[2022-07-22 22:15:25,130] {processor.py:163} INFO - Started process (PID=2124) to work on /home/airflow/.local/lib/python3.7/site-packages/airflow/example_dags/tutorial.py
[2022-07-22 22:15:25,132] {processor.py:642} INFO - Processing file /home/airflow/.local/lib/python3.7/site-packages/airflow/example_dags/tutorial.py for tasks to queue
[2022-07-22 22:15:25,132] {logging_mixin.py:109} INFO - [2022-07-22 22:15:25,132] {dagbag.py:500} INFO - Filling up the DagBag from /home/airflow/.local/lib/python3.7/site-packages/airflow/example_dags/tutorial.py
[2022-07-22 22:15:25,151] {processor.py:654} INFO - DAG(s) dict_keys(['tutorial']) retrieved from /home/airflow/.local/lib/python3.7/site-packages/airflow/example_dags/tutorial.py
[2022-07-22 22:15:25,158] {logging_mixin.py:109} INFO - [2022-07-22 22:15:25,158] {dag.py:2396} INFO - Sync 1 DAGs
[2022-07-22 22:15:25,168] {logging_mixin.py:109} INFO - [2022-07-22 22:15:25,168] {dag.py:2935} INFO - Setting next_dagrun for tutorial to 2022-07-21T22:15:25.168567+00:00
[2022-07-22 22:15:25,174] {processor.py:171} INFO - Processing /home/airflow/.local/lib/python3.7/site-packages/airflow/example_dags/tutorial.py took 0.046 seconds
[2022-07-22 22:15:55,615] {processor.py:163} INFO - Started process (PID=2183) to work on /home/airflow/.local/lib/python3.7/site-packages/airflow/example_dags/tutorial.py
[2022-07-22 22:15:55,616] {processor.py:642} INFO - Processing file /home/airflow/.local/lib/python3.7/site-packages/airflow/example_dags/tutorial.py for tasks to queue
[2022-07-22 22:15:55,616] {logging_mixin.py:109} INFO - [2022-07-22 22:15:55,616] {dagbag.py:500} INFO - Filling up the DagBag from /home/airflow/.local/lib/python3.7/site-packages/airflow/example_dags/tutorial.py
[2022-07-22 22:15:55,635] {processor.py:654} INFO - DAG(s) dict_keys(['tutorial']) retrieved from /home/airflow/.local/lib/python3.7/site-packages/airflow/example_dags/tutorial.py
[2022-07-22 22:15:55,641] {logging_mixin.py:109} INFO - [2022-07-22 22:15:55,641] {dag.py:2396} INFO - Sync 1 DAGs
[2022-07-22 22:15:55,652] {logging_mixin.py:109} INFO - [2022-07-22 22:15:55,652] {dag.py:2935} INFO - Setting next_dagrun for tutorial to 2022-07-21T22:15:55.652385+00:00
[2022-07-22 22:15:55,658] {processor.py:171} INFO - Processing /home/airflow/.local/lib/python3.7/site-packages/airflow/example_dags/tutorial.py took 0.045 seconds
[2022-07-22 22:16:26,271] {processor.py:163} INFO - Started process (PID=2242) to work on /home/airflow/.local/lib/python3.7/site-packages/airflow/example_dags/tutorial.py
[2022-07-22 22:16:26,272] {processor.py:642} INFO - Processing file /home/airflow/.local/lib/python3.7/site-packages/airflow/example_dags/tutorial.py for tasks to queue
[2022-07-22 22:16:26,273] {logging_mixin.py:109} INFO - [2022-07-22 22:16:26,273] {dagbag.py:500} INFO - Filling up the DagBag from /home/airflow/.local/lib/python3.7/site-packages/airflow/example_dags/tutorial.py
[2022-07-22 22:16:26,292] {processor.py:654} INFO - DAG(s) dict_keys(['tutorial']) retrieved from /home/airflow/.local/lib/python3.7/site-packages/airflow/example_dags/tutorial.py
[2022-07-22 22:16:26,299] {logging_mixin.py:109} INFO - [2022-07-22 22:16:26,299] {dag.py:2396} INFO - Sync 1 DAGs
[2022-07-22 22:16:26,309] {logging_mixin.py:109} INFO - [2022-07-22 22:16:26,309] {dag.py:2935} INFO - Setting next_dagrun for tutorial to 2022-07-21T22:16:26.309591+00:00
[2022-07-22 22:16:26,315] {processor.py:171} INFO - Processing /home/airflow/.local/lib/python3.7/site-packages/airflow/example_dags/tutorial.py took 0.046 seconds
[2022-07-22 22:16:56,634] {processor.py:163} INFO - Started process (PID=2292) to work on /home/airflow/.local/lib/python3.7/site-packages/airflow/example_dags/tutorial.py
[2022-07-22 22:16:56,635] {processor.py:642} INFO - Processing file /home/airflow/.local/lib/python3.7/site-packages/airflow/example_dags/tutorial.py for tasks to queue
[2022-07-22 22:16:56,635] {logging_mixin.py:109} INFO - [2022-07-22 22:16:56,635] {dagbag.py:500} INFO - Filling up the DagBag from /home/airflow/.local/lib/python3.7/site-packages/airflow/example_dags/tutorial.py
[2022-07-22 22:16:56,655] {processor.py:654} INFO - DAG(s) dict_keys(['tutorial']) retrieved from /home/airflow/.local/lib/python3.7/site-packages/airflow/example_dags/tutorial.py
[2022-07-22 22:16:56,662] {logging_mixin.py:109} INFO - [2022-07-22 22:16:56,662] {dag.py:2396} INFO - Sync 1 DAGs
[2022-07-22 22:16:56,674] {logging_mixin.py:109} INFO - [2022-07-22 22:16:56,673] {dag.py:2935} INFO - Setting next_dagrun for tutorial to 2022-07-21T22:16:56.673739+00:00
[2022-07-22 22:16:56,680] {processor.py:171} INFO - Processing /home/airflow/.local/lib/python3.7/site-packages/airflow/example_dags/tutorial.py took 0.048 seconds
[2022-07-22 22:17:27,611] {processor.py:163} INFO - Started process (PID=2351) to work on /home/airflow/.local/lib/python3.7/site-packages/airflow/example_dags/tutorial.py
[2022-07-22 22:17:27,612] {processor.py:642} INFO - Processing file /home/airflow/.local/lib/python3.7/site-packages/airflow/example_dags/tutorial.py for tasks to queue
[2022-07-22 22:17:27,612] {logging_mixin.py:109} INFO - [2022-07-22 22:17:27,612] {dagbag.py:500} INFO - Filling up the DagBag from /home/airflow/.local/lib/python3.7/site-packages/airflow/example_dags/tutorial.py
[2022-07-22 22:17:27,632] {processor.py:654} INFO - DAG(s) dict_keys(['tutorial']) retrieved from /home/airflow/.local/lib/python3.7/site-packages/airflow/example_dags/tutorial.py
[2022-07-22 22:17:27,639] {logging_mixin.py:109} INFO - [2022-07-22 22:17:27,639] {dag.py:2396} INFO - Sync 1 DAGs
[2022-07-22 22:17:27,650] {logging_mixin.py:109} INFO - [2022-07-22 22:17:27,650] {dag.py:2935} INFO - Setting next_dagrun for tutorial to 2022-07-21T22:17:27.650247+00:00
[2022-07-22 22:17:27,656] {processor.py:171} INFO - Processing /home/airflow/.local/lib/python3.7/site-packages/airflow/example_dags/tutorial.py took 0.048 seconds
[2022-07-22 22:17:58,240] {processor.py:163} INFO - Started process (PID=2401) to work on /home/airflow/.local/lib/python3.7/site-packages/airflow/example_dags/tutorial.py
[2022-07-22 22:17:58,241] {processor.py:642} INFO - Processing file /home/airflow/.local/lib/python3.7/site-packages/airflow/example_dags/tutorial.py for tasks to queue
[2022-07-22 22:17:58,241] {logging_mixin.py:109} INFO - [2022-07-22 22:17:58,241] {dagbag.py:500} INFO - Filling up the DagBag from /home/airflow/.local/lib/python3.7/site-packages/airflow/example_dags/tutorial.py
[2022-07-22 22:17:58,260] {processor.py:654} INFO - DAG(s) dict_keys(['tutorial']) retrieved from /home/airflow/.local/lib/python3.7/site-packages/airflow/example_dags/tutorial.py
[2022-07-22 22:17:58,266] {logging_mixin.py:109} INFO - [2022-07-22 22:17:58,266] {dag.py:2396} INFO - Sync 1 DAGs
[2022-07-22 22:17:58,277] {logging_mixin.py:109} INFO - [2022-07-22 22:17:58,277] {dag.py:2935} INFO - Setting next_dagrun for tutorial to 2022-07-21T22:17:58.277057+00:00
[2022-07-22 22:17:58,283] {processor.py:171} INFO - Processing /home/airflow/.local/lib/python3.7/site-packages/airflow/example_dags/tutorial.py took 0.045 seconds
[2022-07-22 22:18:28,992] {processor.py:163} INFO - Started process (PID=2460) to work on /home/airflow/.local/lib/python3.7/site-packages/airflow/example_dags/tutorial.py
[2022-07-22 22:18:28,993] {processor.py:642} INFO - Processing file /home/airflow/.local/lib/python3.7/site-packages/airflow/example_dags/tutorial.py for tasks to queue
[2022-07-22 22:18:28,993] {logging_mixin.py:109} INFO - [2022-07-22 22:18:28,993] {dagbag.py:500} INFO - Filling up the DagBag from /home/airflow/.local/lib/python3.7/site-packages/airflow/example_dags/tutorial.py
[2022-07-22 22:18:29,012] {processor.py:654} INFO - DAG(s) dict_keys(['tutorial']) retrieved from /home/airflow/.local/lib/python3.7/site-packages/airflow/example_dags/tutorial.py
[2022-07-22 22:18:29,018] {logging_mixin.py:109} INFO - [2022-07-22 22:18:29,018] {dag.py:2396} INFO - Sync 1 DAGs
[2022-07-22 22:18:29,029] {logging_mixin.py:109} INFO - [2022-07-22 22:18:29,028] {dag.py:2935} INFO - Setting next_dagrun for tutorial to 2022-07-21T22:18:29.028787+00:00
[2022-07-22 22:18:29,034] {processor.py:171} INFO - Processing /home/airflow/.local/lib/python3.7/site-packages/airflow/example_dags/tutorial.py took 0.044 seconds
[2022-07-22 22:18:59,818] {processor.py:163} INFO - Started process (PID=2519) to work on /home/airflow/.local/lib/python3.7/site-packages/airflow/example_dags/tutorial.py
[2022-07-22 22:18:59,819] {processor.py:642} INFO - Processing file /home/airflow/.local/lib/python3.7/site-packages/airflow/example_dags/tutorial.py for tasks to queue
[2022-07-22 22:18:59,820] {logging_mixin.py:109} INFO - [2022-07-22 22:18:59,819] {dagbag.py:500} INFO - Filling up the DagBag from /home/airflow/.local/lib/python3.7/site-packages/airflow/example_dags/tutorial.py
[2022-07-22 22:18:59,840] {processor.py:654} INFO - DAG(s) dict_keys(['tutorial']) retrieved from /home/airflow/.local/lib/python3.7/site-packages/airflow/example_dags/tutorial.py
[2022-07-22 22:18:59,848] {logging_mixin.py:109} INFO - [2022-07-22 22:18:59,848] {dag.py:2396} INFO - Sync 1 DAGs
[2022-07-22 22:18:59,859] {logging_mixin.py:109} INFO - [2022-07-22 22:18:59,859] {dag.py:2935} INFO - Setting next_dagrun for tutorial to 2022-07-21T22:18:59.859537+00:00
[2022-07-22 22:18:59,868] {processor.py:171} INFO - Processing /home/airflow/.local/lib/python3.7/site-packages/airflow/example_dags/tutorial.py took 0.051 seconds
[2022-07-22 22:19:30,465] {processor.py:163} INFO - Started process (PID=2569) to work on /home/airflow/.local/lib/python3.7/site-packages/airflow/example_dags/tutorial.py
[2022-07-22 22:19:30,466] {processor.py:642} INFO - Processing file /home/airflow/.local/lib/python3.7/site-packages/airflow/example_dags/tutorial.py for tasks to queue
[2022-07-22 22:19:30,467] {logging_mixin.py:109} INFO - [2022-07-22 22:19:30,467] {dagbag.py:500} INFO - Filling up the DagBag from /home/airflow/.local/lib/python3.7/site-packages/airflow/example_dags/tutorial.py
[2022-07-22 22:19:30,492] {processor.py:654} INFO - DAG(s) dict_keys(['tutorial']) retrieved from /home/airflow/.local/lib/python3.7/site-packages/airflow/example_dags/tutorial.py
[2022-07-22 22:19:30,501] {logging_mixin.py:109} INFO - [2022-07-22 22:19:30,501] {dag.py:2396} INFO - Sync 1 DAGs
[2022-07-22 22:19:30,516] {logging_mixin.py:109} INFO - [2022-07-22 22:19:30,516] {dag.py:2935} INFO - Setting next_dagrun for tutorial to 2022-07-21T22:19:30.516046+00:00
[2022-07-22 22:19:30,525] {processor.py:171} INFO - Processing /home/airflow/.local/lib/python3.7/site-packages/airflow/example_dags/tutorial.py took 0.061 seconds
[2022-07-22 22:20:01,479] {processor.py:163} INFO - Started process (PID=2628) to work on /home/airflow/.local/lib/python3.7/site-packages/airflow/example_dags/tutorial.py
[2022-07-22 22:20:01,480] {processor.py:642} INFO - Processing file /home/airflow/.local/lib/python3.7/site-packages/airflow/example_dags/tutorial.py for tasks to queue
[2022-07-22 22:20:01,480] {logging_mixin.py:109} INFO - [2022-07-22 22:20:01,480] {dagbag.py:500} INFO - Filling up the DagBag from /home/airflow/.local/lib/python3.7/site-packages/airflow/example_dags/tutorial.py
[2022-07-22 22:20:01,498] {processor.py:654} INFO - DAG(s) dict_keys(['tutorial']) retrieved from /home/airflow/.local/lib/python3.7/site-packages/airflow/example_dags/tutorial.py
[2022-07-22 22:20:01,505] {logging_mixin.py:109} INFO - [2022-07-22 22:20:01,505] {dag.py:2396} INFO - Sync 1 DAGs
[2022-07-22 22:20:01,516] {logging_mixin.py:109} INFO - [2022-07-22 22:20:01,516] {dag.py:2935} INFO - Setting next_dagrun for tutorial to 2022-07-21T22:20:01.515969+00:00
[2022-07-22 22:20:01,522] {processor.py:171} INFO - Processing /home/airflow/.local/lib/python3.7/site-packages/airflow/example_dags/tutorial.py took 0.044 seconds
[2022-07-22 22:20:31,653] {processor.py:163} INFO - Started process (PID=2677) to work on /home/airflow/.local/lib/python3.7/site-packages/airflow/example_dags/tutorial.py
[2022-07-22 22:20:31,654] {processor.py:642} INFO - Processing file /home/airflow/.local/lib/python3.7/site-packages/airflow/example_dags/tutorial.py for tasks to queue
[2022-07-22 22:20:31,655] {logging_mixin.py:109} INFO - [2022-07-22 22:20:31,655] {dagbag.py:500} INFO - Filling up the DagBag from /home/airflow/.local/lib/python3.7/site-packages/airflow/example_dags/tutorial.py
[2022-07-22 22:20:31,674] {processor.py:654} INFO - DAG(s) dict_keys(['tutorial']) retrieved from /home/airflow/.local/lib/python3.7/site-packages/airflow/example_dags/tutorial.py
[2022-07-22 22:20:31,681] {logging_mixin.py:109} INFO - [2022-07-22 22:20:31,681] {dag.py:2396} INFO - Sync 1 DAGs
[2022-07-22 22:20:31,692] {logging_mixin.py:109} INFO - [2022-07-22 22:20:31,692] {dag.py:2935} INFO - Setting next_dagrun for tutorial to 2022-07-21T22:20:31.692100+00:00
[2022-07-22 22:20:31,766] {processor.py:171} INFO - Processing /home/airflow/.local/lib/python3.7/site-packages/airflow/example_dags/tutorial.py took 0.115 seconds
[2022-07-22 22:21:01,974] {processor.py:163} INFO - Started process (PID=2736) to work on /home/airflow/.local/lib/python3.7/site-packages/airflow/example_dags/tutorial.py
[2022-07-22 22:21:01,975] {processor.py:642} INFO - Processing file /home/airflow/.local/lib/python3.7/site-packages/airflow/example_dags/tutorial.py for tasks to queue
[2022-07-22 22:21:01,975] {logging_mixin.py:109} INFO - [2022-07-22 22:21:01,975] {dagbag.py:500} INFO - Filling up the DagBag from /home/airflow/.local/lib/python3.7/site-packages/airflow/example_dags/tutorial.py
[2022-07-22 22:21:01,994] {processor.py:654} INFO - DAG(s) dict_keys(['tutorial']) retrieved from /home/airflow/.local/lib/python3.7/site-packages/airflow/example_dags/tutorial.py
[2022-07-22 22:21:02,001] {logging_mixin.py:109} INFO - [2022-07-22 22:21:02,001] {dag.py:2396} INFO - Sync 1 DAGs
[2022-07-22 22:21:02,013] {logging_mixin.py:109} INFO - [2022-07-22 22:21:02,013] {dag.py:2935} INFO - Setting next_dagrun for tutorial to 2022-07-21T22:21:02.013119+00:00
[2022-07-22 22:21:02,086] {processor.py:171} INFO - Processing /home/airflow/.local/lib/python3.7/site-packages/airflow/example_dags/tutorial.py took 0.114 seconds
[2022-07-22 22:21:32,690] {processor.py:163} INFO - Started process (PID=2785) to work on /home/airflow/.local/lib/python3.7/site-packages/airflow/example_dags/tutorial.py
[2022-07-22 22:21:32,691] {processor.py:642} INFO - Processing file /home/airflow/.local/lib/python3.7/site-packages/airflow/example_dags/tutorial.py for tasks to queue
[2022-07-22 22:21:32,691] {logging_mixin.py:109} INFO - [2022-07-22 22:21:32,691] {dagbag.py:500} INFO - Filling up the DagBag from /home/airflow/.local/lib/python3.7/site-packages/airflow/example_dags/tutorial.py
[2022-07-22 22:21:32,709] {processor.py:654} INFO - DAG(s) dict_keys(['tutorial']) retrieved from /home/airflow/.local/lib/python3.7/site-packages/airflow/example_dags/tutorial.py
[2022-07-22 22:21:32,716] {logging_mixin.py:109} INFO - [2022-07-22 22:21:32,716] {dag.py:2396} INFO - Sync 1 DAGs
[2022-07-22 22:21:32,785] {logging_mixin.py:109} INFO - [2022-07-22 22:21:32,785] {dag.py:2935} INFO - Setting next_dagrun for tutorial to 2022-07-21T22:21:32.785512+00:00
[2022-07-22 22:21:32,791] {processor.py:171} INFO - Processing /home/airflow/.local/lib/python3.7/site-packages/airflow/example_dags/tutorial.py took 0.103 seconds
[2022-07-22 22:22:03,637] {processor.py:163} INFO - Started process (PID=2846) to work on /home/airflow/.local/lib/python3.7/site-packages/airflow/example_dags/tutorial.py
[2022-07-22 22:22:03,638] {processor.py:642} INFO - Processing file /home/airflow/.local/lib/python3.7/site-packages/airflow/example_dags/tutorial.py for tasks to queue
[2022-07-22 22:22:03,639] {logging_mixin.py:109} INFO - [2022-07-22 22:22:03,639] {dagbag.py:500} INFO - Filling up the DagBag from /home/airflow/.local/lib/python3.7/site-packages/airflow/example_dags/tutorial.py
[2022-07-22 22:22:03,658] {processor.py:654} INFO - DAG(s) dict_keys(['tutorial']) retrieved from /home/airflow/.local/lib/python3.7/site-packages/airflow/example_dags/tutorial.py
[2022-07-22 22:22:03,664] {logging_mixin.py:109} INFO - [2022-07-22 22:22:03,664] {dag.py:2396} INFO - Sync 1 DAGs
[2022-07-22 22:22:03,746] {logging_mixin.py:109} INFO - [2022-07-22 22:22:03,746] {dag.py:2935} INFO - Setting next_dagrun for tutorial to 2022-07-21T22:22:03.746388+00:00
[2022-07-22 22:22:03,752] {processor.py:171} INFO - Processing /home/airflow/.local/lib/python3.7/site-packages/airflow/example_dags/tutorial.py took 0.117 seconds
[2022-07-22 22:22:34,521] {processor.py:163} INFO - Started process (PID=2905) to work on /home/airflow/.local/lib/python3.7/site-packages/airflow/example_dags/tutorial.py
[2022-07-22 22:22:34,522] {processor.py:642} INFO - Processing file /home/airflow/.local/lib/python3.7/site-packages/airflow/example_dags/tutorial.py for tasks to queue
[2022-07-22 22:22:34,522] {logging_mixin.py:109} INFO - [2022-07-22 22:22:34,522] {dagbag.py:500} INFO - Filling up the DagBag from /home/airflow/.local/lib/python3.7/site-packages/airflow/example_dags/tutorial.py
[2022-07-22 22:22:34,540] {processor.py:654} INFO - DAG(s) dict_keys(['tutorial']) retrieved from /home/airflow/.local/lib/python3.7/site-packages/airflow/example_dags/tutorial.py
[2022-07-22 22:22:34,605] {logging_mixin.py:109} INFO - [2022-07-22 22:22:34,604] {dag.py:2396} INFO - Sync 1 DAGs
[2022-07-22 22:22:34,614] {logging_mixin.py:109} INFO - [2022-07-22 22:22:34,614] {dag.py:2935} INFO - Setting next_dagrun for tutorial to 2022-07-21T22:22:34.614590+00:00
[2022-07-22 22:22:34,620] {processor.py:171} INFO - Processing /home/airflow/.local/lib/python3.7/site-packages/airflow/example_dags/tutorial.py took 0.101 seconds
[2022-07-22 22:23:05,049] {processor.py:163} INFO - Started process (PID=2955) to work on /home/airflow/.local/lib/python3.7/site-packages/airflow/example_dags/tutorial.py
[2022-07-22 22:23:05,050] {processor.py:642} INFO - Processing file /home/airflow/.local/lib/python3.7/site-packages/airflow/example_dags/tutorial.py for tasks to queue
[2022-07-22 22:23:05,051] {logging_mixin.py:109} INFO - [2022-07-22 22:23:05,051] {dagbag.py:500} INFO - Filling up the DagBag from /home/airflow/.local/lib/python3.7/site-packages/airflow/example_dags/tutorial.py
[2022-07-22 22:23:05,139] {processor.py:654} INFO - DAG(s) dict_keys(['tutorial']) retrieved from /home/airflow/.local/lib/python3.7/site-packages/airflow/example_dags/tutorial.py
[2022-07-22 22:23:05,145] {logging_mixin.py:109} INFO - [2022-07-22 22:23:05,145] {dag.py:2396} INFO - Sync 1 DAGs
[2022-07-22 22:23:05,155] {logging_mixin.py:109} INFO - [2022-07-22 22:23:05,155] {dag.py:2935} INFO - Setting next_dagrun for tutorial to 2022-07-21T22:23:05.155279+00:00
[2022-07-22 22:23:05,161] {processor.py:171} INFO - Processing /home/airflow/.local/lib/python3.7/site-packages/airflow/example_dags/tutorial.py took 0.113 seconds
[2022-07-22 22:23:35,725] {processor.py:163} INFO - Started process (PID=3014) to work on /home/airflow/.local/lib/python3.7/site-packages/airflow/example_dags/tutorial.py
[2022-07-22 22:23:35,726] {processor.py:642} INFO - Processing file /home/airflow/.local/lib/python3.7/site-packages/airflow/example_dags/tutorial.py for tasks to queue
[2022-07-22 22:23:35,726] {logging_mixin.py:109} INFO - [2022-07-22 22:23:35,726] {dagbag.py:500} INFO - Filling up the DagBag from /home/airflow/.local/lib/python3.7/site-packages/airflow/example_dags/tutorial.py
[2022-07-22 22:23:35,818] {processor.py:654} INFO - DAG(s) dict_keys(['tutorial']) retrieved from /home/airflow/.local/lib/python3.7/site-packages/airflow/example_dags/tutorial.py
[2022-07-22 22:23:35,825] {logging_mixin.py:109} INFO - [2022-07-22 22:23:35,825] {dag.py:2396} INFO - Sync 1 DAGs
[2022-07-22 22:23:35,835] {logging_mixin.py:109} INFO - [2022-07-22 22:23:35,835] {dag.py:2935} INFO - Setting next_dagrun for tutorial to 2022-07-21T22:23:35.835655+00:00
[2022-07-22 22:23:35,841] {processor.py:171} INFO - Processing /home/airflow/.local/lib/python3.7/site-packages/airflow/example_dags/tutorial.py took 0.118 seconds
[2022-07-22 22:24:06,723] {processor.py:163} INFO - Started process (PID=3064) to work on /home/airflow/.local/lib/python3.7/site-packages/airflow/example_dags/tutorial.py
[2022-07-22 22:24:06,724] {processor.py:642} INFO - Processing file /home/airflow/.local/lib/python3.7/site-packages/airflow/example_dags/tutorial.py for tasks to queue
[2022-07-22 22:24:06,724] {logging_mixin.py:109} INFO - [2022-07-22 22:24:06,724] {dagbag.py:500} INFO - Filling up the DagBag from /home/airflow/.local/lib/python3.7/site-packages/airflow/example_dags/tutorial.py
[2022-07-22 22:24:06,809] {processor.py:654} INFO - DAG(s) dict_keys(['tutorial']) retrieved from /home/airflow/.local/lib/python3.7/site-packages/airflow/example_dags/tutorial.py
[2022-07-22 22:24:06,816] {logging_mixin.py:109} INFO - [2022-07-22 22:24:06,816] {dag.py:2396} INFO - Sync 1 DAGs
[2022-07-22 22:24:06,829] {logging_mixin.py:109} INFO - [2022-07-22 22:24:06,829] {dag.py:2935} INFO - Setting next_dagrun for tutorial to 2022-07-21T22:24:06.828943+00:00
[2022-07-22 22:24:06,837] {processor.py:171} INFO - Processing /home/airflow/.local/lib/python3.7/site-packages/airflow/example_dags/tutorial.py took 0.116 seconds
[2022-07-22 22:24:37,293] {processor.py:163} INFO - Started process (PID=3123) to work on /home/airflow/.local/lib/python3.7/site-packages/airflow/example_dags/tutorial.py
[2022-07-22 22:24:37,294] {processor.py:642} INFO - Processing file /home/airflow/.local/lib/python3.7/site-packages/airflow/example_dags/tutorial.py for tasks to queue
[2022-07-22 22:24:37,294] {logging_mixin.py:109} INFO - [2022-07-22 22:24:37,294] {dagbag.py:500} INFO - Filling up the DagBag from /home/airflow/.local/lib/python3.7/site-packages/airflow/example_dags/tutorial.py
[2022-07-22 22:24:37,380] {processor.py:654} INFO - DAG(s) dict_keys(['tutorial']) retrieved from /home/airflow/.local/lib/python3.7/site-packages/airflow/example_dags/tutorial.py
[2022-07-22 22:24:37,386] {logging_mixin.py:109} INFO - [2022-07-22 22:24:37,386] {dag.py:2396} INFO - Sync 1 DAGs
[2022-07-22 22:24:37,396] {logging_mixin.py:109} INFO - [2022-07-22 22:24:37,396] {dag.py:2935} INFO - Setting next_dagrun for tutorial to 2022-07-21T22:24:37.396311+00:00
[2022-07-22 22:24:37,402] {processor.py:171} INFO - Processing /home/airflow/.local/lib/python3.7/site-packages/airflow/example_dags/tutorial.py took 0.110 seconds
[2022-07-22 22:25:07,950] {processor.py:163} INFO - Started process (PID=3181) to work on /home/airflow/.local/lib/python3.7/site-packages/airflow/example_dags/tutorial.py
[2022-07-22 22:25:07,951] {processor.py:642} INFO - Processing file /home/airflow/.local/lib/python3.7/site-packages/airflow/example_dags/tutorial.py for tasks to queue
[2022-07-22 22:25:07,951] {logging_mixin.py:109} INFO - [2022-07-22 22:25:07,951] {dagbag.py:500} INFO - Filling up the DagBag from /home/airflow/.local/lib/python3.7/site-packages/airflow/example_dags/tutorial.py
[2022-07-22 22:25:08,035] {processor.py:654} INFO - DAG(s) dict_keys(['tutorial']) retrieved from /home/airflow/.local/lib/python3.7/site-packages/airflow/example_dags/tutorial.py
[2022-07-22 22:25:08,041] {logging_mixin.py:109} INFO - [2022-07-22 22:25:08,041] {dag.py:2396} INFO - Sync 1 DAGs
[2022-07-22 22:25:08,051] {logging_mixin.py:109} INFO - [2022-07-22 22:25:08,051] {dag.py:2935} INFO - Setting next_dagrun for tutorial to 2022-07-21T22:25:08.051610+00:00
[2022-07-22 22:25:08,057] {processor.py:171} INFO - Processing /home/airflow/.local/lib/python3.7/site-packages/airflow/example_dags/tutorial.py took 0.109 seconds
[2022-07-22 22:25:38,650] {processor.py:163} INFO - Started process (PID=3231) to work on /home/airflow/.local/lib/python3.7/site-packages/airflow/example_dags/tutorial.py
[2022-07-22 22:25:38,651] {processor.py:642} INFO - Processing file /home/airflow/.local/lib/python3.7/site-packages/airflow/example_dags/tutorial.py for tasks to queue
[2022-07-22 22:25:38,651] {logging_mixin.py:109} INFO - [2022-07-22 22:25:38,651] {dagbag.py:500} INFO - Filling up the DagBag from /home/airflow/.local/lib/python3.7/site-packages/airflow/example_dags/tutorial.py
[2022-07-22 22:25:38,669] {processor.py:654} INFO - DAG(s) dict_keys(['tutorial']) retrieved from /home/airflow/.local/lib/python3.7/site-packages/airflow/example_dags/tutorial.py
[2022-07-22 22:25:38,676] {logging_mixin.py:109} INFO - [2022-07-22 22:25:38,676] {dag.py:2396} INFO - Sync 1 DAGs
[2022-07-22 22:25:38,687] {logging_mixin.py:109} INFO - [2022-07-22 22:25:38,687] {dag.py:2935} INFO - Setting next_dagrun for tutorial to 2022-07-21T22:25:38.686857+00:00
[2022-07-22 22:25:38,692] {processor.py:171} INFO - Processing /home/airflow/.local/lib/python3.7/site-packages/airflow/example_dags/tutorial.py took 0.044 seconds
[2022-07-22 22:26:09,051] {processor.py:163} INFO - Started process (PID=3289) to work on /home/airflow/.local/lib/python3.7/site-packages/airflow/example_dags/tutorial.py
[2022-07-22 22:26:09,052] {processor.py:642} INFO - Processing file /home/airflow/.local/lib/python3.7/site-packages/airflow/example_dags/tutorial.py for tasks to queue
[2022-07-22 22:26:09,052] {logging_mixin.py:109} INFO - [2022-07-22 22:26:09,052] {dagbag.py:500} INFO - Filling up the DagBag from /home/airflow/.local/lib/python3.7/site-packages/airflow/example_dags/tutorial.py
[2022-07-22 22:26:09,070] {processor.py:654} INFO - DAG(s) dict_keys(['tutorial']) retrieved from /home/airflow/.local/lib/python3.7/site-packages/airflow/example_dags/tutorial.py
[2022-07-22 22:26:09,076] {logging_mixin.py:109} INFO - [2022-07-22 22:26:09,076] {dag.py:2396} INFO - Sync 1 DAGs
[2022-07-22 22:26:09,087] {logging_mixin.py:109} INFO - [2022-07-22 22:26:09,087] {dag.py:2935} INFO - Setting next_dagrun for tutorial to 2022-07-21T22:26:09.086919+00:00
[2022-07-22 22:26:09,093] {processor.py:171} INFO - Processing /home/airflow/.local/lib/python3.7/site-packages/airflow/example_dags/tutorial.py took 0.043 seconds
[2022-07-22 22:26:39,457] {processor.py:163} INFO - Started process (PID=3338) to work on /home/airflow/.local/lib/python3.7/site-packages/airflow/example_dags/tutorial.py
[2022-07-22 22:26:39,458] {processor.py:642} INFO - Processing file /home/airflow/.local/lib/python3.7/site-packages/airflow/example_dags/tutorial.py for tasks to queue
[2022-07-22 22:26:39,458] {logging_mixin.py:109} INFO - [2022-07-22 22:26:39,458] {dagbag.py:500} INFO - Filling up the DagBag from /home/airflow/.local/lib/python3.7/site-packages/airflow/example_dags/tutorial.py
[2022-07-22 22:26:39,477] {processor.py:654} INFO - DAG(s) dict_keys(['tutorial']) retrieved from /home/airflow/.local/lib/python3.7/site-packages/airflow/example_dags/tutorial.py
[2022-07-22 22:26:39,483] {logging_mixin.py:109} INFO - [2022-07-22 22:26:39,483] {dag.py:2396} INFO - Sync 1 DAGs
[2022-07-22 22:26:39,495] {logging_mixin.py:109} INFO - [2022-07-22 22:26:39,495] {dag.py:2935} INFO - Setting next_dagrun for tutorial to 2022-07-21T22:26:39.494926+00:00
[2022-07-22 22:26:39,501] {processor.py:171} INFO - Processing /home/airflow/.local/lib/python3.7/site-packages/airflow/example_dags/tutorial.py took 0.045 seconds
[2022-07-22 22:27:09,882] {processor.py:163} INFO - Started process (PID=3397) to work on /home/airflow/.local/lib/python3.7/site-packages/airflow/example_dags/tutorial.py
[2022-07-22 22:27:09,883] {processor.py:642} INFO - Processing file /home/airflow/.local/lib/python3.7/site-packages/airflow/example_dags/tutorial.py for tasks to queue
[2022-07-22 22:27:09,883] {logging_mixin.py:109} INFO - [2022-07-22 22:27:09,883] {dagbag.py:500} INFO - Filling up the DagBag from /home/airflow/.local/lib/python3.7/site-packages/airflow/example_dags/tutorial.py
[2022-07-22 22:27:09,901] {processor.py:654} INFO - DAG(s) dict_keys(['tutorial']) retrieved from /home/airflow/.local/lib/python3.7/site-packages/airflow/example_dags/tutorial.py
[2022-07-22 22:27:09,907] {logging_mixin.py:109} INFO - [2022-07-22 22:27:09,907] {dag.py:2396} INFO - Sync 1 DAGs
[2022-07-22 22:27:09,918] {logging_mixin.py:109} INFO - [2022-07-22 22:27:09,918] {dag.py:2935} INFO - Setting next_dagrun for tutorial to 2022-07-21T22:27:09.918564+00:00
[2022-07-22 22:27:09,924] {processor.py:171} INFO - Processing /home/airflow/.local/lib/python3.7/site-packages/airflow/example_dags/tutorial.py took 0.044 seconds
[2022-07-22 22:27:40,294] {processor.py:163} INFO - Started process (PID=3456) to work on /home/airflow/.local/lib/python3.7/site-packages/airflow/example_dags/tutorial.py
[2022-07-22 22:27:40,294] {processor.py:642} INFO - Processing file /home/airflow/.local/lib/python3.7/site-packages/airflow/example_dags/tutorial.py for tasks to queue
[2022-07-22 22:27:40,295] {logging_mixin.py:109} INFO - [2022-07-22 22:27:40,294] {dagbag.py:500} INFO - Filling up the DagBag from /home/airflow/.local/lib/python3.7/site-packages/airflow/example_dags/tutorial.py
[2022-07-22 22:27:40,314] {processor.py:654} INFO - DAG(s) dict_keys(['tutorial']) retrieved from /home/airflow/.local/lib/python3.7/site-packages/airflow/example_dags/tutorial.py
[2022-07-22 22:27:40,321] {logging_mixin.py:109} INFO - [2022-07-22 22:27:40,321] {dag.py:2396} INFO - Sync 1 DAGs
[2022-07-22 22:27:40,332] {logging_mixin.py:109} INFO - [2022-07-22 22:27:40,332] {dag.py:2935} INFO - Setting next_dagrun for tutorial to 2022-07-21T22:27:40.332585+00:00
[2022-07-22 22:27:40,338] {processor.py:171} INFO - Processing /home/airflow/.local/lib/python3.7/site-packages/airflow/example_dags/tutorial.py took 0.046 seconds
[2022-07-22 22:28:10,587] {processor.py:163} INFO - Started process (PID=3507) to work on /home/airflow/.local/lib/python3.7/site-packages/airflow/example_dags/tutorial.py
[2022-07-22 22:28:10,588] {processor.py:642} INFO - Processing file /home/airflow/.local/lib/python3.7/site-packages/airflow/example_dags/tutorial.py for tasks to queue
[2022-07-22 22:28:10,588] {logging_mixin.py:109} INFO - [2022-07-22 22:28:10,588] {dagbag.py:500} INFO - Filling up the DagBag from /home/airflow/.local/lib/python3.7/site-packages/airflow/example_dags/tutorial.py
[2022-07-22 22:28:10,605] {processor.py:654} INFO - DAG(s) dict_keys(['tutorial']) retrieved from /home/airflow/.local/lib/python3.7/site-packages/airflow/example_dags/tutorial.py
[2022-07-22 22:28:10,611] {logging_mixin.py:109} INFO - [2022-07-22 22:28:10,611] {dag.py:2396} INFO - Sync 1 DAGs
[2022-07-22 22:28:10,621] {logging_mixin.py:109} INFO - [2022-07-22 22:28:10,621] {dag.py:2935} INFO - Setting next_dagrun for tutorial to 2022-07-21T22:28:10.621517+00:00
[2022-07-22 22:28:10,627] {processor.py:171} INFO - Processing /home/airflow/.local/lib/python3.7/site-packages/airflow/example_dags/tutorial.py took 0.042 seconds
