[2022-07-22 21:54:18,387] {processor.py:163} INFO - Started process (PID=524) to work on /home/airflow/.local/lib/python3.7/site-packages/airflow/example_dags/tutorial_etl_dag.py
[2022-07-22 21:54:18,387] {processor.py:642} INFO - Processing file /home/airflow/.local/lib/python3.7/site-packages/airflow/example_dags/tutorial_etl_dag.py for tasks to queue
[2022-07-22 21:54:18,388] {logging_mixin.py:109} INFO - [2022-07-22 21:54:18,387] {dagbag.py:500} INFO - Filling up the DagBag from /home/airflow/.local/lib/python3.7/site-packages/airflow/example_dags/tutorial_etl_dag.py
[2022-07-22 21:54:18,405] {processor.py:654} INFO - DAG(s) dict_keys(['tutorial_etl_dag']) retrieved from /home/airflow/.local/lib/python3.7/site-packages/airflow/example_dags/tutorial_etl_dag.py
[2022-07-22 21:54:19,870] {logging_mixin.py:109} INFO - [2022-07-22 21:54:19,870] {manager.py:496} INFO - Created Permission View: can read on DAG:tutorial_etl_dag
[2022-07-22 21:54:19,875] {logging_mixin.py:109} INFO - [2022-07-22 21:54:19,875] {manager.py:496} INFO - Created Permission View: can edit on DAG:tutorial_etl_dag
[2022-07-22 21:54:19,875] {logging_mixin.py:109} INFO - [2022-07-22 21:54:19,875] {dag.py:2396} INFO - Sync 1 DAGs
[2022-07-22 21:54:19,880] {logging_mixin.py:109} INFO - [2022-07-22 21:54:19,880] {dag.py:2415} INFO - Creating ORM DAG for tutorial_etl_dag
[2022-07-22 21:54:19,885] {logging_mixin.py:109} INFO - [2022-07-22 21:54:19,885] {dag.py:2935} INFO - Setting next_dagrun for tutorial_etl_dag to None
[2022-07-22 21:54:19,893] {processor.py:171} INFO - Processing /home/airflow/.local/lib/python3.7/site-packages/airflow/example_dags/tutorial_etl_dag.py took 1.508 seconds
[2022-07-22 21:54:50,291] {processor.py:163} INFO - Started process (PID=632) to work on /home/airflow/.local/lib/python3.7/site-packages/airflow/example_dags/tutorial_etl_dag.py
[2022-07-22 21:54:50,291] {processor.py:642} INFO - Processing file /home/airflow/.local/lib/python3.7/site-packages/airflow/example_dags/tutorial_etl_dag.py for tasks to queue
[2022-07-22 21:54:50,292] {logging_mixin.py:109} INFO - [2022-07-22 21:54:50,292] {dagbag.py:500} INFO - Filling up the DagBag from /home/airflow/.local/lib/python3.7/site-packages/airflow/example_dags/tutorial_etl_dag.py
[2022-07-22 21:54:50,308] {processor.py:654} INFO - DAG(s) dict_keys(['tutorial_etl_dag']) retrieved from /home/airflow/.local/lib/python3.7/site-packages/airflow/example_dags/tutorial_etl_dag.py
[2022-07-22 21:54:50,314] {logging_mixin.py:109} INFO - [2022-07-22 21:54:50,314] {dag.py:2396} INFO - Sync 1 DAGs
[2022-07-22 21:54:50,325] {logging_mixin.py:109} INFO - [2022-07-22 21:54:50,325] {dag.py:2935} INFO - Setting next_dagrun for tutorial_etl_dag to None
[2022-07-22 21:54:50,330] {processor.py:171} INFO - Processing /home/airflow/.local/lib/python3.7/site-packages/airflow/example_dags/tutorial_etl_dag.py took 0.041 seconds
[2022-07-22 21:55:20,597] {processor.py:163} INFO - Started process (PID=691) to work on /home/airflow/.local/lib/python3.7/site-packages/airflow/example_dags/tutorial_etl_dag.py
[2022-07-22 21:55:20,598] {processor.py:642} INFO - Processing file /home/airflow/.local/lib/python3.7/site-packages/airflow/example_dags/tutorial_etl_dag.py for tasks to queue
[2022-07-22 21:55:20,599] {logging_mixin.py:109} INFO - [2022-07-22 21:55:20,599] {dagbag.py:500} INFO - Filling up the DagBag from /home/airflow/.local/lib/python3.7/site-packages/airflow/example_dags/tutorial_etl_dag.py
[2022-07-22 21:55:20,616] {processor.py:654} INFO - DAG(s) dict_keys(['tutorial_etl_dag']) retrieved from /home/airflow/.local/lib/python3.7/site-packages/airflow/example_dags/tutorial_etl_dag.py
[2022-07-22 21:55:20,623] {logging_mixin.py:109} INFO - [2022-07-22 21:55:20,623] {dag.py:2396} INFO - Sync 1 DAGs
[2022-07-22 21:55:20,633] {logging_mixin.py:109} INFO - [2022-07-22 21:55:20,633] {dag.py:2935} INFO - Setting next_dagrun for tutorial_etl_dag to None
[2022-07-22 21:55:20,639] {processor.py:171} INFO - Processing /home/airflow/.local/lib/python3.7/site-packages/airflow/example_dags/tutorial_etl_dag.py took 0.043 seconds
[2022-07-22 21:56:28,021] {processor.py:163} INFO - Started process (PID=75) to work on /home/airflow/.local/lib/python3.7/site-packages/airflow/example_dags/tutorial_etl_dag.py
[2022-07-22 21:56:28,022] {processor.py:642} INFO - Processing file /home/airflow/.local/lib/python3.7/site-packages/airflow/example_dags/tutorial_etl_dag.py for tasks to queue
[2022-07-22 21:56:28,023] {logging_mixin.py:109} INFO - [2022-07-22 21:56:28,022] {dagbag.py:500} INFO - Filling up the DagBag from /home/airflow/.local/lib/python3.7/site-packages/airflow/example_dags/tutorial_etl_dag.py
[2022-07-22 21:56:28,041] {processor.py:654} INFO - DAG(s) dict_keys(['tutorial_etl_dag']) retrieved from /home/airflow/.local/lib/python3.7/site-packages/airflow/example_dags/tutorial_etl_dag.py
[2022-07-22 21:56:28,047] {logging_mixin.py:109} INFO - [2022-07-22 21:56:28,047] {dag.py:2396} INFO - Sync 1 DAGs
[2022-07-22 21:56:28,058] {logging_mixin.py:109} INFO - [2022-07-22 21:56:28,058] {dag.py:2935} INFO - Setting next_dagrun for tutorial_etl_dag to None
[2022-07-22 21:56:28,064] {processor.py:171} INFO - Processing /home/airflow/.local/lib/python3.7/site-packages/airflow/example_dags/tutorial_etl_dag.py took 0.044 seconds
[2022-07-22 21:56:58,721] {processor.py:163} INFO - Started process (PID=135) to work on /home/airflow/.local/lib/python3.7/site-packages/airflow/example_dags/tutorial_etl_dag.py
[2022-07-22 21:56:58,721] {processor.py:642} INFO - Processing file /home/airflow/.local/lib/python3.7/site-packages/airflow/example_dags/tutorial_etl_dag.py for tasks to queue
[2022-07-22 21:56:58,722] {logging_mixin.py:109} INFO - [2022-07-22 21:56:58,722] {dagbag.py:500} INFO - Filling up the DagBag from /home/airflow/.local/lib/python3.7/site-packages/airflow/example_dags/tutorial_etl_dag.py
[2022-07-22 21:56:58,740] {processor.py:654} INFO - DAG(s) dict_keys(['tutorial_etl_dag']) retrieved from /home/airflow/.local/lib/python3.7/site-packages/airflow/example_dags/tutorial_etl_dag.py
[2022-07-22 21:56:58,747] {logging_mixin.py:109} INFO - [2022-07-22 21:56:58,747] {dag.py:2396} INFO - Sync 1 DAGs
[2022-07-22 21:56:58,759] {logging_mixin.py:109} INFO - [2022-07-22 21:56:58,759] {dag.py:2935} INFO - Setting next_dagrun for tutorial_etl_dag to None
[2022-07-22 21:56:58,764] {processor.py:171} INFO - Processing /home/airflow/.local/lib/python3.7/site-packages/airflow/example_dags/tutorial_etl_dag.py took 0.045 seconds
[2022-07-22 21:57:29,525] {processor.py:163} INFO - Started process (PID=194) to work on /home/airflow/.local/lib/python3.7/site-packages/airflow/example_dags/tutorial_etl_dag.py
[2022-07-22 21:57:29,525] {processor.py:642} INFO - Processing file /home/airflow/.local/lib/python3.7/site-packages/airflow/example_dags/tutorial_etl_dag.py for tasks to queue
[2022-07-22 21:57:29,526] {logging_mixin.py:109} INFO - [2022-07-22 21:57:29,526] {dagbag.py:500} INFO - Filling up the DagBag from /home/airflow/.local/lib/python3.7/site-packages/airflow/example_dags/tutorial_etl_dag.py
[2022-07-22 21:57:29,543] {processor.py:654} INFO - DAG(s) dict_keys(['tutorial_etl_dag']) retrieved from /home/airflow/.local/lib/python3.7/site-packages/airflow/example_dags/tutorial_etl_dag.py
[2022-07-22 21:57:29,549] {logging_mixin.py:109} INFO - [2022-07-22 21:57:29,549] {dag.py:2396} INFO - Sync 1 DAGs
[2022-07-22 21:57:29,560] {logging_mixin.py:109} INFO - [2022-07-22 21:57:29,560] {dag.py:2935} INFO - Setting next_dagrun for tutorial_etl_dag to None
[2022-07-22 21:57:29,566] {processor.py:171} INFO - Processing /home/airflow/.local/lib/python3.7/site-packages/airflow/example_dags/tutorial_etl_dag.py took 0.043 seconds
[2022-07-22 21:58:00,430] {processor.py:163} INFO - Started process (PID=244) to work on /home/airflow/.local/lib/python3.7/site-packages/airflow/example_dags/tutorial_etl_dag.py
[2022-07-22 21:58:00,431] {processor.py:642} INFO - Processing file /home/airflow/.local/lib/python3.7/site-packages/airflow/example_dags/tutorial_etl_dag.py for tasks to queue
[2022-07-22 21:58:00,431] {logging_mixin.py:109} INFO - [2022-07-22 21:58:00,431] {dagbag.py:500} INFO - Filling up the DagBag from /home/airflow/.local/lib/python3.7/site-packages/airflow/example_dags/tutorial_etl_dag.py
[2022-07-22 21:58:00,450] {processor.py:654} INFO - DAG(s) dict_keys(['tutorial_etl_dag']) retrieved from /home/airflow/.local/lib/python3.7/site-packages/airflow/example_dags/tutorial_etl_dag.py
[2022-07-22 21:58:00,456] {logging_mixin.py:109} INFO - [2022-07-22 21:58:00,456] {dag.py:2396} INFO - Sync 1 DAGs
[2022-07-22 21:58:00,467] {logging_mixin.py:109} INFO - [2022-07-22 21:58:00,467] {dag.py:2935} INFO - Setting next_dagrun for tutorial_etl_dag to None
[2022-07-22 21:58:00,472] {processor.py:171} INFO - Processing /home/airflow/.local/lib/python3.7/site-packages/airflow/example_dags/tutorial_etl_dag.py took 0.044 seconds
[2022-07-22 21:58:31,141] {processor.py:163} INFO - Started process (PID=303) to work on /home/airflow/.local/lib/python3.7/site-packages/airflow/example_dags/tutorial_etl_dag.py
[2022-07-22 21:58:31,142] {processor.py:642} INFO - Processing file /home/airflow/.local/lib/python3.7/site-packages/airflow/example_dags/tutorial_etl_dag.py for tasks to queue
[2022-07-22 21:58:31,142] {logging_mixin.py:109} INFO - [2022-07-22 21:58:31,142] {dagbag.py:500} INFO - Filling up the DagBag from /home/airflow/.local/lib/python3.7/site-packages/airflow/example_dags/tutorial_etl_dag.py
[2022-07-22 21:58:31,161] {processor.py:654} INFO - DAG(s) dict_keys(['tutorial_etl_dag']) retrieved from /home/airflow/.local/lib/python3.7/site-packages/airflow/example_dags/tutorial_etl_dag.py
[2022-07-22 21:58:31,169] {logging_mixin.py:109} INFO - [2022-07-22 21:58:31,169] {dag.py:2396} INFO - Sync 1 DAGs
[2022-07-22 21:58:31,181] {logging_mixin.py:109} INFO - [2022-07-22 21:58:31,181] {dag.py:2935} INFO - Setting next_dagrun for tutorial_etl_dag to None
[2022-07-22 21:58:31,188] {processor.py:171} INFO - Processing /home/airflow/.local/lib/python3.7/site-packages/airflow/example_dags/tutorial_etl_dag.py took 0.049 seconds
[2022-07-22 21:59:01,956] {processor.py:163} INFO - Started process (PID=362) to work on /home/airflow/.local/lib/python3.7/site-packages/airflow/example_dags/tutorial_etl_dag.py
[2022-07-22 21:59:01,957] {processor.py:642} INFO - Processing file /home/airflow/.local/lib/python3.7/site-packages/airflow/example_dags/tutorial_etl_dag.py for tasks to queue
[2022-07-22 21:59:01,958] {logging_mixin.py:109} INFO - [2022-07-22 21:59:01,957] {dagbag.py:500} INFO - Filling up the DagBag from /home/airflow/.local/lib/python3.7/site-packages/airflow/example_dags/tutorial_etl_dag.py
[2022-07-22 21:59:01,975] {processor.py:654} INFO - DAG(s) dict_keys(['tutorial_etl_dag']) retrieved from /home/airflow/.local/lib/python3.7/site-packages/airflow/example_dags/tutorial_etl_dag.py
[2022-07-22 21:59:01,981] {logging_mixin.py:109} INFO - [2022-07-22 21:59:01,981] {dag.py:2396} INFO - Sync 1 DAGs
[2022-07-22 21:59:01,992] {logging_mixin.py:109} INFO - [2022-07-22 21:59:01,992] {dag.py:2935} INFO - Setting next_dagrun for tutorial_etl_dag to None
[2022-07-22 21:59:01,998] {processor.py:171} INFO - Processing /home/airflow/.local/lib/python3.7/site-packages/airflow/example_dags/tutorial_etl_dag.py took 0.044 seconds
[2022-07-22 21:59:32,729] {processor.py:163} INFO - Started process (PID=412) to work on /home/airflow/.local/lib/python3.7/site-packages/airflow/example_dags/tutorial_etl_dag.py
[2022-07-22 21:59:32,730] {processor.py:642} INFO - Processing file /home/airflow/.local/lib/python3.7/site-packages/airflow/example_dags/tutorial_etl_dag.py for tasks to queue
[2022-07-22 21:59:32,731] {logging_mixin.py:109} INFO - [2022-07-22 21:59:32,731] {dagbag.py:500} INFO - Filling up the DagBag from /home/airflow/.local/lib/python3.7/site-packages/airflow/example_dags/tutorial_etl_dag.py
[2022-07-22 21:59:32,749] {processor.py:654} INFO - DAG(s) dict_keys(['tutorial_etl_dag']) retrieved from /home/airflow/.local/lib/python3.7/site-packages/airflow/example_dags/tutorial_etl_dag.py
[2022-07-22 21:59:32,756] {logging_mixin.py:109} INFO - [2022-07-22 21:59:32,756] {dag.py:2396} INFO - Sync 1 DAGs
[2022-07-22 21:59:32,767] {logging_mixin.py:109} INFO - [2022-07-22 21:59:32,767] {dag.py:2935} INFO - Setting next_dagrun for tutorial_etl_dag to None
[2022-07-22 21:59:32,773] {processor.py:171} INFO - Processing /home/airflow/.local/lib/python3.7/site-packages/airflow/example_dags/tutorial_etl_dag.py took 0.045 seconds
[2022-07-22 22:00:03,411] {processor.py:163} INFO - Started process (PID=471) to work on /home/airflow/.local/lib/python3.7/site-packages/airflow/example_dags/tutorial_etl_dag.py
[2022-07-22 22:00:03,412] {processor.py:642} INFO - Processing file /home/airflow/.local/lib/python3.7/site-packages/airflow/example_dags/tutorial_etl_dag.py for tasks to queue
[2022-07-22 22:00:03,413] {logging_mixin.py:109} INFO - [2022-07-22 22:00:03,412] {dagbag.py:500} INFO - Filling up the DagBag from /home/airflow/.local/lib/python3.7/site-packages/airflow/example_dags/tutorial_etl_dag.py
[2022-07-22 22:00:03,431] {processor.py:654} INFO - DAG(s) dict_keys(['tutorial_etl_dag']) retrieved from /home/airflow/.local/lib/python3.7/site-packages/airflow/example_dags/tutorial_etl_dag.py
[2022-07-22 22:00:03,437] {logging_mixin.py:109} INFO - [2022-07-22 22:00:03,437] {dag.py:2396} INFO - Sync 1 DAGs
[2022-07-22 22:00:03,448] {logging_mixin.py:109} INFO - [2022-07-22 22:00:03,448] {dag.py:2935} INFO - Setting next_dagrun for tutorial_etl_dag to None
[2022-07-22 22:00:03,454] {processor.py:171} INFO - Processing /home/airflow/.local/lib/python3.7/site-packages/airflow/example_dags/tutorial_etl_dag.py took 0.044 seconds
[2022-07-22 22:00:34,086] {processor.py:163} INFO - Started process (PID=521) to work on /home/airflow/.local/lib/python3.7/site-packages/airflow/example_dags/tutorial_etl_dag.py
[2022-07-22 22:00:34,087] {processor.py:642} INFO - Processing file /home/airflow/.local/lib/python3.7/site-packages/airflow/example_dags/tutorial_etl_dag.py for tasks to queue
[2022-07-22 22:00:34,087] {logging_mixin.py:109} INFO - [2022-07-22 22:00:34,087] {dagbag.py:500} INFO - Filling up the DagBag from /home/airflow/.local/lib/python3.7/site-packages/airflow/example_dags/tutorial_etl_dag.py
[2022-07-22 22:00:34,104] {processor.py:654} INFO - DAG(s) dict_keys(['tutorial_etl_dag']) retrieved from /home/airflow/.local/lib/python3.7/site-packages/airflow/example_dags/tutorial_etl_dag.py
[2022-07-22 22:00:34,111] {logging_mixin.py:109} INFO - [2022-07-22 22:00:34,111] {dag.py:2396} INFO - Sync 1 DAGs
[2022-07-22 22:00:34,121] {logging_mixin.py:109} INFO - [2022-07-22 22:00:34,121] {dag.py:2935} INFO - Setting next_dagrun for tutorial_etl_dag to None
[2022-07-22 22:00:34,127] {processor.py:171} INFO - Processing /home/airflow/.local/lib/python3.7/site-packages/airflow/example_dags/tutorial_etl_dag.py took 0.043 seconds
[2022-07-22 22:01:04,666] {processor.py:163} INFO - Started process (PID=580) to work on /home/airflow/.local/lib/python3.7/site-packages/airflow/example_dags/tutorial_etl_dag.py
[2022-07-22 22:01:04,667] {processor.py:642} INFO - Processing file /home/airflow/.local/lib/python3.7/site-packages/airflow/example_dags/tutorial_etl_dag.py for tasks to queue
[2022-07-22 22:01:04,667] {logging_mixin.py:109} INFO - [2022-07-22 22:01:04,667] {dagbag.py:500} INFO - Filling up the DagBag from /home/airflow/.local/lib/python3.7/site-packages/airflow/example_dags/tutorial_etl_dag.py
[2022-07-22 22:01:04,684] {processor.py:654} INFO - DAG(s) dict_keys(['tutorial_etl_dag']) retrieved from /home/airflow/.local/lib/python3.7/site-packages/airflow/example_dags/tutorial_etl_dag.py
[2022-07-22 22:01:04,691] {logging_mixin.py:109} INFO - [2022-07-22 22:01:04,691] {dag.py:2396} INFO - Sync 1 DAGs
[2022-07-22 22:01:04,701] {logging_mixin.py:109} INFO - [2022-07-22 22:01:04,701] {dag.py:2935} INFO - Setting next_dagrun for tutorial_etl_dag to None
[2022-07-22 22:01:04,707] {processor.py:171} INFO - Processing /home/airflow/.local/lib/python3.7/site-packages/airflow/example_dags/tutorial_etl_dag.py took 0.043 seconds
[2022-07-22 22:01:35,262] {processor.py:163} INFO - Started process (PID=638) to work on /home/airflow/.local/lib/python3.7/site-packages/airflow/example_dags/tutorial_etl_dag.py
[2022-07-22 22:01:35,263] {processor.py:642} INFO - Processing file /home/airflow/.local/lib/python3.7/site-packages/airflow/example_dags/tutorial_etl_dag.py for tasks to queue
[2022-07-22 22:01:35,263] {logging_mixin.py:109} INFO - [2022-07-22 22:01:35,263] {dagbag.py:500} INFO - Filling up the DagBag from /home/airflow/.local/lib/python3.7/site-packages/airflow/example_dags/tutorial_etl_dag.py
[2022-07-22 22:01:35,281] {processor.py:654} INFO - DAG(s) dict_keys(['tutorial_etl_dag']) retrieved from /home/airflow/.local/lib/python3.7/site-packages/airflow/example_dags/tutorial_etl_dag.py
[2022-07-22 22:01:35,288] {logging_mixin.py:109} INFO - [2022-07-22 22:01:35,288] {dag.py:2396} INFO - Sync 1 DAGs
[2022-07-22 22:01:35,299] {logging_mixin.py:109} INFO - [2022-07-22 22:01:35,299] {dag.py:2935} INFO - Setting next_dagrun for tutorial_etl_dag to None
[2022-07-22 22:01:35,306] {processor.py:171} INFO - Processing /home/airflow/.local/lib/python3.7/site-packages/airflow/example_dags/tutorial_etl_dag.py took 0.046 seconds
[2022-07-22 22:02:05,902] {processor.py:163} INFO - Started process (PID=688) to work on /home/airflow/.local/lib/python3.7/site-packages/airflow/example_dags/tutorial_etl_dag.py
[2022-07-22 22:02:05,902] {processor.py:642} INFO - Processing file /home/airflow/.local/lib/python3.7/site-packages/airflow/example_dags/tutorial_etl_dag.py for tasks to queue
[2022-07-22 22:02:05,903] {logging_mixin.py:109} INFO - [2022-07-22 22:02:05,903] {dagbag.py:500} INFO - Filling up the DagBag from /home/airflow/.local/lib/python3.7/site-packages/airflow/example_dags/tutorial_etl_dag.py
[2022-07-22 22:02:05,919] {processor.py:654} INFO - DAG(s) dict_keys(['tutorial_etl_dag']) retrieved from /home/airflow/.local/lib/python3.7/site-packages/airflow/example_dags/tutorial_etl_dag.py
[2022-07-22 22:02:05,926] {logging_mixin.py:109} INFO - [2022-07-22 22:02:05,925] {dag.py:2396} INFO - Sync 1 DAGs
[2022-07-22 22:02:05,936] {logging_mixin.py:109} INFO - [2022-07-22 22:02:05,936] {dag.py:2935} INFO - Setting next_dagrun for tutorial_etl_dag to None
[2022-07-22 22:02:05,941] {processor.py:171} INFO - Processing /home/airflow/.local/lib/python3.7/site-packages/airflow/example_dags/tutorial_etl_dag.py took 0.041 seconds
[2022-07-22 22:02:36,659] {processor.py:163} INFO - Started process (PID=748) to work on /home/airflow/.local/lib/python3.7/site-packages/airflow/example_dags/tutorial_etl_dag.py
[2022-07-22 22:02:36,660] {processor.py:642} INFO - Processing file /home/airflow/.local/lib/python3.7/site-packages/airflow/example_dags/tutorial_etl_dag.py for tasks to queue
[2022-07-22 22:02:36,660] {logging_mixin.py:109} INFO - [2022-07-22 22:02:36,660] {dagbag.py:500} INFO - Filling up the DagBag from /home/airflow/.local/lib/python3.7/site-packages/airflow/example_dags/tutorial_etl_dag.py
[2022-07-22 22:02:36,678] {processor.py:654} INFO - DAG(s) dict_keys(['tutorial_etl_dag']) retrieved from /home/airflow/.local/lib/python3.7/site-packages/airflow/example_dags/tutorial_etl_dag.py
[2022-07-22 22:02:36,684] {logging_mixin.py:109} INFO - [2022-07-22 22:02:36,684] {dag.py:2396} INFO - Sync 1 DAGs
[2022-07-22 22:02:36,697] {logging_mixin.py:109} INFO - [2022-07-22 22:02:36,697] {dag.py:2935} INFO - Setting next_dagrun for tutorial_etl_dag to None
[2022-07-22 22:02:36,703] {processor.py:171} INFO - Processing /home/airflow/.local/lib/python3.7/site-packages/airflow/example_dags/tutorial_etl_dag.py took 0.046 seconds
[2022-07-22 22:03:07,231] {processor.py:163} INFO - Started process (PID=798) to work on /home/airflow/.local/lib/python3.7/site-packages/airflow/example_dags/tutorial_etl_dag.py
[2022-07-22 22:03:07,232] {processor.py:642} INFO - Processing file /home/airflow/.local/lib/python3.7/site-packages/airflow/example_dags/tutorial_etl_dag.py for tasks to queue
[2022-07-22 22:03:07,232] {logging_mixin.py:109} INFO - [2022-07-22 22:03:07,232] {dagbag.py:500} INFO - Filling up the DagBag from /home/airflow/.local/lib/python3.7/site-packages/airflow/example_dags/tutorial_etl_dag.py
[2022-07-22 22:03:07,249] {processor.py:654} INFO - DAG(s) dict_keys(['tutorial_etl_dag']) retrieved from /home/airflow/.local/lib/python3.7/site-packages/airflow/example_dags/tutorial_etl_dag.py
[2022-07-22 22:03:07,255] {logging_mixin.py:109} INFO - [2022-07-22 22:03:07,255] {dag.py:2396} INFO - Sync 1 DAGs
[2022-07-22 22:03:07,265] {logging_mixin.py:109} INFO - [2022-07-22 22:03:07,265] {dag.py:2935} INFO - Setting next_dagrun for tutorial_etl_dag to None
[2022-07-22 22:03:07,271] {processor.py:171} INFO - Processing /home/airflow/.local/lib/python3.7/site-packages/airflow/example_dags/tutorial_etl_dag.py took 0.042 seconds
[2022-07-22 22:03:37,882] {processor.py:163} INFO - Started process (PID=857) to work on /home/airflow/.local/lib/python3.7/site-packages/airflow/example_dags/tutorial_etl_dag.py
[2022-07-22 22:03:37,882] {processor.py:642} INFO - Processing file /home/airflow/.local/lib/python3.7/site-packages/airflow/example_dags/tutorial_etl_dag.py for tasks to queue
[2022-07-22 22:03:37,883] {logging_mixin.py:109} INFO - [2022-07-22 22:03:37,883] {dagbag.py:500} INFO - Filling up the DagBag from /home/airflow/.local/lib/python3.7/site-packages/airflow/example_dags/tutorial_etl_dag.py
[2022-07-22 22:03:37,900] {processor.py:654} INFO - DAG(s) dict_keys(['tutorial_etl_dag']) retrieved from /home/airflow/.local/lib/python3.7/site-packages/airflow/example_dags/tutorial_etl_dag.py
[2022-07-22 22:03:37,908] {logging_mixin.py:109} INFO - [2022-07-22 22:03:37,907] {dag.py:2396} INFO - Sync 1 DAGs
[2022-07-22 22:03:37,922] {logging_mixin.py:109} INFO - [2022-07-22 22:03:37,921] {dag.py:2935} INFO - Setting next_dagrun for tutorial_etl_dag to None
[2022-07-22 22:03:37,928] {processor.py:171} INFO - Processing /home/airflow/.local/lib/python3.7/site-packages/airflow/example_dags/tutorial_etl_dag.py took 0.049 seconds
[2022-07-22 22:04:08,680] {processor.py:163} INFO - Started process (PID=916) to work on /home/airflow/.local/lib/python3.7/site-packages/airflow/example_dags/tutorial_etl_dag.py
[2022-07-22 22:04:08,681] {processor.py:642} INFO - Processing file /home/airflow/.local/lib/python3.7/site-packages/airflow/example_dags/tutorial_etl_dag.py for tasks to queue
[2022-07-22 22:04:08,681] {logging_mixin.py:109} INFO - [2022-07-22 22:04:08,681] {dagbag.py:500} INFO - Filling up the DagBag from /home/airflow/.local/lib/python3.7/site-packages/airflow/example_dags/tutorial_etl_dag.py
[2022-07-22 22:04:08,699] {processor.py:654} INFO - DAG(s) dict_keys(['tutorial_etl_dag']) retrieved from /home/airflow/.local/lib/python3.7/site-packages/airflow/example_dags/tutorial_etl_dag.py
[2022-07-22 22:04:08,705] {logging_mixin.py:109} INFO - [2022-07-22 22:04:08,705] {dag.py:2396} INFO - Sync 1 DAGs
[2022-07-22 22:04:08,716] {logging_mixin.py:109} INFO - [2022-07-22 22:04:08,716] {dag.py:2935} INFO - Setting next_dagrun for tutorial_etl_dag to None
[2022-07-22 22:04:08,722] {processor.py:171} INFO - Processing /home/airflow/.local/lib/python3.7/site-packages/airflow/example_dags/tutorial_etl_dag.py took 0.044 seconds
[2022-07-22 22:04:39,339] {processor.py:163} INFO - Started process (PID=966) to work on /home/airflow/.local/lib/python3.7/site-packages/airflow/example_dags/tutorial_etl_dag.py
[2022-07-22 22:04:39,340] {processor.py:642} INFO - Processing file /home/airflow/.local/lib/python3.7/site-packages/airflow/example_dags/tutorial_etl_dag.py for tasks to queue
[2022-07-22 22:04:39,340] {logging_mixin.py:109} INFO - [2022-07-22 22:04:39,340] {dagbag.py:500} INFO - Filling up the DagBag from /home/airflow/.local/lib/python3.7/site-packages/airflow/example_dags/tutorial_etl_dag.py
[2022-07-22 22:04:39,358] {processor.py:654} INFO - DAG(s) dict_keys(['tutorial_etl_dag']) retrieved from /home/airflow/.local/lib/python3.7/site-packages/airflow/example_dags/tutorial_etl_dag.py
[2022-07-22 22:04:39,364] {logging_mixin.py:109} INFO - [2022-07-22 22:04:39,364] {dag.py:2396} INFO - Sync 1 DAGs
[2022-07-22 22:04:39,375] {logging_mixin.py:109} INFO - [2022-07-22 22:04:39,375] {dag.py:2935} INFO - Setting next_dagrun for tutorial_etl_dag to None
[2022-07-22 22:04:39,381] {processor.py:171} INFO - Processing /home/airflow/.local/lib/python3.7/site-packages/airflow/example_dags/tutorial_etl_dag.py took 0.044 seconds
[2022-07-22 22:05:09,869] {processor.py:163} INFO - Started process (PID=1025) to work on /home/airflow/.local/lib/python3.7/site-packages/airflow/example_dags/tutorial_etl_dag.py
[2022-07-22 22:05:09,870] {processor.py:642} INFO - Processing file /home/airflow/.local/lib/python3.7/site-packages/airflow/example_dags/tutorial_etl_dag.py for tasks to queue
[2022-07-22 22:05:09,870] {logging_mixin.py:109} INFO - [2022-07-22 22:05:09,870] {dagbag.py:500} INFO - Filling up the DagBag from /home/airflow/.local/lib/python3.7/site-packages/airflow/example_dags/tutorial_etl_dag.py
[2022-07-22 22:05:09,887] {processor.py:654} INFO - DAG(s) dict_keys(['tutorial_etl_dag']) retrieved from /home/airflow/.local/lib/python3.7/site-packages/airflow/example_dags/tutorial_etl_dag.py
[2022-07-22 22:05:09,893] {logging_mixin.py:109} INFO - [2022-07-22 22:05:09,893] {dag.py:2396} INFO - Sync 1 DAGs
[2022-07-22 22:05:09,904] {logging_mixin.py:109} INFO - [2022-07-22 22:05:09,904] {dag.py:2935} INFO - Setting next_dagrun for tutorial_etl_dag to None
[2022-07-22 22:05:09,909] {processor.py:171} INFO - Processing /home/airflow/.local/lib/python3.7/site-packages/airflow/example_dags/tutorial_etl_dag.py took 0.042 seconds
[2022-07-22 22:05:40,521] {processor.py:163} INFO - Started process (PID=1075) to work on /home/airflow/.local/lib/python3.7/site-packages/airflow/example_dags/tutorial_etl_dag.py
[2022-07-22 22:05:40,522] {processor.py:642} INFO - Processing file /home/airflow/.local/lib/python3.7/site-packages/airflow/example_dags/tutorial_etl_dag.py for tasks to queue
[2022-07-22 22:05:40,522] {logging_mixin.py:109} INFO - [2022-07-22 22:05:40,522] {dagbag.py:500} INFO - Filling up the DagBag from /home/airflow/.local/lib/python3.7/site-packages/airflow/example_dags/tutorial_etl_dag.py
[2022-07-22 22:05:40,539] {processor.py:654} INFO - DAG(s) dict_keys(['tutorial_etl_dag']) retrieved from /home/airflow/.local/lib/python3.7/site-packages/airflow/example_dags/tutorial_etl_dag.py
[2022-07-22 22:05:40,545] {logging_mixin.py:109} INFO - [2022-07-22 22:05:40,545] {dag.py:2396} INFO - Sync 1 DAGs
[2022-07-22 22:05:40,556] {logging_mixin.py:109} INFO - [2022-07-22 22:05:40,556] {dag.py:2935} INFO - Setting next_dagrun for tutorial_etl_dag to None
[2022-07-22 22:05:40,562] {processor.py:171} INFO - Processing /home/airflow/.local/lib/python3.7/site-packages/airflow/example_dags/tutorial_etl_dag.py took 0.043 seconds
[2022-07-22 22:06:11,146] {processor.py:163} INFO - Started process (PID=1134) to work on /home/airflow/.local/lib/python3.7/site-packages/airflow/example_dags/tutorial_etl_dag.py
[2022-07-22 22:06:11,147] {processor.py:642} INFO - Processing file /home/airflow/.local/lib/python3.7/site-packages/airflow/example_dags/tutorial_etl_dag.py for tasks to queue
[2022-07-22 22:06:11,147] {logging_mixin.py:109} INFO - [2022-07-22 22:06:11,147] {dagbag.py:500} INFO - Filling up the DagBag from /home/airflow/.local/lib/python3.7/site-packages/airflow/example_dags/tutorial_etl_dag.py
[2022-07-22 22:06:11,165] {processor.py:654} INFO - DAG(s) dict_keys(['tutorial_etl_dag']) retrieved from /home/airflow/.local/lib/python3.7/site-packages/airflow/example_dags/tutorial_etl_dag.py
[2022-07-22 22:06:11,171] {logging_mixin.py:109} INFO - [2022-07-22 22:06:11,171] {dag.py:2396} INFO - Sync 1 DAGs
[2022-07-22 22:06:11,182] {logging_mixin.py:109} INFO - [2022-07-22 22:06:11,182] {dag.py:2935} INFO - Setting next_dagrun for tutorial_etl_dag to None
[2022-07-22 22:06:11,187] {processor.py:171} INFO - Processing /home/airflow/.local/lib/python3.7/site-packages/airflow/example_dags/tutorial_etl_dag.py took 0.043 seconds
[2022-07-22 22:06:41,717] {processor.py:163} INFO - Started process (PID=1193) to work on /home/airflow/.local/lib/python3.7/site-packages/airflow/example_dags/tutorial_etl_dag.py
[2022-07-22 22:06:41,718] {processor.py:642} INFO - Processing file /home/airflow/.local/lib/python3.7/site-packages/airflow/example_dags/tutorial_etl_dag.py for tasks to queue
[2022-07-22 22:06:41,718] {logging_mixin.py:109} INFO - [2022-07-22 22:06:41,718] {dagbag.py:500} INFO - Filling up the DagBag from /home/airflow/.local/lib/python3.7/site-packages/airflow/example_dags/tutorial_etl_dag.py
[2022-07-22 22:06:41,739] {processor.py:654} INFO - DAG(s) dict_keys(['tutorial_etl_dag']) retrieved from /home/airflow/.local/lib/python3.7/site-packages/airflow/example_dags/tutorial_etl_dag.py
[2022-07-22 22:06:41,747] {logging_mixin.py:109} INFO - [2022-07-22 22:06:41,747] {dag.py:2396} INFO - Sync 1 DAGs
[2022-07-22 22:06:41,759] {logging_mixin.py:109} INFO - [2022-07-22 22:06:41,758] {dag.py:2935} INFO - Setting next_dagrun for tutorial_etl_dag to None
[2022-07-22 22:06:41,765] {processor.py:171} INFO - Processing /home/airflow/.local/lib/python3.7/site-packages/airflow/example_dags/tutorial_etl_dag.py took 0.050 seconds
[2022-07-22 22:07:12,254] {processor.py:163} INFO - Started process (PID=1242) to work on /home/airflow/.local/lib/python3.7/site-packages/airflow/example_dags/tutorial_etl_dag.py
[2022-07-22 22:07:12,255] {processor.py:642} INFO - Processing file /home/airflow/.local/lib/python3.7/site-packages/airflow/example_dags/tutorial_etl_dag.py for tasks to queue
[2022-07-22 22:07:12,255] {logging_mixin.py:109} INFO - [2022-07-22 22:07:12,255] {dagbag.py:500} INFO - Filling up the DagBag from /home/airflow/.local/lib/python3.7/site-packages/airflow/example_dags/tutorial_etl_dag.py
[2022-07-22 22:07:12,272] {processor.py:654} INFO - DAG(s) dict_keys(['tutorial_etl_dag']) retrieved from /home/airflow/.local/lib/python3.7/site-packages/airflow/example_dags/tutorial_etl_dag.py
[2022-07-22 22:07:12,278] {logging_mixin.py:109} INFO - [2022-07-22 22:07:12,278] {dag.py:2396} INFO - Sync 1 DAGs
[2022-07-22 22:07:12,288] {logging_mixin.py:109} INFO - [2022-07-22 22:07:12,288] {dag.py:2935} INFO - Setting next_dagrun for tutorial_etl_dag to None
[2022-07-22 22:07:12,293] {processor.py:171} INFO - Processing /home/airflow/.local/lib/python3.7/site-packages/airflow/example_dags/tutorial_etl_dag.py took 0.041 seconds
[2022-07-22 22:07:42,994] {processor.py:163} INFO - Started process (PID=1302) to work on /home/airflow/.local/lib/python3.7/site-packages/airflow/example_dags/tutorial_etl_dag.py
[2022-07-22 22:07:42,995] {processor.py:642} INFO - Processing file /home/airflow/.local/lib/python3.7/site-packages/airflow/example_dags/tutorial_etl_dag.py for tasks to queue
[2022-07-22 22:07:42,995] {logging_mixin.py:109} INFO - [2022-07-22 22:07:42,995] {dagbag.py:500} INFO - Filling up the DagBag from /home/airflow/.local/lib/python3.7/site-packages/airflow/example_dags/tutorial_etl_dag.py
[2022-07-22 22:07:43,012] {processor.py:654} INFO - DAG(s) dict_keys(['tutorial_etl_dag']) retrieved from /home/airflow/.local/lib/python3.7/site-packages/airflow/example_dags/tutorial_etl_dag.py
[2022-07-22 22:07:43,019] {logging_mixin.py:109} INFO - [2022-07-22 22:07:43,019] {dag.py:2396} INFO - Sync 1 DAGs
[2022-07-22 22:07:43,030] {logging_mixin.py:109} INFO - [2022-07-22 22:07:43,030] {dag.py:2935} INFO - Setting next_dagrun for tutorial_etl_dag to None
[2022-07-22 22:07:43,037] {processor.py:171} INFO - Processing /home/airflow/.local/lib/python3.7/site-packages/airflow/example_dags/tutorial_etl_dag.py took 0.045 seconds
[2022-07-22 22:08:13,833] {processor.py:163} INFO - Started process (PID=1352) to work on /home/airflow/.local/lib/python3.7/site-packages/airflow/example_dags/tutorial_etl_dag.py
[2022-07-22 22:08:13,833] {processor.py:642} INFO - Processing file /home/airflow/.local/lib/python3.7/site-packages/airflow/example_dags/tutorial_etl_dag.py for tasks to queue
[2022-07-22 22:08:13,834] {logging_mixin.py:109} INFO - [2022-07-22 22:08:13,834] {dagbag.py:500} INFO - Filling up the DagBag from /home/airflow/.local/lib/python3.7/site-packages/airflow/example_dags/tutorial_etl_dag.py
[2022-07-22 22:08:13,853] {processor.py:654} INFO - DAG(s) dict_keys(['tutorial_etl_dag']) retrieved from /home/airflow/.local/lib/python3.7/site-packages/airflow/example_dags/tutorial_etl_dag.py
[2022-07-22 22:08:13,859] {logging_mixin.py:109} INFO - [2022-07-22 22:08:13,859] {dag.py:2396} INFO - Sync 1 DAGs
[2022-07-22 22:08:13,870] {logging_mixin.py:109} INFO - [2022-07-22 22:08:13,870] {dag.py:2935} INFO - Setting next_dagrun for tutorial_etl_dag to None
[2022-07-22 22:08:13,875] {processor.py:171} INFO - Processing /home/airflow/.local/lib/python3.7/site-packages/airflow/example_dags/tutorial_etl_dag.py took 0.045 seconds
[2022-07-22 22:08:45,438] {processor.py:163} INFO - Started process (PID=1411) to work on /home/airflow/.local/lib/python3.7/site-packages/airflow/example_dags/tutorial_etl_dag.py
[2022-07-22 22:08:45,440] {processor.py:642} INFO - Processing file /home/airflow/.local/lib/python3.7/site-packages/airflow/example_dags/tutorial_etl_dag.py for tasks to queue
[2022-07-22 22:08:45,441] {logging_mixin.py:109} INFO - [2022-07-22 22:08:45,441] {dagbag.py:500} INFO - Filling up the DagBag from /home/airflow/.local/lib/python3.7/site-packages/airflow/example_dags/tutorial_etl_dag.py
[2022-07-22 22:08:45,473] {processor.py:654} INFO - DAG(s) dict_keys(['tutorial_etl_dag']) retrieved from /home/airflow/.local/lib/python3.7/site-packages/airflow/example_dags/tutorial_etl_dag.py
[2022-07-22 22:08:45,485] {logging_mixin.py:109} INFO - [2022-07-22 22:08:45,485] {dag.py:2396} INFO - Sync 1 DAGs
[2022-07-22 22:08:45,504] {logging_mixin.py:109} INFO - [2022-07-22 22:08:45,504] {dag.py:2935} INFO - Setting next_dagrun for tutorial_etl_dag to None
[2022-07-22 22:08:45,515] {processor.py:171} INFO - Processing /home/airflow/.local/lib/python3.7/site-packages/airflow/example_dags/tutorial_etl_dag.py took 0.079 seconds
[2022-07-22 22:09:15,828] {processor.py:163} INFO - Started process (PID=1461) to work on /home/airflow/.local/lib/python3.7/site-packages/airflow/example_dags/tutorial_etl_dag.py
[2022-07-22 22:09:15,829] {processor.py:642} INFO - Processing file /home/airflow/.local/lib/python3.7/site-packages/airflow/example_dags/tutorial_etl_dag.py for tasks to queue
[2022-07-22 22:09:15,829] {logging_mixin.py:109} INFO - [2022-07-22 22:09:15,829] {dagbag.py:500} INFO - Filling up the DagBag from /home/airflow/.local/lib/python3.7/site-packages/airflow/example_dags/tutorial_etl_dag.py
[2022-07-22 22:09:15,848] {processor.py:654} INFO - DAG(s) dict_keys(['tutorial_etl_dag']) retrieved from /home/airflow/.local/lib/python3.7/site-packages/airflow/example_dags/tutorial_etl_dag.py
[2022-07-22 22:09:15,855] {logging_mixin.py:109} INFO - [2022-07-22 22:09:15,855] {dag.py:2396} INFO - Sync 1 DAGs
[2022-07-22 22:09:15,869] {logging_mixin.py:109} INFO - [2022-07-22 22:09:15,868] {dag.py:2935} INFO - Setting next_dagrun for tutorial_etl_dag to None
[2022-07-22 22:09:15,875] {processor.py:171} INFO - Processing /home/airflow/.local/lib/python3.7/site-packages/airflow/example_dags/tutorial_etl_dag.py took 0.049 seconds
[2022-07-22 22:09:46,869] {processor.py:163} INFO - Started process (PID=1520) to work on /home/airflow/.local/lib/python3.7/site-packages/airflow/example_dags/tutorial_etl_dag.py
[2022-07-22 22:09:46,870] {processor.py:642} INFO - Processing file /home/airflow/.local/lib/python3.7/site-packages/airflow/example_dags/tutorial_etl_dag.py for tasks to queue
[2022-07-22 22:09:46,870] {logging_mixin.py:109} INFO - [2022-07-22 22:09:46,870] {dagbag.py:500} INFO - Filling up the DagBag from /home/airflow/.local/lib/python3.7/site-packages/airflow/example_dags/tutorial_etl_dag.py
[2022-07-22 22:09:46,894] {processor.py:654} INFO - DAG(s) dict_keys(['tutorial_etl_dag']) retrieved from /home/airflow/.local/lib/python3.7/site-packages/airflow/example_dags/tutorial_etl_dag.py
[2022-07-22 22:09:46,904] {logging_mixin.py:109} INFO - [2022-07-22 22:09:46,904] {dag.py:2396} INFO - Sync 1 DAGs
[2022-07-22 22:09:46,922] {logging_mixin.py:109} INFO - [2022-07-22 22:09:46,921] {dag.py:2935} INFO - Setting next_dagrun for tutorial_etl_dag to None
[2022-07-22 22:09:46,929] {processor.py:171} INFO - Processing /home/airflow/.local/lib/python3.7/site-packages/airflow/example_dags/tutorial_etl_dag.py took 0.062 seconds
[2022-07-22 22:10:17,614] {processor.py:163} INFO - Started process (PID=1570) to work on /home/airflow/.local/lib/python3.7/site-packages/airflow/example_dags/tutorial_etl_dag.py
[2022-07-22 22:10:17,615] {processor.py:642} INFO - Processing file /home/airflow/.local/lib/python3.7/site-packages/airflow/example_dags/tutorial_etl_dag.py for tasks to queue
[2022-07-22 22:10:17,615] {logging_mixin.py:109} INFO - [2022-07-22 22:10:17,615] {dagbag.py:500} INFO - Filling up the DagBag from /home/airflow/.local/lib/python3.7/site-packages/airflow/example_dags/tutorial_etl_dag.py
[2022-07-22 22:10:17,633] {processor.py:654} INFO - DAG(s) dict_keys(['tutorial_etl_dag']) retrieved from /home/airflow/.local/lib/python3.7/site-packages/airflow/example_dags/tutorial_etl_dag.py
[2022-07-22 22:10:17,640] {logging_mixin.py:109} INFO - [2022-07-22 22:10:17,640] {dag.py:2396} INFO - Sync 1 DAGs
[2022-07-22 22:10:17,650] {logging_mixin.py:109} INFO - [2022-07-22 22:10:17,650] {dag.py:2935} INFO - Setting next_dagrun for tutorial_etl_dag to None
[2022-07-22 22:10:17,656] {processor.py:171} INFO - Processing /home/airflow/.local/lib/python3.7/site-packages/airflow/example_dags/tutorial_etl_dag.py took 0.044 seconds
[2022-07-22 22:10:48,555] {processor.py:163} INFO - Started process (PID=1629) to work on /home/airflow/.local/lib/python3.7/site-packages/airflow/example_dags/tutorial_etl_dag.py
[2022-07-22 22:10:48,556] {processor.py:642} INFO - Processing file /home/airflow/.local/lib/python3.7/site-packages/airflow/example_dags/tutorial_etl_dag.py for tasks to queue
[2022-07-22 22:10:48,556] {logging_mixin.py:109} INFO - [2022-07-22 22:10:48,556] {dagbag.py:500} INFO - Filling up the DagBag from /home/airflow/.local/lib/python3.7/site-packages/airflow/example_dags/tutorial_etl_dag.py
[2022-07-22 22:10:48,575] {processor.py:654} INFO - DAG(s) dict_keys(['tutorial_etl_dag']) retrieved from /home/airflow/.local/lib/python3.7/site-packages/airflow/example_dags/tutorial_etl_dag.py
[2022-07-22 22:10:48,582] {logging_mixin.py:109} INFO - [2022-07-22 22:10:48,582] {dag.py:2396} INFO - Sync 1 DAGs
[2022-07-22 22:10:48,595] {logging_mixin.py:109} INFO - [2022-07-22 22:10:48,595] {dag.py:2935} INFO - Setting next_dagrun for tutorial_etl_dag to None
[2022-07-22 22:10:48,602] {processor.py:171} INFO - Processing /home/airflow/.local/lib/python3.7/site-packages/airflow/example_dags/tutorial_etl_dag.py took 0.049 seconds
[2022-07-22 22:11:19,278] {processor.py:163} INFO - Started process (PID=1688) to work on /home/airflow/.local/lib/python3.7/site-packages/airflow/example_dags/tutorial_etl_dag.py
[2022-07-22 22:11:19,279] {processor.py:642} INFO - Processing file /home/airflow/.local/lib/python3.7/site-packages/airflow/example_dags/tutorial_etl_dag.py for tasks to queue
[2022-07-22 22:11:19,279] {logging_mixin.py:109} INFO - [2022-07-22 22:11:19,279] {dagbag.py:500} INFO - Filling up the DagBag from /home/airflow/.local/lib/python3.7/site-packages/airflow/example_dags/tutorial_etl_dag.py
[2022-07-22 22:11:19,297] {processor.py:654} INFO - DAG(s) dict_keys(['tutorial_etl_dag']) retrieved from /home/airflow/.local/lib/python3.7/site-packages/airflow/example_dags/tutorial_etl_dag.py
[2022-07-22 22:11:19,304] {logging_mixin.py:109} INFO - [2022-07-22 22:11:19,304] {dag.py:2396} INFO - Sync 1 DAGs
[2022-07-22 22:11:19,315] {logging_mixin.py:109} INFO - [2022-07-22 22:11:19,314] {dag.py:2935} INFO - Setting next_dagrun for tutorial_etl_dag to None
[2022-07-22 22:11:19,320] {processor.py:171} INFO - Processing /home/airflow/.local/lib/python3.7/site-packages/airflow/example_dags/tutorial_etl_dag.py took 0.044 seconds
[2022-07-22 22:11:50,121] {processor.py:163} INFO - Started process (PID=1738) to work on /home/airflow/.local/lib/python3.7/site-packages/airflow/example_dags/tutorial_etl_dag.py
[2022-07-22 22:11:50,122] {processor.py:642} INFO - Processing file /home/airflow/.local/lib/python3.7/site-packages/airflow/example_dags/tutorial_etl_dag.py for tasks to queue
[2022-07-22 22:11:50,122] {logging_mixin.py:109} INFO - [2022-07-22 22:11:50,122] {dagbag.py:500} INFO - Filling up the DagBag from /home/airflow/.local/lib/python3.7/site-packages/airflow/example_dags/tutorial_etl_dag.py
[2022-07-22 22:11:50,156] {processor.py:654} INFO - DAG(s) dict_keys(['tutorial_etl_dag']) retrieved from /home/airflow/.local/lib/python3.7/site-packages/airflow/example_dags/tutorial_etl_dag.py
[2022-07-22 22:11:50,165] {logging_mixin.py:109} INFO - [2022-07-22 22:11:50,165] {dag.py:2396} INFO - Sync 1 DAGs
[2022-07-22 22:11:50,179] {logging_mixin.py:109} INFO - [2022-07-22 22:11:50,179] {dag.py:2935} INFO - Setting next_dagrun for tutorial_etl_dag to None
[2022-07-22 22:11:50,185] {processor.py:171} INFO - Processing /home/airflow/.local/lib/python3.7/site-packages/airflow/example_dags/tutorial_etl_dag.py took 0.066 seconds
[2022-07-22 22:12:21,011] {processor.py:163} INFO - Started process (PID=1797) to work on /home/airflow/.local/lib/python3.7/site-packages/airflow/example_dags/tutorial_etl_dag.py
[2022-07-22 22:12:21,012] {processor.py:642} INFO - Processing file /home/airflow/.local/lib/python3.7/site-packages/airflow/example_dags/tutorial_etl_dag.py for tasks to queue
[2022-07-22 22:12:21,012] {logging_mixin.py:109} INFO - [2022-07-22 22:12:21,012] {dagbag.py:500} INFO - Filling up the DagBag from /home/airflow/.local/lib/python3.7/site-packages/airflow/example_dags/tutorial_etl_dag.py
[2022-07-22 22:12:21,033] {processor.py:654} INFO - DAG(s) dict_keys(['tutorial_etl_dag']) retrieved from /home/airflow/.local/lib/python3.7/site-packages/airflow/example_dags/tutorial_etl_dag.py
[2022-07-22 22:12:21,042] {logging_mixin.py:109} INFO - [2022-07-22 22:12:21,042] {dag.py:2396} INFO - Sync 1 DAGs
[2022-07-22 22:12:21,055] {logging_mixin.py:109} INFO - [2022-07-22 22:12:21,054] {dag.py:2935} INFO - Setting next_dagrun for tutorial_etl_dag to None
[2022-07-22 22:12:21,063] {processor.py:171} INFO - Processing /home/airflow/.local/lib/python3.7/site-packages/airflow/example_dags/tutorial_etl_dag.py took 0.054 seconds
[2022-07-22 22:12:51,912] {processor.py:163} INFO - Started process (PID=1847) to work on /home/airflow/.local/lib/python3.7/site-packages/airflow/example_dags/tutorial_etl_dag.py
[2022-07-22 22:12:51,913] {processor.py:642} INFO - Processing file /home/airflow/.local/lib/python3.7/site-packages/airflow/example_dags/tutorial_etl_dag.py for tasks to queue
[2022-07-22 22:12:51,913] {logging_mixin.py:109} INFO - [2022-07-22 22:12:51,913] {dagbag.py:500} INFO - Filling up the DagBag from /home/airflow/.local/lib/python3.7/site-packages/airflow/example_dags/tutorial_etl_dag.py
[2022-07-22 22:12:51,935] {processor.py:654} INFO - DAG(s) dict_keys(['tutorial_etl_dag']) retrieved from /home/airflow/.local/lib/python3.7/site-packages/airflow/example_dags/tutorial_etl_dag.py
[2022-07-22 22:12:51,947] {logging_mixin.py:109} INFO - [2022-07-22 22:12:51,947] {dag.py:2396} INFO - Sync 1 DAGs
[2022-07-22 22:12:51,965] {logging_mixin.py:109} INFO - [2022-07-22 22:12:51,965] {dag.py:2935} INFO - Setting next_dagrun for tutorial_etl_dag to None
[2022-07-22 22:12:51,975] {processor.py:171} INFO - Processing /home/airflow/.local/lib/python3.7/site-packages/airflow/example_dags/tutorial_etl_dag.py took 0.065 seconds
[2022-07-22 22:13:22,543] {processor.py:163} INFO - Started process (PID=1906) to work on /home/airflow/.local/lib/python3.7/site-packages/airflow/example_dags/tutorial_etl_dag.py
[2022-07-22 22:13:22,543] {processor.py:642} INFO - Processing file /home/airflow/.local/lib/python3.7/site-packages/airflow/example_dags/tutorial_etl_dag.py for tasks to queue
[2022-07-22 22:13:22,544] {logging_mixin.py:109} INFO - [2022-07-22 22:13:22,544] {dagbag.py:500} INFO - Filling up the DagBag from /home/airflow/.local/lib/python3.7/site-packages/airflow/example_dags/tutorial_etl_dag.py
[2022-07-22 22:13:22,561] {processor.py:654} INFO - DAG(s) dict_keys(['tutorial_etl_dag']) retrieved from /home/airflow/.local/lib/python3.7/site-packages/airflow/example_dags/tutorial_etl_dag.py
[2022-07-22 22:13:22,567] {logging_mixin.py:109} INFO - [2022-07-22 22:13:22,567] {dag.py:2396} INFO - Sync 1 DAGs
[2022-07-22 22:13:22,577] {logging_mixin.py:109} INFO - [2022-07-22 22:13:22,577] {dag.py:2935} INFO - Setting next_dagrun for tutorial_etl_dag to None
[2022-07-22 22:13:22,583] {processor.py:171} INFO - Processing /home/airflow/.local/lib/python3.7/site-packages/airflow/example_dags/tutorial_etl_dag.py took 0.042 seconds
[2022-07-22 22:13:53,293] {processor.py:163} INFO - Started process (PID=1965) to work on /home/airflow/.local/lib/python3.7/site-packages/airflow/example_dags/tutorial_etl_dag.py
[2022-07-22 22:13:53,293] {processor.py:642} INFO - Processing file /home/airflow/.local/lib/python3.7/site-packages/airflow/example_dags/tutorial_etl_dag.py for tasks to queue
[2022-07-22 22:13:53,294] {logging_mixin.py:109} INFO - [2022-07-22 22:13:53,294] {dagbag.py:500} INFO - Filling up the DagBag from /home/airflow/.local/lib/python3.7/site-packages/airflow/example_dags/tutorial_etl_dag.py
[2022-07-22 22:13:53,311] {processor.py:654} INFO - DAG(s) dict_keys(['tutorial_etl_dag']) retrieved from /home/airflow/.local/lib/python3.7/site-packages/airflow/example_dags/tutorial_etl_dag.py
[2022-07-22 22:13:53,317] {logging_mixin.py:109} INFO - [2022-07-22 22:13:53,317] {dag.py:2396} INFO - Sync 1 DAGs
[2022-07-22 22:13:53,328] {logging_mixin.py:109} INFO - [2022-07-22 22:13:53,328] {dag.py:2935} INFO - Setting next_dagrun for tutorial_etl_dag to None
[2022-07-22 22:13:53,334] {processor.py:171} INFO - Processing /home/airflow/.local/lib/python3.7/site-packages/airflow/example_dags/tutorial_etl_dag.py took 0.043 seconds
[2022-07-22 22:14:23,864] {processor.py:163} INFO - Started process (PID=2015) to work on /home/airflow/.local/lib/python3.7/site-packages/airflow/example_dags/tutorial_etl_dag.py
[2022-07-22 22:14:23,865] {processor.py:642} INFO - Processing file /home/airflow/.local/lib/python3.7/site-packages/airflow/example_dags/tutorial_etl_dag.py for tasks to queue
[2022-07-22 22:14:23,866] {logging_mixin.py:109} INFO - [2022-07-22 22:14:23,866] {dagbag.py:500} INFO - Filling up the DagBag from /home/airflow/.local/lib/python3.7/site-packages/airflow/example_dags/tutorial_etl_dag.py
[2022-07-22 22:14:23,885] {processor.py:654} INFO - DAG(s) dict_keys(['tutorial_etl_dag']) retrieved from /home/airflow/.local/lib/python3.7/site-packages/airflow/example_dags/tutorial_etl_dag.py
[2022-07-22 22:14:23,891] {logging_mixin.py:109} INFO - [2022-07-22 22:14:23,891] {dag.py:2396} INFO - Sync 1 DAGs
[2022-07-22 22:14:23,901] {logging_mixin.py:109} INFO - [2022-07-22 22:14:23,901] {dag.py:2935} INFO - Setting next_dagrun for tutorial_etl_dag to None
[2022-07-22 22:14:23,907] {processor.py:171} INFO - Processing /home/airflow/.local/lib/python3.7/site-packages/airflow/example_dags/tutorial_etl_dag.py took 0.045 seconds
[2022-07-22 22:14:54,354] {processor.py:163} INFO - Started process (PID=2075) to work on /home/airflow/.local/lib/python3.7/site-packages/airflow/example_dags/tutorial_etl_dag.py
[2022-07-22 22:14:54,355] {processor.py:642} INFO - Processing file /home/airflow/.local/lib/python3.7/site-packages/airflow/example_dags/tutorial_etl_dag.py for tasks to queue
[2022-07-22 22:14:54,355] {logging_mixin.py:109} INFO - [2022-07-22 22:14:54,355] {dagbag.py:500} INFO - Filling up the DagBag from /home/airflow/.local/lib/python3.7/site-packages/airflow/example_dags/tutorial_etl_dag.py
[2022-07-22 22:14:54,374] {processor.py:654} INFO - DAG(s) dict_keys(['tutorial_etl_dag']) retrieved from /home/airflow/.local/lib/python3.7/site-packages/airflow/example_dags/tutorial_etl_dag.py
[2022-07-22 22:14:54,380] {logging_mixin.py:109} INFO - [2022-07-22 22:14:54,380] {dag.py:2396} INFO - Sync 1 DAGs
[2022-07-22 22:14:54,391] {logging_mixin.py:109} INFO - [2022-07-22 22:14:54,391] {dag.py:2935} INFO - Setting next_dagrun for tutorial_etl_dag to None
[2022-07-22 22:14:54,397] {processor.py:171} INFO - Processing /home/airflow/.local/lib/python3.7/site-packages/airflow/example_dags/tutorial_etl_dag.py took 0.045 seconds
[2022-07-22 22:15:25,132] {processor.py:163} INFO - Started process (PID=2125) to work on /home/airflow/.local/lib/python3.7/site-packages/airflow/example_dags/tutorial_etl_dag.py
[2022-07-22 22:15:25,133] {processor.py:642} INFO - Processing file /home/airflow/.local/lib/python3.7/site-packages/airflow/example_dags/tutorial_etl_dag.py for tasks to queue
[2022-07-22 22:15:25,134] {logging_mixin.py:109} INFO - [2022-07-22 22:15:25,134] {dagbag.py:500} INFO - Filling up the DagBag from /home/airflow/.local/lib/python3.7/site-packages/airflow/example_dags/tutorial_etl_dag.py
[2022-07-22 22:15:25,151] {processor.py:654} INFO - DAG(s) dict_keys(['tutorial_etl_dag']) retrieved from /home/airflow/.local/lib/python3.7/site-packages/airflow/example_dags/tutorial_etl_dag.py
[2022-07-22 22:15:25,158] {logging_mixin.py:109} INFO - [2022-07-22 22:15:25,158] {dag.py:2396} INFO - Sync 1 DAGs
[2022-07-22 22:15:25,168] {logging_mixin.py:109} INFO - [2022-07-22 22:15:25,168] {dag.py:2935} INFO - Setting next_dagrun for tutorial_etl_dag to None
[2022-07-22 22:15:25,174] {processor.py:171} INFO - Processing /home/airflow/.local/lib/python3.7/site-packages/airflow/example_dags/tutorial_etl_dag.py took 0.043 seconds
[2022-07-22 22:15:55,669] {processor.py:163} INFO - Started process (PID=2184) to work on /home/airflow/.local/lib/python3.7/site-packages/airflow/example_dags/tutorial_etl_dag.py
[2022-07-22 22:15:55,670] {processor.py:642} INFO - Processing file /home/airflow/.local/lib/python3.7/site-packages/airflow/example_dags/tutorial_etl_dag.py for tasks to queue
[2022-07-22 22:15:55,670] {logging_mixin.py:109} INFO - [2022-07-22 22:15:55,670] {dagbag.py:500} INFO - Filling up the DagBag from /home/airflow/.local/lib/python3.7/site-packages/airflow/example_dags/tutorial_etl_dag.py
[2022-07-22 22:15:55,688] {processor.py:654} INFO - DAG(s) dict_keys(['tutorial_etl_dag']) retrieved from /home/airflow/.local/lib/python3.7/site-packages/airflow/example_dags/tutorial_etl_dag.py
[2022-07-22 22:15:55,695] {logging_mixin.py:109} INFO - [2022-07-22 22:15:55,695] {dag.py:2396} INFO - Sync 1 DAGs
[2022-07-22 22:15:55,706] {logging_mixin.py:109} INFO - [2022-07-22 22:15:55,706] {dag.py:2935} INFO - Setting next_dagrun for tutorial_etl_dag to None
[2022-07-22 22:15:55,712] {processor.py:171} INFO - Processing /home/airflow/.local/lib/python3.7/site-packages/airflow/example_dags/tutorial_etl_dag.py took 0.044 seconds
[2022-07-22 22:16:26,328] {processor.py:163} INFO - Started process (PID=2243) to work on /home/airflow/.local/lib/python3.7/site-packages/airflow/example_dags/tutorial_etl_dag.py
[2022-07-22 22:16:26,329] {processor.py:642} INFO - Processing file /home/airflow/.local/lib/python3.7/site-packages/airflow/example_dags/tutorial_etl_dag.py for tasks to queue
[2022-07-22 22:16:26,329] {logging_mixin.py:109} INFO - [2022-07-22 22:16:26,329] {dagbag.py:500} INFO - Filling up the DagBag from /home/airflow/.local/lib/python3.7/site-packages/airflow/example_dags/tutorial_etl_dag.py
[2022-07-22 22:16:26,349] {processor.py:654} INFO - DAG(s) dict_keys(['tutorial_etl_dag']) retrieved from /home/airflow/.local/lib/python3.7/site-packages/airflow/example_dags/tutorial_etl_dag.py
[2022-07-22 22:16:26,355] {logging_mixin.py:109} INFO - [2022-07-22 22:16:26,355] {dag.py:2396} INFO - Sync 1 DAGs
[2022-07-22 22:16:26,366] {logging_mixin.py:109} INFO - [2022-07-22 22:16:26,366] {dag.py:2935} INFO - Setting next_dagrun for tutorial_etl_dag to None
[2022-07-22 22:16:26,373] {processor.py:171} INFO - Processing /home/airflow/.local/lib/python3.7/site-packages/airflow/example_dags/tutorial_etl_dag.py took 0.046 seconds
[2022-07-22 22:16:56,692] {processor.py:163} INFO - Started process (PID=2293) to work on /home/airflow/.local/lib/python3.7/site-packages/airflow/example_dags/tutorial_etl_dag.py
[2022-07-22 22:16:56,693] {processor.py:642} INFO - Processing file /home/airflow/.local/lib/python3.7/site-packages/airflow/example_dags/tutorial_etl_dag.py for tasks to queue
[2022-07-22 22:16:56,693] {logging_mixin.py:109} INFO - [2022-07-22 22:16:56,693] {dagbag.py:500} INFO - Filling up the DagBag from /home/airflow/.local/lib/python3.7/site-packages/airflow/example_dags/tutorial_etl_dag.py
[2022-07-22 22:16:56,712] {processor.py:654} INFO - DAG(s) dict_keys(['tutorial_etl_dag']) retrieved from /home/airflow/.local/lib/python3.7/site-packages/airflow/example_dags/tutorial_etl_dag.py
[2022-07-22 22:16:56,718] {logging_mixin.py:109} INFO - [2022-07-22 22:16:56,718] {dag.py:2396} INFO - Sync 1 DAGs
[2022-07-22 22:16:56,732] {logging_mixin.py:109} INFO - [2022-07-22 22:16:56,732] {dag.py:2935} INFO - Setting next_dagrun for tutorial_etl_dag to None
[2022-07-22 22:16:56,739] {processor.py:171} INFO - Processing /home/airflow/.local/lib/python3.7/site-packages/airflow/example_dags/tutorial_etl_dag.py took 0.049 seconds
[2022-07-22 22:17:27,667] {processor.py:163} INFO - Started process (PID=2352) to work on /home/airflow/.local/lib/python3.7/site-packages/airflow/example_dags/tutorial_etl_dag.py
[2022-07-22 22:17:27,668] {processor.py:642} INFO - Processing file /home/airflow/.local/lib/python3.7/site-packages/airflow/example_dags/tutorial_etl_dag.py for tasks to queue
[2022-07-22 22:17:27,669] {logging_mixin.py:109} INFO - [2022-07-22 22:17:27,668] {dagbag.py:500} INFO - Filling up the DagBag from /home/airflow/.local/lib/python3.7/site-packages/airflow/example_dags/tutorial_etl_dag.py
[2022-07-22 22:17:27,687] {processor.py:654} INFO - DAG(s) dict_keys(['tutorial_etl_dag']) retrieved from /home/airflow/.local/lib/python3.7/site-packages/airflow/example_dags/tutorial_etl_dag.py
[2022-07-22 22:17:27,693] {logging_mixin.py:109} INFO - [2022-07-22 22:17:27,693] {dag.py:2396} INFO - Sync 1 DAGs
[2022-07-22 22:17:27,704] {logging_mixin.py:109} INFO - [2022-07-22 22:17:27,704] {dag.py:2935} INFO - Setting next_dagrun for tutorial_etl_dag to None
[2022-07-22 22:17:27,710] {processor.py:171} INFO - Processing /home/airflow/.local/lib/python3.7/site-packages/airflow/example_dags/tutorial_etl_dag.py took 0.045 seconds
[2022-07-22 22:17:58,294] {processor.py:163} INFO - Started process (PID=2402) to work on /home/airflow/.local/lib/python3.7/site-packages/airflow/example_dags/tutorial_etl_dag.py
[2022-07-22 22:17:58,295] {processor.py:642} INFO - Processing file /home/airflow/.local/lib/python3.7/site-packages/airflow/example_dags/tutorial_etl_dag.py for tasks to queue
[2022-07-22 22:17:58,295] {logging_mixin.py:109} INFO - [2022-07-22 22:17:58,295] {dagbag.py:500} INFO - Filling up the DagBag from /home/airflow/.local/lib/python3.7/site-packages/airflow/example_dags/tutorial_etl_dag.py
[2022-07-22 22:17:58,313] {processor.py:654} INFO - DAG(s) dict_keys(['tutorial_etl_dag']) retrieved from /home/airflow/.local/lib/python3.7/site-packages/airflow/example_dags/tutorial_etl_dag.py
[2022-07-22 22:17:58,320] {logging_mixin.py:109} INFO - [2022-07-22 22:17:58,320] {dag.py:2396} INFO - Sync 1 DAGs
[2022-07-22 22:17:58,331] {logging_mixin.py:109} INFO - [2022-07-22 22:17:58,331] {dag.py:2935} INFO - Setting next_dagrun for tutorial_etl_dag to None
[2022-07-22 22:17:58,337] {processor.py:171} INFO - Processing /home/airflow/.local/lib/python3.7/site-packages/airflow/example_dags/tutorial_etl_dag.py took 0.045 seconds
[2022-07-22 22:18:29,045] {processor.py:163} INFO - Started process (PID=2461) to work on /home/airflow/.local/lib/python3.7/site-packages/airflow/example_dags/tutorial_etl_dag.py
[2022-07-22 22:18:29,046] {processor.py:642} INFO - Processing file /home/airflow/.local/lib/python3.7/site-packages/airflow/example_dags/tutorial_etl_dag.py for tasks to queue
[2022-07-22 22:18:29,046] {logging_mixin.py:109} INFO - [2022-07-22 22:18:29,046] {dagbag.py:500} INFO - Filling up the DagBag from /home/airflow/.local/lib/python3.7/site-packages/airflow/example_dags/tutorial_etl_dag.py
[2022-07-22 22:18:29,063] {processor.py:654} INFO - DAG(s) dict_keys(['tutorial_etl_dag']) retrieved from /home/airflow/.local/lib/python3.7/site-packages/airflow/example_dags/tutorial_etl_dag.py
[2022-07-22 22:18:29,069] {logging_mixin.py:109} INFO - [2022-07-22 22:18:29,069] {dag.py:2396} INFO - Sync 1 DAGs
[2022-07-22 22:18:29,080] {logging_mixin.py:109} INFO - [2022-07-22 22:18:29,080] {dag.py:2935} INFO - Setting next_dagrun for tutorial_etl_dag to None
[2022-07-22 22:18:29,085] {processor.py:171} INFO - Processing /home/airflow/.local/lib/python3.7/site-packages/airflow/example_dags/tutorial_etl_dag.py took 0.042 seconds
[2022-07-22 22:18:59,867] {processor.py:163} INFO - Started process (PID=2520) to work on /home/airflow/.local/lib/python3.7/site-packages/airflow/example_dags/tutorial_etl_dag.py
[2022-07-22 22:18:59,868] {processor.py:642} INFO - Processing file /home/airflow/.local/lib/python3.7/site-packages/airflow/example_dags/tutorial_etl_dag.py for tasks to queue
[2022-07-22 22:18:59,868] {logging_mixin.py:109} INFO - [2022-07-22 22:18:59,868] {dagbag.py:500} INFO - Filling up the DagBag from /home/airflow/.local/lib/python3.7/site-packages/airflow/example_dags/tutorial_etl_dag.py
[2022-07-22 22:18:59,887] {processor.py:654} INFO - DAG(s) dict_keys(['tutorial_etl_dag']) retrieved from /home/airflow/.local/lib/python3.7/site-packages/airflow/example_dags/tutorial_etl_dag.py
[2022-07-22 22:18:59,894] {logging_mixin.py:109} INFO - [2022-07-22 22:18:59,894] {dag.py:2396} INFO - Sync 1 DAGs
[2022-07-22 22:18:59,906] {logging_mixin.py:109} INFO - [2022-07-22 22:18:59,906] {dag.py:2935} INFO - Setting next_dagrun for tutorial_etl_dag to None
[2022-07-22 22:18:59,913] {processor.py:171} INFO - Processing /home/airflow/.local/lib/python3.7/site-packages/airflow/example_dags/tutorial_etl_dag.py took 0.048 seconds
[2022-07-22 22:19:30,540] {processor.py:163} INFO - Started process (PID=2570) to work on /home/airflow/.local/lib/python3.7/site-packages/airflow/example_dags/tutorial_etl_dag.py
[2022-07-22 22:19:30,541] {processor.py:642} INFO - Processing file /home/airflow/.local/lib/python3.7/site-packages/airflow/example_dags/tutorial_etl_dag.py for tasks to queue
[2022-07-22 22:19:30,541] {logging_mixin.py:109} INFO - [2022-07-22 22:19:30,541] {dagbag.py:500} INFO - Filling up the DagBag from /home/airflow/.local/lib/python3.7/site-packages/airflow/example_dags/tutorial_etl_dag.py
[2022-07-22 22:19:30,562] {processor.py:654} INFO - DAG(s) dict_keys(['tutorial_etl_dag']) retrieved from /home/airflow/.local/lib/python3.7/site-packages/airflow/example_dags/tutorial_etl_dag.py
[2022-07-22 22:19:30,568] {logging_mixin.py:109} INFO - [2022-07-22 22:19:30,568] {dag.py:2396} INFO - Sync 1 DAGs
[2022-07-22 22:19:30,579] {logging_mixin.py:109} INFO - [2022-07-22 22:19:30,579] {dag.py:2935} INFO - Setting next_dagrun for tutorial_etl_dag to None
[2022-07-22 22:19:30,585] {processor.py:171} INFO - Processing /home/airflow/.local/lib/python3.7/site-packages/airflow/example_dags/tutorial_etl_dag.py took 0.048 seconds
[2022-07-22 22:20:01,534] {processor.py:163} INFO - Started process (PID=2629) to work on /home/airflow/.local/lib/python3.7/site-packages/airflow/example_dags/tutorial_etl_dag.py
[2022-07-22 22:20:01,534] {processor.py:642} INFO - Processing file /home/airflow/.local/lib/python3.7/site-packages/airflow/example_dags/tutorial_etl_dag.py for tasks to queue
[2022-07-22 22:20:01,535] {logging_mixin.py:109} INFO - [2022-07-22 22:20:01,535] {dagbag.py:500} INFO - Filling up the DagBag from /home/airflow/.local/lib/python3.7/site-packages/airflow/example_dags/tutorial_etl_dag.py
[2022-07-22 22:20:01,553] {processor.py:654} INFO - DAG(s) dict_keys(['tutorial_etl_dag']) retrieved from /home/airflow/.local/lib/python3.7/site-packages/airflow/example_dags/tutorial_etl_dag.py
[2022-07-22 22:20:01,561] {logging_mixin.py:109} INFO - [2022-07-22 22:20:01,561] {dag.py:2396} INFO - Sync 1 DAGs
[2022-07-22 22:20:01,575] {logging_mixin.py:109} INFO - [2022-07-22 22:20:01,575] {dag.py:2935} INFO - Setting next_dagrun for tutorial_etl_dag to None
[2022-07-22 22:20:01,582] {processor.py:171} INFO - Processing /home/airflow/.local/lib/python3.7/site-packages/airflow/example_dags/tutorial_etl_dag.py took 0.050 seconds
[2022-07-22 22:20:31,841] {processor.py:163} INFO - Started process (PID=2679) to work on /home/airflow/.local/lib/python3.7/site-packages/airflow/example_dags/tutorial_etl_dag.py
[2022-07-22 22:20:31,842] {processor.py:642} INFO - Processing file /home/airflow/.local/lib/python3.7/site-packages/airflow/example_dags/tutorial_etl_dag.py for tasks to queue
[2022-07-22 22:20:31,843] {logging_mixin.py:109} INFO - [2022-07-22 22:20:31,842] {dagbag.py:500} INFO - Filling up the DagBag from /home/airflow/.local/lib/python3.7/site-packages/airflow/example_dags/tutorial_etl_dag.py
[2022-07-22 22:20:31,868] {processor.py:654} INFO - DAG(s) dict_keys(['tutorial_etl_dag']) retrieved from /home/airflow/.local/lib/python3.7/site-packages/airflow/example_dags/tutorial_etl_dag.py
[2022-07-22 22:20:31,876] {logging_mixin.py:109} INFO - [2022-07-22 22:20:31,876] {dag.py:2396} INFO - Sync 1 DAGs
[2022-07-22 22:20:31,888] {logging_mixin.py:109} INFO - [2022-07-22 22:20:31,888] {dag.py:2935} INFO - Setting next_dagrun for tutorial_etl_dag to None
[2022-07-22 22:20:31,894] {processor.py:171} INFO - Processing /home/airflow/.local/lib/python3.7/site-packages/airflow/example_dags/tutorial_etl_dag.py took 0.055 seconds
[2022-07-22 22:21:02,102] {processor.py:163} INFO - Started process (PID=2737) to work on /home/airflow/.local/lib/python3.7/site-packages/airflow/example_dags/tutorial_etl_dag.py
[2022-07-22 22:21:02,102] {processor.py:642} INFO - Processing file /home/airflow/.local/lib/python3.7/site-packages/airflow/example_dags/tutorial_etl_dag.py for tasks to queue
[2022-07-22 22:21:02,103] {logging_mixin.py:109} INFO - [2022-07-22 22:21:02,103] {dagbag.py:500} INFO - Filling up the DagBag from /home/airflow/.local/lib/python3.7/site-packages/airflow/example_dags/tutorial_etl_dag.py
[2022-07-22 22:21:02,121] {processor.py:654} INFO - DAG(s) dict_keys(['tutorial_etl_dag']) retrieved from /home/airflow/.local/lib/python3.7/site-packages/airflow/example_dags/tutorial_etl_dag.py
[2022-07-22 22:21:02,127] {logging_mixin.py:109} INFO - [2022-07-22 22:21:02,127] {dag.py:2396} INFO - Sync 1 DAGs
[2022-07-22 22:21:02,138] {logging_mixin.py:109} INFO - [2022-07-22 22:21:02,138] {dag.py:2935} INFO - Setting next_dagrun for tutorial_etl_dag to None
[2022-07-22 22:21:02,213] {processor.py:171} INFO - Processing /home/airflow/.local/lib/python3.7/site-packages/airflow/example_dags/tutorial_etl_dag.py took 0.114 seconds
[2022-07-22 22:21:33,077] {processor.py:163} INFO - Started process (PID=2797) to work on /home/airflow/.local/lib/python3.7/site-packages/airflow/example_dags/tutorial_etl_dag.py
[2022-07-22 22:21:33,078] {processor.py:642} INFO - Processing file /home/airflow/.local/lib/python3.7/site-packages/airflow/example_dags/tutorial_etl_dag.py for tasks to queue
[2022-07-22 22:21:33,078] {logging_mixin.py:109} INFO - [2022-07-22 22:21:33,078] {dagbag.py:500} INFO - Filling up the DagBag from /home/airflow/.local/lib/python3.7/site-packages/airflow/example_dags/tutorial_etl_dag.py
[2022-07-22 22:21:33,097] {processor.py:654} INFO - DAG(s) dict_keys(['tutorial_etl_dag']) retrieved from /home/airflow/.local/lib/python3.7/site-packages/airflow/example_dags/tutorial_etl_dag.py
[2022-07-22 22:21:33,104] {logging_mixin.py:109} INFO - [2022-07-22 22:21:33,104] {dag.py:2396} INFO - Sync 1 DAGs
[2022-07-22 22:21:33,185] {logging_mixin.py:109} INFO - [2022-07-22 22:21:33,185] {dag.py:2935} INFO - Setting next_dagrun for tutorial_etl_dag to None
[2022-07-22 22:21:33,191] {processor.py:171} INFO - Processing /home/airflow/.local/lib/python3.7/site-packages/airflow/example_dags/tutorial_etl_dag.py took 0.116 seconds
[2022-07-22 22:22:03,727] {processor.py:163} INFO - Started process (PID=2847) to work on /home/airflow/.local/lib/python3.7/site-packages/airflow/example_dags/tutorial_etl_dag.py
[2022-07-22 22:22:03,727] {processor.py:642} INFO - Processing file /home/airflow/.local/lib/python3.7/site-packages/airflow/example_dags/tutorial_etl_dag.py for tasks to queue
[2022-07-22 22:22:03,728] {logging_mixin.py:109} INFO - [2022-07-22 22:22:03,728] {dagbag.py:500} INFO - Filling up the DagBag from /home/airflow/.local/lib/python3.7/site-packages/airflow/example_dags/tutorial_etl_dag.py
[2022-07-22 22:22:03,748] {processor.py:654} INFO - DAG(s) dict_keys(['tutorial_etl_dag']) retrieved from /home/airflow/.local/lib/python3.7/site-packages/airflow/example_dags/tutorial_etl_dag.py
[2022-07-22 22:22:03,755] {logging_mixin.py:109} INFO - [2022-07-22 22:22:03,755] {dag.py:2396} INFO - Sync 1 DAGs
[2022-07-22 22:22:03,830] {logging_mixin.py:109} INFO - [2022-07-22 22:22:03,830] {dag.py:2935} INFO - Setting next_dagrun for tutorial_etl_dag to None
[2022-07-22 22:22:03,836] {processor.py:171} INFO - Processing /home/airflow/.local/lib/python3.7/site-packages/airflow/example_dags/tutorial_etl_dag.py took 0.112 seconds
[2022-07-22 22:22:34,634] {processor.py:163} INFO - Started process (PID=2906) to work on /home/airflow/.local/lib/python3.7/site-packages/airflow/example_dags/tutorial_etl_dag.py
[2022-07-22 22:22:34,634] {processor.py:642} INFO - Processing file /home/airflow/.local/lib/python3.7/site-packages/airflow/example_dags/tutorial_etl_dag.py for tasks to queue
[2022-07-22 22:22:34,635] {logging_mixin.py:109} INFO - [2022-07-22 22:22:34,635] {dagbag.py:500} INFO - Filling up the DagBag from /home/airflow/.local/lib/python3.7/site-packages/airflow/example_dags/tutorial_etl_dag.py
[2022-07-22 22:22:34,651] {processor.py:654} INFO - DAG(s) dict_keys(['tutorial_etl_dag']) retrieved from /home/airflow/.local/lib/python3.7/site-packages/airflow/example_dags/tutorial_etl_dag.py
[2022-07-22 22:22:34,717] {logging_mixin.py:109} INFO - [2022-07-22 22:22:34,717] {dag.py:2396} INFO - Sync 1 DAGs
[2022-07-22 22:22:34,727] {logging_mixin.py:109} INFO - [2022-07-22 22:22:34,727] {dag.py:2935} INFO - Setting next_dagrun for tutorial_etl_dag to None
[2022-07-22 22:22:34,732] {processor.py:171} INFO - Processing /home/airflow/.local/lib/python3.7/site-packages/airflow/example_dags/tutorial_etl_dag.py took 0.100 seconds
[2022-07-22 22:23:05,108] {processor.py:163} INFO - Started process (PID=2956) to work on /home/airflow/.local/lib/python3.7/site-packages/airflow/example_dags/tutorial_etl_dag.py
[2022-07-22 22:23:05,109] {processor.py:642} INFO - Processing file /home/airflow/.local/lib/python3.7/site-packages/airflow/example_dags/tutorial_etl_dag.py for tasks to queue
[2022-07-22 22:23:05,109] {logging_mixin.py:109} INFO - [2022-07-22 22:23:05,109] {dagbag.py:500} INFO - Filling up the DagBag from /home/airflow/.local/lib/python3.7/site-packages/airflow/example_dags/tutorial_etl_dag.py
[2022-07-22 22:23:05,195] {processor.py:654} INFO - DAG(s) dict_keys(['tutorial_etl_dag']) retrieved from /home/airflow/.local/lib/python3.7/site-packages/airflow/example_dags/tutorial_etl_dag.py
[2022-07-22 22:23:05,201] {logging_mixin.py:109} INFO - [2022-07-22 22:23:05,201] {dag.py:2396} INFO - Sync 1 DAGs
[2022-07-22 22:23:05,210] {logging_mixin.py:109} INFO - [2022-07-22 22:23:05,210] {dag.py:2935} INFO - Setting next_dagrun for tutorial_etl_dag to None
[2022-07-22 22:23:05,216] {processor.py:171} INFO - Processing /home/airflow/.local/lib/python3.7/site-packages/airflow/example_dags/tutorial_etl_dag.py took 0.110 seconds
[2022-07-22 22:23:35,763] {processor.py:163} INFO - Started process (PID=3015) to work on /home/airflow/.local/lib/python3.7/site-packages/airflow/example_dags/tutorial_etl_dag.py
[2022-07-22 22:23:35,764] {processor.py:642} INFO - Processing file /home/airflow/.local/lib/python3.7/site-packages/airflow/example_dags/tutorial_etl_dag.py for tasks to queue
[2022-07-22 22:23:35,764] {logging_mixin.py:109} INFO - [2022-07-22 22:23:35,764] {dagbag.py:500} INFO - Filling up the DagBag from /home/airflow/.local/lib/python3.7/site-packages/airflow/example_dags/tutorial_etl_dag.py
[2022-07-22 22:23:35,849] {processor.py:654} INFO - DAG(s) dict_keys(['tutorial_etl_dag']) retrieved from /home/airflow/.local/lib/python3.7/site-packages/airflow/example_dags/tutorial_etl_dag.py
[2022-07-22 22:23:35,856] {logging_mixin.py:109} INFO - [2022-07-22 22:23:35,855] {dag.py:2396} INFO - Sync 1 DAGs
[2022-07-22 22:23:35,866] {logging_mixin.py:109} INFO - [2022-07-22 22:23:35,866] {dag.py:2935} INFO - Setting next_dagrun for tutorial_etl_dag to None
[2022-07-22 22:23:35,871] {processor.py:171} INFO - Processing /home/airflow/.local/lib/python3.7/site-packages/airflow/example_dags/tutorial_etl_dag.py took 0.110 seconds
[2022-07-22 22:24:06,765] {processor.py:163} INFO - Started process (PID=3065) to work on /home/airflow/.local/lib/python3.7/site-packages/airflow/example_dags/tutorial_etl_dag.py
[2022-07-22 22:24:06,766] {processor.py:642} INFO - Processing file /home/airflow/.local/lib/python3.7/site-packages/airflow/example_dags/tutorial_etl_dag.py for tasks to queue
[2022-07-22 22:24:06,767] {logging_mixin.py:109} INFO - [2022-07-22 22:24:06,766] {dagbag.py:500} INFO - Filling up the DagBag from /home/airflow/.local/lib/python3.7/site-packages/airflow/example_dags/tutorial_etl_dag.py
[2022-07-22 22:24:06,856] {processor.py:654} INFO - DAG(s) dict_keys(['tutorial_etl_dag']) retrieved from /home/airflow/.local/lib/python3.7/site-packages/airflow/example_dags/tutorial_etl_dag.py
[2022-07-22 22:24:06,861] {logging_mixin.py:109} INFO - [2022-07-22 22:24:06,861] {dag.py:2396} INFO - Sync 1 DAGs
[2022-07-22 22:24:06,873] {logging_mixin.py:109} INFO - [2022-07-22 22:24:06,873] {dag.py:2935} INFO - Setting next_dagrun for tutorial_etl_dag to None
[2022-07-22 22:24:06,878] {processor.py:171} INFO - Processing /home/airflow/.local/lib/python3.7/site-packages/airflow/example_dags/tutorial_etl_dag.py took 0.115 seconds
[2022-07-22 22:24:37,328] {processor.py:163} INFO - Started process (PID=3124) to work on /home/airflow/.local/lib/python3.7/site-packages/airflow/example_dags/tutorial_etl_dag.py
[2022-07-22 22:24:37,329] {processor.py:642} INFO - Processing file /home/airflow/.local/lib/python3.7/site-packages/airflow/example_dags/tutorial_etl_dag.py for tasks to queue
[2022-07-22 22:24:37,329] {logging_mixin.py:109} INFO - [2022-07-22 22:24:37,329] {dagbag.py:500} INFO - Filling up the DagBag from /home/airflow/.local/lib/python3.7/site-packages/airflow/example_dags/tutorial_etl_dag.py
[2022-07-22 22:24:37,411] {processor.py:654} INFO - DAG(s) dict_keys(['tutorial_etl_dag']) retrieved from /home/airflow/.local/lib/python3.7/site-packages/airflow/example_dags/tutorial_etl_dag.py
[2022-07-22 22:24:37,417] {logging_mixin.py:109} INFO - [2022-07-22 22:24:37,417] {dag.py:2396} INFO - Sync 1 DAGs
[2022-07-22 22:24:37,427] {logging_mixin.py:109} INFO - [2022-07-22 22:24:37,427] {dag.py:2935} INFO - Setting next_dagrun for tutorial_etl_dag to None
[2022-07-22 22:24:37,432] {processor.py:171} INFO - Processing /home/airflow/.local/lib/python3.7/site-packages/airflow/example_dags/tutorial_etl_dag.py took 0.106 seconds
[2022-07-22 22:25:08,058] {processor.py:163} INFO - Started process (PID=3182) to work on /home/airflow/.local/lib/python3.7/site-packages/airflow/example_dags/tutorial_etl_dag.py
[2022-07-22 22:25:08,059] {processor.py:642} INFO - Processing file /home/airflow/.local/lib/python3.7/site-packages/airflow/example_dags/tutorial_etl_dag.py for tasks to queue
[2022-07-22 22:25:08,060] {logging_mixin.py:109} INFO - [2022-07-22 22:25:08,060] {dagbag.py:500} INFO - Filling up the DagBag from /home/airflow/.local/lib/python3.7/site-packages/airflow/example_dags/tutorial_etl_dag.py
[2022-07-22 22:25:08,140] {processor.py:654} INFO - DAG(s) dict_keys(['tutorial_etl_dag']) retrieved from /home/airflow/.local/lib/python3.7/site-packages/airflow/example_dags/tutorial_etl_dag.py
[2022-07-22 22:25:08,145] {logging_mixin.py:109} INFO - [2022-07-22 22:25:08,145] {dag.py:2396} INFO - Sync 1 DAGs
[2022-07-22 22:25:08,155] {logging_mixin.py:109} INFO - [2022-07-22 22:25:08,155] {dag.py:2935} INFO - Setting next_dagrun for tutorial_etl_dag to None
[2022-07-22 22:25:08,160] {processor.py:171} INFO - Processing /home/airflow/.local/lib/python3.7/site-packages/airflow/example_dags/tutorial_etl_dag.py took 0.104 seconds
[2022-07-22 22:25:38,703] {processor.py:163} INFO - Started process (PID=3232) to work on /home/airflow/.local/lib/python3.7/site-packages/airflow/example_dags/tutorial_etl_dag.py
[2022-07-22 22:25:38,704] {processor.py:642} INFO - Processing file /home/airflow/.local/lib/python3.7/site-packages/airflow/example_dags/tutorial_etl_dag.py for tasks to queue
[2022-07-22 22:25:38,704] {logging_mixin.py:109} INFO - [2022-07-22 22:25:38,704] {dagbag.py:500} INFO - Filling up the DagBag from /home/airflow/.local/lib/python3.7/site-packages/airflow/example_dags/tutorial_etl_dag.py
[2022-07-22 22:25:38,722] {processor.py:654} INFO - DAG(s) dict_keys(['tutorial_etl_dag']) retrieved from /home/airflow/.local/lib/python3.7/site-packages/airflow/example_dags/tutorial_etl_dag.py
[2022-07-22 22:25:38,728] {logging_mixin.py:109} INFO - [2022-07-22 22:25:38,728] {dag.py:2396} INFO - Sync 1 DAGs
[2022-07-22 22:25:38,739] {logging_mixin.py:109} INFO - [2022-07-22 22:25:38,739] {dag.py:2935} INFO - Setting next_dagrun for tutorial_etl_dag to None
[2022-07-22 22:25:38,745] {processor.py:171} INFO - Processing /home/airflow/.local/lib/python3.7/site-packages/airflow/example_dags/tutorial_etl_dag.py took 0.043 seconds
[2022-07-22 22:26:09,104] {processor.py:163} INFO - Started process (PID=3290) to work on /home/airflow/.local/lib/python3.7/site-packages/airflow/example_dags/tutorial_etl_dag.py
[2022-07-22 22:26:09,105] {processor.py:642} INFO - Processing file /home/airflow/.local/lib/python3.7/site-packages/airflow/example_dags/tutorial_etl_dag.py for tasks to queue
[2022-07-22 22:26:09,105] {logging_mixin.py:109} INFO - [2022-07-22 22:26:09,105] {dagbag.py:500} INFO - Filling up the DagBag from /home/airflow/.local/lib/python3.7/site-packages/airflow/example_dags/tutorial_etl_dag.py
[2022-07-22 22:26:09,123] {processor.py:654} INFO - DAG(s) dict_keys(['tutorial_etl_dag']) retrieved from /home/airflow/.local/lib/python3.7/site-packages/airflow/example_dags/tutorial_etl_dag.py
[2022-07-22 22:26:09,129] {logging_mixin.py:109} INFO - [2022-07-22 22:26:09,129] {dag.py:2396} INFO - Sync 1 DAGs
[2022-07-22 22:26:09,139] {logging_mixin.py:109} INFO - [2022-07-22 22:26:09,139] {dag.py:2935} INFO - Setting next_dagrun for tutorial_etl_dag to None
[2022-07-22 22:26:09,145] {processor.py:171} INFO - Processing /home/airflow/.local/lib/python3.7/site-packages/airflow/example_dags/tutorial_etl_dag.py took 0.043 seconds
[2022-07-22 22:26:39,462] {processor.py:163} INFO - Started process (PID=3339) to work on /home/airflow/.local/lib/python3.7/site-packages/airflow/example_dags/tutorial_etl_dag.py
[2022-07-22 22:26:39,463] {processor.py:642} INFO - Processing file /home/airflow/.local/lib/python3.7/site-packages/airflow/example_dags/tutorial_etl_dag.py for tasks to queue
[2022-07-22 22:26:39,463] {logging_mixin.py:109} INFO - [2022-07-22 22:26:39,463] {dagbag.py:500} INFO - Filling up the DagBag from /home/airflow/.local/lib/python3.7/site-packages/airflow/example_dags/tutorial_etl_dag.py
[2022-07-22 22:26:39,480] {processor.py:654} INFO - DAG(s) dict_keys(['tutorial_etl_dag']) retrieved from /home/airflow/.local/lib/python3.7/site-packages/airflow/example_dags/tutorial_etl_dag.py
[2022-07-22 22:26:39,486] {logging_mixin.py:109} INFO - [2022-07-22 22:26:39,486] {dag.py:2396} INFO - Sync 1 DAGs
[2022-07-22 22:26:39,497] {logging_mixin.py:109} INFO - [2022-07-22 22:26:39,497] {dag.py:2935} INFO - Setting next_dagrun for tutorial_etl_dag to None
[2022-07-22 22:26:39,502] {processor.py:171} INFO - Processing /home/airflow/.local/lib/python3.7/site-packages/airflow/example_dags/tutorial_etl_dag.py took 0.042 seconds
[2022-07-22 22:27:09,898] {processor.py:163} INFO - Started process (PID=3398) to work on /home/airflow/.local/lib/python3.7/site-packages/airflow/example_dags/tutorial_etl_dag.py
[2022-07-22 22:27:09,899] {processor.py:642} INFO - Processing file /home/airflow/.local/lib/python3.7/site-packages/airflow/example_dags/tutorial_etl_dag.py for tasks to queue
[2022-07-22 22:27:09,899] {logging_mixin.py:109} INFO - [2022-07-22 22:27:09,899] {dagbag.py:500} INFO - Filling up the DagBag from /home/airflow/.local/lib/python3.7/site-packages/airflow/example_dags/tutorial_etl_dag.py
[2022-07-22 22:27:09,916] {processor.py:654} INFO - DAG(s) dict_keys(['tutorial_etl_dag']) retrieved from /home/airflow/.local/lib/python3.7/site-packages/airflow/example_dags/tutorial_etl_dag.py
[2022-07-22 22:27:09,922] {logging_mixin.py:109} INFO - [2022-07-22 22:27:09,922] {dag.py:2396} INFO - Sync 1 DAGs
[2022-07-22 22:27:09,932] {logging_mixin.py:109} INFO - [2022-07-22 22:27:09,932] {dag.py:2935} INFO - Setting next_dagrun for tutorial_etl_dag to None
[2022-07-22 22:27:09,938] {processor.py:171} INFO - Processing /home/airflow/.local/lib/python3.7/site-packages/airflow/example_dags/tutorial_etl_dag.py took 0.042 seconds
[2022-07-22 22:27:40,297] {processor.py:163} INFO - Started process (PID=3457) to work on /home/airflow/.local/lib/python3.7/site-packages/airflow/example_dags/tutorial_etl_dag.py
[2022-07-22 22:27:40,298] {processor.py:642} INFO - Processing file /home/airflow/.local/lib/python3.7/site-packages/airflow/example_dags/tutorial_etl_dag.py for tasks to queue
[2022-07-22 22:27:40,298] {logging_mixin.py:109} INFO - [2022-07-22 22:27:40,298] {dagbag.py:500} INFO - Filling up the DagBag from /home/airflow/.local/lib/python3.7/site-packages/airflow/example_dags/tutorial_etl_dag.py
[2022-07-22 22:27:40,315] {processor.py:654} INFO - DAG(s) dict_keys(['tutorial_etl_dag']) retrieved from /home/airflow/.local/lib/python3.7/site-packages/airflow/example_dags/tutorial_etl_dag.py
[2022-07-22 22:27:40,322] {logging_mixin.py:109} INFO - [2022-07-22 22:27:40,322] {dag.py:2396} INFO - Sync 1 DAGs
[2022-07-22 22:27:40,332] {logging_mixin.py:109} INFO - [2022-07-22 22:27:40,332] {dag.py:2935} INFO - Setting next_dagrun for tutorial_etl_dag to None
[2022-07-22 22:27:40,338] {processor.py:171} INFO - Processing /home/airflow/.local/lib/python3.7/site-packages/airflow/example_dags/tutorial_etl_dag.py took 0.043 seconds
[2022-07-22 22:28:10,638] {processor.py:163} INFO - Started process (PID=3508) to work on /home/airflow/.local/lib/python3.7/site-packages/airflow/example_dags/tutorial_etl_dag.py
[2022-07-22 22:28:10,638] {processor.py:642} INFO - Processing file /home/airflow/.local/lib/python3.7/site-packages/airflow/example_dags/tutorial_etl_dag.py for tasks to queue
[2022-07-22 22:28:10,639] {logging_mixin.py:109} INFO - [2022-07-22 22:28:10,639] {dagbag.py:500} INFO - Filling up the DagBag from /home/airflow/.local/lib/python3.7/site-packages/airflow/example_dags/tutorial_etl_dag.py
[2022-07-22 22:28:10,656] {processor.py:654} INFO - DAG(s) dict_keys(['tutorial_etl_dag']) retrieved from /home/airflow/.local/lib/python3.7/site-packages/airflow/example_dags/tutorial_etl_dag.py
[2022-07-22 22:28:10,662] {logging_mixin.py:109} INFO - [2022-07-22 22:28:10,662] {dag.py:2396} INFO - Sync 1 DAGs
[2022-07-22 22:28:10,672] {logging_mixin.py:109} INFO - [2022-07-22 22:28:10,672] {dag.py:2935} INFO - Setting next_dagrun for tutorial_etl_dag to None
[2022-07-22 22:28:10,677] {processor.py:171} INFO - Processing /home/airflow/.local/lib/python3.7/site-packages/airflow/example_dags/tutorial_etl_dag.py took 0.042 seconds
