[2022-07-22 21:54:19,917] {processor.py:163} INFO - Started process (PID=558) to work on /home/airflow/.local/lib/python3.7/site-packages/airflow/example_dags/tutorial_taskflow_api_etl_virtualenv.py
[2022-07-22 21:54:19,918] {processor.py:642} INFO - Processing file /home/airflow/.local/lib/python3.7/site-packages/airflow/example_dags/tutorial_taskflow_api_etl_virtualenv.py for tasks to queue
[2022-07-22 21:54:19,918] {logging_mixin.py:109} INFO - [2022-07-22 21:54:19,918] {dagbag.py:500} INFO - Filling up the DagBag from /home/airflow/.local/lib/python3.7/site-packages/airflow/example_dags/tutorial_taskflow_api_etl_virtualenv.py
[2022-07-22 21:54:19,938] {processor.py:654} INFO - DAG(s) dict_keys(['tutorial_taskflow_api_etl_virtualenv']) retrieved from /home/airflow/.local/lib/python3.7/site-packages/airflow/example_dags/tutorial_taskflow_api_etl_virtualenv.py
[2022-07-22 21:54:21,318] {logging_mixin.py:109} INFO - [2022-07-22 21:54:21,318] {manager.py:496} INFO - Created Permission View: can read on DAG:tutorial_taskflow_api_etl_virtualenv
[2022-07-22 21:54:21,323] {logging_mixin.py:109} INFO - [2022-07-22 21:54:21,323] {manager.py:496} INFO - Created Permission View: can edit on DAG:tutorial_taskflow_api_etl_virtualenv
[2022-07-22 21:54:21,324] {logging_mixin.py:109} INFO - [2022-07-22 21:54:21,323] {dag.py:2396} INFO - Sync 1 DAGs
[2022-07-22 21:54:21,329] {logging_mixin.py:109} INFO - [2022-07-22 21:54:21,329] {dag.py:2415} INFO - Creating ORM DAG for tutorial_taskflow_api_etl_virtualenv
[2022-07-22 21:54:21,334] {logging_mixin.py:109} INFO - [2022-07-22 21:54:21,334] {dag.py:2935} INFO - Setting next_dagrun for tutorial_taskflow_api_etl_virtualenv to None
[2022-07-22 21:54:21,342] {processor.py:171} INFO - Processing /home/airflow/.local/lib/python3.7/site-packages/airflow/example_dags/tutorial_taskflow_api_etl_virtualenv.py took 1.427 seconds
[2022-07-22 21:54:51,547] {processor.py:163} INFO - Started process (PID=636) to work on /home/airflow/.local/lib/python3.7/site-packages/airflow/example_dags/tutorial_taskflow_api_etl_virtualenv.py
[2022-07-22 21:54:51,548] {processor.py:642} INFO - Processing file /home/airflow/.local/lib/python3.7/site-packages/airflow/example_dags/tutorial_taskflow_api_etl_virtualenv.py for tasks to queue
[2022-07-22 21:54:51,548] {logging_mixin.py:109} INFO - [2022-07-22 21:54:51,548] {dagbag.py:500} INFO - Filling up the DagBag from /home/airflow/.local/lib/python3.7/site-packages/airflow/example_dags/tutorial_taskflow_api_etl_virtualenv.py
[2022-07-22 21:54:51,568] {processor.py:654} INFO - DAG(s) dict_keys(['tutorial_taskflow_api_etl_virtualenv']) retrieved from /home/airflow/.local/lib/python3.7/site-packages/airflow/example_dags/tutorial_taskflow_api_etl_virtualenv.py
[2022-07-22 21:54:51,769] {logging_mixin.py:109} INFO - [2022-07-22 21:54:51,769] {dag.py:2396} INFO - Sync 1 DAGs
[2022-07-22 21:54:51,778] {logging_mixin.py:109} INFO - [2022-07-22 21:54:51,778] {dag.py:2935} INFO - Setting next_dagrun for tutorial_taskflow_api_etl_virtualenv to None
[2022-07-22 21:54:51,785] {processor.py:171} INFO - Processing /home/airflow/.local/lib/python3.7/site-packages/airflow/example_dags/tutorial_taskflow_api_etl_virtualenv.py took 0.240 seconds
[2022-07-22 21:55:21,874] {processor.py:163} INFO - Started process (PID=695) to work on /home/airflow/.local/lib/python3.7/site-packages/airflow/example_dags/tutorial_taskflow_api_etl_virtualenv.py
[2022-07-22 21:55:21,875] {processor.py:642} INFO - Processing file /home/airflow/.local/lib/python3.7/site-packages/airflow/example_dags/tutorial_taskflow_api_etl_virtualenv.py for tasks to queue
[2022-07-22 21:55:21,875] {logging_mixin.py:109} INFO - [2022-07-22 21:55:21,875] {dagbag.py:500} INFO - Filling up the DagBag from /home/airflow/.local/lib/python3.7/site-packages/airflow/example_dags/tutorial_taskflow_api_etl_virtualenv.py
[2022-07-22 21:55:21,897] {processor.py:654} INFO - DAG(s) dict_keys(['tutorial_taskflow_api_etl_virtualenv']) retrieved from /home/airflow/.local/lib/python3.7/site-packages/airflow/example_dags/tutorial_taskflow_api_etl_virtualenv.py
[2022-07-22 21:55:22,106] {logging_mixin.py:109} INFO - [2022-07-22 21:55:22,106] {dag.py:2396} INFO - Sync 1 DAGs
[2022-07-22 21:55:22,116] {logging_mixin.py:109} INFO - [2022-07-22 21:55:22,116] {dag.py:2935} INFO - Setting next_dagrun for tutorial_taskflow_api_etl_virtualenv to None
[2022-07-22 21:55:22,123] {processor.py:171} INFO - Processing /home/airflow/.local/lib/python3.7/site-packages/airflow/example_dags/tutorial_taskflow_api_etl_virtualenv.py took 0.251 seconds
[2022-07-22 21:56:28,075] {processor.py:163} INFO - Started process (PID=77) to work on /home/airflow/.local/lib/python3.7/site-packages/airflow/example_dags/tutorial_taskflow_api_etl_virtualenv.py
[2022-07-22 21:56:28,076] {processor.py:642} INFO - Processing file /home/airflow/.local/lib/python3.7/site-packages/airflow/example_dags/tutorial_taskflow_api_etl_virtualenv.py for tasks to queue
[2022-07-22 21:56:28,076] {logging_mixin.py:109} INFO - [2022-07-22 21:56:28,076] {dagbag.py:500} INFO - Filling up the DagBag from /home/airflow/.local/lib/python3.7/site-packages/airflow/example_dags/tutorial_taskflow_api_etl_virtualenv.py
[2022-07-22 21:56:28,099] {processor.py:654} INFO - DAG(s) dict_keys(['tutorial_taskflow_api_etl_virtualenv']) retrieved from /home/airflow/.local/lib/python3.7/site-packages/airflow/example_dags/tutorial_taskflow_api_etl_virtualenv.py
[2022-07-22 21:56:28,313] {logging_mixin.py:109} INFO - [2022-07-22 21:56:28,313] {dag.py:2396} INFO - Sync 1 DAGs
[2022-07-22 21:56:28,323] {logging_mixin.py:109} INFO - [2022-07-22 21:56:28,323] {dag.py:2935} INFO - Setting next_dagrun for tutorial_taskflow_api_etl_virtualenv to None
[2022-07-22 21:56:28,329] {processor.py:171} INFO - Processing /home/airflow/.local/lib/python3.7/site-packages/airflow/example_dags/tutorial_taskflow_api_etl_virtualenv.py took 0.256 seconds
[2022-07-22 21:56:58,775] {processor.py:163} INFO - Started process (PID=137) to work on /home/airflow/.local/lib/python3.7/site-packages/airflow/example_dags/tutorial_taskflow_api_etl_virtualenv.py
[2022-07-22 21:56:58,775] {processor.py:642} INFO - Processing file /home/airflow/.local/lib/python3.7/site-packages/airflow/example_dags/tutorial_taskflow_api_etl_virtualenv.py for tasks to queue
[2022-07-22 21:56:58,776] {logging_mixin.py:109} INFO - [2022-07-22 21:56:58,776] {dagbag.py:500} INFO - Filling up the DagBag from /home/airflow/.local/lib/python3.7/site-packages/airflow/example_dags/tutorial_taskflow_api_etl_virtualenv.py
[2022-07-22 21:56:58,797] {processor.py:654} INFO - DAG(s) dict_keys(['tutorial_taskflow_api_etl_virtualenv']) retrieved from /home/airflow/.local/lib/python3.7/site-packages/airflow/example_dags/tutorial_taskflow_api_etl_virtualenv.py
[2022-07-22 21:56:59,012] {logging_mixin.py:109} INFO - [2022-07-22 21:56:59,012] {dag.py:2396} INFO - Sync 1 DAGs
[2022-07-22 21:56:59,021] {logging_mixin.py:109} INFO - [2022-07-22 21:56:59,021] {dag.py:2935} INFO - Setting next_dagrun for tutorial_taskflow_api_etl_virtualenv to None
[2022-07-22 21:56:59,028] {processor.py:171} INFO - Processing /home/airflow/.local/lib/python3.7/site-packages/airflow/example_dags/tutorial_taskflow_api_etl_virtualenv.py took 0.255 seconds
[2022-07-22 21:57:29,576] {processor.py:163} INFO - Started process (PID=196) to work on /home/airflow/.local/lib/python3.7/site-packages/airflow/example_dags/tutorial_taskflow_api_etl_virtualenv.py
[2022-07-22 21:57:29,577] {processor.py:642} INFO - Processing file /home/airflow/.local/lib/python3.7/site-packages/airflow/example_dags/tutorial_taskflow_api_etl_virtualenv.py for tasks to queue
[2022-07-22 21:57:29,577] {logging_mixin.py:109} INFO - [2022-07-22 21:57:29,577] {dagbag.py:500} INFO - Filling up the DagBag from /home/airflow/.local/lib/python3.7/site-packages/airflow/example_dags/tutorial_taskflow_api_etl_virtualenv.py
[2022-07-22 21:57:29,597] {processor.py:654} INFO - DAG(s) dict_keys(['tutorial_taskflow_api_etl_virtualenv']) retrieved from /home/airflow/.local/lib/python3.7/site-packages/airflow/example_dags/tutorial_taskflow_api_etl_virtualenv.py
[2022-07-22 21:57:29,802] {logging_mixin.py:109} INFO - [2022-07-22 21:57:29,802] {dag.py:2396} INFO - Sync 1 DAGs
[2022-07-22 21:57:29,812] {logging_mixin.py:109} INFO - [2022-07-22 21:57:29,811] {dag.py:2935} INFO - Setting next_dagrun for tutorial_taskflow_api_etl_virtualenv to None
[2022-07-22 21:57:29,818] {processor.py:171} INFO - Processing /home/airflow/.local/lib/python3.7/site-packages/airflow/example_dags/tutorial_taskflow_api_etl_virtualenv.py took 0.244 seconds
[2022-07-22 21:58:00,486] {processor.py:163} INFO - Started process (PID=246) to work on /home/airflow/.local/lib/python3.7/site-packages/airflow/example_dags/tutorial_taskflow_api_etl_virtualenv.py
[2022-07-22 21:58:00,487] {processor.py:642} INFO - Processing file /home/airflow/.local/lib/python3.7/site-packages/airflow/example_dags/tutorial_taskflow_api_etl_virtualenv.py for tasks to queue
[2022-07-22 21:58:00,488] {logging_mixin.py:109} INFO - [2022-07-22 21:58:00,488] {dagbag.py:500} INFO - Filling up the DagBag from /home/airflow/.local/lib/python3.7/site-packages/airflow/example_dags/tutorial_taskflow_api_etl_virtualenv.py
[2022-07-22 21:58:00,506] {processor.py:654} INFO - DAG(s) dict_keys(['tutorial_taskflow_api_etl_virtualenv']) retrieved from /home/airflow/.local/lib/python3.7/site-packages/airflow/example_dags/tutorial_taskflow_api_etl_virtualenv.py
[2022-07-22 21:58:00,718] {logging_mixin.py:109} INFO - [2022-07-22 21:58:00,718] {dag.py:2396} INFO - Sync 1 DAGs
[2022-07-22 21:58:00,729] {logging_mixin.py:109} INFO - [2022-07-22 21:58:00,729] {dag.py:2935} INFO - Setting next_dagrun for tutorial_taskflow_api_etl_virtualenv to None
[2022-07-22 21:58:00,737] {processor.py:171} INFO - Processing /home/airflow/.local/lib/python3.7/site-packages/airflow/example_dags/tutorial_taskflow_api_etl_virtualenv.py took 0.252 seconds
[2022-07-22 21:58:31,468] {processor.py:163} INFO - Started process (PID=305) to work on /home/airflow/.local/lib/python3.7/site-packages/airflow/example_dags/tutorial_taskflow_api_etl_virtualenv.py
[2022-07-22 21:58:31,469] {processor.py:642} INFO - Processing file /home/airflow/.local/lib/python3.7/site-packages/airflow/example_dags/tutorial_taskflow_api_etl_virtualenv.py for tasks to queue
[2022-07-22 21:58:31,469] {logging_mixin.py:109} INFO - [2022-07-22 21:58:31,469] {dagbag.py:500} INFO - Filling up the DagBag from /home/airflow/.local/lib/python3.7/site-packages/airflow/example_dags/tutorial_taskflow_api_etl_virtualenv.py
[2022-07-22 21:58:31,489] {processor.py:654} INFO - DAG(s) dict_keys(['tutorial_taskflow_api_etl_virtualenv']) retrieved from /home/airflow/.local/lib/python3.7/site-packages/airflow/example_dags/tutorial_taskflow_api_etl_virtualenv.py
[2022-07-22 21:58:31,694] {logging_mixin.py:109} INFO - [2022-07-22 21:58:31,694] {dag.py:2396} INFO - Sync 1 DAGs
[2022-07-22 21:58:31,704] {logging_mixin.py:109} INFO - [2022-07-22 21:58:31,704] {dag.py:2935} INFO - Setting next_dagrun for tutorial_taskflow_api_etl_virtualenv to None
[2022-07-22 21:58:31,710] {processor.py:171} INFO - Processing /home/airflow/.local/lib/python3.7/site-packages/airflow/example_dags/tutorial_taskflow_api_etl_virtualenv.py took 0.244 seconds
[2022-07-22 21:59:02,012] {processor.py:163} INFO - Started process (PID=364) to work on /home/airflow/.local/lib/python3.7/site-packages/airflow/example_dags/tutorial_taskflow_api_etl_virtualenv.py
[2022-07-22 21:59:02,012] {processor.py:642} INFO - Processing file /home/airflow/.local/lib/python3.7/site-packages/airflow/example_dags/tutorial_taskflow_api_etl_virtualenv.py for tasks to queue
[2022-07-22 21:59:02,013] {logging_mixin.py:109} INFO - [2022-07-22 21:59:02,013] {dagbag.py:500} INFO - Filling up the DagBag from /home/airflow/.local/lib/python3.7/site-packages/airflow/example_dags/tutorial_taskflow_api_etl_virtualenv.py
[2022-07-22 21:59:02,035] {processor.py:654} INFO - DAG(s) dict_keys(['tutorial_taskflow_api_etl_virtualenv']) retrieved from /home/airflow/.local/lib/python3.7/site-packages/airflow/example_dags/tutorial_taskflow_api_etl_virtualenv.py
[2022-07-22 21:59:02,254] {logging_mixin.py:109} INFO - [2022-07-22 21:59:02,254] {dag.py:2396} INFO - Sync 1 DAGs
[2022-07-22 21:59:02,264] {logging_mixin.py:109} INFO - [2022-07-22 21:59:02,264] {dag.py:2935} INFO - Setting next_dagrun for tutorial_taskflow_api_etl_virtualenv to None
[2022-07-22 21:59:02,271] {processor.py:171} INFO - Processing /home/airflow/.local/lib/python3.7/site-packages/airflow/example_dags/tutorial_taskflow_api_etl_virtualenv.py took 0.261 seconds
[2022-07-22 21:59:33,042] {processor.py:163} INFO - Started process (PID=414) to work on /home/airflow/.local/lib/python3.7/site-packages/airflow/example_dags/tutorial_taskflow_api_etl_virtualenv.py
[2022-07-22 21:59:33,043] {processor.py:642} INFO - Processing file /home/airflow/.local/lib/python3.7/site-packages/airflow/example_dags/tutorial_taskflow_api_etl_virtualenv.py for tasks to queue
[2022-07-22 21:59:33,044] {logging_mixin.py:109} INFO - [2022-07-22 21:59:33,044] {dagbag.py:500} INFO - Filling up the DagBag from /home/airflow/.local/lib/python3.7/site-packages/airflow/example_dags/tutorial_taskflow_api_etl_virtualenv.py
[2022-07-22 21:59:33,063] {processor.py:654} INFO - DAG(s) dict_keys(['tutorial_taskflow_api_etl_virtualenv']) retrieved from /home/airflow/.local/lib/python3.7/site-packages/airflow/example_dags/tutorial_taskflow_api_etl_virtualenv.py
[2022-07-22 21:59:33,265] {logging_mixin.py:109} INFO - [2022-07-22 21:59:33,265] {dag.py:2396} INFO - Sync 1 DAGs
[2022-07-22 21:59:33,275] {logging_mixin.py:109} INFO - [2022-07-22 21:59:33,275] {dag.py:2935} INFO - Setting next_dagrun for tutorial_taskflow_api_etl_virtualenv to None
[2022-07-22 21:59:33,282] {processor.py:171} INFO - Processing /home/airflow/.local/lib/python3.7/site-packages/airflow/example_dags/tutorial_taskflow_api_etl_virtualenv.py took 0.241 seconds
[2022-07-22 22:00:03,466] {processor.py:163} INFO - Started process (PID=473) to work on /home/airflow/.local/lib/python3.7/site-packages/airflow/example_dags/tutorial_taskflow_api_etl_virtualenv.py
[2022-07-22 22:00:03,467] {processor.py:642} INFO - Processing file /home/airflow/.local/lib/python3.7/site-packages/airflow/example_dags/tutorial_taskflow_api_etl_virtualenv.py for tasks to queue
[2022-07-22 22:00:03,468] {logging_mixin.py:109} INFO - [2022-07-22 22:00:03,467] {dagbag.py:500} INFO - Filling up the DagBag from /home/airflow/.local/lib/python3.7/site-packages/airflow/example_dags/tutorial_taskflow_api_etl_virtualenv.py
[2022-07-22 22:00:03,488] {processor.py:654} INFO - DAG(s) dict_keys(['tutorial_taskflow_api_etl_virtualenv']) retrieved from /home/airflow/.local/lib/python3.7/site-packages/airflow/example_dags/tutorial_taskflow_api_etl_virtualenv.py
[2022-07-22 22:00:03,696] {logging_mixin.py:109} INFO - [2022-07-22 22:00:03,696] {dag.py:2396} INFO - Sync 1 DAGs
[2022-07-22 22:00:03,706] {logging_mixin.py:109} INFO - [2022-07-22 22:00:03,706] {dag.py:2935} INFO - Setting next_dagrun for tutorial_taskflow_api_etl_virtualenv to None
[2022-07-22 22:00:03,714] {processor.py:171} INFO - Processing /home/airflow/.local/lib/python3.7/site-packages/airflow/example_dags/tutorial_taskflow_api_etl_virtualenv.py took 0.249 seconds
[2022-07-22 22:00:34,138] {processor.py:163} INFO - Started process (PID=523) to work on /home/airflow/.local/lib/python3.7/site-packages/airflow/example_dags/tutorial_taskflow_api_etl_virtualenv.py
[2022-07-22 22:00:34,138] {processor.py:642} INFO - Processing file /home/airflow/.local/lib/python3.7/site-packages/airflow/example_dags/tutorial_taskflow_api_etl_virtualenv.py for tasks to queue
[2022-07-22 22:00:34,139] {logging_mixin.py:109} INFO - [2022-07-22 22:00:34,139] {dagbag.py:500} INFO - Filling up the DagBag from /home/airflow/.local/lib/python3.7/site-packages/airflow/example_dags/tutorial_taskflow_api_etl_virtualenv.py
[2022-07-22 22:00:34,158] {processor.py:654} INFO - DAG(s) dict_keys(['tutorial_taskflow_api_etl_virtualenv']) retrieved from /home/airflow/.local/lib/python3.7/site-packages/airflow/example_dags/tutorial_taskflow_api_etl_virtualenv.py
[2022-07-22 22:00:34,367] {logging_mixin.py:109} INFO - [2022-07-22 22:00:34,367] {dag.py:2396} INFO - Sync 1 DAGs
[2022-07-22 22:00:34,377] {logging_mixin.py:109} INFO - [2022-07-22 22:00:34,377] {dag.py:2935} INFO - Setting next_dagrun for tutorial_taskflow_api_etl_virtualenv to None
[2022-07-22 22:00:34,384] {processor.py:171} INFO - Processing /home/airflow/.local/lib/python3.7/site-packages/airflow/example_dags/tutorial_taskflow_api_etl_virtualenv.py took 0.248 seconds
[2022-07-22 22:01:04,849] {processor.py:163} INFO - Started process (PID=582) to work on /home/airflow/.local/lib/python3.7/site-packages/airflow/example_dags/tutorial_taskflow_api_etl_virtualenv.py
[2022-07-22 22:01:04,850] {processor.py:642} INFO - Processing file /home/airflow/.local/lib/python3.7/site-packages/airflow/example_dags/tutorial_taskflow_api_etl_virtualenv.py for tasks to queue
[2022-07-22 22:01:04,850] {logging_mixin.py:109} INFO - [2022-07-22 22:01:04,850] {dagbag.py:500} INFO - Filling up the DagBag from /home/airflow/.local/lib/python3.7/site-packages/airflow/example_dags/tutorial_taskflow_api_etl_virtualenv.py
[2022-07-22 22:01:04,871] {processor.py:654} INFO - DAG(s) dict_keys(['tutorial_taskflow_api_etl_virtualenv']) retrieved from /home/airflow/.local/lib/python3.7/site-packages/airflow/example_dags/tutorial_taskflow_api_etl_virtualenv.py
[2022-07-22 22:01:05,084] {logging_mixin.py:109} INFO - [2022-07-22 22:01:05,084] {dag.py:2396} INFO - Sync 1 DAGs
[2022-07-22 22:01:05,094] {logging_mixin.py:109} INFO - [2022-07-22 22:01:05,094] {dag.py:2935} INFO - Setting next_dagrun for tutorial_taskflow_api_etl_virtualenv to None
[2022-07-22 22:01:05,100] {processor.py:171} INFO - Processing /home/airflow/.local/lib/python3.7/site-packages/airflow/example_dags/tutorial_taskflow_api_etl_virtualenv.py took 0.253 seconds
[2022-07-22 22:01:35,605] {processor.py:163} INFO - Started process (PID=641) to work on /home/airflow/.local/lib/python3.7/site-packages/airflow/example_dags/tutorial_taskflow_api_etl_virtualenv.py
[2022-07-22 22:01:35,606] {processor.py:642} INFO - Processing file /home/airflow/.local/lib/python3.7/site-packages/airflow/example_dags/tutorial_taskflow_api_etl_virtualenv.py for tasks to queue
[2022-07-22 22:01:35,606] {logging_mixin.py:109} INFO - [2022-07-22 22:01:35,606] {dagbag.py:500} INFO - Filling up the DagBag from /home/airflow/.local/lib/python3.7/site-packages/airflow/example_dags/tutorial_taskflow_api_etl_virtualenv.py
[2022-07-22 22:01:35,628] {processor.py:654} INFO - DAG(s) dict_keys(['tutorial_taskflow_api_etl_virtualenv']) retrieved from /home/airflow/.local/lib/python3.7/site-packages/airflow/example_dags/tutorial_taskflow_api_etl_virtualenv.py
[2022-07-22 22:01:35,861] {logging_mixin.py:109} INFO - [2022-07-22 22:01:35,861] {dag.py:2396} INFO - Sync 1 DAGs
[2022-07-22 22:01:35,871] {logging_mixin.py:109} INFO - [2022-07-22 22:01:35,870] {dag.py:2935} INFO - Setting next_dagrun for tutorial_taskflow_api_etl_virtualenv to None
[2022-07-22 22:01:35,877] {processor.py:171} INFO - Processing /home/airflow/.local/lib/python3.7/site-packages/airflow/example_dags/tutorial_taskflow_api_etl_virtualenv.py took 0.274 seconds
[2022-07-22 22:02:06,215] {processor.py:163} INFO - Started process (PID=691) to work on /home/airflow/.local/lib/python3.7/site-packages/airflow/example_dags/tutorial_taskflow_api_etl_virtualenv.py
[2022-07-22 22:02:06,216] {processor.py:642} INFO - Processing file /home/airflow/.local/lib/python3.7/site-packages/airflow/example_dags/tutorial_taskflow_api_etl_virtualenv.py for tasks to queue
[2022-07-22 22:02:06,216] {logging_mixin.py:109} INFO - [2022-07-22 22:02:06,216] {dagbag.py:500} INFO - Filling up the DagBag from /home/airflow/.local/lib/python3.7/site-packages/airflow/example_dags/tutorial_taskflow_api_etl_virtualenv.py
[2022-07-22 22:02:06,236] {processor.py:654} INFO - DAG(s) dict_keys(['tutorial_taskflow_api_etl_virtualenv']) retrieved from /home/airflow/.local/lib/python3.7/site-packages/airflow/example_dags/tutorial_taskflow_api_etl_virtualenv.py
[2022-07-22 22:02:06,451] {logging_mixin.py:109} INFO - [2022-07-22 22:02:06,451] {dag.py:2396} INFO - Sync 1 DAGs
[2022-07-22 22:02:06,461] {logging_mixin.py:109} INFO - [2022-07-22 22:02:06,461] {dag.py:2935} INFO - Setting next_dagrun for tutorial_taskflow_api_etl_virtualenv to None
[2022-07-22 22:02:06,468] {processor.py:171} INFO - Processing /home/airflow/.local/lib/python3.7/site-packages/airflow/example_dags/tutorial_taskflow_api_etl_virtualenv.py took 0.255 seconds
[2022-07-22 22:02:36,763] {processor.py:163} INFO - Started process (PID=752) to work on /home/airflow/.local/lib/python3.7/site-packages/airflow/example_dags/tutorial_taskflow_api_etl_virtualenv.py
[2022-07-22 22:02:36,764] {processor.py:642} INFO - Processing file /home/airflow/.local/lib/python3.7/site-packages/airflow/example_dags/tutorial_taskflow_api_etl_virtualenv.py for tasks to queue
[2022-07-22 22:02:36,765] {logging_mixin.py:109} INFO - [2022-07-22 22:02:36,765] {dagbag.py:500} INFO - Filling up the DagBag from /home/airflow/.local/lib/python3.7/site-packages/airflow/example_dags/tutorial_taskflow_api_etl_virtualenv.py
[2022-07-22 22:02:36,785] {processor.py:654} INFO - DAG(s) dict_keys(['tutorial_taskflow_api_etl_virtualenv']) retrieved from /home/airflow/.local/lib/python3.7/site-packages/airflow/example_dags/tutorial_taskflow_api_etl_virtualenv.py
[2022-07-22 22:02:36,990] {logging_mixin.py:109} INFO - [2022-07-22 22:02:36,990] {dag.py:2396} INFO - Sync 1 DAGs
[2022-07-22 22:02:36,999] {logging_mixin.py:109} INFO - [2022-07-22 22:02:36,999] {dag.py:2935} INFO - Setting next_dagrun for tutorial_taskflow_api_etl_virtualenv to None
[2022-07-22 22:02:37,006] {processor.py:171} INFO - Processing /home/airflow/.local/lib/python3.7/site-packages/airflow/example_dags/tutorial_taskflow_api_etl_virtualenv.py took 0.245 seconds
[2022-07-22 22:03:07,403] {processor.py:163} INFO - Started process (PID=800) to work on /home/airflow/.local/lib/python3.7/site-packages/airflow/example_dags/tutorial_taskflow_api_etl_virtualenv.py
[2022-07-22 22:03:07,404] {processor.py:642} INFO - Processing file /home/airflow/.local/lib/python3.7/site-packages/airflow/example_dags/tutorial_taskflow_api_etl_virtualenv.py for tasks to queue
[2022-07-22 22:03:07,404] {logging_mixin.py:109} INFO - [2022-07-22 22:03:07,404] {dagbag.py:500} INFO - Filling up the DagBag from /home/airflow/.local/lib/python3.7/site-packages/airflow/example_dags/tutorial_taskflow_api_etl_virtualenv.py
[2022-07-22 22:03:07,425] {processor.py:654} INFO - DAG(s) dict_keys(['tutorial_taskflow_api_etl_virtualenv']) retrieved from /home/airflow/.local/lib/python3.7/site-packages/airflow/example_dags/tutorial_taskflow_api_etl_virtualenv.py
[2022-07-22 22:03:07,635] {logging_mixin.py:109} INFO - [2022-07-22 22:03:07,635] {dag.py:2396} INFO - Sync 1 DAGs
[2022-07-22 22:03:07,644] {logging_mixin.py:109} INFO - [2022-07-22 22:03:07,644] {dag.py:2935} INFO - Setting next_dagrun for tutorial_taskflow_api_etl_virtualenv to None
[2022-07-22 22:03:07,651] {processor.py:171} INFO - Processing /home/airflow/.local/lib/python3.7/site-packages/airflow/example_dags/tutorial_taskflow_api_etl_virtualenv.py took 0.250 seconds
[2022-07-22 22:03:38,251] {processor.py:163} INFO - Started process (PID=861) to work on /home/airflow/.local/lib/python3.7/site-packages/airflow/example_dags/tutorial_taskflow_api_etl_virtualenv.py
[2022-07-22 22:03:38,252] {processor.py:642} INFO - Processing file /home/airflow/.local/lib/python3.7/site-packages/airflow/example_dags/tutorial_taskflow_api_etl_virtualenv.py for tasks to queue
[2022-07-22 22:03:38,253] {logging_mixin.py:109} INFO - [2022-07-22 22:03:38,252] {dagbag.py:500} INFO - Filling up the DagBag from /home/airflow/.local/lib/python3.7/site-packages/airflow/example_dags/tutorial_taskflow_api_etl_virtualenv.py
[2022-07-22 22:03:38,273] {processor.py:654} INFO - DAG(s) dict_keys(['tutorial_taskflow_api_etl_virtualenv']) retrieved from /home/airflow/.local/lib/python3.7/site-packages/airflow/example_dags/tutorial_taskflow_api_etl_virtualenv.py
[2022-07-22 22:03:38,477] {logging_mixin.py:109} INFO - [2022-07-22 22:03:38,477] {dag.py:2396} INFO - Sync 1 DAGs
[2022-07-22 22:03:38,487] {logging_mixin.py:109} INFO - [2022-07-22 22:03:38,487] {dag.py:2935} INFO - Setting next_dagrun for tutorial_taskflow_api_etl_virtualenv to None
[2022-07-22 22:03:38,494] {processor.py:171} INFO - Processing /home/airflow/.local/lib/python3.7/site-packages/airflow/example_dags/tutorial_taskflow_api_etl_virtualenv.py took 0.244 seconds
[2022-07-22 22:04:08,734] {processor.py:163} INFO - Started process (PID=918) to work on /home/airflow/.local/lib/python3.7/site-packages/airflow/example_dags/tutorial_taskflow_api_etl_virtualenv.py
[2022-07-22 22:04:08,735] {processor.py:642} INFO - Processing file /home/airflow/.local/lib/python3.7/site-packages/airflow/example_dags/tutorial_taskflow_api_etl_virtualenv.py for tasks to queue
[2022-07-22 22:04:08,735] {logging_mixin.py:109} INFO - [2022-07-22 22:04:08,735] {dagbag.py:500} INFO - Filling up the DagBag from /home/airflow/.local/lib/python3.7/site-packages/airflow/example_dags/tutorial_taskflow_api_etl_virtualenv.py
[2022-07-22 22:04:08,755] {processor.py:654} INFO - DAG(s) dict_keys(['tutorial_taskflow_api_etl_virtualenv']) retrieved from /home/airflow/.local/lib/python3.7/site-packages/airflow/example_dags/tutorial_taskflow_api_etl_virtualenv.py
[2022-07-22 22:04:08,957] {logging_mixin.py:109} INFO - [2022-07-22 22:04:08,957] {dag.py:2396} INFO - Sync 1 DAGs
[2022-07-22 22:04:08,968] {logging_mixin.py:109} INFO - [2022-07-22 22:04:08,968] {dag.py:2935} INFO - Setting next_dagrun for tutorial_taskflow_api_etl_virtualenv to None
[2022-07-22 22:04:08,975] {processor.py:171} INFO - Processing /home/airflow/.local/lib/python3.7/site-packages/airflow/example_dags/tutorial_taskflow_api_etl_virtualenv.py took 0.243 seconds
[2022-07-22 22:04:39,392] {processor.py:163} INFO - Started process (PID=968) to work on /home/airflow/.local/lib/python3.7/site-packages/airflow/example_dags/tutorial_taskflow_api_etl_virtualenv.py
[2022-07-22 22:04:39,393] {processor.py:642} INFO - Processing file /home/airflow/.local/lib/python3.7/site-packages/airflow/example_dags/tutorial_taskflow_api_etl_virtualenv.py for tasks to queue
[2022-07-22 22:04:39,393] {logging_mixin.py:109} INFO - [2022-07-22 22:04:39,393] {dagbag.py:500} INFO - Filling up the DagBag from /home/airflow/.local/lib/python3.7/site-packages/airflow/example_dags/tutorial_taskflow_api_etl_virtualenv.py
[2022-07-22 22:04:39,413] {processor.py:654} INFO - DAG(s) dict_keys(['tutorial_taskflow_api_etl_virtualenv']) retrieved from /home/airflow/.local/lib/python3.7/site-packages/airflow/example_dags/tutorial_taskflow_api_etl_virtualenv.py
[2022-07-22 22:04:39,617] {logging_mixin.py:109} INFO - [2022-07-22 22:04:39,617] {dag.py:2396} INFO - Sync 1 DAGs
[2022-07-22 22:04:39,627] {logging_mixin.py:109} INFO - [2022-07-22 22:04:39,627] {dag.py:2935} INFO - Setting next_dagrun for tutorial_taskflow_api_etl_virtualenv to None
[2022-07-22 22:04:39,634] {processor.py:171} INFO - Processing /home/airflow/.local/lib/python3.7/site-packages/airflow/example_dags/tutorial_taskflow_api_etl_virtualenv.py took 0.244 seconds
[2022-07-22 22:05:10,173] {processor.py:163} INFO - Started process (PID=1027) to work on /home/airflow/.local/lib/python3.7/site-packages/airflow/example_dags/tutorial_taskflow_api_etl_virtualenv.py
[2022-07-22 22:05:10,174] {processor.py:642} INFO - Processing file /home/airflow/.local/lib/python3.7/site-packages/airflow/example_dags/tutorial_taskflow_api_etl_virtualenv.py for tasks to queue
[2022-07-22 22:05:10,175] {logging_mixin.py:109} INFO - [2022-07-22 22:05:10,175] {dagbag.py:500} INFO - Filling up the DagBag from /home/airflow/.local/lib/python3.7/site-packages/airflow/example_dags/tutorial_taskflow_api_etl_virtualenv.py
[2022-07-22 22:05:10,194] {processor.py:654} INFO - DAG(s) dict_keys(['tutorial_taskflow_api_etl_virtualenv']) retrieved from /home/airflow/.local/lib/python3.7/site-packages/airflow/example_dags/tutorial_taskflow_api_etl_virtualenv.py
[2022-07-22 22:05:10,395] {logging_mixin.py:109} INFO - [2022-07-22 22:05:10,395] {dag.py:2396} INFO - Sync 1 DAGs
[2022-07-22 22:05:10,405] {logging_mixin.py:109} INFO - [2022-07-22 22:05:10,405] {dag.py:2935} INFO - Setting next_dagrun for tutorial_taskflow_api_etl_virtualenv to None
[2022-07-22 22:05:10,412] {processor.py:171} INFO - Processing /home/airflow/.local/lib/python3.7/site-packages/airflow/example_dags/tutorial_taskflow_api_etl_virtualenv.py took 0.240 seconds
[2022-07-22 22:05:40,626] {processor.py:163} INFO - Started process (PID=1079) to work on /home/airflow/.local/lib/python3.7/site-packages/airflow/example_dags/tutorial_taskflow_api_etl_virtualenv.py
[2022-07-22 22:05:40,627] {processor.py:642} INFO - Processing file /home/airflow/.local/lib/python3.7/site-packages/airflow/example_dags/tutorial_taskflow_api_etl_virtualenv.py for tasks to queue
[2022-07-22 22:05:40,627] {logging_mixin.py:109} INFO - [2022-07-22 22:05:40,627] {dagbag.py:500} INFO - Filling up the DagBag from /home/airflow/.local/lib/python3.7/site-packages/airflow/example_dags/tutorial_taskflow_api_etl_virtualenv.py
[2022-07-22 22:05:40,647] {processor.py:654} INFO - DAG(s) dict_keys(['tutorial_taskflow_api_etl_virtualenv']) retrieved from /home/airflow/.local/lib/python3.7/site-packages/airflow/example_dags/tutorial_taskflow_api_etl_virtualenv.py
[2022-07-22 22:05:40,857] {logging_mixin.py:109} INFO - [2022-07-22 22:05:40,857] {dag.py:2396} INFO - Sync 1 DAGs
[2022-07-22 22:05:40,867] {logging_mixin.py:109} INFO - [2022-07-22 22:05:40,866] {dag.py:2935} INFO - Setting next_dagrun for tutorial_taskflow_api_etl_virtualenv to None
[2022-07-22 22:05:40,874] {processor.py:171} INFO - Processing /home/airflow/.local/lib/python3.7/site-packages/airflow/example_dags/tutorial_taskflow_api_etl_virtualenv.py took 0.250 seconds
[2022-07-22 22:06:11,245] {processor.py:163} INFO - Started process (PID=1138) to work on /home/airflow/.local/lib/python3.7/site-packages/airflow/example_dags/tutorial_taskflow_api_etl_virtualenv.py
[2022-07-22 22:06:11,246] {processor.py:642} INFO - Processing file /home/airflow/.local/lib/python3.7/site-packages/airflow/example_dags/tutorial_taskflow_api_etl_virtualenv.py for tasks to queue
[2022-07-22 22:06:11,246] {logging_mixin.py:109} INFO - [2022-07-22 22:06:11,246] {dagbag.py:500} INFO - Filling up the DagBag from /home/airflow/.local/lib/python3.7/site-packages/airflow/example_dags/tutorial_taskflow_api_etl_virtualenv.py
[2022-07-22 22:06:11,266] {processor.py:654} INFO - DAG(s) dict_keys(['tutorial_taskflow_api_etl_virtualenv']) retrieved from /home/airflow/.local/lib/python3.7/site-packages/airflow/example_dags/tutorial_taskflow_api_etl_virtualenv.py
[2022-07-22 22:06:11,471] {logging_mixin.py:109} INFO - [2022-07-22 22:06:11,471] {dag.py:2396} INFO - Sync 1 DAGs
[2022-07-22 22:06:11,481] {logging_mixin.py:109} INFO - [2022-07-22 22:06:11,481] {dag.py:2935} INFO - Setting next_dagrun for tutorial_taskflow_api_etl_virtualenv to None
[2022-07-22 22:06:11,488] {processor.py:171} INFO - Processing /home/airflow/.local/lib/python3.7/site-packages/airflow/example_dags/tutorial_taskflow_api_etl_virtualenv.py took 0.245 seconds
[2022-07-22 22:06:41,892] {processor.py:163} INFO - Started process (PID=1195) to work on /home/airflow/.local/lib/python3.7/site-packages/airflow/example_dags/tutorial_taskflow_api_etl_virtualenv.py
[2022-07-22 22:06:41,892] {processor.py:642} INFO - Processing file /home/airflow/.local/lib/python3.7/site-packages/airflow/example_dags/tutorial_taskflow_api_etl_virtualenv.py for tasks to queue
[2022-07-22 22:06:41,893] {logging_mixin.py:109} INFO - [2022-07-22 22:06:41,893] {dagbag.py:500} INFO - Filling up the DagBag from /home/airflow/.local/lib/python3.7/site-packages/airflow/example_dags/tutorial_taskflow_api_etl_virtualenv.py
[2022-07-22 22:06:41,916] {processor.py:654} INFO - DAG(s) dict_keys(['tutorial_taskflow_api_etl_virtualenv']) retrieved from /home/airflow/.local/lib/python3.7/site-packages/airflow/example_dags/tutorial_taskflow_api_etl_virtualenv.py
[2022-07-22 22:06:42,130] {logging_mixin.py:109} INFO - [2022-07-22 22:06:42,130] {dag.py:2396} INFO - Sync 1 DAGs
[2022-07-22 22:06:42,141] {logging_mixin.py:109} INFO - [2022-07-22 22:06:42,141] {dag.py:2935} INFO - Setting next_dagrun for tutorial_taskflow_api_etl_virtualenv to None
[2022-07-22 22:06:42,148] {processor.py:171} INFO - Processing /home/airflow/.local/lib/python3.7/site-packages/airflow/example_dags/tutorial_taskflow_api_etl_virtualenv.py took 0.259 seconds
[2022-07-22 22:07:12,588] {processor.py:163} INFO - Started process (PID=1245) to work on /home/airflow/.local/lib/python3.7/site-packages/airflow/example_dags/tutorial_taskflow_api_etl_virtualenv.py
[2022-07-22 22:07:12,589] {processor.py:642} INFO - Processing file /home/airflow/.local/lib/python3.7/site-packages/airflow/example_dags/tutorial_taskflow_api_etl_virtualenv.py for tasks to queue
[2022-07-22 22:07:12,589] {logging_mixin.py:109} INFO - [2022-07-22 22:07:12,589] {dagbag.py:500} INFO - Filling up the DagBag from /home/airflow/.local/lib/python3.7/site-packages/airflow/example_dags/tutorial_taskflow_api_etl_virtualenv.py
[2022-07-22 22:07:12,610] {processor.py:654} INFO - DAG(s) dict_keys(['tutorial_taskflow_api_etl_virtualenv']) retrieved from /home/airflow/.local/lib/python3.7/site-packages/airflow/example_dags/tutorial_taskflow_api_etl_virtualenv.py
[2022-07-22 22:07:12,811] {logging_mixin.py:109} INFO - [2022-07-22 22:07:12,811] {dag.py:2396} INFO - Sync 1 DAGs
[2022-07-22 22:07:12,822] {logging_mixin.py:109} INFO - [2022-07-22 22:07:12,822] {dag.py:2935} INFO - Setting next_dagrun for tutorial_taskflow_api_etl_virtualenv to None
[2022-07-22 22:07:12,828] {processor.py:171} INFO - Processing /home/airflow/.local/lib/python3.7/site-packages/airflow/example_dags/tutorial_taskflow_api_etl_virtualenv.py took 0.243 seconds
[2022-07-22 22:07:43,136] {processor.py:163} INFO - Started process (PID=1306) to work on /home/airflow/.local/lib/python3.7/site-packages/airflow/example_dags/tutorial_taskflow_api_etl_virtualenv.py
[2022-07-22 22:07:43,137] {processor.py:642} INFO - Processing file /home/airflow/.local/lib/python3.7/site-packages/airflow/example_dags/tutorial_taskflow_api_etl_virtualenv.py for tasks to queue
[2022-07-22 22:07:43,138] {logging_mixin.py:109} INFO - [2022-07-22 22:07:43,138] {dagbag.py:500} INFO - Filling up the DagBag from /home/airflow/.local/lib/python3.7/site-packages/airflow/example_dags/tutorial_taskflow_api_etl_virtualenv.py
[2022-07-22 22:07:43,159] {processor.py:654} INFO - DAG(s) dict_keys(['tutorial_taskflow_api_etl_virtualenv']) retrieved from /home/airflow/.local/lib/python3.7/site-packages/airflow/example_dags/tutorial_taskflow_api_etl_virtualenv.py
[2022-07-22 22:07:43,363] {logging_mixin.py:109} INFO - [2022-07-22 22:07:43,363] {dag.py:2396} INFO - Sync 1 DAGs
[2022-07-22 22:07:43,374] {logging_mixin.py:109} INFO - [2022-07-22 22:07:43,374] {dag.py:2935} INFO - Setting next_dagrun for tutorial_taskflow_api_etl_virtualenv to None
[2022-07-22 22:07:43,380] {processor.py:171} INFO - Processing /home/airflow/.local/lib/python3.7/site-packages/airflow/example_dags/tutorial_taskflow_api_etl_virtualenv.py took 0.246 seconds
[2022-07-22 22:08:13,888] {processor.py:163} INFO - Started process (PID=1354) to work on /home/airflow/.local/lib/python3.7/site-packages/airflow/example_dags/tutorial_taskflow_api_etl_virtualenv.py
[2022-07-22 22:08:13,889] {processor.py:642} INFO - Processing file /home/airflow/.local/lib/python3.7/site-packages/airflow/example_dags/tutorial_taskflow_api_etl_virtualenv.py for tasks to queue
[2022-07-22 22:08:13,890] {logging_mixin.py:109} INFO - [2022-07-22 22:08:13,890] {dagbag.py:500} INFO - Filling up the DagBag from /home/airflow/.local/lib/python3.7/site-packages/airflow/example_dags/tutorial_taskflow_api_etl_virtualenv.py
[2022-07-22 22:08:13,909] {processor.py:654} INFO - DAG(s) dict_keys(['tutorial_taskflow_api_etl_virtualenv']) retrieved from /home/airflow/.local/lib/python3.7/site-packages/airflow/example_dags/tutorial_taskflow_api_etl_virtualenv.py
[2022-07-22 22:08:14,113] {logging_mixin.py:109} INFO - [2022-07-22 22:08:14,113] {dag.py:2396} INFO - Sync 1 DAGs
[2022-07-22 22:08:14,123] {logging_mixin.py:109} INFO - [2022-07-22 22:08:14,123] {dag.py:2935} INFO - Setting next_dagrun for tutorial_taskflow_api_etl_virtualenv to None
[2022-07-22 22:08:14,130] {processor.py:171} INFO - Processing /home/airflow/.local/lib/python3.7/site-packages/airflow/example_dags/tutorial_taskflow_api_etl_virtualenv.py took 0.244 seconds
[2022-07-22 22:08:45,534] {processor.py:163} INFO - Started process (PID=1413) to work on /home/airflow/.local/lib/python3.7/site-packages/airflow/example_dags/tutorial_taskflow_api_etl_virtualenv.py
[2022-07-22 22:08:45,535] {processor.py:642} INFO - Processing file /home/airflow/.local/lib/python3.7/site-packages/airflow/example_dags/tutorial_taskflow_api_etl_virtualenv.py for tasks to queue
[2022-07-22 22:08:45,536] {logging_mixin.py:109} INFO - [2022-07-22 22:08:45,536] {dagbag.py:500} INFO - Filling up the DagBag from /home/airflow/.local/lib/python3.7/site-packages/airflow/example_dags/tutorial_taskflow_api_etl_virtualenv.py
[2022-07-22 22:08:45,571] {processor.py:654} INFO - DAG(s) dict_keys(['tutorial_taskflow_api_etl_virtualenv']) retrieved from /home/airflow/.local/lib/python3.7/site-packages/airflow/example_dags/tutorial_taskflow_api_etl_virtualenv.py
[2022-07-22 22:08:45,985] {logging_mixin.py:109} INFO - [2022-07-22 22:08:45,985] {dag.py:2396} INFO - Sync 1 DAGs
[2022-07-22 22:08:46,002] {logging_mixin.py:109} INFO - [2022-07-22 22:08:46,002] {dag.py:2935} INFO - Setting next_dagrun for tutorial_taskflow_api_etl_virtualenv to None
[2022-07-22 22:08:46,013] {processor.py:171} INFO - Processing /home/airflow/.local/lib/python3.7/site-packages/airflow/example_dags/tutorial_taskflow_api_etl_virtualenv.py took 0.482 seconds
[2022-07-22 22:09:16,841] {processor.py:163} INFO - Started process (PID=1463) to work on /home/airflow/.local/lib/python3.7/site-packages/airflow/example_dags/tutorial_taskflow_api_etl_virtualenv.py
[2022-07-22 22:09:16,842] {processor.py:642} INFO - Processing file /home/airflow/.local/lib/python3.7/site-packages/airflow/example_dags/tutorial_taskflow_api_etl_virtualenv.py for tasks to queue
[2022-07-22 22:09:16,843] {logging_mixin.py:109} INFO - [2022-07-22 22:09:16,843] {dagbag.py:500} INFO - Filling up the DagBag from /home/airflow/.local/lib/python3.7/site-packages/airflow/example_dags/tutorial_taskflow_api_etl_virtualenv.py
[2022-07-22 22:09:16,869] {processor.py:654} INFO - DAG(s) dict_keys(['tutorial_taskflow_api_etl_virtualenv']) retrieved from /home/airflow/.local/lib/python3.7/site-packages/airflow/example_dags/tutorial_taskflow_api_etl_virtualenv.py
[2022-07-22 22:09:17,117] {logging_mixin.py:109} INFO - [2022-07-22 22:09:17,117] {dag.py:2396} INFO - Sync 1 DAGs
[2022-07-22 22:09:17,127] {logging_mixin.py:109} INFO - [2022-07-22 22:09:17,127] {dag.py:2935} INFO - Setting next_dagrun for tutorial_taskflow_api_etl_virtualenv to None
[2022-07-22 22:09:17,134] {processor.py:171} INFO - Processing /home/airflow/.local/lib/python3.7/site-packages/airflow/example_dags/tutorial_taskflow_api_etl_virtualenv.py took 0.295 seconds
[2022-07-22 22:09:47,880] {processor.py:163} INFO - Started process (PID=1522) to work on /home/airflow/.local/lib/python3.7/site-packages/airflow/example_dags/tutorial_taskflow_api_etl_virtualenv.py
[2022-07-22 22:09:47,881] {processor.py:642} INFO - Processing file /home/airflow/.local/lib/python3.7/site-packages/airflow/example_dags/tutorial_taskflow_api_etl_virtualenv.py for tasks to queue
[2022-07-22 22:09:47,881] {logging_mixin.py:109} INFO - [2022-07-22 22:09:47,881] {dagbag.py:500} INFO - Filling up the DagBag from /home/airflow/.local/lib/python3.7/site-packages/airflow/example_dags/tutorial_taskflow_api_etl_virtualenv.py
[2022-07-22 22:09:47,904] {processor.py:654} INFO - DAG(s) dict_keys(['tutorial_taskflow_api_etl_virtualenv']) retrieved from /home/airflow/.local/lib/python3.7/site-packages/airflow/example_dags/tutorial_taskflow_api_etl_virtualenv.py
[2022-07-22 22:09:48,137] {logging_mixin.py:109} INFO - [2022-07-22 22:09:48,137] {dag.py:2396} INFO - Sync 1 DAGs
[2022-07-22 22:09:48,147] {logging_mixin.py:109} INFO - [2022-07-22 22:09:48,147] {dag.py:2935} INFO - Setting next_dagrun for tutorial_taskflow_api_etl_virtualenv to None
[2022-07-22 22:09:48,156] {processor.py:171} INFO - Processing /home/airflow/.local/lib/python3.7/site-packages/airflow/example_dags/tutorial_taskflow_api_etl_virtualenv.py took 0.279 seconds
[2022-07-22 22:10:18,621] {processor.py:163} INFO - Started process (PID=1581) to work on /home/airflow/.local/lib/python3.7/site-packages/airflow/example_dags/tutorial_taskflow_api_etl_virtualenv.py
[2022-07-22 22:10:18,622] {processor.py:642} INFO - Processing file /home/airflow/.local/lib/python3.7/site-packages/airflow/example_dags/tutorial_taskflow_api_etl_virtualenv.py for tasks to queue
[2022-07-22 22:10:18,622] {logging_mixin.py:109} INFO - [2022-07-22 22:10:18,622] {dagbag.py:500} INFO - Filling up the DagBag from /home/airflow/.local/lib/python3.7/site-packages/airflow/example_dags/tutorial_taskflow_api_etl_virtualenv.py
[2022-07-22 22:10:18,642] {processor.py:654} INFO - DAG(s) dict_keys(['tutorial_taskflow_api_etl_virtualenv']) retrieved from /home/airflow/.local/lib/python3.7/site-packages/airflow/example_dags/tutorial_taskflow_api_etl_virtualenv.py
[2022-07-22 22:10:18,874] {logging_mixin.py:109} INFO - [2022-07-22 22:10:18,874] {dag.py:2396} INFO - Sync 1 DAGs
[2022-07-22 22:10:18,887] {logging_mixin.py:109} INFO - [2022-07-22 22:10:18,887] {dag.py:2935} INFO - Setting next_dagrun for tutorial_taskflow_api_etl_virtualenv to None
[2022-07-22 22:10:18,895] {processor.py:171} INFO - Processing /home/airflow/.local/lib/python3.7/site-packages/airflow/example_dags/tutorial_taskflow_api_etl_virtualenv.py took 0.276 seconds
[2022-07-22 22:10:49,569] {processor.py:163} INFO - Started process (PID=1631) to work on /home/airflow/.local/lib/python3.7/site-packages/airflow/example_dags/tutorial_taskflow_api_etl_virtualenv.py
[2022-07-22 22:10:49,570] {processor.py:642} INFO - Processing file /home/airflow/.local/lib/python3.7/site-packages/airflow/example_dags/tutorial_taskflow_api_etl_virtualenv.py for tasks to queue
[2022-07-22 22:10:49,571] {logging_mixin.py:109} INFO - [2022-07-22 22:10:49,571] {dagbag.py:500} INFO - Filling up the DagBag from /home/airflow/.local/lib/python3.7/site-packages/airflow/example_dags/tutorial_taskflow_api_etl_virtualenv.py
[2022-07-22 22:10:49,598] {processor.py:654} INFO - DAG(s) dict_keys(['tutorial_taskflow_api_etl_virtualenv']) retrieved from /home/airflow/.local/lib/python3.7/site-packages/airflow/example_dags/tutorial_taskflow_api_etl_virtualenv.py
[2022-07-22 22:10:49,862] {logging_mixin.py:109} INFO - [2022-07-22 22:10:49,862] {dag.py:2396} INFO - Sync 1 DAGs
[2022-07-22 22:10:49,873] {logging_mixin.py:109} INFO - [2022-07-22 22:10:49,873] {dag.py:2935} INFO - Setting next_dagrun for tutorial_taskflow_api_etl_virtualenv to None
[2022-07-22 22:10:49,881] {processor.py:171} INFO - Processing /home/airflow/.local/lib/python3.7/site-packages/airflow/example_dags/tutorial_taskflow_api_etl_virtualenv.py took 0.313 seconds
[2022-07-22 22:11:20,289] {processor.py:163} INFO - Started process (PID=1690) to work on /home/airflow/.local/lib/python3.7/site-packages/airflow/example_dags/tutorial_taskflow_api_etl_virtualenv.py
[2022-07-22 22:11:20,290] {processor.py:642} INFO - Processing file /home/airflow/.local/lib/python3.7/site-packages/airflow/example_dags/tutorial_taskflow_api_etl_virtualenv.py for tasks to queue
[2022-07-22 22:11:20,291] {logging_mixin.py:109} INFO - [2022-07-22 22:11:20,291] {dagbag.py:500} INFO - Filling up the DagBag from /home/airflow/.local/lib/python3.7/site-packages/airflow/example_dags/tutorial_taskflow_api_etl_virtualenv.py
[2022-07-22 22:11:20,310] {processor.py:654} INFO - DAG(s) dict_keys(['tutorial_taskflow_api_etl_virtualenv']) retrieved from /home/airflow/.local/lib/python3.7/site-packages/airflow/example_dags/tutorial_taskflow_api_etl_virtualenv.py
[2022-07-22 22:11:20,525] {logging_mixin.py:109} INFO - [2022-07-22 22:11:20,525] {dag.py:2396} INFO - Sync 1 DAGs
[2022-07-22 22:11:20,534] {logging_mixin.py:109} INFO - [2022-07-22 22:11:20,534] {dag.py:2935} INFO - Setting next_dagrun for tutorial_taskflow_api_etl_virtualenv to None
[2022-07-22 22:11:20,541] {processor.py:171} INFO - Processing /home/airflow/.local/lib/python3.7/site-packages/airflow/example_dags/tutorial_taskflow_api_etl_virtualenv.py took 0.254 seconds
[2022-07-22 22:11:51,177] {processor.py:163} INFO - Started process (PID=1740) to work on /home/airflow/.local/lib/python3.7/site-packages/airflow/example_dags/tutorial_taskflow_api_etl_virtualenv.py
[2022-07-22 22:11:51,178] {processor.py:642} INFO - Processing file /home/airflow/.local/lib/python3.7/site-packages/airflow/example_dags/tutorial_taskflow_api_etl_virtualenv.py for tasks to queue
[2022-07-22 22:11:51,178] {logging_mixin.py:109} INFO - [2022-07-22 22:11:51,178] {dagbag.py:500} INFO - Filling up the DagBag from /home/airflow/.local/lib/python3.7/site-packages/airflow/example_dags/tutorial_taskflow_api_etl_virtualenv.py
[2022-07-22 22:11:51,197] {processor.py:654} INFO - DAG(s) dict_keys(['tutorial_taskflow_api_etl_virtualenv']) retrieved from /home/airflow/.local/lib/python3.7/site-packages/airflow/example_dags/tutorial_taskflow_api_etl_virtualenv.py
[2022-07-22 22:11:51,446] {logging_mixin.py:109} INFO - [2022-07-22 22:11:51,446] {dag.py:2396} INFO - Sync 1 DAGs
[2022-07-22 22:11:51,461] {logging_mixin.py:109} INFO - [2022-07-22 22:11:51,461] {dag.py:2935} INFO - Setting next_dagrun for tutorial_taskflow_api_etl_virtualenv to None
[2022-07-22 22:11:51,470] {processor.py:171} INFO - Processing /home/airflow/.local/lib/python3.7/site-packages/airflow/example_dags/tutorial_taskflow_api_etl_virtualenv.py took 0.295 seconds
[2022-07-22 22:12:22,018] {processor.py:163} INFO - Started process (PID=1799) to work on /home/airflow/.local/lib/python3.7/site-packages/airflow/example_dags/tutorial_taskflow_api_etl_virtualenv.py
[2022-07-22 22:12:22,019] {processor.py:642} INFO - Processing file /home/airflow/.local/lib/python3.7/site-packages/airflow/example_dags/tutorial_taskflow_api_etl_virtualenv.py for tasks to queue
[2022-07-22 22:12:22,020] {logging_mixin.py:109} INFO - [2022-07-22 22:12:22,019] {dagbag.py:500} INFO - Filling up the DagBag from /home/airflow/.local/lib/python3.7/site-packages/airflow/example_dags/tutorial_taskflow_api_etl_virtualenv.py
[2022-07-22 22:12:22,042] {processor.py:654} INFO - DAG(s) dict_keys(['tutorial_taskflow_api_etl_virtualenv']) retrieved from /home/airflow/.local/lib/python3.7/site-packages/airflow/example_dags/tutorial_taskflow_api_etl_virtualenv.py
[2022-07-22 22:12:22,266] {logging_mixin.py:109} INFO - [2022-07-22 22:12:22,266] {dag.py:2396} INFO - Sync 1 DAGs
[2022-07-22 22:12:22,280] {logging_mixin.py:109} INFO - [2022-07-22 22:12:22,280] {dag.py:2935} INFO - Setting next_dagrun for tutorial_taskflow_api_etl_virtualenv to None
[2022-07-22 22:12:22,289] {processor.py:171} INFO - Processing /home/airflow/.local/lib/python3.7/site-packages/airflow/example_dags/tutorial_taskflow_api_etl_virtualenv.py took 0.273 seconds
[2022-07-22 22:12:52,928] {processor.py:163} INFO - Started process (PID=1849) to work on /home/airflow/.local/lib/python3.7/site-packages/airflow/example_dags/tutorial_taskflow_api_etl_virtualenv.py
[2022-07-22 22:12:52,929] {processor.py:642} INFO - Processing file /home/airflow/.local/lib/python3.7/site-packages/airflow/example_dags/tutorial_taskflow_api_etl_virtualenv.py for tasks to queue
[2022-07-22 22:12:52,930] {logging_mixin.py:109} INFO - [2022-07-22 22:12:52,930] {dagbag.py:500} INFO - Filling up the DagBag from /home/airflow/.local/lib/python3.7/site-packages/airflow/example_dags/tutorial_taskflow_api_etl_virtualenv.py
[2022-07-22 22:12:52,987] {processor.py:654} INFO - DAG(s) dict_keys(['tutorial_taskflow_api_etl_virtualenv']) retrieved from /home/airflow/.local/lib/python3.7/site-packages/airflow/example_dags/tutorial_taskflow_api_etl_virtualenv.py
[2022-07-22 22:12:53,224] {logging_mixin.py:109} INFO - [2022-07-22 22:12:53,224] {dag.py:2396} INFO - Sync 1 DAGs
[2022-07-22 22:12:53,236] {logging_mixin.py:109} INFO - [2022-07-22 22:12:53,236] {dag.py:2935} INFO - Setting next_dagrun for tutorial_taskflow_api_etl_virtualenv to None
[2022-07-22 22:12:53,246] {processor.py:171} INFO - Processing /home/airflow/.local/lib/python3.7/site-packages/airflow/example_dags/tutorial_taskflow_api_etl_virtualenv.py took 0.320 seconds
[2022-07-22 22:13:23,602] {processor.py:163} INFO - Started process (PID=1908) to work on /home/airflow/.local/lib/python3.7/site-packages/airflow/example_dags/tutorial_taskflow_api_etl_virtualenv.py
[2022-07-22 22:13:23,602] {processor.py:642} INFO - Processing file /home/airflow/.local/lib/python3.7/site-packages/airflow/example_dags/tutorial_taskflow_api_etl_virtualenv.py for tasks to queue
[2022-07-22 22:13:23,603] {logging_mixin.py:109} INFO - [2022-07-22 22:13:23,603] {dagbag.py:500} INFO - Filling up the DagBag from /home/airflow/.local/lib/python3.7/site-packages/airflow/example_dags/tutorial_taskflow_api_etl_virtualenv.py
[2022-07-22 22:13:23,621] {processor.py:654} INFO - DAG(s) dict_keys(['tutorial_taskflow_api_etl_virtualenv']) retrieved from /home/airflow/.local/lib/python3.7/site-packages/airflow/example_dags/tutorial_taskflow_api_etl_virtualenv.py
[2022-07-22 22:13:23,824] {logging_mixin.py:109} INFO - [2022-07-22 22:13:23,824] {dag.py:2396} INFO - Sync 1 DAGs
[2022-07-22 22:13:23,834] {logging_mixin.py:109} INFO - [2022-07-22 22:13:23,834] {dag.py:2935} INFO - Setting next_dagrun for tutorial_taskflow_api_etl_virtualenv to None
[2022-07-22 22:13:23,840] {processor.py:171} INFO - Processing /home/airflow/.local/lib/python3.7/site-packages/airflow/example_dags/tutorial_taskflow_api_etl_virtualenv.py took 0.241 seconds
[2022-07-22 22:13:54,306] {processor.py:163} INFO - Started process (PID=1967) to work on /home/airflow/.local/lib/python3.7/site-packages/airflow/example_dags/tutorial_taskflow_api_etl_virtualenv.py
[2022-07-22 22:13:54,307] {processor.py:642} INFO - Processing file /home/airflow/.local/lib/python3.7/site-packages/airflow/example_dags/tutorial_taskflow_api_etl_virtualenv.py for tasks to queue
[2022-07-22 22:13:54,307] {logging_mixin.py:109} INFO - [2022-07-22 22:13:54,307] {dagbag.py:500} INFO - Filling up the DagBag from /home/airflow/.local/lib/python3.7/site-packages/airflow/example_dags/tutorial_taskflow_api_etl_virtualenv.py
[2022-07-22 22:13:54,329] {processor.py:654} INFO - DAG(s) dict_keys(['tutorial_taskflow_api_etl_virtualenv']) retrieved from /home/airflow/.local/lib/python3.7/site-packages/airflow/example_dags/tutorial_taskflow_api_etl_virtualenv.py
[2022-07-22 22:13:54,542] {logging_mixin.py:109} INFO - [2022-07-22 22:13:54,542] {dag.py:2396} INFO - Sync 1 DAGs
[2022-07-22 22:13:54,551] {logging_mixin.py:109} INFO - [2022-07-22 22:13:54,551] {dag.py:2935} INFO - Setting next_dagrun for tutorial_taskflow_api_etl_virtualenv to None
[2022-07-22 22:13:54,558] {processor.py:171} INFO - Processing /home/airflow/.local/lib/python3.7/site-packages/airflow/example_dags/tutorial_taskflow_api_etl_virtualenv.py took 0.254 seconds
[2022-07-22 22:14:24,873] {processor.py:163} INFO - Started process (PID=2017) to work on /home/airflow/.local/lib/python3.7/site-packages/airflow/example_dags/tutorial_taskflow_api_etl_virtualenv.py
[2022-07-22 22:14:24,874] {processor.py:642} INFO - Processing file /home/airflow/.local/lib/python3.7/site-packages/airflow/example_dags/tutorial_taskflow_api_etl_virtualenv.py for tasks to queue
[2022-07-22 22:14:24,874] {logging_mixin.py:109} INFO - [2022-07-22 22:14:24,874] {dagbag.py:500} INFO - Filling up the DagBag from /home/airflow/.local/lib/python3.7/site-packages/airflow/example_dags/tutorial_taskflow_api_etl_virtualenv.py
[2022-07-22 22:14:24,893] {processor.py:654} INFO - DAG(s) dict_keys(['tutorial_taskflow_api_etl_virtualenv']) retrieved from /home/airflow/.local/lib/python3.7/site-packages/airflow/example_dags/tutorial_taskflow_api_etl_virtualenv.py
[2022-07-22 22:14:25,100] {logging_mixin.py:109} INFO - [2022-07-22 22:14:25,100] {dag.py:2396} INFO - Sync 1 DAGs
[2022-07-22 22:14:25,109] {logging_mixin.py:109} INFO - [2022-07-22 22:14:25,109] {dag.py:2935} INFO - Setting next_dagrun for tutorial_taskflow_api_etl_virtualenv to None
[2022-07-22 22:14:25,116] {processor.py:171} INFO - Processing /home/airflow/.local/lib/python3.7/site-packages/airflow/example_dags/tutorial_taskflow_api_etl_virtualenv.py took 0.245 seconds
[2022-07-22 22:14:55,418] {processor.py:163} INFO - Started process (PID=2077) to work on /home/airflow/.local/lib/python3.7/site-packages/airflow/example_dags/tutorial_taskflow_api_etl_virtualenv.py
[2022-07-22 22:14:55,418] {processor.py:642} INFO - Processing file /home/airflow/.local/lib/python3.7/site-packages/airflow/example_dags/tutorial_taskflow_api_etl_virtualenv.py for tasks to queue
[2022-07-22 22:14:55,419] {logging_mixin.py:109} INFO - [2022-07-22 22:14:55,419] {dagbag.py:500} INFO - Filling up the DagBag from /home/airflow/.local/lib/python3.7/site-packages/airflow/example_dags/tutorial_taskflow_api_etl_virtualenv.py
[2022-07-22 22:14:55,441] {processor.py:654} INFO - DAG(s) dict_keys(['tutorial_taskflow_api_etl_virtualenv']) retrieved from /home/airflow/.local/lib/python3.7/site-packages/airflow/example_dags/tutorial_taskflow_api_etl_virtualenv.py
[2022-07-22 22:14:55,656] {logging_mixin.py:109} INFO - [2022-07-22 22:14:55,656] {dag.py:2396} INFO - Sync 1 DAGs
[2022-07-22 22:14:55,666] {logging_mixin.py:109} INFO - [2022-07-22 22:14:55,665] {dag.py:2935} INFO - Setting next_dagrun for tutorial_taskflow_api_etl_virtualenv to None
[2022-07-22 22:14:55,672] {processor.py:171} INFO - Processing /home/airflow/.local/lib/python3.7/site-packages/airflow/example_dags/tutorial_taskflow_api_etl_virtualenv.py took 0.257 seconds
[2022-07-22 22:15:26,143] {processor.py:163} INFO - Started process (PID=2127) to work on /home/airflow/.local/lib/python3.7/site-packages/airflow/example_dags/tutorial_taskflow_api_etl_virtualenv.py
[2022-07-22 22:15:26,144] {processor.py:642} INFO - Processing file /home/airflow/.local/lib/python3.7/site-packages/airflow/example_dags/tutorial_taskflow_api_etl_virtualenv.py for tasks to queue
[2022-07-22 22:15:26,144] {logging_mixin.py:109} INFO - [2022-07-22 22:15:26,144] {dagbag.py:500} INFO - Filling up the DagBag from /home/airflow/.local/lib/python3.7/site-packages/airflow/example_dags/tutorial_taskflow_api_etl_virtualenv.py
[2022-07-22 22:15:26,164] {processor.py:654} INFO - DAG(s) dict_keys(['tutorial_taskflow_api_etl_virtualenv']) retrieved from /home/airflow/.local/lib/python3.7/site-packages/airflow/example_dags/tutorial_taskflow_api_etl_virtualenv.py
[2022-07-22 22:15:26,372] {logging_mixin.py:109} INFO - [2022-07-22 22:15:26,372] {dag.py:2396} INFO - Sync 1 DAGs
[2022-07-22 22:15:26,382] {logging_mixin.py:109} INFO - [2022-07-22 22:15:26,382] {dag.py:2935} INFO - Setting next_dagrun for tutorial_taskflow_api_etl_virtualenv to None
[2022-07-22 22:15:26,389] {processor.py:171} INFO - Processing /home/airflow/.local/lib/python3.7/site-packages/airflow/example_dags/tutorial_taskflow_api_etl_virtualenv.py took 0.248 seconds
[2022-07-22 22:15:56,732] {processor.py:163} INFO - Started process (PID=2186) to work on /home/airflow/.local/lib/python3.7/site-packages/airflow/example_dags/tutorial_taskflow_api_etl_virtualenv.py
[2022-07-22 22:15:56,733] {processor.py:642} INFO - Processing file /home/airflow/.local/lib/python3.7/site-packages/airflow/example_dags/tutorial_taskflow_api_etl_virtualenv.py for tasks to queue
[2022-07-22 22:15:56,734] {logging_mixin.py:109} INFO - [2022-07-22 22:15:56,733] {dagbag.py:500} INFO - Filling up the DagBag from /home/airflow/.local/lib/python3.7/site-packages/airflow/example_dags/tutorial_taskflow_api_etl_virtualenv.py
[2022-07-22 22:15:56,759] {processor.py:654} INFO - DAG(s) dict_keys(['tutorial_taskflow_api_etl_virtualenv']) retrieved from /home/airflow/.local/lib/python3.7/site-packages/airflow/example_dags/tutorial_taskflow_api_etl_virtualenv.py
[2022-07-22 22:15:56,995] {logging_mixin.py:109} INFO - [2022-07-22 22:15:56,995] {dag.py:2396} INFO - Sync 1 DAGs
[2022-07-22 22:15:57,006] {logging_mixin.py:109} INFO - [2022-07-22 22:15:57,006] {dag.py:2935} INFO - Setting next_dagrun for tutorial_taskflow_api_etl_virtualenv to None
[2022-07-22 22:15:57,013] {processor.py:171} INFO - Processing /home/airflow/.local/lib/python3.7/site-packages/airflow/example_dags/tutorial_taskflow_api_etl_virtualenv.py took 0.283 seconds
[2022-07-22 22:16:27,392] {processor.py:163} INFO - Started process (PID=2245) to work on /home/airflow/.local/lib/python3.7/site-packages/airflow/example_dags/tutorial_taskflow_api_etl_virtualenv.py
[2022-07-22 22:16:27,393] {processor.py:642} INFO - Processing file /home/airflow/.local/lib/python3.7/site-packages/airflow/example_dags/tutorial_taskflow_api_etl_virtualenv.py for tasks to queue
[2022-07-22 22:16:27,394] {logging_mixin.py:109} INFO - [2022-07-22 22:16:27,393] {dagbag.py:500} INFO - Filling up the DagBag from /home/airflow/.local/lib/python3.7/site-packages/airflow/example_dags/tutorial_taskflow_api_etl_virtualenv.py
[2022-07-22 22:16:27,414] {processor.py:654} INFO - DAG(s) dict_keys(['tutorial_taskflow_api_etl_virtualenv']) retrieved from /home/airflow/.local/lib/python3.7/site-packages/airflow/example_dags/tutorial_taskflow_api_etl_virtualenv.py
[2022-07-22 22:16:27,635] {logging_mixin.py:109} INFO - [2022-07-22 22:16:27,635] {dag.py:2396} INFO - Sync 1 DAGs
[2022-07-22 22:16:27,645] {logging_mixin.py:109} INFO - [2022-07-22 22:16:27,645] {dag.py:2935} INFO - Setting next_dagrun for tutorial_taskflow_api_etl_virtualenv to None
[2022-07-22 22:16:27,652] {processor.py:171} INFO - Processing /home/airflow/.local/lib/python3.7/site-packages/airflow/example_dags/tutorial_taskflow_api_etl_virtualenv.py took 0.262 seconds
[2022-07-22 22:16:57,759] {processor.py:163} INFO - Started process (PID=2295) to work on /home/airflow/.local/lib/python3.7/site-packages/airflow/example_dags/tutorial_taskflow_api_etl_virtualenv.py
[2022-07-22 22:16:57,759] {processor.py:642} INFO - Processing file /home/airflow/.local/lib/python3.7/site-packages/airflow/example_dags/tutorial_taskflow_api_etl_virtualenv.py for tasks to queue
[2022-07-22 22:16:57,760] {logging_mixin.py:109} INFO - [2022-07-22 22:16:57,760] {dagbag.py:500} INFO - Filling up the DagBag from /home/airflow/.local/lib/python3.7/site-packages/airflow/example_dags/tutorial_taskflow_api_etl_virtualenv.py
[2022-07-22 22:16:57,780] {processor.py:654} INFO - DAG(s) dict_keys(['tutorial_taskflow_api_etl_virtualenv']) retrieved from /home/airflow/.local/lib/python3.7/site-packages/airflow/example_dags/tutorial_taskflow_api_etl_virtualenv.py
[2022-07-22 22:16:58,002] {logging_mixin.py:109} INFO - [2022-07-22 22:16:58,002] {dag.py:2396} INFO - Sync 1 DAGs
[2022-07-22 22:16:58,012] {logging_mixin.py:109} INFO - [2022-07-22 22:16:58,012] {dag.py:2935} INFO - Setting next_dagrun for tutorial_taskflow_api_etl_virtualenv to None
[2022-07-22 22:16:58,019] {processor.py:171} INFO - Processing /home/airflow/.local/lib/python3.7/site-packages/airflow/example_dags/tutorial_taskflow_api_etl_virtualenv.py took 0.262 seconds
[2022-07-22 22:17:28,677] {processor.py:163} INFO - Started process (PID=2354) to work on /home/airflow/.local/lib/python3.7/site-packages/airflow/example_dags/tutorial_taskflow_api_etl_virtualenv.py
[2022-07-22 22:17:28,678] {processor.py:642} INFO - Processing file /home/airflow/.local/lib/python3.7/site-packages/airflow/example_dags/tutorial_taskflow_api_etl_virtualenv.py for tasks to queue
[2022-07-22 22:17:28,678] {logging_mixin.py:109} INFO - [2022-07-22 22:17:28,678] {dagbag.py:500} INFO - Filling up the DagBag from /home/airflow/.local/lib/python3.7/site-packages/airflow/example_dags/tutorial_taskflow_api_etl_virtualenv.py
[2022-07-22 22:17:28,697] {processor.py:654} INFO - DAG(s) dict_keys(['tutorial_taskflow_api_etl_virtualenv']) retrieved from /home/airflow/.local/lib/python3.7/site-packages/airflow/example_dags/tutorial_taskflow_api_etl_virtualenv.py
[2022-07-22 22:17:28,901] {logging_mixin.py:109} INFO - [2022-07-22 22:17:28,901] {dag.py:2396} INFO - Sync 1 DAGs
[2022-07-22 22:17:28,910] {logging_mixin.py:109} INFO - [2022-07-22 22:17:28,910] {dag.py:2935} INFO - Setting next_dagrun for tutorial_taskflow_api_etl_virtualenv to None
[2022-07-22 22:17:28,917] {processor.py:171} INFO - Processing /home/airflow/.local/lib/python3.7/site-packages/airflow/example_dags/tutorial_taskflow_api_etl_virtualenv.py took 0.242 seconds
[2022-07-22 22:17:59,311] {processor.py:163} INFO - Started process (PID=2404) to work on /home/airflow/.local/lib/python3.7/site-packages/airflow/example_dags/tutorial_taskflow_api_etl_virtualenv.py
[2022-07-22 22:17:59,311] {processor.py:642} INFO - Processing file /home/airflow/.local/lib/python3.7/site-packages/airflow/example_dags/tutorial_taskflow_api_etl_virtualenv.py for tasks to queue
[2022-07-22 22:17:59,311] {logging_mixin.py:109} INFO - [2022-07-22 22:17:59,311] {dagbag.py:500} INFO - Filling up the DagBag from /home/airflow/.local/lib/python3.7/site-packages/airflow/example_dags/tutorial_taskflow_api_etl_virtualenv.py
[2022-07-22 22:17:59,330] {processor.py:654} INFO - DAG(s) dict_keys(['tutorial_taskflow_api_etl_virtualenv']) retrieved from /home/airflow/.local/lib/python3.7/site-packages/airflow/example_dags/tutorial_taskflow_api_etl_virtualenv.py
[2022-07-22 22:17:59,537] {logging_mixin.py:109} INFO - [2022-07-22 22:17:59,537] {dag.py:2396} INFO - Sync 1 DAGs
[2022-07-22 22:17:59,547] {logging_mixin.py:109} INFO - [2022-07-22 22:17:59,547] {dag.py:2935} INFO - Setting next_dagrun for tutorial_taskflow_api_etl_virtualenv to None
[2022-07-22 22:17:59,554] {processor.py:171} INFO - Processing /home/airflow/.local/lib/python3.7/site-packages/airflow/example_dags/tutorial_taskflow_api_etl_virtualenv.py took 0.245 seconds
[2022-07-22 22:18:30,054] {processor.py:163} INFO - Started process (PID=2463) to work on /home/airflow/.local/lib/python3.7/site-packages/airflow/example_dags/tutorial_taskflow_api_etl_virtualenv.py
[2022-07-22 22:18:30,055] {processor.py:642} INFO - Processing file /home/airflow/.local/lib/python3.7/site-packages/airflow/example_dags/tutorial_taskflow_api_etl_virtualenv.py for tasks to queue
[2022-07-22 22:18:30,055] {logging_mixin.py:109} INFO - [2022-07-22 22:18:30,055] {dagbag.py:500} INFO - Filling up the DagBag from /home/airflow/.local/lib/python3.7/site-packages/airflow/example_dags/tutorial_taskflow_api_etl_virtualenv.py
[2022-07-22 22:18:30,073] {processor.py:654} INFO - DAG(s) dict_keys(['tutorial_taskflow_api_etl_virtualenv']) retrieved from /home/airflow/.local/lib/python3.7/site-packages/airflow/example_dags/tutorial_taskflow_api_etl_virtualenv.py
[2022-07-22 22:18:30,283] {logging_mixin.py:109} INFO - [2022-07-22 22:18:30,283] {dag.py:2396} INFO - Sync 1 DAGs
[2022-07-22 22:18:30,292] {logging_mixin.py:109} INFO - [2022-07-22 22:18:30,292] {dag.py:2935} INFO - Setting next_dagrun for tutorial_taskflow_api_etl_virtualenv to None
[2022-07-22 22:18:30,299] {processor.py:171} INFO - Processing /home/airflow/.local/lib/python3.7/site-packages/airflow/example_dags/tutorial_taskflow_api_etl_virtualenv.py took 0.247 seconds
[2022-07-22 22:19:00,889] {processor.py:163} INFO - Started process (PID=2522) to work on /home/airflow/.local/lib/python3.7/site-packages/airflow/example_dags/tutorial_taskflow_api_etl_virtualenv.py
[2022-07-22 22:19:00,890] {processor.py:642} INFO - Processing file /home/airflow/.local/lib/python3.7/site-packages/airflow/example_dags/tutorial_taskflow_api_etl_virtualenv.py for tasks to queue
[2022-07-22 22:19:00,890] {logging_mixin.py:109} INFO - [2022-07-22 22:19:00,890] {dagbag.py:500} INFO - Filling up the DagBag from /home/airflow/.local/lib/python3.7/site-packages/airflow/example_dags/tutorial_taskflow_api_etl_virtualenv.py
[2022-07-22 22:19:00,913] {processor.py:654} INFO - DAG(s) dict_keys(['tutorial_taskflow_api_etl_virtualenv']) retrieved from /home/airflow/.local/lib/python3.7/site-packages/airflow/example_dags/tutorial_taskflow_api_etl_virtualenv.py
[2022-07-22 22:19:01,151] {logging_mixin.py:109} INFO - [2022-07-22 22:19:01,151] {dag.py:2396} INFO - Sync 1 DAGs
[2022-07-22 22:19:01,177] {logging_mixin.py:109} INFO - [2022-07-22 22:19:01,177] {dag.py:2935} INFO - Setting next_dagrun for tutorial_taskflow_api_etl_virtualenv to None
[2022-07-22 22:19:01,187] {processor.py:171} INFO - Processing /home/airflow/.local/lib/python3.7/site-packages/airflow/example_dags/tutorial_taskflow_api_etl_virtualenv.py took 0.299 seconds
[2022-07-22 22:19:31,573] {processor.py:163} INFO - Started process (PID=2572) to work on /home/airflow/.local/lib/python3.7/site-packages/airflow/example_dags/tutorial_taskflow_api_etl_virtualenv.py
[2022-07-22 22:19:31,574] {processor.py:642} INFO - Processing file /home/airflow/.local/lib/python3.7/site-packages/airflow/example_dags/tutorial_taskflow_api_etl_virtualenv.py for tasks to queue
[2022-07-22 22:19:31,574] {logging_mixin.py:109} INFO - [2022-07-22 22:19:31,574] {dagbag.py:500} INFO - Filling up the DagBag from /home/airflow/.local/lib/python3.7/site-packages/airflow/example_dags/tutorial_taskflow_api_etl_virtualenv.py
[2022-07-22 22:19:31,593] {processor.py:654} INFO - DAG(s) dict_keys(['tutorial_taskflow_api_etl_virtualenv']) retrieved from /home/airflow/.local/lib/python3.7/site-packages/airflow/example_dags/tutorial_taskflow_api_etl_virtualenv.py
[2022-07-22 22:19:31,802] {logging_mixin.py:109} INFO - [2022-07-22 22:19:31,802] {dag.py:2396} INFO - Sync 1 DAGs
[2022-07-22 22:19:31,812] {logging_mixin.py:109} INFO - [2022-07-22 22:19:31,811] {dag.py:2935} INFO - Setting next_dagrun for tutorial_taskflow_api_etl_virtualenv to None
[2022-07-22 22:19:31,818] {processor.py:171} INFO - Processing /home/airflow/.local/lib/python3.7/site-packages/airflow/example_dags/tutorial_taskflow_api_etl_virtualenv.py took 0.247 seconds
[2022-07-22 22:20:02,601] {processor.py:163} INFO - Started process (PID=2631) to work on /home/airflow/.local/lib/python3.7/site-packages/airflow/example_dags/tutorial_taskflow_api_etl_virtualenv.py
[2022-07-22 22:20:02,602] {processor.py:642} INFO - Processing file /home/airflow/.local/lib/python3.7/site-packages/airflow/example_dags/tutorial_taskflow_api_etl_virtualenv.py for tasks to queue
[2022-07-22 22:20:02,602] {logging_mixin.py:109} INFO - [2022-07-22 22:20:02,602] {dagbag.py:500} INFO - Filling up the DagBag from /home/airflow/.local/lib/python3.7/site-packages/airflow/example_dags/tutorial_taskflow_api_etl_virtualenv.py
[2022-07-22 22:20:02,622] {processor.py:654} INFO - DAG(s) dict_keys(['tutorial_taskflow_api_etl_virtualenv']) retrieved from /home/airflow/.local/lib/python3.7/site-packages/airflow/example_dags/tutorial_taskflow_api_etl_virtualenv.py
[2022-07-22 22:20:02,828] {logging_mixin.py:109} INFO - [2022-07-22 22:20:02,828] {dag.py:2396} INFO - Sync 1 DAGs
[2022-07-22 22:20:02,837] {logging_mixin.py:109} INFO - [2022-07-22 22:20:02,837] {dag.py:2935} INFO - Setting next_dagrun for tutorial_taskflow_api_etl_virtualenv to None
[2022-07-22 22:20:02,844] {processor.py:171} INFO - Processing /home/airflow/.local/lib/python3.7/site-packages/airflow/example_dags/tutorial_taskflow_api_etl_virtualenv.py took 0.245 seconds
[2022-07-22 22:20:32,912] {processor.py:163} INFO - Started process (PID=2681) to work on /home/airflow/.local/lib/python3.7/site-packages/airflow/example_dags/tutorial_taskflow_api_etl_virtualenv.py
[2022-07-22 22:20:32,913] {processor.py:642} INFO - Processing file /home/airflow/.local/lib/python3.7/site-packages/airflow/example_dags/tutorial_taskflow_api_etl_virtualenv.py for tasks to queue
[2022-07-22 22:20:32,914] {logging_mixin.py:109} INFO - [2022-07-22 22:20:32,914] {dagbag.py:500} INFO - Filling up the DagBag from /home/airflow/.local/lib/python3.7/site-packages/airflow/example_dags/tutorial_taskflow_api_etl_virtualenv.py
[2022-07-22 22:20:32,933] {processor.py:654} INFO - DAG(s) dict_keys(['tutorial_taskflow_api_etl_virtualenv']) retrieved from /home/airflow/.local/lib/python3.7/site-packages/airflow/example_dags/tutorial_taskflow_api_etl_virtualenv.py
[2022-07-22 22:20:33,137] {logging_mixin.py:109} INFO - [2022-07-22 22:20:33,137] {dag.py:2396} INFO - Sync 1 DAGs
[2022-07-22 22:20:33,147] {logging_mixin.py:109} INFO - [2022-07-22 22:20:33,147] {dag.py:2935} INFO - Setting next_dagrun for tutorial_taskflow_api_etl_virtualenv to None
[2022-07-22 22:20:33,154] {processor.py:171} INFO - Processing /home/airflow/.local/lib/python3.7/site-packages/airflow/example_dags/tutorial_taskflow_api_etl_virtualenv.py took 0.244 seconds
[2022-07-22 22:21:03,233] {processor.py:163} INFO - Started process (PID=2740) to work on /home/airflow/.local/lib/python3.7/site-packages/airflow/example_dags/tutorial_taskflow_api_etl_virtualenv.py
[2022-07-22 22:21:03,234] {processor.py:642} INFO - Processing file /home/airflow/.local/lib/python3.7/site-packages/airflow/example_dags/tutorial_taskflow_api_etl_virtualenv.py for tasks to queue
[2022-07-22 22:21:03,234] {logging_mixin.py:109} INFO - [2022-07-22 22:21:03,234] {dagbag.py:500} INFO - Filling up the DagBag from /home/airflow/.local/lib/python3.7/site-packages/airflow/example_dags/tutorial_taskflow_api_etl_virtualenv.py
[2022-07-22 22:21:03,253] {processor.py:654} INFO - DAG(s) dict_keys(['tutorial_taskflow_api_etl_virtualenv']) retrieved from /home/airflow/.local/lib/python3.7/site-packages/airflow/example_dags/tutorial_taskflow_api_etl_virtualenv.py
[2022-07-22 22:21:03,457] {logging_mixin.py:109} INFO - [2022-07-22 22:21:03,457] {dag.py:2396} INFO - Sync 1 DAGs
[2022-07-22 22:21:03,467] {logging_mixin.py:109} INFO - [2022-07-22 22:21:03,467] {dag.py:2935} INFO - Setting next_dagrun for tutorial_taskflow_api_etl_virtualenv to None
[2022-07-22 22:21:03,475] {processor.py:171} INFO - Processing /home/airflow/.local/lib/python3.7/site-packages/airflow/example_dags/tutorial_taskflow_api_etl_virtualenv.py took 0.243 seconds
[2022-07-22 22:21:34,089] {processor.py:163} INFO - Started process (PID=2799) to work on /home/airflow/.local/lib/python3.7/site-packages/airflow/example_dags/tutorial_taskflow_api_etl_virtualenv.py
[2022-07-22 22:21:34,090] {processor.py:642} INFO - Processing file /home/airflow/.local/lib/python3.7/site-packages/airflow/example_dags/tutorial_taskflow_api_etl_virtualenv.py for tasks to queue
[2022-07-22 22:21:34,090] {logging_mixin.py:109} INFO - [2022-07-22 22:21:34,090] {dagbag.py:500} INFO - Filling up the DagBag from /home/airflow/.local/lib/python3.7/site-packages/airflow/example_dags/tutorial_taskflow_api_etl_virtualenv.py
[2022-07-22 22:21:34,113] {processor.py:654} INFO - DAG(s) dict_keys(['tutorial_taskflow_api_etl_virtualenv']) retrieved from /home/airflow/.local/lib/python3.7/site-packages/airflow/example_dags/tutorial_taskflow_api_etl_virtualenv.py
[2022-07-22 22:21:34,404] {logging_mixin.py:109} INFO - [2022-07-22 22:21:34,404] {dag.py:2396} INFO - Sync 1 DAGs
[2022-07-22 22:21:34,421] {logging_mixin.py:109} INFO - [2022-07-22 22:21:34,421] {dag.py:2935} INFO - Setting next_dagrun for tutorial_taskflow_api_etl_virtualenv to None
[2022-07-22 22:21:34,430] {processor.py:171} INFO - Processing /home/airflow/.local/lib/python3.7/site-packages/airflow/example_dags/tutorial_taskflow_api_etl_virtualenv.py took 0.343 seconds
[2022-07-22 22:22:04,774] {processor.py:163} INFO - Started process (PID=2849) to work on /home/airflow/.local/lib/python3.7/site-packages/airflow/example_dags/tutorial_taskflow_api_etl_virtualenv.py
[2022-07-22 22:22:04,775] {processor.py:642} INFO - Processing file /home/airflow/.local/lib/python3.7/site-packages/airflow/example_dags/tutorial_taskflow_api_etl_virtualenv.py for tasks to queue
[2022-07-22 22:22:04,775] {logging_mixin.py:109} INFO - [2022-07-22 22:22:04,775] {dagbag.py:500} INFO - Filling up the DagBag from /home/airflow/.local/lib/python3.7/site-packages/airflow/example_dags/tutorial_taskflow_api_etl_virtualenv.py
[2022-07-22 22:22:04,797] {processor.py:654} INFO - DAG(s) dict_keys(['tutorial_taskflow_api_etl_virtualenv']) retrieved from /home/airflow/.local/lib/python3.7/site-packages/airflow/example_dags/tutorial_taskflow_api_etl_virtualenv.py
[2022-07-22 22:22:05,006] {logging_mixin.py:109} INFO - [2022-07-22 22:22:05,006] {dag.py:2396} INFO - Sync 1 DAGs
[2022-07-22 22:22:05,017] {logging_mixin.py:109} INFO - [2022-07-22 22:22:05,017] {dag.py:2935} INFO - Setting next_dagrun for tutorial_taskflow_api_etl_virtualenv to None
[2022-07-22 22:22:05,024] {processor.py:171} INFO - Processing /home/airflow/.local/lib/python3.7/site-packages/airflow/example_dags/tutorial_taskflow_api_etl_virtualenv.py took 0.252 seconds
[2022-07-22 22:22:35,642] {processor.py:163} INFO - Started process (PID=2908) to work on /home/airflow/.local/lib/python3.7/site-packages/airflow/example_dags/tutorial_taskflow_api_etl_virtualenv.py
[2022-07-22 22:22:35,643] {processor.py:642} INFO - Processing file /home/airflow/.local/lib/python3.7/site-packages/airflow/example_dags/tutorial_taskflow_api_etl_virtualenv.py for tasks to queue
[2022-07-22 22:22:35,643] {logging_mixin.py:109} INFO - [2022-07-22 22:22:35,643] {dagbag.py:500} INFO - Filling up the DagBag from /home/airflow/.local/lib/python3.7/site-packages/airflow/example_dags/tutorial_taskflow_api_etl_virtualenv.py
[2022-07-22 22:22:35,729] {processor.py:654} INFO - DAG(s) dict_keys(['tutorial_taskflow_api_etl_virtualenv']) retrieved from /home/airflow/.local/lib/python3.7/site-packages/airflow/example_dags/tutorial_taskflow_api_etl_virtualenv.py
[2022-07-22 22:22:35,875] {logging_mixin.py:109} INFO - [2022-07-22 22:22:35,875] {dag.py:2396} INFO - Sync 1 DAGs
[2022-07-22 22:22:35,885] {logging_mixin.py:109} INFO - [2022-07-22 22:22:35,885] {dag.py:2935} INFO - Setting next_dagrun for tutorial_taskflow_api_etl_virtualenv to None
[2022-07-22 22:22:35,893] {processor.py:171} INFO - Processing /home/airflow/.local/lib/python3.7/site-packages/airflow/example_dags/tutorial_taskflow_api_etl_virtualenv.py took 0.252 seconds
[2022-07-22 22:23:06,182] {processor.py:163} INFO - Started process (PID=2958) to work on /home/airflow/.local/lib/python3.7/site-packages/airflow/example_dags/tutorial_taskflow_api_etl_virtualenv.py
[2022-07-22 22:23:06,182] {processor.py:642} INFO - Processing file /home/airflow/.local/lib/python3.7/site-packages/airflow/example_dags/tutorial_taskflow_api_etl_virtualenv.py for tasks to queue
[2022-07-22 22:23:06,183] {logging_mixin.py:109} INFO - [2022-07-22 22:23:06,183] {dagbag.py:500} INFO - Filling up the DagBag from /home/airflow/.local/lib/python3.7/site-packages/airflow/example_dags/tutorial_taskflow_api_etl_virtualenv.py
[2022-07-22 22:23:06,269] {processor.py:654} INFO - DAG(s) dict_keys(['tutorial_taskflow_api_etl_virtualenv']) retrieved from /home/airflow/.local/lib/python3.7/site-packages/airflow/example_dags/tutorial_taskflow_api_etl_virtualenv.py
[2022-07-22 22:23:06,409] {logging_mixin.py:109} INFO - [2022-07-22 22:23:06,409] {dag.py:2396} INFO - Sync 1 DAGs
[2022-07-22 22:23:06,419] {logging_mixin.py:109} INFO - [2022-07-22 22:23:06,419] {dag.py:2935} INFO - Setting next_dagrun for tutorial_taskflow_api_etl_virtualenv to None
[2022-07-22 22:23:06,426] {processor.py:171} INFO - Processing /home/airflow/.local/lib/python3.7/site-packages/airflow/example_dags/tutorial_taskflow_api_etl_virtualenv.py took 0.246 seconds
[2022-07-22 22:23:36,864] {processor.py:163} INFO - Started process (PID=3017) to work on /home/airflow/.local/lib/python3.7/site-packages/airflow/example_dags/tutorial_taskflow_api_etl_virtualenv.py
[2022-07-22 22:23:36,864] {processor.py:642} INFO - Processing file /home/airflow/.local/lib/python3.7/site-packages/airflow/example_dags/tutorial_taskflow_api_etl_virtualenv.py for tasks to queue
[2022-07-22 22:23:36,865] {logging_mixin.py:109} INFO - [2022-07-22 22:23:36,865] {dagbag.py:500} INFO - Filling up the DagBag from /home/airflow/.local/lib/python3.7/site-packages/airflow/example_dags/tutorial_taskflow_api_etl_virtualenv.py
[2022-07-22 22:23:36,953] {processor.py:654} INFO - DAG(s) dict_keys(['tutorial_taskflow_api_etl_virtualenv']) retrieved from /home/airflow/.local/lib/python3.7/site-packages/airflow/example_dags/tutorial_taskflow_api_etl_virtualenv.py
[2022-07-22 22:23:37,092] {logging_mixin.py:109} INFO - [2022-07-22 22:23:37,091] {dag.py:2396} INFO - Sync 1 DAGs
[2022-07-22 22:23:37,101] {logging_mixin.py:109} INFO - [2022-07-22 22:23:37,101] {dag.py:2935} INFO - Setting next_dagrun for tutorial_taskflow_api_etl_virtualenv to None
[2022-07-22 22:23:37,108] {processor.py:171} INFO - Processing /home/airflow/.local/lib/python3.7/site-packages/airflow/example_dags/tutorial_taskflow_api_etl_virtualenv.py took 0.246 seconds
[2022-07-22 22:24:07,872] {processor.py:163} INFO - Started process (PID=3076) to work on /home/airflow/.local/lib/python3.7/site-packages/airflow/example_dags/tutorial_taskflow_api_etl_virtualenv.py
[2022-07-22 22:24:07,873] {processor.py:642} INFO - Processing file /home/airflow/.local/lib/python3.7/site-packages/airflow/example_dags/tutorial_taskflow_api_etl_virtualenv.py for tasks to queue
[2022-07-22 22:24:07,873] {logging_mixin.py:109} INFO - [2022-07-22 22:24:07,873] {dagbag.py:500} INFO - Filling up the DagBag from /home/airflow/.local/lib/python3.7/site-packages/airflow/example_dags/tutorial_taskflow_api_etl_virtualenv.py
[2022-07-22 22:24:07,969] {processor.py:654} INFO - DAG(s) dict_keys(['tutorial_taskflow_api_etl_virtualenv']) retrieved from /home/airflow/.local/lib/python3.7/site-packages/airflow/example_dags/tutorial_taskflow_api_etl_virtualenv.py
[2022-07-22 22:24:08,110] {logging_mixin.py:109} INFO - [2022-07-22 22:24:08,110] {dag.py:2396} INFO - Sync 1 DAGs
[2022-07-22 22:24:08,120] {logging_mixin.py:109} INFO - [2022-07-22 22:24:08,120] {dag.py:2935} INFO - Setting next_dagrun for tutorial_taskflow_api_etl_virtualenv to None
[2022-07-22 22:24:08,128] {processor.py:171} INFO - Processing /home/airflow/.local/lib/python3.7/site-packages/airflow/example_dags/tutorial_taskflow_api_etl_virtualenv.py took 0.258 seconds
[2022-07-22 22:24:38,424] {processor.py:163} INFO - Started process (PID=3126) to work on /home/airflow/.local/lib/python3.7/site-packages/airflow/example_dags/tutorial_taskflow_api_etl_virtualenv.py
[2022-07-22 22:24:38,424] {processor.py:642} INFO - Processing file /home/airflow/.local/lib/python3.7/site-packages/airflow/example_dags/tutorial_taskflow_api_etl_virtualenv.py for tasks to queue
[2022-07-22 22:24:38,425] {logging_mixin.py:109} INFO - [2022-07-22 22:24:38,425] {dagbag.py:500} INFO - Filling up the DagBag from /home/airflow/.local/lib/python3.7/site-packages/airflow/example_dags/tutorial_taskflow_api_etl_virtualenv.py
[2022-07-22 22:24:38,514] {processor.py:654} INFO - DAG(s) dict_keys(['tutorial_taskflow_api_etl_virtualenv']) retrieved from /home/airflow/.local/lib/python3.7/site-packages/airflow/example_dags/tutorial_taskflow_api_etl_virtualenv.py
[2022-07-22 22:24:38,655] {logging_mixin.py:109} INFO - [2022-07-22 22:24:38,655] {dag.py:2396} INFO - Sync 1 DAGs
[2022-07-22 22:24:38,664] {logging_mixin.py:109} INFO - [2022-07-22 22:24:38,664] {dag.py:2935} INFO - Setting next_dagrun for tutorial_taskflow_api_etl_virtualenv to None
[2022-07-22 22:24:38,671] {processor.py:171} INFO - Processing /home/airflow/.local/lib/python3.7/site-packages/airflow/example_dags/tutorial_taskflow_api_etl_virtualenv.py took 0.249 seconds
[2022-07-22 22:25:09,078] {processor.py:163} INFO - Started process (PID=3184) to work on /home/airflow/.local/lib/python3.7/site-packages/airflow/example_dags/tutorial_taskflow_api_etl_virtualenv.py
[2022-07-22 22:25:09,079] {processor.py:642} INFO - Processing file /home/airflow/.local/lib/python3.7/site-packages/airflow/example_dags/tutorial_taskflow_api_etl_virtualenv.py for tasks to queue
[2022-07-22 22:25:09,079] {logging_mixin.py:109} INFO - [2022-07-22 22:25:09,079] {dagbag.py:500} INFO - Filling up the DagBag from /home/airflow/.local/lib/python3.7/site-packages/airflow/example_dags/tutorial_taskflow_api_etl_virtualenv.py
[2022-07-22 22:25:09,160] {processor.py:654} INFO - DAG(s) dict_keys(['tutorial_taskflow_api_etl_virtualenv']) retrieved from /home/airflow/.local/lib/python3.7/site-packages/airflow/example_dags/tutorial_taskflow_api_etl_virtualenv.py
[2022-07-22 22:25:09,298] {logging_mixin.py:109} INFO - [2022-07-22 22:25:09,298] {dag.py:2396} INFO - Sync 1 DAGs
[2022-07-22 22:25:09,308] {logging_mixin.py:109} INFO - [2022-07-22 22:25:09,308] {dag.py:2935} INFO - Setting next_dagrun for tutorial_taskflow_api_etl_virtualenv to None
[2022-07-22 22:25:09,314] {processor.py:171} INFO - Processing /home/airflow/.local/lib/python3.7/site-packages/airflow/example_dags/tutorial_taskflow_api_etl_virtualenv.py took 0.238 seconds
[2022-07-22 22:25:39,763] {processor.py:163} INFO - Started process (PID=3234) to work on /home/airflow/.local/lib/python3.7/site-packages/airflow/example_dags/tutorial_taskflow_api_etl_virtualenv.py
[2022-07-22 22:25:39,763] {processor.py:642} INFO - Processing file /home/airflow/.local/lib/python3.7/site-packages/airflow/example_dags/tutorial_taskflow_api_etl_virtualenv.py for tasks to queue
[2022-07-22 22:25:39,763] {logging_mixin.py:109} INFO - [2022-07-22 22:25:39,763] {dagbag.py:500} INFO - Filling up the DagBag from /home/airflow/.local/lib/python3.7/site-packages/airflow/example_dags/tutorial_taskflow_api_etl_virtualenv.py
[2022-07-22 22:25:39,782] {processor.py:654} INFO - DAG(s) dict_keys(['tutorial_taskflow_api_etl_virtualenv']) retrieved from /home/airflow/.local/lib/python3.7/site-packages/airflow/example_dags/tutorial_taskflow_api_etl_virtualenv.py
[2022-07-22 22:25:39,924] {logging_mixin.py:109} INFO - [2022-07-22 22:25:39,924] {dag.py:2396} INFO - Sync 1 DAGs
[2022-07-22 22:25:39,935] {logging_mixin.py:109} INFO - [2022-07-22 22:25:39,935] {dag.py:2935} INFO - Setting next_dagrun for tutorial_taskflow_api_etl_virtualenv to None
[2022-07-22 22:25:39,942] {processor.py:171} INFO - Processing /home/airflow/.local/lib/python3.7/site-packages/airflow/example_dags/tutorial_taskflow_api_etl_virtualenv.py took 0.181 seconds
[2022-07-22 22:26:10,254] {processor.py:163} INFO - Started process (PID=3293) to work on /home/airflow/.local/lib/python3.7/site-packages/airflow/example_dags/tutorial_taskflow_api_etl_virtualenv.py
[2022-07-22 22:26:10,255] {processor.py:642} INFO - Processing file /home/airflow/.local/lib/python3.7/site-packages/airflow/example_dags/tutorial_taskflow_api_etl_virtualenv.py for tasks to queue
[2022-07-22 22:26:10,255] {logging_mixin.py:109} INFO - [2022-07-22 22:26:10,255] {dagbag.py:500} INFO - Filling up the DagBag from /home/airflow/.local/lib/python3.7/site-packages/airflow/example_dags/tutorial_taskflow_api_etl_virtualenv.py
[2022-07-22 22:26:10,276] {processor.py:654} INFO - DAG(s) dict_keys(['tutorial_taskflow_api_etl_virtualenv']) retrieved from /home/airflow/.local/lib/python3.7/site-packages/airflow/example_dags/tutorial_taskflow_api_etl_virtualenv.py
[2022-07-22 22:26:10,415] {logging_mixin.py:109} INFO - [2022-07-22 22:26:10,415] {dag.py:2396} INFO - Sync 1 DAGs
[2022-07-22 22:26:10,425] {logging_mixin.py:109} INFO - [2022-07-22 22:26:10,425] {dag.py:2935} INFO - Setting next_dagrun for tutorial_taskflow_api_etl_virtualenv to None
[2022-07-22 22:26:10,432] {processor.py:171} INFO - Processing /home/airflow/.local/lib/python3.7/site-packages/airflow/example_dags/tutorial_taskflow_api_etl_virtualenv.py took 0.180 seconds
[2022-07-22 22:26:40,718] {processor.py:163} INFO - Started process (PID=3352) to work on /home/airflow/.local/lib/python3.7/site-packages/airflow/example_dags/tutorial_taskflow_api_etl_virtualenv.py
[2022-07-22 22:26:40,718] {processor.py:642} INFO - Processing file /home/airflow/.local/lib/python3.7/site-packages/airflow/example_dags/tutorial_taskflow_api_etl_virtualenv.py for tasks to queue
[2022-07-22 22:26:40,719] {logging_mixin.py:109} INFO - [2022-07-22 22:26:40,719] {dagbag.py:500} INFO - Filling up the DagBag from /home/airflow/.local/lib/python3.7/site-packages/airflow/example_dags/tutorial_taskflow_api_etl_virtualenv.py
[2022-07-22 22:26:40,740] {processor.py:654} INFO - DAG(s) dict_keys(['tutorial_taskflow_api_etl_virtualenv']) retrieved from /home/airflow/.local/lib/python3.7/site-packages/airflow/example_dags/tutorial_taskflow_api_etl_virtualenv.py
[2022-07-22 22:26:40,885] {logging_mixin.py:109} INFO - [2022-07-22 22:26:40,885] {dag.py:2396} INFO - Sync 1 DAGs
[2022-07-22 22:26:40,895] {logging_mixin.py:109} INFO - [2022-07-22 22:26:40,895] {dag.py:2935} INFO - Setting next_dagrun for tutorial_taskflow_api_etl_virtualenv to None
[2022-07-22 22:26:40,902] {processor.py:171} INFO - Processing /home/airflow/.local/lib/python3.7/site-packages/airflow/example_dags/tutorial_taskflow_api_etl_virtualenv.py took 0.186 seconds
[2022-07-22 22:27:11,137] {processor.py:163} INFO - Started process (PID=3402) to work on /home/airflow/.local/lib/python3.7/site-packages/airflow/example_dags/tutorial_taskflow_api_etl_virtualenv.py
[2022-07-22 22:27:11,137] {processor.py:642} INFO - Processing file /home/airflow/.local/lib/python3.7/site-packages/airflow/example_dags/tutorial_taskflow_api_etl_virtualenv.py for tasks to queue
[2022-07-22 22:27:11,138] {logging_mixin.py:109} INFO - [2022-07-22 22:27:11,138] {dagbag.py:500} INFO - Filling up the DagBag from /home/airflow/.local/lib/python3.7/site-packages/airflow/example_dags/tutorial_taskflow_api_etl_virtualenv.py
[2022-07-22 22:27:11,157] {processor.py:654} INFO - DAG(s) dict_keys(['tutorial_taskflow_api_etl_virtualenv']) retrieved from /home/airflow/.local/lib/python3.7/site-packages/airflow/example_dags/tutorial_taskflow_api_etl_virtualenv.py
[2022-07-22 22:27:11,299] {logging_mixin.py:109} INFO - [2022-07-22 22:27:11,299] {dag.py:2396} INFO - Sync 1 DAGs
[2022-07-22 22:27:11,309] {logging_mixin.py:109} INFO - [2022-07-22 22:27:11,309] {dag.py:2935} INFO - Setting next_dagrun for tutorial_taskflow_api_etl_virtualenv to None
[2022-07-22 22:27:11,316] {processor.py:171} INFO - Processing /home/airflow/.local/lib/python3.7/site-packages/airflow/example_dags/tutorial_taskflow_api_etl_virtualenv.py took 0.181 seconds
[2022-07-22 22:27:41,553] {processor.py:163} INFO - Started process (PID=3461) to work on /home/airflow/.local/lib/python3.7/site-packages/airflow/example_dags/tutorial_taskflow_api_etl_virtualenv.py
[2022-07-22 22:27:41,554] {processor.py:642} INFO - Processing file /home/airflow/.local/lib/python3.7/site-packages/airflow/example_dags/tutorial_taskflow_api_etl_virtualenv.py for tasks to queue
[2022-07-22 22:27:41,554] {logging_mixin.py:109} INFO - [2022-07-22 22:27:41,554] {dagbag.py:500} INFO - Filling up the DagBag from /home/airflow/.local/lib/python3.7/site-packages/airflow/example_dags/tutorial_taskflow_api_etl_virtualenv.py
[2022-07-22 22:27:41,577] {processor.py:654} INFO - DAG(s) dict_keys(['tutorial_taskflow_api_etl_virtualenv']) retrieved from /home/airflow/.local/lib/python3.7/site-packages/airflow/example_dags/tutorial_taskflow_api_etl_virtualenv.py
[2022-07-22 22:27:41,584] {logging_mixin.py:109} INFO - [2022-07-22 22:27:41,583] {dag.py:2396} INFO - Sync 1 DAGs
[2022-07-22 22:27:41,596] {logging_mixin.py:109} INFO - [2022-07-22 22:27:41,596] {dag.py:2935} INFO - Setting next_dagrun for tutorial_taskflow_api_etl_virtualenv to None
[2022-07-22 22:27:41,602] {processor.py:171} INFO - Processing /home/airflow/.local/lib/python3.7/site-packages/airflow/example_dags/tutorial_taskflow_api_etl_virtualenv.py took 0.051 seconds
[2022-07-22 22:28:11,778] {processor.py:163} INFO - Started process (PID=3511) to work on /home/airflow/.local/lib/python3.7/site-packages/airflow/example_dags/tutorial_taskflow_api_etl_virtualenv.py
[2022-07-22 22:28:11,779] {processor.py:642} INFO - Processing file /home/airflow/.local/lib/python3.7/site-packages/airflow/example_dags/tutorial_taskflow_api_etl_virtualenv.py for tasks to queue
[2022-07-22 22:28:11,779] {logging_mixin.py:109} INFO - [2022-07-22 22:28:11,779] {dagbag.py:500} INFO - Filling up the DagBag from /home/airflow/.local/lib/python3.7/site-packages/airflow/example_dags/tutorial_taskflow_api_etl_virtualenv.py
[2022-07-22 22:28:11,798] {processor.py:654} INFO - DAG(s) dict_keys(['tutorial_taskflow_api_etl_virtualenv']) retrieved from /home/airflow/.local/lib/python3.7/site-packages/airflow/example_dags/tutorial_taskflow_api_etl_virtualenv.py
[2022-07-22 22:28:11,945] {logging_mixin.py:109} INFO - [2022-07-22 22:28:11,945] {dag.py:2396} INFO - Sync 1 DAGs
[2022-07-22 22:28:11,955] {logging_mixin.py:109} INFO - [2022-07-22 22:28:11,955] {dag.py:2935} INFO - Setting next_dagrun for tutorial_taskflow_api_etl_virtualenv to None
[2022-07-22 22:28:11,962] {processor.py:171} INFO - Processing /home/airflow/.local/lib/python3.7/site-packages/airflow/example_dags/tutorial_taskflow_api_etl_virtualenv.py took 0.186 seconds
