[2022-08-08 22:27:57,492] {taskinstance.py:1032} INFO - Dependencies all met for <TaskInstance: data_ingestion_gcs_dag.bigquery_external_table_task backfill__2019-01-20T00:00:00+00:00 [queued]>
[2022-08-08 22:27:57,499] {taskinstance.py:1032} INFO - Dependencies all met for <TaskInstance: data_ingestion_gcs_dag.bigquery_external_table_task backfill__2019-01-20T00:00:00+00:00 [queued]>
[2022-08-08 22:27:57,499] {taskinstance.py:1238} INFO - 
--------------------------------------------------------------------------------
[2022-08-08 22:27:57,500] {taskinstance.py:1239} INFO - Starting attempt 1 of 2
[2022-08-08 22:27:57,500] {taskinstance.py:1240} INFO - 
--------------------------------------------------------------------------------
[2022-08-08 22:27:57,507] {taskinstance.py:1259} INFO - Executing <Task(BigQueryCreateExternalTableOperator): bigquery_external_table_task> on 2019-01-20 00:00:00+00:00
[2022-08-08 22:27:57,514] {standard_task_runner.py:52} INFO - Started process 1450 to run task
[2022-08-08 22:27:57,516] {standard_task_runner.py:76} INFO - Running: ['***', 'tasks', 'run', 'data_ingestion_gcs_dag', 'bigquery_external_table_task', 'backfill__2019-01-20T00:00:00+00:00', '--job-id', '64', '--pool', 'default_pool', '--raw', '--subdir', 'DAGS_FOLDER/data_ingestion_dag.py', '--cfg-path', '/tmp/tmp7jg_kx22', '--error-file', '/tmp/tmpm66cd36r']
[2022-08-08 22:27:57,517] {standard_task_runner.py:77} INFO - Job 64: Subtask bigquery_external_table_task
[2022-08-08 22:27:57,559] {logging_mixin.py:109} INFO - Running <TaskInstance: data_ingestion_gcs_dag.bigquery_external_table_task backfill__2019-01-20T00:00:00+00:00 [running]> on host 049be7f17d30
[2022-08-08 22:27:57,601] {taskinstance.py:1426} INFO - Exporting the following env vars:
AIRFLOW_CTX_DAG_OWNER=***
AIRFLOW_CTX_DAG_ID=data_ingestion_gcs_dag
AIRFLOW_CTX_TASK_ID=bigquery_external_table_task
AIRFLOW_CTX_EXECUTION_DATE=2019-01-20T00:00:00+00:00
AIRFLOW_CTX_DAG_RUN_ID=backfill__2019-01-20T00:00:00+00:00
[2022-08-08 22:27:57,602] {crypto.py:82} WARNING - empty cryptography key - values will not be stored encrypted.
[2022-08-08 22:27:58,004] {taskinstance.py:1277} INFO - Marking task as SUCCESS. dag_id=data_ingestion_gcs_dag, task_id=bigquery_external_table_task, execution_date=20190120T000000, start_date=20220808T222757, end_date=20220808T222758
[2022-08-08 22:27:58,049] {local_task_job.py:154} INFO - Task exited with return code 0
[2022-08-08 22:27:58,081] {local_task_job.py:264} INFO - 0 downstream tasks scheduled from follow-on schedule check
[2022-08-08 22:27:58,100] {dagrun.py:545} INFO - Marking run <DagRun data_ingestion_gcs_dag @ 2019-01-20 00:00:00+00:00: backfill__2019-01-20T00:00:00+00:00, externally triggered: False> successful
[2022-08-08 22:27:58,100] {dagrun.py:605} INFO - DagRun Finished: dag_id=data_ingestion_gcs_dag, execution_date=2019-01-20 00:00:00+00:00, run_id=backfill__2019-01-20T00:00:00+00:00, run_start_date=2022-08-08 22:27:32.962180+00:00, run_end_date=2022-08-08 22:27:58.100420+00:00, run_duration=25.13824, state=success, external_trigger=False, run_type=backfill, data_interval_start=2019-01-20 00:00:00+00:00, data_interval_end=2019-01-21 00:00:00+00:00, dag_hash=None
