[2022-08-08 22:27:07,429] {taskinstance.py:1032} INFO - Dependencies all met for <TaskInstance: data_ingestion_gcs_dag.download_dataset_task backfill__2019-01-19T00:00:00+00:00 [queued]>
[2022-08-08 22:27:07,436] {taskinstance.py:1032} INFO - Dependencies all met for <TaskInstance: data_ingestion_gcs_dag.download_dataset_task backfill__2019-01-19T00:00:00+00:00 [queued]>
[2022-08-08 22:27:07,437] {taskinstance.py:1238} INFO - 
--------------------------------------------------------------------------------
[2022-08-08 22:27:07,437] {taskinstance.py:1239} INFO - Starting attempt 1 of 2
[2022-08-08 22:27:07,437] {taskinstance.py:1240} INFO - 
--------------------------------------------------------------------------------
[2022-08-08 22:27:07,444] {taskinstance.py:1259} INFO - Executing <Task(BashOperator): download_dataset_task> on 2019-01-19 00:00:00+00:00
[2022-08-08 22:27:07,451] {standard_task_runner.py:52} INFO - Started process 1393 to run task
[2022-08-08 22:27:07,453] {standard_task_runner.py:76} INFO - Running: ['***', 'tasks', 'run', 'data_ingestion_gcs_dag', 'download_dataset_task', 'backfill__2019-01-19T00:00:00+00:00', '--job-id', '59', '--pool', 'default_pool', '--raw', '--subdir', 'DAGS_FOLDER/data_ingestion_dag.py', '--cfg-path', '/tmp/tmpf58hbrf7', '--error-file', '/tmp/tmpqxc0_a6p']
[2022-08-08 22:27:07,454] {standard_task_runner.py:77} INFO - Job 59: Subtask download_dataset_task
[2022-08-08 22:27:07,496] {logging_mixin.py:109} INFO - Running <TaskInstance: data_ingestion_gcs_dag.download_dataset_task backfill__2019-01-19T00:00:00+00:00 [running]> on host 049be7f17d30
[2022-08-08 22:27:07,536] {taskinstance.py:1426} INFO - Exporting the following env vars:
AIRFLOW_CTX_DAG_OWNER=***
AIRFLOW_CTX_DAG_ID=data_ingestion_gcs_dag
AIRFLOW_CTX_TASK_ID=download_dataset_task
AIRFLOW_CTX_EXECUTION_DATE=2019-01-19T00:00:00+00:00
AIRFLOW_CTX_DAG_RUN_ID=backfill__2019-01-19T00:00:00+00:00
[2022-08-08 22:27:07,537] {subprocess.py:62} INFO - Tmp dir root location: 
 /tmp
[2022-08-08 22:27:07,537] {subprocess.py:74} INFO - Running command: ['bash', '-c', 'curl -sSL https://d37ci6vzurychx.cloudfront.net/trip-data/yellow_tripdata_2021-01.parquet > /opt/***/yellow_tripdata_2021-01.parquet']
[2022-08-08 22:27:07,551] {subprocess.py:85} INFO - Output:
[2022-08-08 22:27:07,816] {subprocess.py:93} INFO - Command exited with return code 0
[2022-08-08 22:27:07,838] {taskinstance.py:1277} INFO - Marking task as SUCCESS. dag_id=data_ingestion_gcs_dag, task_id=download_dataset_task, execution_date=20190119T000000, start_date=20220808T222707, end_date=20220808T222707
[2022-08-08 22:27:07,865] {local_task_job.py:154} INFO - Task exited with return code 0
[2022-08-08 22:27:07,909] {local_task_job.py:264} INFO - 0 downstream tasks scheduled from follow-on schedule check
