[2022-07-30 16:32:45,706] {taskinstance.py:1032} INFO - Dependencies all met for <TaskInstance: data_ingestion_gcs_dag.format_to_parquet_task manual__2022-07-30T16:27:34.781828+00:00 [queued]>
[2022-07-30 16:32:45,714] {taskinstance.py:1032} INFO - Dependencies all met for <TaskInstance: data_ingestion_gcs_dag.format_to_parquet_task manual__2022-07-30T16:27:34.781828+00:00 [queued]>
[2022-07-30 16:32:45,714] {taskinstance.py:1238} INFO - 
--------------------------------------------------------------------------------
[2022-07-30 16:32:45,714] {taskinstance.py:1239} INFO - Starting attempt 1 of 2
[2022-07-30 16:32:45,714] {taskinstance.py:1240} INFO - 
--------------------------------------------------------------------------------
[2022-07-30 16:32:45,723] {taskinstance.py:1259} INFO - Executing <Task(PythonOperator): format_to_parquet_task> on 2022-07-30 16:27:34.781828+00:00
[2022-07-30 16:32:45,729] {standard_task_runner.py:52} INFO - Started process 373 to run task
[2022-07-30 16:32:45,732] {standard_task_runner.py:76} INFO - Running: ['***', 'tasks', 'run', 'data_ingestion_gcs_dag', 'format_to_parquet_task', 'manual__2022-07-30T16:27:34.781828+00:00', '--job-id', '9', '--raw', '--subdir', 'DAGS_FOLDER/data_ingestion_gcs_dag.py', '--cfg-path', '/tmp/tmpat9f3_e2', '--error-file', '/tmp/tmp89c98gey']
[2022-07-30 16:32:45,732] {standard_task_runner.py:77} INFO - Job 9: Subtask format_to_parquet_task
[2022-07-30 16:32:45,764] {logging_mixin.py:109} INFO - Running <TaskInstance: data_ingestion_gcs_dag.format_to_parquet_task manual__2022-07-30T16:27:34.781828+00:00 [running]> on host cabe1fce590a
[2022-07-30 16:32:45,800] {taskinstance.py:1426} INFO - Exporting the following env vars:
AIRFLOW_CTX_DAG_OWNER=***
AIRFLOW_CTX_DAG_ID=data_ingestion_gcs_dag
AIRFLOW_CTX_TASK_ID=format_to_parquet_task
AIRFLOW_CTX_EXECUTION_DATE=2022-07-30T16:27:34.781828+00:00
AIRFLOW_CTX_DAG_RUN_ID=manual__2022-07-30T16:27:34.781828+00:00
[2022-07-30 16:32:45,839] {python.py:175} INFO - Done. Returned value was: None
[2022-07-30 16:32:45,848] {taskinstance.py:1277} INFO - Marking task as SUCCESS. dag_id=data_ingestion_gcs_dag, task_id=format_to_parquet_task, execution_date=20220730T162734, start_date=20220730T163245, end_date=20220730T163245
[2022-07-30 16:32:45,863] {local_task_job.py:154} INFO - Task exited with return code 0
[2022-07-30 16:32:45,890] {local_task_job.py:264} INFO - 1 downstream tasks scheduled from follow-on schedule check
