[2022-08-08 22:21:37,072] {taskinstance.py:1032} INFO - Dependencies all met for <TaskInstance: data_ingestion_gcs_dag.download_dataset_task backfill__2019-01-09T00:00:00+00:00 [queued]>
[2022-08-08 22:21:37,079] {taskinstance.py:1032} INFO - Dependencies all met for <TaskInstance: data_ingestion_gcs_dag.download_dataset_task backfill__2019-01-09T00:00:00+00:00 [queued]>
[2022-08-08 22:21:37,079] {taskinstance.py:1238} INFO - 
--------------------------------------------------------------------------------
[2022-08-08 22:21:37,079] {taskinstance.py:1239} INFO - Starting attempt 1 of 2
[2022-08-08 22:21:37,079] {taskinstance.py:1240} INFO - 
--------------------------------------------------------------------------------
[2022-08-08 22:21:37,087] {taskinstance.py:1259} INFO - Executing <Task(BashOperator): download_dataset_task> on 2019-01-09 00:00:00+00:00
[2022-08-08 22:21:37,093] {standard_task_runner.py:52} INFO - Started process 1016 to run task
[2022-08-08 22:21:37,095] {standard_task_runner.py:76} INFO - Running: ['***', 'tasks', 'run', 'data_ingestion_gcs_dag', 'download_dataset_task', 'backfill__2019-01-09T00:00:00+00:00', '--job-id', '26', '--pool', 'default_pool', '--raw', '--subdir', 'DAGS_FOLDER/data_ingestion_dag.py', '--cfg-path', '/tmp/tmpwv1bjg31', '--error-file', '/tmp/tmpmc4k5f5b']
[2022-08-08 22:21:37,096] {standard_task_runner.py:77} INFO - Job 26: Subtask download_dataset_task
[2022-08-08 22:21:37,139] {logging_mixin.py:109} INFO - Running <TaskInstance: data_ingestion_gcs_dag.download_dataset_task backfill__2019-01-09T00:00:00+00:00 [running]> on host 049be7f17d30
[2022-08-08 22:21:37,186] {taskinstance.py:1426} INFO - Exporting the following env vars:
AIRFLOW_CTX_DAG_OWNER=***
AIRFLOW_CTX_DAG_ID=data_ingestion_gcs_dag
AIRFLOW_CTX_TASK_ID=download_dataset_task
AIRFLOW_CTX_EXECUTION_DATE=2019-01-09T00:00:00+00:00
AIRFLOW_CTX_DAG_RUN_ID=backfill__2019-01-09T00:00:00+00:00
[2022-08-08 22:21:37,187] {subprocess.py:62} INFO - Tmp dir root location: 
 /tmp
[2022-08-08 22:21:37,188] {subprocess.py:74} INFO - Running command: ['bash', '-c', 'curl -sSL https://d37ci6vzurychx.cloudfront.net/trip-data/yellow_tripdata_2021-01.parquet > /opt/***/yellow_tripdata_2021-01.parquet']
[2022-08-08 22:21:37,199] {subprocess.py:85} INFO - Output:
[2022-08-08 22:21:37,614] {subprocess.py:93} INFO - Command exited with return code 0
[2022-08-08 22:21:37,634] {taskinstance.py:1277} INFO - Marking task as SUCCESS. dag_id=data_ingestion_gcs_dag, task_id=download_dataset_task, execution_date=20190109T000000, start_date=20220808T222137, end_date=20220808T222137
[2022-08-08 22:21:37,668] {local_task_job.py:154} INFO - Task exited with return code 0
[2022-08-08 22:21:37,692] {local_task_job.py:264} INFO - 0 downstream tasks scheduled from follow-on schedule check
